<?xml version="1.0" encoding="UTF-8" ?>
<testsuite errors="0" failures="0" hostname="btodorov-PC" name="nl.tudelft.rdfgears.tests.core.TestCoreFunctions" tests="2" time="0.419" timestamp="2013-04-03T10:25:52">
  <properties>
    <property name="java.vendor" value="Sun Microsystems Inc." />
    <property name="sun.java.launcher" value="SUN_STANDARD" />
    <property name="sun.management.compiler" value="HotSpot 64-Bit Tiered Compilers" />
    <property name="ant.file.RDFGears_RGL" value="E:\Repositories\rdf-gears-warsaw\build.xml" />
    <property name="env.PROMPT" value="$P$G" />
    <property name="ant.file.type.RDFGears_RGL" value="file" />
    <property name="os.name" value="Windows 7" />
    <property name="env.FP_NO_HOST_CHECK" value="NO" />
    <property name="sun.boot.class.path" value="C:\Program Files\Java\jdk1.6.0_26\jre\lib\resources.jar;C:\Program Files\Java\jdk1.6.0_26\jre\lib\rt.jar;C:\Program Files\Java\jdk1.6.0_26\jre\lib\sunrsasign.jar;C:\Program Files\Java\jdk1.6.0_26\jre\lib\jsse.jar;C:\Program Files\Java\jdk1.6.0_26\jre\lib\jce.jar;C:\Program Files\Java\jdk1.6.0_26\jre\lib\charsets.jar;C:\Program Files\Java\jdk1.6.0_26\jre\lib\modules\jdk.boot.jar;C:\Program Files\Java\jdk1.6.0_26\jre\classes" />
    <property name="env.COMPUTERNAME" value="BTODOROV-PC" />
    <property name="env.CommonProgramW6432" value="C:\Program Files\Common Files" />
    <property name="env.ALLUSERSPROFILE" value="C:\ProgramData" />
    <property name="sun.desktop" value="windows" />
    <property name="java.vm.specification.vendor" value="Sun Microsystems Inc." />
    <property name="ant.home" value="E:\Programs\apache-ant-1.8.2\bin\.." />
    <property name="java.runtime.version" value="1.6.0_26-b03" />
    <property name="env.HOMEPATH" value="\Users\btodorov" />
    <property name="user.name" value="btodorov" />
    <property name="user.language" value="en" />
    <property name="sun.boot.library.path" value="C:\Program Files\Java\jdk1.6.0_26\jre\bin" />
    <property name="ant.project.default-target" value="build" />
    <property name="ant.project.name" value="RDFGears_RGL" />
    <property name="java.version" value="1.6.0_26" />
    <property name="env.PROCESSOR_IDENTIFIER" value="Intel64 Family 6 Model 42 Stepping 7, GenuineIntel" />
    <property name="user.timezone" value="" />
    <property name="env.TEMP" value="C:\Users\btodorov\AppData\Local\Temp" />
    <property name="sun.arch.data.model" value="64" />
    <property name="java.endorsed.dirs" value="C:\Program Files\Java\jdk1.6.0_26\jre\lib\endorsed" />
    <property name="env._JAVACMD" value="C:\Program Files\Java\jdk1.6.0_26\bin\java.exe" />
    <property name="sun.cpu.isalist" value="amd64" />
    <property name="env.HOMEDRIVE" value="C:" />
    <property name="sun.jnu.encoding" value="Cp1252" />
    <property name="file.encoding.pkg" value="sun.io" />
    <property name="ECLIPSE_HOME" value="../../../../opt/eclipse" />
    <property name="file.separator" value="\" />
    <property name="java.specification.name" value="Java Platform API Specification" />
    <property name="java.class.version" value="50.0" />
    <property name="user.country" value="US" />
    <property name="java.home" value="C:\Program Files\Java\jdk1.6.0_26\jre" />
    <property name="env.PSModulePath" value="C:\Windows\system32\WindowsPowerShell\v1.0\Modules\" />
    <property name="env.ANDROID_HOME" value="E:\IDE\android-sdk" />
    <property name="env.APPDATA" value="C:\Users\btodorov\AppData\Roaming" />
    <property name="env.PUBLIC" value="C:\Users\Public" />
    <property name="java.vm.info" value="mixed mode" />
    <property name="env.ComSpec" value="C:\Windows\system32\cmd.exe" />
    <property name="env.OS" value="Windows_NT" />
    <property name="env.CommonProgramFiles" value="C:\Program Files\Common Files" />
    <property name="ant.file" value="E:\Repositories\rdf-gears-warsaw\build.xml" />
    <property name="os.version" value="6.1" />
    <property name="env.ProgramW6432" value="C:\Program Files" />
    <property name="env._USE_CLASSPATH" value="no" />
    <property name="env.=::" value="::\" />
    <property name="path.separator" value=";" />
    <property name="java.vm.version" value="20.1-b02" />
    <property name="user.variant" value="" />
    <property name="env.USERPROFILE" value="C:\Users\btodorov" />
    <property name="ant.library.dir" value="E:\Programs\apache-ant-1.8.2\lib" />
    <property name="junit.output.dir" value="junit" />
    <property name="env.JAVA_HOME" value="C:\Program Files\Java\jdk1.6.0_26" />
    <property name="java.awt.printerjob" value="sun.awt.windows.WPrinterJob" />
    <property name="env.TMP" value="C:\Users\btodorov\AppData\Local\Temp" />
    <property name="sun.io.unicode.encoding" value="UnicodeLittle" />
    <property name="awt.toolkit" value="sun.awt.windows.WToolkit" />
    <property name="user.home" value="C:\Users\btodorov" />
    <property name="target" value="1.6" />
    <property name="env.ProgramData" value="C:\ProgramData" />
    <property name="env.SESSIONNAME" value="Console" />
    <property name="env.ProgramFiles(x86)" value="C:\Program Files (x86)" />
    <property name="java.specification.vendor" value="Sun Microsystems Inc." />
    <property name="java.library.path" value="C:\Program Files\Java\jdk1.6.0_26\jre\bin;C:\Windows\Sun\Java\bin;C:\Windows\system32;C:\Windows;C:\Program Files\MiKTeX 2.9\miktex\bin\x64;C:\Windows\system32;C:\Windows;C:\Windows\System32\Wbem;C:\Windows\System32\WindowsPowerShell\v1.0\;C:\Program Files\MySQL\MySQL Server 5.5\bin;C:\MinGW;E:\Programs\apache-ant-1.8.2\bin;C:\Program Files\Java\jdk1.6.0_26;E:\PATH;C:\Program Files\Java\jdk1.6.0_26\bin;E:\Programs\apache-maven-3.0.4\bin;C:\Program Files\TortoiseHg\;C:\Program Files\TortoiseSVN\bin;C:\Program Files (x86)\Mercurial;C:\Program Files (x86)\Git\bin;." />
    <property name="env.NUMBER_OF_PROCESSORS" value="4" />
    <property name="java.vendor.url" value="http://java.sun.com/" />
    <property name="java.vm.vendor" value="Sun Microsystems Inc." />
    <property name="java.runtime.name" value="Java(TM) SE Runtime Environment" />
    <property name="env.=E:" value="E:\Repositories\rdf-gears-warsaw" />
    <property name="ant.version" value="Apache Ant(TM) version 1.8.2 compiled on December 20 2010" />
    <property name="sun.java.command" value="org.apache.tools.ant.taskdefs.optional.junit.JUnitTestRunner nl.tudelft.rdfgears.tests.core.TestCoreFunctions filtertrace=true haltOnError=false haltOnFailure=false formatter=org.apache.tools.ant.taskdefs.optional.junit.OutErrSummaryJUnitResultFormatter showoutput=false outputtoformatters=true logfailedtests=true logtestlistenerevents=false formatter=org.apache.tools.ant.taskdefs.optional.junit.XMLJUnitResultFormatter,E:\Repositories\rdf-gears-warsaw\junit\TEST-nl.tudelft.rdfgears.tests.core.TestCoreFunctions.xml crashfile=E:\Repositories\rdf-gears-warsaw\junitvmwatcher3522011838509219570.properties propsfile=E:\Repositories\rdf-gears-warsaw\junit1684046731849997846.properties" />
    <property name="java.class.path" value="E:\Repositories\rdf-gears-warsaw\bin;E:\Repositories\rdf-gears-warsaw\lib\junit-4.8.2.jar;E:\Repositories\rdf-gears-warsaw\lib\jena-2.6.4.jar;E:\Repositories\rdf-gears-warsaw\lib\icu4j-3.4.4.jar;E:\Repositories\rdf-gears-warsaw\lib\iri-0.8.jar;E:\Repositories\rdf-gears-warsaw\lib\log4j-1.2.14.jar;E:\Repositories\rdf-gears-warsaw\lib\lucene-core-2.3.1.jar;E:\Repositories\rdf-gears-warsaw\lib\slf4j-api-1.5.8.jar;E:\Repositories\rdf-gears-warsaw\lib\slf4j-log4j12-1.5.8.jar;E:\Repositories\rdf-gears-warsaw\lib\stax-api-1.0.1.jar;E:\Repositories\rdf-gears-warsaw\lib\wstx-asl-3.2.9.jar;E:\Repositories\rdf-gears-warsaw\lib\xercesImpl-2.7.1.jar;E:\Repositories\rdf-gears-warsaw\lib\arq-2.8.7.jar;E:\Repositories\rdf-gears-warsaw\lib\tdb-0.8.10.jar;E:\Repositories\rdf-gears-warsaw\lib\jewelcli-0.6.jar;E:\Repositories\rdf-gears-warsaw\lib\servlet-api-2.5.jar;E:\Repositories\rdf-gears-warsaw\lib\stax-utils.jar;E:\Repositories\rdf-gears-warsaw\lib\je-4.1.10.jar;E:\Repositories\rdf-gears-warsaw\lib\jcs-1.3.jar;E:\Repositories\rdf-gears-warsaw\lib\jetty-all-7.0.2.v20100331.jar;E:\Programs\apache-ant-1.8.2\lib\ant-launcher.jar;E:\Programs\apache-ant-1.8.2\lib\ant.jar;E:\Programs\apache-ant-1.8.2\lib\ant-junit.jar;E:\Programs\apache-ant-1.8.2\lib\ant-junit4.jar" />
    <property name="java.vm.specification.name" value="Java Virtual Machine Specification" />
    <property name="ant.file.type" value="file" />
    <property name="env.LOGONSERVER" value="\\BTODOROV-PC" />
    <property name="env.windir" value="C:\Windows" />
    <property name="java.vm.specification.version" value="1.0" />
    <property name="env.PROCESSOR_ARCHITECTURE" value="AMD64" />
    <property name="sun.os.patch.level" value="Service Pack 1" />
    <property name="sun.cpu.endian" value="little" />
    <property name="debuglevel" value="source,lines,vars" />
    <property name="env.ProgramFiles" value="C:\Program Files" />
    <property name="env.ANT_HOME" value="E:\Programs\apache-ant-1.8.2\bin\.." />
    <property name="env.PROCESSOR_REVISION" value="2a07" />
    <property name="java.io.tmpdir" value="C:\Users\btodorov\AppData\Local\Temp\" />
    <property name="env.VBOX_INSTALL_PATH" value="C:\Program Files\Oracle\VirtualBox\" />
    <property name="env.CommonProgramFiles(x86)" value="C:\Program Files (x86)\Common Files" />
    <property name="java.vendor.url.bug" value="http://java.sun.com/cgi-bin/bugreport.cgi" />
    <property name="env.SystemRoot" value="C:\Windows" />
    <property name="java.awt.graphicsenv" value="sun.awt.Win32GraphicsEnvironment" />
    <property name="os.arch" value="amd64" />
    <property name="env.ANT_CMD_LINE_ARGS" value=" Test" />
    <property name="java.ext.dirs" value="C:\Program Files\Java\jdk1.6.0_26\jre\lib\ext;C:\Windows\Sun\Java\lib\ext" />
    <property name="env.LOCALAPPDATA" value="C:\Users\btodorov\AppData\Local" />
    <property name="user.dir" value="E:\Repositories\rdf-gears-warsaw" />
    <property name="line.separator" value="&#xd;&#xa;" />
    <property name="java.vm.name" value="Java HotSpot(TM) 64-Bit Server VM" />
    <property name="env.PATHEXT" value=".COM;.EXE;.BAT;.CMD;.VBS;.VBE;.JS;.JSE;.WSF;.WSH;.MSC" />
    <property name="env.Path" value="C:\Program Files\MiKTeX 2.9\miktex\bin\x64;C:\Windows\system32;C:\Windows;C:\Windows\System32\Wbem;C:\Windows\System32\WindowsPowerShell\v1.0\;C:\Program Files\MySQL\MySQL Server 5.5\bin;C:\MinGW;E:\Programs\apache-ant-1.8.2\bin;C:\Program Files\Java\jdk1.6.0_26;E:\PATH;C:\Program Files\Java\jdk1.6.0_26\bin;E:\Programs\apache-maven-3.0.4\bin;C:\Program Files\TortoiseHg\;C:\Program Files\TortoiseSVN\bin;C:\Program Files (x86)\Mercurial;C:\Program Files (x86)\Git\bin" />
    <property name="basedir" value="E:\Repositories\rdf-gears-warsaw" />
    <property name="ant.java.version" value="1.6" />
    <property name="ant.core.lib" value="E:\Programs\apache-ant-1.8.2\lib\ant.jar" />
    <property name="env.USERNAME" value="btodorov" />
    <property name="source" value="1.6" />
    <property name="env.SystemDrive" value="C:" />
    <property name="file.encoding" value="Cp1252" />
    <property name="env.VS100COMNTOOLS" value="C:\Program Files (x86)\Microsoft Visual Studio 10.0\Common7\Tools\" />
    <property name="env.USERDOMAIN" value="btodorov-PC" />
    <property name="java.specification.version" value="1.6" />
    <property name="env.=C:" value="C:\Users\btodorov" />
    <property name="ant.project.invoked-targets" value="Test" />
    <property name="env.PROCESSOR_LEVEL" value="6" />
  </properties>
  <testcase classname="nl.tudelft.rdfgears.tests.core.TestCoreFunctions" name="testBagAll" time="0.268" />
  <testcase classname="nl.tudelft.rdfgears.tests.core.TestCoreFunctions" name="testBagCategorizer" time="0.015" />
  <system-out><![CDATA[
================ workflow result: 
[ 
  flattened:{{
    (elem:1) = "apple"
    (elem:2) = "pear"
  }}, 
  union:{{
    (elem:1) = {{
      (elem:1) = "apple"
    }}
    (elem:2) = {{
      (elem:1) = "pear"
    }}
  }}, 
]
================ proc result: 
[ 
  flattened:{{
    (elem:1) = "apple"
    (elem:2) = "pear"
  }}, 
  union:{{
    (elem:1) = {{
      (elem:1) = "apple"
    }}
    (elem:2) = {{
      (elem:1) = "pear"
    }}
  }}, 
][ 
  duplicates:{{
    (elem:1) = "duplicates"
    (elem:2) = "duplicates"
    (elem:3) = "duplicates"
  }}, 
  a:{{
    (elem:1) = "a"
  }}, 
  doesnt_occur:{{}}, 
  strings:{{
    (elem:1) = "strings"
    (elem:2) = "strings"
  }}, 
]"duplicates"
1
"duplicates"
2
"duplicates"
3
"strings"
1
"strings"
2
"a"
1
]]></system-out>
  <system-err><![CDATA[ERROR [main] (Config.java:74) - Cannot open configuration file './rdfgears.config' for reading
 INFO [main] (Engine.java:80) - Initialized logger to level INFO
 INFO [main] (DiskValueFactory.java:48) - DiskValueFactory
]]></system-err>
</testsuite>
