<?xml version="1.0" encoding="UTF-8" ?>
<testsuite errors="0" failures="0" hostname="btodorov-PC" name="nl.tudelft.rdfgears.tests.TestProduct" tests="1" time="0.891" timestamp="2013-04-03T10:25:32">
  <properties>
    <property name="java.vendor" value="Sun Microsystems Inc." />
    <property name="sun.java.launcher" value="SUN_STANDARD" />
    <property name="sun.management.compiler" value="HotSpot 64-Bit Tiered Compilers" />
    <property name="ant.file.RDFGears_RGL" value="E:\Repositories\rdf-gears-warsaw\build.xml" />
    <property name="env.PROMPT" value="$P$G" />
    <property name="ant.file.type.RDFGears_RGL" value="file" />
    <property name="os.name" value="Windows 7" />
    <property name="env.FP_NO_HOST_CHECK" value="NO" />
    <property name="sun.boot.class.path" value="C:\Program Files\Java\jdk1.6.0_26\jre\lib\resources.jar;C:\Program Files\Java\jdk1.6.0_26\jre\lib\rt.jar;C:\Program Files\Java\jdk1.6.0_26\jre\lib\sunrsasign.jar;C:\Program Files\Java\jdk1.6.0_26\jre\lib\jsse.jar;C:\Program Files\Java\jdk1.6.0_26\jre\lib\jce.jar;C:\Program Files\Java\jdk1.6.0_26\jre\lib\charsets.jar;C:\Program Files\Java\jdk1.6.0_26\jre\lib\modules\jdk.boot.jar;C:\Program Files\Java\jdk1.6.0_26\jre\classes" />
    <property name="env.COMPUTERNAME" value="BTODOROV-PC" />
    <property name="env.CommonProgramW6432" value="C:\Program Files\Common Files" />
    <property name="env.ALLUSERSPROFILE" value="C:\ProgramData" />
    <property name="sun.desktop" value="windows" />
    <property name="java.vm.specification.vendor" value="Sun Microsystems Inc." />
    <property name="ant.home" value="E:\Programs\apache-ant-1.8.2\bin\.." />
    <property name="java.runtime.version" value="1.6.0_26-b03" />
    <property name="env.HOMEPATH" value="\Users\btodorov" />
    <property name="user.name" value="btodorov" />
    <property name="user.language" value="en" />
    <property name="sun.boot.library.path" value="C:\Program Files\Java\jdk1.6.0_26\jre\bin" />
    <property name="ant.project.default-target" value="build" />
    <property name="ant.project.name" value="RDFGears_RGL" />
    <property name="java.version" value="1.6.0_26" />
    <property name="env.PROCESSOR_IDENTIFIER" value="Intel64 Family 6 Model 42 Stepping 7, GenuineIntel" />
    <property name="user.timezone" value="" />
    <property name="env.TEMP" value="C:\Users\btodorov\AppData\Local\Temp" />
    <property name="sun.arch.data.model" value="64" />
    <property name="java.endorsed.dirs" value="C:\Program Files\Java\jdk1.6.0_26\jre\lib\endorsed" />
    <property name="env._JAVACMD" value="C:\Program Files\Java\jdk1.6.0_26\bin\java.exe" />
    <property name="sun.cpu.isalist" value="amd64" />
    <property name="env.HOMEDRIVE" value="C:" />
    <property name="sun.jnu.encoding" value="Cp1252" />
    <property name="file.encoding.pkg" value="sun.io" />
    <property name="ECLIPSE_HOME" value="../../../../opt/eclipse" />
    <property name="file.separator" value="\" />
    <property name="java.specification.name" value="Java Platform API Specification" />
    <property name="java.class.version" value="50.0" />
    <property name="user.country" value="US" />
    <property name="java.home" value="C:\Program Files\Java\jdk1.6.0_26\jre" />
    <property name="env.PSModulePath" value="C:\Windows\system32\WindowsPowerShell\v1.0\Modules\" />
    <property name="env.ANDROID_HOME" value="E:\IDE\android-sdk" />
    <property name="env.APPDATA" value="C:\Users\btodorov\AppData\Roaming" />
    <property name="env.PUBLIC" value="C:\Users\Public" />
    <property name="java.vm.info" value="mixed mode" />
    <property name="env.ComSpec" value="C:\Windows\system32\cmd.exe" />
    <property name="env.OS" value="Windows_NT" />
    <property name="env.CommonProgramFiles" value="C:\Program Files\Common Files" />
    <property name="ant.file" value="E:\Repositories\rdf-gears-warsaw\build.xml" />
    <property name="os.version" value="6.1" />
    <property name="env.ProgramW6432" value="C:\Program Files" />
    <property name="env._USE_CLASSPATH" value="no" />
    <property name="env.=::" value="::\" />
    <property name="path.separator" value=";" />
    <property name="java.vm.version" value="20.1-b02" />
    <property name="user.variant" value="" />
    <property name="env.USERPROFILE" value="C:\Users\btodorov" />
    <property name="ant.library.dir" value="E:\Programs\apache-ant-1.8.2\lib" />
    <property name="junit.output.dir" value="junit" />
    <property name="env.JAVA_HOME" value="C:\Program Files\Java\jdk1.6.0_26" />
    <property name="java.awt.printerjob" value="sun.awt.windows.WPrinterJob" />
    <property name="env.TMP" value="C:\Users\btodorov\AppData\Local\Temp" />
    <property name="sun.io.unicode.encoding" value="UnicodeLittle" />
    <property name="awt.toolkit" value="sun.awt.windows.WToolkit" />
    <property name="user.home" value="C:\Users\btodorov" />
    <property name="target" value="1.6" />
    <property name="env.ProgramData" value="C:\ProgramData" />
    <property name="env.SESSIONNAME" value="Console" />
    <property name="env.ProgramFiles(x86)" value="C:\Program Files (x86)" />
    <property name="java.specification.vendor" value="Sun Microsystems Inc." />
    <property name="java.library.path" value="C:\Program Files\Java\jdk1.6.0_26\jre\bin;C:\Windows\Sun\Java\bin;C:\Windows\system32;C:\Windows;C:\Program Files\MiKTeX 2.9\miktex\bin\x64;C:\Windows\system32;C:\Windows;C:\Windows\System32\Wbem;C:\Windows\System32\WindowsPowerShell\v1.0\;C:\Program Files\MySQL\MySQL Server 5.5\bin;C:\MinGW;E:\Programs\apache-ant-1.8.2\bin;C:\Program Files\Java\jdk1.6.0_26;E:\PATH;C:\Program Files\Java\jdk1.6.0_26\bin;E:\Programs\apache-maven-3.0.4\bin;C:\Program Files\TortoiseHg\;C:\Program Files\TortoiseSVN\bin;C:\Program Files (x86)\Mercurial;C:\Program Files (x86)\Git\bin;." />
    <property name="env.NUMBER_OF_PROCESSORS" value="4" />
    <property name="java.vendor.url" value="http://java.sun.com/" />
    <property name="java.vm.vendor" value="Sun Microsystems Inc." />
    <property name="java.runtime.name" value="Java(TM) SE Runtime Environment" />
    <property name="env.=E:" value="E:\Repositories\rdf-gears-warsaw" />
    <property name="ant.version" value="Apache Ant(TM) version 1.8.2 compiled on December 20 2010" />
    <property name="sun.java.command" value="org.apache.tools.ant.taskdefs.optional.junit.JUnitTestRunner nl.tudelft.rdfgears.tests.TestProduct filtertrace=true haltOnError=false haltOnFailure=false formatter=org.apache.tools.ant.taskdefs.optional.junit.OutErrSummaryJUnitResultFormatter showoutput=false outputtoformatters=true logfailedtests=true logtestlistenerevents=false formatter=org.apache.tools.ant.taskdefs.optional.junit.XMLJUnitResultFormatter,E:\Repositories\rdf-gears-warsaw\junit\TEST-nl.tudelft.rdfgears.tests.TestProduct.xml crashfile=E:\Repositories\rdf-gears-warsaw\junitvmwatcher632860491167117975.properties propsfile=E:\Repositories\rdf-gears-warsaw\junit2182216145210282764.properties" />
    <property name="java.class.path" value="E:\Repositories\rdf-gears-warsaw\bin;E:\Repositories\rdf-gears-warsaw\lib\junit-4.8.2.jar;E:\Repositories\rdf-gears-warsaw\lib\jena-2.6.4.jar;E:\Repositories\rdf-gears-warsaw\lib\icu4j-3.4.4.jar;E:\Repositories\rdf-gears-warsaw\lib\iri-0.8.jar;E:\Repositories\rdf-gears-warsaw\lib\log4j-1.2.14.jar;E:\Repositories\rdf-gears-warsaw\lib\lucene-core-2.3.1.jar;E:\Repositories\rdf-gears-warsaw\lib\slf4j-api-1.5.8.jar;E:\Repositories\rdf-gears-warsaw\lib\slf4j-log4j12-1.5.8.jar;E:\Repositories\rdf-gears-warsaw\lib\stax-api-1.0.1.jar;E:\Repositories\rdf-gears-warsaw\lib\wstx-asl-3.2.9.jar;E:\Repositories\rdf-gears-warsaw\lib\xercesImpl-2.7.1.jar;E:\Repositories\rdf-gears-warsaw\lib\arq-2.8.7.jar;E:\Repositories\rdf-gears-warsaw\lib\tdb-0.8.10.jar;E:\Repositories\rdf-gears-warsaw\lib\jewelcli-0.6.jar;E:\Repositories\rdf-gears-warsaw\lib\servlet-api-2.5.jar;E:\Repositories\rdf-gears-warsaw\lib\stax-utils.jar;E:\Repositories\rdf-gears-warsaw\lib\je-4.1.10.jar;E:\Repositories\rdf-gears-warsaw\lib\jcs-1.3.jar;E:\Repositories\rdf-gears-warsaw\lib\jetty-all-7.0.2.v20100331.jar;E:\Programs\apache-ant-1.8.2\lib\ant-launcher.jar;E:\Programs\apache-ant-1.8.2\lib\ant.jar;E:\Programs\apache-ant-1.8.2\lib\ant-junit.jar;E:\Programs\apache-ant-1.8.2\lib\ant-junit4.jar" />
    <property name="java.vm.specification.name" value="Java Virtual Machine Specification" />
    <property name="ant.file.type" value="file" />
    <property name="env.LOGONSERVER" value="\\BTODOROV-PC" />
    <property name="env.windir" value="C:\Windows" />
    <property name="java.vm.specification.version" value="1.0" />
    <property name="env.PROCESSOR_ARCHITECTURE" value="AMD64" />
    <property name="sun.os.patch.level" value="Service Pack 1" />
    <property name="sun.cpu.endian" value="little" />
    <property name="debuglevel" value="source,lines,vars" />
    <property name="env.ProgramFiles" value="C:\Program Files" />
    <property name="env.ANT_HOME" value="E:\Programs\apache-ant-1.8.2\bin\.." />
    <property name="env.PROCESSOR_REVISION" value="2a07" />
    <property name="java.io.tmpdir" value="C:\Users\btodorov\AppData\Local\Temp\" />
    <property name="env.VBOX_INSTALL_PATH" value="C:\Program Files\Oracle\VirtualBox\" />
    <property name="env.CommonProgramFiles(x86)" value="C:\Program Files (x86)\Common Files" />
    <property name="java.vendor.url.bug" value="http://java.sun.com/cgi-bin/bugreport.cgi" />
    <property name="env.SystemRoot" value="C:\Windows" />
    <property name="java.awt.graphicsenv" value="sun.awt.Win32GraphicsEnvironment" />
    <property name="os.arch" value="amd64" />
    <property name="env.ANT_CMD_LINE_ARGS" value=" Test" />
    <property name="java.ext.dirs" value="C:\Program Files\Java\jdk1.6.0_26\jre\lib\ext;C:\Windows\Sun\Java\lib\ext" />
    <property name="env.LOCALAPPDATA" value="C:\Users\btodorov\AppData\Local" />
    <property name="user.dir" value="E:\Repositories\rdf-gears-warsaw" />
    <property name="line.separator" value="&#xd;&#xa;" />
    <property name="java.vm.name" value="Java HotSpot(TM) 64-Bit Server VM" />
    <property name="env.PATHEXT" value=".COM;.EXE;.BAT;.CMD;.VBS;.VBE;.JS;.JSE;.WSF;.WSH;.MSC" />
    <property name="env.Path" value="C:\Program Files\MiKTeX 2.9\miktex\bin\x64;C:\Windows\system32;C:\Windows;C:\Windows\System32\Wbem;C:\Windows\System32\WindowsPowerShell\v1.0\;C:\Program Files\MySQL\MySQL Server 5.5\bin;C:\MinGW;E:\Programs\apache-ant-1.8.2\bin;C:\Program Files\Java\jdk1.6.0_26;E:\PATH;C:\Program Files\Java\jdk1.6.0_26\bin;E:\Programs\apache-maven-3.0.4\bin;C:\Program Files\TortoiseHg\;C:\Program Files\TortoiseSVN\bin;C:\Program Files (x86)\Mercurial;C:\Program Files (x86)\Git\bin" />
    <property name="basedir" value="E:\Repositories\rdf-gears-warsaw" />
    <property name="ant.java.version" value="1.6" />
    <property name="ant.core.lib" value="E:\Programs\apache-ant-1.8.2\lib\ant.jar" />
    <property name="env.USERNAME" value="btodorov" />
    <property name="source" value="1.6" />
    <property name="env.SystemDrive" value="C:" />
    <property name="file.encoding" value="Cp1252" />
    <property name="env.VS100COMNTOOLS" value="C:\Program Files (x86)\Microsoft Visual Studio 10.0\Common7\Tools\" />
    <property name="env.USERDOMAIN" value="btodorov-PC" />
    <property name="java.specification.version" value="1.6" />
    <property name="env.=C:" value="C:\Users\btodorov" />
    <property name="ant.project.invoked-targets" value="Test" />
    <property name="env.PROCESSOR_LEVEL" value="6" />
  </properties>
  <testcase classname="nl.tudelft.rdfgears.tests.TestProduct" name="foo" time="0.723" />
  <system-out><![CDATA[RGL_VALUE_207 class nl.tudelft.rdfgears.rgl.datamodel.value.impl.ModifiableRecord
1
RGL_VALUE_209 class nl.tudelft.rdfgears.rgl.datamodel.value.impl.ModifiableRecord
2
RGL_VALUE_211 class nl.tudelft.rdfgears.rgl.datamodel.value.impl.ModifiableRecord
3
RGL_VALUE_213 class nl.tudelft.rdfgears.rgl.datamodel.value.impl.ModifiableRecord
4
RGL_VALUE_215 class nl.tudelft.rdfgears.rgl.datamodel.value.impl.ModifiableRecord
5
RGL_VALUE_217 class nl.tudelft.rdfgears.rgl.datamodel.value.impl.ModifiableRecord
6
RGL_VALUE_219 class nl.tudelft.rdfgears.rgl.datamodel.value.impl.ModifiableRecord
7
RGL_VALUE_221 class nl.tudelft.rdfgears.rgl.datamodel.value.impl.ModifiableRecord
8
RGL_VALUE_223 class nl.tudelft.rdfgears.rgl.datamodel.value.impl.ModifiableRecord
9
RGL_VALUE_225 class nl.tudelft.rdfgears.rgl.datamodel.value.impl.ModifiableRecord
10
RGL_VALUE_227 class nl.tudelft.rdfgears.rgl.datamodel.value.impl.ModifiableRecord
11
RGL_VALUE_229 class nl.tudelft.rdfgears.rgl.datamodel.value.impl.ModifiableRecord
12
RGL_VALUE_231 class nl.tudelft.rdfgears.rgl.datamodel.value.impl.ModifiableRecord
13
RGL_VALUE_233 class nl.tudelft.rdfgears.rgl.datamodel.value.impl.ModifiableRecord
14
RGL_VALUE_235 class nl.tudelft.rdfgears.rgl.datamodel.value.impl.ModifiableRecord
15
RGL_VALUE_237 class nl.tudelft.rdfgears.rgl.datamodel.value.impl.ModifiableRecord
16
RGL_VALUE_239 class nl.tudelft.rdfgears.rgl.datamodel.value.impl.ModifiableRecord
17
RGL_VALUE_241 class nl.tudelft.rdfgears.rgl.datamodel.value.impl.ModifiableRecord
18
RGL_VALUE_243 class nl.tudelft.rdfgears.rgl.datamodel.value.impl.ModifiableRecord
19
RGL_VALUE_245 class nl.tudelft.rdfgears.rgl.datamodel.value.impl.ModifiableRecord
20
RGL_VALUE_247 class nl.tudelft.rdfgears.rgl.datamodel.value.impl.ModifiableRecord
21
RGL_VALUE_249 class nl.tudelft.rdfgears.rgl.datamodel.value.impl.ModifiableRecord
22
RGL_VALUE_251 class nl.tudelft.rdfgears.rgl.datamodel.value.impl.ModifiableRecord
23
RGL_VALUE_253 class nl.tudelft.rdfgears.rgl.datamodel.value.impl.ModifiableRecord
24
RGL_VALUE_255 class nl.tudelft.rdfgears.rgl.datamodel.value.impl.ModifiableRecord
25
RGL_VALUE_257 class nl.tudelft.rdfgears.rgl.datamodel.value.impl.ModifiableRecord
26
RGL_VALUE_259 class nl.tudelft.rdfgears.rgl.datamodel.value.impl.ModifiableRecord
27
RGL_VALUE_261 class nl.tudelft.rdfgears.rgl.datamodel.value.impl.ModifiableRecord
28
RGL_VALUE_263 class nl.tudelft.rdfgears.rgl.datamodel.value.impl.ModifiableRecord
29
RGL_VALUE_265 class nl.tudelft.rdfgears.rgl.datamodel.value.impl.ModifiableRecord
30
RGL_VALUE_267 class nl.tudelft.rdfgears.rgl.datamodel.value.impl.ModifiableRecord
31
RGL_VALUE_269 class nl.tudelft.rdfgears.rgl.datamodel.value.impl.ModifiableRecord
32
RGL_VALUE_271 class nl.tudelft.rdfgears.rgl.datamodel.value.impl.ModifiableRecord
33
RGL_VALUE_273 class nl.tudelft.rdfgears.rgl.datamodel.value.impl.ModifiableRecord
34
RGL_VALUE_275 class nl.tudelft.rdfgears.rgl.datamodel.value.impl.ModifiableRecord
35
RGL_VALUE_277 class nl.tudelft.rdfgears.rgl.datamodel.value.impl.ModifiableRecord
36
RGL_VALUE_279 class nl.tudelft.rdfgears.rgl.datamodel.value.impl.ModifiableRecord
37
RGL_VALUE_281 class nl.tudelft.rdfgears.rgl.datamodel.value.impl.ModifiableRecord
38
RGL_VALUE_283 class nl.tudelft.rdfgears.rgl.datamodel.value.impl.ModifiableRecord
39
RGL_VALUE_285 class nl.tudelft.rdfgears.rgl.datamodel.value.impl.ModifiableRecord
40
RGL_VALUE_287 class nl.tudelft.rdfgears.rgl.datamodel.value.impl.ModifiableRecord
41
RGL_VALUE_289 class nl.tudelft.rdfgears.rgl.datamodel.value.impl.ModifiableRecord
42
RGL_VALUE_291 class nl.tudelft.rdfgears.rgl.datamodel.value.impl.ModifiableRecord
43
RGL_VALUE_293 class nl.tudelft.rdfgears.rgl.datamodel.value.impl.ModifiableRecord
44
RGL_VALUE_295 class nl.tudelft.rdfgears.rgl.datamodel.value.impl.ModifiableRecord
45
RGL_VALUE_297 class nl.tudelft.rdfgears.rgl.datamodel.value.impl.ModifiableRecord
46
RGL_VALUE_299 class nl.tudelft.rdfgears.rgl.datamodel.value.impl.ModifiableRecord
47
RGL_VALUE_301 class nl.tudelft.rdfgears.rgl.datamodel.value.impl.ModifiableRecord
48
RGL_VALUE_303 class nl.tudelft.rdfgears.rgl.datamodel.value.impl.ModifiableRecord
49
RGL_VALUE_305 class nl.tudelft.rdfgears.rgl.datamodel.value.impl.ModifiableRecord
50
RGL_VALUE_307 class nl.tudelft.rdfgears.rgl.datamodel.value.impl.ModifiableRecord
51
RGL_VALUE_309 class nl.tudelft.rdfgears.rgl.datamodel.value.impl.ModifiableRecord
52
RGL_VALUE_311 class nl.tudelft.rdfgears.rgl.datamodel.value.impl.ModifiableRecord
53
RGL_VALUE_313 class nl.tudelft.rdfgears.rgl.datamodel.value.impl.ModifiableRecord
54
RGL_VALUE_315 class nl.tudelft.rdfgears.rgl.datamodel.value.impl.ModifiableRecord
55
RGL_VALUE_317 class nl.tudelft.rdfgears.rgl.datamodel.value.impl.ModifiableRecord
56
RGL_VALUE_319 class nl.tudelft.rdfgears.rgl.datamodel.value.impl.ModifiableRecord
57
RGL_VALUE_321 class nl.tudelft.rdfgears.rgl.datamodel.value.impl.ModifiableRecord
58
RGL_VALUE_323 class nl.tudelft.rdfgears.rgl.datamodel.value.impl.ModifiableRecord
59
RGL_VALUE_325 class nl.tudelft.rdfgears.rgl.datamodel.value.impl.ModifiableRecord
60
RGL_VALUE_327 class nl.tudelft.rdfgears.rgl.datamodel.value.impl.ModifiableRecord
61
RGL_VALUE_329 class nl.tudelft.rdfgears.rgl.datamodel.value.impl.ModifiableRecord
62
RGL_VALUE_331 class nl.tudelft.rdfgears.rgl.datamodel.value.impl.ModifiableRecord
63
RGL_VALUE_333 class nl.tudelft.rdfgears.rgl.datamodel.value.impl.ModifiableRecord
64
RGL_VALUE_335 class nl.tudelft.rdfgears.rgl.datamodel.value.impl.ModifiableRecord
65
RGL_VALUE_337 class nl.tudelft.rdfgears.rgl.datamodel.value.impl.ModifiableRecord
66
RGL_VALUE_339 class nl.tudelft.rdfgears.rgl.datamodel.value.impl.ModifiableRecord
67
RGL_VALUE_341 class nl.tudelft.rdfgears.rgl.datamodel.value.impl.ModifiableRecord
68
RGL_VALUE_343 class nl.tudelft.rdfgears.rgl.datamodel.value.impl.ModifiableRecord
69
RGL_VALUE_345 class nl.tudelft.rdfgears.rgl.datamodel.value.impl.ModifiableRecord
70
RGL_VALUE_347 class nl.tudelft.rdfgears.rgl.datamodel.value.impl.ModifiableRecord
71
RGL_VALUE_349 class nl.tudelft.rdfgears.rgl.datamodel.value.impl.ModifiableRecord
72
RGL_VALUE_351 class nl.tudelft.rdfgears.rgl.datamodel.value.impl.ModifiableRecord
73
RGL_VALUE_353 class nl.tudelft.rdfgears.rgl.datamodel.value.impl.ModifiableRecord
74
RGL_VALUE_355 class nl.tudelft.rdfgears.rgl.datamodel.value.impl.ModifiableRecord
75
RGL_VALUE_357 class nl.tudelft.rdfgears.rgl.datamodel.value.impl.ModifiableRecord
76
RGL_VALUE_359 class nl.tudelft.rdfgears.rgl.datamodel.value.impl.ModifiableRecord
77
RGL_VALUE_361 class nl.tudelft.rdfgears.rgl.datamodel.value.impl.ModifiableRecord
78
RGL_VALUE_363 class nl.tudelft.rdfgears.rgl.datamodel.value.impl.ModifiableRecord
79
RGL_VALUE_365 class nl.tudelft.rdfgears.rgl.datamodel.value.impl.ModifiableRecord
80
RGL_VALUE_367 class nl.tudelft.rdfgears.rgl.datamodel.value.impl.ModifiableRecord
81
RGL_VALUE_369 class nl.tudelft.rdfgears.rgl.datamodel.value.impl.ModifiableRecord
82
RGL_VALUE_371 class nl.tudelft.rdfgears.rgl.datamodel.value.impl.ModifiableRecord
83
RGL_VALUE_373 class nl.tudelft.rdfgears.rgl.datamodel.value.impl.ModifiableRecord
84
RGL_VALUE_375 class nl.tudelft.rdfgears.rgl.datamodel.value.impl.ModifiableRecord
85
RGL_VALUE_377 class nl.tudelft.rdfgears.rgl.datamodel.value.impl.ModifiableRecord
86
RGL_VALUE_379 class nl.tudelft.rdfgears.rgl.datamodel.value.impl.ModifiableRecord
87
RGL_VALUE_381 class nl.tudelft.rdfgears.rgl.datamodel.value.impl.ModifiableRecord
88
RGL_VALUE_383 class nl.tudelft.rdfgears.rgl.datamodel.value.impl.ModifiableRecord
89
RGL_VALUE_385 class nl.tudelft.rdfgears.rgl.datamodel.value.impl.ModifiableRecord
90
RGL_VALUE_387 class nl.tudelft.rdfgears.rgl.datamodel.value.impl.ModifiableRecord
91
RGL_VALUE_389 class nl.tudelft.rdfgears.rgl.datamodel.value.impl.ModifiableRecord
92
RGL_VALUE_391 class nl.tudelft.rdfgears.rgl.datamodel.value.impl.ModifiableRecord
93
RGL_VALUE_393 class nl.tudelft.rdfgears.rgl.datamodel.value.impl.ModifiableRecord
94
RGL_VALUE_395 class nl.tudelft.rdfgears.rgl.datamodel.value.impl.ModifiableRecord
95
RGL_VALUE_397 class nl.tudelft.rdfgears.rgl.datamodel.value.impl.ModifiableRecord
96
RGL_VALUE_399 class nl.tudelft.rdfgears.rgl.datamodel.value.impl.ModifiableRecord
97
RGL_VALUE_401 class nl.tudelft.rdfgears.rgl.datamodel.value.impl.ModifiableRecord
98
RGL_VALUE_403 class nl.tudelft.rdfgears.rgl.datamodel.value.impl.ModifiableRecord
99
RGL_VALUE_405 class nl.tudelft.rdfgears.rgl.datamodel.value.impl.ModifiableRecord
100
RGL_VALUE_408 class nl.tudelft.rdfgears.rgl.datamodel.value.impl.ModifiableRecord
101
RGL_VALUE_410 class nl.tudelft.rdfgears.rgl.datamodel.value.impl.ModifiableRecord
102
RGL_VALUE_412 class nl.tudelft.rdfgears.rgl.datamodel.value.impl.ModifiableRecord
103
RGL_VALUE_414 class nl.tudelft.rdfgears.rgl.datamodel.value.impl.ModifiableRecord
104
RGL_VALUE_416 class nl.tudelft.rdfgears.rgl.datamodel.value.impl.ModifiableRecord
105
RGL_VALUE_418 class nl.tudelft.rdfgears.rgl.datamodel.value.impl.ModifiableRecord
106
RGL_VALUE_420 class nl.tudelft.rdfgears.rgl.datamodel.value.impl.ModifiableRecord
107
RGL_VALUE_422 class nl.tudelft.rdfgears.rgl.datamodel.value.impl.ModifiableRecord
108
RGL_VALUE_424 class nl.tudelft.rdfgears.rgl.datamodel.value.impl.ModifiableRecord
109
RGL_VALUE_426 class nl.tudelft.rdfgears.rgl.datamodel.value.impl.ModifiableRecord
110
RGL_VALUE_428 class nl.tudelft.rdfgears.rgl.datamodel.value.impl.ModifiableRecord
111
RGL_VALUE_430 class nl.tudelft.rdfgears.rgl.datamodel.value.impl.ModifiableRecord
112
RGL_VALUE_432 class nl.tudelft.rdfgears.rgl.datamodel.value.impl.ModifiableRecord
113
RGL_VALUE_434 class nl.tudelft.rdfgears.rgl.datamodel.value.impl.ModifiableRecord
114
RGL_VALUE_436 class nl.tudelft.rdfgears.rgl.datamodel.value.impl.ModifiableRecord
115
RGL_VALUE_438 class nl.tudelft.rdfgears.rgl.datamodel.value.impl.ModifiableRecord
116
RGL_VALUE_440 class nl.tudelft.rdfgears.rgl.datamodel.value.impl.ModifiableRecord
117
RGL_VALUE_442 class nl.tudelft.rdfgears.rgl.datamodel.value.impl.ModifiableRecord
118
RGL_VALUE_444 class nl.tudelft.rdfgears.rgl.datamodel.value.impl.ModifiableRecord
119
RGL_VALUE_446 class nl.tudelft.rdfgears.rgl.datamodel.value.impl.ModifiableRecord
120
RGL_VALUE_448 class nl.tudelft.rdfgears.rgl.datamodel.value.impl.ModifiableRecord
121
RGL_VALUE_450 class nl.tudelft.rdfgears.rgl.datamodel.value.impl.ModifiableRecord
122
RGL_VALUE_452 class nl.tudelft.rdfgears.rgl.datamodel.value.impl.ModifiableRecord
123
RGL_VALUE_454 class nl.tudelft.rdfgears.rgl.datamodel.value.impl.ModifiableRecord
124
RGL_VALUE_456 class nl.tudelft.rdfgears.rgl.datamodel.value.impl.ModifiableRecord
125
RGL_VALUE_458 class nl.tudelft.rdfgears.rgl.datamodel.value.impl.ModifiableRecord
126
RGL_VALUE_460 class nl.tudelft.rdfgears.rgl.datamodel.value.impl.ModifiableRecord
127
RGL_VALUE_462 class nl.tudelft.rdfgears.rgl.datamodel.value.impl.ModifiableRecord
128
RGL_VALUE_464 class nl.tudelft.rdfgears.rgl.datamodel.value.impl.ModifiableRecord
129
RGL_VALUE_466 class nl.tudelft.rdfgears.rgl.datamodel.value.impl.ModifiableRecord
130
RGL_VALUE_468 class nl.tudelft.rdfgears.rgl.datamodel.value.impl.ModifiableRecord
131
RGL_VALUE_470 class nl.tudelft.rdfgears.rgl.datamodel.value.impl.ModifiableRecord
132
RGL_VALUE_472 class nl.tudelft.rdfgears.rgl.datamodel.value.impl.ModifiableRecord
133
RGL_VALUE_474 class nl.tudelft.rdfgears.rgl.datamodel.value.impl.ModifiableRecord
134
RGL_VALUE_476 class nl.tudelft.rdfgears.rgl.datamodel.value.impl.ModifiableRecord
135
RGL_VALUE_478 class nl.tudelft.rdfgears.rgl.datamodel.value.impl.ModifiableRecord
136
RGL_VALUE_480 class nl.tudelft.rdfgears.rgl.datamodel.value.impl.ModifiableRecord
137
RGL_VALUE_482 class nl.tudelft.rdfgears.rgl.datamodel.value.impl.ModifiableRecord
138
RGL_VALUE_484 class nl.tudelft.rdfgears.rgl.datamodel.value.impl.ModifiableRecord
139
RGL_VALUE_486 class nl.tudelft.rdfgears.rgl.datamodel.value.impl.ModifiableRecord
140
RGL_VALUE_488 class nl.tudelft.rdfgears.rgl.datamodel.value.impl.ModifiableRecord
141
RGL_VALUE_490 class nl.tudelft.rdfgears.rgl.datamodel.value.impl.ModifiableRecord
142
RGL_VALUE_492 class nl.tudelft.rdfgears.rgl.datamodel.value.impl.ModifiableRecord
143
RGL_VALUE_494 class nl.tudelft.rdfgears.rgl.datamodel.value.impl.ModifiableRecord
144
RGL_VALUE_496 class nl.tudelft.rdfgears.rgl.datamodel.value.impl.ModifiableRecord
145
RGL_VALUE_498 class nl.tudelft.rdfgears.rgl.datamodel.value.impl.ModifiableRecord
146
RGL_VALUE_500 class nl.tudelft.rdfgears.rgl.datamodel.value.impl.ModifiableRecord
147
RGL_VALUE_502 class nl.tudelft.rdfgears.rgl.datamodel.value.impl.ModifiableRecord
148
RGL_VALUE_504 class nl.tudelft.rdfgears.rgl.datamodel.value.impl.ModifiableRecord
149
RGL_VALUE_506 class nl.tudelft.rdfgears.rgl.datamodel.value.impl.ModifiableRecord
150
RGL_VALUE_508 class nl.tudelft.rdfgears.rgl.datamodel.value.impl.ModifiableRecord
151
RGL_VALUE_510 class nl.tudelft.rdfgears.rgl.datamodel.value.impl.ModifiableRecord
152
RGL_VALUE_512 class nl.tudelft.rdfgears.rgl.datamodel.value.impl.ModifiableRecord
153
RGL_VALUE_514 class nl.tudelft.rdfgears.rgl.datamodel.value.impl.ModifiableRecord
154
RGL_VALUE_516 class nl.tudelft.rdfgears.rgl.datamodel.value.impl.ModifiableRecord
155
RGL_VALUE_518 class nl.tudelft.rdfgears.rgl.datamodel.value.impl.ModifiableRecord
156
RGL_VALUE_520 class nl.tudelft.rdfgears.rgl.datamodel.value.impl.ModifiableRecord
157
RGL_VALUE_522 class nl.tudelft.rdfgears.rgl.datamodel.value.impl.ModifiableRecord
158
RGL_VALUE_524 class nl.tudelft.rdfgears.rgl.datamodel.value.impl.ModifiableRecord
159
RGL_VALUE_526 class nl.tudelft.rdfgears.rgl.datamodel.value.impl.ModifiableRecord
160
RGL_VALUE_528 class nl.tudelft.rdfgears.rgl.datamodel.value.impl.ModifiableRecord
161
RGL_VALUE_530 class nl.tudelft.rdfgears.rgl.datamodel.value.impl.ModifiableRecord
162
RGL_VALUE_532 class nl.tudelft.rdfgears.rgl.datamodel.value.impl.ModifiableRecord
163
RGL_VALUE_534 class nl.tudelft.rdfgears.rgl.datamodel.value.impl.ModifiableRecord
164
RGL_VALUE_536 class nl.tudelft.rdfgears.rgl.datamodel.value.impl.ModifiableRecord
165
RGL_VALUE_538 class nl.tudelft.rdfgears.rgl.datamodel.value.impl.ModifiableRecord
166
RGL_VALUE_540 class nl.tudelft.rdfgears.rgl.datamodel.value.impl.ModifiableRecord
167
RGL_VALUE_542 class nl.tudelft.rdfgears.rgl.datamodel.value.impl.ModifiableRecord
168
RGL_VALUE_544 class nl.tudelft.rdfgears.rgl.datamodel.value.impl.ModifiableRecord
169
RGL_VALUE_546 class nl.tudelft.rdfgears.rgl.datamodel.value.impl.ModifiableRecord
170
RGL_VALUE_548 class nl.tudelft.rdfgears.rgl.datamodel.value.impl.ModifiableRecord
171
RGL_VALUE_550 class nl.tudelft.rdfgears.rgl.datamodel.value.impl.ModifiableRecord
172
RGL_VALUE_552 class nl.tudelft.rdfgears.rgl.datamodel.value.impl.ModifiableRecord
173
RGL_VALUE_554 class nl.tudelft.rdfgears.rgl.datamodel.value.impl.ModifiableRecord
174
RGL_VALUE_556 class nl.tudelft.rdfgears.rgl.datamodel.value.impl.ModifiableRecord
175
RGL_VALUE_558 class nl.tudelft.rdfgears.rgl.datamodel.value.impl.ModifiableRecord
176
RGL_VALUE_560 class nl.tudelft.rdfgears.rgl.datamodel.value.impl.ModifiableRecord
177
RGL_VALUE_562 class nl.tudelft.rdfgears.rgl.datamodel.value.impl.ModifiableRecord
178
RGL_VALUE_564 class nl.tudelft.rdfgears.rgl.datamodel.value.impl.ModifiableRecord
179
RGL_VALUE_566 class nl.tudelft.rdfgears.rgl.datamodel.value.impl.ModifiableRecord
180
RGL_VALUE_568 class nl.tudelft.rdfgears.rgl.datamodel.value.impl.ModifiableRecord
181
RGL_VALUE_570 class nl.tudelft.rdfgears.rgl.datamodel.value.impl.ModifiableRecord
182
RGL_VALUE_572 class nl.tudelft.rdfgears.rgl.datamodel.value.impl.ModifiableRecord
183
RGL_VALUE_574 class nl.tudelft.rdfgears.rgl.datamodel.value.impl.ModifiableRecord
184
RGL_VALUE_576 class nl.tudelft.rdfgears.rgl.datamodel.value.impl.ModifiableRecord
185
RGL_VALUE_578 class nl.tudelft.rdfgears.rgl.datamodel.value.impl.ModifiableRecord
186
RGL_VALUE_580 class nl.tudelft.rdfgears.rgl.datamodel.value.impl.ModifiableRecord
187
RGL_VALUE_582 class nl.tudelft.rdfgears.rgl.datamodel.value.impl.ModifiableRecord
188
RGL_VALUE_584 class nl.tudelft.rdfgears.rgl.datamodel.value.impl.ModifiableRecord
189
RGL_VALUE_586 class nl.tudelft.rdfgears.rgl.datamodel.value.impl.ModifiableRecord
190
RGL_VALUE_588 class nl.tudelft.rdfgears.rgl.datamodel.value.impl.ModifiableRecord
191
RGL_VALUE_590 class nl.tudelft.rdfgears.rgl.datamodel.value.impl.ModifiableRecord
192
RGL_VALUE_592 class nl.tudelft.rdfgears.rgl.datamodel.value.impl.ModifiableRecord
193
RGL_VALUE_594 class nl.tudelft.rdfgears.rgl.datamodel.value.impl.ModifiableRecord
194
RGL_VALUE_596 class nl.tudelft.rdfgears.rgl.datamodel.value.impl.ModifiableRecord
195
RGL_VALUE_598 class nl.tudelft.rdfgears.rgl.datamodel.value.impl.ModifiableRecord
196
RGL_VALUE_600 class nl.tudelft.rdfgears.rgl.datamodel.value.impl.ModifiableRecord
197
RGL_VALUE_602 class nl.tudelft.rdfgears.rgl.datamodel.value.impl.ModifiableRecord
198
RGL_VALUE_604 class nl.tudelft.rdfgears.rgl.datamodel.value.impl.ModifiableRecord
199
RGL_VALUE_606 class nl.tudelft.rdfgears.rgl.datamodel.value.impl.ModifiableRecord
200
RGL_VALUE_609 class nl.tudelft.rdfgears.rgl.datamodel.value.impl.ModifiableRecord
201
RGL_VALUE_611 class nl.tudelft.rdfgears.rgl.datamodel.value.impl.ModifiableRecord
202
RGL_VALUE_613 class nl.tudelft.rdfgears.rgl.datamodel.value.impl.ModifiableRecord
203
RGL_VALUE_615 class nl.tudelft.rdfgears.rgl.datamodel.value.impl.ModifiableRecord
204
RGL_VALUE_617 class nl.tudelft.rdfgears.rgl.datamodel.value.impl.ModifiableRecord
205
RGL_VALUE_619 class nl.tudelft.rdfgears.rgl.datamodel.value.impl.ModifiableRecord
206
RGL_VALUE_621 class nl.tudelft.rdfgears.rgl.datamodel.value.impl.ModifiableRecord
207
RGL_VALUE_623 class nl.tudelft.rdfgears.rgl.datamodel.value.impl.ModifiableRecord
208
RGL_VALUE_625 class nl.tudelft.rdfgears.rgl.datamodel.value.impl.ModifiableRecord
209
RGL_VALUE_627 class nl.tudelft.rdfgears.rgl.datamodel.value.impl.ModifiableRecord
210
RGL_VALUE_629 class nl.tudelft.rdfgears.rgl.datamodel.value.impl.ModifiableRecord
211
RGL_VALUE_631 class nl.tudelft.rdfgears.rgl.datamodel.value.impl.ModifiableRecord
212
RGL_VALUE_633 class nl.tudelft.rdfgears.rgl.datamodel.value.impl.ModifiableRecord
213
RGL_VALUE_635 class nl.tudelft.rdfgears.rgl.datamodel.value.impl.ModifiableRecord
214
RGL_VALUE_637 class nl.tudelft.rdfgears.rgl.datamodel.value.impl.ModifiableRecord
215
RGL_VALUE_639 class nl.tudelft.rdfgears.rgl.datamodel.value.impl.ModifiableRecord
216
RGL_VALUE_641 class nl.tudelft.rdfgears.rgl.datamodel.value.impl.ModifiableRecord
217
RGL_VALUE_643 class nl.tudelft.rdfgears.rgl.datamodel.value.impl.ModifiableRecord
218
RGL_VALUE_645 class nl.tudelft.rdfgears.rgl.datamodel.value.impl.ModifiableRecord
219
RGL_VALUE_647 class nl.tudelft.rdfgears.rgl.datamodel.value.impl.ModifiableRecord
220
RGL_VALUE_649 class nl.tudelft.rdfgears.rgl.datamodel.value.impl.ModifiableRecord
221
RGL_VALUE_651 class nl.tudelft.rdfgears.rgl.datamodel.value.impl.ModifiableRecord
222
RGL_VALUE_653 class nl.tudelft.rdfgears.rgl.datamodel.value.impl.ModifiableRecord
223
RGL_VALUE_655 class nl.tudelft.rdfgears.rgl.datamodel.value.impl.ModifiableRecord
224
RGL_VALUE_657 class nl.tudelft.rdfgears.rgl.datamodel.value.impl.ModifiableRecord
225
RGL_VALUE_659 class nl.tudelft.rdfgears.rgl.datamodel.value.impl.ModifiableRecord
226
RGL_VALUE_661 class nl.tudelft.rdfgears.rgl.datamodel.value.impl.ModifiableRecord
227
RGL_VALUE_663 class nl.tudelft.rdfgears.rgl.datamodel.value.impl.ModifiableRecord
228
RGL_VALUE_665 class nl.tudelft.rdfgears.rgl.datamodel.value.impl.ModifiableRecord
229
RGL_VALUE_667 class nl.tudelft.rdfgears.rgl.datamodel.value.impl.ModifiableRecord
230
RGL_VALUE_669 class nl.tudelft.rdfgears.rgl.datamodel.value.impl.ModifiableRecord
231
RGL_VALUE_671 class nl.tudelft.rdfgears.rgl.datamodel.value.impl.ModifiableRecord
232
RGL_VALUE_673 class nl.tudelft.rdfgears.rgl.datamodel.value.impl.ModifiableRecord
233
RGL_VALUE_675 class nl.tudelft.rdfgears.rgl.datamodel.value.impl.ModifiableRecord
234
RGL_VALUE_677 class nl.tudelft.rdfgears.rgl.datamodel.value.impl.ModifiableRecord
235
RGL_VALUE_679 class nl.tudelft.rdfgears.rgl.datamodel.value.impl.ModifiableRecord
236
RGL_VALUE_681 class nl.tudelft.rdfgears.rgl.datamodel.value.impl.ModifiableRecord
237
RGL_VALUE_683 class nl.tudelft.rdfgears.rgl.datamodel.value.impl.ModifiableRecord
238
RGL_VALUE_685 class nl.tudelft.rdfgears.rgl.datamodel.value.impl.ModifiableRecord
239
RGL_VALUE_687 class nl.tudelft.rdfgears.rgl.datamodel.value.impl.ModifiableRecord
240
RGL_VALUE_689 class nl.tudelft.rdfgears.rgl.datamodel.value.impl.ModifiableRecord
241
RGL_VALUE_691 class nl.tudelft.rdfgears.rgl.datamodel.value.impl.ModifiableRecord
242
RGL_VALUE_693 class nl.tudelft.rdfgears.rgl.datamodel.value.impl.ModifiableRecord
243
RGL_VALUE_695 class nl.tudelft.rdfgears.rgl.datamodel.value.impl.ModifiableRecord
244
RGL_VALUE_697 class nl.tudelft.rdfgears.rgl.datamodel.value.impl.ModifiableRecord
245
RGL_VALUE_699 class nl.tudelft.rdfgears.rgl.datamodel.value.impl.ModifiableRecord
246
RGL_VALUE_701 class nl.tudelft.rdfgears.rgl.datamodel.value.impl.ModifiableRecord
247
RGL_VALUE_703 class nl.tudelft.rdfgears.rgl.datamodel.value.impl.ModifiableRecord
248
RGL_VALUE_705 class nl.tudelft.rdfgears.rgl.datamodel.value.impl.ModifiableRecord
249
RGL_VALUE_707 class nl.tudelft.rdfgears.rgl.datamodel.value.impl.ModifiableRecord
250
RGL_VALUE_709 class nl.tudelft.rdfgears.rgl.datamodel.value.impl.ModifiableRecord
251
RGL_VALUE_711 class nl.tudelft.rdfgears.rgl.datamodel.value.impl.ModifiableRecord
252
RGL_VALUE_713 class nl.tudelft.rdfgears.rgl.datamodel.value.impl.ModifiableRecord
253
RGL_VALUE_715 class nl.tudelft.rdfgears.rgl.datamodel.value.impl.ModifiableRecord
254
RGL_VALUE_717 class nl.tudelft.rdfgears.rgl.datamodel.value.impl.ModifiableRecord
255
RGL_VALUE_719 class nl.tudelft.rdfgears.rgl.datamodel.value.impl.ModifiableRecord
256
RGL_VALUE_721 class nl.tudelft.rdfgears.rgl.datamodel.value.impl.ModifiableRecord
257
RGL_VALUE_723 class nl.tudelft.rdfgears.rgl.datamodel.value.impl.ModifiableRecord
258
RGL_VALUE_725 class nl.tudelft.rdfgears.rgl.datamodel.value.impl.ModifiableRecord
259
RGL_VALUE_727 class nl.tudelft.rdfgears.rgl.datamodel.value.impl.ModifiableRecord
260
RGL_VALUE_729 class nl.tudelft.rdfgears.rgl.datamodel.value.impl.ModifiableRecord
261
RGL_VALUE_731 class nl.tudelft.rdfgears.rgl.datamodel.value.impl.ModifiableRecord
262
RGL_VALUE_733 class nl.tudelft.rdfgears.rgl.datamodel.value.impl.ModifiableRecord
263
RGL_VALUE_735 class nl.tudelft.rdfgears.rgl.datamodel.value.impl.ModifiableRecord
264
RGL_VALUE_737 class nl.tudelft.rdfgears.rgl.datamodel.value.impl.ModifiableRecord
265
RGL_VALUE_739 class nl.tudelft.rdfgears.rgl.datamodel.value.impl.ModifiableRecord
266
RGL_VALUE_741 class nl.tudelft.rdfgears.rgl.datamodel.value.impl.ModifiableRecord
267
RGL_VALUE_743 class nl.tudelft.rdfgears.rgl.datamodel.value.impl.ModifiableRecord
268
RGL_VALUE_745 class nl.tudelft.rdfgears.rgl.datamodel.value.impl.ModifiableRecord
269
RGL_VALUE_747 class nl.tudelft.rdfgears.rgl.datamodel.value.impl.ModifiableRecord
270
RGL_VALUE_749 class nl.tudelft.rdfgears.rgl.datamodel.value.impl.ModifiableRecord
271
RGL_VALUE_751 class nl.tudelft.rdfgears.rgl.datamodel.value.impl.ModifiableRecord
272
RGL_VALUE_753 class nl.tudelft.rdfgears.rgl.datamodel.value.impl.ModifiableRecord
273
RGL_VALUE_755 class nl.tudelft.rdfgears.rgl.datamodel.value.impl.ModifiableRecord
274
RGL_VALUE_757 class nl.tudelft.rdfgears.rgl.datamodel.value.impl.ModifiableRecord
275
RGL_VALUE_759 class nl.tudelft.rdfgears.rgl.datamodel.value.impl.ModifiableRecord
276
RGL_VALUE_761 class nl.tudelft.rdfgears.rgl.datamodel.value.impl.ModifiableRecord
277
RGL_VALUE_763 class nl.tudelft.rdfgears.rgl.datamodel.value.impl.ModifiableRecord
278
RGL_VALUE_765 class nl.tudelft.rdfgears.rgl.datamodel.value.impl.ModifiableRecord
279
RGL_VALUE_767 class nl.tudelft.rdfgears.rgl.datamodel.value.impl.ModifiableRecord
280
RGL_VALUE_769 class nl.tudelft.rdfgears.rgl.datamodel.value.impl.ModifiableRecord
281
RGL_VALUE_771 class nl.tudelft.rdfgears.rgl.datamodel.value.impl.ModifiableRecord
282
RGL_VALUE_773 class nl.tudelft.rdfgears.rgl.datamodel.value.impl.ModifiableRecord
283
RGL_VALUE_775 class nl.tudelft.rdfgears.rgl.datamodel.value.impl.ModifiableRecord
284
RGL_VALUE_777 class nl.tudelft.rdfgears.rgl.datamodel.value.impl.ModifiableRecord
285
RGL_VALUE_779 class nl.tudelft.rdfgears.rgl.datamodel.value.impl.ModifiableRecord
286
RGL_VALUE_781 class nl.tudelft.rdfgears.rgl.datamodel.value.impl.ModifiableRecord
287
RGL_VALUE_783 class nl.tudelft.rdfgears.rgl.datamodel.value.impl.ModifiableRecord
288
RGL_VALUE_785 class nl.tudelft.rdfgears.rgl.datamodel.value.impl.ModifiableRecord
289
RGL_VALUE_787 class nl.tudelft.rdfgears.rgl.datamodel.value.impl.ModifiableRecord
290
RGL_VALUE_789 class nl.tudelft.rdfgears.rgl.datamodel.value.impl.ModifiableRecord
291
RGL_VALUE_791 class nl.tudelft.rdfgears.rgl.datamodel.value.impl.ModifiableRecord
292
RGL_VALUE_793 class nl.tudelft.rdfgears.rgl.datamodel.value.impl.ModifiableRecord
293
RGL_VALUE_795 class nl.tudelft.rdfgears.rgl.datamodel.value.impl.ModifiableRecord
294
RGL_VALUE_797 class nl.tudelft.rdfgears.rgl.datamodel.value.impl.ModifiableRecord
295
RGL_VALUE_799 class nl.tudelft.rdfgears.rgl.datamodel.value.impl.ModifiableRecord
296
RGL_VALUE_801 class nl.tudelft.rdfgears.rgl.datamodel.value.impl.ModifiableRecord
297
RGL_VALUE_803 class nl.tudelft.rdfgears.rgl.datamodel.value.impl.ModifiableRecord
298
RGL_VALUE_805 class nl.tudelft.rdfgears.rgl.datamodel.value.impl.ModifiableRecord
299
RGL_VALUE_807 class nl.tudelft.rdfgears.rgl.datamodel.value.impl.ModifiableRecord
300
RGL_VALUE_810 class nl.tudelft.rdfgears.rgl.datamodel.value.impl.ModifiableRecord
301
RGL_VALUE_812 class nl.tudelft.rdfgears.rgl.datamodel.value.impl.ModifiableRecord
302
RGL_VALUE_814 class nl.tudelft.rdfgears.rgl.datamodel.value.impl.ModifiableRecord
303
RGL_VALUE_816 class nl.tudelft.rdfgears.rgl.datamodel.value.impl.ModifiableRecord
304
RGL_VALUE_818 class nl.tudelft.rdfgears.rgl.datamodel.value.impl.ModifiableRecord
305
RGL_VALUE_820 class nl.tudelft.rdfgears.rgl.datamodel.value.impl.ModifiableRecord
306
RGL_VALUE_822 class nl.tudelft.rdfgears.rgl.datamodel.value.impl.ModifiableRecord
307
RGL_VALUE_824 class nl.tudelft.rdfgears.rgl.datamodel.value.impl.ModifiableRecord
308
RGL_VALUE_826 class nl.tudelft.rdfgears.rgl.datamodel.value.impl.ModifiableRecord
309
RGL_VALUE_828 class nl.tudelft.rdfgears.rgl.datamodel.value.impl.ModifiableRecord
310
RGL_VALUE_830 class nl.tudelft.rdfgears.rgl.datamodel.value.impl.ModifiableRecord
311
RGL_VALUE_832 class nl.tudelft.rdfgears.rgl.datamodel.value.impl.ModifiableRecord
312
RGL_VALUE_834 class nl.tudelft.rdfgears.rgl.datamodel.value.impl.ModifiableRecord
313
RGL_VALUE_836 class nl.tudelft.rdfgears.rgl.datamodel.value.impl.ModifiableRecord
314
RGL_VALUE_838 class nl.tudelft.rdfgears.rgl.datamodel.value.impl.ModifiableRecord
315
RGL_VALUE_840 class nl.tudelft.rdfgears.rgl.datamodel.value.impl.ModifiableRecord
316
RGL_VALUE_842 class nl.tudelft.rdfgears.rgl.datamodel.value.impl.ModifiableRecord
317
RGL_VALUE_844 class nl.tudelft.rdfgears.rgl.datamodel.value.impl.ModifiableRecord
318
RGL_VALUE_846 class nl.tudelft.rdfgears.rgl.datamodel.value.impl.ModifiableRecord
319
RGL_VALUE_848 class nl.tudelft.rdfgears.rgl.datamodel.value.impl.ModifiableRecord
320
RGL_VALUE_850 class nl.tudelft.rdfgears.rgl.datamodel.value.impl.ModifiableRecord
321
RGL_VALUE_852 class nl.tudelft.rdfgears.rgl.datamodel.value.impl.ModifiableRecord
322
RGL_VALUE_854 class nl.tudelft.rdfgears.rgl.datamodel.value.impl.ModifiableRecord
323
RGL_VALUE_856 class nl.tudelft.rdfgears.rgl.datamodel.value.impl.ModifiableRecord
324
RGL_VALUE_858 class nl.tudelft.rdfgears.rgl.datamodel.value.impl.ModifiableRecord
325
RGL_VALUE_860 class nl.tudelft.rdfgears.rgl.datamodel.value.impl.ModifiableRecord
326
RGL_VALUE_862 class nl.tudelft.rdfgears.rgl.datamodel.value.impl.ModifiableRecord
327
RGL_VALUE_864 class nl.tudelft.rdfgears.rgl.datamodel.value.impl.ModifiableRecord
328
RGL_VALUE_866 class nl.tudelft.rdfgears.rgl.datamodel.value.impl.ModifiableRecord
329
RGL_VALUE_868 class nl.tudelft.rdfgears.rgl.datamodel.value.impl.ModifiableRecord
330
RGL_VALUE_870 class nl.tudelft.rdfgears.rgl.datamodel.value.impl.ModifiableRecord
331
RGL_VALUE_872 class nl.tudelft.rdfgears.rgl.datamodel.value.impl.ModifiableRecord
332
RGL_VALUE_874 class nl.tudelft.rdfgears.rgl.datamodel.value.impl.ModifiableRecord
333
RGL_VALUE_876 class nl.tudelft.rdfgears.rgl.datamodel.value.impl.ModifiableRecord
334
RGL_VALUE_878 class nl.tudelft.rdfgears.rgl.datamodel.value.impl.ModifiableRecord
335
RGL_VALUE_880 class nl.tudelft.rdfgears.rgl.datamodel.value.impl.ModifiableRecord
336
RGL_VALUE_882 class nl.tudelft.rdfgears.rgl.datamodel.value.impl.ModifiableRecord
337
RGL_VALUE_884 class nl.tudelft.rdfgears.rgl.datamodel.value.impl.ModifiableRecord
338
RGL_VALUE_886 class nl.tudelft.rdfgears.rgl.datamodel.value.impl.ModifiableRecord
339
RGL_VALUE_888 class nl.tudelft.rdfgears.rgl.datamodel.value.impl.ModifiableRecord
340
RGL_VALUE_890 class nl.tudelft.rdfgears.rgl.datamodel.value.impl.ModifiableRecord
341
RGL_VALUE_892 class nl.tudelft.rdfgears.rgl.datamodel.value.impl.ModifiableRecord
342
RGL_VALUE_894 class nl.tudelft.rdfgears.rgl.datamodel.value.impl.ModifiableRecord
343
RGL_VALUE_896 class nl.tudelft.rdfgears.rgl.datamodel.value.impl.ModifiableRecord
344
RGL_VALUE_898 class nl.tudelft.rdfgears.rgl.datamodel.value.impl.ModifiableRecord
345
RGL_VALUE_900 class nl.tudelft.rdfgears.rgl.datamodel.value.impl.ModifiableRecord
346
RGL_VALUE_902 class nl.tudelft.rdfgears.rgl.datamodel.value.impl.ModifiableRecord
347
RGL_VALUE_904 class nl.tudelft.rdfgears.rgl.datamodel.value.impl.ModifiableRecord
348
RGL_VALUE_906 class nl.tudelft.rdfgears.rgl.datamodel.value.impl.ModifiableRecord
349
RGL_VALUE_908 class nl.tudelft.rdfgears.rgl.datamodel.value.impl.ModifiableRecord
350
RGL_VALUE_910 class nl.tudelft.rdfgears.rgl.datamodel.value.impl.ModifiableRecord
351
RGL_VALUE_912 class nl.tudelft.rdfgears.rgl.datamodel.value.impl.ModifiableRecord
352
RGL_VALUE_914 class nl.tudelft.rdfgears.rgl.datamodel.value.impl.ModifiableRecord
353
RGL_VALUE_916 class nl.tudelft.rdfgears.rgl.datamodel.value.impl.ModifiableRecord
354
RGL_VALUE_918 class nl.tudelft.rdfgears.rgl.datamodel.value.impl.ModifiableRecord
355
RGL_VALUE_920 class nl.tudelft.rdfgears.rgl.datamodel.value.impl.ModifiableRecord
356
RGL_VALUE_922 class nl.tudelft.rdfgears.rgl.datamodel.value.impl.ModifiableRecord
357
RGL_VALUE_924 class nl.tudelft.rdfgears.rgl.datamodel.value.impl.ModifiableRecord
358
RGL_VALUE_926 class nl.tudelft.rdfgears.rgl.datamodel.value.impl.ModifiableRecord
359
RGL_VALUE_928 class nl.tudelft.rdfgears.rgl.datamodel.value.impl.ModifiableRecord
360
RGL_VALUE_930 class nl.tudelft.rdfgears.rgl.datamodel.value.impl.ModifiableRecord
361
RGL_VALUE_932 class nl.tudelft.rdfgears.rgl.datamodel.value.impl.ModifiableRecord
362
RGL_VALUE_934 class nl.tudelft.rdfgears.rgl.datamodel.value.impl.ModifiableRecord
363
RGL_VALUE_936 class nl.tudelft.rdfgears.rgl.datamodel.value.impl.ModifiableRecord
364
RGL_VALUE_938 class nl.tudelft.rdfgears.rgl.datamodel.value.impl.ModifiableRecord
365
RGL_VALUE_940 class nl.tudelft.rdfgears.rgl.datamodel.value.impl.ModifiableRecord
366
RGL_VALUE_942 class nl.tudelft.rdfgears.rgl.datamodel.value.impl.ModifiableRecord
367
RGL_VALUE_944 class nl.tudelft.rdfgears.rgl.datamodel.value.impl.ModifiableRecord
368
RGL_VALUE_946 class nl.tudelft.rdfgears.rgl.datamodel.value.impl.ModifiableRecord
369
RGL_VALUE_948 class nl.tudelft.rdfgears.rgl.datamodel.value.impl.ModifiableRecord
370
RGL_VALUE_950 class nl.tudelft.rdfgears.rgl.datamodel.value.impl.ModifiableRecord
371
RGL_VALUE_952 class nl.tudelft.rdfgears.rgl.datamodel.value.impl.ModifiableRecord
372
RGL_VALUE_954 class nl.tudelft.rdfgears.rgl.datamodel.value.impl.ModifiableRecord
373
RGL_VALUE_956 class nl.tudelft.rdfgears.rgl.datamodel.value.impl.ModifiableRecord
374
RGL_VALUE_958 class nl.tudelft.rdfgears.rgl.datamodel.value.impl.ModifiableRecord
375
RGL_VALUE_960 class nl.tudelft.rdfgears.rgl.datamodel.value.impl.ModifiableRecord
376
RGL_VALUE_962 class nl.tudelft.rdfgears.rgl.datamodel.value.impl.ModifiableRecord
377
RGL_VALUE_964 class nl.tudelft.rdfgears.rgl.datamodel.value.impl.ModifiableRecord
378
RGL_VALUE_966 class nl.tudelft.rdfgears.rgl.datamodel.value.impl.ModifiableRecord
379
RGL_VALUE_968 class nl.tudelft.rdfgears.rgl.datamodel.value.impl.ModifiableRecord
380
RGL_VALUE_970 class nl.tudelft.rdfgears.rgl.datamodel.value.impl.ModifiableRecord
381
RGL_VALUE_972 class nl.tudelft.rdfgears.rgl.datamodel.value.impl.ModifiableRecord
382
RGL_VALUE_974 class nl.tudelft.rdfgears.rgl.datamodel.value.impl.ModifiableRecord
383
RGL_VALUE_976 class nl.tudelft.rdfgears.rgl.datamodel.value.impl.ModifiableRecord
384
RGL_VALUE_978 class nl.tudelft.rdfgears.rgl.datamodel.value.impl.ModifiableRecord
385
RGL_VALUE_980 class nl.tudelft.rdfgears.rgl.datamodel.value.impl.ModifiableRecord
386
RGL_VALUE_982 class nl.tudelft.rdfgears.rgl.datamodel.value.impl.ModifiableRecord
387
RGL_VALUE_984 class nl.tudelft.rdfgears.rgl.datamodel.value.impl.ModifiableRecord
388
RGL_VALUE_986 class nl.tudelft.rdfgears.rgl.datamodel.value.impl.ModifiableRecord
389
RGL_VALUE_988 class nl.tudelft.rdfgears.rgl.datamodel.value.impl.ModifiableRecord
390
RGL_VALUE_990 class nl.tudelft.rdfgears.rgl.datamodel.value.impl.ModifiableRecord
391
RGL_VALUE_992 class nl.tudelft.rdfgears.rgl.datamodel.value.impl.ModifiableRecord
392
RGL_VALUE_994 class nl.tudelft.rdfgears.rgl.datamodel.value.impl.ModifiableRecord
393
RGL_VALUE_996 class nl.tudelft.rdfgears.rgl.datamodel.value.impl.ModifiableRecord
394
RGL_VALUE_998 class nl.tudelft.rdfgears.rgl.datamodel.value.impl.ModifiableRecord
395
RGL_VALUE_1000 class nl.tudelft.rdfgears.rgl.datamodel.value.impl.ModifiableRecord
396
RGL_VALUE_1002 class nl.tudelft.rdfgears.rgl.datamodel.value.impl.ModifiableRecord
397
RGL_VALUE_1004 class nl.tudelft.rdfgears.rgl.datamodel.value.impl.ModifiableRecord
398
RGL_VALUE_1006 class nl.tudelft.rdfgears.rgl.datamodel.value.impl.ModifiableRecord
399
RGL_VALUE_1008 class nl.tudelft.rdfgears.rgl.datamodel.value.impl.ModifiableRecord
400
RGL_VALUE_1011 class nl.tudelft.rdfgears.rgl.datamodel.value.impl.ModifiableRecord
401
RGL_VALUE_1013 class nl.tudelft.rdfgears.rgl.datamodel.value.impl.ModifiableRecord
402
RGL_VALUE_1015 class nl.tudelft.rdfgears.rgl.datamodel.value.impl.ModifiableRecord
403
RGL_VALUE_1017 class nl.tudelft.rdfgears.rgl.datamodel.value.impl.ModifiableRecord
404
RGL_VALUE_1019 class nl.tudelft.rdfgears.rgl.datamodel.value.impl.ModifiableRecord
405
RGL_VALUE_1021 class nl.tudelft.rdfgears.rgl.datamodel.value.impl.ModifiableRecord
406
RGL_VALUE_1023 class nl.tudelft.rdfgears.rgl.datamodel.value.impl.ModifiableRecord
407
RGL_VALUE_1025 class nl.tudelft.rdfgears.rgl.datamodel.value.impl.ModifiableRecord
408
RGL_VALUE_1027 class nl.tudelft.rdfgears.rgl.datamodel.value.impl.ModifiableRecord
409
RGL_VALUE_1029 class nl.tudelft.rdfgears.rgl.datamodel.value.impl.ModifiableRecord
410
RGL_VALUE_1031 class nl.tudelft.rdfgears.rgl.datamodel.value.impl.ModifiableRecord
411
RGL_VALUE_1033 class nl.tudelft.rdfgears.rgl.datamodel.value.impl.ModifiableRecord
412
RGL_VALUE_1035 class nl.tudelft.rdfgears.rgl.datamodel.value.impl.ModifiableRecord
413
RGL_VALUE_1037 class nl.tudelft.rdfgears.rgl.datamodel.value.impl.ModifiableRecord
414
RGL_VALUE_1039 class nl.tudelft.rdfgears.rgl.datamodel.value.impl.ModifiableRecord
415
RGL_VALUE_1041 class nl.tudelft.rdfgears.rgl.datamodel.value.impl.ModifiableRecord
416
RGL_VALUE_1043 class nl.tudelft.rdfgears.rgl.datamodel.value.impl.ModifiableRecord
417
RGL_VALUE_1045 class nl.tudelft.rdfgears.rgl.datamodel.value.impl.ModifiableRecord
418
RGL_VALUE_1047 class nl.tudelft.rdfgears.rgl.datamodel.value.impl.ModifiableRecord
419
RGL_VALUE_1049 class nl.tudelft.rdfgears.rgl.datamodel.value.impl.ModifiableRecord
420
RGL_VALUE_1051 class nl.tudelft.rdfgears.rgl.datamodel.value.impl.ModifiableRecord
421
RGL_VALUE_1053 class nl.tudelft.rdfgears.rgl.datamodel.value.impl.ModifiableRecord
422
RGL_VALUE_1055 class nl.tudelft.rdfgears.rgl.datamodel.value.impl.ModifiableRecord
423
RGL_VALUE_1057 class nl.tudelft.rdfgears.rgl.datamodel.value.impl.ModifiableRecord
424
RGL_VALUE_1059 class nl.tudelft.rdfgears.rgl.datamodel.value.impl.ModifiableRecord
425
RGL_VALUE_1061 class nl.tudelft.rdfgears.rgl.datamodel.value.impl.ModifiableRecord
426
RGL_VALUE_1063 class nl.tudelft.rdfgears.rgl.datamodel.value.impl.ModifiableRecord
427
RGL_VALUE_1065 class nl.tudelft.rdfgears.rgl.datamodel.value.impl.ModifiableRecord
428
RGL_VALUE_1067 class nl.tudelft.rdfgears.rgl.datamodel.value.impl.ModifiableRecord
429
RGL_VALUE_1069 class nl.tudelft.rdfgears.rgl.datamodel.value.impl.ModifiableRecord
430
RGL_VALUE_1071 class nl.tudelft.rdfgears.rgl.datamodel.value.impl.ModifiableRecord
431
RGL_VALUE_1073 class nl.tudelft.rdfgears.rgl.datamodel.value.impl.ModifiableRecord
432
RGL_VALUE_1075 class nl.tudelft.rdfgears.rgl.datamodel.value.impl.ModifiableRecord
433
RGL_VALUE_1077 class nl.tudelft.rdfgears.rgl.datamodel.value.impl.ModifiableRecord
434
RGL_VALUE_1079 class nl.tudelft.rdfgears.rgl.datamodel.value.impl.ModifiableRecord
435
RGL_VALUE_1081 class nl.tudelft.rdfgears.rgl.datamodel.value.impl.ModifiableRecord
436
RGL_VALUE_1083 class nl.tudelft.rdfgears.rgl.datamodel.value.impl.ModifiableRecord
437
RGL_VALUE_1085 class nl.tudelft.rdfgears.rgl.datamodel.value.impl.ModifiableRecord
438
RGL_VALUE_1087 class nl.tudelft.rdfgears.rgl.datamodel.value.impl.ModifiableRecord
439
RGL_VALUE_1089 class nl.tudelft.rdfgears.rgl.datamodel.value.impl.ModifiableRecord
440
RGL_VALUE_1091 class nl.tudelft.rdfgears.rgl.datamodel.value.impl.ModifiableRecord
441
RGL_VALUE_1093 class nl.tudelft.rdfgears.rgl.datamodel.value.impl.ModifiableRecord
442
RGL_VALUE_1095 class nl.tudelft.rdfgears.rgl.datamodel.value.impl.ModifiableRecord
443
RGL_VALUE_1097 class nl.tudelft.rdfgears.rgl.datamodel.value.impl.ModifiableRecord
444
RGL_VALUE_1099 class nl.tudelft.rdfgears.rgl.datamodel.value.impl.ModifiableRecord
445
RGL_VALUE_1101 class nl.tudelft.rdfgears.rgl.datamodel.value.impl.ModifiableRecord
446
RGL_VALUE_1103 class nl.tudelft.rdfgears.rgl.datamodel.value.impl.ModifiableRecord
447
RGL_VALUE_1105 class nl.tudelft.rdfgears.rgl.datamodel.value.impl.ModifiableRecord
448
RGL_VALUE_1107 class nl.tudelft.rdfgears.rgl.datamodel.value.impl.ModifiableRecord
449
RGL_VALUE_1109 class nl.tudelft.rdfgears.rgl.datamodel.value.impl.ModifiableRecord
450
RGL_VALUE_1111 class nl.tudelft.rdfgears.rgl.datamodel.value.impl.ModifiableRecord
451
RGL_VALUE_1113 class nl.tudelft.rdfgears.rgl.datamodel.value.impl.ModifiableRecord
452
RGL_VALUE_1115 class nl.tudelft.rdfgears.rgl.datamodel.value.impl.ModifiableRecord
453
RGL_VALUE_1117 class nl.tudelft.rdfgears.rgl.datamodel.value.impl.ModifiableRecord
454
RGL_VALUE_1119 class nl.tudelft.rdfgears.rgl.datamodel.value.impl.ModifiableRecord
455
RGL_VALUE_1121 class nl.tudelft.rdfgears.rgl.datamodel.value.impl.ModifiableRecord
456
RGL_VALUE_1123 class nl.tudelft.rdfgears.rgl.datamodel.value.impl.ModifiableRecord
457
RGL_VALUE_1125 class nl.tudelft.rdfgears.rgl.datamodel.value.impl.ModifiableRecord
458
RGL_VALUE_1127 class nl.tudelft.rdfgears.rgl.datamodel.value.impl.ModifiableRecord
459
RGL_VALUE_1129 class nl.tudelft.rdfgears.rgl.datamodel.value.impl.ModifiableRecord
460
RGL_VALUE_1131 class nl.tudelft.rdfgears.rgl.datamodel.value.impl.ModifiableRecord
461
RGL_VALUE_1133 class nl.tudelft.rdfgears.rgl.datamodel.value.impl.ModifiableRecord
462
RGL_VALUE_1135 class nl.tudelft.rdfgears.rgl.datamodel.value.impl.ModifiableRecord
463
RGL_VALUE_1137 class nl.tudelft.rdfgears.rgl.datamodel.value.impl.ModifiableRecord
464
RGL_VALUE_1139 class nl.tudelft.rdfgears.rgl.datamodel.value.impl.ModifiableRecord
465
RGL_VALUE_1141 class nl.tudelft.rdfgears.rgl.datamodel.value.impl.ModifiableRecord
466
RGL_VALUE_1143 class nl.tudelft.rdfgears.rgl.datamodel.value.impl.ModifiableRecord
467
RGL_VALUE_1145 class nl.tudelft.rdfgears.rgl.datamodel.value.impl.ModifiableRecord
468
RGL_VALUE_1147 class nl.tudelft.rdfgears.rgl.datamodel.value.impl.ModifiableRecord
469
RGL_VALUE_1149 class nl.tudelft.rdfgears.rgl.datamodel.value.impl.ModifiableRecord
470
RGL_VALUE_1151 class nl.tudelft.rdfgears.rgl.datamodel.value.impl.ModifiableRecord
471
RGL_VALUE_1153 class nl.tudelft.rdfgears.rgl.datamodel.value.impl.ModifiableRecord
472
RGL_VALUE_1155 class nl.tudelft.rdfgears.rgl.datamodel.value.impl.ModifiableRecord
473
RGL_VALUE_1157 class nl.tudelft.rdfgears.rgl.datamodel.value.impl.ModifiableRecord
474
RGL_VALUE_1159 class nl.tudelft.rdfgears.rgl.datamodel.value.impl.ModifiableRecord
475
RGL_VALUE_1161 class nl.tudelft.rdfgears.rgl.datamodel.value.impl.ModifiableRecord
476
RGL_VALUE_1163 class nl.tudelft.rdfgears.rgl.datamodel.value.impl.ModifiableRecord
477
RGL_VALUE_1165 class nl.tudelft.rdfgears.rgl.datamodel.value.impl.ModifiableRecord
478
RGL_VALUE_1167 class nl.tudelft.rdfgears.rgl.datamodel.value.impl.ModifiableRecord
479
RGL_VALUE_1169 class nl.tudelft.rdfgears.rgl.datamodel.value.impl.ModifiableRecord
480
RGL_VALUE_1171 class nl.tudelft.rdfgears.rgl.datamodel.value.impl.ModifiableRecord
481
RGL_VALUE_1173 class nl.tudelft.rdfgears.rgl.datamodel.value.impl.ModifiableRecord
482
RGL_VALUE_1175 class nl.tudelft.rdfgears.rgl.datamodel.value.impl.ModifiableRecord
483
RGL_VALUE_1177 class nl.tudelft.rdfgears.rgl.datamodel.value.impl.ModifiableRecord
484
RGL_VALUE_1179 class nl.tudelft.rdfgears.rgl.datamodel.value.impl.ModifiableRecord
485
RGL_VALUE_1181 class nl.tudelft.rdfgears.rgl.datamodel.value.impl.ModifiableRecord
486
RGL_VALUE_1183 class nl.tudelft.rdfgears.rgl.datamodel.value.impl.ModifiableRecord
487
RGL_VALUE_1185 class nl.tudelft.rdfgears.rgl.datamodel.value.impl.ModifiableRecord
488
RGL_VALUE_1187 class nl.tudelft.rdfgears.rgl.datamodel.value.impl.ModifiableRecord
489
RGL_VALUE_1189 class nl.tudelft.rdfgears.rgl.datamodel.value.impl.ModifiableRecord
490
RGL_VALUE_1191 class nl.tudelft.rdfgears.rgl.datamodel.value.impl.ModifiableRecord
491
RGL_VALUE_1193 class nl.tudelft.rdfgears.rgl.datamodel.value.impl.ModifiableRecord
492
RGL_VALUE_1195 class nl.tudelft.rdfgears.rgl.datamodel.value.impl.ModifiableRecord
493
RGL_VALUE_1197 class nl.tudelft.rdfgears.rgl.datamodel.value.impl.ModifiableRecord
494
RGL_VALUE_1199 class nl.tudelft.rdfgears.rgl.datamodel.value.impl.ModifiableRecord
495
RGL_VALUE_1201 class nl.tudelft.rdfgears.rgl.datamodel.value.impl.ModifiableRecord
496
RGL_VALUE_1203 class nl.tudelft.rdfgears.rgl.datamodel.value.impl.ModifiableRecord
497
RGL_VALUE_1205 class nl.tudelft.rdfgears.rgl.datamodel.value.impl.ModifiableRecord
498
RGL_VALUE_1207 class nl.tudelft.rdfgears.rgl.datamodel.value.impl.ModifiableRecord
499
RGL_VALUE_1209 class nl.tudelft.rdfgears.rgl.datamodel.value.impl.ModifiableRecord
500
RGL_VALUE_1212 class nl.tudelft.rdfgears.rgl.datamodel.value.impl.ModifiableRecord
501
RGL_VALUE_1214 class nl.tudelft.rdfgears.rgl.datamodel.value.impl.ModifiableRecord
502
RGL_VALUE_1216 class nl.tudelft.rdfgears.rgl.datamodel.value.impl.ModifiableRecord
503
RGL_VALUE_1218 class nl.tudelft.rdfgears.rgl.datamodel.value.impl.ModifiableRecord
504
RGL_VALUE_1220 class nl.tudelft.rdfgears.rgl.datamodel.value.impl.ModifiableRecord
505
RGL_VALUE_1222 class nl.tudelft.rdfgears.rgl.datamodel.value.impl.ModifiableRecord
506
RGL_VALUE_1224 class nl.tudelft.rdfgears.rgl.datamodel.value.impl.ModifiableRecord
507
RGL_VALUE_1226 class nl.tudelft.rdfgears.rgl.datamodel.value.impl.ModifiableRecord
508
RGL_VALUE_1228 class nl.tudelft.rdfgears.rgl.datamodel.value.impl.ModifiableRecord
509
RGL_VALUE_1230 class nl.tudelft.rdfgears.rgl.datamodel.value.impl.ModifiableRecord
510
RGL_VALUE_1232 class nl.tudelft.rdfgears.rgl.datamodel.value.impl.ModifiableRecord
511
RGL_VALUE_1234 class nl.tudelft.rdfgears.rgl.datamodel.value.impl.ModifiableRecord
512
RGL_VALUE_1236 class nl.tudelft.rdfgears.rgl.datamodel.value.impl.ModifiableRecord
513
RGL_VALUE_1238 class nl.tudelft.rdfgears.rgl.datamodel.value.impl.ModifiableRecord
514
RGL_VALUE_1240 class nl.tudelft.rdfgears.rgl.datamodel.value.impl.ModifiableRecord
515
RGL_VALUE_1242 class nl.tudelft.rdfgears.rgl.datamodel.value.impl.ModifiableRecord
516
RGL_VALUE_1244 class nl.tudelft.rdfgears.rgl.datamodel.value.impl.ModifiableRecord
517
RGL_VALUE_1246 class nl.tudelft.rdfgears.rgl.datamodel.value.impl.ModifiableRecord
518
RGL_VALUE_1248 class nl.tudelft.rdfgears.rgl.datamodel.value.impl.ModifiableRecord
519
RGL_VALUE_1250 class nl.tudelft.rdfgears.rgl.datamodel.value.impl.ModifiableRecord
520
RGL_VALUE_1252 class nl.tudelft.rdfgears.rgl.datamodel.value.impl.ModifiableRecord
521
RGL_VALUE_1254 class nl.tudelft.rdfgears.rgl.datamodel.value.impl.ModifiableRecord
522
RGL_VALUE_1256 class nl.tudelft.rdfgears.rgl.datamodel.value.impl.ModifiableRecord
523
RGL_VALUE_1258 class nl.tudelft.rdfgears.rgl.datamodel.value.impl.ModifiableRecord
524
RGL_VALUE_1260 class nl.tudelft.rdfgears.rgl.datamodel.value.impl.ModifiableRecord
525
RGL_VALUE_1262 class nl.tudelft.rdfgears.rgl.datamodel.value.impl.ModifiableRecord
526
RGL_VALUE_1264 class nl.tudelft.rdfgears.rgl.datamodel.value.impl.ModifiableRecord
527
RGL_VALUE_1266 class nl.tudelft.rdfgears.rgl.datamodel.value.impl.ModifiableRecord
528
RGL_VALUE_1268 class nl.tudelft.rdfgears.rgl.datamodel.value.impl.ModifiableRecord
529
RGL_VALUE_1270 class nl.tudelft.rdfgears.rgl.datamodel.value.impl.ModifiableRecord
530
RGL_VALUE_1272 class nl.tudelft.rdfgears.rgl.datamodel.value.impl.ModifiableRecord
531
RGL_VALUE_1274 class nl.tudelft.rdfgears.rgl.datamodel.value.impl.ModifiableRecord
532
RGL_VALUE_1276 class nl.tudelft.rdfgears.rgl.datamodel.value.impl.ModifiableRecord
533
RGL_VALUE_1278 class nl.tudelft.rdfgears.rgl.datamodel.value.impl.ModifiableRecord
534
RGL_VALUE_1280 class nl.tudelft.rdfgears.rgl.datamodel.value.impl.ModifiableRecord
535
RGL_VALUE_1282 class nl.tudelft.rdfgears.rgl.datamodel.value.impl.ModifiableRecord
536
RGL_VALUE_1284 class nl.tudelft.rdfgears.rgl.datamodel.value.impl.ModifiableRecord
537
RGL_VALUE_1286 class nl.tudelft.rdfgears.rgl.datamodel.value.impl.ModifiableRecord
538
RGL_VALUE_1288 class nl.tudelft.rdfgears.rgl.datamodel.value.impl.ModifiableRecord
539
RGL_VALUE_1290 class nl.tudelft.rdfgears.rgl.datamodel.value.impl.ModifiableRecord
540
RGL_VALUE_1292 class nl.tudelft.rdfgears.rgl.datamodel.value.impl.ModifiableRecord
541
RGL_VALUE_1294 class nl.tudelft.rdfgears.rgl.datamodel.value.impl.ModifiableRecord
542
RGL_VALUE_1296 class nl.tudelft.rdfgears.rgl.datamodel.value.impl.ModifiableRecord
543
RGL_VALUE_1298 class nl.tudelft.rdfgears.rgl.datamodel.value.impl.ModifiableRecord
544
RGL_VALUE_1300 class nl.tudelft.rdfgears.rgl.datamodel.value.impl.ModifiableRecord
545
RGL_VALUE_1302 class nl.tudelft.rdfgears.rgl.datamodel.value.impl.ModifiableRecord
546
RGL_VALUE_1304 class nl.tudelft.rdfgears.rgl.datamodel.value.impl.ModifiableRecord
547
RGL_VALUE_1306 class nl.tudelft.rdfgears.rgl.datamodel.value.impl.ModifiableRecord
548
RGL_VALUE_1308 class nl.tudelft.rdfgears.rgl.datamodel.value.impl.ModifiableRecord
549
RGL_VALUE_1310 class nl.tudelft.rdfgears.rgl.datamodel.value.impl.ModifiableRecord
550
RGL_VALUE_1312 class nl.tudelft.rdfgears.rgl.datamodel.value.impl.ModifiableRecord
551
RGL_VALUE_1314 class nl.tudelft.rdfgears.rgl.datamodel.value.impl.ModifiableRecord
552
RGL_VALUE_1316 class nl.tudelft.rdfgears.rgl.datamodel.value.impl.ModifiableRecord
553
RGL_VALUE_1318 class nl.tudelft.rdfgears.rgl.datamodel.value.impl.ModifiableRecord
554
RGL_VALUE_1320 class nl.tudelft.rdfgears.rgl.datamodel.value.impl.ModifiableRecord
555
RGL_VALUE_1322 class nl.tudelft.rdfgears.rgl.datamodel.value.impl.ModifiableRecord
556
RGL_VALUE_1324 class nl.tudelft.rdfgears.rgl.datamodel.value.impl.ModifiableRecord
557
RGL_VALUE_1326 class nl.tudelft.rdfgears.rgl.datamodel.value.impl.ModifiableRecord
558
RGL_VALUE_1328 class nl.tudelft.rdfgears.rgl.datamodel.value.impl.ModifiableRecord
559
RGL_VALUE_1330 class nl.tudelft.rdfgears.rgl.datamodel.value.impl.ModifiableRecord
560
RGL_VALUE_1332 class nl.tudelft.rdfgears.rgl.datamodel.value.impl.ModifiableRecord
561
RGL_VALUE_1334 class nl.tudelft.rdfgears.rgl.datamodel.value.impl.ModifiableRecord
562
RGL_VALUE_1336 class nl.tudelft.rdfgears.rgl.datamodel.value.impl.ModifiableRecord
563
RGL_VALUE_1338 class nl.tudelft.rdfgears.rgl.datamodel.value.impl.ModifiableRecord
564
RGL_VALUE_1340 class nl.tudelft.rdfgears.rgl.datamodel.value.impl.ModifiableRecord
565
RGL_VALUE_1342 class nl.tudelft.rdfgears.rgl.datamodel.value.impl.ModifiableRecord
566
RGL_VALUE_1344 class nl.tudelft.rdfgears.rgl.datamodel.value.impl.ModifiableRecord
567
RGL_VALUE_1346 class nl.tudelft.rdfgears.rgl.datamodel.value.impl.ModifiableRecord
568
RGL_VALUE_1348 class nl.tudelft.rdfgears.rgl.datamodel.value.impl.ModifiableRecord
569
RGL_VALUE_1350 class nl.tudelft.rdfgears.rgl.datamodel.value.impl.ModifiableRecord
570
RGL_VALUE_1352 class nl.tudelft.rdfgears.rgl.datamodel.value.impl.ModifiableRecord
571
RGL_VALUE_1354 class nl.tudelft.rdfgears.rgl.datamodel.value.impl.ModifiableRecord
572
RGL_VALUE_1356 class nl.tudelft.rdfgears.rgl.datamodel.value.impl.ModifiableRecord
573
RGL_VALUE_1358 class nl.tudelft.rdfgears.rgl.datamodel.value.impl.ModifiableRecord
574
RGL_VALUE_1360 class nl.tudelft.rdfgears.rgl.datamodel.value.impl.ModifiableRecord
575
RGL_VALUE_1362 class nl.tudelft.rdfgears.rgl.datamodel.value.impl.ModifiableRecord
576
RGL_VALUE_1364 class nl.tudelft.rdfgears.rgl.datamodel.value.impl.ModifiableRecord
577
RGL_VALUE_1366 class nl.tudelft.rdfgears.rgl.datamodel.value.impl.ModifiableRecord
578
RGL_VALUE_1368 class nl.tudelft.rdfgears.rgl.datamodel.value.impl.ModifiableRecord
579
RGL_VALUE_1370 class nl.tudelft.rdfgears.rgl.datamodel.value.impl.ModifiableRecord
580
RGL_VALUE_1372 class nl.tudelft.rdfgears.rgl.datamodel.value.impl.ModifiableRecord
581
RGL_VALUE_1374 class nl.tudelft.rdfgears.rgl.datamodel.value.impl.ModifiableRecord
582
RGL_VALUE_1376 class nl.tudelft.rdfgears.rgl.datamodel.value.impl.ModifiableRecord
583
RGL_VALUE_1378 class nl.tudelft.rdfgears.rgl.datamodel.value.impl.ModifiableRecord
584
RGL_VALUE_1380 class nl.tudelft.rdfgears.rgl.datamodel.value.impl.ModifiableRecord
585
RGL_VALUE_1382 class nl.tudelft.rdfgears.rgl.datamodel.value.impl.ModifiableRecord
586
RGL_VALUE_1384 class nl.tudelft.rdfgears.rgl.datamodel.value.impl.ModifiableRecord
587
RGL_VALUE_1386 class nl.tudelft.rdfgears.rgl.datamodel.value.impl.ModifiableRecord
588
RGL_VALUE_1388 class nl.tudelft.rdfgears.rgl.datamodel.value.impl.ModifiableRecord
589
RGL_VALUE_1390 class nl.tudelft.rdfgears.rgl.datamodel.value.impl.ModifiableRecord
590
RGL_VALUE_1392 class nl.tudelft.rdfgears.rgl.datamodel.value.impl.ModifiableRecord
591
RGL_VALUE_1394 class nl.tudelft.rdfgears.rgl.datamodel.value.impl.ModifiableRecord
592
RGL_VALUE_1396 class nl.tudelft.rdfgears.rgl.datamodel.value.impl.ModifiableRecord
593
RGL_VALUE_1398 class nl.tudelft.rdfgears.rgl.datamodel.value.impl.ModifiableRecord
594
RGL_VALUE_1400 class nl.tudelft.rdfgears.rgl.datamodel.value.impl.ModifiableRecord
595
RGL_VALUE_1402 class nl.tudelft.rdfgears.rgl.datamodel.value.impl.ModifiableRecord
596
RGL_VALUE_1404 class nl.tudelft.rdfgears.rgl.datamodel.value.impl.ModifiableRecord
597
RGL_VALUE_1406 class nl.tudelft.rdfgears.rgl.datamodel.value.impl.ModifiableRecord
598
RGL_VALUE_1408 class nl.tudelft.rdfgears.rgl.datamodel.value.impl.ModifiableRecord
599
RGL_VALUE_1410 class nl.tudelft.rdfgears.rgl.datamodel.value.impl.ModifiableRecord
600
RGL_VALUE_1413 class nl.tudelft.rdfgears.rgl.datamodel.value.impl.ModifiableRecord
601
RGL_VALUE_1415 class nl.tudelft.rdfgears.rgl.datamodel.value.impl.ModifiableRecord
602
RGL_VALUE_1417 class nl.tudelft.rdfgears.rgl.datamodel.value.impl.ModifiableRecord
603
RGL_VALUE_1419 class nl.tudelft.rdfgears.rgl.datamodel.value.impl.ModifiableRecord
604
RGL_VALUE_1421 class nl.tudelft.rdfgears.rgl.datamodel.value.impl.ModifiableRecord
605
RGL_VALUE_1423 class nl.tudelft.rdfgears.rgl.datamodel.value.impl.ModifiableRecord
606
RGL_VALUE_1425 class nl.tudelft.rdfgears.rgl.datamodel.value.impl.ModifiableRecord
607
RGL_VALUE_1427 class nl.tudelft.rdfgears.rgl.datamodel.value.impl.ModifiableRecord
608
RGL_VALUE_1429 class nl.tudelft.rdfgears.rgl.datamodel.value.impl.ModifiableRecord
609
RGL_VALUE_1431 class nl.tudelft.rdfgears.rgl.datamodel.value.impl.ModifiableRecord
610
RGL_VALUE_1433 class nl.tudelft.rdfgears.rgl.datamodel.value.impl.ModifiableRecord
611
RGL_VALUE_1435 class nl.tudelft.rdfgears.rgl.datamodel.value.impl.ModifiableRecord
612
RGL_VALUE_1437 class nl.tudelft.rdfgears.rgl.datamodel.value.impl.ModifiableRecord
613
RGL_VALUE_1439 class nl.tudelft.rdfgears.rgl.datamodel.value.impl.ModifiableRecord
614
RGL_VALUE_1441 class nl.tudelft.rdfgears.rgl.datamodel.value.impl.ModifiableRecord
615
RGL_VALUE_1443 class nl.tudelft.rdfgears.rgl.datamodel.value.impl.ModifiableRecord
616
RGL_VALUE_1445 class nl.tudelft.rdfgears.rgl.datamodel.value.impl.ModifiableRecord
617
RGL_VALUE_1447 class nl.tudelft.rdfgears.rgl.datamodel.value.impl.ModifiableRecord
618
RGL_VALUE_1449 class nl.tudelft.rdfgears.rgl.datamodel.value.impl.ModifiableRecord
619
RGL_VALUE_1451 class nl.tudelft.rdfgears.rgl.datamodel.value.impl.ModifiableRecord
620
RGL_VALUE_1453 class nl.tudelft.rdfgears.rgl.datamodel.value.impl.ModifiableRecord
621
RGL_VALUE_1455 class nl.tudelft.rdfgears.rgl.datamodel.value.impl.ModifiableRecord
622
RGL_VALUE_1457 class nl.tudelft.rdfgears.rgl.datamodel.value.impl.ModifiableRecord
623
RGL_VALUE_1459 class nl.tudelft.rdfgears.rgl.datamodel.value.impl.ModifiableRecord
624
RGL_VALUE_1461 class nl.tudelft.rdfgears.rgl.datamodel.value.impl.ModifiableRecord
625
RGL_VALUE_1463 class nl.tudelft.rdfgears.rgl.datamodel.value.impl.ModifiableRecord
626
RGL_VALUE_1465 class nl.tudelft.rdfgears.rgl.datamodel.value.impl.ModifiableRecord
627
RGL_VALUE_1467 class nl.tudelft.rdfgears.rgl.datamodel.value.impl.ModifiableRecord
628
RGL_VALUE_1469 class nl.tudelft.rdfgears.rgl.datamodel.value.impl.ModifiableRecord
629
RGL_VALUE_1471 class nl.tudelft.rdfgears.rgl.datamodel.value.impl.ModifiableRecord
630
RGL_VALUE_1473 class nl.tudelft.rdfgears.rgl.datamodel.value.impl.ModifiableRecord
631
RGL_VALUE_1475 class nl.tudelft.rdfgears.rgl.datamodel.value.impl.ModifiableRecord
632
RGL_VALUE_1477 class nl.tudelft.rdfgears.rgl.datamodel.value.impl.ModifiableRecord
633
RGL_VALUE_1479 class nl.tudelft.rdfgears.rgl.datamodel.value.impl.ModifiableRecord
634
RGL_VALUE_1481 class nl.tudelft.rdfgears.rgl.datamodel.value.impl.ModifiableRecord
635
RGL_VALUE_1483 class nl.tudelft.rdfgears.rgl.datamodel.value.impl.ModifiableRecord
636
RGL_VALUE_1485 class nl.tudelft.rdfgears.rgl.datamodel.value.impl.ModifiableRecord
637
RGL_VALUE_1487 class nl.tudelft.rdfgears.rgl.datamodel.value.impl.ModifiableRecord
638
RGL_VALUE_1489 class nl.tudelft.rdfgears.rgl.datamodel.value.impl.ModifiableRecord
639
RGL_VALUE_1491 class nl.tudelft.rdfgears.rgl.datamodel.value.impl.ModifiableRecord
640
RGL_VALUE_1493 class nl.tudelft.rdfgears.rgl.datamodel.value.impl.ModifiableRecord
641
RGL_VALUE_1495 class nl.tudelft.rdfgears.rgl.datamodel.value.impl.ModifiableRecord
642
RGL_VALUE_1497 class nl.tudelft.rdfgears.rgl.datamodel.value.impl.ModifiableRecord
643
RGL_VALUE_1499 class nl.tudelft.rdfgears.rgl.datamodel.value.impl.ModifiableRecord
644
RGL_VALUE_1501 class nl.tudelft.rdfgears.rgl.datamodel.value.impl.ModifiableRecord
645
RGL_VALUE_1503 class nl.tudelft.rdfgears.rgl.datamodel.value.impl.ModifiableRecord
646
RGL_VALUE_1505 class nl.tudelft.rdfgears.rgl.datamodel.value.impl.ModifiableRecord
647
RGL_VALUE_1507 class nl.tudelft.rdfgears.rgl.datamodel.value.impl.ModifiableRecord
648
RGL_VALUE_1509 class nl.tudelft.rdfgears.rgl.datamodel.value.impl.ModifiableRecord
649
RGL_VALUE_1511 class nl.tudelft.rdfgears.rgl.datamodel.value.impl.ModifiableRecord
650
RGL_VALUE_1513 class nl.tudelft.rdfgears.rgl.datamodel.value.impl.ModifiableRecord
651
RGL_VALUE_1515 class nl.tudelft.rdfgears.rgl.datamodel.value.impl.ModifiableRecord
652
RGL_VALUE_1517 class nl.tudelft.rdfgears.rgl.datamodel.value.impl.ModifiableRecord
653
RGL_VALUE_1519 class nl.tudelft.rdfgears.rgl.datamodel.value.impl.ModifiableRecord
654
RGL_VALUE_1521 class nl.tudelft.rdfgears.rgl.datamodel.value.impl.ModifiableRecord
655
RGL_VALUE_1523 class nl.tudelft.rdfgears.rgl.datamodel.value.impl.ModifiableRecord
656
RGL_VALUE_1525 class nl.tudelft.rdfgears.rgl.datamodel.value.impl.ModifiableRecord
657
RGL_VALUE_1527 class nl.tudelft.rdfgears.rgl.datamodel.value.impl.ModifiableRecord
658
RGL_VALUE_1529 class nl.tudelft.rdfgears.rgl.datamodel.value.impl.ModifiableRecord
659
RGL_VALUE_1531 class nl.tudelft.rdfgears.rgl.datamodel.value.impl.ModifiableRecord
660
RGL_VALUE_1533 class nl.tudelft.rdfgears.rgl.datamodel.value.impl.ModifiableRecord
661
RGL_VALUE_1535 class nl.tudelft.rdfgears.rgl.datamodel.value.impl.ModifiableRecord
662
RGL_VALUE_1537 class nl.tudelft.rdfgears.rgl.datamodel.value.impl.ModifiableRecord
663
RGL_VALUE_1539 class nl.tudelft.rdfgears.rgl.datamodel.value.impl.ModifiableRecord
664
RGL_VALUE_1541 class nl.tudelft.rdfgears.rgl.datamodel.value.impl.ModifiableRecord
665
RGL_VALUE_1543 class nl.tudelft.rdfgears.rgl.datamodel.value.impl.ModifiableRecord
666
RGL_VALUE_1545 class nl.tudelft.rdfgears.rgl.datamodel.value.impl.ModifiableRecord
667
RGL_VALUE_1547 class nl.tudelft.rdfgears.rgl.datamodel.value.impl.ModifiableRecord
668
RGL_VALUE_1549 class nl.tudelft.rdfgears.rgl.datamodel.value.impl.ModifiableRecord
669
RGL_VALUE_1551 class nl.tudelft.rdfgears.rgl.datamodel.value.impl.ModifiableRecord
670
RGL_VALUE_1553 class nl.tudelft.rdfgears.rgl.datamodel.value.impl.ModifiableRecord
671
RGL_VALUE_1555 class nl.tudelft.rdfgears.rgl.datamodel.value.impl.ModifiableRecord
672
RGL_VALUE_1557 class nl.tudelft.rdfgears.rgl.datamodel.value.impl.ModifiableRecord
673
RGL_VALUE_1559 class nl.tudelft.rdfgears.rgl.datamodel.value.impl.ModifiableRecord
674
RGL_VALUE_1561 class nl.tudelft.rdfgears.rgl.datamodel.value.impl.ModifiableRecord
675
RGL_VALUE_1563 class nl.tudelft.rdfgears.rgl.datamodel.value.impl.ModifiableRecord
676
RGL_VALUE_1565 class nl.tudelft.rdfgears.rgl.datamodel.value.impl.ModifiableRecord
677
RGL_VALUE_1567 class nl.tudelft.rdfgears.rgl.datamodel.value.impl.ModifiableRecord
678
RGL_VALUE_1569 class nl.tudelft.rdfgears.rgl.datamodel.value.impl.ModifiableRecord
679
RGL_VALUE_1571 class nl.tudelft.rdfgears.rgl.datamodel.value.impl.ModifiableRecord
680
RGL_VALUE_1573 class nl.tudelft.rdfgears.rgl.datamodel.value.impl.ModifiableRecord
681
RGL_VALUE_1575 class nl.tudelft.rdfgears.rgl.datamodel.value.impl.ModifiableRecord
682
RGL_VALUE_1577 class nl.tudelft.rdfgears.rgl.datamodel.value.impl.ModifiableRecord
683
RGL_VALUE_1579 class nl.tudelft.rdfgears.rgl.datamodel.value.impl.ModifiableRecord
684
RGL_VALUE_1581 class nl.tudelft.rdfgears.rgl.datamodel.value.impl.ModifiableRecord
685
RGL_VALUE_1583 class nl.tudelft.rdfgears.rgl.datamodel.value.impl.ModifiableRecord
686
RGL_VALUE_1585 class nl.tudelft.rdfgears.rgl.datamodel.value.impl.ModifiableRecord
687
RGL_VALUE_1587 class nl.tudelft.rdfgears.rgl.datamodel.value.impl.ModifiableRecord
688
RGL_VALUE_1589 class nl.tudelft.rdfgears.rgl.datamodel.value.impl.ModifiableRecord
689
RGL_VALUE_1591 class nl.tudelft.rdfgears.rgl.datamodel.value.impl.ModifiableRecord
690
RGL_VALUE_1593 class nl.tudelft.rdfgears.rgl.datamodel.value.impl.ModifiableRecord
691
RGL_VALUE_1595 class nl.tudelft.rdfgears.rgl.datamodel.value.impl.ModifiableRecord
692
RGL_VALUE_1597 class nl.tudelft.rdfgears.rgl.datamodel.value.impl.ModifiableRecord
693
RGL_VALUE_1599 class nl.tudelft.rdfgears.rgl.datamodel.value.impl.ModifiableRecord
694
RGL_VALUE_1601 class nl.tudelft.rdfgears.rgl.datamodel.value.impl.ModifiableRecord
695
RGL_VALUE_1603 class nl.tudelft.rdfgears.rgl.datamodel.value.impl.ModifiableRecord
696
RGL_VALUE_1605 class nl.tudelft.rdfgears.rgl.datamodel.value.impl.ModifiableRecord
697
RGL_VALUE_1607 class nl.tudelft.rdfgears.rgl.datamodel.value.impl.ModifiableRecord
698
RGL_VALUE_1609 class nl.tudelft.rdfgears.rgl.datamodel.value.impl.ModifiableRecord
699
RGL_VALUE_1611 class nl.tudelft.rdfgears.rgl.datamodel.value.impl.ModifiableRecord
700
RGL_VALUE_1614 class nl.tudelft.rdfgears.rgl.datamodel.value.impl.ModifiableRecord
701
RGL_VALUE_1616 class nl.tudelft.rdfgears.rgl.datamodel.value.impl.ModifiableRecord
702
RGL_VALUE_1618 class nl.tudelft.rdfgears.rgl.datamodel.value.impl.ModifiableRecord
703
RGL_VALUE_1620 class nl.tudelft.rdfgears.rgl.datamodel.value.impl.ModifiableRecord
704
RGL_VALUE_1622 class nl.tudelft.rdfgears.rgl.datamodel.value.impl.ModifiableRecord
705
RGL_VALUE_1624 class nl.tudelft.rdfgears.rgl.datamodel.value.impl.ModifiableRecord
706
RGL_VALUE_1626 class nl.tudelft.rdfgears.rgl.datamodel.value.impl.ModifiableRecord
707
RGL_VALUE_1628 class nl.tudelft.rdfgears.rgl.datamodel.value.impl.ModifiableRecord
708
RGL_VALUE_1630 class nl.tudelft.rdfgears.rgl.datamodel.value.impl.ModifiableRecord
709
RGL_VALUE_1632 class nl.tudelft.rdfgears.rgl.datamodel.value.impl.ModifiableRecord
710
RGL_VALUE_1634 class nl.tudelft.rdfgears.rgl.datamodel.value.impl.ModifiableRecord
711
RGL_VALUE_1636 class nl.tudelft.rdfgears.rgl.datamodel.value.impl.ModifiableRecord
712
RGL_VALUE_1638 class nl.tudelft.rdfgears.rgl.datamodel.value.impl.ModifiableRecord
713
RGL_VALUE_1640 class nl.tudelft.rdfgears.rgl.datamodel.value.impl.ModifiableRecord
714
RGL_VALUE_1642 class nl.tudelft.rdfgears.rgl.datamodel.value.impl.ModifiableRecord
715
RGL_VALUE_1644 class nl.tudelft.rdfgears.rgl.datamodel.value.impl.ModifiableRecord
716
RGL_VALUE_1646 class nl.tudelft.rdfgears.rgl.datamodel.value.impl.ModifiableRecord
717
RGL_VALUE_1648 class nl.tudelft.rdfgears.rgl.datamodel.value.impl.ModifiableRecord
718
RGL_VALUE_1650 class nl.tudelft.rdfgears.rgl.datamodel.value.impl.ModifiableRecord
719
RGL_VALUE_1652 class nl.tudelft.rdfgears.rgl.datamodel.value.impl.ModifiableRecord
720
RGL_VALUE_1654 class nl.tudelft.rdfgears.rgl.datamodel.value.impl.ModifiableRecord
721
RGL_VALUE_1656 class nl.tudelft.rdfgears.rgl.datamodel.value.impl.ModifiableRecord
722
RGL_VALUE_1658 class nl.tudelft.rdfgears.rgl.datamodel.value.impl.ModifiableRecord
723
RGL_VALUE_1660 class nl.tudelft.rdfgears.rgl.datamodel.value.impl.ModifiableRecord
724
RGL_VALUE_1662 class nl.tudelft.rdfgears.rgl.datamodel.value.impl.ModifiableRecord
725
RGL_VALUE_1664 class nl.tudelft.rdfgears.rgl.datamodel.value.impl.ModifiableRecord
726
RGL_VALUE_1666 class nl.tudelft.rdfgears.rgl.datamodel.value.impl.ModifiableRecord
727
RGL_VALUE_1668 class nl.tudelft.rdfgears.rgl.datamodel.value.impl.ModifiableRecord
728
RGL_VALUE_1670 class nl.tudelft.rdfgears.rgl.datamodel.value.impl.ModifiableRecord
729
RGL_VALUE_1672 class nl.tudelft.rdfgears.rgl.datamodel.value.impl.ModifiableRecord
730
RGL_VALUE_1674 class nl.tudelft.rdfgears.rgl.datamodel.value.impl.ModifiableRecord
731
RGL_VALUE_1676 class nl.tudelft.rdfgears.rgl.datamodel.value.impl.ModifiableRecord
732
RGL_VALUE_1678 class nl.tudelft.rdfgears.rgl.datamodel.value.impl.ModifiableRecord
733
RGL_VALUE_1680 class nl.tudelft.rdfgears.rgl.datamodel.value.impl.ModifiableRecord
734
RGL_VALUE_1682 class nl.tudelft.rdfgears.rgl.datamodel.value.impl.ModifiableRecord
735
RGL_VALUE_1684 class nl.tudelft.rdfgears.rgl.datamodel.value.impl.ModifiableRecord
736
RGL_VALUE_1686 class nl.tudelft.rdfgears.rgl.datamodel.value.impl.ModifiableRecord
737
RGL_VALUE_1688 class nl.tudelft.rdfgears.rgl.datamodel.value.impl.ModifiableRecord
738
RGL_VALUE_1690 class nl.tudelft.rdfgears.rgl.datamodel.value.impl.ModifiableRecord
739
RGL_VALUE_1692 class nl.tudelft.rdfgears.rgl.datamodel.value.impl.ModifiableRecord
740
RGL_VALUE_1694 class nl.tudelft.rdfgears.rgl.datamodel.value.impl.ModifiableRecord
741
RGL_VALUE_1696 class nl.tudelft.rdfgears.rgl.datamodel.value.impl.ModifiableRecord
742
RGL_VALUE_1698 class nl.tudelft.rdfgears.rgl.datamodel.value.impl.ModifiableRecord
743
RGL_VALUE_1700 class nl.tudelft.rdfgears.rgl.datamodel.value.impl.ModifiableRecord
744
RGL_VALUE_1702 class nl.tudelft.rdfgears.rgl.datamodel.value.impl.ModifiableRecord
745
RGL_VALUE_1704 class nl.tudelft.rdfgears.rgl.datamodel.value.impl.ModifiableRecord
746
RGL_VALUE_1706 class nl.tudelft.rdfgears.rgl.datamodel.value.impl.ModifiableRecord
747
RGL_VALUE_1708 class nl.tudelft.rdfgears.rgl.datamodel.value.impl.ModifiableRecord
748
RGL_VALUE_1710 class nl.tudelft.rdfgears.rgl.datamodel.value.impl.ModifiableRecord
749
RGL_VALUE_1712 class nl.tudelft.rdfgears.rgl.datamodel.value.impl.ModifiableRecord
750
RGL_VALUE_1714 class nl.tudelft.rdfgears.rgl.datamodel.value.impl.ModifiableRecord
751
RGL_VALUE_1716 class nl.tudelft.rdfgears.rgl.datamodel.value.impl.ModifiableRecord
752
RGL_VALUE_1718 class nl.tudelft.rdfgears.rgl.datamodel.value.impl.ModifiableRecord
753
RGL_VALUE_1720 class nl.tudelft.rdfgears.rgl.datamodel.value.impl.ModifiableRecord
754
RGL_VALUE_1722 class nl.tudelft.rdfgears.rgl.datamodel.value.impl.ModifiableRecord
755
RGL_VALUE_1724 class nl.tudelft.rdfgears.rgl.datamodel.value.impl.ModifiableRecord
756
RGL_VALUE_1726 class nl.tudelft.rdfgears.rgl.datamodel.value.impl.ModifiableRecord
757
RGL_VALUE_1728 class nl.tudelft.rdfgears.rgl.datamodel.value.impl.ModifiableRecord
758
RGL_VALUE_1730 class nl.tudelft.rdfgears.rgl.datamodel.value.impl.ModifiableRecord
759
RGL_VALUE_1732 class nl.tudelft.rdfgears.rgl.datamodel.value.impl.ModifiableRecord
760
RGL_VALUE_1734 class nl.tudelft.rdfgears.rgl.datamodel.value.impl.ModifiableRecord
761
RGL_VALUE_1736 class nl.tudelft.rdfgears.rgl.datamodel.value.impl.ModifiableRecord
762
RGL_VALUE_1738 class nl.tudelft.rdfgears.rgl.datamodel.value.impl.ModifiableRecord
763
RGL_VALUE_1740 class nl.tudelft.rdfgears.rgl.datamodel.value.impl.ModifiableRecord
764
RGL_VALUE_1742 class nl.tudelft.rdfgears.rgl.datamodel.value.impl.ModifiableRecord
765
RGL_VALUE_1744 class nl.tudelft.rdfgears.rgl.datamodel.value.impl.ModifiableRecord
766
RGL_VALUE_1746 class nl.tudelft.rdfgears.rgl.datamodel.value.impl.ModifiableRecord
767
RGL_VALUE_1748 class nl.tudelft.rdfgears.rgl.datamodel.value.impl.ModifiableRecord
768
RGL_VALUE_1750 class nl.tudelft.rdfgears.rgl.datamodel.value.impl.ModifiableRecord
769
RGL_VALUE_1752 class nl.tudelft.rdfgears.rgl.datamodel.value.impl.ModifiableRecord
770
RGL_VALUE_1754 class nl.tudelft.rdfgears.rgl.datamodel.value.impl.ModifiableRecord
771
RGL_VALUE_1756 class nl.tudelft.rdfgears.rgl.datamodel.value.impl.ModifiableRecord
772
RGL_VALUE_1758 class nl.tudelft.rdfgears.rgl.datamodel.value.impl.ModifiableRecord
773
RGL_VALUE_1760 class nl.tudelft.rdfgears.rgl.datamodel.value.impl.ModifiableRecord
774
RGL_VALUE_1762 class nl.tudelft.rdfgears.rgl.datamodel.value.impl.ModifiableRecord
775
RGL_VALUE_1764 class nl.tudelft.rdfgears.rgl.datamodel.value.impl.ModifiableRecord
776
RGL_VALUE_1766 class nl.tudelft.rdfgears.rgl.datamodel.value.impl.ModifiableRecord
777
RGL_VALUE_1768 class nl.tudelft.rdfgears.rgl.datamodel.value.impl.ModifiableRecord
778
RGL_VALUE_1770 class nl.tudelft.rdfgears.rgl.datamodel.value.impl.ModifiableRecord
779
RGL_VALUE_1772 class nl.tudelft.rdfgears.rgl.datamodel.value.impl.ModifiableRecord
780
RGL_VALUE_1774 class nl.tudelft.rdfgears.rgl.datamodel.value.impl.ModifiableRecord
781
RGL_VALUE_1776 class nl.tudelft.rdfgears.rgl.datamodel.value.impl.ModifiableRecord
782
RGL_VALUE_1778 class nl.tudelft.rdfgears.rgl.datamodel.value.impl.ModifiableRecord
783
RGL_VALUE_1780 class nl.tudelft.rdfgears.rgl.datamodel.value.impl.ModifiableRecord
784
RGL_VALUE_1782 class nl.tudelft.rdfgears.rgl.datamodel.value.impl.ModifiableRecord
785
RGL_VALUE_1784 class nl.tudelft.rdfgears.rgl.datamodel.value.impl.ModifiableRecord
786
RGL_VALUE_1786 class nl.tudelft.rdfgears.rgl.datamodel.value.impl.ModifiableRecord
787
RGL_VALUE_1788 class nl.tudelft.rdfgears.rgl.datamodel.value.impl.ModifiableRecord
788
RGL_VALUE_1790 class nl.tudelft.rdfgears.rgl.datamodel.value.impl.ModifiableRecord
789
RGL_VALUE_1792 class nl.tudelft.rdfgears.rgl.datamodel.value.impl.ModifiableRecord
790
RGL_VALUE_1794 class nl.tudelft.rdfgears.rgl.datamodel.value.impl.ModifiableRecord
791
RGL_VALUE_1796 class nl.tudelft.rdfgears.rgl.datamodel.value.impl.ModifiableRecord
792
RGL_VALUE_1798 class nl.tudelft.rdfgears.rgl.datamodel.value.impl.ModifiableRecord
793
RGL_VALUE_1800 class nl.tudelft.rdfgears.rgl.datamodel.value.impl.ModifiableRecord
794
RGL_VALUE_1802 class nl.tudelft.rdfgears.rgl.datamodel.value.impl.ModifiableRecord
795
RGL_VALUE_1804 class nl.tudelft.rdfgears.rgl.datamodel.value.impl.ModifiableRecord
796
RGL_VALUE_1806 class nl.tudelft.rdfgears.rgl.datamodel.value.impl.ModifiableRecord
797
RGL_VALUE_1808 class nl.tudelft.rdfgears.rgl.datamodel.value.impl.ModifiableRecord
798
RGL_VALUE_1810 class nl.tudelft.rdfgears.rgl.datamodel.value.impl.ModifiableRecord
799
RGL_VALUE_1812 class nl.tudelft.rdfgears.rgl.datamodel.value.impl.ModifiableRecord
800
RGL_VALUE_1815 class nl.tudelft.rdfgears.rgl.datamodel.value.impl.ModifiableRecord
801
RGL_VALUE_1817 class nl.tudelft.rdfgears.rgl.datamodel.value.impl.ModifiableRecord
802
RGL_VALUE_1819 class nl.tudelft.rdfgears.rgl.datamodel.value.impl.ModifiableRecord
803
RGL_VALUE_1821 class nl.tudelft.rdfgears.rgl.datamodel.value.impl.ModifiableRecord
804
RGL_VALUE_1823 class nl.tudelft.rdfgears.rgl.datamodel.value.impl.ModifiableRecord
805
RGL_VALUE_1825 class nl.tudelft.rdfgears.rgl.datamodel.value.impl.ModifiableRecord
806
RGL_VALUE_1827 class nl.tudelft.rdfgears.rgl.datamodel.value.impl.ModifiableRecord
807
RGL_VALUE_1829 class nl.tudelft.rdfgears.rgl.datamodel.value.impl.ModifiableRecord
808
RGL_VALUE_1831 class nl.tudelft.rdfgears.rgl.datamodel.value.impl.ModifiableRecord
809
RGL_VALUE_1833 class nl.tudelft.rdfgears.rgl.datamodel.value.impl.ModifiableRecord
810
RGL_VALUE_1835 class nl.tudelft.rdfgears.rgl.datamodel.value.impl.ModifiableRecord
811
RGL_VALUE_1837 class nl.tudelft.rdfgears.rgl.datamodel.value.impl.ModifiableRecord
812
RGL_VALUE_1839 class nl.tudelft.rdfgears.rgl.datamodel.value.impl.ModifiableRecord
813
RGL_VALUE_1841 class nl.tudelft.rdfgears.rgl.datamodel.value.impl.ModifiableRecord
814
RGL_VALUE_1843 class nl.tudelft.rdfgears.rgl.datamodel.value.impl.ModifiableRecord
815
RGL_VALUE_1845 class nl.tudelft.rdfgears.rgl.datamodel.value.impl.ModifiableRecord
816
RGL_VALUE_1847 class nl.tudelft.rdfgears.rgl.datamodel.value.impl.ModifiableRecord
817
RGL_VALUE_1849 class nl.tudelft.rdfgears.rgl.datamodel.value.impl.ModifiableRecord
818
RGL_VALUE_1851 class nl.tudelft.rdfgears.rgl.datamodel.value.impl.ModifiableRecord
819
RGL_VALUE_1853 class nl.tudelft.rdfgears.rgl.datamodel.value.impl.ModifiableRecord
820
RGL_VALUE_1855 class nl.tudelft.rdfgears.rgl.datamodel.value.impl.ModifiableRecord
821
RGL_VALUE_1857 class nl.tudelft.rdfgears.rgl.datamodel.value.impl.ModifiableRecord
822
RGL_VALUE_1859 class nl.tudelft.rdfgears.rgl.datamodel.value.impl.ModifiableRecord
823
RGL_VALUE_1861 class nl.tudelft.rdfgears.rgl.datamodel.value.impl.ModifiableRecord
824
RGL_VALUE_1863 class nl.tudelft.rdfgears.rgl.datamodel.value.impl.ModifiableRecord
825
RGL_VALUE_1865 class nl.tudelft.rdfgears.rgl.datamodel.value.impl.ModifiableRecord
826
RGL_VALUE_1867 class nl.tudelft.rdfgears.rgl.datamodel.value.impl.ModifiableRecord
827
RGL_VALUE_1869 class nl.tudelft.rdfgears.rgl.datamodel.value.impl.ModifiableRecord
828
RGL_VALUE_1871 class nl.tudelft.rdfgears.rgl.datamodel.value.impl.ModifiableRecord
829
RGL_VALUE_1873 class nl.tudelft.rdfgears.rgl.datamodel.value.impl.ModifiableRecord
830
RGL_VALUE_1875 class nl.tudelft.rdfgears.rgl.datamodel.value.impl.ModifiableRecord
831
RGL_VALUE_1877 class nl.tudelft.rdfgears.rgl.datamodel.value.impl.ModifiableRecord
832
RGL_VALUE_1879 class nl.tudelft.rdfgears.rgl.datamodel.value.impl.ModifiableRecord
833
RGL_VALUE_1881 class nl.tudelft.rdfgears.rgl.datamodel.value.impl.ModifiableRecord
834
RGL_VALUE_1883 class nl.tudelft.rdfgears.rgl.datamodel.value.impl.ModifiableRecord
835
RGL_VALUE_1885 class nl.tudelft.rdfgears.rgl.datamodel.value.impl.ModifiableRecord
836
RGL_VALUE_1887 class nl.tudelft.rdfgears.rgl.datamodel.value.impl.ModifiableRecord
837
RGL_VALUE_1889 class nl.tudelft.rdfgears.rgl.datamodel.value.impl.ModifiableRecord
838
RGL_VALUE_1891 class nl.tudelft.rdfgears.rgl.datamodel.value.impl.ModifiableRecord
839
RGL_VALUE_1893 class nl.tudelft.rdfgears.rgl.datamodel.value.impl.ModifiableRecord
840
RGL_VALUE_1895 class nl.tudelft.rdfgears.rgl.datamodel.value.impl.ModifiableRecord
841
RGL_VALUE_1897 class nl.tudelft.rdfgears.rgl.datamodel.value.impl.ModifiableRecord
842
RGL_VALUE_1899 class nl.tudelft.rdfgears.rgl.datamodel.value.impl.ModifiableRecord
843
RGL_VALUE_1901 class nl.tudelft.rdfgears.rgl.datamodel.value.impl.ModifiableRecord
844
RGL_VALUE_1903 class nl.tudelft.rdfgears.rgl.datamodel.value.impl.ModifiableRecord
845
RGL_VALUE_1905 class nl.tudelft.rdfgears.rgl.datamodel.value.impl.ModifiableRecord
846
RGL_VALUE_1907 class nl.tudelft.rdfgears.rgl.datamodel.value.impl.ModifiableRecord
847
RGL_VALUE_1909 class nl.tudelft.rdfgears.rgl.datamodel.value.impl.ModifiableRecord
848
RGL_VALUE_1911 class nl.tudelft.rdfgears.rgl.datamodel.value.impl.ModifiableRecord
849
RGL_VALUE_1913 class nl.tudelft.rdfgears.rgl.datamodel.value.impl.ModifiableRecord
850
RGL_VALUE_1915 class nl.tudelft.rdfgears.rgl.datamodel.value.impl.ModifiableRecord
851
RGL_VALUE_1917 class nl.tudelft.rdfgears.rgl.datamodel.value.impl.ModifiableRecord
852
RGL_VALUE_1919 class nl.tudelft.rdfgears.rgl.datamodel.value.impl.ModifiableRecord
853
RGL_VALUE_1921 class nl.tudelft.rdfgears.rgl.datamodel.value.impl.ModifiableRecord
854
RGL_VALUE_1923 class nl.tudelft.rdfgears.rgl.datamodel.value.impl.ModifiableRecord
855
RGL_VALUE_1925 class nl.tudelft.rdfgears.rgl.datamodel.value.impl.ModifiableRecord
856
RGL_VALUE_1927 class nl.tudelft.rdfgears.rgl.datamodel.value.impl.ModifiableRecord
857
RGL_VALUE_1929 class nl.tudelft.rdfgears.rgl.datamodel.value.impl.ModifiableRecord
858
RGL_VALUE_1931 class nl.tudelft.rdfgears.rgl.datamodel.value.impl.ModifiableRecord
859
RGL_VALUE_1933 class nl.tudelft.rdfgears.rgl.datamodel.value.impl.ModifiableRecord
860
RGL_VALUE_1935 class nl.tudelft.rdfgears.rgl.datamodel.value.impl.ModifiableRecord
861
RGL_VALUE_1937 class nl.tudelft.rdfgears.rgl.datamodel.value.impl.ModifiableRecord
862
RGL_VALUE_1939 class nl.tudelft.rdfgears.rgl.datamodel.value.impl.ModifiableRecord
863
RGL_VALUE_1941 class nl.tudelft.rdfgears.rgl.datamodel.value.impl.ModifiableRecord
864
RGL_VALUE_1943 class nl.tudelft.rdfgears.rgl.datamodel.value.impl.ModifiableRecord
865
RGL_VALUE_1945 class nl.tudelft.rdfgears.rgl.datamodel.value.impl.ModifiableRecord
866
RGL_VALUE_1947 class nl.tudelft.rdfgears.rgl.datamodel.value.impl.ModifiableRecord
867
RGL_VALUE_1949 class nl.tudelft.rdfgears.rgl.datamodel.value.impl.ModifiableRecord
868
RGL_VALUE_1951 class nl.tudelft.rdfgears.rgl.datamodel.value.impl.ModifiableRecord
869
RGL_VALUE_1953 class nl.tudelft.rdfgears.rgl.datamodel.value.impl.ModifiableRecord
870
RGL_VALUE_1955 class nl.tudelft.rdfgears.rgl.datamodel.value.impl.ModifiableRecord
871
RGL_VALUE_1957 class nl.tudelft.rdfgears.rgl.datamodel.value.impl.ModifiableRecord
872
RGL_VALUE_1959 class nl.tudelft.rdfgears.rgl.datamodel.value.impl.ModifiableRecord
873
RGL_VALUE_1961 class nl.tudelft.rdfgears.rgl.datamodel.value.impl.ModifiableRecord
874
RGL_VALUE_1963 class nl.tudelft.rdfgears.rgl.datamodel.value.impl.ModifiableRecord
875
RGL_VALUE_1965 class nl.tudelft.rdfgears.rgl.datamodel.value.impl.ModifiableRecord
876
RGL_VALUE_1967 class nl.tudelft.rdfgears.rgl.datamodel.value.impl.ModifiableRecord
877
RGL_VALUE_1969 class nl.tudelft.rdfgears.rgl.datamodel.value.impl.ModifiableRecord
878
RGL_VALUE_1971 class nl.tudelft.rdfgears.rgl.datamodel.value.impl.ModifiableRecord
879
RGL_VALUE_1973 class nl.tudelft.rdfgears.rgl.datamodel.value.impl.ModifiableRecord
880
RGL_VALUE_1975 class nl.tudelft.rdfgears.rgl.datamodel.value.impl.ModifiableRecord
881
RGL_VALUE_1977 class nl.tudelft.rdfgears.rgl.datamodel.value.impl.ModifiableRecord
882
RGL_VALUE_1979 class nl.tudelft.rdfgears.rgl.datamodel.value.impl.ModifiableRecord
883
RGL_VALUE_1981 class nl.tudelft.rdfgears.rgl.datamodel.value.impl.ModifiableRecord
884
RGL_VALUE_1983 class nl.tudelft.rdfgears.rgl.datamodel.value.impl.ModifiableRecord
885
RGL_VALUE_1985 class nl.tudelft.rdfgears.rgl.datamodel.value.impl.ModifiableRecord
886
RGL_VALUE_1987 class nl.tudelft.rdfgears.rgl.datamodel.value.impl.ModifiableRecord
887
RGL_VALUE_1989 class nl.tudelft.rdfgears.rgl.datamodel.value.impl.ModifiableRecord
888
RGL_VALUE_1991 class nl.tudelft.rdfgears.rgl.datamodel.value.impl.ModifiableRecord
889
RGL_VALUE_1993 class nl.tudelft.rdfgears.rgl.datamodel.value.impl.ModifiableRecord
890
RGL_VALUE_1995 class nl.tudelft.rdfgears.rgl.datamodel.value.impl.ModifiableRecord
891
RGL_VALUE_1997 class nl.tudelft.rdfgears.rgl.datamodel.value.impl.ModifiableRecord
892
RGL_VALUE_1999 class nl.tudelft.rdfgears.rgl.datamodel.value.impl.ModifiableRecord
893
RGL_VALUE_2001 class nl.tudelft.rdfgears.rgl.datamodel.value.impl.ModifiableRecord
894
RGL_VALUE_2003 class nl.tudelft.rdfgears.rgl.datamodel.value.impl.ModifiableRecord
895
RGL_VALUE_2005 class nl.tudelft.rdfgears.rgl.datamodel.value.impl.ModifiableRecord
896
RGL_VALUE_2007 class nl.tudelft.rdfgears.rgl.datamodel.value.impl.ModifiableRecord
897
RGL_VALUE_2009 class nl.tudelft.rdfgears.rgl.datamodel.value.impl.ModifiableRecord
898
RGL_VALUE_2011 class nl.tudelft.rdfgears.rgl.datamodel.value.impl.ModifiableRecord
899
RGL_VALUE_2013 class nl.tudelft.rdfgears.rgl.datamodel.value.impl.ModifiableRecord
900
RGL_VALUE_2016 class nl.tudelft.rdfgears.rgl.datamodel.value.impl.ModifiableRecord
901
RGL_VALUE_2018 class nl.tudelft.rdfgears.rgl.datamodel.value.impl.ModifiableRecord
902
RGL_VALUE_2020 class nl.tudelft.rdfgears.rgl.datamodel.value.impl.ModifiableRecord
903
RGL_VALUE_2022 class nl.tudelft.rdfgears.rgl.datamodel.value.impl.ModifiableRecord
904
RGL_VALUE_2024 class nl.tudelft.rdfgears.rgl.datamodel.value.impl.ModifiableRecord
905
RGL_VALUE_2026 class nl.tudelft.rdfgears.rgl.datamodel.value.impl.ModifiableRecord
906
RGL_VALUE_2028 class nl.tudelft.rdfgears.rgl.datamodel.value.impl.ModifiableRecord
907
RGL_VALUE_2030 class nl.tudelft.rdfgears.rgl.datamodel.value.impl.ModifiableRecord
908
RGL_VALUE_2032 class nl.tudelft.rdfgears.rgl.datamodel.value.impl.ModifiableRecord
909
RGL_VALUE_2034 class nl.tudelft.rdfgears.rgl.datamodel.value.impl.ModifiableRecord
910
RGL_VALUE_2036 class nl.tudelft.rdfgears.rgl.datamodel.value.impl.ModifiableRecord
911
RGL_VALUE_2038 class nl.tudelft.rdfgears.rgl.datamodel.value.impl.ModifiableRecord
912
RGL_VALUE_2040 class nl.tudelft.rdfgears.rgl.datamodel.value.impl.ModifiableRecord
913
RGL_VALUE_2042 class nl.tudelft.rdfgears.rgl.datamodel.value.impl.ModifiableRecord
914
RGL_VALUE_2044 class nl.tudelft.rdfgears.rgl.datamodel.value.impl.ModifiableRecord
915
RGL_VALUE_2046 class nl.tudelft.rdfgears.rgl.datamodel.value.impl.ModifiableRecord
916
RGL_VALUE_2048 class nl.tudelft.rdfgears.rgl.datamodel.value.impl.ModifiableRecord
917
RGL_VALUE_2050 class nl.tudelft.rdfgears.rgl.datamodel.value.impl.ModifiableRecord
918
RGL_VALUE_2052 class nl.tudelft.rdfgears.rgl.datamodel.value.impl.ModifiableRecord
919
RGL_VALUE_2054 class nl.tudelft.rdfgears.rgl.datamodel.value.impl.ModifiableRecord
920
RGL_VALUE_2056 class nl.tudelft.rdfgears.rgl.datamodel.value.impl.ModifiableRecord
921
RGL_VALUE_2058 class nl.tudelft.rdfgears.rgl.datamodel.value.impl.ModifiableRecord
922
RGL_VALUE_2060 class nl.tudelft.rdfgears.rgl.datamodel.value.impl.ModifiableRecord
923
RGL_VALUE_2062 class nl.tudelft.rdfgears.rgl.datamodel.value.impl.ModifiableRecord
924
RGL_VALUE_2064 class nl.tudelft.rdfgears.rgl.datamodel.value.impl.ModifiableRecord
925
RGL_VALUE_2066 class nl.tudelft.rdfgears.rgl.datamodel.value.impl.ModifiableRecord
926
RGL_VALUE_2068 class nl.tudelft.rdfgears.rgl.datamodel.value.impl.ModifiableRecord
927
RGL_VALUE_2070 class nl.tudelft.rdfgears.rgl.datamodel.value.impl.ModifiableRecord
928
RGL_VALUE_2072 class nl.tudelft.rdfgears.rgl.datamodel.value.impl.ModifiableRecord
929
RGL_VALUE_2074 class nl.tudelft.rdfgears.rgl.datamodel.value.impl.ModifiableRecord
930
RGL_VALUE_2076 class nl.tudelft.rdfgears.rgl.datamodel.value.impl.ModifiableRecord
931
RGL_VALUE_2078 class nl.tudelft.rdfgears.rgl.datamodel.value.impl.ModifiableRecord
932
RGL_VALUE_2080 class nl.tudelft.rdfgears.rgl.datamodel.value.impl.ModifiableRecord
933
RGL_VALUE_2082 class nl.tudelft.rdfgears.rgl.datamodel.value.impl.ModifiableRecord
934
RGL_VALUE_2084 class nl.tudelft.rdfgears.rgl.datamodel.value.impl.ModifiableRecord
935
RGL_VALUE_2086 class nl.tudelft.rdfgears.rgl.datamodel.value.impl.ModifiableRecord
936
RGL_VALUE_2088 class nl.tudelft.rdfgears.rgl.datamodel.value.impl.ModifiableRecord
937
RGL_VALUE_2090 class nl.tudelft.rdfgears.rgl.datamodel.value.impl.ModifiableRecord
938
RGL_VALUE_2092 class nl.tudelft.rdfgears.rgl.datamodel.value.impl.ModifiableRecord
939
RGL_VALUE_2094 class nl.tudelft.rdfgears.rgl.datamodel.value.impl.ModifiableRecord
940
RGL_VALUE_2096 class nl.tudelft.rdfgears.rgl.datamodel.value.impl.ModifiableRecord
941
RGL_VALUE_2098 class nl.tudelft.rdfgears.rgl.datamodel.value.impl.ModifiableRecord
942
RGL_VALUE_2100 class nl.tudelft.rdfgears.rgl.datamodel.value.impl.ModifiableRecord
943
RGL_VALUE_2102 class nl.tudelft.rdfgears.rgl.datamodel.value.impl.ModifiableRecord
944
RGL_VALUE_2104 class nl.tudelft.rdfgears.rgl.datamodel.value.impl.ModifiableRecord
945
RGL_VALUE_2106 class nl.tudelft.rdfgears.rgl.datamodel.value.impl.ModifiableRecord
946
RGL_VALUE_2108 class nl.tudelft.rdfgears.rgl.datamodel.value.impl.ModifiableRecord
947
RGL_VALUE_2110 class nl.tudelft.rdfgears.rgl.datamodel.value.impl.ModifiableRecord
948
RGL_VALUE_2112 class nl.tudelft.rdfgears.rgl.datamodel.value.impl.ModifiableRecord
949
RGL_VALUE_2114 class nl.tudelft.rdfgears.rgl.datamodel.value.impl.ModifiableRecord
950
RGL_VALUE_2116 class nl.tudelft.rdfgears.rgl.datamodel.value.impl.ModifiableRecord
951
RGL_VALUE_2118 class nl.tudelft.rdfgears.rgl.datamodel.value.impl.ModifiableRecord
952
RGL_VALUE_2120 class nl.tudelft.rdfgears.rgl.datamodel.value.impl.ModifiableRecord
953
RGL_VALUE_2122 class nl.tudelft.rdfgears.rgl.datamodel.value.impl.ModifiableRecord
954
RGL_VALUE_2124 class nl.tudelft.rdfgears.rgl.datamodel.value.impl.ModifiableRecord
955
RGL_VALUE_2126 class nl.tudelft.rdfgears.rgl.datamodel.value.impl.ModifiableRecord
956
RGL_VALUE_2128 class nl.tudelft.rdfgears.rgl.datamodel.value.impl.ModifiableRecord
957
RGL_VALUE_2130 class nl.tudelft.rdfgears.rgl.datamodel.value.impl.ModifiableRecord
958
RGL_VALUE_2132 class nl.tudelft.rdfgears.rgl.datamodel.value.impl.ModifiableRecord
959
RGL_VALUE_2134 class nl.tudelft.rdfgears.rgl.datamodel.value.impl.ModifiableRecord
960
RGL_VALUE_2136 class nl.tudelft.rdfgears.rgl.datamodel.value.impl.ModifiableRecord
961
RGL_VALUE_2138 class nl.tudelft.rdfgears.rgl.datamodel.value.impl.ModifiableRecord
962
RGL_VALUE_2140 class nl.tudelft.rdfgears.rgl.datamodel.value.impl.ModifiableRecord
963
RGL_VALUE_2142 class nl.tudelft.rdfgears.rgl.datamodel.value.impl.ModifiableRecord
964
RGL_VALUE_2144 class nl.tudelft.rdfgears.rgl.datamodel.value.impl.ModifiableRecord
965
RGL_VALUE_2146 class nl.tudelft.rdfgears.rgl.datamodel.value.impl.ModifiableRecord
966
RGL_VALUE_2148 class nl.tudelft.rdfgears.rgl.datamodel.value.impl.ModifiableRecord
967
RGL_VALUE_2150 class nl.tudelft.rdfgears.rgl.datamodel.value.impl.ModifiableRecord
968
RGL_VALUE_2152 class nl.tudelft.rdfgears.rgl.datamodel.value.impl.ModifiableRecord
969
RGL_VALUE_2154 class nl.tudelft.rdfgears.rgl.datamodel.value.impl.ModifiableRecord
970
RGL_VALUE_2156 class nl.tudelft.rdfgears.rgl.datamodel.value.impl.ModifiableRecord
971
RGL_VALUE_2158 class nl.tudelft.rdfgears.rgl.datamodel.value.impl.ModifiableRecord
972
RGL_VALUE_2160 class nl.tudelft.rdfgears.rgl.datamodel.value.impl.ModifiableRecord
973
RGL_VALUE_2162 class nl.tudelft.rdfgears.rgl.datamodel.value.impl.ModifiableRecord
974
RGL_VALUE_2164 class nl.tudelft.rdfgears.rgl.datamodel.value.impl.ModifiableRecord
975
RGL_VALUE_2166 class nl.tudelft.rdfgears.rgl.datamodel.value.impl.ModifiableRecord
976
RGL_VALUE_2168 class nl.tudelft.rdfgears.rgl.datamodel.value.impl.ModifiableRecord
977
RGL_VALUE_2170 class nl.tudelft.rdfgears.rgl.datamodel.value.impl.ModifiableRecord
978
RGL_VALUE_2172 class nl.tudelft.rdfgears.rgl.datamodel.value.impl.ModifiableRecord
979
RGL_VALUE_2174 class nl.tudelft.rdfgears.rgl.datamodel.value.impl.ModifiableRecord
980
RGL_VALUE_2176 class nl.tudelft.rdfgears.rgl.datamodel.value.impl.ModifiableRecord
981
RGL_VALUE_2178 class nl.tudelft.rdfgears.rgl.datamodel.value.impl.ModifiableRecord
982
RGL_VALUE_2180 class nl.tudelft.rdfgears.rgl.datamodel.value.impl.ModifiableRecord
983
RGL_VALUE_2182 class nl.tudelft.rdfgears.rgl.datamodel.value.impl.ModifiableRecord
984
RGL_VALUE_2184 class nl.tudelft.rdfgears.rgl.datamodel.value.impl.ModifiableRecord
985
RGL_VALUE_2186 class nl.tudelft.rdfgears.rgl.datamodel.value.impl.ModifiableRecord
986
RGL_VALUE_2188 class nl.tudelft.rdfgears.rgl.datamodel.value.impl.ModifiableRecord
987
RGL_VALUE_2190 class nl.tudelft.rdfgears.rgl.datamodel.value.impl.ModifiableRecord
988
RGL_VALUE_2192 class nl.tudelft.rdfgears.rgl.datamodel.value.impl.ModifiableRecord
989
RGL_VALUE_2194 class nl.tudelft.rdfgears.rgl.datamodel.value.impl.ModifiableRecord
990
RGL_VALUE_2196 class nl.tudelft.rdfgears.rgl.datamodel.value.impl.ModifiableRecord
991
RGL_VALUE_2198 class nl.tudelft.rdfgears.rgl.datamodel.value.impl.ModifiableRecord
992
RGL_VALUE_2200 class nl.tudelft.rdfgears.rgl.datamodel.value.impl.ModifiableRecord
993
RGL_VALUE_2202 class nl.tudelft.rdfgears.rgl.datamodel.value.impl.ModifiableRecord
994
RGL_VALUE_2204 class nl.tudelft.rdfgears.rgl.datamodel.value.impl.ModifiableRecord
995
RGL_VALUE_2206 class nl.tudelft.rdfgears.rgl.datamodel.value.impl.ModifiableRecord
996
RGL_VALUE_2208 class nl.tudelft.rdfgears.rgl.datamodel.value.impl.ModifiableRecord
997
RGL_VALUE_2210 class nl.tudelft.rdfgears.rgl.datamodel.value.impl.ModifiableRecord
998
RGL_VALUE_2212 class nl.tudelft.rdfgears.rgl.datamodel.value.impl.ModifiableRecord
999
RGL_VALUE_2214 class nl.tudelft.rdfgears.rgl.datamodel.value.impl.ModifiableRecord
1000
RGL_VALUE_2217 class nl.tudelft.rdfgears.rgl.datamodel.value.impl.ModifiableRecord
1001
RGL_VALUE_2219 class nl.tudelft.rdfgears.rgl.datamodel.value.impl.ModifiableRecord
1002
RGL_VALUE_2221 class nl.tudelft.rdfgears.rgl.datamodel.value.impl.ModifiableRecord
1003
RGL_VALUE_2223 class nl.tudelft.rdfgears.rgl.datamodel.value.impl.ModifiableRecord
1004
RGL_VALUE_2225 class nl.tudelft.rdfgears.rgl.datamodel.value.impl.ModifiableRecord
1005
RGL_VALUE_2227 class nl.tudelft.rdfgears.rgl.datamodel.value.impl.ModifiableRecord
1006
RGL_VALUE_2229 class nl.tudelft.rdfgears.rgl.datamodel.value.impl.ModifiableRecord
1007
RGL_VALUE_2231 class nl.tudelft.rdfgears.rgl.datamodel.value.impl.ModifiableRecord
1008
RGL_VALUE_2233 class nl.tudelft.rdfgears.rgl.datamodel.value.impl.ModifiableRecord
1009
RGL_VALUE_2235 class nl.tudelft.rdfgears.rgl.datamodel.value.impl.ModifiableRecord
1010
RGL_VALUE_2237 class nl.tudelft.rdfgears.rgl.datamodel.value.impl.ModifiableRecord
1011
RGL_VALUE_2239 class nl.tudelft.rdfgears.rgl.datamodel.value.impl.ModifiableRecord
1012
RGL_VALUE_2241 class nl.tudelft.rdfgears.rgl.datamodel.value.impl.ModifiableRecord
1013
RGL_VALUE_2243 class nl.tudelft.rdfgears.rgl.datamodel.value.impl.ModifiableRecord
1014
RGL_VALUE_2245 class nl.tudelft.rdfgears.rgl.datamodel.value.impl.ModifiableRecord
1015
RGL_VALUE_2247 class nl.tudelft.rdfgears.rgl.datamodel.value.impl.ModifiableRecord
1016
RGL_VALUE_2249 class nl.tudelft.rdfgears.rgl.datamodel.value.impl.ModifiableRecord
1017
RGL_VALUE_2251 class nl.tudelft.rdfgears.rgl.datamodel.value.impl.ModifiableRecord
1018
RGL_VALUE_2253 class nl.tudelft.rdfgears.rgl.datamodel.value.impl.ModifiableRecord
1019
RGL_VALUE_2255 class nl.tudelft.rdfgears.rgl.datamodel.value.impl.ModifiableRecord
1020
RGL_VALUE_2257 class nl.tudelft.rdfgears.rgl.datamodel.value.impl.ModifiableRecord
1021
RGL_VALUE_2259 class nl.tudelft.rdfgears.rgl.datamodel.value.impl.ModifiableRecord
1022
RGL_VALUE_2261 class nl.tudelft.rdfgears.rgl.datamodel.value.impl.ModifiableRecord
1023
RGL_VALUE_2263 class nl.tudelft.rdfgears.rgl.datamodel.value.impl.ModifiableRecord
1024
RGL_VALUE_2265 class nl.tudelft.rdfgears.rgl.datamodel.value.impl.ModifiableRecord
1025
RGL_VALUE_2267 class nl.tudelft.rdfgears.rgl.datamodel.value.impl.ModifiableRecord
1026
RGL_VALUE_2269 class nl.tudelft.rdfgears.rgl.datamodel.value.impl.ModifiableRecord
1027
RGL_VALUE_2271 class nl.tudelft.rdfgears.rgl.datamodel.value.impl.ModifiableRecord
1028
RGL_VALUE_2273 class nl.tudelft.rdfgears.rgl.datamodel.value.impl.ModifiableRecord
1029
RGL_VALUE_2275 class nl.tudelft.rdfgears.rgl.datamodel.value.impl.ModifiableRecord
1030
RGL_VALUE_2277 class nl.tudelft.rdfgears.rgl.datamodel.value.impl.ModifiableRecord
1031
RGL_VALUE_2279 class nl.tudelft.rdfgears.rgl.datamodel.value.impl.ModifiableRecord
1032
RGL_VALUE_2281 class nl.tudelft.rdfgears.rgl.datamodel.value.impl.ModifiableRecord
1033
RGL_VALUE_2283 class nl.tudelft.rdfgears.rgl.datamodel.value.impl.ModifiableRecord
1034
RGL_VALUE_2285 class nl.tudelft.rdfgears.rgl.datamodel.value.impl.ModifiableRecord
1035
RGL_VALUE_2287 class nl.tudelft.rdfgears.rgl.datamodel.value.impl.ModifiableRecord
1036
RGL_VALUE_2289 class nl.tudelft.rdfgears.rgl.datamodel.value.impl.ModifiableRecord
1037
RGL_VALUE_2291 class nl.tudelft.rdfgears.rgl.datamodel.value.impl.ModifiableRecord
1038
RGL_VALUE_2293 class nl.tudelft.rdfgears.rgl.datamodel.value.impl.ModifiableRecord
1039
RGL_VALUE_2295 class nl.tudelft.rdfgears.rgl.datamodel.value.impl.ModifiableRecord
1040
RGL_VALUE_2297 class nl.tudelft.rdfgears.rgl.datamodel.value.impl.ModifiableRecord
1041
RGL_VALUE_2299 class nl.tudelft.rdfgears.rgl.datamodel.value.impl.ModifiableRecord
1042
RGL_VALUE_2301 class nl.tudelft.rdfgears.rgl.datamodel.value.impl.ModifiableRecord
1043
RGL_VALUE_2303 class nl.tudelft.rdfgears.rgl.datamodel.value.impl.ModifiableRecord
1044
RGL_VALUE_2305 class nl.tudelft.rdfgears.rgl.datamodel.value.impl.ModifiableRecord
1045
RGL_VALUE_2307 class nl.tudelft.rdfgears.rgl.datamodel.value.impl.ModifiableRecord
1046
RGL_VALUE_2309 class nl.tudelft.rdfgears.rgl.datamodel.value.impl.ModifiableRecord
1047
RGL_VALUE_2311 class nl.tudelft.rdfgears.rgl.datamodel.value.impl.ModifiableRecord
1048
RGL_VALUE_2313 class nl.tudelft.rdfgears.rgl.datamodel.value.impl.ModifiableRecord
1049
RGL_VALUE_2315 class nl.tudelft.rdfgears.rgl.datamodel.value.impl.ModifiableRecord
1050
RGL_VALUE_2317 class nl.tudelft.rdfgears.rgl.datamodel.value.impl.ModifiableRecord
1051
RGL_VALUE_2319 class nl.tudelft.rdfgears.rgl.datamodel.value.impl.ModifiableRecord
1052
RGL_VALUE_2321 class nl.tudelft.rdfgears.rgl.datamodel.value.impl.ModifiableRecord
1053
RGL_VALUE_2323 class nl.tudelft.rdfgears.rgl.datamodel.value.impl.ModifiableRecord
1054
RGL_VALUE_2325 class nl.tudelft.rdfgears.rgl.datamodel.value.impl.ModifiableRecord
1055
RGL_VALUE_2327 class nl.tudelft.rdfgears.rgl.datamodel.value.impl.ModifiableRecord
1056
RGL_VALUE_2329 class nl.tudelft.rdfgears.rgl.datamodel.value.impl.ModifiableRecord
1057
RGL_VALUE_2331 class nl.tudelft.rdfgears.rgl.datamodel.value.impl.ModifiableRecord
1058
RGL_VALUE_2333 class nl.tudelft.rdfgears.rgl.datamodel.value.impl.ModifiableRecord
1059
RGL_VALUE_2335 class nl.tudelft.rdfgears.rgl.datamodel.value.impl.ModifiableRecord
1060
RGL_VALUE_2337 class nl.tudelft.rdfgears.rgl.datamodel.value.impl.ModifiableRecord
1061
RGL_VALUE_2339 class nl.tudelft.rdfgears.rgl.datamodel.value.impl.ModifiableRecord
1062
RGL_VALUE_2341 class nl.tudelft.rdfgears.rgl.datamodel.value.impl.ModifiableRecord
1063
RGL_VALUE_2343 class nl.tudelft.rdfgears.rgl.datamodel.value.impl.ModifiableRecord
1064
RGL_VALUE_2345 class nl.tudelft.rdfgears.rgl.datamodel.value.impl.ModifiableRecord
1065
RGL_VALUE_2347 class nl.tudelft.rdfgears.rgl.datamodel.value.impl.ModifiableRecord
1066
RGL_VALUE_2349 class nl.tudelft.rdfgears.rgl.datamodel.value.impl.ModifiableRecord
1067
RGL_VALUE_2351 class nl.tudelft.rdfgears.rgl.datamodel.value.impl.ModifiableRecord
1068
RGL_VALUE_2353 class nl.tudelft.rdfgears.rgl.datamodel.value.impl.ModifiableRecord
1069
RGL_VALUE_2355 class nl.tudelft.rdfgears.rgl.datamodel.value.impl.ModifiableRecord
1070
RGL_VALUE_2357 class nl.tudelft.rdfgears.rgl.datamodel.value.impl.ModifiableRecord
1071
RGL_VALUE_2359 class nl.tudelft.rdfgears.rgl.datamodel.value.impl.ModifiableRecord
1072
RGL_VALUE_2361 class nl.tudelft.rdfgears.rgl.datamodel.value.impl.ModifiableRecord
1073
RGL_VALUE_2363 class nl.tudelft.rdfgears.rgl.datamodel.value.impl.ModifiableRecord
1074
RGL_VALUE_2365 class nl.tudelft.rdfgears.rgl.datamodel.value.impl.ModifiableRecord
1075
RGL_VALUE_2367 class nl.tudelft.rdfgears.rgl.datamodel.value.impl.ModifiableRecord
1076
RGL_VALUE_2369 class nl.tudelft.rdfgears.rgl.datamodel.value.impl.ModifiableRecord
1077
RGL_VALUE_2371 class nl.tudelft.rdfgears.rgl.datamodel.value.impl.ModifiableRecord
1078
RGL_VALUE_2373 class nl.tudelft.rdfgears.rgl.datamodel.value.impl.ModifiableRecord
1079
RGL_VALUE_2375 class nl.tudelft.rdfgears.rgl.datamodel.value.impl.ModifiableRecord
1080
RGL_VALUE_2377 class nl.tudelft.rdfgears.rgl.datamodel.value.impl.ModifiableRecord
1081
RGL_VALUE_2379 class nl.tudelft.rdfgears.rgl.datamodel.value.impl.ModifiableRecord
1082
RGL_VALUE_2381 class nl.tudelft.rdfgears.rgl.datamodel.value.impl.ModifiableRecord
1083
RGL_VALUE_2383 class nl.tudelft.rdfgears.rgl.datamodel.value.impl.ModifiableRecord
1084
RGL_VALUE_2385 class nl.tudelft.rdfgears.rgl.datamodel.value.impl.ModifiableRecord
1085
RGL_VALUE_2387 class nl.tudelft.rdfgears.rgl.datamodel.value.impl.ModifiableRecord
1086
RGL_VALUE_2389 class nl.tudelft.rdfgears.rgl.datamodel.value.impl.ModifiableRecord
1087
RGL_VALUE_2391 class nl.tudelft.rdfgears.rgl.datamodel.value.impl.ModifiableRecord
1088
RGL_VALUE_2393 class nl.tudelft.rdfgears.rgl.datamodel.value.impl.ModifiableRecord
1089
RGL_VALUE_2395 class nl.tudelft.rdfgears.rgl.datamodel.value.impl.ModifiableRecord
1090
RGL_VALUE_2397 class nl.tudelft.rdfgears.rgl.datamodel.value.impl.ModifiableRecord
1091
RGL_VALUE_2399 class nl.tudelft.rdfgears.rgl.datamodel.value.impl.ModifiableRecord
1092
RGL_VALUE_2401 class nl.tudelft.rdfgears.rgl.datamodel.value.impl.ModifiableRecord
1093
RGL_VALUE_2403 class nl.tudelft.rdfgears.rgl.datamodel.value.impl.ModifiableRecord
1094
RGL_VALUE_2405 class nl.tudelft.rdfgears.rgl.datamodel.value.impl.ModifiableRecord
1095
RGL_VALUE_2407 class nl.tudelft.rdfgears.rgl.datamodel.value.impl.ModifiableRecord
1096
RGL_VALUE_2409 class nl.tudelft.rdfgears.rgl.datamodel.value.impl.ModifiableRecord
1097
RGL_VALUE_2411 class nl.tudelft.rdfgears.rgl.datamodel.value.impl.ModifiableRecord
1098
RGL_VALUE_2413 class nl.tudelft.rdfgears.rgl.datamodel.value.impl.ModifiableRecord
1099
RGL_VALUE_2415 class nl.tudelft.rdfgears.rgl.datamodel.value.impl.ModifiableRecord
1100
RGL_VALUE_2418 class nl.tudelft.rdfgears.rgl.datamodel.value.impl.ModifiableRecord
1101
RGL_VALUE_2420 class nl.tudelft.rdfgears.rgl.datamodel.value.impl.ModifiableRecord
1102
RGL_VALUE_2422 class nl.tudelft.rdfgears.rgl.datamodel.value.impl.ModifiableRecord
1103
RGL_VALUE_2424 class nl.tudelft.rdfgears.rgl.datamodel.value.impl.ModifiableRecord
1104
RGL_VALUE_2426 class nl.tudelft.rdfgears.rgl.datamodel.value.impl.ModifiableRecord
1105
RGL_VALUE_2428 class nl.tudelft.rdfgears.rgl.datamodel.value.impl.ModifiableRecord
1106
RGL_VALUE_2430 class nl.tudelft.rdfgears.rgl.datamodel.value.impl.ModifiableRecord
1107
RGL_VALUE_2432 class nl.tudelft.rdfgears.rgl.datamodel.value.impl.ModifiableRecord
1108
RGL_VALUE_2434 class nl.tudelft.rdfgears.rgl.datamodel.value.impl.ModifiableRecord
1109
RGL_VALUE_2436 class nl.tudelft.rdfgears.rgl.datamodel.value.impl.ModifiableRecord
1110
RGL_VALUE_2438 class nl.tudelft.rdfgears.rgl.datamodel.value.impl.ModifiableRecord
1111
RGL_VALUE_2440 class nl.tudelft.rdfgears.rgl.datamodel.value.impl.ModifiableRecord
1112
RGL_VALUE_2442 class nl.tudelft.rdfgears.rgl.datamodel.value.impl.ModifiableRecord
1113
RGL_VALUE_2444 class nl.tudelft.rdfgears.rgl.datamodel.value.impl.ModifiableRecord
1114
RGL_VALUE_2446 class nl.tudelft.rdfgears.rgl.datamodel.value.impl.ModifiableRecord
1115
RGL_VALUE_2448 class nl.tudelft.rdfgears.rgl.datamodel.value.impl.ModifiableRecord
1116
RGL_VALUE_2450 class nl.tudelft.rdfgears.rgl.datamodel.value.impl.ModifiableRecord
1117
RGL_VALUE_2452 class nl.tudelft.rdfgears.rgl.datamodel.value.impl.ModifiableRecord
1118
RGL_VALUE_2454 class nl.tudelft.rdfgears.rgl.datamodel.value.impl.ModifiableRecord
1119
RGL_VALUE_2456 class nl.tudelft.rdfgears.rgl.datamodel.value.impl.ModifiableRecord
1120
RGL_VALUE_2458 class nl.tudelft.rdfgears.rgl.datamodel.value.impl.ModifiableRecord
1121
RGL_VALUE_2460 class nl.tudelft.rdfgears.rgl.datamodel.value.impl.ModifiableRecord
1122
RGL_VALUE_2462 class nl.tudelft.rdfgears.rgl.datamodel.value.impl.ModifiableRecord
1123
RGL_VALUE_2464 class nl.tudelft.rdfgears.rgl.datamodel.value.impl.ModifiableRecord
1124
RGL_VALUE_2466 class nl.tudelft.rdfgears.rgl.datamodel.value.impl.ModifiableRecord
1125
RGL_VALUE_2468 class nl.tudelft.rdfgears.rgl.datamodel.value.impl.ModifiableRecord
1126
RGL_VALUE_2470 class nl.tudelft.rdfgears.rgl.datamodel.value.impl.ModifiableRecord
1127
RGL_VALUE_2472 class nl.tudelft.rdfgears.rgl.datamodel.value.impl.ModifiableRecord
1128
RGL_VALUE_2474 class nl.tudelft.rdfgears.rgl.datamodel.value.impl.ModifiableRecord
1129
RGL_VALUE_2476 class nl.tudelft.rdfgears.rgl.datamodel.value.impl.ModifiableRecord
1130
RGL_VALUE_2478 class nl.tudelft.rdfgears.rgl.datamodel.value.impl.ModifiableRecord
1131
RGL_VALUE_2480 class nl.tudelft.rdfgears.rgl.datamodel.value.impl.ModifiableRecord
1132
RGL_VALUE_2482 class nl.tudelft.rdfgears.rgl.datamodel.value.impl.ModifiableRecord
1133
RGL_VALUE_2484 class nl.tudelft.rdfgears.rgl.datamodel.value.impl.ModifiableRecord
1134
RGL_VALUE_2486 class nl.tudelft.rdfgears.rgl.datamodel.value.impl.ModifiableRecord
1135
RGL_VALUE_2488 class nl.tudelft.rdfgears.rgl.datamodel.value.impl.ModifiableRecord
1136
RGL_VALUE_2490 class nl.tudelft.rdfgears.rgl.datamodel.value.impl.ModifiableRecord
1137
RGL_VALUE_2492 class nl.tudelft.rdfgears.rgl.datamodel.value.impl.ModifiableRecord
1138
RGL_VALUE_2494 class nl.tudelft.rdfgears.rgl.datamodel.value.impl.ModifiableRecord
1139
RGL_VALUE_2496 class nl.tudelft.rdfgears.rgl.datamodel.value.impl.ModifiableRecord
1140
RGL_VALUE_2498 class nl.tudelft.rdfgears.rgl.datamodel.value.impl.ModifiableRecord
1141
RGL_VALUE_2500 class nl.tudelft.rdfgears.rgl.datamodel.value.impl.ModifiableRecord
1142
RGL_VALUE_2502 class nl.tudelft.rdfgears.rgl.datamodel.value.impl.ModifiableRecord
1143
RGL_VALUE_2504 class nl.tudelft.rdfgears.rgl.datamodel.value.impl.ModifiableRecord
1144
RGL_VALUE_2506 class nl.tudelft.rdfgears.rgl.datamodel.value.impl.ModifiableRecord
1145
RGL_VALUE_2508 class nl.tudelft.rdfgears.rgl.datamodel.value.impl.ModifiableRecord
1146
RGL_VALUE_2510 class nl.tudelft.rdfgears.rgl.datamodel.value.impl.ModifiableRecord
1147
RGL_VALUE_2512 class nl.tudelft.rdfgears.rgl.datamodel.value.impl.ModifiableRecord
1148
RGL_VALUE_2514 class nl.tudelft.rdfgears.rgl.datamodel.value.impl.ModifiableRecord
1149
RGL_VALUE_2516 class nl.tudelft.rdfgears.rgl.datamodel.value.impl.ModifiableRecord
1150
RGL_VALUE_2518 class nl.tudelft.rdfgears.rgl.datamodel.value.impl.ModifiableRecord
1151
RGL_VALUE_2520 class nl.tudelft.rdfgears.rgl.datamodel.value.impl.ModifiableRecord
1152
RGL_VALUE_2522 class nl.tudelft.rdfgears.rgl.datamodel.value.impl.ModifiableRecord
1153
RGL_VALUE_2524 class nl.tudelft.rdfgears.rgl.datamodel.value.impl.ModifiableRecord
1154
RGL_VALUE_2526 class nl.tudelft.rdfgears.rgl.datamodel.value.impl.ModifiableRecord
1155
RGL_VALUE_2528 class nl.tudelft.rdfgears.rgl.datamodel.value.impl.ModifiableRecord
1156
RGL_VALUE_2530 class nl.tudelft.rdfgears.rgl.datamodel.value.impl.ModifiableRecord
1157
RGL_VALUE_2532 class nl.tudelft.rdfgears.rgl.datamodel.value.impl.ModifiableRecord
1158
RGL_VALUE_2534 class nl.tudelft.rdfgears.rgl.datamodel.value.impl.ModifiableRecord
1159
RGL_VALUE_2536 class nl.tudelft.rdfgears.rgl.datamodel.value.impl.ModifiableRecord
1160
RGL_VALUE_2538 class nl.tudelft.rdfgears.rgl.datamodel.value.impl.ModifiableRecord
1161
RGL_VALUE_2540 class nl.tudelft.rdfgears.rgl.datamodel.value.impl.ModifiableRecord
1162
RGL_VALUE_2542 class nl.tudelft.rdfgears.rgl.datamodel.value.impl.ModifiableRecord
1163
RGL_VALUE_2544 class nl.tudelft.rdfgears.rgl.datamodel.value.impl.ModifiableRecord
1164
RGL_VALUE_2546 class nl.tudelft.rdfgears.rgl.datamodel.value.impl.ModifiableRecord
1165
RGL_VALUE_2548 class nl.tudelft.rdfgears.rgl.datamodel.value.impl.ModifiableRecord
1166
RGL_VALUE_2550 class nl.tudelft.rdfgears.rgl.datamodel.value.impl.ModifiableRecord
1167
RGL_VALUE_2552 class nl.tudelft.rdfgears.rgl.datamodel.value.impl.ModifiableRecord
1168
RGL_VALUE_2554 class nl.tudelft.rdfgears.rgl.datamodel.value.impl.ModifiableRecord
1169
RGL_VALUE_2556 class nl.tudelft.rdfgears.rgl.datamodel.value.impl.ModifiableRecord
1170
RGL_VALUE_2558 class nl.tudelft.rdfgears.rgl.datamodel.value.impl.ModifiableRecord
1171
RGL_VALUE_2560 class nl.tudelft.rdfgears.rgl.datamodel.value.impl.ModifiableRecord
1172
RGL_VALUE_2562 class nl.tudelft.rdfgears.rgl.datamodel.value.impl.ModifiableRecord
1173
RGL_VALUE_2564 class nl.tudelft.rdfgears.rgl.datamodel.value.impl.ModifiableRecord
1174
RGL_VALUE_2566 class nl.tudelft.rdfgears.rgl.datamodel.value.impl.ModifiableRecord
1175
RGL_VALUE_2568 class nl.tudelft.rdfgears.rgl.datamodel.value.impl.ModifiableRecord
1176
RGL_VALUE_2570 class nl.tudelft.rdfgears.rgl.datamodel.value.impl.ModifiableRecord
1177
RGL_VALUE_2572 class nl.tudelft.rdfgears.rgl.datamodel.value.impl.ModifiableRecord
1178
RGL_VALUE_2574 class nl.tudelft.rdfgears.rgl.datamodel.value.impl.ModifiableRecord
1179
RGL_VALUE_2576 class nl.tudelft.rdfgears.rgl.datamodel.value.impl.ModifiableRecord
1180
RGL_VALUE_2578 class nl.tudelft.rdfgears.rgl.datamodel.value.impl.ModifiableRecord
1181
RGL_VALUE_2580 class nl.tudelft.rdfgears.rgl.datamodel.value.impl.ModifiableRecord
1182
RGL_VALUE_2582 class nl.tudelft.rdfgears.rgl.datamodel.value.impl.ModifiableRecord
1183
RGL_VALUE_2584 class nl.tudelft.rdfgears.rgl.datamodel.value.impl.ModifiableRecord
1184
RGL_VALUE_2586 class nl.tudelft.rdfgears.rgl.datamodel.value.impl.ModifiableRecord
1185
RGL_VALUE_2588 class nl.tudelft.rdfgears.rgl.datamodel.value.impl.ModifiableRecord
1186
RGL_VALUE_2590 class nl.tudelft.rdfgears.rgl.datamodel.value.impl.ModifiableRecord
1187
RGL_VALUE_2592 class nl.tudelft.rdfgears.rgl.datamodel.value.impl.ModifiableRecord
1188
RGL_VALUE_2594 class nl.tudelft.rdfgears.rgl.datamodel.value.impl.ModifiableRecord
1189
RGL_VALUE_2596 class nl.tudelft.rdfgears.rgl.datamodel.value.impl.ModifiableRecord
1190
RGL_VALUE_2598 class nl.tudelft.rdfgears.rgl.datamodel.value.impl.ModifiableRecord
1191
RGL_VALUE_2600 class nl.tudelft.rdfgears.rgl.datamodel.value.impl.ModifiableRecord
1192
RGL_VALUE_2602 class nl.tudelft.rdfgears.rgl.datamodel.value.impl.ModifiableRecord
1193
RGL_VALUE_2604 class nl.tudelft.rdfgears.rgl.datamodel.value.impl.ModifiableRecord
1194
RGL_VALUE_2606 class nl.tudelft.rdfgears.rgl.datamodel.value.impl.ModifiableRecord
1195
RGL_VALUE_2608 class nl.tudelft.rdfgears.rgl.datamodel.value.impl.ModifiableRecord
1196
RGL_VALUE_2610 class nl.tudelft.rdfgears.rgl.datamodel.value.impl.ModifiableRecord
1197
RGL_VALUE_2612 class nl.tudelft.rdfgears.rgl.datamodel.value.impl.ModifiableRecord
1198
RGL_VALUE_2614 class nl.tudelft.rdfgears.rgl.datamodel.value.impl.ModifiableRecord
1199
RGL_VALUE_2616 class nl.tudelft.rdfgears.rgl.datamodel.value.impl.ModifiableRecord
1200
RGL_VALUE_2619 class nl.tudelft.rdfgears.rgl.datamodel.value.impl.ModifiableRecord
1201
RGL_VALUE_2621 class nl.tudelft.rdfgears.rgl.datamodel.value.impl.ModifiableRecord
1202
RGL_VALUE_2623 class nl.tudelft.rdfgears.rgl.datamodel.value.impl.ModifiableRecord
1203
RGL_VALUE_2625 class nl.tudelft.rdfgears.rgl.datamodel.value.impl.ModifiableRecord
1204
RGL_VALUE_2627 class nl.tudelft.rdfgears.rgl.datamodel.value.impl.ModifiableRecord
1205
RGL_VALUE_2629 class nl.tudelft.rdfgears.rgl.datamodel.value.impl.ModifiableRecord
1206
RGL_VALUE_2631 class nl.tudelft.rdfgears.rgl.datamodel.value.impl.ModifiableRecord
1207
RGL_VALUE_2633 class nl.tudelft.rdfgears.rgl.datamodel.value.impl.ModifiableRecord
1208
RGL_VALUE_2635 class nl.tudelft.rdfgears.rgl.datamodel.value.impl.ModifiableRecord
1209
RGL_VALUE_2637 class nl.tudelft.rdfgears.rgl.datamodel.value.impl.ModifiableRecord
1210
RGL_VALUE_2639 class nl.tudelft.rdfgears.rgl.datamodel.value.impl.ModifiableRecord
1211
RGL_VALUE_2641 class nl.tudelft.rdfgears.rgl.datamodel.value.impl.ModifiableRecord
1212
RGL_VALUE_2643 class nl.tudelft.rdfgears.rgl.datamodel.value.impl.ModifiableRecord
1213
RGL_VALUE_2645 class nl.tudelft.rdfgears.rgl.datamodel.value.impl.ModifiableRecord
1214
RGL_VALUE_2647 class nl.tudelft.rdfgears.rgl.datamodel.value.impl.ModifiableRecord
1215
RGL_VALUE_2649 class nl.tudelft.rdfgears.rgl.datamodel.value.impl.ModifiableRecord
1216
RGL_VALUE_2651 class nl.tudelft.rdfgears.rgl.datamodel.value.impl.ModifiableRecord
1217
RGL_VALUE_2653 class nl.tudelft.rdfgears.rgl.datamodel.value.impl.ModifiableRecord
1218
RGL_VALUE_2655 class nl.tudelft.rdfgears.rgl.datamodel.value.impl.ModifiableRecord
1219
RGL_VALUE_2657 class nl.tudelft.rdfgears.rgl.datamodel.value.impl.ModifiableRecord
1220
RGL_VALUE_2659 class nl.tudelft.rdfgears.rgl.datamodel.value.impl.ModifiableRecord
1221
RGL_VALUE_2661 class nl.tudelft.rdfgears.rgl.datamodel.value.impl.ModifiableRecord
1222
RGL_VALUE_2663 class nl.tudelft.rdfgears.rgl.datamodel.value.impl.ModifiableRecord
1223
RGL_VALUE_2665 class nl.tudelft.rdfgears.rgl.datamodel.value.impl.ModifiableRecord
1224
RGL_VALUE_2667 class nl.tudelft.rdfgears.rgl.datamodel.value.impl.ModifiableRecord
1225
RGL_VALUE_2669 class nl.tudelft.rdfgears.rgl.datamodel.value.impl.ModifiableRecord
1226
RGL_VALUE_2671 class nl.tudelft.rdfgears.rgl.datamodel.value.impl.ModifiableRecord
1227
RGL_VALUE_2673 class nl.tudelft.rdfgears.rgl.datamodel.value.impl.ModifiableRecord
1228
RGL_VALUE_2675 class nl.tudelft.rdfgears.rgl.datamodel.value.impl.ModifiableRecord
1229
RGL_VALUE_2677 class nl.tudelft.rdfgears.rgl.datamodel.value.impl.ModifiableRecord
1230
RGL_VALUE_2679 class nl.tudelft.rdfgears.rgl.datamodel.value.impl.ModifiableRecord
1231
RGL_VALUE_2681 class nl.tudelft.rdfgears.rgl.datamodel.value.impl.ModifiableRecord
1232
RGL_VALUE_2683 class nl.tudelft.rdfgears.rgl.datamodel.value.impl.ModifiableRecord
1233
RGL_VALUE_2685 class nl.tudelft.rdfgears.rgl.datamodel.value.impl.ModifiableRecord
1234
RGL_VALUE_2687 class nl.tudelft.rdfgears.rgl.datamodel.value.impl.ModifiableRecord
1235
RGL_VALUE_2689 class nl.tudelft.rdfgears.rgl.datamodel.value.impl.ModifiableRecord
1236
RGL_VALUE_2691 class nl.tudelft.rdfgears.rgl.datamodel.value.impl.ModifiableRecord
1237
RGL_VALUE_2693 class nl.tudelft.rdfgears.rgl.datamodel.value.impl.ModifiableRecord
1238
RGL_VALUE_2695 class nl.tudelft.rdfgears.rgl.datamodel.value.impl.ModifiableRecord
1239
RGL_VALUE_2697 class nl.tudelft.rdfgears.rgl.datamodel.value.impl.ModifiableRecord
1240
RGL_VALUE_2699 class nl.tudelft.rdfgears.rgl.datamodel.value.impl.ModifiableRecord
1241
RGL_VALUE_2701 class nl.tudelft.rdfgears.rgl.datamodel.value.impl.ModifiableRecord
1242
RGL_VALUE_2703 class nl.tudelft.rdfgears.rgl.datamodel.value.impl.ModifiableRecord
1243
RGL_VALUE_2705 class nl.tudelft.rdfgears.rgl.datamodel.value.impl.ModifiableRecord
1244
RGL_VALUE_2707 class nl.tudelft.rdfgears.rgl.datamodel.value.impl.ModifiableRecord
1245
RGL_VALUE_2709 class nl.tudelft.rdfgears.rgl.datamodel.value.impl.ModifiableRecord
1246
RGL_VALUE_2711 class nl.tudelft.rdfgears.rgl.datamodel.value.impl.ModifiableRecord
1247
RGL_VALUE_2713 class nl.tudelft.rdfgears.rgl.datamodel.value.impl.ModifiableRecord
1248
RGL_VALUE_2715 class nl.tudelft.rdfgears.rgl.datamodel.value.impl.ModifiableRecord
1249
RGL_VALUE_2717 class nl.tudelft.rdfgears.rgl.datamodel.value.impl.ModifiableRecord
1250
RGL_VALUE_2719 class nl.tudelft.rdfgears.rgl.datamodel.value.impl.ModifiableRecord
1251
RGL_VALUE_2721 class nl.tudelft.rdfgears.rgl.datamodel.value.impl.ModifiableRecord
1252
RGL_VALUE_2723 class nl.tudelft.rdfgears.rgl.datamodel.value.impl.ModifiableRecord
1253
RGL_VALUE_2725 class nl.tudelft.rdfgears.rgl.datamodel.value.impl.ModifiableRecord
1254
RGL_VALUE_2727 class nl.tudelft.rdfgears.rgl.datamodel.value.impl.ModifiableRecord
1255
RGL_VALUE_2729 class nl.tudelft.rdfgears.rgl.datamodel.value.impl.ModifiableRecord
1256
RGL_VALUE_2731 class nl.tudelft.rdfgears.rgl.datamodel.value.impl.ModifiableRecord
1257
RGL_VALUE_2733 class nl.tudelft.rdfgears.rgl.datamodel.value.impl.ModifiableRecord
1258
RGL_VALUE_2735 class nl.tudelft.rdfgears.rgl.datamodel.value.impl.ModifiableRecord
1259
RGL_VALUE_2737 class nl.tudelft.rdfgears.rgl.datamodel.value.impl.ModifiableRecord
1260
RGL_VALUE_2739 class nl.tudelft.rdfgears.rgl.datamodel.value.impl.ModifiableRecord
1261
RGL_VALUE_2741 class nl.tudelft.rdfgears.rgl.datamodel.value.impl.ModifiableRecord
1262
RGL_VALUE_2743 class nl.tudelft.rdfgears.rgl.datamodel.value.impl.ModifiableRecord
1263
RGL_VALUE_2745 class nl.tudelft.rdfgears.rgl.datamodel.value.impl.ModifiableRecord
1264
RGL_VALUE_2747 class nl.tudelft.rdfgears.rgl.datamodel.value.impl.ModifiableRecord
1265
RGL_VALUE_2749 class nl.tudelft.rdfgears.rgl.datamodel.value.impl.ModifiableRecord
1266
RGL_VALUE_2751 class nl.tudelft.rdfgears.rgl.datamodel.value.impl.ModifiableRecord
1267
RGL_VALUE_2753 class nl.tudelft.rdfgears.rgl.datamodel.value.impl.ModifiableRecord
1268
RGL_VALUE_2755 class nl.tudelft.rdfgears.rgl.datamodel.value.impl.ModifiableRecord
1269
RGL_VALUE_2757 class nl.tudelft.rdfgears.rgl.datamodel.value.impl.ModifiableRecord
1270
RGL_VALUE_2759 class nl.tudelft.rdfgears.rgl.datamodel.value.impl.ModifiableRecord
1271
RGL_VALUE_2761 class nl.tudelft.rdfgears.rgl.datamodel.value.impl.ModifiableRecord
1272
RGL_VALUE_2763 class nl.tudelft.rdfgears.rgl.datamodel.value.impl.ModifiableRecord
1273
RGL_VALUE_2765 class nl.tudelft.rdfgears.rgl.datamodel.value.impl.ModifiableRecord
1274
RGL_VALUE_2767 class nl.tudelft.rdfgears.rgl.datamodel.value.impl.ModifiableRecord
1275
RGL_VALUE_2769 class nl.tudelft.rdfgears.rgl.datamodel.value.impl.ModifiableRecord
1276
RGL_VALUE_2771 class nl.tudelft.rdfgears.rgl.datamodel.value.impl.ModifiableRecord
1277
RGL_VALUE_2773 class nl.tudelft.rdfgears.rgl.datamodel.value.impl.ModifiableRecord
1278
RGL_VALUE_2775 class nl.tudelft.rdfgears.rgl.datamodel.value.impl.ModifiableRecord
1279
RGL_VALUE_2777 class nl.tudelft.rdfgears.rgl.datamodel.value.impl.ModifiableRecord
1280
RGL_VALUE_2779 class nl.tudelft.rdfgears.rgl.datamodel.value.impl.ModifiableRecord
1281
RGL_VALUE_2781 class nl.tudelft.rdfgears.rgl.datamodel.value.impl.ModifiableRecord
1282
RGL_VALUE_2783 class nl.tudelft.rdfgears.rgl.datamodel.value.impl.ModifiableRecord
1283
RGL_VALUE_2785 class nl.tudelft.rdfgears.rgl.datamodel.value.impl.ModifiableRecord
1284
RGL_VALUE_2787 class nl.tudelft.rdfgears.rgl.datamodel.value.impl.ModifiableRecord
1285
RGL_VALUE_2789 class nl.tudelft.rdfgears.rgl.datamodel.value.impl.ModifiableRecord
1286
RGL_VALUE_2791 class nl.tudelft.rdfgears.rgl.datamodel.value.impl.ModifiableRecord
1287
RGL_VALUE_2793 class nl.tudelft.rdfgears.rgl.datamodel.value.impl.ModifiableRecord
1288
RGL_VALUE_2795 class nl.tudelft.rdfgears.rgl.datamodel.value.impl.ModifiableRecord
1289
RGL_VALUE_2797 class nl.tudelft.rdfgears.rgl.datamodel.value.impl.ModifiableRecord
1290
RGL_VALUE_2799 class nl.tudelft.rdfgears.rgl.datamodel.value.impl.ModifiableRecord
1291
RGL_VALUE_2801 class nl.tudelft.rdfgears.rgl.datamodel.value.impl.ModifiableRecord
1292
RGL_VALUE_2803 class nl.tudelft.rdfgears.rgl.datamodel.value.impl.ModifiableRecord
1293
RGL_VALUE_2805 class nl.tudelft.rdfgears.rgl.datamodel.value.impl.ModifiableRecord
1294
RGL_VALUE_2807 class nl.tudelft.rdfgears.rgl.datamodel.value.impl.ModifiableRecord
1295
RGL_VALUE_2809 class nl.tudelft.rdfgears.rgl.datamodel.value.impl.ModifiableRecord
1296
RGL_VALUE_2811 class nl.tudelft.rdfgears.rgl.datamodel.value.impl.ModifiableRecord
1297
RGL_VALUE_2813 class nl.tudelft.rdfgears.rgl.datamodel.value.impl.ModifiableRecord
1298
RGL_VALUE_2815 class nl.tudelft.rdfgears.rgl.datamodel.value.impl.ModifiableRecord
1299
RGL_VALUE_2817 class nl.tudelft.rdfgears.rgl.datamodel.value.impl.ModifiableRecord
1300
RGL_VALUE_2820 class nl.tudelft.rdfgears.rgl.datamodel.value.impl.ModifiableRecord
1301
RGL_VALUE_2822 class nl.tudelft.rdfgears.rgl.datamodel.value.impl.ModifiableRecord
1302
RGL_VALUE_2824 class nl.tudelft.rdfgears.rgl.datamodel.value.impl.ModifiableRecord
1303
RGL_VALUE_2826 class nl.tudelft.rdfgears.rgl.datamodel.value.impl.ModifiableRecord
1304
RGL_VALUE_2828 class nl.tudelft.rdfgears.rgl.datamodel.value.impl.ModifiableRecord
1305
RGL_VALUE_2830 class nl.tudelft.rdfgears.rgl.datamodel.value.impl.ModifiableRecord
1306
RGL_VALUE_2832 class nl.tudelft.rdfgears.rgl.datamodel.value.impl.ModifiableRecord
1307
RGL_VALUE_2834 class nl.tudelft.rdfgears.rgl.datamodel.value.impl.ModifiableRecord
1308
RGL_VALUE_2836 class nl.tudelft.rdfgears.rgl.datamodel.value.impl.ModifiableRecord
1309
RGL_VALUE_2838 class nl.tudelft.rdfgears.rgl.datamodel.value.impl.ModifiableRecord
1310
RGL_VALUE_2840 class nl.tudelft.rdfgears.rgl.datamodel.value.impl.ModifiableRecord
1311
RGL_VALUE_2842 class nl.tudelft.rdfgears.rgl.datamodel.value.impl.ModifiableRecord
1312
RGL_VALUE_2844 class nl.tudelft.rdfgears.rgl.datamodel.value.impl.ModifiableRecord
1313
RGL_VALUE_2846 class nl.tudelft.rdfgears.rgl.datamodel.value.impl.ModifiableRecord
1314
RGL_VALUE_2848 class nl.tudelft.rdfgears.rgl.datamodel.value.impl.ModifiableRecord
1315
RGL_VALUE_2850 class nl.tudelft.rdfgears.rgl.datamodel.value.impl.ModifiableRecord
1316
RGL_VALUE_2852 class nl.tudelft.rdfgears.rgl.datamodel.value.impl.ModifiableRecord
1317
RGL_VALUE_2854 class nl.tudelft.rdfgears.rgl.datamodel.value.impl.ModifiableRecord
1318
RGL_VALUE_2856 class nl.tudelft.rdfgears.rgl.datamodel.value.impl.ModifiableRecord
1319
RGL_VALUE_2858 class nl.tudelft.rdfgears.rgl.datamodel.value.impl.ModifiableRecord
1320
RGL_VALUE_2860 class nl.tudelft.rdfgears.rgl.datamodel.value.impl.ModifiableRecord
1321
RGL_VALUE_2862 class nl.tudelft.rdfgears.rgl.datamodel.value.impl.ModifiableRecord
1322
RGL_VALUE_2864 class nl.tudelft.rdfgears.rgl.datamodel.value.impl.ModifiableRecord
1323
RGL_VALUE_2866 class nl.tudelft.rdfgears.rgl.datamodel.value.impl.ModifiableRecord
1324
RGL_VALUE_2868 class nl.tudelft.rdfgears.rgl.datamodel.value.impl.ModifiableRecord
1325
RGL_VALUE_2870 class nl.tudelft.rdfgears.rgl.datamodel.value.impl.ModifiableRecord
1326
RGL_VALUE_2872 class nl.tudelft.rdfgears.rgl.datamodel.value.impl.ModifiableRecord
1327
RGL_VALUE_2874 class nl.tudelft.rdfgears.rgl.datamodel.value.impl.ModifiableRecord
1328
RGL_VALUE_2876 class nl.tudelft.rdfgears.rgl.datamodel.value.impl.ModifiableRecord
1329
RGL_VALUE_2878 class nl.tudelft.rdfgears.rgl.datamodel.value.impl.ModifiableRecord
1330
RGL_VALUE_2880 class nl.tudelft.rdfgears.rgl.datamodel.value.impl.ModifiableRecord
1331
RGL_VALUE_2882 class nl.tudelft.rdfgears.rgl.datamodel.value.impl.ModifiableRecord
1332
RGL_VALUE_2884 class nl.tudelft.rdfgears.rgl.datamodel.value.impl.ModifiableRecord
1333
RGL_VALUE_2886 class nl.tudelft.rdfgears.rgl.datamodel.value.impl.ModifiableRecord
1334
RGL_VALUE_2888 class nl.tudelft.rdfgears.rgl.datamodel.value.impl.ModifiableRecord
1335
RGL_VALUE_2890 class nl.tudelft.rdfgears.rgl.datamodel.value.impl.ModifiableRecord
1336
RGL_VALUE_2892 class nl.tudelft.rdfgears.rgl.datamodel.value.impl.ModifiableRecord
1337
RGL_VALUE_2894 class nl.tudelft.rdfgears.rgl.datamodel.value.impl.ModifiableRecord
1338
RGL_VALUE_2896 class nl.tudelft.rdfgears.rgl.datamodel.value.impl.ModifiableRecord
1339
RGL_VALUE_2898 class nl.tudelft.rdfgears.rgl.datamodel.value.impl.ModifiableRecord
1340
RGL_VALUE_2900 class nl.tudelft.rdfgears.rgl.datamodel.value.impl.ModifiableRecord
1341
RGL_VALUE_2902 class nl.tudelft.rdfgears.rgl.datamodel.value.impl.ModifiableRecord
1342
RGL_VALUE_2904 class nl.tudelft.rdfgears.rgl.datamodel.value.impl.ModifiableRecord
1343
RGL_VALUE_2906 class nl.tudelft.rdfgears.rgl.datamodel.value.impl.ModifiableRecord
1344
RGL_VALUE_2908 class nl.tudelft.rdfgears.rgl.datamodel.value.impl.ModifiableRecord
1345
RGL_VALUE_2910 class nl.tudelft.rdfgears.rgl.datamodel.value.impl.ModifiableRecord
1346
RGL_VALUE_2912 class nl.tudelft.rdfgears.rgl.datamodel.value.impl.ModifiableRecord
1347
RGL_VALUE_2914 class nl.tudelft.rdfgears.rgl.datamodel.value.impl.ModifiableRecord
1348
RGL_VALUE_2916 class nl.tudelft.rdfgears.rgl.datamodel.value.impl.ModifiableRecord
1349
RGL_VALUE_2918 class nl.tudelft.rdfgears.rgl.datamodel.value.impl.ModifiableRecord
1350
RGL_VALUE_2920 class nl.tudelft.rdfgears.rgl.datamodel.value.impl.ModifiableRecord
1351
RGL_VALUE_2922 class nl.tudelft.rdfgears.rgl.datamodel.value.impl.ModifiableRecord
1352
RGL_VALUE_2924 class nl.tudelft.rdfgears.rgl.datamodel.value.impl.ModifiableRecord
1353
RGL_VALUE_2926 class nl.tudelft.rdfgears.rgl.datamodel.value.impl.ModifiableRecord
1354
RGL_VALUE_2928 class nl.tudelft.rdfgears.rgl.datamodel.value.impl.ModifiableRecord
1355
RGL_VALUE_2930 class nl.tudelft.rdfgears.rgl.datamodel.value.impl.ModifiableRecord
1356
RGL_VALUE_2932 class nl.tudelft.rdfgears.rgl.datamodel.value.impl.ModifiableRecord
1357
RGL_VALUE_2934 class nl.tudelft.rdfgears.rgl.datamodel.value.impl.ModifiableRecord
1358
RGL_VALUE_2936 class nl.tudelft.rdfgears.rgl.datamodel.value.impl.ModifiableRecord
1359
RGL_VALUE_2938 class nl.tudelft.rdfgears.rgl.datamodel.value.impl.ModifiableRecord
1360
RGL_VALUE_2940 class nl.tudelft.rdfgears.rgl.datamodel.value.impl.ModifiableRecord
1361
RGL_VALUE_2942 class nl.tudelft.rdfgears.rgl.datamodel.value.impl.ModifiableRecord
1362
RGL_VALUE_2944 class nl.tudelft.rdfgears.rgl.datamodel.value.impl.ModifiableRecord
1363
RGL_VALUE_2946 class nl.tudelft.rdfgears.rgl.datamodel.value.impl.ModifiableRecord
1364
RGL_VALUE_2948 class nl.tudelft.rdfgears.rgl.datamodel.value.impl.ModifiableRecord
1365
RGL_VALUE_2950 class nl.tudelft.rdfgears.rgl.datamodel.value.impl.ModifiableRecord
1366
RGL_VALUE_2952 class nl.tudelft.rdfgears.rgl.datamodel.value.impl.ModifiableRecord
1367
RGL_VALUE_2954 class nl.tudelft.rdfgears.rgl.datamodel.value.impl.ModifiableRecord
1368
RGL_VALUE_2956 class nl.tudelft.rdfgears.rgl.datamodel.value.impl.ModifiableRecord
1369
RGL_VALUE_2958 class nl.tudelft.rdfgears.rgl.datamodel.value.impl.ModifiableRecord
1370
RGL_VALUE_2960 class nl.tudelft.rdfgears.rgl.datamodel.value.impl.ModifiableRecord
1371
RGL_VALUE_2962 class nl.tudelft.rdfgears.rgl.datamodel.value.impl.ModifiableRecord
1372
RGL_VALUE_2964 class nl.tudelft.rdfgears.rgl.datamodel.value.impl.ModifiableRecord
1373
RGL_VALUE_2966 class nl.tudelft.rdfgears.rgl.datamodel.value.impl.ModifiableRecord
1374
RGL_VALUE_2968 class nl.tudelft.rdfgears.rgl.datamodel.value.impl.ModifiableRecord
1375
RGL_VALUE_2970 class nl.tudelft.rdfgears.rgl.datamodel.value.impl.ModifiableRecord
1376
RGL_VALUE_2972 class nl.tudelft.rdfgears.rgl.datamodel.value.impl.ModifiableRecord
1377
RGL_VALUE_2974 class nl.tudelft.rdfgears.rgl.datamodel.value.impl.ModifiableRecord
1378
RGL_VALUE_2976 class nl.tudelft.rdfgears.rgl.datamodel.value.impl.ModifiableRecord
1379
RGL_VALUE_2978 class nl.tudelft.rdfgears.rgl.datamodel.value.impl.ModifiableRecord
1380
RGL_VALUE_2980 class nl.tudelft.rdfgears.rgl.datamodel.value.impl.ModifiableRecord
1381
RGL_VALUE_2982 class nl.tudelft.rdfgears.rgl.datamodel.value.impl.ModifiableRecord
1382
RGL_VALUE_2984 class nl.tudelft.rdfgears.rgl.datamodel.value.impl.ModifiableRecord
1383
RGL_VALUE_2986 class nl.tudelft.rdfgears.rgl.datamodel.value.impl.ModifiableRecord
1384
RGL_VALUE_2988 class nl.tudelft.rdfgears.rgl.datamodel.value.impl.ModifiableRecord
1385
RGL_VALUE_2990 class nl.tudelft.rdfgears.rgl.datamodel.value.impl.ModifiableRecord
1386
RGL_VALUE_2992 class nl.tudelft.rdfgears.rgl.datamodel.value.impl.ModifiableRecord
1387
RGL_VALUE_2994 class nl.tudelft.rdfgears.rgl.datamodel.value.impl.ModifiableRecord
1388
RGL_VALUE_2996 class nl.tudelft.rdfgears.rgl.datamodel.value.impl.ModifiableRecord
1389
RGL_VALUE_2998 class nl.tudelft.rdfgears.rgl.datamodel.value.impl.ModifiableRecord
1390
RGL_VALUE_3000 class nl.tudelft.rdfgears.rgl.datamodel.value.impl.ModifiableRecord
1391
RGL_VALUE_3002 class nl.tudelft.rdfgears.rgl.datamodel.value.impl.ModifiableRecord
1392
RGL_VALUE_3004 class nl.tudelft.rdfgears.rgl.datamodel.value.impl.ModifiableRecord
1393
RGL_VALUE_3006 class nl.tudelft.rdfgears.rgl.datamodel.value.impl.ModifiableRecord
1394
RGL_VALUE_3008 class nl.tudelft.rdfgears.rgl.datamodel.value.impl.ModifiableRecord
1395
RGL_VALUE_3010 class nl.tudelft.rdfgears.rgl.datamodel.value.impl.ModifiableRecord
1396
RGL_VALUE_3012 class nl.tudelft.rdfgears.rgl.datamodel.value.impl.ModifiableRecord
1397
RGL_VALUE_3014 class nl.tudelft.rdfgears.rgl.datamodel.value.impl.ModifiableRecord
1398
RGL_VALUE_3016 class nl.tudelft.rdfgears.rgl.datamodel.value.impl.ModifiableRecord
1399
RGL_VALUE_3018 class nl.tudelft.rdfgears.rgl.datamodel.value.impl.ModifiableRecord
1400
RGL_VALUE_3021 class nl.tudelft.rdfgears.rgl.datamodel.value.impl.ModifiableRecord
1401
RGL_VALUE_3023 class nl.tudelft.rdfgears.rgl.datamodel.value.impl.ModifiableRecord
1402
RGL_VALUE_3025 class nl.tudelft.rdfgears.rgl.datamodel.value.impl.ModifiableRecord
1403
RGL_VALUE_3027 class nl.tudelft.rdfgears.rgl.datamodel.value.impl.ModifiableRecord
1404
RGL_VALUE_3029 class nl.tudelft.rdfgears.rgl.datamodel.value.impl.ModifiableRecord
1405
RGL_VALUE_3031 class nl.tudelft.rdfgears.rgl.datamodel.value.impl.ModifiableRecord
1406
RGL_VALUE_3033 class nl.tudelft.rdfgears.rgl.datamodel.value.impl.ModifiableRecord
1407
RGL_VALUE_3035 class nl.tudelft.rdfgears.rgl.datamodel.value.impl.ModifiableRecord
1408
RGL_VALUE_3037 class nl.tudelft.rdfgears.rgl.datamodel.value.impl.ModifiableRecord
1409
RGL_VALUE_3039 class nl.tudelft.rdfgears.rgl.datamodel.value.impl.ModifiableRecord
1410
RGL_VALUE_3041 class nl.tudelft.rdfgears.rgl.datamodel.value.impl.ModifiableRecord
1411
RGL_VALUE_3043 class nl.tudelft.rdfgears.rgl.datamodel.value.impl.ModifiableRecord
1412
RGL_VALUE_3045 class nl.tudelft.rdfgears.rgl.datamodel.value.impl.ModifiableRecord
1413
RGL_VALUE_3047 class nl.tudelft.rdfgears.rgl.datamodel.value.impl.ModifiableRecord
1414
RGL_VALUE_3049 class nl.tudelft.rdfgears.rgl.datamodel.value.impl.ModifiableRecord
1415
RGL_VALUE_3051 class nl.tudelft.rdfgears.rgl.datamodel.value.impl.ModifiableRecord
1416
RGL_VALUE_3053 class nl.tudelft.rdfgears.rgl.datamodel.value.impl.ModifiableRecord
1417
RGL_VALUE_3055 class nl.tudelft.rdfgears.rgl.datamodel.value.impl.ModifiableRecord
1418
RGL_VALUE_3057 class nl.tudelft.rdfgears.rgl.datamodel.value.impl.ModifiableRecord
1419
RGL_VALUE_3059 class nl.tudelft.rdfgears.rgl.datamodel.value.impl.ModifiableRecord
1420
RGL_VALUE_3061 class nl.tudelft.rdfgears.rgl.datamodel.value.impl.ModifiableRecord
1421
RGL_VALUE_3063 class nl.tudelft.rdfgears.rgl.datamodel.value.impl.ModifiableRecord
1422
RGL_VALUE_3065 class nl.tudelft.rdfgears.rgl.datamodel.value.impl.ModifiableRecord
1423
RGL_VALUE_3067 class nl.tudelft.rdfgears.rgl.datamodel.value.impl.ModifiableRecord
1424
RGL_VALUE_3069 class nl.tudelft.rdfgears.rgl.datamodel.value.impl.ModifiableRecord
1425
RGL_VALUE_3071 class nl.tudelft.rdfgears.rgl.datamodel.value.impl.ModifiableRecord
1426
RGL_VALUE_3073 class nl.tudelft.rdfgears.rgl.datamodel.value.impl.ModifiableRecord
1427
RGL_VALUE_3075 class nl.tudelft.rdfgears.rgl.datamodel.value.impl.ModifiableRecord
1428
RGL_VALUE_3077 class nl.tudelft.rdfgears.rgl.datamodel.value.impl.ModifiableRecord
1429
RGL_VALUE_3079 class nl.tudelft.rdfgears.rgl.datamodel.value.impl.ModifiableRecord
1430
RGL_VALUE_3081 class nl.tudelft.rdfgears.rgl.datamodel.value.impl.ModifiableRecord
1431
RGL_VALUE_3083 class nl.tudelft.rdfgears.rgl.datamodel.value.impl.ModifiableRecord
1432
RGL_VALUE_3085 class nl.tudelft.rdfgears.rgl.datamodel.value.impl.ModifiableRecord
1433
RGL_VALUE_3087 class nl.tudelft.rdfgears.rgl.datamodel.value.impl.ModifiableRecord
1434
RGL_VALUE_3089 class nl.tudelft.rdfgears.rgl.datamodel.value.impl.ModifiableRecord
1435
RGL_VALUE_3091 class nl.tudelft.rdfgears.rgl.datamodel.value.impl.ModifiableRecord
1436
RGL_VALUE_3093 class nl.tudelft.rdfgears.rgl.datamodel.value.impl.ModifiableRecord
1437
RGL_VALUE_3095 class nl.tudelft.rdfgears.rgl.datamodel.value.impl.ModifiableRecord
1438
RGL_VALUE_3097 class nl.tudelft.rdfgears.rgl.datamodel.value.impl.ModifiableRecord
1439
RGL_VALUE_3099 class nl.tudelft.rdfgears.rgl.datamodel.value.impl.ModifiableRecord
1440
RGL_VALUE_3101 class nl.tudelft.rdfgears.rgl.datamodel.value.impl.ModifiableRecord
1441
RGL_VALUE_3103 class nl.tudelft.rdfgears.rgl.datamodel.value.impl.ModifiableRecord
1442
RGL_VALUE_3105 class nl.tudelft.rdfgears.rgl.datamodel.value.impl.ModifiableRecord
1443
RGL_VALUE_3107 class nl.tudelft.rdfgears.rgl.datamodel.value.impl.ModifiableRecord
1444
RGL_VALUE_3109 class nl.tudelft.rdfgears.rgl.datamodel.value.impl.ModifiableRecord
1445
RGL_VALUE_3111 class nl.tudelft.rdfgears.rgl.datamodel.value.impl.ModifiableRecord
1446
RGL_VALUE_3113 class nl.tudelft.rdfgears.rgl.datamodel.value.impl.ModifiableRecord
1447
RGL_VALUE_3115 class nl.tudelft.rdfgears.rgl.datamodel.value.impl.ModifiableRecord
1448
RGL_VALUE_3117 class nl.tudelft.rdfgears.rgl.datamodel.value.impl.ModifiableRecord
1449
RGL_VALUE_3119 class nl.tudelft.rdfgears.rgl.datamodel.value.impl.ModifiableRecord
1450
RGL_VALUE_3121 class nl.tudelft.rdfgears.rgl.datamodel.value.impl.ModifiableRecord
1451
RGL_VALUE_3123 class nl.tudelft.rdfgears.rgl.datamodel.value.impl.ModifiableRecord
1452
RGL_VALUE_3125 class nl.tudelft.rdfgears.rgl.datamodel.value.impl.ModifiableRecord
1453
RGL_VALUE_3127 class nl.tudelft.rdfgears.rgl.datamodel.value.impl.ModifiableRecord
1454
RGL_VALUE_3129 class nl.tudelft.rdfgears.rgl.datamodel.value.impl.ModifiableRecord
1455
RGL_VALUE_3131 class nl.tudelft.rdfgears.rgl.datamodel.value.impl.ModifiableRecord
1456
RGL_VALUE_3133 class nl.tudelft.rdfgears.rgl.datamodel.value.impl.ModifiableRecord
1457
RGL_VALUE_3135 class nl.tudelft.rdfgears.rgl.datamodel.value.impl.ModifiableRecord
1458
RGL_VALUE_3137 class nl.tudelft.rdfgears.rgl.datamodel.value.impl.ModifiableRecord
1459
RGL_VALUE_3139 class nl.tudelft.rdfgears.rgl.datamodel.value.impl.ModifiableRecord
1460
RGL_VALUE_3141 class nl.tudelft.rdfgears.rgl.datamodel.value.impl.ModifiableRecord
1461
RGL_VALUE_3143 class nl.tudelft.rdfgears.rgl.datamodel.value.impl.ModifiableRecord
1462
RGL_VALUE_3145 class nl.tudelft.rdfgears.rgl.datamodel.value.impl.ModifiableRecord
1463
RGL_VALUE_3147 class nl.tudelft.rdfgears.rgl.datamodel.value.impl.ModifiableRecord
1464
RGL_VALUE_3149 class nl.tudelft.rdfgears.rgl.datamodel.value.impl.ModifiableRecord
1465
RGL_VALUE_3151 class nl.tudelft.rdfgears.rgl.datamodel.value.impl.ModifiableRecord
1466
RGL_VALUE_3153 class nl.tudelft.rdfgears.rgl.datamodel.value.impl.ModifiableRecord
1467
RGL_VALUE_3155 class nl.tudelft.rdfgears.rgl.datamodel.value.impl.ModifiableRecord
1468
RGL_VALUE_3157 class nl.tudelft.rdfgears.rgl.datamodel.value.impl.ModifiableRecord
1469
RGL_VALUE_3159 class nl.tudelft.rdfgears.rgl.datamodel.value.impl.ModifiableRecord
1470
RGL_VALUE_3161 class nl.tudelft.rdfgears.rgl.datamodel.value.impl.ModifiableRecord
1471
RGL_VALUE_3163 class nl.tudelft.rdfgears.rgl.datamodel.value.impl.ModifiableRecord
1472
RGL_VALUE_3165 class nl.tudelft.rdfgears.rgl.datamodel.value.impl.ModifiableRecord
1473
RGL_VALUE_3167 class nl.tudelft.rdfgears.rgl.datamodel.value.impl.ModifiableRecord
1474
RGL_VALUE_3169 class nl.tudelft.rdfgears.rgl.datamodel.value.impl.ModifiableRecord
1475
RGL_VALUE_3171 class nl.tudelft.rdfgears.rgl.datamodel.value.impl.ModifiableRecord
1476
RGL_VALUE_3173 class nl.tudelft.rdfgears.rgl.datamodel.value.impl.ModifiableRecord
1477
RGL_VALUE_3175 class nl.tudelft.rdfgears.rgl.datamodel.value.impl.ModifiableRecord
1478
RGL_VALUE_3177 class nl.tudelft.rdfgears.rgl.datamodel.value.impl.ModifiableRecord
1479
RGL_VALUE_3179 class nl.tudelft.rdfgears.rgl.datamodel.value.impl.ModifiableRecord
1480
RGL_VALUE_3181 class nl.tudelft.rdfgears.rgl.datamodel.value.impl.ModifiableRecord
1481
RGL_VALUE_3183 class nl.tudelft.rdfgears.rgl.datamodel.value.impl.ModifiableRecord
1482
RGL_VALUE_3185 class nl.tudelft.rdfgears.rgl.datamodel.value.impl.ModifiableRecord
1483
RGL_VALUE_3187 class nl.tudelft.rdfgears.rgl.datamodel.value.impl.ModifiableRecord
1484
RGL_VALUE_3189 class nl.tudelft.rdfgears.rgl.datamodel.value.impl.ModifiableRecord
1485
RGL_VALUE_3191 class nl.tudelft.rdfgears.rgl.datamodel.value.impl.ModifiableRecord
1486
RGL_VALUE_3193 class nl.tudelft.rdfgears.rgl.datamodel.value.impl.ModifiableRecord
1487
RGL_VALUE_3195 class nl.tudelft.rdfgears.rgl.datamodel.value.impl.ModifiableRecord
1488
RGL_VALUE_3197 class nl.tudelft.rdfgears.rgl.datamodel.value.impl.ModifiableRecord
1489
RGL_VALUE_3199 class nl.tudelft.rdfgears.rgl.datamodel.value.impl.ModifiableRecord
1490
RGL_VALUE_3201 class nl.tudelft.rdfgears.rgl.datamodel.value.impl.ModifiableRecord
1491
RGL_VALUE_3203 class nl.tudelft.rdfgears.rgl.datamodel.value.impl.ModifiableRecord
1492
RGL_VALUE_3205 class nl.tudelft.rdfgears.rgl.datamodel.value.impl.ModifiableRecord
1493
RGL_VALUE_3207 class nl.tudelft.rdfgears.rgl.datamodel.value.impl.ModifiableRecord
1494
RGL_VALUE_3209 class nl.tudelft.rdfgears.rgl.datamodel.value.impl.ModifiableRecord
1495
RGL_VALUE_3211 class nl.tudelft.rdfgears.rgl.datamodel.value.impl.ModifiableRecord
1496
RGL_VALUE_3213 class nl.tudelft.rdfgears.rgl.datamodel.value.impl.ModifiableRecord
1497
RGL_VALUE_3215 class nl.tudelft.rdfgears.rgl.datamodel.value.impl.ModifiableRecord
1498
RGL_VALUE_3217 class nl.tudelft.rdfgears.rgl.datamodel.value.impl.ModifiableRecord
1499
RGL_VALUE_3219 class nl.tudelft.rdfgears.rgl.datamodel.value.impl.ModifiableRecord
1500
RGL_VALUE_3222 class nl.tudelft.rdfgears.rgl.datamodel.value.impl.ModifiableRecord
1501
RGL_VALUE_3224 class nl.tudelft.rdfgears.rgl.datamodel.value.impl.ModifiableRecord
1502
RGL_VALUE_3226 class nl.tudelft.rdfgears.rgl.datamodel.value.impl.ModifiableRecord
1503
RGL_VALUE_3228 class nl.tudelft.rdfgears.rgl.datamodel.value.impl.ModifiableRecord
1504
RGL_VALUE_3230 class nl.tudelft.rdfgears.rgl.datamodel.value.impl.ModifiableRecord
1505
RGL_VALUE_3232 class nl.tudelft.rdfgears.rgl.datamodel.value.impl.ModifiableRecord
1506
RGL_VALUE_3234 class nl.tudelft.rdfgears.rgl.datamodel.value.impl.ModifiableRecord
1507
RGL_VALUE_3236 class nl.tudelft.rdfgears.rgl.datamodel.value.impl.ModifiableRecord
1508
RGL_VALUE_3238 class nl.tudelft.rdfgears.rgl.datamodel.value.impl.ModifiableRecord
1509
RGL_VALUE_3240 class nl.tudelft.rdfgears.rgl.datamodel.value.impl.ModifiableRecord
1510
RGL_VALUE_3242 class nl.tudelft.rdfgears.rgl.datamodel.value.impl.ModifiableRecord
1511
RGL_VALUE_3244 class nl.tudelft.rdfgears.rgl.datamodel.value.impl.ModifiableRecord
1512
RGL_VALUE_3246 class nl.tudelft.rdfgears.rgl.datamodel.value.impl.ModifiableRecord
1513
RGL_VALUE_3248 class nl.tudelft.rdfgears.rgl.datamodel.value.impl.ModifiableRecord
1514
RGL_VALUE_3250 class nl.tudelft.rdfgears.rgl.datamodel.value.impl.ModifiableRecord
1515
RGL_VALUE_3252 class nl.tudelft.rdfgears.rgl.datamodel.value.impl.ModifiableRecord
1516
RGL_VALUE_3254 class nl.tudelft.rdfgears.rgl.datamodel.value.impl.ModifiableRecord
1517
RGL_VALUE_3256 class nl.tudelft.rdfgears.rgl.datamodel.value.impl.ModifiableRecord
1518
RGL_VALUE_3258 class nl.tudelft.rdfgears.rgl.datamodel.value.impl.ModifiableRecord
1519
RGL_VALUE_3260 class nl.tudelft.rdfgears.rgl.datamodel.value.impl.ModifiableRecord
1520
RGL_VALUE_3262 class nl.tudelft.rdfgears.rgl.datamodel.value.impl.ModifiableRecord
1521
RGL_VALUE_3264 class nl.tudelft.rdfgears.rgl.datamodel.value.impl.ModifiableRecord
1522
RGL_VALUE_3266 class nl.tudelft.rdfgears.rgl.datamodel.value.impl.ModifiableRecord
1523
RGL_VALUE_3268 class nl.tudelft.rdfgears.rgl.datamodel.value.impl.ModifiableRecord
1524
RGL_VALUE_3270 class nl.tudelft.rdfgears.rgl.datamodel.value.impl.ModifiableRecord
1525
RGL_VALUE_3272 class nl.tudelft.rdfgears.rgl.datamodel.value.impl.ModifiableRecord
1526
RGL_VALUE_3274 class nl.tudelft.rdfgears.rgl.datamodel.value.impl.ModifiableRecord
1527
RGL_VALUE_3276 class nl.tudelft.rdfgears.rgl.datamodel.value.impl.ModifiableRecord
1528
RGL_VALUE_3278 class nl.tudelft.rdfgears.rgl.datamodel.value.impl.ModifiableRecord
1529
RGL_VALUE_3280 class nl.tudelft.rdfgears.rgl.datamodel.value.impl.ModifiableRecord
1530
RGL_VALUE_3282 class nl.tudelft.rdfgears.rgl.datamodel.value.impl.ModifiableRecord
1531
RGL_VALUE_3284 class nl.tudelft.rdfgears.rgl.datamodel.value.impl.ModifiableRecord
1532
RGL_VALUE_3286 class nl.tudelft.rdfgears.rgl.datamodel.value.impl.ModifiableRecord
1533
RGL_VALUE_3288 class nl.tudelft.rdfgears.rgl.datamodel.value.impl.ModifiableRecord
1534
RGL_VALUE_3290 class nl.tudelft.rdfgears.rgl.datamodel.value.impl.ModifiableRecord
1535
RGL_VALUE_3292 class nl.tudelft.rdfgears.rgl.datamodel.value.impl.ModifiableRecord
1536
RGL_VALUE_3294 class nl.tudelft.rdfgears.rgl.datamodel.value.impl.ModifiableRecord
1537
RGL_VALUE_3296 class nl.tudelft.rdfgears.rgl.datamodel.value.impl.ModifiableRecord
1538
RGL_VALUE_3298 class nl.tudelft.rdfgears.rgl.datamodel.value.impl.ModifiableRecord
1539
RGL_VALUE_3300 class nl.tudelft.rdfgears.rgl.datamodel.value.impl.ModifiableRecord
1540
RGL_VALUE_3302 class nl.tudelft.rdfgears.rgl.datamodel.value.impl.ModifiableRecord
1541
RGL_VALUE_3304 class nl.tudelft.rdfgears.rgl.datamodel.value.impl.ModifiableRecord
1542
RGL_VALUE_3306 class nl.tudelft.rdfgears.rgl.datamodel.value.impl.ModifiableRecord
1543
RGL_VALUE_3308 class nl.tudelft.rdfgears.rgl.datamodel.value.impl.ModifiableRecord
1544
RGL_VALUE_3310 class nl.tudelft.rdfgears.rgl.datamodel.value.impl.ModifiableRecord
1545
RGL_VALUE_3312 class nl.tudelft.rdfgears.rgl.datamodel.value.impl.ModifiableRecord
1546
RGL_VALUE_3314 class nl.tudelft.rdfgears.rgl.datamodel.value.impl.ModifiableRecord
1547
RGL_VALUE_3316 class nl.tudelft.rdfgears.rgl.datamodel.value.impl.ModifiableRecord
1548
RGL_VALUE_3318 class nl.tudelft.rdfgears.rgl.datamodel.value.impl.ModifiableRecord
1549
RGL_VALUE_3320 class nl.tudelft.rdfgears.rgl.datamodel.value.impl.ModifiableRecord
1550
RGL_VALUE_3322 class nl.tudelft.rdfgears.rgl.datamodel.value.impl.ModifiableRecord
1551
RGL_VALUE_3324 class nl.tudelft.rdfgears.rgl.datamodel.value.impl.ModifiableRecord
1552
RGL_VALUE_3326 class nl.tudelft.rdfgears.rgl.datamodel.value.impl.ModifiableRecord
1553
RGL_VALUE_3328 class nl.tudelft.rdfgears.rgl.datamodel.value.impl.ModifiableRecord
1554
RGL_VALUE_3330 class nl.tudelft.rdfgears.rgl.datamodel.value.impl.ModifiableRecord
1555
RGL_VALUE_3332 class nl.tudelft.rdfgears.rgl.datamodel.value.impl.ModifiableRecord
1556
RGL_VALUE_3334 class nl.tudelft.rdfgears.rgl.datamodel.value.impl.ModifiableRecord
1557
RGL_VALUE_3336 class nl.tudelft.rdfgears.rgl.datamodel.value.impl.ModifiableRecord
1558
RGL_VALUE_3338 class nl.tudelft.rdfgears.rgl.datamodel.value.impl.ModifiableRecord
1559
RGL_VALUE_3340 class nl.tudelft.rdfgears.rgl.datamodel.value.impl.ModifiableRecord
1560
RGL_VALUE_3342 class nl.tudelft.rdfgears.rgl.datamodel.value.impl.ModifiableRecord
1561
RGL_VALUE_3344 class nl.tudelft.rdfgears.rgl.datamodel.value.impl.ModifiableRecord
1562
RGL_VALUE_3346 class nl.tudelft.rdfgears.rgl.datamodel.value.impl.ModifiableRecord
1563
RGL_VALUE_3348 class nl.tudelft.rdfgears.rgl.datamodel.value.impl.ModifiableRecord
1564
RGL_VALUE_3350 class nl.tudelft.rdfgears.rgl.datamodel.value.impl.ModifiableRecord
1565
RGL_VALUE_3352 class nl.tudelft.rdfgears.rgl.datamodel.value.impl.ModifiableRecord
1566
RGL_VALUE_3354 class nl.tudelft.rdfgears.rgl.datamodel.value.impl.ModifiableRecord
1567
RGL_VALUE_3356 class nl.tudelft.rdfgears.rgl.datamodel.value.impl.ModifiableRecord
1568
RGL_VALUE_3358 class nl.tudelft.rdfgears.rgl.datamodel.value.impl.ModifiableRecord
1569
RGL_VALUE_3360 class nl.tudelft.rdfgears.rgl.datamodel.value.impl.ModifiableRecord
1570
RGL_VALUE_3362 class nl.tudelft.rdfgears.rgl.datamodel.value.impl.ModifiableRecord
1571
RGL_VALUE_3364 class nl.tudelft.rdfgears.rgl.datamodel.value.impl.ModifiableRecord
1572
RGL_VALUE_3366 class nl.tudelft.rdfgears.rgl.datamodel.value.impl.ModifiableRecord
1573
RGL_VALUE_3368 class nl.tudelft.rdfgears.rgl.datamodel.value.impl.ModifiableRecord
1574
RGL_VALUE_3370 class nl.tudelft.rdfgears.rgl.datamodel.value.impl.ModifiableRecord
1575
RGL_VALUE_3372 class nl.tudelft.rdfgears.rgl.datamodel.value.impl.ModifiableRecord
1576
RGL_VALUE_3374 class nl.tudelft.rdfgears.rgl.datamodel.value.impl.ModifiableRecord
1577
RGL_VALUE_3376 class nl.tudelft.rdfgears.rgl.datamodel.value.impl.ModifiableRecord
1578
RGL_VALUE_3378 class nl.tudelft.rdfgears.rgl.datamodel.value.impl.ModifiableRecord
1579
RGL_VALUE_3380 class nl.tudelft.rdfgears.rgl.datamodel.value.impl.ModifiableRecord
1580
RGL_VALUE_3382 class nl.tudelft.rdfgears.rgl.datamodel.value.impl.ModifiableRecord
1581
RGL_VALUE_3384 class nl.tudelft.rdfgears.rgl.datamodel.value.impl.ModifiableRecord
1582
RGL_VALUE_3386 class nl.tudelft.rdfgears.rgl.datamodel.value.impl.ModifiableRecord
1583
RGL_VALUE_3388 class nl.tudelft.rdfgears.rgl.datamodel.value.impl.ModifiableRecord
1584
RGL_VALUE_3390 class nl.tudelft.rdfgears.rgl.datamodel.value.impl.ModifiableRecord
1585
RGL_VALUE_3392 class nl.tudelft.rdfgears.rgl.datamodel.value.impl.ModifiableRecord
1586
RGL_VALUE_3394 class nl.tudelft.rdfgears.rgl.datamodel.value.impl.ModifiableRecord
1587
RGL_VALUE_3396 class nl.tudelft.rdfgears.rgl.datamodel.value.impl.ModifiableRecord
1588
RGL_VALUE_3398 class nl.tudelft.rdfgears.rgl.datamodel.value.impl.ModifiableRecord
1589
RGL_VALUE_3400 class nl.tudelft.rdfgears.rgl.datamodel.value.impl.ModifiableRecord
1590
RGL_VALUE_3402 class nl.tudelft.rdfgears.rgl.datamodel.value.impl.ModifiableRecord
1591
RGL_VALUE_3404 class nl.tudelft.rdfgears.rgl.datamodel.value.impl.ModifiableRecord
1592
RGL_VALUE_3406 class nl.tudelft.rdfgears.rgl.datamodel.value.impl.ModifiableRecord
1593
RGL_VALUE_3408 class nl.tudelft.rdfgears.rgl.datamodel.value.impl.ModifiableRecord
1594
RGL_VALUE_3410 class nl.tudelft.rdfgears.rgl.datamodel.value.impl.ModifiableRecord
1595
RGL_VALUE_3412 class nl.tudelft.rdfgears.rgl.datamodel.value.impl.ModifiableRecord
1596
RGL_VALUE_3414 class nl.tudelft.rdfgears.rgl.datamodel.value.impl.ModifiableRecord
1597
RGL_VALUE_3416 class nl.tudelft.rdfgears.rgl.datamodel.value.impl.ModifiableRecord
1598
RGL_VALUE_3418 class nl.tudelft.rdfgears.rgl.datamodel.value.impl.ModifiableRecord
1599
RGL_VALUE_3420 class nl.tudelft.rdfgears.rgl.datamodel.value.impl.ModifiableRecord
1600
RGL_VALUE_3423 class nl.tudelft.rdfgears.rgl.datamodel.value.impl.ModifiableRecord
1601
RGL_VALUE_3425 class nl.tudelft.rdfgears.rgl.datamodel.value.impl.ModifiableRecord
1602
RGL_VALUE_3427 class nl.tudelft.rdfgears.rgl.datamodel.value.impl.ModifiableRecord
1603
RGL_VALUE_3429 class nl.tudelft.rdfgears.rgl.datamodel.value.impl.ModifiableRecord
1604
RGL_VALUE_3431 class nl.tudelft.rdfgears.rgl.datamodel.value.impl.ModifiableRecord
1605
RGL_VALUE_3433 class nl.tudelft.rdfgears.rgl.datamodel.value.impl.ModifiableRecord
1606
RGL_VALUE_3435 class nl.tudelft.rdfgears.rgl.datamodel.value.impl.ModifiableRecord
1607
RGL_VALUE_3437 class nl.tudelft.rdfgears.rgl.datamodel.value.impl.ModifiableRecord
1608
RGL_VALUE_3439 class nl.tudelft.rdfgears.rgl.datamodel.value.impl.ModifiableRecord
1609
RGL_VALUE_3441 class nl.tudelft.rdfgears.rgl.datamodel.value.impl.ModifiableRecord
1610
RGL_VALUE_3443 class nl.tudelft.rdfgears.rgl.datamodel.value.impl.ModifiableRecord
1611
RGL_VALUE_3445 class nl.tudelft.rdfgears.rgl.datamodel.value.impl.ModifiableRecord
1612
RGL_VALUE_3447 class nl.tudelft.rdfgears.rgl.datamodel.value.impl.ModifiableRecord
1613
RGL_VALUE_3449 class nl.tudelft.rdfgears.rgl.datamodel.value.impl.ModifiableRecord
1614
RGL_VALUE_3451 class nl.tudelft.rdfgears.rgl.datamodel.value.impl.ModifiableRecord
1615
RGL_VALUE_3453 class nl.tudelft.rdfgears.rgl.datamodel.value.impl.ModifiableRecord
1616
RGL_VALUE_3455 class nl.tudelft.rdfgears.rgl.datamodel.value.impl.ModifiableRecord
1617
RGL_VALUE_3457 class nl.tudelft.rdfgears.rgl.datamodel.value.impl.ModifiableRecord
1618
RGL_VALUE_3459 class nl.tudelft.rdfgears.rgl.datamodel.value.impl.ModifiableRecord
1619
RGL_VALUE_3461 class nl.tudelft.rdfgears.rgl.datamodel.value.impl.ModifiableRecord
1620
RGL_VALUE_3463 class nl.tudelft.rdfgears.rgl.datamodel.value.impl.ModifiableRecord
1621
RGL_VALUE_3465 class nl.tudelft.rdfgears.rgl.datamodel.value.impl.ModifiableRecord
1622
RGL_VALUE_3467 class nl.tudelft.rdfgears.rgl.datamodel.value.impl.ModifiableRecord
1623
RGL_VALUE_3469 class nl.tudelft.rdfgears.rgl.datamodel.value.impl.ModifiableRecord
1624
RGL_VALUE_3471 class nl.tudelft.rdfgears.rgl.datamodel.value.impl.ModifiableRecord
1625
RGL_VALUE_3473 class nl.tudelft.rdfgears.rgl.datamodel.value.impl.ModifiableRecord
1626
RGL_VALUE_3475 class nl.tudelft.rdfgears.rgl.datamodel.value.impl.ModifiableRecord
1627
RGL_VALUE_3477 class nl.tudelft.rdfgears.rgl.datamodel.value.impl.ModifiableRecord
1628
RGL_VALUE_3479 class nl.tudelft.rdfgears.rgl.datamodel.value.impl.ModifiableRecord
1629
RGL_VALUE_3481 class nl.tudelft.rdfgears.rgl.datamodel.value.impl.ModifiableRecord
1630
RGL_VALUE_3483 class nl.tudelft.rdfgears.rgl.datamodel.value.impl.ModifiableRecord
1631
RGL_VALUE_3485 class nl.tudelft.rdfgears.rgl.datamodel.value.impl.ModifiableRecord
1632
RGL_VALUE_3487 class nl.tudelft.rdfgears.rgl.datamodel.value.impl.ModifiableRecord
1633
RGL_VALUE_3489 class nl.tudelft.rdfgears.rgl.datamodel.value.impl.ModifiableRecord
1634
RGL_VALUE_3491 class nl.tudelft.rdfgears.rgl.datamodel.value.impl.ModifiableRecord
1635
RGL_VALUE_3493 class nl.tudelft.rdfgears.rgl.datamodel.value.impl.ModifiableRecord
1636
RGL_VALUE_3495 class nl.tudelft.rdfgears.rgl.datamodel.value.impl.ModifiableRecord
1637
RGL_VALUE_3497 class nl.tudelft.rdfgears.rgl.datamodel.value.impl.ModifiableRecord
1638
RGL_VALUE_3499 class nl.tudelft.rdfgears.rgl.datamodel.value.impl.ModifiableRecord
1639
RGL_VALUE_3501 class nl.tudelft.rdfgears.rgl.datamodel.value.impl.ModifiableRecord
1640
RGL_VALUE_3503 class nl.tudelft.rdfgears.rgl.datamodel.value.impl.ModifiableRecord
1641
RGL_VALUE_3505 class nl.tudelft.rdfgears.rgl.datamodel.value.impl.ModifiableRecord
1642
RGL_VALUE_3507 class nl.tudelft.rdfgears.rgl.datamodel.value.impl.ModifiableRecord
1643
RGL_VALUE_3509 class nl.tudelft.rdfgears.rgl.datamodel.value.impl.ModifiableRecord
1644
RGL_VALUE_3511 class nl.tudelft.rdfgears.rgl.datamodel.value.impl.ModifiableRecord
1645
RGL_VALUE_3513 class nl.tudelft.rdfgears.rgl.datamodel.value.impl.ModifiableRecord
1646
RGL_VALUE_3515 class nl.tudelft.rdfgears.rgl.datamodel.value.impl.ModifiableRecord
1647
RGL_VALUE_3517 class nl.tudelft.rdfgears.rgl.datamodel.value.impl.ModifiableRecord
1648
RGL_VALUE_3519 class nl.tudelft.rdfgears.rgl.datamodel.value.impl.ModifiableRecord
1649
RGL_VALUE_3521 class nl.tudelft.rdfgears.rgl.datamodel.value.impl.ModifiableRecord
1650
RGL_VALUE_3523 class nl.tudelft.rdfgears.rgl.datamodel.value.impl.ModifiableRecord
1651
RGL_VALUE_3525 class nl.tudelft.rdfgears.rgl.datamodel.value.impl.ModifiableRecord
1652
RGL_VALUE_3527 class nl.tudelft.rdfgears.rgl.datamodel.value.impl.ModifiableRecord
1653
RGL_VALUE_3529 class nl.tudelft.rdfgears.rgl.datamodel.value.impl.ModifiableRecord
1654
RGL_VALUE_3531 class nl.tudelft.rdfgears.rgl.datamodel.value.impl.ModifiableRecord
1655
RGL_VALUE_3533 class nl.tudelft.rdfgears.rgl.datamodel.value.impl.ModifiableRecord
1656
RGL_VALUE_3535 class nl.tudelft.rdfgears.rgl.datamodel.value.impl.ModifiableRecord
1657
RGL_VALUE_3537 class nl.tudelft.rdfgears.rgl.datamodel.value.impl.ModifiableRecord
1658
RGL_VALUE_3539 class nl.tudelft.rdfgears.rgl.datamodel.value.impl.ModifiableRecord
1659
RGL_VALUE_3541 class nl.tudelft.rdfgears.rgl.datamodel.value.impl.ModifiableRecord
1660
RGL_VALUE_3543 class nl.tudelft.rdfgears.rgl.datamodel.value.impl.ModifiableRecord
1661
RGL_VALUE_3545 class nl.tudelft.rdfgears.rgl.datamodel.value.impl.ModifiableRecord
1662
RGL_VALUE_3547 class nl.tudelft.rdfgears.rgl.datamodel.value.impl.ModifiableRecord
1663
RGL_VALUE_3549 class nl.tudelft.rdfgears.rgl.datamodel.value.impl.ModifiableRecord
1664
RGL_VALUE_3551 class nl.tudelft.rdfgears.rgl.datamodel.value.impl.ModifiableRecord
1665
RGL_VALUE_3553 class nl.tudelft.rdfgears.rgl.datamodel.value.impl.ModifiableRecord
1666
RGL_VALUE_3555 class nl.tudelft.rdfgears.rgl.datamodel.value.impl.ModifiableRecord
1667
RGL_VALUE_3557 class nl.tudelft.rdfgears.rgl.datamodel.value.impl.ModifiableRecord
1668
RGL_VALUE_3559 class nl.tudelft.rdfgears.rgl.datamodel.value.impl.ModifiableRecord
1669
RGL_VALUE_3561 class nl.tudelft.rdfgears.rgl.datamodel.value.impl.ModifiableRecord
1670
RGL_VALUE_3563 class nl.tudelft.rdfgears.rgl.datamodel.value.impl.ModifiableRecord
1671
RGL_VALUE_3565 class nl.tudelft.rdfgears.rgl.datamodel.value.impl.ModifiableRecord
1672
RGL_VALUE_3567 class nl.tudelft.rdfgears.rgl.datamodel.value.impl.ModifiableRecord
1673
RGL_VALUE_3569 class nl.tudelft.rdfgears.rgl.datamodel.value.impl.ModifiableRecord
1674
RGL_VALUE_3571 class nl.tudelft.rdfgears.rgl.datamodel.value.impl.ModifiableRecord
1675
RGL_VALUE_3573 class nl.tudelft.rdfgears.rgl.datamodel.value.impl.ModifiableRecord
1676
RGL_VALUE_3575 class nl.tudelft.rdfgears.rgl.datamodel.value.impl.ModifiableRecord
1677
RGL_VALUE_3577 class nl.tudelft.rdfgears.rgl.datamodel.value.impl.ModifiableRecord
1678
RGL_VALUE_3579 class nl.tudelft.rdfgears.rgl.datamodel.value.impl.ModifiableRecord
1679
RGL_VALUE_3581 class nl.tudelft.rdfgears.rgl.datamodel.value.impl.ModifiableRecord
1680
RGL_VALUE_3583 class nl.tudelft.rdfgears.rgl.datamodel.value.impl.ModifiableRecord
1681
RGL_VALUE_3585 class nl.tudelft.rdfgears.rgl.datamodel.value.impl.ModifiableRecord
1682
RGL_VALUE_3587 class nl.tudelft.rdfgears.rgl.datamodel.value.impl.ModifiableRecord
1683
RGL_VALUE_3589 class nl.tudelft.rdfgears.rgl.datamodel.value.impl.ModifiableRecord
1684
RGL_VALUE_3591 class nl.tudelft.rdfgears.rgl.datamodel.value.impl.ModifiableRecord
1685
RGL_VALUE_3593 class nl.tudelft.rdfgears.rgl.datamodel.value.impl.ModifiableRecord
1686
RGL_VALUE_3595 class nl.tudelft.rdfgears.rgl.datamodel.value.impl.ModifiableRecord
1687
RGL_VALUE_3597 class nl.tudelft.rdfgears.rgl.datamodel.value.impl.ModifiableRecord
1688
RGL_VALUE_3599 class nl.tudelft.rdfgears.rgl.datamodel.value.impl.ModifiableRecord
1689
RGL_VALUE_3601 class nl.tudelft.rdfgears.rgl.datamodel.value.impl.ModifiableRecord
1690
RGL_VALUE_3603 class nl.tudelft.rdfgears.rgl.datamodel.value.impl.ModifiableRecord
1691
RGL_VALUE_3605 class nl.tudelft.rdfgears.rgl.datamodel.value.impl.ModifiableRecord
1692
RGL_VALUE_3607 class nl.tudelft.rdfgears.rgl.datamodel.value.impl.ModifiableRecord
1693
RGL_VALUE_3609 class nl.tudelft.rdfgears.rgl.datamodel.value.impl.ModifiableRecord
1694
RGL_VALUE_3611 class nl.tudelft.rdfgears.rgl.datamodel.value.impl.ModifiableRecord
1695
RGL_VALUE_3613 class nl.tudelft.rdfgears.rgl.datamodel.value.impl.ModifiableRecord
1696
RGL_VALUE_3615 class nl.tudelft.rdfgears.rgl.datamodel.value.impl.ModifiableRecord
1697
RGL_VALUE_3617 class nl.tudelft.rdfgears.rgl.datamodel.value.impl.ModifiableRecord
1698
RGL_VALUE_3619 class nl.tudelft.rdfgears.rgl.datamodel.value.impl.ModifiableRecord
1699
RGL_VALUE_3621 class nl.tudelft.rdfgears.rgl.datamodel.value.impl.ModifiableRecord
1700
RGL_VALUE_3624 class nl.tudelft.rdfgears.rgl.datamodel.value.impl.ModifiableRecord
1701
RGL_VALUE_3626 class nl.tudelft.rdfgears.rgl.datamodel.value.impl.ModifiableRecord
1702
RGL_VALUE_3628 class nl.tudelft.rdfgears.rgl.datamodel.value.impl.ModifiableRecord
1703
RGL_VALUE_3630 class nl.tudelft.rdfgears.rgl.datamodel.value.impl.ModifiableRecord
1704
RGL_VALUE_3632 class nl.tudelft.rdfgears.rgl.datamodel.value.impl.ModifiableRecord
1705
RGL_VALUE_3634 class nl.tudelft.rdfgears.rgl.datamodel.value.impl.ModifiableRecord
1706
RGL_VALUE_3636 class nl.tudelft.rdfgears.rgl.datamodel.value.impl.ModifiableRecord
1707
RGL_VALUE_3638 class nl.tudelft.rdfgears.rgl.datamodel.value.impl.ModifiableRecord
1708
RGL_VALUE_3640 class nl.tudelft.rdfgears.rgl.datamodel.value.impl.ModifiableRecord
1709
RGL_VALUE_3642 class nl.tudelft.rdfgears.rgl.datamodel.value.impl.ModifiableRecord
1710
RGL_VALUE_3644 class nl.tudelft.rdfgears.rgl.datamodel.value.impl.ModifiableRecord
1711
RGL_VALUE_3646 class nl.tudelft.rdfgears.rgl.datamodel.value.impl.ModifiableRecord
1712
RGL_VALUE_3648 class nl.tudelft.rdfgears.rgl.datamodel.value.impl.ModifiableRecord
1713
RGL_VALUE_3650 class nl.tudelft.rdfgears.rgl.datamodel.value.impl.ModifiableRecord
1714
RGL_VALUE_3652 class nl.tudelft.rdfgears.rgl.datamodel.value.impl.ModifiableRecord
1715
RGL_VALUE_3654 class nl.tudelft.rdfgears.rgl.datamodel.value.impl.ModifiableRecord
1716
RGL_VALUE_3656 class nl.tudelft.rdfgears.rgl.datamodel.value.impl.ModifiableRecord
1717
RGL_VALUE_3658 class nl.tudelft.rdfgears.rgl.datamodel.value.impl.ModifiableRecord
1718
RGL_VALUE_3660 class nl.tudelft.rdfgears.rgl.datamodel.value.impl.ModifiableRecord
1719
RGL_VALUE_3662 class nl.tudelft.rdfgears.rgl.datamodel.value.impl.ModifiableRecord
1720
RGL_VALUE_3664 class nl.tudelft.rdfgears.rgl.datamodel.value.impl.ModifiableRecord
1721
RGL_VALUE_3666 class nl.tudelft.rdfgears.rgl.datamodel.value.impl.ModifiableRecord
1722
RGL_VALUE_3668 class nl.tudelft.rdfgears.rgl.datamodel.value.impl.ModifiableRecord
1723
RGL_VALUE_3670 class nl.tudelft.rdfgears.rgl.datamodel.value.impl.ModifiableRecord
1724
RGL_VALUE_3672 class nl.tudelft.rdfgears.rgl.datamodel.value.impl.ModifiableRecord
1725
RGL_VALUE_3674 class nl.tudelft.rdfgears.rgl.datamodel.value.impl.ModifiableRecord
1726
RGL_VALUE_3676 class nl.tudelft.rdfgears.rgl.datamodel.value.impl.ModifiableRecord
1727
RGL_VALUE_3678 class nl.tudelft.rdfgears.rgl.datamodel.value.impl.ModifiableRecord
1728
RGL_VALUE_3680 class nl.tudelft.rdfgears.rgl.datamodel.value.impl.ModifiableRecord
1729
RGL_VALUE_3682 class nl.tudelft.rdfgears.rgl.datamodel.value.impl.ModifiableRecord
1730
RGL_VALUE_3684 class nl.tudelft.rdfgears.rgl.datamodel.value.impl.ModifiableRecord
1731
RGL_VALUE_3686 class nl.tudelft.rdfgears.rgl.datamodel.value.impl.ModifiableRecord
1732
RGL_VALUE_3688 class nl.tudelft.rdfgears.rgl.datamodel.value.impl.ModifiableRecord
1733
RGL_VALUE_3690 class nl.tudelft.rdfgears.rgl.datamodel.value.impl.ModifiableRecord
1734
RGL_VALUE_3692 class nl.tudelft.rdfgears.rgl.datamodel.value.impl.ModifiableRecord
1735
RGL_VALUE_3694 class nl.tudelft.rdfgears.rgl.datamodel.value.impl.ModifiableRecord
1736
RGL_VALUE_3696 class nl.tudelft.rdfgears.rgl.datamodel.value.impl.ModifiableRecord
1737
RGL_VALUE_3698 class nl.tudelft.rdfgears.rgl.datamodel.value.impl.ModifiableRecord
1738
RGL_VALUE_3700 class nl.tudelft.rdfgears.rgl.datamodel.value.impl.ModifiableRecord
1739
RGL_VALUE_3702 class nl.tudelft.rdfgears.rgl.datamodel.value.impl.ModifiableRecord
1740
RGL_VALUE_3704 class nl.tudelft.rdfgears.rgl.datamodel.value.impl.ModifiableRecord
1741
RGL_VALUE_3706 class nl.tudelft.rdfgears.rgl.datamodel.value.impl.ModifiableRecord
1742
RGL_VALUE_3708 class nl.tudelft.rdfgears.rgl.datamodel.value.impl.ModifiableRecord
1743
RGL_VALUE_3710 class nl.tudelft.rdfgears.rgl.datamodel.value.impl.ModifiableRecord
1744
RGL_VALUE_3712 class nl.tudelft.rdfgears.rgl.datamodel.value.impl.ModifiableRecord
1745
RGL_VALUE_3714 class nl.tudelft.rdfgears.rgl.datamodel.value.impl.ModifiableRecord
1746
RGL_VALUE_3716 class nl.tudelft.rdfgears.rgl.datamodel.value.impl.ModifiableRecord
1747
RGL_VALUE_3718 class nl.tudelft.rdfgears.rgl.datamodel.value.impl.ModifiableRecord
1748
RGL_VALUE_3720 class nl.tudelft.rdfgears.rgl.datamodel.value.impl.ModifiableRecord
1749
RGL_VALUE_3722 class nl.tudelft.rdfgears.rgl.datamodel.value.impl.ModifiableRecord
1750
RGL_VALUE_3724 class nl.tudelft.rdfgears.rgl.datamodel.value.impl.ModifiableRecord
1751
RGL_VALUE_3726 class nl.tudelft.rdfgears.rgl.datamodel.value.impl.ModifiableRecord
1752
RGL_VALUE_3728 class nl.tudelft.rdfgears.rgl.datamodel.value.impl.ModifiableRecord
1753
RGL_VALUE_3730 class nl.tudelft.rdfgears.rgl.datamodel.value.impl.ModifiableRecord
1754
RGL_VALUE_3732 class nl.tudelft.rdfgears.rgl.datamodel.value.impl.ModifiableRecord
1755
RGL_VALUE_3734 class nl.tudelft.rdfgears.rgl.datamodel.value.impl.ModifiableRecord
1756
RGL_VALUE_3736 class nl.tudelft.rdfgears.rgl.datamodel.value.impl.ModifiableRecord
1757
RGL_VALUE_3738 class nl.tudelft.rdfgears.rgl.datamodel.value.impl.ModifiableRecord
1758
RGL_VALUE_3740 class nl.tudelft.rdfgears.rgl.datamodel.value.impl.ModifiableRecord
1759
RGL_VALUE_3742 class nl.tudelft.rdfgears.rgl.datamodel.value.impl.ModifiableRecord
1760
RGL_VALUE_3744 class nl.tudelft.rdfgears.rgl.datamodel.value.impl.ModifiableRecord
1761
RGL_VALUE_3746 class nl.tudelft.rdfgears.rgl.datamodel.value.impl.ModifiableRecord
1762
RGL_VALUE_3748 class nl.tudelft.rdfgears.rgl.datamodel.value.impl.ModifiableRecord
1763
RGL_VALUE_3750 class nl.tudelft.rdfgears.rgl.datamodel.value.impl.ModifiableRecord
1764
RGL_VALUE_3752 class nl.tudelft.rdfgears.rgl.datamodel.value.impl.ModifiableRecord
1765
RGL_VALUE_3754 class nl.tudelft.rdfgears.rgl.datamodel.value.impl.ModifiableRecord
1766
RGL_VALUE_3756 class nl.tudelft.rdfgears.rgl.datamodel.value.impl.ModifiableRecord
1767
RGL_VALUE_3758 class nl.tudelft.rdfgears.rgl.datamodel.value.impl.ModifiableRecord
1768
RGL_VALUE_3760 class nl.tudelft.rdfgears.rgl.datamodel.value.impl.ModifiableRecord
1769
RGL_VALUE_3762 class nl.tudelft.rdfgears.rgl.datamodel.value.impl.ModifiableRecord
1770
RGL_VALUE_3764 class nl.tudelft.rdfgears.rgl.datamodel.value.impl.ModifiableRecord
1771
RGL_VALUE_3766 class nl.tudelft.rdfgears.rgl.datamodel.value.impl.ModifiableRecord
1772
RGL_VALUE_3768 class nl.tudelft.rdfgears.rgl.datamodel.value.impl.ModifiableRecord
1773
RGL_VALUE_3770 class nl.tudelft.rdfgears.rgl.datamodel.value.impl.ModifiableRecord
1774
RGL_VALUE_3772 class nl.tudelft.rdfgears.rgl.datamodel.value.impl.ModifiableRecord
1775
RGL_VALUE_3774 class nl.tudelft.rdfgears.rgl.datamodel.value.impl.ModifiableRecord
1776
RGL_VALUE_3776 class nl.tudelft.rdfgears.rgl.datamodel.value.impl.ModifiableRecord
1777
RGL_VALUE_3778 class nl.tudelft.rdfgears.rgl.datamodel.value.impl.ModifiableRecord
1778
RGL_VALUE_3780 class nl.tudelft.rdfgears.rgl.datamodel.value.impl.ModifiableRecord
1779
RGL_VALUE_3782 class nl.tudelft.rdfgears.rgl.datamodel.value.impl.ModifiableRecord
1780
RGL_VALUE_3784 class nl.tudelft.rdfgears.rgl.datamodel.value.impl.ModifiableRecord
1781
RGL_VALUE_3786 class nl.tudelft.rdfgears.rgl.datamodel.value.impl.ModifiableRecord
1782
RGL_VALUE_3788 class nl.tudelft.rdfgears.rgl.datamodel.value.impl.ModifiableRecord
1783
RGL_VALUE_3790 class nl.tudelft.rdfgears.rgl.datamodel.value.impl.ModifiableRecord
1784
RGL_VALUE_3792 class nl.tudelft.rdfgears.rgl.datamodel.value.impl.ModifiableRecord
1785
RGL_VALUE_3794 class nl.tudelft.rdfgears.rgl.datamodel.value.impl.ModifiableRecord
1786
RGL_VALUE_3796 class nl.tudelft.rdfgears.rgl.datamodel.value.impl.ModifiableRecord
1787
RGL_VALUE_3798 class nl.tudelft.rdfgears.rgl.datamodel.value.impl.ModifiableRecord
1788
RGL_VALUE_3800 class nl.tudelft.rdfgears.rgl.datamodel.value.impl.ModifiableRecord
1789
RGL_VALUE_3802 class nl.tudelft.rdfgears.rgl.datamodel.value.impl.ModifiableRecord
1790
RGL_VALUE_3804 class nl.tudelft.rdfgears.rgl.datamodel.value.impl.ModifiableRecord
1791
RGL_VALUE_3806 class nl.tudelft.rdfgears.rgl.datamodel.value.impl.ModifiableRecord
1792
RGL_VALUE_3808 class nl.tudelft.rdfgears.rgl.datamodel.value.impl.ModifiableRecord
1793
RGL_VALUE_3810 class nl.tudelft.rdfgears.rgl.datamodel.value.impl.ModifiableRecord
1794
RGL_VALUE_3812 class nl.tudelft.rdfgears.rgl.datamodel.value.impl.ModifiableRecord
1795
RGL_VALUE_3814 class nl.tudelft.rdfgears.rgl.datamodel.value.impl.ModifiableRecord
1796
RGL_VALUE_3816 class nl.tudelft.rdfgears.rgl.datamodel.value.impl.ModifiableRecord
1797
RGL_VALUE_3818 class nl.tudelft.rdfgears.rgl.datamodel.value.impl.ModifiableRecord
1798
RGL_VALUE_3820 class nl.tudelft.rdfgears.rgl.datamodel.value.impl.ModifiableRecord
1799
RGL_VALUE_3822 class nl.tudelft.rdfgears.rgl.datamodel.value.impl.ModifiableRecord
1800
RGL_VALUE_3825 class nl.tudelft.rdfgears.rgl.datamodel.value.impl.ModifiableRecord
1801
RGL_VALUE_3827 class nl.tudelft.rdfgears.rgl.datamodel.value.impl.ModifiableRecord
1802
RGL_VALUE_3829 class nl.tudelft.rdfgears.rgl.datamodel.value.impl.ModifiableRecord
1803
RGL_VALUE_3831 class nl.tudelft.rdfgears.rgl.datamodel.value.impl.ModifiableRecord
1804
RGL_VALUE_3833 class nl.tudelft.rdfgears.rgl.datamodel.value.impl.ModifiableRecord
1805
RGL_VALUE_3835 class nl.tudelft.rdfgears.rgl.datamodel.value.impl.ModifiableRecord
1806
RGL_VALUE_3837 class nl.tudelft.rdfgears.rgl.datamodel.value.impl.ModifiableRecord
1807
RGL_VALUE_3839 class nl.tudelft.rdfgears.rgl.datamodel.value.impl.ModifiableRecord
1808
RGL_VALUE_3841 class nl.tudelft.rdfgears.rgl.datamodel.value.impl.ModifiableRecord
1809
RGL_VALUE_3843 class nl.tudelft.rdfgears.rgl.datamodel.value.impl.ModifiableRecord
1810
RGL_VALUE_3845 class nl.tudelft.rdfgears.rgl.datamodel.value.impl.ModifiableRecord
1811
RGL_VALUE_3847 class nl.tudelft.rdfgears.rgl.datamodel.value.impl.ModifiableRecord
1812
RGL_VALUE_3849 class nl.tudelft.rdfgears.rgl.datamodel.value.impl.ModifiableRecord
1813
RGL_VALUE_3851 class nl.tudelft.rdfgears.rgl.datamodel.value.impl.ModifiableRecord
1814
RGL_VALUE_3853 class nl.tudelft.rdfgears.rgl.datamodel.value.impl.ModifiableRecord
1815
RGL_VALUE_3855 class nl.tudelft.rdfgears.rgl.datamodel.value.impl.ModifiableRecord
1816
RGL_VALUE_3857 class nl.tudelft.rdfgears.rgl.datamodel.value.impl.ModifiableRecord
1817
RGL_VALUE_3859 class nl.tudelft.rdfgears.rgl.datamodel.value.impl.ModifiableRecord
1818
RGL_VALUE_3861 class nl.tudelft.rdfgears.rgl.datamodel.value.impl.ModifiableRecord
1819
RGL_VALUE_3863 class nl.tudelft.rdfgears.rgl.datamodel.value.impl.ModifiableRecord
1820
RGL_VALUE_3865 class nl.tudelft.rdfgears.rgl.datamodel.value.impl.ModifiableRecord
1821
RGL_VALUE_3867 class nl.tudelft.rdfgears.rgl.datamodel.value.impl.ModifiableRecord
1822
RGL_VALUE_3869 class nl.tudelft.rdfgears.rgl.datamodel.value.impl.ModifiableRecord
1823
RGL_VALUE_3871 class nl.tudelft.rdfgears.rgl.datamodel.value.impl.ModifiableRecord
1824
RGL_VALUE_3873 class nl.tudelft.rdfgears.rgl.datamodel.value.impl.ModifiableRecord
1825
RGL_VALUE_3875 class nl.tudelft.rdfgears.rgl.datamodel.value.impl.ModifiableRecord
1826
RGL_VALUE_3877 class nl.tudelft.rdfgears.rgl.datamodel.value.impl.ModifiableRecord
1827
RGL_VALUE_3879 class nl.tudelft.rdfgears.rgl.datamodel.value.impl.ModifiableRecord
1828
RGL_VALUE_3881 class nl.tudelft.rdfgears.rgl.datamodel.value.impl.ModifiableRecord
1829
RGL_VALUE_3883 class nl.tudelft.rdfgears.rgl.datamodel.value.impl.ModifiableRecord
1830
RGL_VALUE_3885 class nl.tudelft.rdfgears.rgl.datamodel.value.impl.ModifiableRecord
1831
RGL_VALUE_3887 class nl.tudelft.rdfgears.rgl.datamodel.value.impl.ModifiableRecord
1832
RGL_VALUE_3889 class nl.tudelft.rdfgears.rgl.datamodel.value.impl.ModifiableRecord
1833
RGL_VALUE_3891 class nl.tudelft.rdfgears.rgl.datamodel.value.impl.ModifiableRecord
1834
RGL_VALUE_3893 class nl.tudelft.rdfgears.rgl.datamodel.value.impl.ModifiableRecord
1835
RGL_VALUE_3895 class nl.tudelft.rdfgears.rgl.datamodel.value.impl.ModifiableRecord
1836
RGL_VALUE_3897 class nl.tudelft.rdfgears.rgl.datamodel.value.impl.ModifiableRecord
1837
RGL_VALUE_3899 class nl.tudelft.rdfgears.rgl.datamodel.value.impl.ModifiableRecord
1838
RGL_VALUE_3901 class nl.tudelft.rdfgears.rgl.datamodel.value.impl.ModifiableRecord
1839
RGL_VALUE_3903 class nl.tudelft.rdfgears.rgl.datamodel.value.impl.ModifiableRecord
1840
RGL_VALUE_3905 class nl.tudelft.rdfgears.rgl.datamodel.value.impl.ModifiableRecord
1841
RGL_VALUE_3907 class nl.tudelft.rdfgears.rgl.datamodel.value.impl.ModifiableRecord
1842
RGL_VALUE_3909 class nl.tudelft.rdfgears.rgl.datamodel.value.impl.ModifiableRecord
1843
RGL_VALUE_3911 class nl.tudelft.rdfgears.rgl.datamodel.value.impl.ModifiableRecord
1844
RGL_VALUE_3913 class nl.tudelft.rdfgears.rgl.datamodel.value.impl.ModifiableRecord
1845
RGL_VALUE_3915 class nl.tudelft.rdfgears.rgl.datamodel.value.impl.ModifiableRecord
1846
RGL_VALUE_3917 class nl.tudelft.rdfgears.rgl.datamodel.value.impl.ModifiableRecord
1847
RGL_VALUE_3919 class nl.tudelft.rdfgears.rgl.datamodel.value.impl.ModifiableRecord
1848
RGL_VALUE_3921 class nl.tudelft.rdfgears.rgl.datamodel.value.impl.ModifiableRecord
1849
RGL_VALUE_3923 class nl.tudelft.rdfgears.rgl.datamodel.value.impl.ModifiableRecord
1850
RGL_VALUE_3925 class nl.tudelft.rdfgears.rgl.datamodel.value.impl.ModifiableRecord
1851
RGL_VALUE_3927 class nl.tudelft.rdfgears.rgl.datamodel.value.impl.ModifiableRecord
1852
RGL_VALUE_3929 class nl.tudelft.rdfgears.rgl.datamodel.value.impl.ModifiableRecord
1853
RGL_VALUE_3931 class nl.tudelft.rdfgears.rgl.datamodel.value.impl.ModifiableRecord
1854
RGL_VALUE_3933 class nl.tudelft.rdfgears.rgl.datamodel.value.impl.ModifiableRecord
1855
RGL_VALUE_3935 class nl.tudelft.rdfgears.rgl.datamodel.value.impl.ModifiableRecord
1856
RGL_VALUE_3937 class nl.tudelft.rdfgears.rgl.datamodel.value.impl.ModifiableRecord
1857
RGL_VALUE_3939 class nl.tudelft.rdfgears.rgl.datamodel.value.impl.ModifiableRecord
1858
RGL_VALUE_3941 class nl.tudelft.rdfgears.rgl.datamodel.value.impl.ModifiableRecord
1859
RGL_VALUE_3943 class nl.tudelft.rdfgears.rgl.datamodel.value.impl.ModifiableRecord
1860
RGL_VALUE_3945 class nl.tudelft.rdfgears.rgl.datamodel.value.impl.ModifiableRecord
1861
RGL_VALUE_3947 class nl.tudelft.rdfgears.rgl.datamodel.value.impl.ModifiableRecord
1862
RGL_VALUE_3949 class nl.tudelft.rdfgears.rgl.datamodel.value.impl.ModifiableRecord
1863
RGL_VALUE_3951 class nl.tudelft.rdfgears.rgl.datamodel.value.impl.ModifiableRecord
1864
RGL_VALUE_3953 class nl.tudelft.rdfgears.rgl.datamodel.value.impl.ModifiableRecord
1865
RGL_VALUE_3955 class nl.tudelft.rdfgears.rgl.datamodel.value.impl.ModifiableRecord
1866
RGL_VALUE_3957 class nl.tudelft.rdfgears.rgl.datamodel.value.impl.ModifiableRecord
1867
RGL_VALUE_3959 class nl.tudelft.rdfgears.rgl.datamodel.value.impl.ModifiableRecord
1868
RGL_VALUE_3961 class nl.tudelft.rdfgears.rgl.datamodel.value.impl.ModifiableRecord
1869
RGL_VALUE_3963 class nl.tudelft.rdfgears.rgl.datamodel.value.impl.ModifiableRecord
1870
RGL_VALUE_3965 class nl.tudelft.rdfgears.rgl.datamodel.value.impl.ModifiableRecord
1871
RGL_VALUE_3967 class nl.tudelft.rdfgears.rgl.datamodel.value.impl.ModifiableRecord
1872
RGL_VALUE_3969 class nl.tudelft.rdfgears.rgl.datamodel.value.impl.ModifiableRecord
1873
RGL_VALUE_3971 class nl.tudelft.rdfgears.rgl.datamodel.value.impl.ModifiableRecord
1874
RGL_VALUE_3973 class nl.tudelft.rdfgears.rgl.datamodel.value.impl.ModifiableRecord
1875
RGL_VALUE_3975 class nl.tudelft.rdfgears.rgl.datamodel.value.impl.ModifiableRecord
1876
RGL_VALUE_3977 class nl.tudelft.rdfgears.rgl.datamodel.value.impl.ModifiableRecord
1877
RGL_VALUE_3979 class nl.tudelft.rdfgears.rgl.datamodel.value.impl.ModifiableRecord
1878
RGL_VALUE_3981 class nl.tudelft.rdfgears.rgl.datamodel.value.impl.ModifiableRecord
1879
RGL_VALUE_3983 class nl.tudelft.rdfgears.rgl.datamodel.value.impl.ModifiableRecord
1880
RGL_VALUE_3985 class nl.tudelft.rdfgears.rgl.datamodel.value.impl.ModifiableRecord
1881
RGL_VALUE_3987 class nl.tudelft.rdfgears.rgl.datamodel.value.impl.ModifiableRecord
1882
RGL_VALUE_3989 class nl.tudelft.rdfgears.rgl.datamodel.value.impl.ModifiableRecord
1883
RGL_VALUE_3991 class nl.tudelft.rdfgears.rgl.datamodel.value.impl.ModifiableRecord
1884
RGL_VALUE_3993 class nl.tudelft.rdfgears.rgl.datamodel.value.impl.ModifiableRecord
1885
RGL_VALUE_3995 class nl.tudelft.rdfgears.rgl.datamodel.value.impl.ModifiableRecord
1886
RGL_VALUE_3997 class nl.tudelft.rdfgears.rgl.datamodel.value.impl.ModifiableRecord
1887
RGL_VALUE_3999 class nl.tudelft.rdfgears.rgl.datamodel.value.impl.ModifiableRecord
1888
RGL_VALUE_4001 class nl.tudelft.rdfgears.rgl.datamodel.value.impl.ModifiableRecord
1889
RGL_VALUE_4003 class nl.tudelft.rdfgears.rgl.datamodel.value.impl.ModifiableRecord
1890
RGL_VALUE_4005 class nl.tudelft.rdfgears.rgl.datamodel.value.impl.ModifiableRecord
1891
RGL_VALUE_4007 class nl.tudelft.rdfgears.rgl.datamodel.value.impl.ModifiableRecord
1892
RGL_VALUE_4009 class nl.tudelft.rdfgears.rgl.datamodel.value.impl.ModifiableRecord
1893
RGL_VALUE_4011 class nl.tudelft.rdfgears.rgl.datamodel.value.impl.ModifiableRecord
1894
RGL_VALUE_4013 class nl.tudelft.rdfgears.rgl.datamodel.value.impl.ModifiableRecord
1895
RGL_VALUE_4015 class nl.tudelft.rdfgears.rgl.datamodel.value.impl.ModifiableRecord
1896
RGL_VALUE_4017 class nl.tudelft.rdfgears.rgl.datamodel.value.impl.ModifiableRecord
1897
RGL_VALUE_4019 class nl.tudelft.rdfgears.rgl.datamodel.value.impl.ModifiableRecord
1898
RGL_VALUE_4021 class nl.tudelft.rdfgears.rgl.datamodel.value.impl.ModifiableRecord
1899
RGL_VALUE_4023 class nl.tudelft.rdfgears.rgl.datamodel.value.impl.ModifiableRecord
1900
RGL_VALUE_4026 class nl.tudelft.rdfgears.rgl.datamodel.value.impl.ModifiableRecord
1901
RGL_VALUE_4028 class nl.tudelft.rdfgears.rgl.datamodel.value.impl.ModifiableRecord
1902
RGL_VALUE_4030 class nl.tudelft.rdfgears.rgl.datamodel.value.impl.ModifiableRecord
1903
RGL_VALUE_4032 class nl.tudelft.rdfgears.rgl.datamodel.value.impl.ModifiableRecord
1904
RGL_VALUE_4034 class nl.tudelft.rdfgears.rgl.datamodel.value.impl.ModifiableRecord
1905
RGL_VALUE_4036 class nl.tudelft.rdfgears.rgl.datamodel.value.impl.ModifiableRecord
1906
RGL_VALUE_4038 class nl.tudelft.rdfgears.rgl.datamodel.value.impl.ModifiableRecord
1907
RGL_VALUE_4040 class nl.tudelft.rdfgears.rgl.datamodel.value.impl.ModifiableRecord
1908
RGL_VALUE_4042 class nl.tudelft.rdfgears.rgl.datamodel.value.impl.ModifiableRecord
1909
RGL_VALUE_4044 class nl.tudelft.rdfgears.rgl.datamodel.value.impl.ModifiableRecord
1910
RGL_VALUE_4046 class nl.tudelft.rdfgears.rgl.datamodel.value.impl.ModifiableRecord
1911
RGL_VALUE_4048 class nl.tudelft.rdfgears.rgl.datamodel.value.impl.ModifiableRecord
1912
RGL_VALUE_4050 class nl.tudelft.rdfgears.rgl.datamodel.value.impl.ModifiableRecord
1913
RGL_VALUE_4052 class nl.tudelft.rdfgears.rgl.datamodel.value.impl.ModifiableRecord
1914
RGL_VALUE_4054 class nl.tudelft.rdfgears.rgl.datamodel.value.impl.ModifiableRecord
1915
RGL_VALUE_4056 class nl.tudelft.rdfgears.rgl.datamodel.value.impl.ModifiableRecord
1916
RGL_VALUE_4058 class nl.tudelft.rdfgears.rgl.datamodel.value.impl.ModifiableRecord
1917
RGL_VALUE_4060 class nl.tudelft.rdfgears.rgl.datamodel.value.impl.ModifiableRecord
1918
RGL_VALUE_4062 class nl.tudelft.rdfgears.rgl.datamodel.value.impl.ModifiableRecord
1919
RGL_VALUE_4064 class nl.tudelft.rdfgears.rgl.datamodel.value.impl.ModifiableRecord
1920
RGL_VALUE_4066 class nl.tudelft.rdfgears.rgl.datamodel.value.impl.ModifiableRecord
1921
RGL_VALUE_4068 class nl.tudelft.rdfgears.rgl.datamodel.value.impl.ModifiableRecord
1922
RGL_VALUE_4070 class nl.tudelft.rdfgears.rgl.datamodel.value.impl.ModifiableRecord
1923
RGL_VALUE_4072 class nl.tudelft.rdfgears.rgl.datamodel.value.impl.ModifiableRecord
1924
RGL_VALUE_4074 class nl.tudelft.rdfgears.rgl.datamodel.value.impl.ModifiableRecord
1925
RGL_VALUE_4076 class nl.tudelft.rdfgears.rgl.datamodel.value.impl.ModifiableRecord
1926
RGL_VALUE_4078 class nl.tudelft.rdfgears.rgl.datamodel.value.impl.ModifiableRecord
1927
RGL_VALUE_4080 class nl.tudelft.rdfgears.rgl.datamodel.value.impl.ModifiableRecord
1928
RGL_VALUE_4082 class nl.tudelft.rdfgears.rgl.datamodel.value.impl.ModifiableRecord
1929
RGL_VALUE_4084 class nl.tudelft.rdfgears.rgl.datamodel.value.impl.ModifiableRecord
1930
RGL_VALUE_4086 class nl.tudelft.rdfgears.rgl.datamodel.value.impl.ModifiableRecord
1931
RGL_VALUE_4088 class nl.tudelft.rdfgears.rgl.datamodel.value.impl.ModifiableRecord
1932
RGL_VALUE_4090 class nl.tudelft.rdfgears.rgl.datamodel.value.impl.ModifiableRecord
1933
RGL_VALUE_4092 class nl.tudelft.rdfgears.rgl.datamodel.value.impl.ModifiableRecord
1934
RGL_VALUE_4094 class nl.tudelft.rdfgears.rgl.datamodel.value.impl.ModifiableRecord
1935
RGL_VALUE_4096 class nl.tudelft.rdfgears.rgl.datamodel.value.impl.ModifiableRecord
1936
RGL_VALUE_4098 class nl.tudelft.rdfgears.rgl.datamodel.value.impl.ModifiableRecord
1937
RGL_VALUE_4100 class nl.tudelft.rdfgears.rgl.datamodel.value.impl.ModifiableRecord
1938
RGL_VALUE_4102 class nl.tudelft.rdfgears.rgl.datamodel.value.impl.ModifiableRecord
1939
RGL_VALUE_4104 class nl.tudelft.rdfgears.rgl.datamodel.value.impl.ModifiableRecord
1940
RGL_VALUE_4106 class nl.tudelft.rdfgears.rgl.datamodel.value.impl.ModifiableRecord
1941
RGL_VALUE_4108 class nl.tudelft.rdfgears.rgl.datamodel.value.impl.ModifiableRecord
1942
RGL_VALUE_4110 class nl.tudelft.rdfgears.rgl.datamodel.value.impl.ModifiableRecord
1943
RGL_VALUE_4112 class nl.tudelft.rdfgears.rgl.datamodel.value.impl.ModifiableRecord
1944
RGL_VALUE_4114 class nl.tudelft.rdfgears.rgl.datamodel.value.impl.ModifiableRecord
1945
RGL_VALUE_4116 class nl.tudelft.rdfgears.rgl.datamodel.value.impl.ModifiableRecord
1946
RGL_VALUE_4118 class nl.tudelft.rdfgears.rgl.datamodel.value.impl.ModifiableRecord
1947
RGL_VALUE_4120 class nl.tudelft.rdfgears.rgl.datamodel.value.impl.ModifiableRecord
1948
RGL_VALUE_4122 class nl.tudelft.rdfgears.rgl.datamodel.value.impl.ModifiableRecord
1949
RGL_VALUE_4124 class nl.tudelft.rdfgears.rgl.datamodel.value.impl.ModifiableRecord
1950
RGL_VALUE_4126 class nl.tudelft.rdfgears.rgl.datamodel.value.impl.ModifiableRecord
1951
RGL_VALUE_4128 class nl.tudelft.rdfgears.rgl.datamodel.value.impl.ModifiableRecord
1952
RGL_VALUE_4130 class nl.tudelft.rdfgears.rgl.datamodel.value.impl.ModifiableRecord
1953
RGL_VALUE_4132 class nl.tudelft.rdfgears.rgl.datamodel.value.impl.ModifiableRecord
1954
RGL_VALUE_4134 class nl.tudelft.rdfgears.rgl.datamodel.value.impl.ModifiableRecord
1955
RGL_VALUE_4136 class nl.tudelft.rdfgears.rgl.datamodel.value.impl.ModifiableRecord
1956
RGL_VALUE_4138 class nl.tudelft.rdfgears.rgl.datamodel.value.impl.ModifiableRecord
1957
RGL_VALUE_4140 class nl.tudelft.rdfgears.rgl.datamodel.value.impl.ModifiableRecord
1958
RGL_VALUE_4142 class nl.tudelft.rdfgears.rgl.datamodel.value.impl.ModifiableRecord
1959
RGL_VALUE_4144 class nl.tudelft.rdfgears.rgl.datamodel.value.impl.ModifiableRecord
1960
RGL_VALUE_4146 class nl.tudelft.rdfgears.rgl.datamodel.value.impl.ModifiableRecord
1961
RGL_VALUE_4148 class nl.tudelft.rdfgears.rgl.datamodel.value.impl.ModifiableRecord
1962
RGL_VALUE_4150 class nl.tudelft.rdfgears.rgl.datamodel.value.impl.ModifiableRecord
1963
RGL_VALUE_4152 class nl.tudelft.rdfgears.rgl.datamodel.value.impl.ModifiableRecord
1964
RGL_VALUE_4154 class nl.tudelft.rdfgears.rgl.datamodel.value.impl.ModifiableRecord
1965
RGL_VALUE_4156 class nl.tudelft.rdfgears.rgl.datamodel.value.impl.ModifiableRecord
1966
RGL_VALUE_4158 class nl.tudelft.rdfgears.rgl.datamodel.value.impl.ModifiableRecord
1967
RGL_VALUE_4160 class nl.tudelft.rdfgears.rgl.datamodel.value.impl.ModifiableRecord
1968
RGL_VALUE_4162 class nl.tudelft.rdfgears.rgl.datamodel.value.impl.ModifiableRecord
1969
RGL_VALUE_4164 class nl.tudelft.rdfgears.rgl.datamodel.value.impl.ModifiableRecord
1970
RGL_VALUE_4166 class nl.tudelft.rdfgears.rgl.datamodel.value.impl.ModifiableRecord
1971
RGL_VALUE_4168 class nl.tudelft.rdfgears.rgl.datamodel.value.impl.ModifiableRecord
1972
RGL_VALUE_4170 class nl.tudelft.rdfgears.rgl.datamodel.value.impl.ModifiableRecord
1973
RGL_VALUE_4172 class nl.tudelft.rdfgears.rgl.datamodel.value.impl.ModifiableRecord
1974
RGL_VALUE_4174 class nl.tudelft.rdfgears.rgl.datamodel.value.impl.ModifiableRecord
1975
RGL_VALUE_4176 class nl.tudelft.rdfgears.rgl.datamodel.value.impl.ModifiableRecord
1976
RGL_VALUE_4178 class nl.tudelft.rdfgears.rgl.datamodel.value.impl.ModifiableRecord
1977
RGL_VALUE_4180 class nl.tudelft.rdfgears.rgl.datamodel.value.impl.ModifiableRecord
1978
RGL_VALUE_4182 class nl.tudelft.rdfgears.rgl.datamodel.value.impl.ModifiableRecord
1979
RGL_VALUE_4184 class nl.tudelft.rdfgears.rgl.datamodel.value.impl.ModifiableRecord
1980
RGL_VALUE_4186 class nl.tudelft.rdfgears.rgl.datamodel.value.impl.ModifiableRecord
1981
RGL_VALUE_4188 class nl.tudelft.rdfgears.rgl.datamodel.value.impl.ModifiableRecord
1982
RGL_VALUE_4190 class nl.tudelft.rdfgears.rgl.datamodel.value.impl.ModifiableRecord
1983
RGL_VALUE_4192 class nl.tudelft.rdfgears.rgl.datamodel.value.impl.ModifiableRecord
1984
RGL_VALUE_4194 class nl.tudelft.rdfgears.rgl.datamodel.value.impl.ModifiableRecord
1985
RGL_VALUE_4196 class nl.tudelft.rdfgears.rgl.datamodel.value.impl.ModifiableRecord
1986
RGL_VALUE_4198 class nl.tudelft.rdfgears.rgl.datamodel.value.impl.ModifiableRecord
1987
RGL_VALUE_4200 class nl.tudelft.rdfgears.rgl.datamodel.value.impl.ModifiableRecord
1988
RGL_VALUE_4202 class nl.tudelft.rdfgears.rgl.datamodel.value.impl.ModifiableRecord
1989
RGL_VALUE_4204 class nl.tudelft.rdfgears.rgl.datamodel.value.impl.ModifiableRecord
1990
RGL_VALUE_4206 class nl.tudelft.rdfgears.rgl.datamodel.value.impl.ModifiableRecord
1991
RGL_VALUE_4208 class nl.tudelft.rdfgears.rgl.datamodel.value.impl.ModifiableRecord
1992
RGL_VALUE_4210 class nl.tudelft.rdfgears.rgl.datamodel.value.impl.ModifiableRecord
1993
RGL_VALUE_4212 class nl.tudelft.rdfgears.rgl.datamodel.value.impl.ModifiableRecord
1994
RGL_VALUE_4214 class nl.tudelft.rdfgears.rgl.datamodel.value.impl.ModifiableRecord
1995
RGL_VALUE_4216 class nl.tudelft.rdfgears.rgl.datamodel.value.impl.ModifiableRecord
1996
RGL_VALUE_4218 class nl.tudelft.rdfgears.rgl.datamodel.value.impl.ModifiableRecord
1997
RGL_VALUE_4220 class nl.tudelft.rdfgears.rgl.datamodel.value.impl.ModifiableRecord
1998
RGL_VALUE_4222 class nl.tudelft.rdfgears.rgl.datamodel.value.impl.ModifiableRecord
1999
RGL_VALUE_4224 class nl.tudelft.rdfgears.rgl.datamodel.value.impl.ModifiableRecord
2000
RGL_VALUE_4227 class nl.tudelft.rdfgears.rgl.datamodel.value.impl.ModifiableRecord
2001
RGL_VALUE_4229 class nl.tudelft.rdfgears.rgl.datamodel.value.impl.ModifiableRecord
2002
RGL_VALUE_4231 class nl.tudelft.rdfgears.rgl.datamodel.value.impl.ModifiableRecord
2003
RGL_VALUE_4233 class nl.tudelft.rdfgears.rgl.datamodel.value.impl.ModifiableRecord
2004
RGL_VALUE_4235 class nl.tudelft.rdfgears.rgl.datamodel.value.impl.ModifiableRecord
2005
RGL_VALUE_4237 class nl.tudelft.rdfgears.rgl.datamodel.value.impl.ModifiableRecord
2006
RGL_VALUE_4239 class nl.tudelft.rdfgears.rgl.datamodel.value.impl.ModifiableRecord
2007
RGL_VALUE_4241 class nl.tudelft.rdfgears.rgl.datamodel.value.impl.ModifiableRecord
2008
RGL_VALUE_4243 class nl.tudelft.rdfgears.rgl.datamodel.value.impl.ModifiableRecord
2009
RGL_VALUE_4245 class nl.tudelft.rdfgears.rgl.datamodel.value.impl.ModifiableRecord
2010
RGL_VALUE_4247 class nl.tudelft.rdfgears.rgl.datamodel.value.impl.ModifiableRecord
2011
RGL_VALUE_4249 class nl.tudelft.rdfgears.rgl.datamodel.value.impl.ModifiableRecord
2012
RGL_VALUE_4251 class nl.tudelft.rdfgears.rgl.datamodel.value.impl.ModifiableRecord
2013
RGL_VALUE_4253 class nl.tudelft.rdfgears.rgl.datamodel.value.impl.ModifiableRecord
2014
RGL_VALUE_4255 class nl.tudelft.rdfgears.rgl.datamodel.value.impl.ModifiableRecord
2015
RGL_VALUE_4257 class nl.tudelft.rdfgears.rgl.datamodel.value.impl.ModifiableRecord
2016
RGL_VALUE_4259 class nl.tudelft.rdfgears.rgl.datamodel.value.impl.ModifiableRecord
2017
RGL_VALUE_4261 class nl.tudelft.rdfgears.rgl.datamodel.value.impl.ModifiableRecord
2018
RGL_VALUE_4263 class nl.tudelft.rdfgears.rgl.datamodel.value.impl.ModifiableRecord
2019
RGL_VALUE_4265 class nl.tudelft.rdfgears.rgl.datamodel.value.impl.ModifiableRecord
2020
RGL_VALUE_4267 class nl.tudelft.rdfgears.rgl.datamodel.value.impl.ModifiableRecord
2021
RGL_VALUE_4269 class nl.tudelft.rdfgears.rgl.datamodel.value.impl.ModifiableRecord
2022
RGL_VALUE_4271 class nl.tudelft.rdfgears.rgl.datamodel.value.impl.ModifiableRecord
2023
RGL_VALUE_4273 class nl.tudelft.rdfgears.rgl.datamodel.value.impl.ModifiableRecord
2024
RGL_VALUE_4275 class nl.tudelft.rdfgears.rgl.datamodel.value.impl.ModifiableRecord
2025
RGL_VALUE_4277 class nl.tudelft.rdfgears.rgl.datamodel.value.impl.ModifiableRecord
2026
RGL_VALUE_4279 class nl.tudelft.rdfgears.rgl.datamodel.value.impl.ModifiableRecord
2027
RGL_VALUE_4281 class nl.tudelft.rdfgears.rgl.datamodel.value.impl.ModifiableRecord
2028
RGL_VALUE_4283 class nl.tudelft.rdfgears.rgl.datamodel.value.impl.ModifiableRecord
2029
RGL_VALUE_4285 class nl.tudelft.rdfgears.rgl.datamodel.value.impl.ModifiableRecord
2030
RGL_VALUE_4287 class nl.tudelft.rdfgears.rgl.datamodel.value.impl.ModifiableRecord
2031
RGL_VALUE_4289 class nl.tudelft.rdfgears.rgl.datamodel.value.impl.ModifiableRecord
2032
RGL_VALUE_4291 class nl.tudelft.rdfgears.rgl.datamodel.value.impl.ModifiableRecord
2033
RGL_VALUE_4293 class nl.tudelft.rdfgears.rgl.datamodel.value.impl.ModifiableRecord
2034
RGL_VALUE_4295 class nl.tudelft.rdfgears.rgl.datamodel.value.impl.ModifiableRecord
2035
RGL_VALUE_4297 class nl.tudelft.rdfgears.rgl.datamodel.value.impl.ModifiableRecord
2036
RGL_VALUE_4299 class nl.tudelft.rdfgears.rgl.datamodel.value.impl.ModifiableRecord
2037
RGL_VALUE_4301 class nl.tudelft.rdfgears.rgl.datamodel.value.impl.ModifiableRecord
2038
RGL_VALUE_4303 class nl.tudelft.rdfgears.rgl.datamodel.value.impl.ModifiableRecord
2039
RGL_VALUE_4305 class nl.tudelft.rdfgears.rgl.datamodel.value.impl.ModifiableRecord
2040
RGL_VALUE_4307 class nl.tudelft.rdfgears.rgl.datamodel.value.impl.ModifiableRecord
2041
RGL_VALUE_4309 class nl.tudelft.rdfgears.rgl.datamodel.value.impl.ModifiableRecord
2042
RGL_VALUE_4311 class nl.tudelft.rdfgears.rgl.datamodel.value.impl.ModifiableRecord
2043
RGL_VALUE_4313 class nl.tudelft.rdfgears.rgl.datamodel.value.impl.ModifiableRecord
2044
RGL_VALUE_4315 class nl.tudelft.rdfgears.rgl.datamodel.value.impl.ModifiableRecord
2045
RGL_VALUE_4317 class nl.tudelft.rdfgears.rgl.datamodel.value.impl.ModifiableRecord
2046
RGL_VALUE_4319 class nl.tudelft.rdfgears.rgl.datamodel.value.impl.ModifiableRecord
2047
RGL_VALUE_4321 class nl.tudelft.rdfgears.rgl.datamodel.value.impl.ModifiableRecord
2048
RGL_VALUE_4323 class nl.tudelft.rdfgears.rgl.datamodel.value.impl.ModifiableRecord
2049
RGL_VALUE_4325 class nl.tudelft.rdfgears.rgl.datamodel.value.impl.ModifiableRecord
2050
RGL_VALUE_4327 class nl.tudelft.rdfgears.rgl.datamodel.value.impl.ModifiableRecord
2051
RGL_VALUE_4329 class nl.tudelft.rdfgears.rgl.datamodel.value.impl.ModifiableRecord
2052
RGL_VALUE_4331 class nl.tudelft.rdfgears.rgl.datamodel.value.impl.ModifiableRecord
2053
RGL_VALUE_4333 class nl.tudelft.rdfgears.rgl.datamodel.value.impl.ModifiableRecord
2054
RGL_VALUE_4335 class nl.tudelft.rdfgears.rgl.datamodel.value.impl.ModifiableRecord
2055
RGL_VALUE_4337 class nl.tudelft.rdfgears.rgl.datamodel.value.impl.ModifiableRecord
2056
RGL_VALUE_4339 class nl.tudelft.rdfgears.rgl.datamodel.value.impl.ModifiableRecord
2057
RGL_VALUE_4341 class nl.tudelft.rdfgears.rgl.datamodel.value.impl.ModifiableRecord
2058
RGL_VALUE_4343 class nl.tudelft.rdfgears.rgl.datamodel.value.impl.ModifiableRecord
2059
RGL_VALUE_4345 class nl.tudelft.rdfgears.rgl.datamodel.value.impl.ModifiableRecord
2060
RGL_VALUE_4347 class nl.tudelft.rdfgears.rgl.datamodel.value.impl.ModifiableRecord
2061
RGL_VALUE_4349 class nl.tudelft.rdfgears.rgl.datamodel.value.impl.ModifiableRecord
2062
RGL_VALUE_4351 class nl.tudelft.rdfgears.rgl.datamodel.value.impl.ModifiableRecord
2063
RGL_VALUE_4353 class nl.tudelft.rdfgears.rgl.datamodel.value.impl.ModifiableRecord
2064
RGL_VALUE_4355 class nl.tudelft.rdfgears.rgl.datamodel.value.impl.ModifiableRecord
2065
RGL_VALUE_4357 class nl.tudelft.rdfgears.rgl.datamodel.value.impl.ModifiableRecord
2066
RGL_VALUE_4359 class nl.tudelft.rdfgears.rgl.datamodel.value.impl.ModifiableRecord
2067
RGL_VALUE_4361 class nl.tudelft.rdfgears.rgl.datamodel.value.impl.ModifiableRecord
2068
RGL_VALUE_4363 class nl.tudelft.rdfgears.rgl.datamodel.value.impl.ModifiableRecord
2069
RGL_VALUE_4365 class nl.tudelft.rdfgears.rgl.datamodel.value.impl.ModifiableRecord
2070
RGL_VALUE_4367 class nl.tudelft.rdfgears.rgl.datamodel.value.impl.ModifiableRecord
2071
RGL_VALUE_4369 class nl.tudelft.rdfgears.rgl.datamodel.value.impl.ModifiableRecord
2072
RGL_VALUE_4371 class nl.tudelft.rdfgears.rgl.datamodel.value.impl.ModifiableRecord
2073
RGL_VALUE_4373 class nl.tudelft.rdfgears.rgl.datamodel.value.impl.ModifiableRecord
2074
RGL_VALUE_4375 class nl.tudelft.rdfgears.rgl.datamodel.value.impl.ModifiableRecord
2075
RGL_VALUE_4377 class nl.tudelft.rdfgears.rgl.datamodel.value.impl.ModifiableRecord
2076
RGL_VALUE_4379 class nl.tudelft.rdfgears.rgl.datamodel.value.impl.ModifiableRecord
2077
RGL_VALUE_4381 class nl.tudelft.rdfgears.rgl.datamodel.value.impl.ModifiableRecord
2078
RGL_VALUE_4383 class nl.tudelft.rdfgears.rgl.datamodel.value.impl.ModifiableRecord
2079
RGL_VALUE_4385 class nl.tudelft.rdfgears.rgl.datamodel.value.impl.ModifiableRecord
2080
RGL_VALUE_4387 class nl.tudelft.rdfgears.rgl.datamodel.value.impl.ModifiableRecord
2081
RGL_VALUE_4389 class nl.tudelft.rdfgears.rgl.datamodel.value.impl.ModifiableRecord
2082
RGL_VALUE_4391 class nl.tudelft.rdfgears.rgl.datamodel.value.impl.ModifiableRecord
2083
RGL_VALUE_4393 class nl.tudelft.rdfgears.rgl.datamodel.value.impl.ModifiableRecord
2084
RGL_VALUE_4395 class nl.tudelft.rdfgears.rgl.datamodel.value.impl.ModifiableRecord
2085
RGL_VALUE_4397 class nl.tudelft.rdfgears.rgl.datamodel.value.impl.ModifiableRecord
2086
RGL_VALUE_4399 class nl.tudelft.rdfgears.rgl.datamodel.value.impl.ModifiableRecord
2087
RGL_VALUE_4401 class nl.tudelft.rdfgears.rgl.datamodel.value.impl.ModifiableRecord
2088
RGL_VALUE_4403 class nl.tudelft.rdfgears.rgl.datamodel.value.impl.ModifiableRecord
2089
RGL_VALUE_4405 class nl.tudelft.rdfgears.rgl.datamodel.value.impl.ModifiableRecord
2090
RGL_VALUE_4407 class nl.tudelft.rdfgears.rgl.datamodel.value.impl.ModifiableRecord
2091
RGL_VALUE_4409 class nl.tudelft.rdfgears.rgl.datamodel.value.impl.ModifiableRecord
2092
RGL_VALUE_4411 class nl.tudelft.rdfgears.rgl.datamodel.value.impl.ModifiableRecord
2093
RGL_VALUE_4413 class nl.tudelft.rdfgears.rgl.datamodel.value.impl.ModifiableRecord
2094
RGL_VALUE_4415 class nl.tudelft.rdfgears.rgl.datamodel.value.impl.ModifiableRecord
2095
RGL_VALUE_4417 class nl.tudelft.rdfgears.rgl.datamodel.value.impl.ModifiableRecord
2096
RGL_VALUE_4419 class nl.tudelft.rdfgears.rgl.datamodel.value.impl.ModifiableRecord
2097
RGL_VALUE_4421 class nl.tudelft.rdfgears.rgl.datamodel.value.impl.ModifiableRecord
2098
RGL_VALUE_4423 class nl.tudelft.rdfgears.rgl.datamodel.value.impl.ModifiableRecord
2099
RGL_VALUE_4425 class nl.tudelft.rdfgears.rgl.datamodel.value.impl.ModifiableRecord
2100
RGL_VALUE_4428 class nl.tudelft.rdfgears.rgl.datamodel.value.impl.ModifiableRecord
2101
RGL_VALUE_4430 class nl.tudelft.rdfgears.rgl.datamodel.value.impl.ModifiableRecord
2102
RGL_VALUE_4432 class nl.tudelft.rdfgears.rgl.datamodel.value.impl.ModifiableRecord
2103
RGL_VALUE_4434 class nl.tudelft.rdfgears.rgl.datamodel.value.impl.ModifiableRecord
2104
RGL_VALUE_4436 class nl.tudelft.rdfgears.rgl.datamodel.value.impl.ModifiableRecord
2105
RGL_VALUE_4438 class nl.tudelft.rdfgears.rgl.datamodel.value.impl.ModifiableRecord
2106
RGL_VALUE_4440 class nl.tudelft.rdfgears.rgl.datamodel.value.impl.ModifiableRecord
2107
RGL_VALUE_4442 class nl.tudelft.rdfgears.rgl.datamodel.value.impl.ModifiableRecord
2108
RGL_VALUE_4444 class nl.tudelft.rdfgears.rgl.datamodel.value.impl.ModifiableRecord
2109
RGL_VALUE_4446 class nl.tudelft.rdfgears.rgl.datamodel.value.impl.ModifiableRecord
2110
RGL_VALUE_4448 class nl.tudelft.rdfgears.rgl.datamodel.value.impl.ModifiableRecord
2111
RGL_VALUE_4450 class nl.tudelft.rdfgears.rgl.datamodel.value.impl.ModifiableRecord
2112
RGL_VALUE_4452 class nl.tudelft.rdfgears.rgl.datamodel.value.impl.ModifiableRecord
2113
RGL_VALUE_4454 class nl.tudelft.rdfgears.rgl.datamodel.value.impl.ModifiableRecord
2114
RGL_VALUE_4456 class nl.tudelft.rdfgears.rgl.datamodel.value.impl.ModifiableRecord
2115
RGL_VALUE_4458 class nl.tudelft.rdfgears.rgl.datamodel.value.impl.ModifiableRecord
2116
RGL_VALUE_4460 class nl.tudelft.rdfgears.rgl.datamodel.value.impl.ModifiableRecord
2117
RGL_VALUE_4462 class nl.tudelft.rdfgears.rgl.datamodel.value.impl.ModifiableRecord
2118
RGL_VALUE_4464 class nl.tudelft.rdfgears.rgl.datamodel.value.impl.ModifiableRecord
2119
RGL_VALUE_4466 class nl.tudelft.rdfgears.rgl.datamodel.value.impl.ModifiableRecord
2120
RGL_VALUE_4468 class nl.tudelft.rdfgears.rgl.datamodel.value.impl.ModifiableRecord
2121
RGL_VALUE_4470 class nl.tudelft.rdfgears.rgl.datamodel.value.impl.ModifiableRecord
2122
RGL_VALUE_4472 class nl.tudelft.rdfgears.rgl.datamodel.value.impl.ModifiableRecord
2123
RGL_VALUE_4474 class nl.tudelft.rdfgears.rgl.datamodel.value.impl.ModifiableRecord
2124
RGL_VALUE_4476 class nl.tudelft.rdfgears.rgl.datamodel.value.impl.ModifiableRecord
2125
RGL_VALUE_4478 class nl.tudelft.rdfgears.rgl.datamodel.value.impl.ModifiableRecord
2126
RGL_VALUE_4480 class nl.tudelft.rdfgears.rgl.datamodel.value.impl.ModifiableRecord
2127
RGL_VALUE_4482 class nl.tudelft.rdfgears.rgl.datamodel.value.impl.ModifiableRecord
2128
RGL_VALUE_4484 class nl.tudelft.rdfgears.rgl.datamodel.value.impl.ModifiableRecord
2129
RGL_VALUE_4486 class nl.tudelft.rdfgears.rgl.datamodel.value.impl.ModifiableRecord
2130
RGL_VALUE_4488 class nl.tudelft.rdfgears.rgl.datamodel.value.impl.ModifiableRecord
2131
RGL_VALUE_4490 class nl.tudelft.rdfgears.rgl.datamodel.value.impl.ModifiableRecord
2132
RGL_VALUE_4492 class nl.tudelft.rdfgears.rgl.datamodel.value.impl.ModifiableRecord
2133
RGL_VALUE_4494 class nl.tudelft.rdfgears.rgl.datamodel.value.impl.ModifiableRecord
2134
RGL_VALUE_4496 class nl.tudelft.rdfgears.rgl.datamodel.value.impl.ModifiableRecord
2135
RGL_VALUE_4498 class nl.tudelft.rdfgears.rgl.datamodel.value.impl.ModifiableRecord
2136
RGL_VALUE_4500 class nl.tudelft.rdfgears.rgl.datamodel.value.impl.ModifiableRecord
2137
RGL_VALUE_4502 class nl.tudelft.rdfgears.rgl.datamodel.value.impl.ModifiableRecord
2138
RGL_VALUE_4504 class nl.tudelft.rdfgears.rgl.datamodel.value.impl.ModifiableRecord
2139
RGL_VALUE_4506 class nl.tudelft.rdfgears.rgl.datamodel.value.impl.ModifiableRecord
2140
RGL_VALUE_4508 class nl.tudelft.rdfgears.rgl.datamodel.value.impl.ModifiableRecord
2141
RGL_VALUE_4510 class nl.tudelft.rdfgears.rgl.datamodel.value.impl.ModifiableRecord
2142
RGL_VALUE_4512 class nl.tudelft.rdfgears.rgl.datamodel.value.impl.ModifiableRecord
2143
RGL_VALUE_4514 class nl.tudelft.rdfgears.rgl.datamodel.value.impl.ModifiableRecord
2144
RGL_VALUE_4516 class nl.tudelft.rdfgears.rgl.datamodel.value.impl.ModifiableRecord
2145
RGL_VALUE_4518 class nl.tudelft.rdfgears.rgl.datamodel.value.impl.ModifiableRecord
2146
RGL_VALUE_4520 class nl.tudelft.rdfgears.rgl.datamodel.value.impl.ModifiableRecord
2147
RGL_VALUE_4522 class nl.tudelft.rdfgears.rgl.datamodel.value.impl.ModifiableRecord
2148
RGL_VALUE_4524 class nl.tudelft.rdfgears.rgl.datamodel.value.impl.ModifiableRecord
2149
RGL_VALUE_4526 class nl.tudelft.rdfgears.rgl.datamodel.value.impl.ModifiableRecord
2150
RGL_VALUE_4528 class nl.tudelft.rdfgears.rgl.datamodel.value.impl.ModifiableRecord
2151
RGL_VALUE_4530 class nl.tudelft.rdfgears.rgl.datamodel.value.impl.ModifiableRecord
2152
RGL_VALUE_4532 class nl.tudelft.rdfgears.rgl.datamodel.value.impl.ModifiableRecord
2153
RGL_VALUE_4534 class nl.tudelft.rdfgears.rgl.datamodel.value.impl.ModifiableRecord
2154
RGL_VALUE_4536 class nl.tudelft.rdfgears.rgl.datamodel.value.impl.ModifiableRecord
2155
RGL_VALUE_4538 class nl.tudelft.rdfgears.rgl.datamodel.value.impl.ModifiableRecord
2156
RGL_VALUE_4540 class nl.tudelft.rdfgears.rgl.datamodel.value.impl.ModifiableRecord
2157
RGL_VALUE_4542 class nl.tudelft.rdfgears.rgl.datamodel.value.impl.ModifiableRecord
2158
RGL_VALUE_4544 class nl.tudelft.rdfgears.rgl.datamodel.value.impl.ModifiableRecord
2159
RGL_VALUE_4546 class nl.tudelft.rdfgears.rgl.datamodel.value.impl.ModifiableRecord
2160
RGL_VALUE_4548 class nl.tudelft.rdfgears.rgl.datamodel.value.impl.ModifiableRecord
2161
RGL_VALUE_4550 class nl.tudelft.rdfgears.rgl.datamodel.value.impl.ModifiableRecord
2162
RGL_VALUE_4552 class nl.tudelft.rdfgears.rgl.datamodel.value.impl.ModifiableRecord
2163
RGL_VALUE_4554 class nl.tudelft.rdfgears.rgl.datamodel.value.impl.ModifiableRecord
2164
RGL_VALUE_4556 class nl.tudelft.rdfgears.rgl.datamodel.value.impl.ModifiableRecord
2165
RGL_VALUE_4558 class nl.tudelft.rdfgears.rgl.datamodel.value.impl.ModifiableRecord
2166
RGL_VALUE_4560 class nl.tudelft.rdfgears.rgl.datamodel.value.impl.ModifiableRecord
2167
RGL_VALUE_4562 class nl.tudelft.rdfgears.rgl.datamodel.value.impl.ModifiableRecord
2168
RGL_VALUE_4564 class nl.tudelft.rdfgears.rgl.datamodel.value.impl.ModifiableRecord
2169
RGL_VALUE_4566 class nl.tudelft.rdfgears.rgl.datamodel.value.impl.ModifiableRecord
2170
RGL_VALUE_4568 class nl.tudelft.rdfgears.rgl.datamodel.value.impl.ModifiableRecord
2171
RGL_VALUE_4570 class nl.tudelft.rdfgears.rgl.datamodel.value.impl.ModifiableRecord
2172
RGL_VALUE_4572 class nl.tudelft.rdfgears.rgl.datamodel.value.impl.ModifiableRecord
2173
RGL_VALUE_4574 class nl.tudelft.rdfgears.rgl.datamodel.value.impl.ModifiableRecord
2174
RGL_VALUE_4576 class nl.tudelft.rdfgears.rgl.datamodel.value.impl.ModifiableRecord
2175
RGL_VALUE_4578 class nl.tudelft.rdfgears.rgl.datamodel.value.impl.ModifiableRecord
2176
RGL_VALUE_4580 class nl.tudelft.rdfgears.rgl.datamodel.value.impl.ModifiableRecord
2177
RGL_VALUE_4582 class nl.tudelft.rdfgears.rgl.datamodel.value.impl.ModifiableRecord
2178
RGL_VALUE_4584 class nl.tudelft.rdfgears.rgl.datamodel.value.impl.ModifiableRecord
2179
RGL_VALUE_4586 class nl.tudelft.rdfgears.rgl.datamodel.value.impl.ModifiableRecord
2180
RGL_VALUE_4588 class nl.tudelft.rdfgears.rgl.datamodel.value.impl.ModifiableRecord
2181
RGL_VALUE_4590 class nl.tudelft.rdfgears.rgl.datamodel.value.impl.ModifiableRecord
2182
RGL_VALUE_4592 class nl.tudelft.rdfgears.rgl.datamodel.value.impl.ModifiableRecord
2183
RGL_VALUE_4594 class nl.tudelft.rdfgears.rgl.datamodel.value.impl.ModifiableRecord
2184
RGL_VALUE_4596 class nl.tudelft.rdfgears.rgl.datamodel.value.impl.ModifiableRecord
2185
RGL_VALUE_4598 class nl.tudelft.rdfgears.rgl.datamodel.value.impl.ModifiableRecord
2186
RGL_VALUE_4600 class nl.tudelft.rdfgears.rgl.datamodel.value.impl.ModifiableRecord
2187
RGL_VALUE_4602 class nl.tudelft.rdfgears.rgl.datamodel.value.impl.ModifiableRecord
2188
RGL_VALUE_4604 class nl.tudelft.rdfgears.rgl.datamodel.value.impl.ModifiableRecord
2189
RGL_VALUE_4606 class nl.tudelft.rdfgears.rgl.datamodel.value.impl.ModifiableRecord
2190
RGL_VALUE_4608 class nl.tudelft.rdfgears.rgl.datamodel.value.impl.ModifiableRecord
2191
RGL_VALUE_4610 class nl.tudelft.rdfgears.rgl.datamodel.value.impl.ModifiableRecord
2192
RGL_VALUE_4612 class nl.tudelft.rdfgears.rgl.datamodel.value.impl.ModifiableRecord
2193
RGL_VALUE_4614 class nl.tudelft.rdfgears.rgl.datamodel.value.impl.ModifiableRecord
2194
RGL_VALUE_4616 class nl.tudelft.rdfgears.rgl.datamodel.value.impl.ModifiableRecord
2195
RGL_VALUE_4618 class nl.tudelft.rdfgears.rgl.datamodel.value.impl.ModifiableRecord
2196
RGL_VALUE_4620 class nl.tudelft.rdfgears.rgl.datamodel.value.impl.ModifiableRecord
2197
RGL_VALUE_4622 class nl.tudelft.rdfgears.rgl.datamodel.value.impl.ModifiableRecord
2198
RGL_VALUE_4624 class nl.tudelft.rdfgears.rgl.datamodel.value.impl.ModifiableRecord
2199
RGL_VALUE_4626 class nl.tudelft.rdfgears.rgl.datamodel.value.impl.ModifiableRecord
2200
RGL_VALUE_4629 class nl.tudelft.rdfgears.rgl.datamodel.value.impl.ModifiableRecord
2201
RGL_VALUE_4631 class nl.tudelft.rdfgears.rgl.datamodel.value.impl.ModifiableRecord
2202
RGL_VALUE_4633 class nl.tudelft.rdfgears.rgl.datamodel.value.impl.ModifiableRecord
2203
RGL_VALUE_4635 class nl.tudelft.rdfgears.rgl.datamodel.value.impl.ModifiableRecord
2204
RGL_VALUE_4637 class nl.tudelft.rdfgears.rgl.datamodel.value.impl.ModifiableRecord
2205
RGL_VALUE_4639 class nl.tudelft.rdfgears.rgl.datamodel.value.impl.ModifiableRecord
2206
RGL_VALUE_4641 class nl.tudelft.rdfgears.rgl.datamodel.value.impl.ModifiableRecord
2207
RGL_VALUE_4643 class nl.tudelft.rdfgears.rgl.datamodel.value.impl.ModifiableRecord
2208
RGL_VALUE_4645 class nl.tudelft.rdfgears.rgl.datamodel.value.impl.ModifiableRecord
2209
RGL_VALUE_4647 class nl.tudelft.rdfgears.rgl.datamodel.value.impl.ModifiableRecord
2210
RGL_VALUE_4649 class nl.tudelft.rdfgears.rgl.datamodel.value.impl.ModifiableRecord
2211
RGL_VALUE_4651 class nl.tudelft.rdfgears.rgl.datamodel.value.impl.ModifiableRecord
2212
RGL_VALUE_4653 class nl.tudelft.rdfgears.rgl.datamodel.value.impl.ModifiableRecord
2213
RGL_VALUE_4655 class nl.tudelft.rdfgears.rgl.datamodel.value.impl.ModifiableRecord
2214
RGL_VALUE_4657 class nl.tudelft.rdfgears.rgl.datamodel.value.impl.ModifiableRecord
2215
RGL_VALUE_4659 class nl.tudelft.rdfgears.rgl.datamodel.value.impl.ModifiableRecord
2216
RGL_VALUE_4661 class nl.tudelft.rdfgears.rgl.datamodel.value.impl.ModifiableRecord
2217
RGL_VALUE_4663 class nl.tudelft.rdfgears.rgl.datamodel.value.impl.ModifiableRecord
2218
RGL_VALUE_4665 class nl.tudelft.rdfgears.rgl.datamodel.value.impl.ModifiableRecord
2219
RGL_VALUE_4667 class nl.tudelft.rdfgears.rgl.datamodel.value.impl.ModifiableRecord
2220
RGL_VALUE_4669 class nl.tudelft.rdfgears.rgl.datamodel.value.impl.ModifiableRecord
2221
RGL_VALUE_4671 class nl.tudelft.rdfgears.rgl.datamodel.value.impl.ModifiableRecord
2222
RGL_VALUE_4673 class nl.tudelft.rdfgears.rgl.datamodel.value.impl.ModifiableRecord
2223
RGL_VALUE_4675 class nl.tudelft.rdfgears.rgl.datamodel.value.impl.ModifiableRecord
2224
RGL_VALUE_4677 class nl.tudelft.rdfgears.rgl.datamodel.value.impl.ModifiableRecord
2225
RGL_VALUE_4679 class nl.tudelft.rdfgears.rgl.datamodel.value.impl.ModifiableRecord
2226
RGL_VALUE_4681 class nl.tudelft.rdfgears.rgl.datamodel.value.impl.ModifiableRecord
2227
RGL_VALUE_4683 class nl.tudelft.rdfgears.rgl.datamodel.value.impl.ModifiableRecord
2228
RGL_VALUE_4685 class nl.tudelft.rdfgears.rgl.datamodel.value.impl.ModifiableRecord
2229
RGL_VALUE_4687 class nl.tudelft.rdfgears.rgl.datamodel.value.impl.ModifiableRecord
2230
RGL_VALUE_4689 class nl.tudelft.rdfgears.rgl.datamodel.value.impl.ModifiableRecord
2231
RGL_VALUE_4691 class nl.tudelft.rdfgears.rgl.datamodel.value.impl.ModifiableRecord
2232
RGL_VALUE_4693 class nl.tudelft.rdfgears.rgl.datamodel.value.impl.ModifiableRecord
2233
RGL_VALUE_4695 class nl.tudelft.rdfgears.rgl.datamodel.value.impl.ModifiableRecord
2234
RGL_VALUE_4697 class nl.tudelft.rdfgears.rgl.datamodel.value.impl.ModifiableRecord
2235
RGL_VALUE_4699 class nl.tudelft.rdfgears.rgl.datamodel.value.impl.ModifiableRecord
2236
RGL_VALUE_4701 class nl.tudelft.rdfgears.rgl.datamodel.value.impl.ModifiableRecord
2237
RGL_VALUE_4703 class nl.tudelft.rdfgears.rgl.datamodel.value.impl.ModifiableRecord
2238
RGL_VALUE_4705 class nl.tudelft.rdfgears.rgl.datamodel.value.impl.ModifiableRecord
2239
RGL_VALUE_4707 class nl.tudelft.rdfgears.rgl.datamodel.value.impl.ModifiableRecord
2240
RGL_VALUE_4709 class nl.tudelft.rdfgears.rgl.datamodel.value.impl.ModifiableRecord
2241
RGL_VALUE_4711 class nl.tudelft.rdfgears.rgl.datamodel.value.impl.ModifiableRecord
2242
RGL_VALUE_4713 class nl.tudelft.rdfgears.rgl.datamodel.value.impl.ModifiableRecord
2243
RGL_VALUE_4715 class nl.tudelft.rdfgears.rgl.datamodel.value.impl.ModifiableRecord
2244
RGL_VALUE_4717 class nl.tudelft.rdfgears.rgl.datamodel.value.impl.ModifiableRecord
2245
RGL_VALUE_4719 class nl.tudelft.rdfgears.rgl.datamodel.value.impl.ModifiableRecord
2246
RGL_VALUE_4721 class nl.tudelft.rdfgears.rgl.datamodel.value.impl.ModifiableRecord
2247
RGL_VALUE_4723 class nl.tudelft.rdfgears.rgl.datamodel.value.impl.ModifiableRecord
2248
RGL_VALUE_4725 class nl.tudelft.rdfgears.rgl.datamodel.value.impl.ModifiableRecord
2249
RGL_VALUE_4727 class nl.tudelft.rdfgears.rgl.datamodel.value.impl.ModifiableRecord
2250
RGL_VALUE_4729 class nl.tudelft.rdfgears.rgl.datamodel.value.impl.ModifiableRecord
2251
RGL_VALUE_4731 class nl.tudelft.rdfgears.rgl.datamodel.value.impl.ModifiableRecord
2252
RGL_VALUE_4733 class nl.tudelft.rdfgears.rgl.datamodel.value.impl.ModifiableRecord
2253
RGL_VALUE_4735 class nl.tudelft.rdfgears.rgl.datamodel.value.impl.ModifiableRecord
2254
RGL_VALUE_4737 class nl.tudelft.rdfgears.rgl.datamodel.value.impl.ModifiableRecord
2255
RGL_VALUE_4739 class nl.tudelft.rdfgears.rgl.datamodel.value.impl.ModifiableRecord
2256
RGL_VALUE_4741 class nl.tudelft.rdfgears.rgl.datamodel.value.impl.ModifiableRecord
2257
RGL_VALUE_4743 class nl.tudelft.rdfgears.rgl.datamodel.value.impl.ModifiableRecord
2258
RGL_VALUE_4745 class nl.tudelft.rdfgears.rgl.datamodel.value.impl.ModifiableRecord
2259
RGL_VALUE_4747 class nl.tudelft.rdfgears.rgl.datamodel.value.impl.ModifiableRecord
2260
RGL_VALUE_4749 class nl.tudelft.rdfgears.rgl.datamodel.value.impl.ModifiableRecord
2261
RGL_VALUE_4751 class nl.tudelft.rdfgears.rgl.datamodel.value.impl.ModifiableRecord
2262
RGL_VALUE_4753 class nl.tudelft.rdfgears.rgl.datamodel.value.impl.ModifiableRecord
2263
RGL_VALUE_4755 class nl.tudelft.rdfgears.rgl.datamodel.value.impl.ModifiableRecord
2264
RGL_VALUE_4757 class nl.tudelft.rdfgears.rgl.datamodel.value.impl.ModifiableRecord
2265
RGL_VALUE_4759 class nl.tudelft.rdfgears.rgl.datamodel.value.impl.ModifiableRecord
2266
RGL_VALUE_4761 class nl.tudelft.rdfgears.rgl.datamodel.value.impl.ModifiableRecord
2267
RGL_VALUE_4763 class nl.tudelft.rdfgears.rgl.datamodel.value.impl.ModifiableRecord
2268
RGL_VALUE_4765 class nl.tudelft.rdfgears.rgl.datamodel.value.impl.ModifiableRecord
2269
RGL_VALUE_4767 class nl.tudelft.rdfgears.rgl.datamodel.value.impl.ModifiableRecord
2270
RGL_VALUE_4769 class nl.tudelft.rdfgears.rgl.datamodel.value.impl.ModifiableRecord
2271
RGL_VALUE_4771 class nl.tudelft.rdfgears.rgl.datamodel.value.impl.ModifiableRecord
2272
RGL_VALUE_4773 class nl.tudelft.rdfgears.rgl.datamodel.value.impl.ModifiableRecord
2273
RGL_VALUE_4775 class nl.tudelft.rdfgears.rgl.datamodel.value.impl.ModifiableRecord
2274
RGL_VALUE_4777 class nl.tudelft.rdfgears.rgl.datamodel.value.impl.ModifiableRecord
2275
RGL_VALUE_4779 class nl.tudelft.rdfgears.rgl.datamodel.value.impl.ModifiableRecord
2276
RGL_VALUE_4781 class nl.tudelft.rdfgears.rgl.datamodel.value.impl.ModifiableRecord
2277
RGL_VALUE_4783 class nl.tudelft.rdfgears.rgl.datamodel.value.impl.ModifiableRecord
2278
RGL_VALUE_4785 class nl.tudelft.rdfgears.rgl.datamodel.value.impl.ModifiableRecord
2279
RGL_VALUE_4787 class nl.tudelft.rdfgears.rgl.datamodel.value.impl.ModifiableRecord
2280
RGL_VALUE_4789 class nl.tudelft.rdfgears.rgl.datamodel.value.impl.ModifiableRecord
2281
RGL_VALUE_4791 class nl.tudelft.rdfgears.rgl.datamodel.value.impl.ModifiableRecord
2282
RGL_VALUE_4793 class nl.tudelft.rdfgears.rgl.datamodel.value.impl.ModifiableRecord
2283
RGL_VALUE_4795 class nl.tudelft.rdfgears.rgl.datamodel.value.impl.ModifiableRecord
2284
RGL_VALUE_4797 class nl.tudelft.rdfgears.rgl.datamodel.value.impl.ModifiableRecord
2285
RGL_VALUE_4799 class nl.tudelft.rdfgears.rgl.datamodel.value.impl.ModifiableRecord
2286
RGL_VALUE_4801 class nl.tudelft.rdfgears.rgl.datamodel.value.impl.ModifiableRecord
2287
RGL_VALUE_4803 class nl.tudelft.rdfgears.rgl.datamodel.value.impl.ModifiableRecord
2288
RGL_VALUE_4805 class nl.tudelft.rdfgears.rgl.datamodel.value.impl.ModifiableRecord
2289
RGL_VALUE_4807 class nl.tudelft.rdfgears.rgl.datamodel.value.impl.ModifiableRecord
2290
RGL_VALUE_4809 class nl.tudelft.rdfgears.rgl.datamodel.value.impl.ModifiableRecord
2291
RGL_VALUE_4811 class nl.tudelft.rdfgears.rgl.datamodel.value.impl.ModifiableRecord
2292
RGL_VALUE_4813 class nl.tudelft.rdfgears.rgl.datamodel.value.impl.ModifiableRecord
2293
RGL_VALUE_4815 class nl.tudelft.rdfgears.rgl.datamodel.value.impl.ModifiableRecord
2294
RGL_VALUE_4817 class nl.tudelft.rdfgears.rgl.datamodel.value.impl.ModifiableRecord
2295
RGL_VALUE_4819 class nl.tudelft.rdfgears.rgl.datamodel.value.impl.ModifiableRecord
2296
RGL_VALUE_4821 class nl.tudelft.rdfgears.rgl.datamodel.value.impl.ModifiableRecord
2297
RGL_VALUE_4823 class nl.tudelft.rdfgears.rgl.datamodel.value.impl.ModifiableRecord
2298
RGL_VALUE_4825 class nl.tudelft.rdfgears.rgl.datamodel.value.impl.ModifiableRecord
2299
RGL_VALUE_4827 class nl.tudelft.rdfgears.rgl.datamodel.value.impl.ModifiableRecord
2300
RGL_VALUE_4830 class nl.tudelft.rdfgears.rgl.datamodel.value.impl.ModifiableRecord
2301
RGL_VALUE_4832 class nl.tudelft.rdfgears.rgl.datamodel.value.impl.ModifiableRecord
2302
RGL_VALUE_4834 class nl.tudelft.rdfgears.rgl.datamodel.value.impl.ModifiableRecord
2303
RGL_VALUE_4836 class nl.tudelft.rdfgears.rgl.datamodel.value.impl.ModifiableRecord
2304
RGL_VALUE_4838 class nl.tudelft.rdfgears.rgl.datamodel.value.impl.ModifiableRecord
2305
RGL_VALUE_4840 class nl.tudelft.rdfgears.rgl.datamodel.value.impl.ModifiableRecord
2306
RGL_VALUE_4842 class nl.tudelft.rdfgears.rgl.datamodel.value.impl.ModifiableRecord
2307
RGL_VALUE_4844 class nl.tudelft.rdfgears.rgl.datamodel.value.impl.ModifiableRecord
2308
RGL_VALUE_4846 class nl.tudelft.rdfgears.rgl.datamodel.value.impl.ModifiableRecord
2309
RGL_VALUE_4848 class nl.tudelft.rdfgears.rgl.datamodel.value.impl.ModifiableRecord
2310
RGL_VALUE_4850 class nl.tudelft.rdfgears.rgl.datamodel.value.impl.ModifiableRecord
2311
RGL_VALUE_4852 class nl.tudelft.rdfgears.rgl.datamodel.value.impl.ModifiableRecord
2312
RGL_VALUE_4854 class nl.tudelft.rdfgears.rgl.datamodel.value.impl.ModifiableRecord
2313
RGL_VALUE_4856 class nl.tudelft.rdfgears.rgl.datamodel.value.impl.ModifiableRecord
2314
RGL_VALUE_4858 class nl.tudelft.rdfgears.rgl.datamodel.value.impl.ModifiableRecord
2315
RGL_VALUE_4860 class nl.tudelft.rdfgears.rgl.datamodel.value.impl.ModifiableRecord
2316
RGL_VALUE_4862 class nl.tudelft.rdfgears.rgl.datamodel.value.impl.ModifiableRecord
2317
RGL_VALUE_4864 class nl.tudelft.rdfgears.rgl.datamodel.value.impl.ModifiableRecord
2318
RGL_VALUE_4866 class nl.tudelft.rdfgears.rgl.datamodel.value.impl.ModifiableRecord
2319
RGL_VALUE_4868 class nl.tudelft.rdfgears.rgl.datamodel.value.impl.ModifiableRecord
2320
RGL_VALUE_4870 class nl.tudelft.rdfgears.rgl.datamodel.value.impl.ModifiableRecord
2321
RGL_VALUE_4872 class nl.tudelft.rdfgears.rgl.datamodel.value.impl.ModifiableRecord
2322
RGL_VALUE_4874 class nl.tudelft.rdfgears.rgl.datamodel.value.impl.ModifiableRecord
2323
RGL_VALUE_4876 class nl.tudelft.rdfgears.rgl.datamodel.value.impl.ModifiableRecord
2324
RGL_VALUE_4878 class nl.tudelft.rdfgears.rgl.datamodel.value.impl.ModifiableRecord
2325
RGL_VALUE_4880 class nl.tudelft.rdfgears.rgl.datamodel.value.impl.ModifiableRecord
2326
RGL_VALUE_4882 class nl.tudelft.rdfgears.rgl.datamodel.value.impl.ModifiableRecord
2327
RGL_VALUE_4884 class nl.tudelft.rdfgears.rgl.datamodel.value.impl.ModifiableRecord
2328
RGL_VALUE_4886 class nl.tudelft.rdfgears.rgl.datamodel.value.impl.ModifiableRecord
2329
RGL_VALUE_4888 class nl.tudelft.rdfgears.rgl.datamodel.value.impl.ModifiableRecord
2330
RGL_VALUE_4890 class nl.tudelft.rdfgears.rgl.datamodel.value.impl.ModifiableRecord
2331
RGL_VALUE_4892 class nl.tudelft.rdfgears.rgl.datamodel.value.impl.ModifiableRecord
2332
RGL_VALUE_4894 class nl.tudelft.rdfgears.rgl.datamodel.value.impl.ModifiableRecord
2333
RGL_VALUE_4896 class nl.tudelft.rdfgears.rgl.datamodel.value.impl.ModifiableRecord
2334
RGL_VALUE_4898 class nl.tudelft.rdfgears.rgl.datamodel.value.impl.ModifiableRecord
2335
RGL_VALUE_4900 class nl.tudelft.rdfgears.rgl.datamodel.value.impl.ModifiableRecord
2336
RGL_VALUE_4902 class nl.tudelft.rdfgears.rgl.datamodel.value.impl.ModifiableRecord
2337
RGL_VALUE_4904 class nl.tudelft.rdfgears.rgl.datamodel.value.impl.ModifiableRecord
2338
RGL_VALUE_4906 class nl.tudelft.rdfgears.rgl.datamodel.value.impl.ModifiableRecord
2339
RGL_VALUE_4908 class nl.tudelft.rdfgears.rgl.datamodel.value.impl.ModifiableRecord
2340
RGL_VALUE_4910 class nl.tudelft.rdfgears.rgl.datamodel.value.impl.ModifiableRecord
2341
RGL_VALUE_4912 class nl.tudelft.rdfgears.rgl.datamodel.value.impl.ModifiableRecord
2342
RGL_VALUE_4914 class nl.tudelft.rdfgears.rgl.datamodel.value.impl.ModifiableRecord
2343
RGL_VALUE_4916 class nl.tudelft.rdfgears.rgl.datamodel.value.impl.ModifiableRecord
2344
RGL_VALUE_4918 class nl.tudelft.rdfgears.rgl.datamodel.value.impl.ModifiableRecord
2345
RGL_VALUE_4920 class nl.tudelft.rdfgears.rgl.datamodel.value.impl.ModifiableRecord
2346
RGL_VALUE_4922 class nl.tudelft.rdfgears.rgl.datamodel.value.impl.ModifiableRecord
2347
RGL_VALUE_4924 class nl.tudelft.rdfgears.rgl.datamodel.value.impl.ModifiableRecord
2348
RGL_VALUE_4926 class nl.tudelft.rdfgears.rgl.datamodel.value.impl.ModifiableRecord
2349
RGL_VALUE_4928 class nl.tudelft.rdfgears.rgl.datamodel.value.impl.ModifiableRecord
2350
RGL_VALUE_4930 class nl.tudelft.rdfgears.rgl.datamodel.value.impl.ModifiableRecord
2351
RGL_VALUE_4932 class nl.tudelft.rdfgears.rgl.datamodel.value.impl.ModifiableRecord
2352
RGL_VALUE_4934 class nl.tudelft.rdfgears.rgl.datamodel.value.impl.ModifiableRecord
2353
RGL_VALUE_4936 class nl.tudelft.rdfgears.rgl.datamodel.value.impl.ModifiableRecord
2354
RGL_VALUE_4938 class nl.tudelft.rdfgears.rgl.datamodel.value.impl.ModifiableRecord
2355
RGL_VALUE_4940 class nl.tudelft.rdfgears.rgl.datamodel.value.impl.ModifiableRecord
2356
RGL_VALUE_4942 class nl.tudelft.rdfgears.rgl.datamodel.value.impl.ModifiableRecord
2357
RGL_VALUE_4944 class nl.tudelft.rdfgears.rgl.datamodel.value.impl.ModifiableRecord
2358
RGL_VALUE_4946 class nl.tudelft.rdfgears.rgl.datamodel.value.impl.ModifiableRecord
2359
RGL_VALUE_4948 class nl.tudelft.rdfgears.rgl.datamodel.value.impl.ModifiableRecord
2360
RGL_VALUE_4950 class nl.tudelft.rdfgears.rgl.datamodel.value.impl.ModifiableRecord
2361
RGL_VALUE_4952 class nl.tudelft.rdfgears.rgl.datamodel.value.impl.ModifiableRecord
2362
RGL_VALUE_4954 class nl.tudelft.rdfgears.rgl.datamodel.value.impl.ModifiableRecord
2363
RGL_VALUE_4956 class nl.tudelft.rdfgears.rgl.datamodel.value.impl.ModifiableRecord
2364
RGL_VALUE_4958 class nl.tudelft.rdfgears.rgl.datamodel.value.impl.ModifiableRecord
2365
RGL_VALUE_4960 class nl.tudelft.rdfgears.rgl.datamodel.value.impl.ModifiableRecord
2366
RGL_VALUE_4962 class nl.tudelft.rdfgears.rgl.datamodel.value.impl.ModifiableRecord
2367
RGL_VALUE_4964 class nl.tudelft.rdfgears.rgl.datamodel.value.impl.ModifiableRecord
2368
RGL_VALUE_4966 class nl.tudelft.rdfgears.rgl.datamodel.value.impl.ModifiableRecord
2369
RGL_VALUE_4968 class nl.tudelft.rdfgears.rgl.datamodel.value.impl.ModifiableRecord
2370
RGL_VALUE_4970 class nl.tudelft.rdfgears.rgl.datamodel.value.impl.ModifiableRecord
2371
RGL_VALUE_4972 class nl.tudelft.rdfgears.rgl.datamodel.value.impl.ModifiableRecord
2372
RGL_VALUE_4974 class nl.tudelft.rdfgears.rgl.datamodel.value.impl.ModifiableRecord
2373
RGL_VALUE_4976 class nl.tudelft.rdfgears.rgl.datamodel.value.impl.ModifiableRecord
2374
RGL_VALUE_4978 class nl.tudelft.rdfgears.rgl.datamodel.value.impl.ModifiableRecord
2375
RGL_VALUE_4980 class nl.tudelft.rdfgears.rgl.datamodel.value.impl.ModifiableRecord
2376
RGL_VALUE_4982 class nl.tudelft.rdfgears.rgl.datamodel.value.impl.ModifiableRecord
2377
RGL_VALUE_4984 class nl.tudelft.rdfgears.rgl.datamodel.value.impl.ModifiableRecord
2378
RGL_VALUE_4986 class nl.tudelft.rdfgears.rgl.datamodel.value.impl.ModifiableRecord
2379
RGL_VALUE_4988 class nl.tudelft.rdfgears.rgl.datamodel.value.impl.ModifiableRecord
2380
RGL_VALUE_4990 class nl.tudelft.rdfgears.rgl.datamodel.value.impl.ModifiableRecord
2381
RGL_VALUE_4992 class nl.tudelft.rdfgears.rgl.datamodel.value.impl.ModifiableRecord
2382
RGL_VALUE_4994 class nl.tudelft.rdfgears.rgl.datamodel.value.impl.ModifiableRecord
2383
RGL_VALUE_4996 class nl.tudelft.rdfgears.rgl.datamodel.value.impl.ModifiableRecord
2384
RGL_VALUE_4998 class nl.tudelft.rdfgears.rgl.datamodel.value.impl.ModifiableRecord
2385
RGL_VALUE_5000 class nl.tudelft.rdfgears.rgl.datamodel.value.impl.ModifiableRecord
2386
RGL_VALUE_5002 class nl.tudelft.rdfgears.rgl.datamodel.value.impl.ModifiableRecord
2387
RGL_VALUE_5004 class nl.tudelft.rdfgears.rgl.datamodel.value.impl.ModifiableRecord
2388
RGL_VALUE_5006 class nl.tudelft.rdfgears.rgl.datamodel.value.impl.ModifiableRecord
2389
RGL_VALUE_5008 class nl.tudelft.rdfgears.rgl.datamodel.value.impl.ModifiableRecord
2390
RGL_VALUE_5010 class nl.tudelft.rdfgears.rgl.datamodel.value.impl.ModifiableRecord
2391
RGL_VALUE_5012 class nl.tudelft.rdfgears.rgl.datamodel.value.impl.ModifiableRecord
2392
RGL_VALUE_5014 class nl.tudelft.rdfgears.rgl.datamodel.value.impl.ModifiableRecord
2393
RGL_VALUE_5016 class nl.tudelft.rdfgears.rgl.datamodel.value.impl.ModifiableRecord
2394
RGL_VALUE_5018 class nl.tudelft.rdfgears.rgl.datamodel.value.impl.ModifiableRecord
2395
RGL_VALUE_5020 class nl.tudelft.rdfgears.rgl.datamodel.value.impl.ModifiableRecord
2396
RGL_VALUE_5022 class nl.tudelft.rdfgears.rgl.datamodel.value.impl.ModifiableRecord
2397
RGL_VALUE_5024 class nl.tudelft.rdfgears.rgl.datamodel.value.impl.ModifiableRecord
2398
RGL_VALUE_5026 class nl.tudelft.rdfgears.rgl.datamodel.value.impl.ModifiableRecord
2399
RGL_VALUE_5028 class nl.tudelft.rdfgears.rgl.datamodel.value.impl.ModifiableRecord
2400
RGL_VALUE_5031 class nl.tudelft.rdfgears.rgl.datamodel.value.impl.ModifiableRecord
2401
RGL_VALUE_5033 class nl.tudelft.rdfgears.rgl.datamodel.value.impl.ModifiableRecord
2402
RGL_VALUE_5035 class nl.tudelft.rdfgears.rgl.datamodel.value.impl.ModifiableRecord
2403
RGL_VALUE_5037 class nl.tudelft.rdfgears.rgl.datamodel.value.impl.ModifiableRecord
2404
RGL_VALUE_5039 class nl.tudelft.rdfgears.rgl.datamodel.value.impl.ModifiableRecord
2405
RGL_VALUE_5041 class nl.tudelft.rdfgears.rgl.datamodel.value.impl.ModifiableRecord
2406
RGL_VALUE_5043 class nl.tudelft.rdfgears.rgl.datamodel.value.impl.ModifiableRecord
2407
RGL_VALUE_5045 class nl.tudelft.rdfgears.rgl.datamodel.value.impl.ModifiableRecord
2408
RGL_VALUE_5047 class nl.tudelft.rdfgears.rgl.datamodel.value.impl.ModifiableRecord
2409
RGL_VALUE_5049 class nl.tudelft.rdfgears.rgl.datamodel.value.impl.ModifiableRecord
2410
RGL_VALUE_5051 class nl.tudelft.rdfgears.rgl.datamodel.value.impl.ModifiableRecord
2411
RGL_VALUE_5053 class nl.tudelft.rdfgears.rgl.datamodel.value.impl.ModifiableRecord
2412
RGL_VALUE_5055 class nl.tudelft.rdfgears.rgl.datamodel.value.impl.ModifiableRecord
2413
RGL_VALUE_5057 class nl.tudelft.rdfgears.rgl.datamodel.value.impl.ModifiableRecord
2414
RGL_VALUE_5059 class nl.tudelft.rdfgears.rgl.datamodel.value.impl.ModifiableRecord
2415
RGL_VALUE_5061 class nl.tudelft.rdfgears.rgl.datamodel.value.impl.ModifiableRecord
2416
RGL_VALUE_5063 class nl.tudelft.rdfgears.rgl.datamodel.value.impl.ModifiableRecord
2417
RGL_VALUE_5065 class nl.tudelft.rdfgears.rgl.datamodel.value.impl.ModifiableRecord
2418
RGL_VALUE_5067 class nl.tudelft.rdfgears.rgl.datamodel.value.impl.ModifiableRecord
2419
RGL_VALUE_5069 class nl.tudelft.rdfgears.rgl.datamodel.value.impl.ModifiableRecord
2420
RGL_VALUE_5071 class nl.tudelft.rdfgears.rgl.datamodel.value.impl.ModifiableRecord
2421
RGL_VALUE_5073 class nl.tudelft.rdfgears.rgl.datamodel.value.impl.ModifiableRecord
2422
RGL_VALUE_5075 class nl.tudelft.rdfgears.rgl.datamodel.value.impl.ModifiableRecord
2423
RGL_VALUE_5077 class nl.tudelft.rdfgears.rgl.datamodel.value.impl.ModifiableRecord
2424
RGL_VALUE_5079 class nl.tudelft.rdfgears.rgl.datamodel.value.impl.ModifiableRecord
2425
RGL_VALUE_5081 class nl.tudelft.rdfgears.rgl.datamodel.value.impl.ModifiableRecord
2426
RGL_VALUE_5083 class nl.tudelft.rdfgears.rgl.datamodel.value.impl.ModifiableRecord
2427
RGL_VALUE_5085 class nl.tudelft.rdfgears.rgl.datamodel.value.impl.ModifiableRecord
2428
RGL_VALUE_5087 class nl.tudelft.rdfgears.rgl.datamodel.value.impl.ModifiableRecord
2429
RGL_VALUE_5089 class nl.tudelft.rdfgears.rgl.datamodel.value.impl.ModifiableRecord
2430
RGL_VALUE_5091 class nl.tudelft.rdfgears.rgl.datamodel.value.impl.ModifiableRecord
2431
RGL_VALUE_5093 class nl.tudelft.rdfgears.rgl.datamodel.value.impl.ModifiableRecord
2432
RGL_VALUE_5095 class nl.tudelft.rdfgears.rgl.datamodel.value.impl.ModifiableRecord
2433
RGL_VALUE_5097 class nl.tudelft.rdfgears.rgl.datamodel.value.impl.ModifiableRecord
2434
RGL_VALUE_5099 class nl.tudelft.rdfgears.rgl.datamodel.value.impl.ModifiableRecord
2435
RGL_VALUE_5101 class nl.tudelft.rdfgears.rgl.datamodel.value.impl.ModifiableRecord
2436
RGL_VALUE_5103 class nl.tudelft.rdfgears.rgl.datamodel.value.impl.ModifiableRecord
2437
RGL_VALUE_5105 class nl.tudelft.rdfgears.rgl.datamodel.value.impl.ModifiableRecord
2438
RGL_VALUE_5107 class nl.tudelft.rdfgears.rgl.datamodel.value.impl.ModifiableRecord
2439
RGL_VALUE_5109 class nl.tudelft.rdfgears.rgl.datamodel.value.impl.ModifiableRecord
2440
RGL_VALUE_5111 class nl.tudelft.rdfgears.rgl.datamodel.value.impl.ModifiableRecord
2441
RGL_VALUE_5113 class nl.tudelft.rdfgears.rgl.datamodel.value.impl.ModifiableRecord
2442
RGL_VALUE_5115 class nl.tudelft.rdfgears.rgl.datamodel.value.impl.ModifiableRecord
2443
RGL_VALUE_5117 class nl.tudelft.rdfgears.rgl.datamodel.value.impl.ModifiableRecord
2444
RGL_VALUE_5119 class nl.tudelft.rdfgears.rgl.datamodel.value.impl.ModifiableRecord
2445
RGL_VALUE_5121 class nl.tudelft.rdfgears.rgl.datamodel.value.impl.ModifiableRecord
2446
RGL_VALUE_5123 class nl.tudelft.rdfgears.rgl.datamodel.value.impl.ModifiableRecord
2447
RGL_VALUE_5125 class nl.tudelft.rdfgears.rgl.datamodel.value.impl.ModifiableRecord
2448
RGL_VALUE_5127 class nl.tudelft.rdfgears.rgl.datamodel.value.impl.ModifiableRecord
2449
RGL_VALUE_5129 class nl.tudelft.rdfgears.rgl.datamodel.value.impl.ModifiableRecord
2450
RGL_VALUE_5131 class nl.tudelft.rdfgears.rgl.datamodel.value.impl.ModifiableRecord
2451
RGL_VALUE_5133 class nl.tudelft.rdfgears.rgl.datamodel.value.impl.ModifiableRecord
2452
RGL_VALUE_5135 class nl.tudelft.rdfgears.rgl.datamodel.value.impl.ModifiableRecord
2453
RGL_VALUE_5137 class nl.tudelft.rdfgears.rgl.datamodel.value.impl.ModifiableRecord
2454
RGL_VALUE_5139 class nl.tudelft.rdfgears.rgl.datamodel.value.impl.ModifiableRecord
2455
RGL_VALUE_5141 class nl.tudelft.rdfgears.rgl.datamodel.value.impl.ModifiableRecord
2456
RGL_VALUE_5143 class nl.tudelft.rdfgears.rgl.datamodel.value.impl.ModifiableRecord
2457
RGL_VALUE_5145 class nl.tudelft.rdfgears.rgl.datamodel.value.impl.ModifiableRecord
2458
RGL_VALUE_5147 class nl.tudelft.rdfgears.rgl.datamodel.value.impl.ModifiableRecord
2459
RGL_VALUE_5149 class nl.tudelft.rdfgears.rgl.datamodel.value.impl.ModifiableRecord
2460
RGL_VALUE_5151 class nl.tudelft.rdfgears.rgl.datamodel.value.impl.ModifiableRecord
2461
RGL_VALUE_5153 class nl.tudelft.rdfgears.rgl.datamodel.value.impl.ModifiableRecord
2462
RGL_VALUE_5155 class nl.tudelft.rdfgears.rgl.datamodel.value.impl.ModifiableRecord
2463
RGL_VALUE_5157 class nl.tudelft.rdfgears.rgl.datamodel.value.impl.ModifiableRecord
2464
RGL_VALUE_5159 class nl.tudelft.rdfgears.rgl.datamodel.value.impl.ModifiableRecord
2465
RGL_VALUE_5161 class nl.tudelft.rdfgears.rgl.datamodel.value.impl.ModifiableRecord
2466
RGL_VALUE_5163 class nl.tudelft.rdfgears.rgl.datamodel.value.impl.ModifiableRecord
2467
RGL_VALUE_5165 class nl.tudelft.rdfgears.rgl.datamodel.value.impl.ModifiableRecord
2468
RGL_VALUE_5167 class nl.tudelft.rdfgears.rgl.datamodel.value.impl.ModifiableRecord
2469
RGL_VALUE_5169 class nl.tudelft.rdfgears.rgl.datamodel.value.impl.ModifiableRecord
2470
RGL_VALUE_5171 class nl.tudelft.rdfgears.rgl.datamodel.value.impl.ModifiableRecord
2471
RGL_VALUE_5173 class nl.tudelft.rdfgears.rgl.datamodel.value.impl.ModifiableRecord
2472
RGL_VALUE_5175 class nl.tudelft.rdfgears.rgl.datamodel.value.impl.ModifiableRecord
2473
RGL_VALUE_5177 class nl.tudelft.rdfgears.rgl.datamodel.value.impl.ModifiableRecord
2474
RGL_VALUE_5179 class nl.tudelft.rdfgears.rgl.datamodel.value.impl.ModifiableRecord
2475
RGL_VALUE_5181 class nl.tudelft.rdfgears.rgl.datamodel.value.impl.ModifiableRecord
2476
RGL_VALUE_5183 class nl.tudelft.rdfgears.rgl.datamodel.value.impl.ModifiableRecord
2477
RGL_VALUE_5185 class nl.tudelft.rdfgears.rgl.datamodel.value.impl.ModifiableRecord
2478
RGL_VALUE_5187 class nl.tudelft.rdfgears.rgl.datamodel.value.impl.ModifiableRecord
2479
RGL_VALUE_5189 class nl.tudelft.rdfgears.rgl.datamodel.value.impl.ModifiableRecord
2480
RGL_VALUE_5191 class nl.tudelft.rdfgears.rgl.datamodel.value.impl.ModifiableRecord
2481
RGL_VALUE_5193 class nl.tudelft.rdfgears.rgl.datamodel.value.impl.ModifiableRecord
2482
RGL_VALUE_5195 class nl.tudelft.rdfgears.rgl.datamodel.value.impl.ModifiableRecord
2483
RGL_VALUE_5197 class nl.tudelft.rdfgears.rgl.datamodel.value.impl.ModifiableRecord
2484
RGL_VALUE_5199 class nl.tudelft.rdfgears.rgl.datamodel.value.impl.ModifiableRecord
2485
RGL_VALUE_5201 class nl.tudelft.rdfgears.rgl.datamodel.value.impl.ModifiableRecord
2486
RGL_VALUE_5203 class nl.tudelft.rdfgears.rgl.datamodel.value.impl.ModifiableRecord
2487
RGL_VALUE_5205 class nl.tudelft.rdfgears.rgl.datamodel.value.impl.ModifiableRecord
2488
RGL_VALUE_5207 class nl.tudelft.rdfgears.rgl.datamodel.value.impl.ModifiableRecord
2489
RGL_VALUE_5209 class nl.tudelft.rdfgears.rgl.datamodel.value.impl.ModifiableRecord
2490
RGL_VALUE_5211 class nl.tudelft.rdfgears.rgl.datamodel.value.impl.ModifiableRecord
2491
RGL_VALUE_5213 class nl.tudelft.rdfgears.rgl.datamodel.value.impl.ModifiableRecord
2492
RGL_VALUE_5215 class nl.tudelft.rdfgears.rgl.datamodel.value.impl.ModifiableRecord
2493
RGL_VALUE_5217 class nl.tudelft.rdfgears.rgl.datamodel.value.impl.ModifiableRecord
2494
RGL_VALUE_5219 class nl.tudelft.rdfgears.rgl.datamodel.value.impl.ModifiableRecord
2495
RGL_VALUE_5221 class nl.tudelft.rdfgears.rgl.datamodel.value.impl.ModifiableRecord
2496
RGL_VALUE_5223 class nl.tudelft.rdfgears.rgl.datamodel.value.impl.ModifiableRecord
2497
RGL_VALUE_5225 class nl.tudelft.rdfgears.rgl.datamodel.value.impl.ModifiableRecord
2498
RGL_VALUE_5227 class nl.tudelft.rdfgears.rgl.datamodel.value.impl.ModifiableRecord
2499
RGL_VALUE_5229 class nl.tudelft.rdfgears.rgl.datamodel.value.impl.ModifiableRecord
2500
RGL_VALUE_5232 class nl.tudelft.rdfgears.rgl.datamodel.value.impl.ModifiableRecord
2501
RGL_VALUE_5234 class nl.tudelft.rdfgears.rgl.datamodel.value.impl.ModifiableRecord
2502
RGL_VALUE_5236 class nl.tudelft.rdfgears.rgl.datamodel.value.impl.ModifiableRecord
2503
RGL_VALUE_5238 class nl.tudelft.rdfgears.rgl.datamodel.value.impl.ModifiableRecord
2504
RGL_VALUE_5240 class nl.tudelft.rdfgears.rgl.datamodel.value.impl.ModifiableRecord
2505
RGL_VALUE_5242 class nl.tudelft.rdfgears.rgl.datamodel.value.impl.ModifiableRecord
2506
RGL_VALUE_5244 class nl.tudelft.rdfgears.rgl.datamodel.value.impl.ModifiableRecord
2507
RGL_VALUE_5246 class nl.tudelft.rdfgears.rgl.datamodel.value.impl.ModifiableRecord
2508
RGL_VALUE_5248 class nl.tudelft.rdfgears.rgl.datamodel.value.impl.ModifiableRecord
2509
RGL_VALUE_5250 class nl.tudelft.rdfgears.rgl.datamodel.value.impl.ModifiableRecord
2510
RGL_VALUE_5252 class nl.tudelft.rdfgears.rgl.datamodel.value.impl.ModifiableRecord
2511
RGL_VALUE_5254 class nl.tudelft.rdfgears.rgl.datamodel.value.impl.ModifiableRecord
2512
RGL_VALUE_5256 class nl.tudelft.rdfgears.rgl.datamodel.value.impl.ModifiableRecord
2513
RGL_VALUE_5258 class nl.tudelft.rdfgears.rgl.datamodel.value.impl.ModifiableRecord
2514
RGL_VALUE_5260 class nl.tudelft.rdfgears.rgl.datamodel.value.impl.ModifiableRecord
2515
RGL_VALUE_5262 class nl.tudelft.rdfgears.rgl.datamodel.value.impl.ModifiableRecord
2516
RGL_VALUE_5264 class nl.tudelft.rdfgears.rgl.datamodel.value.impl.ModifiableRecord
2517
RGL_VALUE_5266 class nl.tudelft.rdfgears.rgl.datamodel.value.impl.ModifiableRecord
2518
RGL_VALUE_5268 class nl.tudelft.rdfgears.rgl.datamodel.value.impl.ModifiableRecord
2519
RGL_VALUE_5270 class nl.tudelft.rdfgears.rgl.datamodel.value.impl.ModifiableRecord
2520
RGL_VALUE_5272 class nl.tudelft.rdfgears.rgl.datamodel.value.impl.ModifiableRecord
2521
RGL_VALUE_5274 class nl.tudelft.rdfgears.rgl.datamodel.value.impl.ModifiableRecord
2522
RGL_VALUE_5276 class nl.tudelft.rdfgears.rgl.datamodel.value.impl.ModifiableRecord
2523
RGL_VALUE_5278 class nl.tudelft.rdfgears.rgl.datamodel.value.impl.ModifiableRecord
2524
RGL_VALUE_5280 class nl.tudelft.rdfgears.rgl.datamodel.value.impl.ModifiableRecord
2525
RGL_VALUE_5282 class nl.tudelft.rdfgears.rgl.datamodel.value.impl.ModifiableRecord
2526
RGL_VALUE_5284 class nl.tudelft.rdfgears.rgl.datamodel.value.impl.ModifiableRecord
2527
RGL_VALUE_5286 class nl.tudelft.rdfgears.rgl.datamodel.value.impl.ModifiableRecord
2528
RGL_VALUE_5288 class nl.tudelft.rdfgears.rgl.datamodel.value.impl.ModifiableRecord
2529
RGL_VALUE_5290 class nl.tudelft.rdfgears.rgl.datamodel.value.impl.ModifiableRecord
2530
RGL_VALUE_5292 class nl.tudelft.rdfgears.rgl.datamodel.value.impl.ModifiableRecord
2531
RGL_VALUE_5294 class nl.tudelft.rdfgears.rgl.datamodel.value.impl.ModifiableRecord
2532
RGL_VALUE_5296 class nl.tudelft.rdfgears.rgl.datamodel.value.impl.ModifiableRecord
2533
RGL_VALUE_5298 class nl.tudelft.rdfgears.rgl.datamodel.value.impl.ModifiableRecord
2534
RGL_VALUE_5300 class nl.tudelft.rdfgears.rgl.datamodel.value.impl.ModifiableRecord
2535
RGL_VALUE_5302 class nl.tudelft.rdfgears.rgl.datamodel.value.impl.ModifiableRecord
2536
RGL_VALUE_5304 class nl.tudelft.rdfgears.rgl.datamodel.value.impl.ModifiableRecord
2537
RGL_VALUE_5306 class nl.tudelft.rdfgears.rgl.datamodel.value.impl.ModifiableRecord
2538
RGL_VALUE_5308 class nl.tudelft.rdfgears.rgl.datamodel.value.impl.ModifiableRecord
2539
RGL_VALUE_5310 class nl.tudelft.rdfgears.rgl.datamodel.value.impl.ModifiableRecord
2540
RGL_VALUE_5312 class nl.tudelft.rdfgears.rgl.datamodel.value.impl.ModifiableRecord
2541
RGL_VALUE_5314 class nl.tudelft.rdfgears.rgl.datamodel.value.impl.ModifiableRecord
2542
RGL_VALUE_5316 class nl.tudelft.rdfgears.rgl.datamodel.value.impl.ModifiableRecord
2543
RGL_VALUE_5318 class nl.tudelft.rdfgears.rgl.datamodel.value.impl.ModifiableRecord
2544
RGL_VALUE_5320 class nl.tudelft.rdfgears.rgl.datamodel.value.impl.ModifiableRecord
2545
RGL_VALUE_5322 class nl.tudelft.rdfgears.rgl.datamodel.value.impl.ModifiableRecord
2546
RGL_VALUE_5324 class nl.tudelft.rdfgears.rgl.datamodel.value.impl.ModifiableRecord
2547
RGL_VALUE_5326 class nl.tudelft.rdfgears.rgl.datamodel.value.impl.ModifiableRecord
2548
RGL_VALUE_5328 class nl.tudelft.rdfgears.rgl.datamodel.value.impl.ModifiableRecord
2549
RGL_VALUE_5330 class nl.tudelft.rdfgears.rgl.datamodel.value.impl.ModifiableRecord
2550
RGL_VALUE_5332 class nl.tudelft.rdfgears.rgl.datamodel.value.impl.ModifiableRecord
2551
RGL_VALUE_5334 class nl.tudelft.rdfgears.rgl.datamodel.value.impl.ModifiableRecord
2552
RGL_VALUE_5336 class nl.tudelft.rdfgears.rgl.datamodel.value.impl.ModifiableRecord
2553
RGL_VALUE_5338 class nl.tudelft.rdfgears.rgl.datamodel.value.impl.ModifiableRecord
2554
RGL_VALUE_5340 class nl.tudelft.rdfgears.rgl.datamodel.value.impl.ModifiableRecord
2555
RGL_VALUE_5342 class nl.tudelft.rdfgears.rgl.datamodel.value.impl.ModifiableRecord
2556
RGL_VALUE_5344 class nl.tudelft.rdfgears.rgl.datamodel.value.impl.ModifiableRecord
2557
RGL_VALUE_5346 class nl.tudelft.rdfgears.rgl.datamodel.value.impl.ModifiableRecord
2558
RGL_VALUE_5348 class nl.tudelft.rdfgears.rgl.datamodel.value.impl.ModifiableRecord
2559
RGL_VALUE_5350 class nl.tudelft.rdfgears.rgl.datamodel.value.impl.ModifiableRecord
2560
RGL_VALUE_5352 class nl.tudelft.rdfgears.rgl.datamodel.value.impl.ModifiableRecord
2561
RGL_VALUE_5354 class nl.tudelft.rdfgears.rgl.datamodel.value.impl.ModifiableRecord
2562
RGL_VALUE_5356 class nl.tudelft.rdfgears.rgl.datamodel.value.impl.ModifiableRecord
2563
RGL_VALUE_5358 class nl.tudelft.rdfgears.rgl.datamodel.value.impl.ModifiableRecord
2564
RGL_VALUE_5360 class nl.tudelft.rdfgears.rgl.datamodel.value.impl.ModifiableRecord
2565
RGL_VALUE_5362 class nl.tudelft.rdfgears.rgl.datamodel.value.impl.ModifiableRecord
2566
RGL_VALUE_5364 class nl.tudelft.rdfgears.rgl.datamodel.value.impl.ModifiableRecord
2567
RGL_VALUE_5366 class nl.tudelft.rdfgears.rgl.datamodel.value.impl.ModifiableRecord
2568
RGL_VALUE_5368 class nl.tudelft.rdfgears.rgl.datamodel.value.impl.ModifiableRecord
2569
RGL_VALUE_5370 class nl.tudelft.rdfgears.rgl.datamodel.value.impl.ModifiableRecord
2570
RGL_VALUE_5372 class nl.tudelft.rdfgears.rgl.datamodel.value.impl.ModifiableRecord
2571
RGL_VALUE_5374 class nl.tudelft.rdfgears.rgl.datamodel.value.impl.ModifiableRecord
2572
RGL_VALUE_5376 class nl.tudelft.rdfgears.rgl.datamodel.value.impl.ModifiableRecord
2573
RGL_VALUE_5378 class nl.tudelft.rdfgears.rgl.datamodel.value.impl.ModifiableRecord
2574
RGL_VALUE_5380 class nl.tudelft.rdfgears.rgl.datamodel.value.impl.ModifiableRecord
2575
RGL_VALUE_5382 class nl.tudelft.rdfgears.rgl.datamodel.value.impl.ModifiableRecord
2576
RGL_VALUE_5384 class nl.tudelft.rdfgears.rgl.datamodel.value.impl.ModifiableRecord
2577
RGL_VALUE_5386 class nl.tudelft.rdfgears.rgl.datamodel.value.impl.ModifiableRecord
2578
RGL_VALUE_5388 class nl.tudelft.rdfgears.rgl.datamodel.value.impl.ModifiableRecord
2579
RGL_VALUE_5390 class nl.tudelft.rdfgears.rgl.datamodel.value.impl.ModifiableRecord
2580
RGL_VALUE_5392 class nl.tudelft.rdfgears.rgl.datamodel.value.impl.ModifiableRecord
2581
RGL_VALUE_5394 class nl.tudelft.rdfgears.rgl.datamodel.value.impl.ModifiableRecord
2582
RGL_VALUE_5396 class nl.tudelft.rdfgears.rgl.datamodel.value.impl.ModifiableRecord
2583
RGL_VALUE_5398 class nl.tudelft.rdfgears.rgl.datamodel.value.impl.ModifiableRecord
2584
RGL_VALUE_5400 class nl.tudelft.rdfgears.rgl.datamodel.value.impl.ModifiableRecord
2585
RGL_VALUE_5402 class nl.tudelft.rdfgears.rgl.datamodel.value.impl.ModifiableRecord
2586
RGL_VALUE_5404 class nl.tudelft.rdfgears.rgl.datamodel.value.impl.ModifiableRecord
2587
RGL_VALUE_5406 class nl.tudelft.rdfgears.rgl.datamodel.value.impl.ModifiableRecord
2588
RGL_VALUE_5408 class nl.tudelft.rdfgears.rgl.datamodel.value.impl.ModifiableRecord
2589
RGL_VALUE_5410 class nl.tudelft.rdfgears.rgl.datamodel.value.impl.ModifiableRecord
2590
RGL_VALUE_5412 class nl.tudelft.rdfgears.rgl.datamodel.value.impl.ModifiableRecord
2591
RGL_VALUE_5414 class nl.tudelft.rdfgears.rgl.datamodel.value.impl.ModifiableRecord
2592
RGL_VALUE_5416 class nl.tudelft.rdfgears.rgl.datamodel.value.impl.ModifiableRecord
2593
RGL_VALUE_5418 class nl.tudelft.rdfgears.rgl.datamodel.value.impl.ModifiableRecord
2594
RGL_VALUE_5420 class nl.tudelft.rdfgears.rgl.datamodel.value.impl.ModifiableRecord
2595
RGL_VALUE_5422 class nl.tudelft.rdfgears.rgl.datamodel.value.impl.ModifiableRecord
2596
RGL_VALUE_5424 class nl.tudelft.rdfgears.rgl.datamodel.value.impl.ModifiableRecord
2597
RGL_VALUE_5426 class nl.tudelft.rdfgears.rgl.datamodel.value.impl.ModifiableRecord
2598
RGL_VALUE_5428 class nl.tudelft.rdfgears.rgl.datamodel.value.impl.ModifiableRecord
2599
RGL_VALUE_5430 class nl.tudelft.rdfgears.rgl.datamodel.value.impl.ModifiableRecord
2600
RGL_VALUE_5433 class nl.tudelft.rdfgears.rgl.datamodel.value.impl.ModifiableRecord
2601
RGL_VALUE_5435 class nl.tudelft.rdfgears.rgl.datamodel.value.impl.ModifiableRecord
2602
RGL_VALUE_5437 class nl.tudelft.rdfgears.rgl.datamodel.value.impl.ModifiableRecord
2603
RGL_VALUE_5439 class nl.tudelft.rdfgears.rgl.datamodel.value.impl.ModifiableRecord
2604
RGL_VALUE_5441 class nl.tudelft.rdfgears.rgl.datamodel.value.impl.ModifiableRecord
2605
RGL_VALUE_5443 class nl.tudelft.rdfgears.rgl.datamodel.value.impl.ModifiableRecord
2606
RGL_VALUE_5445 class nl.tudelft.rdfgears.rgl.datamodel.value.impl.ModifiableRecord
2607
RGL_VALUE_5447 class nl.tudelft.rdfgears.rgl.datamodel.value.impl.ModifiableRecord
2608
RGL_VALUE_5449 class nl.tudelft.rdfgears.rgl.datamodel.value.impl.ModifiableRecord
2609
RGL_VALUE_5451 class nl.tudelft.rdfgears.rgl.datamodel.value.impl.ModifiableRecord
2610
RGL_VALUE_5453 class nl.tudelft.rdfgears.rgl.datamodel.value.impl.ModifiableRecord
2611
RGL_VALUE_5455 class nl.tudelft.rdfgears.rgl.datamodel.value.impl.ModifiableRecord
2612
RGL_VALUE_5457 class nl.tudelft.rdfgears.rgl.datamodel.value.impl.ModifiableRecord
2613
RGL_VALUE_5459 class nl.tudelft.rdfgears.rgl.datamodel.value.impl.ModifiableRecord
2614
RGL_VALUE_5461 class nl.tudelft.rdfgears.rgl.datamodel.value.impl.ModifiableRecord
2615
RGL_VALUE_5463 class nl.tudelft.rdfgears.rgl.datamodel.value.impl.ModifiableRecord
2616
RGL_VALUE_5465 class nl.tudelft.rdfgears.rgl.datamodel.value.impl.ModifiableRecord
2617
RGL_VALUE_5467 class nl.tudelft.rdfgears.rgl.datamodel.value.impl.ModifiableRecord
2618
RGL_VALUE_5469 class nl.tudelft.rdfgears.rgl.datamodel.value.impl.ModifiableRecord
2619
RGL_VALUE_5471 class nl.tudelft.rdfgears.rgl.datamodel.value.impl.ModifiableRecord
2620
RGL_VALUE_5473 class nl.tudelft.rdfgears.rgl.datamodel.value.impl.ModifiableRecord
2621
RGL_VALUE_5475 class nl.tudelft.rdfgears.rgl.datamodel.value.impl.ModifiableRecord
2622
RGL_VALUE_5477 class nl.tudelft.rdfgears.rgl.datamodel.value.impl.ModifiableRecord
2623
RGL_VALUE_5479 class nl.tudelft.rdfgears.rgl.datamodel.value.impl.ModifiableRecord
2624
RGL_VALUE_5481 class nl.tudelft.rdfgears.rgl.datamodel.value.impl.ModifiableRecord
2625
RGL_VALUE_5483 class nl.tudelft.rdfgears.rgl.datamodel.value.impl.ModifiableRecord
2626
RGL_VALUE_5485 class nl.tudelft.rdfgears.rgl.datamodel.value.impl.ModifiableRecord
2627
RGL_VALUE_5487 class nl.tudelft.rdfgears.rgl.datamodel.value.impl.ModifiableRecord
2628
RGL_VALUE_5489 class nl.tudelft.rdfgears.rgl.datamodel.value.impl.ModifiableRecord
2629
RGL_VALUE_5491 class nl.tudelft.rdfgears.rgl.datamodel.value.impl.ModifiableRecord
2630
RGL_VALUE_5493 class nl.tudelft.rdfgears.rgl.datamodel.value.impl.ModifiableRecord
2631
RGL_VALUE_5495 class nl.tudelft.rdfgears.rgl.datamodel.value.impl.ModifiableRecord
2632
RGL_VALUE_5497 class nl.tudelft.rdfgears.rgl.datamodel.value.impl.ModifiableRecord
2633
RGL_VALUE_5499 class nl.tudelft.rdfgears.rgl.datamodel.value.impl.ModifiableRecord
2634
RGL_VALUE_5501 class nl.tudelft.rdfgears.rgl.datamodel.value.impl.ModifiableRecord
2635
RGL_VALUE_5503 class nl.tudelft.rdfgears.rgl.datamodel.value.impl.ModifiableRecord
2636
RGL_VALUE_5505 class nl.tudelft.rdfgears.rgl.datamodel.value.impl.ModifiableRecord
2637
RGL_VALUE_5507 class nl.tudelft.rdfgears.rgl.datamodel.value.impl.ModifiableRecord
2638
RGL_VALUE_5509 class nl.tudelft.rdfgears.rgl.datamodel.value.impl.ModifiableRecord
2639
RGL_VALUE_5511 class nl.tudelft.rdfgears.rgl.datamodel.value.impl.ModifiableRecord
2640
RGL_VALUE_5513 class nl.tudelft.rdfgears.rgl.datamodel.value.impl.ModifiableRecord
2641
RGL_VALUE_5515 class nl.tudelft.rdfgears.rgl.datamodel.value.impl.ModifiableRecord
2642
RGL_VALUE_5517 class nl.tudelft.rdfgears.rgl.datamodel.value.impl.ModifiableRecord
2643
RGL_VALUE_5519 class nl.tudelft.rdfgears.rgl.datamodel.value.impl.ModifiableRecord
2644
RGL_VALUE_5521 class nl.tudelft.rdfgears.rgl.datamodel.value.impl.ModifiableRecord
2645
RGL_VALUE_5523 class nl.tudelft.rdfgears.rgl.datamodel.value.impl.ModifiableRecord
2646
RGL_VALUE_5525 class nl.tudelft.rdfgears.rgl.datamodel.value.impl.ModifiableRecord
2647
RGL_VALUE_5527 class nl.tudelft.rdfgears.rgl.datamodel.value.impl.ModifiableRecord
2648
RGL_VALUE_5529 class nl.tudelft.rdfgears.rgl.datamodel.value.impl.ModifiableRecord
2649
RGL_VALUE_5531 class nl.tudelft.rdfgears.rgl.datamodel.value.impl.ModifiableRecord
2650
RGL_VALUE_5533 class nl.tudelft.rdfgears.rgl.datamodel.value.impl.ModifiableRecord
2651
RGL_VALUE_5535 class nl.tudelft.rdfgears.rgl.datamodel.value.impl.ModifiableRecord
2652
RGL_VALUE_5537 class nl.tudelft.rdfgears.rgl.datamodel.value.impl.ModifiableRecord
2653
RGL_VALUE_5539 class nl.tudelft.rdfgears.rgl.datamodel.value.impl.ModifiableRecord
2654
RGL_VALUE_5541 class nl.tudelft.rdfgears.rgl.datamodel.value.impl.ModifiableRecord
2655
RGL_VALUE_5543 class nl.tudelft.rdfgears.rgl.datamodel.value.impl.ModifiableRecord
2656
RGL_VALUE_5545 class nl.tudelft.rdfgears.rgl.datamodel.value.impl.ModifiableRecord
2657
RGL_VALUE_5547 class nl.tudelft.rdfgears.rgl.datamodel.value.impl.ModifiableRecord
2658
RGL_VALUE_5549 class nl.tudelft.rdfgears.rgl.datamodel.value.impl.ModifiableRecord
2659
RGL_VALUE_5551 class nl.tudelft.rdfgears.rgl.datamodel.value.impl.ModifiableRecord
2660
RGL_VALUE_5553 class nl.tudelft.rdfgears.rgl.datamodel.value.impl.ModifiableRecord
2661
RGL_VALUE_5555 class nl.tudelft.rdfgears.rgl.datamodel.value.impl.ModifiableRecord
2662
RGL_VALUE_5557 class nl.tudelft.rdfgears.rgl.datamodel.value.impl.ModifiableRecord
2663
RGL_VALUE_5559 class nl.tudelft.rdfgears.rgl.datamodel.value.impl.ModifiableRecord
2664
RGL_VALUE_5561 class nl.tudelft.rdfgears.rgl.datamodel.value.impl.ModifiableRecord
2665
RGL_VALUE_5563 class nl.tudelft.rdfgears.rgl.datamodel.value.impl.ModifiableRecord
2666
RGL_VALUE_5565 class nl.tudelft.rdfgears.rgl.datamodel.value.impl.ModifiableRecord
2667
RGL_VALUE_5567 class nl.tudelft.rdfgears.rgl.datamodel.value.impl.ModifiableRecord
2668
RGL_VALUE_5569 class nl.tudelft.rdfgears.rgl.datamodel.value.impl.ModifiableRecord
2669
RGL_VALUE_5571 class nl.tudelft.rdfgears.rgl.datamodel.value.impl.ModifiableRecord
2670
RGL_VALUE_5573 class nl.tudelft.rdfgears.rgl.datamodel.value.impl.ModifiableRecord
2671
RGL_VALUE_5575 class nl.tudelft.rdfgears.rgl.datamodel.value.impl.ModifiableRecord
2672
RGL_VALUE_5577 class nl.tudelft.rdfgears.rgl.datamodel.value.impl.ModifiableRecord
2673
RGL_VALUE_5579 class nl.tudelft.rdfgears.rgl.datamodel.value.impl.ModifiableRecord
2674
RGL_VALUE_5581 class nl.tudelft.rdfgears.rgl.datamodel.value.impl.ModifiableRecord
2675
RGL_VALUE_5583 class nl.tudelft.rdfgears.rgl.datamodel.value.impl.ModifiableRecord
2676
RGL_VALUE_5585 class nl.tudelft.rdfgears.rgl.datamodel.value.impl.ModifiableRecord
2677
RGL_VALUE_5587 class nl.tudelft.rdfgears.rgl.datamodel.value.impl.ModifiableRecord
2678
RGL_VALUE_5589 class nl.tudelft.rdfgears.rgl.datamodel.value.impl.ModifiableRecord
2679
RGL_VALUE_5591 class nl.tudelft.rdfgears.rgl.datamodel.value.impl.ModifiableRecord
2680
RGL_VALUE_5593 class nl.tudelft.rdfgears.rgl.datamodel.value.impl.ModifiableRecord
2681
RGL_VALUE_5595 class nl.tudelft.rdfgears.rgl.datamodel.value.impl.ModifiableRecord
2682
RGL_VALUE_5597 class nl.tudelft.rdfgears.rgl.datamodel.value.impl.ModifiableRecord
2683
RGL_VALUE_5599 class nl.tudelft.rdfgears.rgl.datamodel.value.impl.ModifiableRecord
2684
RGL_VALUE_5601 class nl.tudelft.rdfgears.rgl.datamodel.value.impl.ModifiableRecord
2685
RGL_VALUE_5603 class nl.tudelft.rdfgears.rgl.datamodel.value.impl.ModifiableRecord
2686
RGL_VALUE_5605 class nl.tudelft.rdfgears.rgl.datamodel.value.impl.ModifiableRecord
2687
RGL_VALUE_5607 class nl.tudelft.rdfgears.rgl.datamodel.value.impl.ModifiableRecord
2688
RGL_VALUE_5609 class nl.tudelft.rdfgears.rgl.datamodel.value.impl.ModifiableRecord
2689
RGL_VALUE_5611 class nl.tudelft.rdfgears.rgl.datamodel.value.impl.ModifiableRecord
2690
RGL_VALUE_5613 class nl.tudelft.rdfgears.rgl.datamodel.value.impl.ModifiableRecord
2691
RGL_VALUE_5615 class nl.tudelft.rdfgears.rgl.datamodel.value.impl.ModifiableRecord
2692
RGL_VALUE_5617 class nl.tudelft.rdfgears.rgl.datamodel.value.impl.ModifiableRecord
2693
RGL_VALUE_5619 class nl.tudelft.rdfgears.rgl.datamodel.value.impl.ModifiableRecord
2694
RGL_VALUE_5621 class nl.tudelft.rdfgears.rgl.datamodel.value.impl.ModifiableRecord
2695
RGL_VALUE_5623 class nl.tudelft.rdfgears.rgl.datamodel.value.impl.ModifiableRecord
2696
RGL_VALUE_5625 class nl.tudelft.rdfgears.rgl.datamodel.value.impl.ModifiableRecord
2697
RGL_VALUE_5627 class nl.tudelft.rdfgears.rgl.datamodel.value.impl.ModifiableRecord
2698
RGL_VALUE_5629 class nl.tudelft.rdfgears.rgl.datamodel.value.impl.ModifiableRecord
2699
RGL_VALUE_5631 class nl.tudelft.rdfgears.rgl.datamodel.value.impl.ModifiableRecord
2700
RGL_VALUE_5634 class nl.tudelft.rdfgears.rgl.datamodel.value.impl.ModifiableRecord
2701
RGL_VALUE_5636 class nl.tudelft.rdfgears.rgl.datamodel.value.impl.ModifiableRecord
2702
RGL_VALUE_5638 class nl.tudelft.rdfgears.rgl.datamodel.value.impl.ModifiableRecord
2703
RGL_VALUE_5640 class nl.tudelft.rdfgears.rgl.datamodel.value.impl.ModifiableRecord
2704
RGL_VALUE_5642 class nl.tudelft.rdfgears.rgl.datamodel.value.impl.ModifiableRecord
2705
RGL_VALUE_5644 class nl.tudelft.rdfgears.rgl.datamodel.value.impl.ModifiableRecord
2706
RGL_VALUE_5646 class nl.tudelft.rdfgears.rgl.datamodel.value.impl.ModifiableRecord
2707
RGL_VALUE_5648 class nl.tudelft.rdfgears.rgl.datamodel.value.impl.ModifiableRecord
2708
RGL_VALUE_5650 class nl.tudelft.rdfgears.rgl.datamodel.value.impl.ModifiableRecord
2709
RGL_VALUE_5652 class nl.tudelft.rdfgears.rgl.datamodel.value.impl.ModifiableRecord
2710
RGL_VALUE_5654 class nl.tudelft.rdfgears.rgl.datamodel.value.impl.ModifiableRecord
2711
RGL_VALUE_5656 class nl.tudelft.rdfgears.rgl.datamodel.value.impl.ModifiableRecord
2712
RGL_VALUE_5658 class nl.tudelft.rdfgears.rgl.datamodel.value.impl.ModifiableRecord
2713
RGL_VALUE_5660 class nl.tudelft.rdfgears.rgl.datamodel.value.impl.ModifiableRecord
2714
RGL_VALUE_5662 class nl.tudelft.rdfgears.rgl.datamodel.value.impl.ModifiableRecord
2715
RGL_VALUE_5664 class nl.tudelft.rdfgears.rgl.datamodel.value.impl.ModifiableRecord
2716
RGL_VALUE_5666 class nl.tudelft.rdfgears.rgl.datamodel.value.impl.ModifiableRecord
2717
RGL_VALUE_5668 class nl.tudelft.rdfgears.rgl.datamodel.value.impl.ModifiableRecord
2718
RGL_VALUE_5670 class nl.tudelft.rdfgears.rgl.datamodel.value.impl.ModifiableRecord
2719
RGL_VALUE_5672 class nl.tudelft.rdfgears.rgl.datamodel.value.impl.ModifiableRecord
2720
RGL_VALUE_5674 class nl.tudelft.rdfgears.rgl.datamodel.value.impl.ModifiableRecord
2721
RGL_VALUE_5676 class nl.tudelft.rdfgears.rgl.datamodel.value.impl.ModifiableRecord
2722
RGL_VALUE_5678 class nl.tudelft.rdfgears.rgl.datamodel.value.impl.ModifiableRecord
2723
RGL_VALUE_5680 class nl.tudelft.rdfgears.rgl.datamodel.value.impl.ModifiableRecord
2724
RGL_VALUE_5682 class nl.tudelft.rdfgears.rgl.datamodel.value.impl.ModifiableRecord
2725
RGL_VALUE_5684 class nl.tudelft.rdfgears.rgl.datamodel.value.impl.ModifiableRecord
2726
RGL_VALUE_5686 class nl.tudelft.rdfgears.rgl.datamodel.value.impl.ModifiableRecord
2727
RGL_VALUE_5688 class nl.tudelft.rdfgears.rgl.datamodel.value.impl.ModifiableRecord
2728
RGL_VALUE_5690 class nl.tudelft.rdfgears.rgl.datamodel.value.impl.ModifiableRecord
2729
RGL_VALUE_5692 class nl.tudelft.rdfgears.rgl.datamodel.value.impl.ModifiableRecord
2730
RGL_VALUE_5694 class nl.tudelft.rdfgears.rgl.datamodel.value.impl.ModifiableRecord
2731
RGL_VALUE_5696 class nl.tudelft.rdfgears.rgl.datamodel.value.impl.ModifiableRecord
2732
RGL_VALUE_5698 class nl.tudelft.rdfgears.rgl.datamodel.value.impl.ModifiableRecord
2733
RGL_VALUE_5700 class nl.tudelft.rdfgears.rgl.datamodel.value.impl.ModifiableRecord
2734
RGL_VALUE_5702 class nl.tudelft.rdfgears.rgl.datamodel.value.impl.ModifiableRecord
2735
RGL_VALUE_5704 class nl.tudelft.rdfgears.rgl.datamodel.value.impl.ModifiableRecord
2736
RGL_VALUE_5706 class nl.tudelft.rdfgears.rgl.datamodel.value.impl.ModifiableRecord
2737
RGL_VALUE_5708 class nl.tudelft.rdfgears.rgl.datamodel.value.impl.ModifiableRecord
2738
RGL_VALUE_5710 class nl.tudelft.rdfgears.rgl.datamodel.value.impl.ModifiableRecord
2739
RGL_VALUE_5712 class nl.tudelft.rdfgears.rgl.datamodel.value.impl.ModifiableRecord
2740
RGL_VALUE_5714 class nl.tudelft.rdfgears.rgl.datamodel.value.impl.ModifiableRecord
2741
RGL_VALUE_5716 class nl.tudelft.rdfgears.rgl.datamodel.value.impl.ModifiableRecord
2742
RGL_VALUE_5718 class nl.tudelft.rdfgears.rgl.datamodel.value.impl.ModifiableRecord
2743
RGL_VALUE_5720 class nl.tudelft.rdfgears.rgl.datamodel.value.impl.ModifiableRecord
2744
RGL_VALUE_5722 class nl.tudelft.rdfgears.rgl.datamodel.value.impl.ModifiableRecord
2745
RGL_VALUE_5724 class nl.tudelft.rdfgears.rgl.datamodel.value.impl.ModifiableRecord
2746
RGL_VALUE_5726 class nl.tudelft.rdfgears.rgl.datamodel.value.impl.ModifiableRecord
2747
RGL_VALUE_5728 class nl.tudelft.rdfgears.rgl.datamodel.value.impl.ModifiableRecord
2748
RGL_VALUE_5730 class nl.tudelft.rdfgears.rgl.datamodel.value.impl.ModifiableRecord
2749
RGL_VALUE_5732 class nl.tudelft.rdfgears.rgl.datamodel.value.impl.ModifiableRecord
2750
RGL_VALUE_5734 class nl.tudelft.rdfgears.rgl.datamodel.value.impl.ModifiableRecord
2751
RGL_VALUE_5736 class nl.tudelft.rdfgears.rgl.datamodel.value.impl.ModifiableRecord
2752
RGL_VALUE_5738 class nl.tudelft.rdfgears.rgl.datamodel.value.impl.ModifiableRecord
2753
RGL_VALUE_5740 class nl.tudelft.rdfgears.rgl.datamodel.value.impl.ModifiableRecord
2754
RGL_VALUE_5742 class nl.tudelft.rdfgears.rgl.datamodel.value.impl.ModifiableRecord
2755
RGL_VALUE_5744 class nl.tudelft.rdfgears.rgl.datamodel.value.impl.ModifiableRecord
2756
RGL_VALUE_5746 class nl.tudelft.rdfgears.rgl.datamodel.value.impl.ModifiableRecord
2757
RGL_VALUE_5748 class nl.tudelft.rdfgears.rgl.datamodel.value.impl.ModifiableRecord
2758
RGL_VALUE_5750 class nl.tudelft.rdfgears.rgl.datamodel.value.impl.ModifiableRecord
2759
RGL_VALUE_5752 class nl.tudelft.rdfgears.rgl.datamodel.value.impl.ModifiableRecord
2760
RGL_VALUE_5754 class nl.tudelft.rdfgears.rgl.datamodel.value.impl.ModifiableRecord
2761
RGL_VALUE_5756 class nl.tudelft.rdfgears.rgl.datamodel.value.impl.ModifiableRecord
2762
RGL_VALUE_5758 class nl.tudelft.rdfgears.rgl.datamodel.value.impl.ModifiableRecord
2763
RGL_VALUE_5760 class nl.tudelft.rdfgears.rgl.datamodel.value.impl.ModifiableRecord
2764
RGL_VALUE_5762 class nl.tudelft.rdfgears.rgl.datamodel.value.impl.ModifiableRecord
2765
RGL_VALUE_5764 class nl.tudelft.rdfgears.rgl.datamodel.value.impl.ModifiableRecord
2766
RGL_VALUE_5766 class nl.tudelft.rdfgears.rgl.datamodel.value.impl.ModifiableRecord
2767
RGL_VALUE_5768 class nl.tudelft.rdfgears.rgl.datamodel.value.impl.ModifiableRecord
2768
RGL_VALUE_5770 class nl.tudelft.rdfgears.rgl.datamodel.value.impl.ModifiableRecord
2769
RGL_VALUE_5772 class nl.tudelft.rdfgears.rgl.datamodel.value.impl.ModifiableRecord
2770
RGL_VALUE_5774 class nl.tudelft.rdfgears.rgl.datamodel.value.impl.ModifiableRecord
2771
RGL_VALUE_5776 class nl.tudelft.rdfgears.rgl.datamodel.value.impl.ModifiableRecord
2772
RGL_VALUE_5778 class nl.tudelft.rdfgears.rgl.datamodel.value.impl.ModifiableRecord
2773
RGL_VALUE_5780 class nl.tudelft.rdfgears.rgl.datamodel.value.impl.ModifiableRecord
2774
RGL_VALUE_5782 class nl.tudelft.rdfgears.rgl.datamodel.value.impl.ModifiableRecord
2775
RGL_VALUE_5784 class nl.tudelft.rdfgears.rgl.datamodel.value.impl.ModifiableRecord
2776
RGL_VALUE_5786 class nl.tudelft.rdfgears.rgl.datamodel.value.impl.ModifiableRecord
2777
RGL_VALUE_5788 class nl.tudelft.rdfgears.rgl.datamodel.value.impl.ModifiableRecord
2778
RGL_VALUE_5790 class nl.tudelft.rdfgears.rgl.datamodel.value.impl.ModifiableRecord
2779
RGL_VALUE_5792 class nl.tudelft.rdfgears.rgl.datamodel.value.impl.ModifiableRecord
2780
RGL_VALUE_5794 class nl.tudelft.rdfgears.rgl.datamodel.value.impl.ModifiableRecord
2781
RGL_VALUE_5796 class nl.tudelft.rdfgears.rgl.datamodel.value.impl.ModifiableRecord
2782
RGL_VALUE_5798 class nl.tudelft.rdfgears.rgl.datamodel.value.impl.ModifiableRecord
2783
RGL_VALUE_5800 class nl.tudelft.rdfgears.rgl.datamodel.value.impl.ModifiableRecord
2784
RGL_VALUE_5802 class nl.tudelft.rdfgears.rgl.datamodel.value.impl.ModifiableRecord
2785
RGL_VALUE_5804 class nl.tudelft.rdfgears.rgl.datamodel.value.impl.ModifiableRecord
2786
RGL_VALUE_5806 class nl.tudelft.rdfgears.rgl.datamodel.value.impl.ModifiableRecord
2787
RGL_VALUE_5808 class nl.tudelft.rdfgears.rgl.datamodel.value.impl.ModifiableRecord
2788
RGL_VALUE_5810 class nl.tudelft.rdfgears.rgl.datamodel.value.impl.ModifiableRecord
2789
RGL_VALUE_5812 class nl.tudelft.rdfgears.rgl.datamodel.value.impl.ModifiableRecord
2790
RGL_VALUE_5814 class nl.tudelft.rdfgears.rgl.datamodel.value.impl.ModifiableRecord
2791
RGL_VALUE_5816 class nl.tudelft.rdfgears.rgl.datamodel.value.impl.ModifiableRecord
2792
RGL_VALUE_5818 class nl.tudelft.rdfgears.rgl.datamodel.value.impl.ModifiableRecord
2793
RGL_VALUE_5820 class nl.tudelft.rdfgears.rgl.datamodel.value.impl.ModifiableRecord
2794
RGL_VALUE_5822 class nl.tudelft.rdfgears.rgl.datamodel.value.impl.ModifiableRecord
2795
RGL_VALUE_5824 class nl.tudelft.rdfgears.rgl.datamodel.value.impl.ModifiableRecord
2796
RGL_VALUE_5826 class nl.tudelft.rdfgears.rgl.datamodel.value.impl.ModifiableRecord
2797
RGL_VALUE_5828 class nl.tudelft.rdfgears.rgl.datamodel.value.impl.ModifiableRecord
2798
RGL_VALUE_5830 class nl.tudelft.rdfgears.rgl.datamodel.value.impl.ModifiableRecord
2799
RGL_VALUE_5832 class nl.tudelft.rdfgears.rgl.datamodel.value.impl.ModifiableRecord
2800
RGL_VALUE_5835 class nl.tudelft.rdfgears.rgl.datamodel.value.impl.ModifiableRecord
2801
RGL_VALUE_5837 class nl.tudelft.rdfgears.rgl.datamodel.value.impl.ModifiableRecord
2802
RGL_VALUE_5839 class nl.tudelft.rdfgears.rgl.datamodel.value.impl.ModifiableRecord
2803
RGL_VALUE_5841 class nl.tudelft.rdfgears.rgl.datamodel.value.impl.ModifiableRecord
2804
RGL_VALUE_5843 class nl.tudelft.rdfgears.rgl.datamodel.value.impl.ModifiableRecord
2805
RGL_VALUE_5845 class nl.tudelft.rdfgears.rgl.datamodel.value.impl.ModifiableRecord
2806
RGL_VALUE_5847 class nl.tudelft.rdfgears.rgl.datamodel.value.impl.ModifiableRecord
2807
RGL_VALUE_5849 class nl.tudelft.rdfgears.rgl.datamodel.value.impl.ModifiableRecord
2808
RGL_VALUE_5851 class nl.tudelft.rdfgears.rgl.datamodel.value.impl.ModifiableRecord
2809
RGL_VALUE_5853 class nl.tudelft.rdfgears.rgl.datamodel.value.impl.ModifiableRecord
2810
RGL_VALUE_5855 class nl.tudelft.rdfgears.rgl.datamodel.value.impl.ModifiableRecord
2811
RGL_VALUE_5857 class nl.tudelft.rdfgears.rgl.datamodel.value.impl.ModifiableRecord
2812
RGL_VALUE_5859 class nl.tudelft.rdfgears.rgl.datamodel.value.impl.ModifiableRecord
2813
RGL_VALUE_5861 class nl.tudelft.rdfgears.rgl.datamodel.value.impl.ModifiableRecord
2814
RGL_VALUE_5863 class nl.tudelft.rdfgears.rgl.datamodel.value.impl.ModifiableRecord
2815
RGL_VALUE_5865 class nl.tudelft.rdfgears.rgl.datamodel.value.impl.ModifiableRecord
2816
RGL_VALUE_5867 class nl.tudelft.rdfgears.rgl.datamodel.value.impl.ModifiableRecord
2817
RGL_VALUE_5869 class nl.tudelft.rdfgears.rgl.datamodel.value.impl.ModifiableRecord
2818
RGL_VALUE_5871 class nl.tudelft.rdfgears.rgl.datamodel.value.impl.ModifiableRecord
2819
RGL_VALUE_5873 class nl.tudelft.rdfgears.rgl.datamodel.value.impl.ModifiableRecord
2820
RGL_VALUE_5875 class nl.tudelft.rdfgears.rgl.datamodel.value.impl.ModifiableRecord
2821
RGL_VALUE_5877 class nl.tudelft.rdfgears.rgl.datamodel.value.impl.ModifiableRecord
2822
RGL_VALUE_5879 class nl.tudelft.rdfgears.rgl.datamodel.value.impl.ModifiableRecord
2823
RGL_VALUE_5881 class nl.tudelft.rdfgears.rgl.datamodel.value.impl.ModifiableRecord
2824
RGL_VALUE_5883 class nl.tudelft.rdfgears.rgl.datamodel.value.impl.ModifiableRecord
2825
RGL_VALUE_5885 class nl.tudelft.rdfgears.rgl.datamodel.value.impl.ModifiableRecord
2826
RGL_VALUE_5887 class nl.tudelft.rdfgears.rgl.datamodel.value.impl.ModifiableRecord
2827
RGL_VALUE_5889 class nl.tudelft.rdfgears.rgl.datamodel.value.impl.ModifiableRecord
2828
RGL_VALUE_5891 class nl.tudelft.rdfgears.rgl.datamodel.value.impl.ModifiableRecord
2829
RGL_VALUE_5893 class nl.tudelft.rdfgears.rgl.datamodel.value.impl.ModifiableRecord
2830
RGL_VALUE_5895 class nl.tudelft.rdfgears.rgl.datamodel.value.impl.ModifiableRecord
2831
RGL_VALUE_5897 class nl.tudelft.rdfgears.rgl.datamodel.value.impl.ModifiableRecord
2832
RGL_VALUE_5899 class nl.tudelft.rdfgears.rgl.datamodel.value.impl.ModifiableRecord
2833
RGL_VALUE_5901 class nl.tudelft.rdfgears.rgl.datamodel.value.impl.ModifiableRecord
2834
RGL_VALUE_5903 class nl.tudelft.rdfgears.rgl.datamodel.value.impl.ModifiableRecord
2835
RGL_VALUE_5905 class nl.tudelft.rdfgears.rgl.datamodel.value.impl.ModifiableRecord
2836
RGL_VALUE_5907 class nl.tudelft.rdfgears.rgl.datamodel.value.impl.ModifiableRecord
2837
RGL_VALUE_5909 class nl.tudelft.rdfgears.rgl.datamodel.value.impl.ModifiableRecord
2838
RGL_VALUE_5911 class nl.tudelft.rdfgears.rgl.datamodel.value.impl.ModifiableRecord
2839
RGL_VALUE_5913 class nl.tudelft.rdfgears.rgl.datamodel.value.impl.ModifiableRecord
2840
RGL_VALUE_5915 class nl.tudelft.rdfgears.rgl.datamodel.value.impl.ModifiableRecord
2841
RGL_VALUE_5917 class nl.tudelft.rdfgears.rgl.datamodel.value.impl.ModifiableRecord
2842
RGL_VALUE_5919 class nl.tudelft.rdfgears.rgl.datamodel.value.impl.ModifiableRecord
2843
RGL_VALUE_5921 class nl.tudelft.rdfgears.rgl.datamodel.value.impl.ModifiableRecord
2844
RGL_VALUE_5923 class nl.tudelft.rdfgears.rgl.datamodel.value.impl.ModifiableRecord
2845
RGL_VALUE_5925 class nl.tudelft.rdfgears.rgl.datamodel.value.impl.ModifiableRecord
2846
RGL_VALUE_5927 class nl.tudelft.rdfgears.rgl.datamodel.value.impl.ModifiableRecord
2847
RGL_VALUE_5929 class nl.tudelft.rdfgears.rgl.datamodel.value.impl.ModifiableRecord
2848
RGL_VALUE_5931 class nl.tudelft.rdfgears.rgl.datamodel.value.impl.ModifiableRecord
2849
RGL_VALUE_5933 class nl.tudelft.rdfgears.rgl.datamodel.value.impl.ModifiableRecord
2850
RGL_VALUE_5935 class nl.tudelft.rdfgears.rgl.datamodel.value.impl.ModifiableRecord
2851
RGL_VALUE_5937 class nl.tudelft.rdfgears.rgl.datamodel.value.impl.ModifiableRecord
2852
RGL_VALUE_5939 class nl.tudelft.rdfgears.rgl.datamodel.value.impl.ModifiableRecord
2853
RGL_VALUE_5941 class nl.tudelft.rdfgears.rgl.datamodel.value.impl.ModifiableRecord
2854
RGL_VALUE_5943 class nl.tudelft.rdfgears.rgl.datamodel.value.impl.ModifiableRecord
2855
RGL_VALUE_5945 class nl.tudelft.rdfgears.rgl.datamodel.value.impl.ModifiableRecord
2856
RGL_VALUE_5947 class nl.tudelft.rdfgears.rgl.datamodel.value.impl.ModifiableRecord
2857
RGL_VALUE_5949 class nl.tudelft.rdfgears.rgl.datamodel.value.impl.ModifiableRecord
2858
RGL_VALUE_5951 class nl.tudelft.rdfgears.rgl.datamodel.value.impl.ModifiableRecord
2859
RGL_VALUE_5953 class nl.tudelft.rdfgears.rgl.datamodel.value.impl.ModifiableRecord
2860
RGL_VALUE_5955 class nl.tudelft.rdfgears.rgl.datamodel.value.impl.ModifiableRecord
2861
RGL_VALUE_5957 class nl.tudelft.rdfgears.rgl.datamodel.value.impl.ModifiableRecord
2862
RGL_VALUE_5959 class nl.tudelft.rdfgears.rgl.datamodel.value.impl.ModifiableRecord
2863
RGL_VALUE_5961 class nl.tudelft.rdfgears.rgl.datamodel.value.impl.ModifiableRecord
2864
RGL_VALUE_5963 class nl.tudelft.rdfgears.rgl.datamodel.value.impl.ModifiableRecord
2865
RGL_VALUE_5965 class nl.tudelft.rdfgears.rgl.datamodel.value.impl.ModifiableRecord
2866
RGL_VALUE_5967 class nl.tudelft.rdfgears.rgl.datamodel.value.impl.ModifiableRecord
2867
RGL_VALUE_5969 class nl.tudelft.rdfgears.rgl.datamodel.value.impl.ModifiableRecord
2868
RGL_VALUE_5971 class nl.tudelft.rdfgears.rgl.datamodel.value.impl.ModifiableRecord
2869
RGL_VALUE_5973 class nl.tudelft.rdfgears.rgl.datamodel.value.impl.ModifiableRecord
2870
RGL_VALUE_5975 class nl.tudelft.rdfgears.rgl.datamodel.value.impl.ModifiableRecord
2871
RGL_VALUE_5977 class nl.tudelft.rdfgears.rgl.datamodel.value.impl.ModifiableRecord
2872
RGL_VALUE_5979 class nl.tudelft.rdfgears.rgl.datamodel.value.impl.ModifiableRecord
2873
RGL_VALUE_5981 class nl.tudelft.rdfgears.rgl.datamodel.value.impl.ModifiableRecord
2874
RGL_VALUE_5983 class nl.tudelft.rdfgears.rgl.datamodel.value.impl.ModifiableRecord
2875
RGL_VALUE_5985 class nl.tudelft.rdfgears.rgl.datamodel.value.impl.ModifiableRecord
2876
RGL_VALUE_5987 class nl.tudelft.rdfgears.rgl.datamodel.value.impl.ModifiableRecord
2877
RGL_VALUE_5989 class nl.tudelft.rdfgears.rgl.datamodel.value.impl.ModifiableRecord
2878
RGL_VALUE_5991 class nl.tudelft.rdfgears.rgl.datamodel.value.impl.ModifiableRecord
2879
RGL_VALUE_5993 class nl.tudelft.rdfgears.rgl.datamodel.value.impl.ModifiableRecord
2880
RGL_VALUE_5995 class nl.tudelft.rdfgears.rgl.datamodel.value.impl.ModifiableRecord
2881
RGL_VALUE_5997 class nl.tudelft.rdfgears.rgl.datamodel.value.impl.ModifiableRecord
2882
RGL_VALUE_5999 class nl.tudelft.rdfgears.rgl.datamodel.value.impl.ModifiableRecord
2883
RGL_VALUE_6001 class nl.tudelft.rdfgears.rgl.datamodel.value.impl.ModifiableRecord
2884
RGL_VALUE_6003 class nl.tudelft.rdfgears.rgl.datamodel.value.impl.ModifiableRecord
2885
RGL_VALUE_6005 class nl.tudelft.rdfgears.rgl.datamodel.value.impl.ModifiableRecord
2886
RGL_VALUE_6007 class nl.tudelft.rdfgears.rgl.datamodel.value.impl.ModifiableRecord
2887
RGL_VALUE_6009 class nl.tudelft.rdfgears.rgl.datamodel.value.impl.ModifiableRecord
2888
RGL_VALUE_6011 class nl.tudelft.rdfgears.rgl.datamodel.value.impl.ModifiableRecord
2889
RGL_VALUE_6013 class nl.tudelft.rdfgears.rgl.datamodel.value.impl.ModifiableRecord
2890
RGL_VALUE_6015 class nl.tudelft.rdfgears.rgl.datamodel.value.impl.ModifiableRecord
2891
RGL_VALUE_6017 class nl.tudelft.rdfgears.rgl.datamodel.value.impl.ModifiableRecord
2892
RGL_VALUE_6019 class nl.tudelft.rdfgears.rgl.datamodel.value.impl.ModifiableRecord
2893
RGL_VALUE_6021 class nl.tudelft.rdfgears.rgl.datamodel.value.impl.ModifiableRecord
2894
RGL_VALUE_6023 class nl.tudelft.rdfgears.rgl.datamodel.value.impl.ModifiableRecord
2895
RGL_VALUE_6025 class nl.tudelft.rdfgears.rgl.datamodel.value.impl.ModifiableRecord
2896
RGL_VALUE_6027 class nl.tudelft.rdfgears.rgl.datamodel.value.impl.ModifiableRecord
2897
RGL_VALUE_6029 class nl.tudelft.rdfgears.rgl.datamodel.value.impl.ModifiableRecord
2898
RGL_VALUE_6031 class nl.tudelft.rdfgears.rgl.datamodel.value.impl.ModifiableRecord
2899
RGL_VALUE_6033 class nl.tudelft.rdfgears.rgl.datamodel.value.impl.ModifiableRecord
2900
RGL_VALUE_6036 class nl.tudelft.rdfgears.rgl.datamodel.value.impl.ModifiableRecord
2901
RGL_VALUE_6038 class nl.tudelft.rdfgears.rgl.datamodel.value.impl.ModifiableRecord
2902
RGL_VALUE_6040 class nl.tudelft.rdfgears.rgl.datamodel.value.impl.ModifiableRecord
2903
RGL_VALUE_6042 class nl.tudelft.rdfgears.rgl.datamodel.value.impl.ModifiableRecord
2904
RGL_VALUE_6044 class nl.tudelft.rdfgears.rgl.datamodel.value.impl.ModifiableRecord
2905
RGL_VALUE_6046 class nl.tudelft.rdfgears.rgl.datamodel.value.impl.ModifiableRecord
2906
RGL_VALUE_6048 class nl.tudelft.rdfgears.rgl.datamodel.value.impl.ModifiableRecord
2907
RGL_VALUE_6050 class nl.tudelft.rdfgears.rgl.datamodel.value.impl.ModifiableRecord
2908
RGL_VALUE_6052 class nl.tudelft.rdfgears.rgl.datamodel.value.impl.ModifiableRecord
2909
RGL_VALUE_6054 class nl.tudelft.rdfgears.rgl.datamodel.value.impl.ModifiableRecord
2910
RGL_VALUE_6056 class nl.tudelft.rdfgears.rgl.datamodel.value.impl.ModifiableRecord
2911
RGL_VALUE_6058 class nl.tudelft.rdfgears.rgl.datamodel.value.impl.ModifiableRecord
2912
RGL_VALUE_6060 class nl.tudelft.rdfgears.rgl.datamodel.value.impl.ModifiableRecord
2913
RGL_VALUE_6062 class nl.tudelft.rdfgears.rgl.datamodel.value.impl.ModifiableRecord
2914
RGL_VALUE_6064 class nl.tudelft.rdfgears.rgl.datamodel.value.impl.ModifiableRecord
2915
RGL_VALUE_6066 class nl.tudelft.rdfgears.rgl.datamodel.value.impl.ModifiableRecord
2916
RGL_VALUE_6068 class nl.tudelft.rdfgears.rgl.datamodel.value.impl.ModifiableRecord
2917
RGL_VALUE_6070 class nl.tudelft.rdfgears.rgl.datamodel.value.impl.ModifiableRecord
2918
RGL_VALUE_6072 class nl.tudelft.rdfgears.rgl.datamodel.value.impl.ModifiableRecord
2919
RGL_VALUE_6074 class nl.tudelft.rdfgears.rgl.datamodel.value.impl.ModifiableRecord
2920
RGL_VALUE_6076 class nl.tudelft.rdfgears.rgl.datamodel.value.impl.ModifiableRecord
2921
RGL_VALUE_6078 class nl.tudelft.rdfgears.rgl.datamodel.value.impl.ModifiableRecord
2922
RGL_VALUE_6080 class nl.tudelft.rdfgears.rgl.datamodel.value.impl.ModifiableRecord
2923
RGL_VALUE_6082 class nl.tudelft.rdfgears.rgl.datamodel.value.impl.ModifiableRecord
2924
RGL_VALUE_6084 class nl.tudelft.rdfgears.rgl.datamodel.value.impl.ModifiableRecord
2925
RGL_VALUE_6086 class nl.tudelft.rdfgears.rgl.datamodel.value.impl.ModifiableRecord
2926
RGL_VALUE_6088 class nl.tudelft.rdfgears.rgl.datamodel.value.impl.ModifiableRecord
2927
RGL_VALUE_6090 class nl.tudelft.rdfgears.rgl.datamodel.value.impl.ModifiableRecord
2928
RGL_VALUE_6092 class nl.tudelft.rdfgears.rgl.datamodel.value.impl.ModifiableRecord
2929
RGL_VALUE_6094 class nl.tudelft.rdfgears.rgl.datamodel.value.impl.ModifiableRecord
2930
RGL_VALUE_6096 class nl.tudelft.rdfgears.rgl.datamodel.value.impl.ModifiableRecord
2931
RGL_VALUE_6098 class nl.tudelft.rdfgears.rgl.datamodel.value.impl.ModifiableRecord
2932
RGL_VALUE_6100 class nl.tudelft.rdfgears.rgl.datamodel.value.impl.ModifiableRecord
2933
RGL_VALUE_6102 class nl.tudelft.rdfgears.rgl.datamodel.value.impl.ModifiableRecord
2934
RGL_VALUE_6104 class nl.tudelft.rdfgears.rgl.datamodel.value.impl.ModifiableRecord
2935
RGL_VALUE_6106 class nl.tudelft.rdfgears.rgl.datamodel.value.impl.ModifiableRecord
2936
RGL_VALUE_6108 class nl.tudelft.rdfgears.rgl.datamodel.value.impl.ModifiableRecord
2937
RGL_VALUE_6110 class nl.tudelft.rdfgears.rgl.datamodel.value.impl.ModifiableRecord
2938
RGL_VALUE_6112 class nl.tudelft.rdfgears.rgl.datamodel.value.impl.ModifiableRecord
2939
RGL_VALUE_6114 class nl.tudelft.rdfgears.rgl.datamodel.value.impl.ModifiableRecord
2940
RGL_VALUE_6116 class nl.tudelft.rdfgears.rgl.datamodel.value.impl.ModifiableRecord
2941
RGL_VALUE_6118 class nl.tudelft.rdfgears.rgl.datamodel.value.impl.ModifiableRecord
2942
RGL_VALUE_6120 class nl.tudelft.rdfgears.rgl.datamodel.value.impl.ModifiableRecord
2943
RGL_VALUE_6122 class nl.tudelft.rdfgears.rgl.datamodel.value.impl.ModifiableRecord
2944
RGL_VALUE_6124 class nl.tudelft.rdfgears.rgl.datamodel.value.impl.ModifiableRecord
2945
RGL_VALUE_6126 class nl.tudelft.rdfgears.rgl.datamodel.value.impl.ModifiableRecord
2946
RGL_VALUE_6128 class nl.tudelft.rdfgears.rgl.datamodel.value.impl.ModifiableRecord
2947
RGL_VALUE_6130 class nl.tudelft.rdfgears.rgl.datamodel.value.impl.ModifiableRecord
2948
RGL_VALUE_6132 class nl.tudelft.rdfgears.rgl.datamodel.value.impl.ModifiableRecord
2949
RGL_VALUE_6134 class nl.tudelft.rdfgears.rgl.datamodel.value.impl.ModifiableRecord
2950
RGL_VALUE_6136 class nl.tudelft.rdfgears.rgl.datamodel.value.impl.ModifiableRecord
2951
RGL_VALUE_6138 class nl.tudelft.rdfgears.rgl.datamodel.value.impl.ModifiableRecord
2952
RGL_VALUE_6140 class nl.tudelft.rdfgears.rgl.datamodel.value.impl.ModifiableRecord
2953
RGL_VALUE_6142 class nl.tudelft.rdfgears.rgl.datamodel.value.impl.ModifiableRecord
2954
RGL_VALUE_6144 class nl.tudelft.rdfgears.rgl.datamodel.value.impl.ModifiableRecord
2955
RGL_VALUE_6146 class nl.tudelft.rdfgears.rgl.datamodel.value.impl.ModifiableRecord
2956
RGL_VALUE_6148 class nl.tudelft.rdfgears.rgl.datamodel.value.impl.ModifiableRecord
2957
RGL_VALUE_6150 class nl.tudelft.rdfgears.rgl.datamodel.value.impl.ModifiableRecord
2958
RGL_VALUE_6152 class nl.tudelft.rdfgears.rgl.datamodel.value.impl.ModifiableRecord
2959
RGL_VALUE_6154 class nl.tudelft.rdfgears.rgl.datamodel.value.impl.ModifiableRecord
2960
RGL_VALUE_6156 class nl.tudelft.rdfgears.rgl.datamodel.value.impl.ModifiableRecord
2961
RGL_VALUE_6158 class nl.tudelft.rdfgears.rgl.datamodel.value.impl.ModifiableRecord
2962
RGL_VALUE_6160 class nl.tudelft.rdfgears.rgl.datamodel.value.impl.ModifiableRecord
2963
RGL_VALUE_6162 class nl.tudelft.rdfgears.rgl.datamodel.value.impl.ModifiableRecord
2964
RGL_VALUE_6164 class nl.tudelft.rdfgears.rgl.datamodel.value.impl.ModifiableRecord
2965
RGL_VALUE_6166 class nl.tudelft.rdfgears.rgl.datamodel.value.impl.ModifiableRecord
2966
RGL_VALUE_6168 class nl.tudelft.rdfgears.rgl.datamodel.value.impl.ModifiableRecord
2967
RGL_VALUE_6170 class nl.tudelft.rdfgears.rgl.datamodel.value.impl.ModifiableRecord
2968
RGL_VALUE_6172 class nl.tudelft.rdfgears.rgl.datamodel.value.impl.ModifiableRecord
2969
RGL_VALUE_6174 class nl.tudelft.rdfgears.rgl.datamodel.value.impl.ModifiableRecord
2970
RGL_VALUE_6176 class nl.tudelft.rdfgears.rgl.datamodel.value.impl.ModifiableRecord
2971
RGL_VALUE_6178 class nl.tudelft.rdfgears.rgl.datamodel.value.impl.ModifiableRecord
2972
RGL_VALUE_6180 class nl.tudelft.rdfgears.rgl.datamodel.value.impl.ModifiableRecord
2973
RGL_VALUE_6182 class nl.tudelft.rdfgears.rgl.datamodel.value.impl.ModifiableRecord
2974
RGL_VALUE_6184 class nl.tudelft.rdfgears.rgl.datamodel.value.impl.ModifiableRecord
2975
RGL_VALUE_6186 class nl.tudelft.rdfgears.rgl.datamodel.value.impl.ModifiableRecord
2976
RGL_VALUE_6188 class nl.tudelft.rdfgears.rgl.datamodel.value.impl.ModifiableRecord
2977
RGL_VALUE_6190 class nl.tudelft.rdfgears.rgl.datamodel.value.impl.ModifiableRecord
2978
RGL_VALUE_6192 class nl.tudelft.rdfgears.rgl.datamodel.value.impl.ModifiableRecord
2979
RGL_VALUE_6194 class nl.tudelft.rdfgears.rgl.datamodel.value.impl.ModifiableRecord
2980
RGL_VALUE_6196 class nl.tudelft.rdfgears.rgl.datamodel.value.impl.ModifiableRecord
2981
RGL_VALUE_6198 class nl.tudelft.rdfgears.rgl.datamodel.value.impl.ModifiableRecord
2982
RGL_VALUE_6200 class nl.tudelft.rdfgears.rgl.datamodel.value.impl.ModifiableRecord
2983
RGL_VALUE_6202 class nl.tudelft.rdfgears.rgl.datamodel.value.impl.ModifiableRecord
2984
RGL_VALUE_6204 class nl.tudelft.rdfgears.rgl.datamodel.value.impl.ModifiableRecord
2985
RGL_VALUE_6206 class nl.tudelft.rdfgears.rgl.datamodel.value.impl.ModifiableRecord
2986
RGL_VALUE_6208 class nl.tudelft.rdfgears.rgl.datamodel.value.impl.ModifiableRecord
2987
RGL_VALUE_6210 class nl.tudelft.rdfgears.rgl.datamodel.value.impl.ModifiableRecord
2988
RGL_VALUE_6212 class nl.tudelft.rdfgears.rgl.datamodel.value.impl.ModifiableRecord
2989
RGL_VALUE_6214 class nl.tudelft.rdfgears.rgl.datamodel.value.impl.ModifiableRecord
2990
RGL_VALUE_6216 class nl.tudelft.rdfgears.rgl.datamodel.value.impl.ModifiableRecord
2991
RGL_VALUE_6218 class nl.tudelft.rdfgears.rgl.datamodel.value.impl.ModifiableRecord
2992
RGL_VALUE_6220 class nl.tudelft.rdfgears.rgl.datamodel.value.impl.ModifiableRecord
2993
RGL_VALUE_6222 class nl.tudelft.rdfgears.rgl.datamodel.value.impl.ModifiableRecord
2994
RGL_VALUE_6224 class nl.tudelft.rdfgears.rgl.datamodel.value.impl.ModifiableRecord
2995
RGL_VALUE_6226 class nl.tudelft.rdfgears.rgl.datamodel.value.impl.ModifiableRecord
2996
RGL_VALUE_6228 class nl.tudelft.rdfgears.rgl.datamodel.value.impl.ModifiableRecord
2997
RGL_VALUE_6230 class nl.tudelft.rdfgears.rgl.datamodel.value.impl.ModifiableRecord
2998
RGL_VALUE_6232 class nl.tudelft.rdfgears.rgl.datamodel.value.impl.ModifiableRecord
2999
RGL_VALUE_6234 class nl.tudelft.rdfgears.rgl.datamodel.value.impl.ModifiableRecord
3000
RGL_VALUE_6237 class nl.tudelft.rdfgears.rgl.datamodel.value.impl.ModifiableRecord
3001
RGL_VALUE_6239 class nl.tudelft.rdfgears.rgl.datamodel.value.impl.ModifiableRecord
3002
RGL_VALUE_6241 class nl.tudelft.rdfgears.rgl.datamodel.value.impl.ModifiableRecord
3003
RGL_VALUE_6243 class nl.tudelft.rdfgears.rgl.datamodel.value.impl.ModifiableRecord
3004
RGL_VALUE_6245 class nl.tudelft.rdfgears.rgl.datamodel.value.impl.ModifiableRecord
3005
RGL_VALUE_6247 class nl.tudelft.rdfgears.rgl.datamodel.value.impl.ModifiableRecord
3006
RGL_VALUE_6249 class nl.tudelft.rdfgears.rgl.datamodel.value.impl.ModifiableRecord
3007
RGL_VALUE_6251 class nl.tudelft.rdfgears.rgl.datamodel.value.impl.ModifiableRecord
3008
RGL_VALUE_6253 class nl.tudelft.rdfgears.rgl.datamodel.value.impl.ModifiableRecord
3009
RGL_VALUE_6255 class nl.tudelft.rdfgears.rgl.datamodel.value.impl.ModifiableRecord
3010
RGL_VALUE_6257 class nl.tudelft.rdfgears.rgl.datamodel.value.impl.ModifiableRecord
3011
RGL_VALUE_6259 class nl.tudelft.rdfgears.rgl.datamodel.value.impl.ModifiableRecord
3012
RGL_VALUE_6261 class nl.tudelft.rdfgears.rgl.datamodel.value.impl.ModifiableRecord
3013
RGL_VALUE_6263 class nl.tudelft.rdfgears.rgl.datamodel.value.impl.ModifiableRecord
3014
RGL_VALUE_6265 class nl.tudelft.rdfgears.rgl.datamodel.value.impl.ModifiableRecord
3015
RGL_VALUE_6267 class nl.tudelft.rdfgears.rgl.datamodel.value.impl.ModifiableRecord
3016
RGL_VALUE_6269 class nl.tudelft.rdfgears.rgl.datamodel.value.impl.ModifiableRecord
3017
RGL_VALUE_6271 class nl.tudelft.rdfgears.rgl.datamodel.value.impl.ModifiableRecord
3018
RGL_VALUE_6273 class nl.tudelft.rdfgears.rgl.datamodel.value.impl.ModifiableRecord
3019
RGL_VALUE_6275 class nl.tudelft.rdfgears.rgl.datamodel.value.impl.ModifiableRecord
3020
RGL_VALUE_6277 class nl.tudelft.rdfgears.rgl.datamodel.value.impl.ModifiableRecord
3021
RGL_VALUE_6279 class nl.tudelft.rdfgears.rgl.datamodel.value.impl.ModifiableRecord
3022
RGL_VALUE_6281 class nl.tudelft.rdfgears.rgl.datamodel.value.impl.ModifiableRecord
3023
RGL_VALUE_6283 class nl.tudelft.rdfgears.rgl.datamodel.value.impl.ModifiableRecord
3024
RGL_VALUE_6285 class nl.tudelft.rdfgears.rgl.datamodel.value.impl.ModifiableRecord
3025
RGL_VALUE_6287 class nl.tudelft.rdfgears.rgl.datamodel.value.impl.ModifiableRecord
3026
RGL_VALUE_6289 class nl.tudelft.rdfgears.rgl.datamodel.value.impl.ModifiableRecord
3027
RGL_VALUE_6291 class nl.tudelft.rdfgears.rgl.datamodel.value.impl.ModifiableRecord
3028
RGL_VALUE_6293 class nl.tudelft.rdfgears.rgl.datamodel.value.impl.ModifiableRecord
3029
RGL_VALUE_6295 class nl.tudelft.rdfgears.rgl.datamodel.value.impl.ModifiableRecord
3030
RGL_VALUE_6297 class nl.tudelft.rdfgears.rgl.datamodel.value.impl.ModifiableRecord
3031
RGL_VALUE_6299 class nl.tudelft.rdfgears.rgl.datamodel.value.impl.ModifiableRecord
3032
RGL_VALUE_6301 class nl.tudelft.rdfgears.rgl.datamodel.value.impl.ModifiableRecord
3033
RGL_VALUE_6303 class nl.tudelft.rdfgears.rgl.datamodel.value.impl.ModifiableRecord
3034
RGL_VALUE_6305 class nl.tudelft.rdfgears.rgl.datamodel.value.impl.ModifiableRecord
3035
RGL_VALUE_6307 class nl.tudelft.rdfgears.rgl.datamodel.value.impl.ModifiableRecord
3036
RGL_VALUE_6309 class nl.tudelft.rdfgears.rgl.datamodel.value.impl.ModifiableRecord
3037
RGL_VALUE_6311 class nl.tudelft.rdfgears.rgl.datamodel.value.impl.ModifiableRecord
3038
RGL_VALUE_6313 class nl.tudelft.rdfgears.rgl.datamodel.value.impl.ModifiableRecord
3039
RGL_VALUE_6315 class nl.tudelft.rdfgears.rgl.datamodel.value.impl.ModifiableRecord
3040
RGL_VALUE_6317 class nl.tudelft.rdfgears.rgl.datamodel.value.impl.ModifiableRecord
3041
RGL_VALUE_6319 class nl.tudelft.rdfgears.rgl.datamodel.value.impl.ModifiableRecord
3042
RGL_VALUE_6321 class nl.tudelft.rdfgears.rgl.datamodel.value.impl.ModifiableRecord
3043
RGL_VALUE_6323 class nl.tudelft.rdfgears.rgl.datamodel.value.impl.ModifiableRecord
3044
RGL_VALUE_6325 class nl.tudelft.rdfgears.rgl.datamodel.value.impl.ModifiableRecord
3045
RGL_VALUE_6327 class nl.tudelft.rdfgears.rgl.datamodel.value.impl.ModifiableRecord
3046
RGL_VALUE_6329 class nl.tudelft.rdfgears.rgl.datamodel.value.impl.ModifiableRecord
3047
RGL_VALUE_6331 class nl.tudelft.rdfgears.rgl.datamodel.value.impl.ModifiableRecord
3048
RGL_VALUE_6333 class nl.tudelft.rdfgears.rgl.datamodel.value.impl.ModifiableRecord
3049
RGL_VALUE_6335 class nl.tudelft.rdfgears.rgl.datamodel.value.impl.ModifiableRecord
3050
RGL_VALUE_6337 class nl.tudelft.rdfgears.rgl.datamodel.value.impl.ModifiableRecord
3051
RGL_VALUE_6339 class nl.tudelft.rdfgears.rgl.datamodel.value.impl.ModifiableRecord
3052
RGL_VALUE_6341 class nl.tudelft.rdfgears.rgl.datamodel.value.impl.ModifiableRecord
3053
RGL_VALUE_6343 class nl.tudelft.rdfgears.rgl.datamodel.value.impl.ModifiableRecord
3054
RGL_VALUE_6345 class nl.tudelft.rdfgears.rgl.datamodel.value.impl.ModifiableRecord
3055
RGL_VALUE_6347 class nl.tudelft.rdfgears.rgl.datamodel.value.impl.ModifiableRecord
3056
RGL_VALUE_6349 class nl.tudelft.rdfgears.rgl.datamodel.value.impl.ModifiableRecord
3057
RGL_VALUE_6351 class nl.tudelft.rdfgears.rgl.datamodel.value.impl.ModifiableRecord
3058
RGL_VALUE_6353 class nl.tudelft.rdfgears.rgl.datamodel.value.impl.ModifiableRecord
3059
RGL_VALUE_6355 class nl.tudelft.rdfgears.rgl.datamodel.value.impl.ModifiableRecord
3060
RGL_VALUE_6357 class nl.tudelft.rdfgears.rgl.datamodel.value.impl.ModifiableRecord
3061
RGL_VALUE_6359 class nl.tudelft.rdfgears.rgl.datamodel.value.impl.ModifiableRecord
3062
RGL_VALUE_6361 class nl.tudelft.rdfgears.rgl.datamodel.value.impl.ModifiableRecord
3063
RGL_VALUE_6363 class nl.tudelft.rdfgears.rgl.datamodel.value.impl.ModifiableRecord
3064
RGL_VALUE_6365 class nl.tudelft.rdfgears.rgl.datamodel.value.impl.ModifiableRecord
3065
RGL_VALUE_6367 class nl.tudelft.rdfgears.rgl.datamodel.value.impl.ModifiableRecord
3066
RGL_VALUE_6369 class nl.tudelft.rdfgears.rgl.datamodel.value.impl.ModifiableRecord
3067
RGL_VALUE_6371 class nl.tudelft.rdfgears.rgl.datamodel.value.impl.ModifiableRecord
3068
RGL_VALUE_6373 class nl.tudelft.rdfgears.rgl.datamodel.value.impl.ModifiableRecord
3069
RGL_VALUE_6375 class nl.tudelft.rdfgears.rgl.datamodel.value.impl.ModifiableRecord
3070
RGL_VALUE_6377 class nl.tudelft.rdfgears.rgl.datamodel.value.impl.ModifiableRecord
3071
RGL_VALUE_6379 class nl.tudelft.rdfgears.rgl.datamodel.value.impl.ModifiableRecord
3072
RGL_VALUE_6381 class nl.tudelft.rdfgears.rgl.datamodel.value.impl.ModifiableRecord
3073
RGL_VALUE_6383 class nl.tudelft.rdfgears.rgl.datamodel.value.impl.ModifiableRecord
3074
RGL_VALUE_6385 class nl.tudelft.rdfgears.rgl.datamodel.value.impl.ModifiableRecord
3075
RGL_VALUE_6387 class nl.tudelft.rdfgears.rgl.datamodel.value.impl.ModifiableRecord
3076
RGL_VALUE_6389 class nl.tudelft.rdfgears.rgl.datamodel.value.impl.ModifiableRecord
3077
RGL_VALUE_6391 class nl.tudelft.rdfgears.rgl.datamodel.value.impl.ModifiableRecord
3078
RGL_VALUE_6393 class nl.tudelft.rdfgears.rgl.datamodel.value.impl.ModifiableRecord
3079
RGL_VALUE_6395 class nl.tudelft.rdfgears.rgl.datamodel.value.impl.ModifiableRecord
3080
RGL_VALUE_6397 class nl.tudelft.rdfgears.rgl.datamodel.value.impl.ModifiableRecord
3081
RGL_VALUE_6399 class nl.tudelft.rdfgears.rgl.datamodel.value.impl.ModifiableRecord
3082
RGL_VALUE_6401 class nl.tudelft.rdfgears.rgl.datamodel.value.impl.ModifiableRecord
3083
RGL_VALUE_6403 class nl.tudelft.rdfgears.rgl.datamodel.value.impl.ModifiableRecord
3084
RGL_VALUE_6405 class nl.tudelft.rdfgears.rgl.datamodel.value.impl.ModifiableRecord
3085
RGL_VALUE_6407 class nl.tudelft.rdfgears.rgl.datamodel.value.impl.ModifiableRecord
3086
RGL_VALUE_6409 class nl.tudelft.rdfgears.rgl.datamodel.value.impl.ModifiableRecord
3087
RGL_VALUE_6411 class nl.tudelft.rdfgears.rgl.datamodel.value.impl.ModifiableRecord
3088
RGL_VALUE_6413 class nl.tudelft.rdfgears.rgl.datamodel.value.impl.ModifiableRecord
3089
RGL_VALUE_6415 class nl.tudelft.rdfgears.rgl.datamodel.value.impl.ModifiableRecord
3090
RGL_VALUE_6417 class nl.tudelft.rdfgears.rgl.datamodel.value.impl.ModifiableRecord
3091
RGL_VALUE_6419 class nl.tudelft.rdfgears.rgl.datamodel.value.impl.ModifiableRecord
3092
RGL_VALUE_6421 class nl.tudelft.rdfgears.rgl.datamodel.value.impl.ModifiableRecord
3093
RGL_VALUE_6423 class nl.tudelft.rdfgears.rgl.datamodel.value.impl.ModifiableRecord
3094
RGL_VALUE_6425 class nl.tudelft.rdfgears.rgl.datamodel.value.impl.ModifiableRecord
3095
RGL_VALUE_6427 class nl.tudelft.rdfgears.rgl.datamodel.value.impl.ModifiableRecord
3096
RGL_VALUE_6429 class nl.tudelft.rdfgears.rgl.datamodel.value.impl.ModifiableRecord
3097
RGL_VALUE_6431 class nl.tudelft.rdfgears.rgl.datamodel.value.impl.ModifiableRecord
3098
RGL_VALUE_6433 class nl.tudelft.rdfgears.rgl.datamodel.value.impl.ModifiableRecord
3099
RGL_VALUE_6435 class nl.tudelft.rdfgears.rgl.datamodel.value.impl.ModifiableRecord
3100
RGL_VALUE_6438 class nl.tudelft.rdfgears.rgl.datamodel.value.impl.ModifiableRecord
3101
RGL_VALUE_6440 class nl.tudelft.rdfgears.rgl.datamodel.value.impl.ModifiableRecord
3102
RGL_VALUE_6442 class nl.tudelft.rdfgears.rgl.datamodel.value.impl.ModifiableRecord
3103
RGL_VALUE_6444 class nl.tudelft.rdfgears.rgl.datamodel.value.impl.ModifiableRecord
3104
RGL_VALUE_6446 class nl.tudelft.rdfgears.rgl.datamodel.value.impl.ModifiableRecord
3105
RGL_VALUE_6448 class nl.tudelft.rdfgears.rgl.datamodel.value.impl.ModifiableRecord
3106
RGL_VALUE_6450 class nl.tudelft.rdfgears.rgl.datamodel.value.impl.ModifiableRecord
3107
RGL_VALUE_6452 class nl.tudelft.rdfgears.rgl.datamodel.value.impl.ModifiableRecord
3108
RGL_VALUE_6454 class nl.tudelft.rdfgears.rgl.datamodel.value.impl.ModifiableRecord
3109
RGL_VALUE_6456 class nl.tudelft.rdfgears.rgl.datamodel.value.impl.ModifiableRecord
3110
RGL_VALUE_6458 class nl.tudelft.rdfgears.rgl.datamodel.value.impl.ModifiableRecord
3111
RGL_VALUE_6460 class nl.tudelft.rdfgears.rgl.datamodel.value.impl.ModifiableRecord
3112
RGL_VALUE_6462 class nl.tudelft.rdfgears.rgl.datamodel.value.impl.ModifiableRecord
3113
RGL_VALUE_6464 class nl.tudelft.rdfgears.rgl.datamodel.value.impl.ModifiableRecord
3114
RGL_VALUE_6466 class nl.tudelft.rdfgears.rgl.datamodel.value.impl.ModifiableRecord
3115
RGL_VALUE_6468 class nl.tudelft.rdfgears.rgl.datamodel.value.impl.ModifiableRecord
3116
RGL_VALUE_6470 class nl.tudelft.rdfgears.rgl.datamodel.value.impl.ModifiableRecord
3117
RGL_VALUE_6472 class nl.tudelft.rdfgears.rgl.datamodel.value.impl.ModifiableRecord
3118
RGL_VALUE_6474 class nl.tudelft.rdfgears.rgl.datamodel.value.impl.ModifiableRecord
3119
RGL_VALUE_6476 class nl.tudelft.rdfgears.rgl.datamodel.value.impl.ModifiableRecord
3120
RGL_VALUE_6478 class nl.tudelft.rdfgears.rgl.datamodel.value.impl.ModifiableRecord
3121
RGL_VALUE_6480 class nl.tudelft.rdfgears.rgl.datamodel.value.impl.ModifiableRecord
3122
RGL_VALUE_6482 class nl.tudelft.rdfgears.rgl.datamodel.value.impl.ModifiableRecord
3123
RGL_VALUE_6484 class nl.tudelft.rdfgears.rgl.datamodel.value.impl.ModifiableRecord
3124
RGL_VALUE_6486 class nl.tudelft.rdfgears.rgl.datamodel.value.impl.ModifiableRecord
3125
RGL_VALUE_6488 class nl.tudelft.rdfgears.rgl.datamodel.value.impl.ModifiableRecord
3126
RGL_VALUE_6490 class nl.tudelft.rdfgears.rgl.datamodel.value.impl.ModifiableRecord
3127
RGL_VALUE_6492 class nl.tudelft.rdfgears.rgl.datamodel.value.impl.ModifiableRecord
3128
RGL_VALUE_6494 class nl.tudelft.rdfgears.rgl.datamodel.value.impl.ModifiableRecord
3129
RGL_VALUE_6496 class nl.tudelft.rdfgears.rgl.datamodel.value.impl.ModifiableRecord
3130
RGL_VALUE_6498 class nl.tudelft.rdfgears.rgl.datamodel.value.impl.ModifiableRecord
3131
RGL_VALUE_6500 class nl.tudelft.rdfgears.rgl.datamodel.value.impl.ModifiableRecord
3132
RGL_VALUE_6502 class nl.tudelft.rdfgears.rgl.datamodel.value.impl.ModifiableRecord
3133
RGL_VALUE_6504 class nl.tudelft.rdfgears.rgl.datamodel.value.impl.ModifiableRecord
3134
RGL_VALUE_6506 class nl.tudelft.rdfgears.rgl.datamodel.value.impl.ModifiableRecord
3135
RGL_VALUE_6508 class nl.tudelft.rdfgears.rgl.datamodel.value.impl.ModifiableRecord
3136
RGL_VALUE_6510 class nl.tudelft.rdfgears.rgl.datamodel.value.impl.ModifiableRecord
3137
RGL_VALUE_6512 class nl.tudelft.rdfgears.rgl.datamodel.value.impl.ModifiableRecord
3138
RGL_VALUE_6514 class nl.tudelft.rdfgears.rgl.datamodel.value.impl.ModifiableRecord
3139
RGL_VALUE_6516 class nl.tudelft.rdfgears.rgl.datamodel.value.impl.ModifiableRecord
3140
RGL_VALUE_6518 class nl.tudelft.rdfgears.rgl.datamodel.value.impl.ModifiableRecord
3141
RGL_VALUE_6520 class nl.tudelft.rdfgears.rgl.datamodel.value.impl.ModifiableRecord
3142
RGL_VALUE_6522 class nl.tudelft.rdfgears.rgl.datamodel.value.impl.ModifiableRecord
3143
RGL_VALUE_6524 class nl.tudelft.rdfgears.rgl.datamodel.value.impl.ModifiableRecord
3144
RGL_VALUE_6526 class nl.tudelft.rdfgears.rgl.datamodel.value.impl.ModifiableRecord
3145
RGL_VALUE_6528 class nl.tudelft.rdfgears.rgl.datamodel.value.impl.ModifiableRecord
3146
RGL_VALUE_6530 class nl.tudelft.rdfgears.rgl.datamodel.value.impl.ModifiableRecord
3147
RGL_VALUE_6532 class nl.tudelft.rdfgears.rgl.datamodel.value.impl.ModifiableRecord
3148
RGL_VALUE_6534 class nl.tudelft.rdfgears.rgl.datamodel.value.impl.ModifiableRecord
3149
RGL_VALUE_6536 class nl.tudelft.rdfgears.rgl.datamodel.value.impl.ModifiableRecord
3150
RGL_VALUE_6538 class nl.tudelft.rdfgears.rgl.datamodel.value.impl.ModifiableRecord
3151
RGL_VALUE_6540 class nl.tudelft.rdfgears.rgl.datamodel.value.impl.ModifiableRecord
3152
RGL_VALUE_6542 class nl.tudelft.rdfgears.rgl.datamodel.value.impl.ModifiableRecord
3153
RGL_VALUE_6544 class nl.tudelft.rdfgears.rgl.datamodel.value.impl.ModifiableRecord
3154
RGL_VALUE_6546 class nl.tudelft.rdfgears.rgl.datamodel.value.impl.ModifiableRecord
3155
RGL_VALUE_6548 class nl.tudelft.rdfgears.rgl.datamodel.value.impl.ModifiableRecord
3156
RGL_VALUE_6550 class nl.tudelft.rdfgears.rgl.datamodel.value.impl.ModifiableRecord
3157
RGL_VALUE_6552 class nl.tudelft.rdfgears.rgl.datamodel.value.impl.ModifiableRecord
3158
RGL_VALUE_6554 class nl.tudelft.rdfgears.rgl.datamodel.value.impl.ModifiableRecord
3159
RGL_VALUE_6556 class nl.tudelft.rdfgears.rgl.datamodel.value.impl.ModifiableRecord
3160
RGL_VALUE_6558 class nl.tudelft.rdfgears.rgl.datamodel.value.impl.ModifiableRecord
3161
RGL_VALUE_6560 class nl.tudelft.rdfgears.rgl.datamodel.value.impl.ModifiableRecord
3162
RGL_VALUE_6562 class nl.tudelft.rdfgears.rgl.datamodel.value.impl.ModifiableRecord
3163
RGL_VALUE_6564 class nl.tudelft.rdfgears.rgl.datamodel.value.impl.ModifiableRecord
3164
RGL_VALUE_6566 class nl.tudelft.rdfgears.rgl.datamodel.value.impl.ModifiableRecord
3165
RGL_VALUE_6568 class nl.tudelft.rdfgears.rgl.datamodel.value.impl.ModifiableRecord
3166
RGL_VALUE_6570 class nl.tudelft.rdfgears.rgl.datamodel.value.impl.ModifiableRecord
3167
RGL_VALUE_6572 class nl.tudelft.rdfgears.rgl.datamodel.value.impl.ModifiableRecord
3168
RGL_VALUE_6574 class nl.tudelft.rdfgears.rgl.datamodel.value.impl.ModifiableRecord
3169
RGL_VALUE_6576 class nl.tudelft.rdfgears.rgl.datamodel.value.impl.ModifiableRecord
3170
RGL_VALUE_6578 class nl.tudelft.rdfgears.rgl.datamodel.value.impl.ModifiableRecord
3171
RGL_VALUE_6580 class nl.tudelft.rdfgears.rgl.datamodel.value.impl.ModifiableRecord
3172
RGL_VALUE_6582 class nl.tudelft.rdfgears.rgl.datamodel.value.impl.ModifiableRecord
3173
RGL_VALUE_6584 class nl.tudelft.rdfgears.rgl.datamodel.value.impl.ModifiableRecord
3174
RGL_VALUE_6586 class nl.tudelft.rdfgears.rgl.datamodel.value.impl.ModifiableRecord
3175
RGL_VALUE_6588 class nl.tudelft.rdfgears.rgl.datamodel.value.impl.ModifiableRecord
3176
RGL_VALUE_6590 class nl.tudelft.rdfgears.rgl.datamodel.value.impl.ModifiableRecord
3177
RGL_VALUE_6592 class nl.tudelft.rdfgears.rgl.datamodel.value.impl.ModifiableRecord
3178
RGL_VALUE_6594 class nl.tudelft.rdfgears.rgl.datamodel.value.impl.ModifiableRecord
3179
RGL_VALUE_6596 class nl.tudelft.rdfgears.rgl.datamodel.value.impl.ModifiableRecord
3180
RGL_VALUE_6598 class nl.tudelft.rdfgears.rgl.datamodel.value.impl.ModifiableRecord
3181
RGL_VALUE_6600 class nl.tudelft.rdfgears.rgl.datamodel.value.impl.ModifiableRecord
3182
RGL_VALUE_6602 class nl.tudelft.rdfgears.rgl.datamodel.value.impl.ModifiableRecord
3183
RGL_VALUE_6604 class nl.tudelft.rdfgears.rgl.datamodel.value.impl.ModifiableRecord
3184
RGL_VALUE_6606 class nl.tudelft.rdfgears.rgl.datamodel.value.impl.ModifiableRecord
3185
RGL_VALUE_6608 class nl.tudelft.rdfgears.rgl.datamodel.value.impl.ModifiableRecord
3186
RGL_VALUE_6610 class nl.tudelft.rdfgears.rgl.datamodel.value.impl.ModifiableRecord
3187
RGL_VALUE_6612 class nl.tudelft.rdfgears.rgl.datamodel.value.impl.ModifiableRecord
3188
RGL_VALUE_6614 class nl.tudelft.rdfgears.rgl.datamodel.value.impl.ModifiableRecord
3189
RGL_VALUE_6616 class nl.tudelft.rdfgears.rgl.datamodel.value.impl.ModifiableRecord
3190
RGL_VALUE_6618 class nl.tudelft.rdfgears.rgl.datamodel.value.impl.ModifiableRecord
3191
RGL_VALUE_6620 class nl.tudelft.rdfgears.rgl.datamodel.value.impl.ModifiableRecord
3192
RGL_VALUE_6622 class nl.tudelft.rdfgears.rgl.datamodel.value.impl.ModifiableRecord
3193
RGL_VALUE_6624 class nl.tudelft.rdfgears.rgl.datamodel.value.impl.ModifiableRecord
3194
RGL_VALUE_6626 class nl.tudelft.rdfgears.rgl.datamodel.value.impl.ModifiableRecord
3195
RGL_VALUE_6628 class nl.tudelft.rdfgears.rgl.datamodel.value.impl.ModifiableRecord
3196
RGL_VALUE_6630 class nl.tudelft.rdfgears.rgl.datamodel.value.impl.ModifiableRecord
3197
RGL_VALUE_6632 class nl.tudelft.rdfgears.rgl.datamodel.value.impl.ModifiableRecord
3198
RGL_VALUE_6634 class nl.tudelft.rdfgears.rgl.datamodel.value.impl.ModifiableRecord
3199
RGL_VALUE_6636 class nl.tudelft.rdfgears.rgl.datamodel.value.impl.ModifiableRecord
3200
RGL_VALUE_6639 class nl.tudelft.rdfgears.rgl.datamodel.value.impl.ModifiableRecord
3201
RGL_VALUE_6641 class nl.tudelft.rdfgears.rgl.datamodel.value.impl.ModifiableRecord
3202
RGL_VALUE_6643 class nl.tudelft.rdfgears.rgl.datamodel.value.impl.ModifiableRecord
3203
RGL_VALUE_6645 class nl.tudelft.rdfgears.rgl.datamodel.value.impl.ModifiableRecord
3204
RGL_VALUE_6647 class nl.tudelft.rdfgears.rgl.datamodel.value.impl.ModifiableRecord
3205
RGL_VALUE_6649 class nl.tudelft.rdfgears.rgl.datamodel.value.impl.ModifiableRecord
3206
RGL_VALUE_6651 class nl.tudelft.rdfgears.rgl.datamodel.value.impl.ModifiableRecord
3207
RGL_VALUE_6653 class nl.tudelft.rdfgears.rgl.datamodel.value.impl.ModifiableRecord
3208
RGL_VALUE_6655 class nl.tudelft.rdfgears.rgl.datamodel.value.impl.ModifiableRecord
3209
RGL_VALUE_6657 class nl.tudelft.rdfgears.rgl.datamodel.value.impl.ModifiableRecord
3210
RGL_VALUE_6659 class nl.tudelft.rdfgears.rgl.datamodel.value.impl.ModifiableRecord
3211
RGL_VALUE_6661 class nl.tudelft.rdfgears.rgl.datamodel.value.impl.ModifiableRecord
3212
RGL_VALUE_6663 class nl.tudelft.rdfgears.rgl.datamodel.value.impl.ModifiableRecord
3213
RGL_VALUE_6665 class nl.tudelft.rdfgears.rgl.datamodel.value.impl.ModifiableRecord
3214
RGL_VALUE_6667 class nl.tudelft.rdfgears.rgl.datamodel.value.impl.ModifiableRecord
3215
RGL_VALUE_6669 class nl.tudelft.rdfgears.rgl.datamodel.value.impl.ModifiableRecord
3216
RGL_VALUE_6671 class nl.tudelft.rdfgears.rgl.datamodel.value.impl.ModifiableRecord
3217
RGL_VALUE_6673 class nl.tudelft.rdfgears.rgl.datamodel.value.impl.ModifiableRecord
3218
RGL_VALUE_6675 class nl.tudelft.rdfgears.rgl.datamodel.value.impl.ModifiableRecord
3219
RGL_VALUE_6677 class nl.tudelft.rdfgears.rgl.datamodel.value.impl.ModifiableRecord
3220
RGL_VALUE_6679 class nl.tudelft.rdfgears.rgl.datamodel.value.impl.ModifiableRecord
3221
RGL_VALUE_6681 class nl.tudelft.rdfgears.rgl.datamodel.value.impl.ModifiableRecord
3222
RGL_VALUE_6683 class nl.tudelft.rdfgears.rgl.datamodel.value.impl.ModifiableRecord
3223
RGL_VALUE_6685 class nl.tudelft.rdfgears.rgl.datamodel.value.impl.ModifiableRecord
3224
RGL_VALUE_6687 class nl.tudelft.rdfgears.rgl.datamodel.value.impl.ModifiableRecord
3225
RGL_VALUE_6689 class nl.tudelft.rdfgears.rgl.datamodel.value.impl.ModifiableRecord
3226
RGL_VALUE_6691 class nl.tudelft.rdfgears.rgl.datamodel.value.impl.ModifiableRecord
3227
RGL_VALUE_6693 class nl.tudelft.rdfgears.rgl.datamodel.value.impl.ModifiableRecord
3228
RGL_VALUE_6695 class nl.tudelft.rdfgears.rgl.datamodel.value.impl.ModifiableRecord
3229
RGL_VALUE_6697 class nl.tudelft.rdfgears.rgl.datamodel.value.impl.ModifiableRecord
3230
RGL_VALUE_6699 class nl.tudelft.rdfgears.rgl.datamodel.value.impl.ModifiableRecord
3231
RGL_VALUE_6701 class nl.tudelft.rdfgears.rgl.datamodel.value.impl.ModifiableRecord
3232
RGL_VALUE_6703 class nl.tudelft.rdfgears.rgl.datamodel.value.impl.ModifiableRecord
3233
RGL_VALUE_6705 class nl.tudelft.rdfgears.rgl.datamodel.value.impl.ModifiableRecord
3234
RGL_VALUE_6707 class nl.tudelft.rdfgears.rgl.datamodel.value.impl.ModifiableRecord
3235
RGL_VALUE_6709 class nl.tudelft.rdfgears.rgl.datamodel.value.impl.ModifiableRecord
3236
RGL_VALUE_6711 class nl.tudelft.rdfgears.rgl.datamodel.value.impl.ModifiableRecord
3237
RGL_VALUE_6713 class nl.tudelft.rdfgears.rgl.datamodel.value.impl.ModifiableRecord
3238
RGL_VALUE_6715 class nl.tudelft.rdfgears.rgl.datamodel.value.impl.ModifiableRecord
3239
RGL_VALUE_6717 class nl.tudelft.rdfgears.rgl.datamodel.value.impl.ModifiableRecord
3240
RGL_VALUE_6719 class nl.tudelft.rdfgears.rgl.datamodel.value.impl.ModifiableRecord
3241
RGL_VALUE_6721 class nl.tudelft.rdfgears.rgl.datamodel.value.impl.ModifiableRecord
3242
RGL_VALUE_6723 class nl.tudelft.rdfgears.rgl.datamodel.value.impl.ModifiableRecord
3243
RGL_VALUE_6725 class nl.tudelft.rdfgears.rgl.datamodel.value.impl.ModifiableRecord
3244
RGL_VALUE_6727 class nl.tudelft.rdfgears.rgl.datamodel.value.impl.ModifiableRecord
3245
RGL_VALUE_6729 class nl.tudelft.rdfgears.rgl.datamodel.value.impl.ModifiableRecord
3246
RGL_VALUE_6731 class nl.tudelft.rdfgears.rgl.datamodel.value.impl.ModifiableRecord
3247
RGL_VALUE_6733 class nl.tudelft.rdfgears.rgl.datamodel.value.impl.ModifiableRecord
3248
RGL_VALUE_6735 class nl.tudelft.rdfgears.rgl.datamodel.value.impl.ModifiableRecord
3249
RGL_VALUE_6737 class nl.tudelft.rdfgears.rgl.datamodel.value.impl.ModifiableRecord
3250
RGL_VALUE_6739 class nl.tudelft.rdfgears.rgl.datamodel.value.impl.ModifiableRecord
3251
RGL_VALUE_6741 class nl.tudelft.rdfgears.rgl.datamodel.value.impl.ModifiableRecord
3252
RGL_VALUE_6743 class nl.tudelft.rdfgears.rgl.datamodel.value.impl.ModifiableRecord
3253
RGL_VALUE_6745 class nl.tudelft.rdfgears.rgl.datamodel.value.impl.ModifiableRecord
3254
RGL_VALUE_6747 class nl.tudelft.rdfgears.rgl.datamodel.value.impl.ModifiableRecord
3255
RGL_VALUE_6749 class nl.tudelft.rdfgears.rgl.datamodel.value.impl.ModifiableRecord
3256
RGL_VALUE_6751 class nl.tudelft.rdfgears.rgl.datamodel.value.impl.ModifiableRecord
3257
RGL_VALUE_6753 class nl.tudelft.rdfgears.rgl.datamodel.value.impl.ModifiableRecord
3258
RGL_VALUE_6755 class nl.tudelft.rdfgears.rgl.datamodel.value.impl.ModifiableRecord
3259
RGL_VALUE_6757 class nl.tudelft.rdfgears.rgl.datamodel.value.impl.ModifiableRecord
3260
RGL_VALUE_6759 class nl.tudelft.rdfgears.rgl.datamodel.value.impl.ModifiableRecord
3261
RGL_VALUE_6761 class nl.tudelft.rdfgears.rgl.datamodel.value.impl.ModifiableRecord
3262
RGL_VALUE_6763 class nl.tudelft.rdfgears.rgl.datamodel.value.impl.ModifiableRecord
3263
RGL_VALUE_6765 class nl.tudelft.rdfgears.rgl.datamodel.value.impl.ModifiableRecord
3264
RGL_VALUE_6767 class nl.tudelft.rdfgears.rgl.datamodel.value.impl.ModifiableRecord
3265
RGL_VALUE_6769 class nl.tudelft.rdfgears.rgl.datamodel.value.impl.ModifiableRecord
3266
RGL_VALUE_6771 class nl.tudelft.rdfgears.rgl.datamodel.value.impl.ModifiableRecord
3267
RGL_VALUE_6773 class nl.tudelft.rdfgears.rgl.datamodel.value.impl.ModifiableRecord
3268
RGL_VALUE_6775 class nl.tudelft.rdfgears.rgl.datamodel.value.impl.ModifiableRecord
3269
RGL_VALUE_6777 class nl.tudelft.rdfgears.rgl.datamodel.value.impl.ModifiableRecord
3270
RGL_VALUE_6779 class nl.tudelft.rdfgears.rgl.datamodel.value.impl.ModifiableRecord
3271
RGL_VALUE_6781 class nl.tudelft.rdfgears.rgl.datamodel.value.impl.ModifiableRecord
3272
RGL_VALUE_6783 class nl.tudelft.rdfgears.rgl.datamodel.value.impl.ModifiableRecord
3273
RGL_VALUE_6785 class nl.tudelft.rdfgears.rgl.datamodel.value.impl.ModifiableRecord
3274
RGL_VALUE_6787 class nl.tudelft.rdfgears.rgl.datamodel.value.impl.ModifiableRecord
3275
RGL_VALUE_6789 class nl.tudelft.rdfgears.rgl.datamodel.value.impl.ModifiableRecord
3276
RGL_VALUE_6791 class nl.tudelft.rdfgears.rgl.datamodel.value.impl.ModifiableRecord
3277
RGL_VALUE_6793 class nl.tudelft.rdfgears.rgl.datamodel.value.impl.ModifiableRecord
3278
RGL_VALUE_6795 class nl.tudelft.rdfgears.rgl.datamodel.value.impl.ModifiableRecord
3279
RGL_VALUE_6797 class nl.tudelft.rdfgears.rgl.datamodel.value.impl.ModifiableRecord
3280
RGL_VALUE_6799 class nl.tudelft.rdfgears.rgl.datamodel.value.impl.ModifiableRecord
3281
RGL_VALUE_6801 class nl.tudelft.rdfgears.rgl.datamodel.value.impl.ModifiableRecord
3282
RGL_VALUE_6803 class nl.tudelft.rdfgears.rgl.datamodel.value.impl.ModifiableRecord
3283
RGL_VALUE_6805 class nl.tudelft.rdfgears.rgl.datamodel.value.impl.ModifiableRecord
3284
RGL_VALUE_6807 class nl.tudelft.rdfgears.rgl.datamodel.value.impl.ModifiableRecord
3285
RGL_VALUE_6809 class nl.tudelft.rdfgears.rgl.datamodel.value.impl.ModifiableRecord
3286
RGL_VALUE_6811 class nl.tudelft.rdfgears.rgl.datamodel.value.impl.ModifiableRecord
3287
RGL_VALUE_6813 class nl.tudelft.rdfgears.rgl.datamodel.value.impl.ModifiableRecord
3288
RGL_VALUE_6815 class nl.tudelft.rdfgears.rgl.datamodel.value.impl.ModifiableRecord
3289
RGL_VALUE_6817 class nl.tudelft.rdfgears.rgl.datamodel.value.impl.ModifiableRecord
3290
RGL_VALUE_6819 class nl.tudelft.rdfgears.rgl.datamodel.value.impl.ModifiableRecord
3291
RGL_VALUE_6821 class nl.tudelft.rdfgears.rgl.datamodel.value.impl.ModifiableRecord
3292
RGL_VALUE_6823 class nl.tudelft.rdfgears.rgl.datamodel.value.impl.ModifiableRecord
3293
RGL_VALUE_6825 class nl.tudelft.rdfgears.rgl.datamodel.value.impl.ModifiableRecord
3294
RGL_VALUE_6827 class nl.tudelft.rdfgears.rgl.datamodel.value.impl.ModifiableRecord
3295
RGL_VALUE_6829 class nl.tudelft.rdfgears.rgl.datamodel.value.impl.ModifiableRecord
3296
RGL_VALUE_6831 class nl.tudelft.rdfgears.rgl.datamodel.value.impl.ModifiableRecord
3297
RGL_VALUE_6833 class nl.tudelft.rdfgears.rgl.datamodel.value.impl.ModifiableRecord
3298
RGL_VALUE_6835 class nl.tudelft.rdfgears.rgl.datamodel.value.impl.ModifiableRecord
3299
RGL_VALUE_6837 class nl.tudelft.rdfgears.rgl.datamodel.value.impl.ModifiableRecord
3300
RGL_VALUE_6840 class nl.tudelft.rdfgears.rgl.datamodel.value.impl.ModifiableRecord
3301
RGL_VALUE_6842 class nl.tudelft.rdfgears.rgl.datamodel.value.impl.ModifiableRecord
3302
RGL_VALUE_6844 class nl.tudelft.rdfgears.rgl.datamodel.value.impl.ModifiableRecord
3303
RGL_VALUE_6846 class nl.tudelft.rdfgears.rgl.datamodel.value.impl.ModifiableRecord
3304
RGL_VALUE_6848 class nl.tudelft.rdfgears.rgl.datamodel.value.impl.ModifiableRecord
3305
RGL_VALUE_6850 class nl.tudelft.rdfgears.rgl.datamodel.value.impl.ModifiableRecord
3306
RGL_VALUE_6852 class nl.tudelft.rdfgears.rgl.datamodel.value.impl.ModifiableRecord
3307
RGL_VALUE_6854 class nl.tudelft.rdfgears.rgl.datamodel.value.impl.ModifiableRecord
3308
RGL_VALUE_6856 class nl.tudelft.rdfgears.rgl.datamodel.value.impl.ModifiableRecord
3309
RGL_VALUE_6858 class nl.tudelft.rdfgears.rgl.datamodel.value.impl.ModifiableRecord
3310
RGL_VALUE_6860 class nl.tudelft.rdfgears.rgl.datamodel.value.impl.ModifiableRecord
3311
RGL_VALUE_6862 class nl.tudelft.rdfgears.rgl.datamodel.value.impl.ModifiableRecord
3312
RGL_VALUE_6864 class nl.tudelft.rdfgears.rgl.datamodel.value.impl.ModifiableRecord
3313
RGL_VALUE_6866 class nl.tudelft.rdfgears.rgl.datamodel.value.impl.ModifiableRecord
3314
RGL_VALUE_6868 class nl.tudelft.rdfgears.rgl.datamodel.value.impl.ModifiableRecord
3315
RGL_VALUE_6870 class nl.tudelft.rdfgears.rgl.datamodel.value.impl.ModifiableRecord
3316
RGL_VALUE_6872 class nl.tudelft.rdfgears.rgl.datamodel.value.impl.ModifiableRecord
3317
RGL_VALUE_6874 class nl.tudelft.rdfgears.rgl.datamodel.value.impl.ModifiableRecord
3318
RGL_VALUE_6876 class nl.tudelft.rdfgears.rgl.datamodel.value.impl.ModifiableRecord
3319
RGL_VALUE_6878 class nl.tudelft.rdfgears.rgl.datamodel.value.impl.ModifiableRecord
3320
RGL_VALUE_6880 class nl.tudelft.rdfgears.rgl.datamodel.value.impl.ModifiableRecord
3321
RGL_VALUE_6882 class nl.tudelft.rdfgears.rgl.datamodel.value.impl.ModifiableRecord
3322
RGL_VALUE_6884 class nl.tudelft.rdfgears.rgl.datamodel.value.impl.ModifiableRecord
3323
RGL_VALUE_6886 class nl.tudelft.rdfgears.rgl.datamodel.value.impl.ModifiableRecord
3324
RGL_VALUE_6888 class nl.tudelft.rdfgears.rgl.datamodel.value.impl.ModifiableRecord
3325
RGL_VALUE_6890 class nl.tudelft.rdfgears.rgl.datamodel.value.impl.ModifiableRecord
3326
RGL_VALUE_6892 class nl.tudelft.rdfgears.rgl.datamodel.value.impl.ModifiableRecord
3327
RGL_VALUE_6894 class nl.tudelft.rdfgears.rgl.datamodel.value.impl.ModifiableRecord
3328
RGL_VALUE_6896 class nl.tudelft.rdfgears.rgl.datamodel.value.impl.ModifiableRecord
3329
RGL_VALUE_6898 class nl.tudelft.rdfgears.rgl.datamodel.value.impl.ModifiableRecord
3330
RGL_VALUE_6900 class nl.tudelft.rdfgears.rgl.datamodel.value.impl.ModifiableRecord
3331
RGL_VALUE_6902 class nl.tudelft.rdfgears.rgl.datamodel.value.impl.ModifiableRecord
3332
RGL_VALUE_6904 class nl.tudelft.rdfgears.rgl.datamodel.value.impl.ModifiableRecord
3333
RGL_VALUE_6906 class nl.tudelft.rdfgears.rgl.datamodel.value.impl.ModifiableRecord
3334
RGL_VALUE_6908 class nl.tudelft.rdfgears.rgl.datamodel.value.impl.ModifiableRecord
3335
RGL_VALUE_6910 class nl.tudelft.rdfgears.rgl.datamodel.value.impl.ModifiableRecord
3336
RGL_VALUE_6912 class nl.tudelft.rdfgears.rgl.datamodel.value.impl.ModifiableRecord
3337
RGL_VALUE_6914 class nl.tudelft.rdfgears.rgl.datamodel.value.impl.ModifiableRecord
3338
RGL_VALUE_6916 class nl.tudelft.rdfgears.rgl.datamodel.value.impl.ModifiableRecord
3339
RGL_VALUE_6918 class nl.tudelft.rdfgears.rgl.datamodel.value.impl.ModifiableRecord
3340
RGL_VALUE_6920 class nl.tudelft.rdfgears.rgl.datamodel.value.impl.ModifiableRecord
3341
RGL_VALUE_6922 class nl.tudelft.rdfgears.rgl.datamodel.value.impl.ModifiableRecord
3342
RGL_VALUE_6924 class nl.tudelft.rdfgears.rgl.datamodel.value.impl.ModifiableRecord
3343
RGL_VALUE_6926 class nl.tudelft.rdfgears.rgl.datamodel.value.impl.ModifiableRecord
3344
RGL_VALUE_6928 class nl.tudelft.rdfgears.rgl.datamodel.value.impl.ModifiableRecord
3345
RGL_VALUE_6930 class nl.tudelft.rdfgears.rgl.datamodel.value.impl.ModifiableRecord
3346
RGL_VALUE_6932 class nl.tudelft.rdfgears.rgl.datamodel.value.impl.ModifiableRecord
3347
RGL_VALUE_6934 class nl.tudelft.rdfgears.rgl.datamodel.value.impl.ModifiableRecord
3348
RGL_VALUE_6936 class nl.tudelft.rdfgears.rgl.datamodel.value.impl.ModifiableRecord
3349
RGL_VALUE_6938 class nl.tudelft.rdfgears.rgl.datamodel.value.impl.ModifiableRecord
3350
RGL_VALUE_6940 class nl.tudelft.rdfgears.rgl.datamodel.value.impl.ModifiableRecord
3351
RGL_VALUE_6942 class nl.tudelft.rdfgears.rgl.datamodel.value.impl.ModifiableRecord
3352
RGL_VALUE_6944 class nl.tudelft.rdfgears.rgl.datamodel.value.impl.ModifiableRecord
3353
RGL_VALUE_6946 class nl.tudelft.rdfgears.rgl.datamodel.value.impl.ModifiableRecord
3354
RGL_VALUE_6948 class nl.tudelft.rdfgears.rgl.datamodel.value.impl.ModifiableRecord
3355
RGL_VALUE_6950 class nl.tudelft.rdfgears.rgl.datamodel.value.impl.ModifiableRecord
3356
RGL_VALUE_6952 class nl.tudelft.rdfgears.rgl.datamodel.value.impl.ModifiableRecord
3357
RGL_VALUE_6954 class nl.tudelft.rdfgears.rgl.datamodel.value.impl.ModifiableRecord
3358
RGL_VALUE_6956 class nl.tudelft.rdfgears.rgl.datamodel.value.impl.ModifiableRecord
3359
RGL_VALUE_6958 class nl.tudelft.rdfgears.rgl.datamodel.value.impl.ModifiableRecord
3360
RGL_VALUE_6960 class nl.tudelft.rdfgears.rgl.datamodel.value.impl.ModifiableRecord
3361
RGL_VALUE_6962 class nl.tudelft.rdfgears.rgl.datamodel.value.impl.ModifiableRecord
3362
RGL_VALUE_6964 class nl.tudelft.rdfgears.rgl.datamodel.value.impl.ModifiableRecord
3363
RGL_VALUE_6966 class nl.tudelft.rdfgears.rgl.datamodel.value.impl.ModifiableRecord
3364
RGL_VALUE_6968 class nl.tudelft.rdfgears.rgl.datamodel.value.impl.ModifiableRecord
3365
RGL_VALUE_6970 class nl.tudelft.rdfgears.rgl.datamodel.value.impl.ModifiableRecord
3366
RGL_VALUE_6972 class nl.tudelft.rdfgears.rgl.datamodel.value.impl.ModifiableRecord
3367
RGL_VALUE_6974 class nl.tudelft.rdfgears.rgl.datamodel.value.impl.ModifiableRecord
3368
RGL_VALUE_6976 class nl.tudelft.rdfgears.rgl.datamodel.value.impl.ModifiableRecord
3369
RGL_VALUE_6978 class nl.tudelft.rdfgears.rgl.datamodel.value.impl.ModifiableRecord
3370
RGL_VALUE_6980 class nl.tudelft.rdfgears.rgl.datamodel.value.impl.ModifiableRecord
3371
RGL_VALUE_6982 class nl.tudelft.rdfgears.rgl.datamodel.value.impl.ModifiableRecord
3372
RGL_VALUE_6984 class nl.tudelft.rdfgears.rgl.datamodel.value.impl.ModifiableRecord
3373
RGL_VALUE_6986 class nl.tudelft.rdfgears.rgl.datamodel.value.impl.ModifiableRecord
3374
RGL_VALUE_6988 class nl.tudelft.rdfgears.rgl.datamodel.value.impl.ModifiableRecord
3375
RGL_VALUE_6990 class nl.tudelft.rdfgears.rgl.datamodel.value.impl.ModifiableRecord
3376
RGL_VALUE_6992 class nl.tudelft.rdfgears.rgl.datamodel.value.impl.ModifiableRecord
3377
RGL_VALUE_6994 class nl.tudelft.rdfgears.rgl.datamodel.value.impl.ModifiableRecord
3378
RGL_VALUE_6996 class nl.tudelft.rdfgears.rgl.datamodel.value.impl.ModifiableRecord
3379
RGL_VALUE_6998 class nl.tudelft.rdfgears.rgl.datamodel.value.impl.ModifiableRecord
3380
RGL_VALUE_7000 class nl.tudelft.rdfgears.rgl.datamodel.value.impl.ModifiableRecord
3381
RGL_VALUE_7002 class nl.tudelft.rdfgears.rgl.datamodel.value.impl.ModifiableRecord
3382
RGL_VALUE_7004 class nl.tudelft.rdfgears.rgl.datamodel.value.impl.ModifiableRecord
3383
RGL_VALUE_7006 class nl.tudelft.rdfgears.rgl.datamodel.value.impl.ModifiableRecord
3384
RGL_VALUE_7008 class nl.tudelft.rdfgears.rgl.datamodel.value.impl.ModifiableRecord
3385
RGL_VALUE_7010 class nl.tudelft.rdfgears.rgl.datamodel.value.impl.ModifiableRecord
3386
RGL_VALUE_7012 class nl.tudelft.rdfgears.rgl.datamodel.value.impl.ModifiableRecord
3387
RGL_VALUE_7014 class nl.tudelft.rdfgears.rgl.datamodel.value.impl.ModifiableRecord
3388
RGL_VALUE_7016 class nl.tudelft.rdfgears.rgl.datamodel.value.impl.ModifiableRecord
3389
RGL_VALUE_7018 class nl.tudelft.rdfgears.rgl.datamodel.value.impl.ModifiableRecord
3390
RGL_VALUE_7020 class nl.tudelft.rdfgears.rgl.datamodel.value.impl.ModifiableRecord
3391
RGL_VALUE_7022 class nl.tudelft.rdfgears.rgl.datamodel.value.impl.ModifiableRecord
3392
RGL_VALUE_7024 class nl.tudelft.rdfgears.rgl.datamodel.value.impl.ModifiableRecord
3393
RGL_VALUE_7026 class nl.tudelft.rdfgears.rgl.datamodel.value.impl.ModifiableRecord
3394
RGL_VALUE_7028 class nl.tudelft.rdfgears.rgl.datamodel.value.impl.ModifiableRecord
3395
RGL_VALUE_7030 class nl.tudelft.rdfgears.rgl.datamodel.value.impl.ModifiableRecord
3396
RGL_VALUE_7032 class nl.tudelft.rdfgears.rgl.datamodel.value.impl.ModifiableRecord
3397
RGL_VALUE_7034 class nl.tudelft.rdfgears.rgl.datamodel.value.impl.ModifiableRecord
3398
RGL_VALUE_7036 class nl.tudelft.rdfgears.rgl.datamodel.value.impl.ModifiableRecord
3399
RGL_VALUE_7038 class nl.tudelft.rdfgears.rgl.datamodel.value.impl.ModifiableRecord
3400
RGL_VALUE_7041 class nl.tudelft.rdfgears.rgl.datamodel.value.impl.ModifiableRecord
3401
RGL_VALUE_7043 class nl.tudelft.rdfgears.rgl.datamodel.value.impl.ModifiableRecord
3402
RGL_VALUE_7045 class nl.tudelft.rdfgears.rgl.datamodel.value.impl.ModifiableRecord
3403
RGL_VALUE_7047 class nl.tudelft.rdfgears.rgl.datamodel.value.impl.ModifiableRecord
3404
RGL_VALUE_7049 class nl.tudelft.rdfgears.rgl.datamodel.value.impl.ModifiableRecord
3405
RGL_VALUE_7051 class nl.tudelft.rdfgears.rgl.datamodel.value.impl.ModifiableRecord
3406
RGL_VALUE_7053 class nl.tudelft.rdfgears.rgl.datamodel.value.impl.ModifiableRecord
3407
RGL_VALUE_7055 class nl.tudelft.rdfgears.rgl.datamodel.value.impl.ModifiableRecord
3408
RGL_VALUE_7057 class nl.tudelft.rdfgears.rgl.datamodel.value.impl.ModifiableRecord
3409
RGL_VALUE_7059 class nl.tudelft.rdfgears.rgl.datamodel.value.impl.ModifiableRecord
3410
RGL_VALUE_7061 class nl.tudelft.rdfgears.rgl.datamodel.value.impl.ModifiableRecord
3411
RGL_VALUE_7063 class nl.tudelft.rdfgears.rgl.datamodel.value.impl.ModifiableRecord
3412
RGL_VALUE_7065 class nl.tudelft.rdfgears.rgl.datamodel.value.impl.ModifiableRecord
3413
RGL_VALUE_7067 class nl.tudelft.rdfgears.rgl.datamodel.value.impl.ModifiableRecord
3414
RGL_VALUE_7069 class nl.tudelft.rdfgears.rgl.datamodel.value.impl.ModifiableRecord
3415
RGL_VALUE_7071 class nl.tudelft.rdfgears.rgl.datamodel.value.impl.ModifiableRecord
3416
RGL_VALUE_7073 class nl.tudelft.rdfgears.rgl.datamodel.value.impl.ModifiableRecord
3417
RGL_VALUE_7075 class nl.tudelft.rdfgears.rgl.datamodel.value.impl.ModifiableRecord
3418
RGL_VALUE_7077 class nl.tudelft.rdfgears.rgl.datamodel.value.impl.ModifiableRecord
3419
RGL_VALUE_7079 class nl.tudelft.rdfgears.rgl.datamodel.value.impl.ModifiableRecord
3420
RGL_VALUE_7081 class nl.tudelft.rdfgears.rgl.datamodel.value.impl.ModifiableRecord
3421
RGL_VALUE_7083 class nl.tudelft.rdfgears.rgl.datamodel.value.impl.ModifiableRecord
3422
RGL_VALUE_7085 class nl.tudelft.rdfgears.rgl.datamodel.value.impl.ModifiableRecord
3423
RGL_VALUE_7087 class nl.tudelft.rdfgears.rgl.datamodel.value.impl.ModifiableRecord
3424
RGL_VALUE_7089 class nl.tudelft.rdfgears.rgl.datamodel.value.impl.ModifiableRecord
3425
RGL_VALUE_7091 class nl.tudelft.rdfgears.rgl.datamodel.value.impl.ModifiableRecord
3426
RGL_VALUE_7093 class nl.tudelft.rdfgears.rgl.datamodel.value.impl.ModifiableRecord
3427
RGL_VALUE_7095 class nl.tudelft.rdfgears.rgl.datamodel.value.impl.ModifiableRecord
3428
RGL_VALUE_7097 class nl.tudelft.rdfgears.rgl.datamodel.value.impl.ModifiableRecord
3429
RGL_VALUE_7099 class nl.tudelft.rdfgears.rgl.datamodel.value.impl.ModifiableRecord
3430
RGL_VALUE_7101 class nl.tudelft.rdfgears.rgl.datamodel.value.impl.ModifiableRecord
3431
RGL_VALUE_7103 class nl.tudelft.rdfgears.rgl.datamodel.value.impl.ModifiableRecord
3432
RGL_VALUE_7105 class nl.tudelft.rdfgears.rgl.datamodel.value.impl.ModifiableRecord
3433
RGL_VALUE_7107 class nl.tudelft.rdfgears.rgl.datamodel.value.impl.ModifiableRecord
3434
RGL_VALUE_7109 class nl.tudelft.rdfgears.rgl.datamodel.value.impl.ModifiableRecord
3435
RGL_VALUE_7111 class nl.tudelft.rdfgears.rgl.datamodel.value.impl.ModifiableRecord
3436
RGL_VALUE_7113 class nl.tudelft.rdfgears.rgl.datamodel.value.impl.ModifiableRecord
3437
RGL_VALUE_7115 class nl.tudelft.rdfgears.rgl.datamodel.value.impl.ModifiableRecord
3438
RGL_VALUE_7117 class nl.tudelft.rdfgears.rgl.datamodel.value.impl.ModifiableRecord
3439
RGL_VALUE_7119 class nl.tudelft.rdfgears.rgl.datamodel.value.impl.ModifiableRecord
3440
RGL_VALUE_7121 class nl.tudelft.rdfgears.rgl.datamodel.value.impl.ModifiableRecord
3441
RGL_VALUE_7123 class nl.tudelft.rdfgears.rgl.datamodel.value.impl.ModifiableRecord
3442
RGL_VALUE_7125 class nl.tudelft.rdfgears.rgl.datamodel.value.impl.ModifiableRecord
3443
RGL_VALUE_7127 class nl.tudelft.rdfgears.rgl.datamodel.value.impl.ModifiableRecord
3444
RGL_VALUE_7129 class nl.tudelft.rdfgears.rgl.datamodel.value.impl.ModifiableRecord
3445
RGL_VALUE_7131 class nl.tudelft.rdfgears.rgl.datamodel.value.impl.ModifiableRecord
3446
RGL_VALUE_7133 class nl.tudelft.rdfgears.rgl.datamodel.value.impl.ModifiableRecord
3447
RGL_VALUE_7135 class nl.tudelft.rdfgears.rgl.datamodel.value.impl.ModifiableRecord
3448
RGL_VALUE_7137 class nl.tudelft.rdfgears.rgl.datamodel.value.impl.ModifiableRecord
3449
RGL_VALUE_7139 class nl.tudelft.rdfgears.rgl.datamodel.value.impl.ModifiableRecord
3450
RGL_VALUE_7141 class nl.tudelft.rdfgears.rgl.datamodel.value.impl.ModifiableRecord
3451
RGL_VALUE_7143 class nl.tudelft.rdfgears.rgl.datamodel.value.impl.ModifiableRecord
3452
RGL_VALUE_7145 class nl.tudelft.rdfgears.rgl.datamodel.value.impl.ModifiableRecord
3453
RGL_VALUE_7147 class nl.tudelft.rdfgears.rgl.datamodel.value.impl.ModifiableRecord
3454
RGL_VALUE_7149 class nl.tudelft.rdfgears.rgl.datamodel.value.impl.ModifiableRecord
3455
RGL_VALUE_7151 class nl.tudelft.rdfgears.rgl.datamodel.value.impl.ModifiableRecord
3456
RGL_VALUE_7153 class nl.tudelft.rdfgears.rgl.datamodel.value.impl.ModifiableRecord
3457
RGL_VALUE_7155 class nl.tudelft.rdfgears.rgl.datamodel.value.impl.ModifiableRecord
3458
RGL_VALUE_7157 class nl.tudelft.rdfgears.rgl.datamodel.value.impl.ModifiableRecord
3459
RGL_VALUE_7159 class nl.tudelft.rdfgears.rgl.datamodel.value.impl.ModifiableRecord
3460
RGL_VALUE_7161 class nl.tudelft.rdfgears.rgl.datamodel.value.impl.ModifiableRecord
3461
RGL_VALUE_7163 class nl.tudelft.rdfgears.rgl.datamodel.value.impl.ModifiableRecord
3462
RGL_VALUE_7165 class nl.tudelft.rdfgears.rgl.datamodel.value.impl.ModifiableRecord
3463
RGL_VALUE_7167 class nl.tudelft.rdfgears.rgl.datamodel.value.impl.ModifiableRecord
3464
RGL_VALUE_7169 class nl.tudelft.rdfgears.rgl.datamodel.value.impl.ModifiableRecord
3465
RGL_VALUE_7171 class nl.tudelft.rdfgears.rgl.datamodel.value.impl.ModifiableRecord
3466
RGL_VALUE_7173 class nl.tudelft.rdfgears.rgl.datamodel.value.impl.ModifiableRecord
3467
RGL_VALUE_7175 class nl.tudelft.rdfgears.rgl.datamodel.value.impl.ModifiableRecord
3468
RGL_VALUE_7177 class nl.tudelft.rdfgears.rgl.datamodel.value.impl.ModifiableRecord
3469
RGL_VALUE_7179 class nl.tudelft.rdfgears.rgl.datamodel.value.impl.ModifiableRecord
3470
RGL_VALUE_7181 class nl.tudelft.rdfgears.rgl.datamodel.value.impl.ModifiableRecord
3471
RGL_VALUE_7183 class nl.tudelft.rdfgears.rgl.datamodel.value.impl.ModifiableRecord
3472
RGL_VALUE_7185 class nl.tudelft.rdfgears.rgl.datamodel.value.impl.ModifiableRecord
3473
RGL_VALUE_7187 class nl.tudelft.rdfgears.rgl.datamodel.value.impl.ModifiableRecord
3474
RGL_VALUE_7189 class nl.tudelft.rdfgears.rgl.datamodel.value.impl.ModifiableRecord
3475
RGL_VALUE_7191 class nl.tudelft.rdfgears.rgl.datamodel.value.impl.ModifiableRecord
3476
RGL_VALUE_7193 class nl.tudelft.rdfgears.rgl.datamodel.value.impl.ModifiableRecord
3477
RGL_VALUE_7195 class nl.tudelft.rdfgears.rgl.datamodel.value.impl.ModifiableRecord
3478
RGL_VALUE_7197 class nl.tudelft.rdfgears.rgl.datamodel.value.impl.ModifiableRecord
3479
RGL_VALUE_7199 class nl.tudelft.rdfgears.rgl.datamodel.value.impl.ModifiableRecord
3480
RGL_VALUE_7201 class nl.tudelft.rdfgears.rgl.datamodel.value.impl.ModifiableRecord
3481
RGL_VALUE_7203 class nl.tudelft.rdfgears.rgl.datamodel.value.impl.ModifiableRecord
3482
RGL_VALUE_7205 class nl.tudelft.rdfgears.rgl.datamodel.value.impl.ModifiableRecord
3483
RGL_VALUE_7207 class nl.tudelft.rdfgears.rgl.datamodel.value.impl.ModifiableRecord
3484
RGL_VALUE_7209 class nl.tudelft.rdfgears.rgl.datamodel.value.impl.ModifiableRecord
3485
RGL_VALUE_7211 class nl.tudelft.rdfgears.rgl.datamodel.value.impl.ModifiableRecord
3486
RGL_VALUE_7213 class nl.tudelft.rdfgears.rgl.datamodel.value.impl.ModifiableRecord
3487
RGL_VALUE_7215 class nl.tudelft.rdfgears.rgl.datamodel.value.impl.ModifiableRecord
3488
RGL_VALUE_7217 class nl.tudelft.rdfgears.rgl.datamodel.value.impl.ModifiableRecord
3489
RGL_VALUE_7219 class nl.tudelft.rdfgears.rgl.datamodel.value.impl.ModifiableRecord
3490
RGL_VALUE_7221 class nl.tudelft.rdfgears.rgl.datamodel.value.impl.ModifiableRecord
3491
RGL_VALUE_7223 class nl.tudelft.rdfgears.rgl.datamodel.value.impl.ModifiableRecord
3492
RGL_VALUE_7225 class nl.tudelft.rdfgears.rgl.datamodel.value.impl.ModifiableRecord
3493
RGL_VALUE_7227 class nl.tudelft.rdfgears.rgl.datamodel.value.impl.ModifiableRecord
3494
RGL_VALUE_7229 class nl.tudelft.rdfgears.rgl.datamodel.value.impl.ModifiableRecord
3495
RGL_VALUE_7231 class nl.tudelft.rdfgears.rgl.datamodel.value.impl.ModifiableRecord
3496
RGL_VALUE_7233 class nl.tudelft.rdfgears.rgl.datamodel.value.impl.ModifiableRecord
3497
RGL_VALUE_7235 class nl.tudelft.rdfgears.rgl.datamodel.value.impl.ModifiableRecord
3498
RGL_VALUE_7237 class nl.tudelft.rdfgears.rgl.datamodel.value.impl.ModifiableRecord
3499
RGL_VALUE_7239 class nl.tudelft.rdfgears.rgl.datamodel.value.impl.ModifiableRecord
3500
RGL_VALUE_7242 class nl.tudelft.rdfgears.rgl.datamodel.value.impl.ModifiableRecord
3501
RGL_VALUE_7244 class nl.tudelft.rdfgears.rgl.datamodel.value.impl.ModifiableRecord
3502
RGL_VALUE_7246 class nl.tudelft.rdfgears.rgl.datamodel.value.impl.ModifiableRecord
3503
RGL_VALUE_7248 class nl.tudelft.rdfgears.rgl.datamodel.value.impl.ModifiableRecord
3504
RGL_VALUE_7250 class nl.tudelft.rdfgears.rgl.datamodel.value.impl.ModifiableRecord
3505
RGL_VALUE_7252 class nl.tudelft.rdfgears.rgl.datamodel.value.impl.ModifiableRecord
3506
RGL_VALUE_7254 class nl.tudelft.rdfgears.rgl.datamodel.value.impl.ModifiableRecord
3507
RGL_VALUE_7256 class nl.tudelft.rdfgears.rgl.datamodel.value.impl.ModifiableRecord
3508
RGL_VALUE_7258 class nl.tudelft.rdfgears.rgl.datamodel.value.impl.ModifiableRecord
3509
RGL_VALUE_7260 class nl.tudelft.rdfgears.rgl.datamodel.value.impl.ModifiableRecord
3510
RGL_VALUE_7262 class nl.tudelft.rdfgears.rgl.datamodel.value.impl.ModifiableRecord
3511
RGL_VALUE_7264 class nl.tudelft.rdfgears.rgl.datamodel.value.impl.ModifiableRecord
3512
RGL_VALUE_7266 class nl.tudelft.rdfgears.rgl.datamodel.value.impl.ModifiableRecord
3513
RGL_VALUE_7268 class nl.tudelft.rdfgears.rgl.datamodel.value.impl.ModifiableRecord
3514
RGL_VALUE_7270 class nl.tudelft.rdfgears.rgl.datamodel.value.impl.ModifiableRecord
3515
RGL_VALUE_7272 class nl.tudelft.rdfgears.rgl.datamodel.value.impl.ModifiableRecord
3516
RGL_VALUE_7274 class nl.tudelft.rdfgears.rgl.datamodel.value.impl.ModifiableRecord
3517
RGL_VALUE_7276 class nl.tudelft.rdfgears.rgl.datamodel.value.impl.ModifiableRecord
3518
RGL_VALUE_7278 class nl.tudelft.rdfgears.rgl.datamodel.value.impl.ModifiableRecord
3519
RGL_VALUE_7280 class nl.tudelft.rdfgears.rgl.datamodel.value.impl.ModifiableRecord
3520
RGL_VALUE_7282 class nl.tudelft.rdfgears.rgl.datamodel.value.impl.ModifiableRecord
3521
RGL_VALUE_7284 class nl.tudelft.rdfgears.rgl.datamodel.value.impl.ModifiableRecord
3522
RGL_VALUE_7286 class nl.tudelft.rdfgears.rgl.datamodel.value.impl.ModifiableRecord
3523
RGL_VALUE_7288 class nl.tudelft.rdfgears.rgl.datamodel.value.impl.ModifiableRecord
3524
RGL_VALUE_7290 class nl.tudelft.rdfgears.rgl.datamodel.value.impl.ModifiableRecord
3525
RGL_VALUE_7292 class nl.tudelft.rdfgears.rgl.datamodel.value.impl.ModifiableRecord
3526
RGL_VALUE_7294 class nl.tudelft.rdfgears.rgl.datamodel.value.impl.ModifiableRecord
3527
RGL_VALUE_7296 class nl.tudelft.rdfgears.rgl.datamodel.value.impl.ModifiableRecord
3528
RGL_VALUE_7298 class nl.tudelft.rdfgears.rgl.datamodel.value.impl.ModifiableRecord
3529
RGL_VALUE_7300 class nl.tudelft.rdfgears.rgl.datamodel.value.impl.ModifiableRecord
3530
RGL_VALUE_7302 class nl.tudelft.rdfgears.rgl.datamodel.value.impl.ModifiableRecord
3531
RGL_VALUE_7304 class nl.tudelft.rdfgears.rgl.datamodel.value.impl.ModifiableRecord
3532
RGL_VALUE_7306 class nl.tudelft.rdfgears.rgl.datamodel.value.impl.ModifiableRecord
3533
RGL_VALUE_7308 class nl.tudelft.rdfgears.rgl.datamodel.value.impl.ModifiableRecord
3534
RGL_VALUE_7310 class nl.tudelft.rdfgears.rgl.datamodel.value.impl.ModifiableRecord
3535
RGL_VALUE_7312 class nl.tudelft.rdfgears.rgl.datamodel.value.impl.ModifiableRecord
3536
RGL_VALUE_7314 class nl.tudelft.rdfgears.rgl.datamodel.value.impl.ModifiableRecord
3537
RGL_VALUE_7316 class nl.tudelft.rdfgears.rgl.datamodel.value.impl.ModifiableRecord
3538
RGL_VALUE_7318 class nl.tudelft.rdfgears.rgl.datamodel.value.impl.ModifiableRecord
3539
RGL_VALUE_7320 class nl.tudelft.rdfgears.rgl.datamodel.value.impl.ModifiableRecord
3540
RGL_VALUE_7322 class nl.tudelft.rdfgears.rgl.datamodel.value.impl.ModifiableRecord
3541
RGL_VALUE_7324 class nl.tudelft.rdfgears.rgl.datamodel.value.impl.ModifiableRecord
3542
RGL_VALUE_7326 class nl.tudelft.rdfgears.rgl.datamodel.value.impl.ModifiableRecord
3543
RGL_VALUE_7328 class nl.tudelft.rdfgears.rgl.datamodel.value.impl.ModifiableRecord
3544
RGL_VALUE_7330 class nl.tudelft.rdfgears.rgl.datamodel.value.impl.ModifiableRecord
3545
RGL_VALUE_7332 class nl.tudelft.rdfgears.rgl.datamodel.value.impl.ModifiableRecord
3546
RGL_VALUE_7334 class nl.tudelft.rdfgears.rgl.datamodel.value.impl.ModifiableRecord
3547
RGL_VALUE_7336 class nl.tudelft.rdfgears.rgl.datamodel.value.impl.ModifiableRecord
3548
RGL_VALUE_7338 class nl.tudelft.rdfgears.rgl.datamodel.value.impl.ModifiableRecord
3549
RGL_VALUE_7340 class nl.tudelft.rdfgears.rgl.datamodel.value.impl.ModifiableRecord
3550
RGL_VALUE_7342 class nl.tudelft.rdfgears.rgl.datamodel.value.impl.ModifiableRecord
3551
RGL_VALUE_7344 class nl.tudelft.rdfgears.rgl.datamodel.value.impl.ModifiableRecord
3552
RGL_VALUE_7346 class nl.tudelft.rdfgears.rgl.datamodel.value.impl.ModifiableRecord
3553
RGL_VALUE_7348 class nl.tudelft.rdfgears.rgl.datamodel.value.impl.ModifiableRecord
3554
RGL_VALUE_7350 class nl.tudelft.rdfgears.rgl.datamodel.value.impl.ModifiableRecord
3555
RGL_VALUE_7352 class nl.tudelft.rdfgears.rgl.datamodel.value.impl.ModifiableRecord
3556
RGL_VALUE_7354 class nl.tudelft.rdfgears.rgl.datamodel.value.impl.ModifiableRecord
3557
RGL_VALUE_7356 class nl.tudelft.rdfgears.rgl.datamodel.value.impl.ModifiableRecord
3558
RGL_VALUE_7358 class nl.tudelft.rdfgears.rgl.datamodel.value.impl.ModifiableRecord
3559
RGL_VALUE_7360 class nl.tudelft.rdfgears.rgl.datamodel.value.impl.ModifiableRecord
3560
RGL_VALUE_7362 class nl.tudelft.rdfgears.rgl.datamodel.value.impl.ModifiableRecord
3561
RGL_VALUE_7364 class nl.tudelft.rdfgears.rgl.datamodel.value.impl.ModifiableRecord
3562
RGL_VALUE_7366 class nl.tudelft.rdfgears.rgl.datamodel.value.impl.ModifiableRecord
3563
RGL_VALUE_7368 class nl.tudelft.rdfgears.rgl.datamodel.value.impl.ModifiableRecord
3564
RGL_VALUE_7370 class nl.tudelft.rdfgears.rgl.datamodel.value.impl.ModifiableRecord
3565
RGL_VALUE_7372 class nl.tudelft.rdfgears.rgl.datamodel.value.impl.ModifiableRecord
3566
RGL_VALUE_7374 class nl.tudelft.rdfgears.rgl.datamodel.value.impl.ModifiableRecord
3567
RGL_VALUE_7376 class nl.tudelft.rdfgears.rgl.datamodel.value.impl.ModifiableRecord
3568
RGL_VALUE_7378 class nl.tudelft.rdfgears.rgl.datamodel.value.impl.ModifiableRecord
3569
RGL_VALUE_7380 class nl.tudelft.rdfgears.rgl.datamodel.value.impl.ModifiableRecord
3570
RGL_VALUE_7382 class nl.tudelft.rdfgears.rgl.datamodel.value.impl.ModifiableRecord
3571
RGL_VALUE_7384 class nl.tudelft.rdfgears.rgl.datamodel.value.impl.ModifiableRecord
3572
RGL_VALUE_7386 class nl.tudelft.rdfgears.rgl.datamodel.value.impl.ModifiableRecord
3573
RGL_VALUE_7388 class nl.tudelft.rdfgears.rgl.datamodel.value.impl.ModifiableRecord
3574
RGL_VALUE_7390 class nl.tudelft.rdfgears.rgl.datamodel.value.impl.ModifiableRecord
3575
RGL_VALUE_7392 class nl.tudelft.rdfgears.rgl.datamodel.value.impl.ModifiableRecord
3576
RGL_VALUE_7394 class nl.tudelft.rdfgears.rgl.datamodel.value.impl.ModifiableRecord
3577
RGL_VALUE_7396 class nl.tudelft.rdfgears.rgl.datamodel.value.impl.ModifiableRecord
3578
RGL_VALUE_7398 class nl.tudelft.rdfgears.rgl.datamodel.value.impl.ModifiableRecord
3579
RGL_VALUE_7400 class nl.tudelft.rdfgears.rgl.datamodel.value.impl.ModifiableRecord
3580
RGL_VALUE_7402 class nl.tudelft.rdfgears.rgl.datamodel.value.impl.ModifiableRecord
3581
RGL_VALUE_7404 class nl.tudelft.rdfgears.rgl.datamodel.value.impl.ModifiableRecord
3582
RGL_VALUE_7406 class nl.tudelft.rdfgears.rgl.datamodel.value.impl.ModifiableRecord
3583
RGL_VALUE_7408 class nl.tudelft.rdfgears.rgl.datamodel.value.impl.ModifiableRecord
3584
RGL_VALUE_7410 class nl.tudelft.rdfgears.rgl.datamodel.value.impl.ModifiableRecord
3585
RGL_VALUE_7412 class nl.tudelft.rdfgears.rgl.datamodel.value.impl.ModifiableRecord
3586
RGL_VALUE_7414 class nl.tudelft.rdfgears.rgl.datamodel.value.impl.ModifiableRecord
3587
RGL_VALUE_7416 class nl.tudelft.rdfgears.rgl.datamodel.value.impl.ModifiableRecord
3588
RGL_VALUE_7418 class nl.tudelft.rdfgears.rgl.datamodel.value.impl.ModifiableRecord
3589
RGL_VALUE_7420 class nl.tudelft.rdfgears.rgl.datamodel.value.impl.ModifiableRecord
3590
RGL_VALUE_7422 class nl.tudelft.rdfgears.rgl.datamodel.value.impl.ModifiableRecord
3591
RGL_VALUE_7424 class nl.tudelft.rdfgears.rgl.datamodel.value.impl.ModifiableRecord
3592
RGL_VALUE_7426 class nl.tudelft.rdfgears.rgl.datamodel.value.impl.ModifiableRecord
3593
RGL_VALUE_7428 class nl.tudelft.rdfgears.rgl.datamodel.value.impl.ModifiableRecord
3594
RGL_VALUE_7430 class nl.tudelft.rdfgears.rgl.datamodel.value.impl.ModifiableRecord
3595
RGL_VALUE_7432 class nl.tudelft.rdfgears.rgl.datamodel.value.impl.ModifiableRecord
3596
RGL_VALUE_7434 class nl.tudelft.rdfgears.rgl.datamodel.value.impl.ModifiableRecord
3597
RGL_VALUE_7436 class nl.tudelft.rdfgears.rgl.datamodel.value.impl.ModifiableRecord
3598
RGL_VALUE_7438 class nl.tudelft.rdfgears.rgl.datamodel.value.impl.ModifiableRecord
3599
RGL_VALUE_7440 class nl.tudelft.rdfgears.rgl.datamodel.value.impl.ModifiableRecord
3600
RGL_VALUE_7443 class nl.tudelft.rdfgears.rgl.datamodel.value.impl.ModifiableRecord
3601
RGL_VALUE_7445 class nl.tudelft.rdfgears.rgl.datamodel.value.impl.ModifiableRecord
3602
RGL_VALUE_7447 class nl.tudelft.rdfgears.rgl.datamodel.value.impl.ModifiableRecord
3603
RGL_VALUE_7449 class nl.tudelft.rdfgears.rgl.datamodel.value.impl.ModifiableRecord
3604
RGL_VALUE_7451 class nl.tudelft.rdfgears.rgl.datamodel.value.impl.ModifiableRecord
3605
RGL_VALUE_7453 class nl.tudelft.rdfgears.rgl.datamodel.value.impl.ModifiableRecord
3606
RGL_VALUE_7455 class nl.tudelft.rdfgears.rgl.datamodel.value.impl.ModifiableRecord
3607
RGL_VALUE_7457 class nl.tudelft.rdfgears.rgl.datamodel.value.impl.ModifiableRecord
3608
RGL_VALUE_7459 class nl.tudelft.rdfgears.rgl.datamodel.value.impl.ModifiableRecord
3609
RGL_VALUE_7461 class nl.tudelft.rdfgears.rgl.datamodel.value.impl.ModifiableRecord
3610
RGL_VALUE_7463 class nl.tudelft.rdfgears.rgl.datamodel.value.impl.ModifiableRecord
3611
RGL_VALUE_7465 class nl.tudelft.rdfgears.rgl.datamodel.value.impl.ModifiableRecord
3612
RGL_VALUE_7467 class nl.tudelft.rdfgears.rgl.datamodel.value.impl.ModifiableRecord
3613
RGL_VALUE_7469 class nl.tudelft.rdfgears.rgl.datamodel.value.impl.ModifiableRecord
3614
RGL_VALUE_7471 class nl.tudelft.rdfgears.rgl.datamodel.value.impl.ModifiableRecord
3615
RGL_VALUE_7473 class nl.tudelft.rdfgears.rgl.datamodel.value.impl.ModifiableRecord
3616
RGL_VALUE_7475 class nl.tudelft.rdfgears.rgl.datamodel.value.impl.ModifiableRecord
3617
RGL_VALUE_7477 class nl.tudelft.rdfgears.rgl.datamodel.value.impl.ModifiableRecord
3618
RGL_VALUE_7479 class nl.tudelft.rdfgears.rgl.datamodel.value.impl.ModifiableRecord
3619
RGL_VALUE_7481 class nl.tudelft.rdfgears.rgl.datamodel.value.impl.ModifiableRecord
3620
RGL_VALUE_7483 class nl.tudelft.rdfgears.rgl.datamodel.value.impl.ModifiableRecord
3621
RGL_VALUE_7485 class nl.tudelft.rdfgears.rgl.datamodel.value.impl.ModifiableRecord
3622
RGL_VALUE_7487 class nl.tudelft.rdfgears.rgl.datamodel.value.impl.ModifiableRecord
3623
RGL_VALUE_7489 class nl.tudelft.rdfgears.rgl.datamodel.value.impl.ModifiableRecord
3624
RGL_VALUE_7491 class nl.tudelft.rdfgears.rgl.datamodel.value.impl.ModifiableRecord
3625
RGL_VALUE_7493 class nl.tudelft.rdfgears.rgl.datamodel.value.impl.ModifiableRecord
3626
RGL_VALUE_7495 class nl.tudelft.rdfgears.rgl.datamodel.value.impl.ModifiableRecord
3627
RGL_VALUE_7497 class nl.tudelft.rdfgears.rgl.datamodel.value.impl.ModifiableRecord
3628
RGL_VALUE_7499 class nl.tudelft.rdfgears.rgl.datamodel.value.impl.ModifiableRecord
3629
RGL_VALUE_7501 class nl.tudelft.rdfgears.rgl.datamodel.value.impl.ModifiableRecord
3630
RGL_VALUE_7503 class nl.tudelft.rdfgears.rgl.datamodel.value.impl.ModifiableRecord
3631
RGL_VALUE_7505 class nl.tudelft.rdfgears.rgl.datamodel.value.impl.ModifiableRecord
3632
RGL_VALUE_7507 class nl.tudelft.rdfgears.rgl.datamodel.value.impl.ModifiableRecord
3633
RGL_VALUE_7509 class nl.tudelft.rdfgears.rgl.datamodel.value.impl.ModifiableRecord
3634
RGL_VALUE_7511 class nl.tudelft.rdfgears.rgl.datamodel.value.impl.ModifiableRecord
3635
RGL_VALUE_7513 class nl.tudelft.rdfgears.rgl.datamodel.value.impl.ModifiableRecord
3636
RGL_VALUE_7515 class nl.tudelft.rdfgears.rgl.datamodel.value.impl.ModifiableRecord
3637
RGL_VALUE_7517 class nl.tudelft.rdfgears.rgl.datamodel.value.impl.ModifiableRecord
3638
RGL_VALUE_7519 class nl.tudelft.rdfgears.rgl.datamodel.value.impl.ModifiableRecord
3639
RGL_VALUE_7521 class nl.tudelft.rdfgears.rgl.datamodel.value.impl.ModifiableRecord
3640
RGL_VALUE_7523 class nl.tudelft.rdfgears.rgl.datamodel.value.impl.ModifiableRecord
3641
RGL_VALUE_7525 class nl.tudelft.rdfgears.rgl.datamodel.value.impl.ModifiableRecord
3642
RGL_VALUE_7527 class nl.tudelft.rdfgears.rgl.datamodel.value.impl.ModifiableRecord
3643
RGL_VALUE_7529 class nl.tudelft.rdfgears.rgl.datamodel.value.impl.ModifiableRecord
3644
RGL_VALUE_7531 class nl.tudelft.rdfgears.rgl.datamodel.value.impl.ModifiableRecord
3645
RGL_VALUE_7533 class nl.tudelft.rdfgears.rgl.datamodel.value.impl.ModifiableRecord
3646
RGL_VALUE_7535 class nl.tudelft.rdfgears.rgl.datamodel.value.impl.ModifiableRecord
3647
RGL_VALUE_7537 class nl.tudelft.rdfgears.rgl.datamodel.value.impl.ModifiableRecord
3648
RGL_VALUE_7539 class nl.tudelft.rdfgears.rgl.datamodel.value.impl.ModifiableRecord
3649
RGL_VALUE_7541 class nl.tudelft.rdfgears.rgl.datamodel.value.impl.ModifiableRecord
3650
RGL_VALUE_7543 class nl.tudelft.rdfgears.rgl.datamodel.value.impl.ModifiableRecord
3651
RGL_VALUE_7545 class nl.tudelft.rdfgears.rgl.datamodel.value.impl.ModifiableRecord
3652
RGL_VALUE_7547 class nl.tudelft.rdfgears.rgl.datamodel.value.impl.ModifiableRecord
3653
RGL_VALUE_7549 class nl.tudelft.rdfgears.rgl.datamodel.value.impl.ModifiableRecord
3654
RGL_VALUE_7551 class nl.tudelft.rdfgears.rgl.datamodel.value.impl.ModifiableRecord
3655
RGL_VALUE_7553 class nl.tudelft.rdfgears.rgl.datamodel.value.impl.ModifiableRecord
3656
RGL_VALUE_7555 class nl.tudelft.rdfgears.rgl.datamodel.value.impl.ModifiableRecord
3657
RGL_VALUE_7557 class nl.tudelft.rdfgears.rgl.datamodel.value.impl.ModifiableRecord
3658
RGL_VALUE_7559 class nl.tudelft.rdfgears.rgl.datamodel.value.impl.ModifiableRecord
3659
RGL_VALUE_7561 class nl.tudelft.rdfgears.rgl.datamodel.value.impl.ModifiableRecord
3660
RGL_VALUE_7563 class nl.tudelft.rdfgears.rgl.datamodel.value.impl.ModifiableRecord
3661
RGL_VALUE_7565 class nl.tudelft.rdfgears.rgl.datamodel.value.impl.ModifiableRecord
3662
RGL_VALUE_7567 class nl.tudelft.rdfgears.rgl.datamodel.value.impl.ModifiableRecord
3663
RGL_VALUE_7569 class nl.tudelft.rdfgears.rgl.datamodel.value.impl.ModifiableRecord
3664
RGL_VALUE_7571 class nl.tudelft.rdfgears.rgl.datamodel.value.impl.ModifiableRecord
3665
RGL_VALUE_7573 class nl.tudelft.rdfgears.rgl.datamodel.value.impl.ModifiableRecord
3666
RGL_VALUE_7575 class nl.tudelft.rdfgears.rgl.datamodel.value.impl.ModifiableRecord
3667
RGL_VALUE_7577 class nl.tudelft.rdfgears.rgl.datamodel.value.impl.ModifiableRecord
3668
RGL_VALUE_7579 class nl.tudelft.rdfgears.rgl.datamodel.value.impl.ModifiableRecord
3669
RGL_VALUE_7581 class nl.tudelft.rdfgears.rgl.datamodel.value.impl.ModifiableRecord
3670
RGL_VALUE_7583 class nl.tudelft.rdfgears.rgl.datamodel.value.impl.ModifiableRecord
3671
RGL_VALUE_7585 class nl.tudelft.rdfgears.rgl.datamodel.value.impl.ModifiableRecord
3672
RGL_VALUE_7587 class nl.tudelft.rdfgears.rgl.datamodel.value.impl.ModifiableRecord
3673
RGL_VALUE_7589 class nl.tudelft.rdfgears.rgl.datamodel.value.impl.ModifiableRecord
3674
RGL_VALUE_7591 class nl.tudelft.rdfgears.rgl.datamodel.value.impl.ModifiableRecord
3675
RGL_VALUE_7593 class nl.tudelft.rdfgears.rgl.datamodel.value.impl.ModifiableRecord
3676
RGL_VALUE_7595 class nl.tudelft.rdfgears.rgl.datamodel.value.impl.ModifiableRecord
3677
RGL_VALUE_7597 class nl.tudelft.rdfgears.rgl.datamodel.value.impl.ModifiableRecord
3678
RGL_VALUE_7599 class nl.tudelft.rdfgears.rgl.datamodel.value.impl.ModifiableRecord
3679
RGL_VALUE_7601 class nl.tudelft.rdfgears.rgl.datamodel.value.impl.ModifiableRecord
3680
RGL_VALUE_7603 class nl.tudelft.rdfgears.rgl.datamodel.value.impl.ModifiableRecord
3681
RGL_VALUE_7605 class nl.tudelft.rdfgears.rgl.datamodel.value.impl.ModifiableRecord
3682
RGL_VALUE_7607 class nl.tudelft.rdfgears.rgl.datamodel.value.impl.ModifiableRecord
3683
RGL_VALUE_7609 class nl.tudelft.rdfgears.rgl.datamodel.value.impl.ModifiableRecord
3684
RGL_VALUE_7611 class nl.tudelft.rdfgears.rgl.datamodel.value.impl.ModifiableRecord
3685
RGL_VALUE_7613 class nl.tudelft.rdfgears.rgl.datamodel.value.impl.ModifiableRecord
3686
RGL_VALUE_7615 class nl.tudelft.rdfgears.rgl.datamodel.value.impl.ModifiableRecord
3687
RGL_VALUE_7617 class nl.tudelft.rdfgears.rgl.datamodel.value.impl.ModifiableRecord
3688
RGL_VALUE_7619 class nl.tudelft.rdfgears.rgl.datamodel.value.impl.ModifiableRecord
3689
RGL_VALUE_7621 class nl.tudelft.rdfgears.rgl.datamodel.value.impl.ModifiableRecord
3690
RGL_VALUE_7623 class nl.tudelft.rdfgears.rgl.datamodel.value.impl.ModifiableRecord
3691
RGL_VALUE_7625 class nl.tudelft.rdfgears.rgl.datamodel.value.impl.ModifiableRecord
3692
RGL_VALUE_7627 class nl.tudelft.rdfgears.rgl.datamodel.value.impl.ModifiableRecord
3693
RGL_VALUE_7629 class nl.tudelft.rdfgears.rgl.datamodel.value.impl.ModifiableRecord
3694
RGL_VALUE_7631 class nl.tudelft.rdfgears.rgl.datamodel.value.impl.ModifiableRecord
3695
RGL_VALUE_7633 class nl.tudelft.rdfgears.rgl.datamodel.value.impl.ModifiableRecord
3696
RGL_VALUE_7635 class nl.tudelft.rdfgears.rgl.datamodel.value.impl.ModifiableRecord
3697
RGL_VALUE_7637 class nl.tudelft.rdfgears.rgl.datamodel.value.impl.ModifiableRecord
3698
RGL_VALUE_7639 class nl.tudelft.rdfgears.rgl.datamodel.value.impl.ModifiableRecord
3699
RGL_VALUE_7641 class nl.tudelft.rdfgears.rgl.datamodel.value.impl.ModifiableRecord
3700
RGL_VALUE_7644 class nl.tudelft.rdfgears.rgl.datamodel.value.impl.ModifiableRecord
3701
RGL_VALUE_7646 class nl.tudelft.rdfgears.rgl.datamodel.value.impl.ModifiableRecord
3702
RGL_VALUE_7648 class nl.tudelft.rdfgears.rgl.datamodel.value.impl.ModifiableRecord
3703
RGL_VALUE_7650 class nl.tudelft.rdfgears.rgl.datamodel.value.impl.ModifiableRecord
3704
RGL_VALUE_7652 class nl.tudelft.rdfgears.rgl.datamodel.value.impl.ModifiableRecord
3705
RGL_VALUE_7654 class nl.tudelft.rdfgears.rgl.datamodel.value.impl.ModifiableRecord
3706
RGL_VALUE_7656 class nl.tudelft.rdfgears.rgl.datamodel.value.impl.ModifiableRecord
3707
RGL_VALUE_7658 class nl.tudelft.rdfgears.rgl.datamodel.value.impl.ModifiableRecord
3708
RGL_VALUE_7660 class nl.tudelft.rdfgears.rgl.datamodel.value.impl.ModifiableRecord
3709
RGL_VALUE_7662 class nl.tudelft.rdfgears.rgl.datamodel.value.impl.ModifiableRecord
3710
RGL_VALUE_7664 class nl.tudelft.rdfgears.rgl.datamodel.value.impl.ModifiableRecord
3711
RGL_VALUE_7666 class nl.tudelft.rdfgears.rgl.datamodel.value.impl.ModifiableRecord
3712
RGL_VALUE_7668 class nl.tudelft.rdfgears.rgl.datamodel.value.impl.ModifiableRecord
3713
RGL_VALUE_7670 class nl.tudelft.rdfgears.rgl.datamodel.value.impl.ModifiableRecord
3714
RGL_VALUE_7672 class nl.tudelft.rdfgears.rgl.datamodel.value.impl.ModifiableRecord
3715
RGL_VALUE_7674 class nl.tudelft.rdfgears.rgl.datamodel.value.impl.ModifiableRecord
3716
RGL_VALUE_7676 class nl.tudelft.rdfgears.rgl.datamodel.value.impl.ModifiableRecord
3717
RGL_VALUE_7678 class nl.tudelft.rdfgears.rgl.datamodel.value.impl.ModifiableRecord
3718
RGL_VALUE_7680 class nl.tudelft.rdfgears.rgl.datamodel.value.impl.ModifiableRecord
3719
RGL_VALUE_7682 class nl.tudelft.rdfgears.rgl.datamodel.value.impl.ModifiableRecord
3720
RGL_VALUE_7684 class nl.tudelft.rdfgears.rgl.datamodel.value.impl.ModifiableRecord
3721
RGL_VALUE_7686 class nl.tudelft.rdfgears.rgl.datamodel.value.impl.ModifiableRecord
3722
RGL_VALUE_7688 class nl.tudelft.rdfgears.rgl.datamodel.value.impl.ModifiableRecord
3723
RGL_VALUE_7690 class nl.tudelft.rdfgears.rgl.datamodel.value.impl.ModifiableRecord
3724
RGL_VALUE_7692 class nl.tudelft.rdfgears.rgl.datamodel.value.impl.ModifiableRecord
3725
RGL_VALUE_7694 class nl.tudelft.rdfgears.rgl.datamodel.value.impl.ModifiableRecord
3726
RGL_VALUE_7696 class nl.tudelft.rdfgears.rgl.datamodel.value.impl.ModifiableRecord
3727
RGL_VALUE_7698 class nl.tudelft.rdfgears.rgl.datamodel.value.impl.ModifiableRecord
3728
RGL_VALUE_7700 class nl.tudelft.rdfgears.rgl.datamodel.value.impl.ModifiableRecord
3729
RGL_VALUE_7702 class nl.tudelft.rdfgears.rgl.datamodel.value.impl.ModifiableRecord
3730
RGL_VALUE_7704 class nl.tudelft.rdfgears.rgl.datamodel.value.impl.ModifiableRecord
3731
RGL_VALUE_7706 class nl.tudelft.rdfgears.rgl.datamodel.value.impl.ModifiableRecord
3732
RGL_VALUE_7708 class nl.tudelft.rdfgears.rgl.datamodel.value.impl.ModifiableRecord
3733
RGL_VALUE_7710 class nl.tudelft.rdfgears.rgl.datamodel.value.impl.ModifiableRecord
3734
RGL_VALUE_7712 class nl.tudelft.rdfgears.rgl.datamodel.value.impl.ModifiableRecord
3735
RGL_VALUE_7714 class nl.tudelft.rdfgears.rgl.datamodel.value.impl.ModifiableRecord
3736
RGL_VALUE_7716 class nl.tudelft.rdfgears.rgl.datamodel.value.impl.ModifiableRecord
3737
RGL_VALUE_7718 class nl.tudelft.rdfgears.rgl.datamodel.value.impl.ModifiableRecord
3738
RGL_VALUE_7720 class nl.tudelft.rdfgears.rgl.datamodel.value.impl.ModifiableRecord
3739
RGL_VALUE_7722 class nl.tudelft.rdfgears.rgl.datamodel.value.impl.ModifiableRecord
3740
RGL_VALUE_7724 class nl.tudelft.rdfgears.rgl.datamodel.value.impl.ModifiableRecord
3741
RGL_VALUE_7726 class nl.tudelft.rdfgears.rgl.datamodel.value.impl.ModifiableRecord
3742
RGL_VALUE_7728 class nl.tudelft.rdfgears.rgl.datamodel.value.impl.ModifiableRecord
3743
RGL_VALUE_7730 class nl.tudelft.rdfgears.rgl.datamodel.value.impl.ModifiableRecord
3744
RGL_VALUE_7732 class nl.tudelft.rdfgears.rgl.datamodel.value.impl.ModifiableRecord
3745
RGL_VALUE_7734 class nl.tudelft.rdfgears.rgl.datamodel.value.impl.ModifiableRecord
3746
RGL_VALUE_7736 class nl.tudelft.rdfgears.rgl.datamodel.value.impl.ModifiableRecord
3747
RGL_VALUE_7738 class nl.tudelft.rdfgears.rgl.datamodel.value.impl.ModifiableRecord
3748
RGL_VALUE_7740 class nl.tudelft.rdfgears.rgl.datamodel.value.impl.ModifiableRecord
3749
RGL_VALUE_7742 class nl.tudelft.rdfgears.rgl.datamodel.value.impl.ModifiableRecord
3750
RGL_VALUE_7744 class nl.tudelft.rdfgears.rgl.datamodel.value.impl.ModifiableRecord
3751
RGL_VALUE_7746 class nl.tudelft.rdfgears.rgl.datamodel.value.impl.ModifiableRecord
3752
RGL_VALUE_7748 class nl.tudelft.rdfgears.rgl.datamodel.value.impl.ModifiableRecord
3753
RGL_VALUE_7750 class nl.tudelft.rdfgears.rgl.datamodel.value.impl.ModifiableRecord
3754
RGL_VALUE_7752 class nl.tudelft.rdfgears.rgl.datamodel.value.impl.ModifiableRecord
3755
RGL_VALUE_7754 class nl.tudelft.rdfgears.rgl.datamodel.value.impl.ModifiableRecord
3756
RGL_VALUE_7756 class nl.tudelft.rdfgears.rgl.datamodel.value.impl.ModifiableRecord
3757
RGL_VALUE_7758 class nl.tudelft.rdfgears.rgl.datamodel.value.impl.ModifiableRecord
3758
RGL_VALUE_7760 class nl.tudelft.rdfgears.rgl.datamodel.value.impl.ModifiableRecord
3759
RGL_VALUE_7762 class nl.tudelft.rdfgears.rgl.datamodel.value.impl.ModifiableRecord
3760
RGL_VALUE_7764 class nl.tudelft.rdfgears.rgl.datamodel.value.impl.ModifiableRecord
3761
RGL_VALUE_7766 class nl.tudelft.rdfgears.rgl.datamodel.value.impl.ModifiableRecord
3762
RGL_VALUE_7768 class nl.tudelft.rdfgears.rgl.datamodel.value.impl.ModifiableRecord
3763
RGL_VALUE_7770 class nl.tudelft.rdfgears.rgl.datamodel.value.impl.ModifiableRecord
3764
RGL_VALUE_7772 class nl.tudelft.rdfgears.rgl.datamodel.value.impl.ModifiableRecord
3765
RGL_VALUE_7774 class nl.tudelft.rdfgears.rgl.datamodel.value.impl.ModifiableRecord
3766
RGL_VALUE_7776 class nl.tudelft.rdfgears.rgl.datamodel.value.impl.ModifiableRecord
3767
RGL_VALUE_7778 class nl.tudelft.rdfgears.rgl.datamodel.value.impl.ModifiableRecord
3768
RGL_VALUE_7780 class nl.tudelft.rdfgears.rgl.datamodel.value.impl.ModifiableRecord
3769
RGL_VALUE_7782 class nl.tudelft.rdfgears.rgl.datamodel.value.impl.ModifiableRecord
3770
RGL_VALUE_7784 class nl.tudelft.rdfgears.rgl.datamodel.value.impl.ModifiableRecord
3771
RGL_VALUE_7786 class nl.tudelft.rdfgears.rgl.datamodel.value.impl.ModifiableRecord
3772
RGL_VALUE_7788 class nl.tudelft.rdfgears.rgl.datamodel.value.impl.ModifiableRecord
3773
RGL_VALUE_7790 class nl.tudelft.rdfgears.rgl.datamodel.value.impl.ModifiableRecord
3774
RGL_VALUE_7792 class nl.tudelft.rdfgears.rgl.datamodel.value.impl.ModifiableRecord
3775
RGL_VALUE_7794 class nl.tudelft.rdfgears.rgl.datamodel.value.impl.ModifiableRecord
3776
RGL_VALUE_7796 class nl.tudelft.rdfgears.rgl.datamodel.value.impl.ModifiableRecord
3777
RGL_VALUE_7798 class nl.tudelft.rdfgears.rgl.datamodel.value.impl.ModifiableRecord
3778
RGL_VALUE_7800 class nl.tudelft.rdfgears.rgl.datamodel.value.impl.ModifiableRecord
3779
RGL_VALUE_7802 class nl.tudelft.rdfgears.rgl.datamodel.value.impl.ModifiableRecord
3780
RGL_VALUE_7804 class nl.tudelft.rdfgears.rgl.datamodel.value.impl.ModifiableRecord
3781
RGL_VALUE_7806 class nl.tudelft.rdfgears.rgl.datamodel.value.impl.ModifiableRecord
3782
RGL_VALUE_7808 class nl.tudelft.rdfgears.rgl.datamodel.value.impl.ModifiableRecord
3783
RGL_VALUE_7810 class nl.tudelft.rdfgears.rgl.datamodel.value.impl.ModifiableRecord
3784
RGL_VALUE_7812 class nl.tudelft.rdfgears.rgl.datamodel.value.impl.ModifiableRecord
3785
RGL_VALUE_7814 class nl.tudelft.rdfgears.rgl.datamodel.value.impl.ModifiableRecord
3786
RGL_VALUE_7816 class nl.tudelft.rdfgears.rgl.datamodel.value.impl.ModifiableRecord
3787
RGL_VALUE_7818 class nl.tudelft.rdfgears.rgl.datamodel.value.impl.ModifiableRecord
3788
RGL_VALUE_7820 class nl.tudelft.rdfgears.rgl.datamodel.value.impl.ModifiableRecord
3789
RGL_VALUE_7822 class nl.tudelft.rdfgears.rgl.datamodel.value.impl.ModifiableRecord
3790
RGL_VALUE_7824 class nl.tudelft.rdfgears.rgl.datamodel.value.impl.ModifiableRecord
3791
RGL_VALUE_7826 class nl.tudelft.rdfgears.rgl.datamodel.value.impl.ModifiableRecord
3792
RGL_VALUE_7828 class nl.tudelft.rdfgears.rgl.datamodel.value.impl.ModifiableRecord
3793
RGL_VALUE_7830 class nl.tudelft.rdfgears.rgl.datamodel.value.impl.ModifiableRecord
3794
RGL_VALUE_7832 class nl.tudelft.rdfgears.rgl.datamodel.value.impl.ModifiableRecord
3795
RGL_VALUE_7834 class nl.tudelft.rdfgears.rgl.datamodel.value.impl.ModifiableRecord
3796
RGL_VALUE_7836 class nl.tudelft.rdfgears.rgl.datamodel.value.impl.ModifiableRecord
3797
RGL_VALUE_7838 class nl.tudelft.rdfgears.rgl.datamodel.value.impl.ModifiableRecord
3798
RGL_VALUE_7840 class nl.tudelft.rdfgears.rgl.datamodel.value.impl.ModifiableRecord
3799
RGL_VALUE_7842 class nl.tudelft.rdfgears.rgl.datamodel.value.impl.ModifiableRecord
3800
RGL_VALUE_7845 class nl.tudelft.rdfgears.rgl.datamodel.value.impl.ModifiableRecord
3801
RGL_VALUE_7847 class nl.tudelft.rdfgears.rgl.datamodel.value.impl.ModifiableRecord
3802
RGL_VALUE_7849 class nl.tudelft.rdfgears.rgl.datamodel.value.impl.ModifiableRecord
3803
RGL_VALUE_7851 class nl.tudelft.rdfgears.rgl.datamodel.value.impl.ModifiableRecord
3804
RGL_VALUE_7853 class nl.tudelft.rdfgears.rgl.datamodel.value.impl.ModifiableRecord
3805
RGL_VALUE_7855 class nl.tudelft.rdfgears.rgl.datamodel.value.impl.ModifiableRecord
3806
RGL_VALUE_7857 class nl.tudelft.rdfgears.rgl.datamodel.value.impl.ModifiableRecord
3807
RGL_VALUE_7859 class nl.tudelft.rdfgears.rgl.datamodel.value.impl.ModifiableRecord
3808
RGL_VALUE_7861 class nl.tudelft.rdfgears.rgl.datamodel.value.impl.ModifiableRecord
3809
RGL_VALUE_7863 class nl.tudelft.rdfgears.rgl.datamodel.value.impl.ModifiableRecord
3810
RGL_VALUE_7865 class nl.tudelft.rdfgears.rgl.datamodel.value.impl.ModifiableRecord
3811
RGL_VALUE_7867 class nl.tudelft.rdfgears.rgl.datamodel.value.impl.ModifiableRecord
3812
RGL_VALUE_7869 class nl.tudelft.rdfgears.rgl.datamodel.value.impl.ModifiableRecord
3813
RGL_VALUE_7871 class nl.tudelft.rdfgears.rgl.datamodel.value.impl.ModifiableRecord
3814
RGL_VALUE_7873 class nl.tudelft.rdfgears.rgl.datamodel.value.impl.ModifiableRecord
3815
RGL_VALUE_7875 class nl.tudelft.rdfgears.rgl.datamodel.value.impl.ModifiableRecord
3816
RGL_VALUE_7877 class nl.tudelft.rdfgears.rgl.datamodel.value.impl.ModifiableRecord
3817
RGL_VALUE_7879 class nl.tudelft.rdfgears.rgl.datamodel.value.impl.ModifiableRecord
3818
RGL_VALUE_7881 class nl.tudelft.rdfgears.rgl.datamodel.value.impl.ModifiableRecord
3819
RGL_VALUE_7883 class nl.tudelft.rdfgears.rgl.datamodel.value.impl.ModifiableRecord
3820
RGL_VALUE_7885 class nl.tudelft.rdfgears.rgl.datamodel.value.impl.ModifiableRecord
3821
RGL_VALUE_7887 class nl.tudelft.rdfgears.rgl.datamodel.value.impl.ModifiableRecord
3822
RGL_VALUE_7889 class nl.tudelft.rdfgears.rgl.datamodel.value.impl.ModifiableRecord
3823
RGL_VALUE_7891 class nl.tudelft.rdfgears.rgl.datamodel.value.impl.ModifiableRecord
3824
RGL_VALUE_7893 class nl.tudelft.rdfgears.rgl.datamodel.value.impl.ModifiableRecord
3825
RGL_VALUE_7895 class nl.tudelft.rdfgears.rgl.datamodel.value.impl.ModifiableRecord
3826
RGL_VALUE_7897 class nl.tudelft.rdfgears.rgl.datamodel.value.impl.ModifiableRecord
3827
RGL_VALUE_7899 class nl.tudelft.rdfgears.rgl.datamodel.value.impl.ModifiableRecord
3828
RGL_VALUE_7901 class nl.tudelft.rdfgears.rgl.datamodel.value.impl.ModifiableRecord
3829
RGL_VALUE_7903 class nl.tudelft.rdfgears.rgl.datamodel.value.impl.ModifiableRecord
3830
RGL_VALUE_7905 class nl.tudelft.rdfgears.rgl.datamodel.value.impl.ModifiableRecord
3831
RGL_VALUE_7907 class nl.tudelft.rdfgears.rgl.datamodel.value.impl.ModifiableRecord
3832
RGL_VALUE_7909 class nl.tudelft.rdfgears.rgl.datamodel.value.impl.ModifiableRecord
3833
RGL_VALUE_7911 class nl.tudelft.rdfgears.rgl.datamodel.value.impl.ModifiableRecord
3834
RGL_VALUE_7913 class nl.tudelft.rdfgears.rgl.datamodel.value.impl.ModifiableRecord
3835
RGL_VALUE_7915 class nl.tudelft.rdfgears.rgl.datamodel.value.impl.ModifiableRecord
3836
RGL_VALUE_7917 class nl.tudelft.rdfgears.rgl.datamodel.value.impl.ModifiableRecord
3837
RGL_VALUE_7919 class nl.tudelft.rdfgears.rgl.datamodel.value.impl.ModifiableRecord
3838
RGL_VALUE_7921 class nl.tudelft.rdfgears.rgl.datamodel.value.impl.ModifiableRecord
3839
RGL_VALUE_7923 class nl.tudelft.rdfgears.rgl.datamodel.value.impl.ModifiableRecord
3840
RGL_VALUE_7925 class nl.tudelft.rdfgears.rgl.datamodel.value.impl.ModifiableRecord
3841
RGL_VALUE_7927 class nl.tudelft.rdfgears.rgl.datamodel.value.impl.ModifiableRecord
3842
RGL_VALUE_7929 class nl.tudelft.rdfgears.rgl.datamodel.value.impl.ModifiableRecord
3843
RGL_VALUE_7931 class nl.tudelft.rdfgears.rgl.datamodel.value.impl.ModifiableRecord
3844
RGL_VALUE_7933 class nl.tudelft.rdfgears.rgl.datamodel.value.impl.ModifiableRecord
3845
RGL_VALUE_7935 class nl.tudelft.rdfgears.rgl.datamodel.value.impl.ModifiableRecord
3846
RGL_VALUE_7937 class nl.tudelft.rdfgears.rgl.datamodel.value.impl.ModifiableRecord
3847
RGL_VALUE_7939 class nl.tudelft.rdfgears.rgl.datamodel.value.impl.ModifiableRecord
3848
RGL_VALUE_7941 class nl.tudelft.rdfgears.rgl.datamodel.value.impl.ModifiableRecord
3849
RGL_VALUE_7943 class nl.tudelft.rdfgears.rgl.datamodel.value.impl.ModifiableRecord
3850
RGL_VALUE_7945 class nl.tudelft.rdfgears.rgl.datamodel.value.impl.ModifiableRecord
3851
RGL_VALUE_7947 class nl.tudelft.rdfgears.rgl.datamodel.value.impl.ModifiableRecord
3852
RGL_VALUE_7949 class nl.tudelft.rdfgears.rgl.datamodel.value.impl.ModifiableRecord
3853
RGL_VALUE_7951 class nl.tudelft.rdfgears.rgl.datamodel.value.impl.ModifiableRecord
3854
RGL_VALUE_7953 class nl.tudelft.rdfgears.rgl.datamodel.value.impl.ModifiableRecord
3855
RGL_VALUE_7955 class nl.tudelft.rdfgears.rgl.datamodel.value.impl.ModifiableRecord
3856
RGL_VALUE_7957 class nl.tudelft.rdfgears.rgl.datamodel.value.impl.ModifiableRecord
3857
RGL_VALUE_7959 class nl.tudelft.rdfgears.rgl.datamodel.value.impl.ModifiableRecord
3858
RGL_VALUE_7961 class nl.tudelft.rdfgears.rgl.datamodel.value.impl.ModifiableRecord
3859
RGL_VALUE_7963 class nl.tudelft.rdfgears.rgl.datamodel.value.impl.ModifiableRecord
3860
RGL_VALUE_7965 class nl.tudelft.rdfgears.rgl.datamodel.value.impl.ModifiableRecord
3861
RGL_VALUE_7967 class nl.tudelft.rdfgears.rgl.datamodel.value.impl.ModifiableRecord
3862
RGL_VALUE_7969 class nl.tudelft.rdfgears.rgl.datamodel.value.impl.ModifiableRecord
3863
RGL_VALUE_7971 class nl.tudelft.rdfgears.rgl.datamodel.value.impl.ModifiableRecord
3864
RGL_VALUE_7973 class nl.tudelft.rdfgears.rgl.datamodel.value.impl.ModifiableRecord
3865
RGL_VALUE_7975 class nl.tudelft.rdfgears.rgl.datamodel.value.impl.ModifiableRecord
3866
RGL_VALUE_7977 class nl.tudelft.rdfgears.rgl.datamodel.value.impl.ModifiableRecord
3867
RGL_VALUE_7979 class nl.tudelft.rdfgears.rgl.datamodel.value.impl.ModifiableRecord
3868
RGL_VALUE_7981 class nl.tudelft.rdfgears.rgl.datamodel.value.impl.ModifiableRecord
3869
RGL_VALUE_7983 class nl.tudelft.rdfgears.rgl.datamodel.value.impl.ModifiableRecord
3870
RGL_VALUE_7985 class nl.tudelft.rdfgears.rgl.datamodel.value.impl.ModifiableRecord
3871
RGL_VALUE_7987 class nl.tudelft.rdfgears.rgl.datamodel.value.impl.ModifiableRecord
3872
RGL_VALUE_7989 class nl.tudelft.rdfgears.rgl.datamodel.value.impl.ModifiableRecord
3873
RGL_VALUE_7991 class nl.tudelft.rdfgears.rgl.datamodel.value.impl.ModifiableRecord
3874
RGL_VALUE_7993 class nl.tudelft.rdfgears.rgl.datamodel.value.impl.ModifiableRecord
3875
RGL_VALUE_7995 class nl.tudelft.rdfgears.rgl.datamodel.value.impl.ModifiableRecord
3876
RGL_VALUE_7997 class nl.tudelft.rdfgears.rgl.datamodel.value.impl.ModifiableRecord
3877
RGL_VALUE_7999 class nl.tudelft.rdfgears.rgl.datamodel.value.impl.ModifiableRecord
3878
RGL_VALUE_8001 class nl.tudelft.rdfgears.rgl.datamodel.value.impl.ModifiableRecord
3879
RGL_VALUE_8003 class nl.tudelft.rdfgears.rgl.datamodel.value.impl.ModifiableRecord
3880
RGL_VALUE_8005 class nl.tudelft.rdfgears.rgl.datamodel.value.impl.ModifiableRecord
3881
RGL_VALUE_8007 class nl.tudelft.rdfgears.rgl.datamodel.value.impl.ModifiableRecord
3882
RGL_VALUE_8009 class nl.tudelft.rdfgears.rgl.datamodel.value.impl.ModifiableRecord
3883
RGL_VALUE_8011 class nl.tudelft.rdfgears.rgl.datamodel.value.impl.ModifiableRecord
3884
RGL_VALUE_8013 class nl.tudelft.rdfgears.rgl.datamodel.value.impl.ModifiableRecord
3885
RGL_VALUE_8015 class nl.tudelft.rdfgears.rgl.datamodel.value.impl.ModifiableRecord
3886
RGL_VALUE_8017 class nl.tudelft.rdfgears.rgl.datamodel.value.impl.ModifiableRecord
3887
RGL_VALUE_8019 class nl.tudelft.rdfgears.rgl.datamodel.value.impl.ModifiableRecord
3888
RGL_VALUE_8021 class nl.tudelft.rdfgears.rgl.datamodel.value.impl.ModifiableRecord
3889
RGL_VALUE_8023 class nl.tudelft.rdfgears.rgl.datamodel.value.impl.ModifiableRecord
3890
RGL_VALUE_8025 class nl.tudelft.rdfgears.rgl.datamodel.value.impl.ModifiableRecord
3891
RGL_VALUE_8027 class nl.tudelft.rdfgears.rgl.datamodel.value.impl.ModifiableRecord
3892
RGL_VALUE_8029 class nl.tudelft.rdfgears.rgl.datamodel.value.impl.ModifiableRecord
3893
RGL_VALUE_8031 class nl.tudelft.rdfgears.rgl.datamodel.value.impl.ModifiableRecord
3894
RGL_VALUE_8033 class nl.tudelft.rdfgears.rgl.datamodel.value.impl.ModifiableRecord
3895
RGL_VALUE_8035 class nl.tudelft.rdfgears.rgl.datamodel.value.impl.ModifiableRecord
3896
RGL_VALUE_8037 class nl.tudelft.rdfgears.rgl.datamodel.value.impl.ModifiableRecord
3897
RGL_VALUE_8039 class nl.tudelft.rdfgears.rgl.datamodel.value.impl.ModifiableRecord
3898
RGL_VALUE_8041 class nl.tudelft.rdfgears.rgl.datamodel.value.impl.ModifiableRecord
3899
RGL_VALUE_8043 class nl.tudelft.rdfgears.rgl.datamodel.value.impl.ModifiableRecord
3900
RGL_VALUE_8046 class nl.tudelft.rdfgears.rgl.datamodel.value.impl.ModifiableRecord
3901
RGL_VALUE_8048 class nl.tudelft.rdfgears.rgl.datamodel.value.impl.ModifiableRecord
3902
RGL_VALUE_8050 class nl.tudelft.rdfgears.rgl.datamodel.value.impl.ModifiableRecord
3903
RGL_VALUE_8052 class nl.tudelft.rdfgears.rgl.datamodel.value.impl.ModifiableRecord
3904
RGL_VALUE_8054 class nl.tudelft.rdfgears.rgl.datamodel.value.impl.ModifiableRecord
3905
RGL_VALUE_8056 class nl.tudelft.rdfgears.rgl.datamodel.value.impl.ModifiableRecord
3906
RGL_VALUE_8058 class nl.tudelft.rdfgears.rgl.datamodel.value.impl.ModifiableRecord
3907
RGL_VALUE_8060 class nl.tudelft.rdfgears.rgl.datamodel.value.impl.ModifiableRecord
3908
RGL_VALUE_8062 class nl.tudelft.rdfgears.rgl.datamodel.value.impl.ModifiableRecord
3909
RGL_VALUE_8064 class nl.tudelft.rdfgears.rgl.datamodel.value.impl.ModifiableRecord
3910
RGL_VALUE_8066 class nl.tudelft.rdfgears.rgl.datamodel.value.impl.ModifiableRecord
3911
RGL_VALUE_8068 class nl.tudelft.rdfgears.rgl.datamodel.value.impl.ModifiableRecord
3912
RGL_VALUE_8070 class nl.tudelft.rdfgears.rgl.datamodel.value.impl.ModifiableRecord
3913
RGL_VALUE_8072 class nl.tudelft.rdfgears.rgl.datamodel.value.impl.ModifiableRecord
3914
RGL_VALUE_8074 class nl.tudelft.rdfgears.rgl.datamodel.value.impl.ModifiableRecord
3915
RGL_VALUE_8076 class nl.tudelft.rdfgears.rgl.datamodel.value.impl.ModifiableRecord
3916
RGL_VALUE_8078 class nl.tudelft.rdfgears.rgl.datamodel.value.impl.ModifiableRecord
3917
RGL_VALUE_8080 class nl.tudelft.rdfgears.rgl.datamodel.value.impl.ModifiableRecord
3918
RGL_VALUE_8082 class nl.tudelft.rdfgears.rgl.datamodel.value.impl.ModifiableRecord
3919
RGL_VALUE_8084 class nl.tudelft.rdfgears.rgl.datamodel.value.impl.ModifiableRecord
3920
RGL_VALUE_8086 class nl.tudelft.rdfgears.rgl.datamodel.value.impl.ModifiableRecord
3921
RGL_VALUE_8088 class nl.tudelft.rdfgears.rgl.datamodel.value.impl.ModifiableRecord
3922
RGL_VALUE_8090 class nl.tudelft.rdfgears.rgl.datamodel.value.impl.ModifiableRecord
3923
RGL_VALUE_8092 class nl.tudelft.rdfgears.rgl.datamodel.value.impl.ModifiableRecord
3924
RGL_VALUE_8094 class nl.tudelft.rdfgears.rgl.datamodel.value.impl.ModifiableRecord
3925
RGL_VALUE_8096 class nl.tudelft.rdfgears.rgl.datamodel.value.impl.ModifiableRecord
3926
RGL_VALUE_8098 class nl.tudelft.rdfgears.rgl.datamodel.value.impl.ModifiableRecord
3927
RGL_VALUE_8100 class nl.tudelft.rdfgears.rgl.datamodel.value.impl.ModifiableRecord
3928
RGL_VALUE_8102 class nl.tudelft.rdfgears.rgl.datamodel.value.impl.ModifiableRecord
3929
RGL_VALUE_8104 class nl.tudelft.rdfgears.rgl.datamodel.value.impl.ModifiableRecord
3930
RGL_VALUE_8106 class nl.tudelft.rdfgears.rgl.datamodel.value.impl.ModifiableRecord
3931
RGL_VALUE_8108 class nl.tudelft.rdfgears.rgl.datamodel.value.impl.ModifiableRecord
3932
RGL_VALUE_8110 class nl.tudelft.rdfgears.rgl.datamodel.value.impl.ModifiableRecord
3933
RGL_VALUE_8112 class nl.tudelft.rdfgears.rgl.datamodel.value.impl.ModifiableRecord
3934
RGL_VALUE_8114 class nl.tudelft.rdfgears.rgl.datamodel.value.impl.ModifiableRecord
3935
RGL_VALUE_8116 class nl.tudelft.rdfgears.rgl.datamodel.value.impl.ModifiableRecord
3936
RGL_VALUE_8118 class nl.tudelft.rdfgears.rgl.datamodel.value.impl.ModifiableRecord
3937
RGL_VALUE_8120 class nl.tudelft.rdfgears.rgl.datamodel.value.impl.ModifiableRecord
3938
RGL_VALUE_8122 class nl.tudelft.rdfgears.rgl.datamodel.value.impl.ModifiableRecord
3939
RGL_VALUE_8124 class nl.tudelft.rdfgears.rgl.datamodel.value.impl.ModifiableRecord
3940
RGL_VALUE_8126 class nl.tudelft.rdfgears.rgl.datamodel.value.impl.ModifiableRecord
3941
RGL_VALUE_8128 class nl.tudelft.rdfgears.rgl.datamodel.value.impl.ModifiableRecord
3942
RGL_VALUE_8130 class nl.tudelft.rdfgears.rgl.datamodel.value.impl.ModifiableRecord
3943
RGL_VALUE_8132 class nl.tudelft.rdfgears.rgl.datamodel.value.impl.ModifiableRecord
3944
RGL_VALUE_8134 class nl.tudelft.rdfgears.rgl.datamodel.value.impl.ModifiableRecord
3945
RGL_VALUE_8136 class nl.tudelft.rdfgears.rgl.datamodel.value.impl.ModifiableRecord
3946
RGL_VALUE_8138 class nl.tudelft.rdfgears.rgl.datamodel.value.impl.ModifiableRecord
3947
RGL_VALUE_8140 class nl.tudelft.rdfgears.rgl.datamodel.value.impl.ModifiableRecord
3948
RGL_VALUE_8142 class nl.tudelft.rdfgears.rgl.datamodel.value.impl.ModifiableRecord
3949
RGL_VALUE_8144 class nl.tudelft.rdfgears.rgl.datamodel.value.impl.ModifiableRecord
3950
RGL_VALUE_8146 class nl.tudelft.rdfgears.rgl.datamodel.value.impl.ModifiableRecord
3951
RGL_VALUE_8148 class nl.tudelft.rdfgears.rgl.datamodel.value.impl.ModifiableRecord
3952
RGL_VALUE_8150 class nl.tudelft.rdfgears.rgl.datamodel.value.impl.ModifiableRecord
3953
RGL_VALUE_8152 class nl.tudelft.rdfgears.rgl.datamodel.value.impl.ModifiableRecord
3954
RGL_VALUE_8154 class nl.tudelft.rdfgears.rgl.datamodel.value.impl.ModifiableRecord
3955
RGL_VALUE_8156 class nl.tudelft.rdfgears.rgl.datamodel.value.impl.ModifiableRecord
3956
RGL_VALUE_8158 class nl.tudelft.rdfgears.rgl.datamodel.value.impl.ModifiableRecord
3957
RGL_VALUE_8160 class nl.tudelft.rdfgears.rgl.datamodel.value.impl.ModifiableRecord
3958
RGL_VALUE_8162 class nl.tudelft.rdfgears.rgl.datamodel.value.impl.ModifiableRecord
3959
RGL_VALUE_8164 class nl.tudelft.rdfgears.rgl.datamodel.value.impl.ModifiableRecord
3960
RGL_VALUE_8166 class nl.tudelft.rdfgears.rgl.datamodel.value.impl.ModifiableRecord
3961
RGL_VALUE_8168 class nl.tudelft.rdfgears.rgl.datamodel.value.impl.ModifiableRecord
3962
RGL_VALUE_8170 class nl.tudelft.rdfgears.rgl.datamodel.value.impl.ModifiableRecord
3963
RGL_VALUE_8172 class nl.tudelft.rdfgears.rgl.datamodel.value.impl.ModifiableRecord
3964
RGL_VALUE_8174 class nl.tudelft.rdfgears.rgl.datamodel.value.impl.ModifiableRecord
3965
RGL_VALUE_8176 class nl.tudelft.rdfgears.rgl.datamodel.value.impl.ModifiableRecord
3966
RGL_VALUE_8178 class nl.tudelft.rdfgears.rgl.datamodel.value.impl.ModifiableRecord
3967
RGL_VALUE_8180 class nl.tudelft.rdfgears.rgl.datamodel.value.impl.ModifiableRecord
3968
RGL_VALUE_8182 class nl.tudelft.rdfgears.rgl.datamodel.value.impl.ModifiableRecord
3969
RGL_VALUE_8184 class nl.tudelft.rdfgears.rgl.datamodel.value.impl.ModifiableRecord
3970
RGL_VALUE_8186 class nl.tudelft.rdfgears.rgl.datamodel.value.impl.ModifiableRecord
3971
RGL_VALUE_8188 class nl.tudelft.rdfgears.rgl.datamodel.value.impl.ModifiableRecord
3972
RGL_VALUE_8190 class nl.tudelft.rdfgears.rgl.datamodel.value.impl.ModifiableRecord
3973
RGL_VALUE_8192 class nl.tudelft.rdfgears.rgl.datamodel.value.impl.ModifiableRecord
3974
RGL_VALUE_8194 class nl.tudelft.rdfgears.rgl.datamodel.value.impl.ModifiableRecord
3975
RGL_VALUE_8196 class nl.tudelft.rdfgears.rgl.datamodel.value.impl.ModifiableRecord
3976
RGL_VALUE_8198 class nl.tudelft.rdfgears.rgl.datamodel.value.impl.ModifiableRecord
3977
RGL_VALUE_8200 class nl.tudelft.rdfgears.rgl.datamodel.value.impl.ModifiableRecord
3978
RGL_VALUE_8202 class nl.tudelft.rdfgears.rgl.datamodel.value.impl.ModifiableRecord
3979
RGL_VALUE_8204 class nl.tudelft.rdfgears.rgl.datamodel.value.impl.ModifiableRecord
3980
RGL_VALUE_8206 class nl.tudelft.rdfgears.rgl.datamodel.value.impl.ModifiableRecord
3981
RGL_VALUE_8208 class nl.tudelft.rdfgears.rgl.datamodel.value.impl.ModifiableRecord
3982
RGL_VALUE_8210 class nl.tudelft.rdfgears.rgl.datamodel.value.impl.ModifiableRecord
3983
RGL_VALUE_8212 class nl.tudelft.rdfgears.rgl.datamodel.value.impl.ModifiableRecord
3984
RGL_VALUE_8214 class nl.tudelft.rdfgears.rgl.datamodel.value.impl.ModifiableRecord
3985
RGL_VALUE_8216 class nl.tudelft.rdfgears.rgl.datamodel.value.impl.ModifiableRecord
3986
RGL_VALUE_8218 class nl.tudelft.rdfgears.rgl.datamodel.value.impl.ModifiableRecord
3987
RGL_VALUE_8220 class nl.tudelft.rdfgears.rgl.datamodel.value.impl.ModifiableRecord
3988
RGL_VALUE_8222 class nl.tudelft.rdfgears.rgl.datamodel.value.impl.ModifiableRecord
3989
RGL_VALUE_8224 class nl.tudelft.rdfgears.rgl.datamodel.value.impl.ModifiableRecord
3990
RGL_VALUE_8226 class nl.tudelft.rdfgears.rgl.datamodel.value.impl.ModifiableRecord
3991
RGL_VALUE_8228 class nl.tudelft.rdfgears.rgl.datamodel.value.impl.ModifiableRecord
3992
RGL_VALUE_8230 class nl.tudelft.rdfgears.rgl.datamodel.value.impl.ModifiableRecord
3993
RGL_VALUE_8232 class nl.tudelft.rdfgears.rgl.datamodel.value.impl.ModifiableRecord
3994
RGL_VALUE_8234 class nl.tudelft.rdfgears.rgl.datamodel.value.impl.ModifiableRecord
3995
RGL_VALUE_8236 class nl.tudelft.rdfgears.rgl.datamodel.value.impl.ModifiableRecord
3996
RGL_VALUE_8238 class nl.tudelft.rdfgears.rgl.datamodel.value.impl.ModifiableRecord
3997
RGL_VALUE_8240 class nl.tudelft.rdfgears.rgl.datamodel.value.impl.ModifiableRecord
3998
RGL_VALUE_8242 class nl.tudelft.rdfgears.rgl.datamodel.value.impl.ModifiableRecord
3999
RGL_VALUE_8244 class nl.tudelft.rdfgears.rgl.datamodel.value.impl.ModifiableRecord
4000
RGL_VALUE_8247 class nl.tudelft.rdfgears.rgl.datamodel.value.impl.ModifiableRecord
4001
RGL_VALUE_8249 class nl.tudelft.rdfgears.rgl.datamodel.value.impl.ModifiableRecord
4002
RGL_VALUE_8251 class nl.tudelft.rdfgears.rgl.datamodel.value.impl.ModifiableRecord
4003
RGL_VALUE_8253 class nl.tudelft.rdfgears.rgl.datamodel.value.impl.ModifiableRecord
4004
RGL_VALUE_8255 class nl.tudelft.rdfgears.rgl.datamodel.value.impl.ModifiableRecord
4005
RGL_VALUE_8257 class nl.tudelft.rdfgears.rgl.datamodel.value.impl.ModifiableRecord
4006
RGL_VALUE_8259 class nl.tudelft.rdfgears.rgl.datamodel.value.impl.ModifiableRecord
4007
RGL_VALUE_8261 class nl.tudelft.rdfgears.rgl.datamodel.value.impl.ModifiableRecord
4008
RGL_VALUE_8263 class nl.tudelft.rdfgears.rgl.datamodel.value.impl.ModifiableRecord
4009
RGL_VALUE_8265 class nl.tudelft.rdfgears.rgl.datamodel.value.impl.ModifiableRecord
4010
RGL_VALUE_8267 class nl.tudelft.rdfgears.rgl.datamodel.value.impl.ModifiableRecord
4011
RGL_VALUE_8269 class nl.tudelft.rdfgears.rgl.datamodel.value.impl.ModifiableRecord
4012
RGL_VALUE_8271 class nl.tudelft.rdfgears.rgl.datamodel.value.impl.ModifiableRecord
4013
RGL_VALUE_8273 class nl.tudelft.rdfgears.rgl.datamodel.value.impl.ModifiableRecord
4014
RGL_VALUE_8275 class nl.tudelft.rdfgears.rgl.datamodel.value.impl.ModifiableRecord
4015
RGL_VALUE_8277 class nl.tudelft.rdfgears.rgl.datamodel.value.impl.ModifiableRecord
4016
RGL_VALUE_8279 class nl.tudelft.rdfgears.rgl.datamodel.value.impl.ModifiableRecord
4017
RGL_VALUE_8281 class nl.tudelft.rdfgears.rgl.datamodel.value.impl.ModifiableRecord
4018
RGL_VALUE_8283 class nl.tudelft.rdfgears.rgl.datamodel.value.impl.ModifiableRecord
4019
RGL_VALUE_8285 class nl.tudelft.rdfgears.rgl.datamodel.value.impl.ModifiableRecord
4020
RGL_VALUE_8287 class nl.tudelft.rdfgears.rgl.datamodel.value.impl.ModifiableRecord
4021
RGL_VALUE_8289 class nl.tudelft.rdfgears.rgl.datamodel.value.impl.ModifiableRecord
4022
RGL_VALUE_8291 class nl.tudelft.rdfgears.rgl.datamodel.value.impl.ModifiableRecord
4023
RGL_VALUE_8293 class nl.tudelft.rdfgears.rgl.datamodel.value.impl.ModifiableRecord
4024
RGL_VALUE_8295 class nl.tudelft.rdfgears.rgl.datamodel.value.impl.ModifiableRecord
4025
RGL_VALUE_8297 class nl.tudelft.rdfgears.rgl.datamodel.value.impl.ModifiableRecord
4026
RGL_VALUE_8299 class nl.tudelft.rdfgears.rgl.datamodel.value.impl.ModifiableRecord
4027
RGL_VALUE_8301 class nl.tudelft.rdfgears.rgl.datamodel.value.impl.ModifiableRecord
4028
RGL_VALUE_8303 class nl.tudelft.rdfgears.rgl.datamodel.value.impl.ModifiableRecord
4029
RGL_VALUE_8305 class nl.tudelft.rdfgears.rgl.datamodel.value.impl.ModifiableRecord
4030
RGL_VALUE_8307 class nl.tudelft.rdfgears.rgl.datamodel.value.impl.ModifiableRecord
4031
RGL_VALUE_8309 class nl.tudelft.rdfgears.rgl.datamodel.value.impl.ModifiableRecord
4032
RGL_VALUE_8311 class nl.tudelft.rdfgears.rgl.datamodel.value.impl.ModifiableRecord
4033
RGL_VALUE_8313 class nl.tudelft.rdfgears.rgl.datamodel.value.impl.ModifiableRecord
4034
RGL_VALUE_8315 class nl.tudelft.rdfgears.rgl.datamodel.value.impl.ModifiableRecord
4035
RGL_VALUE_8317 class nl.tudelft.rdfgears.rgl.datamodel.value.impl.ModifiableRecord
4036
RGL_VALUE_8319 class nl.tudelft.rdfgears.rgl.datamodel.value.impl.ModifiableRecord
4037
RGL_VALUE_8321 class nl.tudelft.rdfgears.rgl.datamodel.value.impl.ModifiableRecord
4038
RGL_VALUE_8323 class nl.tudelft.rdfgears.rgl.datamodel.value.impl.ModifiableRecord
4039
RGL_VALUE_8325 class nl.tudelft.rdfgears.rgl.datamodel.value.impl.ModifiableRecord
4040
RGL_VALUE_8327 class nl.tudelft.rdfgears.rgl.datamodel.value.impl.ModifiableRecord
4041
RGL_VALUE_8329 class nl.tudelft.rdfgears.rgl.datamodel.value.impl.ModifiableRecord
4042
RGL_VALUE_8331 class nl.tudelft.rdfgears.rgl.datamodel.value.impl.ModifiableRecord
4043
RGL_VALUE_8333 class nl.tudelft.rdfgears.rgl.datamodel.value.impl.ModifiableRecord
4044
RGL_VALUE_8335 class nl.tudelft.rdfgears.rgl.datamodel.value.impl.ModifiableRecord
4045
RGL_VALUE_8337 class nl.tudelft.rdfgears.rgl.datamodel.value.impl.ModifiableRecord
4046
RGL_VALUE_8339 class nl.tudelft.rdfgears.rgl.datamodel.value.impl.ModifiableRecord
4047
RGL_VALUE_8341 class nl.tudelft.rdfgears.rgl.datamodel.value.impl.ModifiableRecord
4048
RGL_VALUE_8343 class nl.tudelft.rdfgears.rgl.datamodel.value.impl.ModifiableRecord
4049
RGL_VALUE_8345 class nl.tudelft.rdfgears.rgl.datamodel.value.impl.ModifiableRecord
4050
RGL_VALUE_8347 class nl.tudelft.rdfgears.rgl.datamodel.value.impl.ModifiableRecord
4051
RGL_VALUE_8349 class nl.tudelft.rdfgears.rgl.datamodel.value.impl.ModifiableRecord
4052
RGL_VALUE_8351 class nl.tudelft.rdfgears.rgl.datamodel.value.impl.ModifiableRecord
4053
RGL_VALUE_8353 class nl.tudelft.rdfgears.rgl.datamodel.value.impl.ModifiableRecord
4054
RGL_VALUE_8355 class nl.tudelft.rdfgears.rgl.datamodel.value.impl.ModifiableRecord
4055
RGL_VALUE_8357 class nl.tudelft.rdfgears.rgl.datamodel.value.impl.ModifiableRecord
4056
RGL_VALUE_8359 class nl.tudelft.rdfgears.rgl.datamodel.value.impl.ModifiableRecord
4057
RGL_VALUE_8361 class nl.tudelft.rdfgears.rgl.datamodel.value.impl.ModifiableRecord
4058
RGL_VALUE_8363 class nl.tudelft.rdfgears.rgl.datamodel.value.impl.ModifiableRecord
4059
RGL_VALUE_8365 class nl.tudelft.rdfgears.rgl.datamodel.value.impl.ModifiableRecord
4060
RGL_VALUE_8367 class nl.tudelft.rdfgears.rgl.datamodel.value.impl.ModifiableRecord
4061
RGL_VALUE_8369 class nl.tudelft.rdfgears.rgl.datamodel.value.impl.ModifiableRecord
4062
RGL_VALUE_8371 class nl.tudelft.rdfgears.rgl.datamodel.value.impl.ModifiableRecord
4063
RGL_VALUE_8373 class nl.tudelft.rdfgears.rgl.datamodel.value.impl.ModifiableRecord
4064
RGL_VALUE_8375 class nl.tudelft.rdfgears.rgl.datamodel.value.impl.ModifiableRecord
4065
RGL_VALUE_8377 class nl.tudelft.rdfgears.rgl.datamodel.value.impl.ModifiableRecord
4066
RGL_VALUE_8379 class nl.tudelft.rdfgears.rgl.datamodel.value.impl.ModifiableRecord
4067
RGL_VALUE_8381 class nl.tudelft.rdfgears.rgl.datamodel.value.impl.ModifiableRecord
4068
RGL_VALUE_8383 class nl.tudelft.rdfgears.rgl.datamodel.value.impl.ModifiableRecord
4069
RGL_VALUE_8385 class nl.tudelft.rdfgears.rgl.datamodel.value.impl.ModifiableRecord
4070
RGL_VALUE_8387 class nl.tudelft.rdfgears.rgl.datamodel.value.impl.ModifiableRecord
4071
RGL_VALUE_8389 class nl.tudelft.rdfgears.rgl.datamodel.value.impl.ModifiableRecord
4072
RGL_VALUE_8391 class nl.tudelft.rdfgears.rgl.datamodel.value.impl.ModifiableRecord
4073
RGL_VALUE_8393 class nl.tudelft.rdfgears.rgl.datamodel.value.impl.ModifiableRecord
4074
RGL_VALUE_8395 class nl.tudelft.rdfgears.rgl.datamodel.value.impl.ModifiableRecord
4075
RGL_VALUE_8397 class nl.tudelft.rdfgears.rgl.datamodel.value.impl.ModifiableRecord
4076
RGL_VALUE_8399 class nl.tudelft.rdfgears.rgl.datamodel.value.impl.ModifiableRecord
4077
RGL_VALUE_8401 class nl.tudelft.rdfgears.rgl.datamodel.value.impl.ModifiableRecord
4078
RGL_VALUE_8403 class nl.tudelft.rdfgears.rgl.datamodel.value.impl.ModifiableRecord
4079
RGL_VALUE_8405 class nl.tudelft.rdfgears.rgl.datamodel.value.impl.ModifiableRecord
4080
RGL_VALUE_8407 class nl.tudelft.rdfgears.rgl.datamodel.value.impl.ModifiableRecord
4081
RGL_VALUE_8409 class nl.tudelft.rdfgears.rgl.datamodel.value.impl.ModifiableRecord
4082
RGL_VALUE_8411 class nl.tudelft.rdfgears.rgl.datamodel.value.impl.ModifiableRecord
4083
RGL_VALUE_8413 class nl.tudelft.rdfgears.rgl.datamodel.value.impl.ModifiableRecord
4084
RGL_VALUE_8415 class nl.tudelft.rdfgears.rgl.datamodel.value.impl.ModifiableRecord
4085
RGL_VALUE_8417 class nl.tudelft.rdfgears.rgl.datamodel.value.impl.ModifiableRecord
4086
RGL_VALUE_8419 class nl.tudelft.rdfgears.rgl.datamodel.value.impl.ModifiableRecord
4087
RGL_VALUE_8421 class nl.tudelft.rdfgears.rgl.datamodel.value.impl.ModifiableRecord
4088
RGL_VALUE_8423 class nl.tudelft.rdfgears.rgl.datamodel.value.impl.ModifiableRecord
4089
RGL_VALUE_8425 class nl.tudelft.rdfgears.rgl.datamodel.value.impl.ModifiableRecord
4090
RGL_VALUE_8427 class nl.tudelft.rdfgears.rgl.datamodel.value.impl.ModifiableRecord
4091
RGL_VALUE_8429 class nl.tudelft.rdfgears.rgl.datamodel.value.impl.ModifiableRecord
4092
RGL_VALUE_8431 class nl.tudelft.rdfgears.rgl.datamodel.value.impl.ModifiableRecord
4093
RGL_VALUE_8433 class nl.tudelft.rdfgears.rgl.datamodel.value.impl.ModifiableRecord
4094
RGL_VALUE_8435 class nl.tudelft.rdfgears.rgl.datamodel.value.impl.ModifiableRecord
4095
RGL_VALUE_8437 class nl.tudelft.rdfgears.rgl.datamodel.value.impl.ModifiableRecord
4096
RGL_VALUE_8439 class nl.tudelft.rdfgears.rgl.datamodel.value.impl.ModifiableRecord
4097
RGL_VALUE_8441 class nl.tudelft.rdfgears.rgl.datamodel.value.impl.ModifiableRecord
4098
RGL_VALUE_8443 class nl.tudelft.rdfgears.rgl.datamodel.value.impl.ModifiableRecord
4099
RGL_VALUE_8445 class nl.tudelft.rdfgears.rgl.datamodel.value.impl.ModifiableRecord
4100
RGL_VALUE_8448 class nl.tudelft.rdfgears.rgl.datamodel.value.impl.ModifiableRecord
4101
RGL_VALUE_8450 class nl.tudelft.rdfgears.rgl.datamodel.value.impl.ModifiableRecord
4102
RGL_VALUE_8452 class nl.tudelft.rdfgears.rgl.datamodel.value.impl.ModifiableRecord
4103
RGL_VALUE_8454 class nl.tudelft.rdfgears.rgl.datamodel.value.impl.ModifiableRecord
4104
RGL_VALUE_8456 class nl.tudelft.rdfgears.rgl.datamodel.value.impl.ModifiableRecord
4105
RGL_VALUE_8458 class nl.tudelft.rdfgears.rgl.datamodel.value.impl.ModifiableRecord
4106
RGL_VALUE_8460 class nl.tudelft.rdfgears.rgl.datamodel.value.impl.ModifiableRecord
4107
RGL_VALUE_8462 class nl.tudelft.rdfgears.rgl.datamodel.value.impl.ModifiableRecord
4108
RGL_VALUE_8464 class nl.tudelft.rdfgears.rgl.datamodel.value.impl.ModifiableRecord
4109
RGL_VALUE_8466 class nl.tudelft.rdfgears.rgl.datamodel.value.impl.ModifiableRecord
4110
RGL_VALUE_8468 class nl.tudelft.rdfgears.rgl.datamodel.value.impl.ModifiableRecord
4111
RGL_VALUE_8470 class nl.tudelft.rdfgears.rgl.datamodel.value.impl.ModifiableRecord
4112
RGL_VALUE_8472 class nl.tudelft.rdfgears.rgl.datamodel.value.impl.ModifiableRecord
4113
RGL_VALUE_8474 class nl.tudelft.rdfgears.rgl.datamodel.value.impl.ModifiableRecord
4114
RGL_VALUE_8476 class nl.tudelft.rdfgears.rgl.datamodel.value.impl.ModifiableRecord
4115
RGL_VALUE_8478 class nl.tudelft.rdfgears.rgl.datamodel.value.impl.ModifiableRecord
4116
RGL_VALUE_8480 class nl.tudelft.rdfgears.rgl.datamodel.value.impl.ModifiableRecord
4117
RGL_VALUE_8482 class nl.tudelft.rdfgears.rgl.datamodel.value.impl.ModifiableRecord
4118
RGL_VALUE_8484 class nl.tudelft.rdfgears.rgl.datamodel.value.impl.ModifiableRecord
4119
RGL_VALUE_8486 class nl.tudelft.rdfgears.rgl.datamodel.value.impl.ModifiableRecord
4120
RGL_VALUE_8488 class nl.tudelft.rdfgears.rgl.datamodel.value.impl.ModifiableRecord
4121
RGL_VALUE_8490 class nl.tudelft.rdfgears.rgl.datamodel.value.impl.ModifiableRecord
4122
RGL_VALUE_8492 class nl.tudelft.rdfgears.rgl.datamodel.value.impl.ModifiableRecord
4123
RGL_VALUE_8494 class nl.tudelft.rdfgears.rgl.datamodel.value.impl.ModifiableRecord
4124
RGL_VALUE_8496 class nl.tudelft.rdfgears.rgl.datamodel.value.impl.ModifiableRecord
4125
RGL_VALUE_8498 class nl.tudelft.rdfgears.rgl.datamodel.value.impl.ModifiableRecord
4126
RGL_VALUE_8500 class nl.tudelft.rdfgears.rgl.datamodel.value.impl.ModifiableRecord
4127
RGL_VALUE_8502 class nl.tudelft.rdfgears.rgl.datamodel.value.impl.ModifiableRecord
4128
RGL_VALUE_8504 class nl.tudelft.rdfgears.rgl.datamodel.value.impl.ModifiableRecord
4129
RGL_VALUE_8506 class nl.tudelft.rdfgears.rgl.datamodel.value.impl.ModifiableRecord
4130
RGL_VALUE_8508 class nl.tudelft.rdfgears.rgl.datamodel.value.impl.ModifiableRecord
4131
RGL_VALUE_8510 class nl.tudelft.rdfgears.rgl.datamodel.value.impl.ModifiableRecord
4132
RGL_VALUE_8512 class nl.tudelft.rdfgears.rgl.datamodel.value.impl.ModifiableRecord
4133
RGL_VALUE_8514 class nl.tudelft.rdfgears.rgl.datamodel.value.impl.ModifiableRecord
4134
RGL_VALUE_8516 class nl.tudelft.rdfgears.rgl.datamodel.value.impl.ModifiableRecord
4135
RGL_VALUE_8518 class nl.tudelft.rdfgears.rgl.datamodel.value.impl.ModifiableRecord
4136
RGL_VALUE_8520 class nl.tudelft.rdfgears.rgl.datamodel.value.impl.ModifiableRecord
4137
RGL_VALUE_8522 class nl.tudelft.rdfgears.rgl.datamodel.value.impl.ModifiableRecord
4138
RGL_VALUE_8524 class nl.tudelft.rdfgears.rgl.datamodel.value.impl.ModifiableRecord
4139
RGL_VALUE_8526 class nl.tudelft.rdfgears.rgl.datamodel.value.impl.ModifiableRecord
4140
RGL_VALUE_8528 class nl.tudelft.rdfgears.rgl.datamodel.value.impl.ModifiableRecord
4141
RGL_VALUE_8530 class nl.tudelft.rdfgears.rgl.datamodel.value.impl.ModifiableRecord
4142
RGL_VALUE_8532 class nl.tudelft.rdfgears.rgl.datamodel.value.impl.ModifiableRecord
4143
RGL_VALUE_8534 class nl.tudelft.rdfgears.rgl.datamodel.value.impl.ModifiableRecord
4144
RGL_VALUE_8536 class nl.tudelft.rdfgears.rgl.datamodel.value.impl.ModifiableRecord
4145
RGL_VALUE_8538 class nl.tudelft.rdfgears.rgl.datamodel.value.impl.ModifiableRecord
4146
RGL_VALUE_8540 class nl.tudelft.rdfgears.rgl.datamodel.value.impl.ModifiableRecord
4147
RGL_VALUE_8542 class nl.tudelft.rdfgears.rgl.datamodel.value.impl.ModifiableRecord
4148
RGL_VALUE_8544 class nl.tudelft.rdfgears.rgl.datamodel.value.impl.ModifiableRecord
4149
RGL_VALUE_8546 class nl.tudelft.rdfgears.rgl.datamodel.value.impl.ModifiableRecord
4150
RGL_VALUE_8548 class nl.tudelft.rdfgears.rgl.datamodel.value.impl.ModifiableRecord
4151
RGL_VALUE_8550 class nl.tudelft.rdfgears.rgl.datamodel.value.impl.ModifiableRecord
4152
RGL_VALUE_8552 class nl.tudelft.rdfgears.rgl.datamodel.value.impl.ModifiableRecord
4153
RGL_VALUE_8554 class nl.tudelft.rdfgears.rgl.datamodel.value.impl.ModifiableRecord
4154
RGL_VALUE_8556 class nl.tudelft.rdfgears.rgl.datamodel.value.impl.ModifiableRecord
4155
RGL_VALUE_8558 class nl.tudelft.rdfgears.rgl.datamodel.value.impl.ModifiableRecord
4156
RGL_VALUE_8560 class nl.tudelft.rdfgears.rgl.datamodel.value.impl.ModifiableRecord
4157
RGL_VALUE_8562 class nl.tudelft.rdfgears.rgl.datamodel.value.impl.ModifiableRecord
4158
RGL_VALUE_8564 class nl.tudelft.rdfgears.rgl.datamodel.value.impl.ModifiableRecord
4159
RGL_VALUE_8566 class nl.tudelft.rdfgears.rgl.datamodel.value.impl.ModifiableRecord
4160
RGL_VALUE_8568 class nl.tudelft.rdfgears.rgl.datamodel.value.impl.ModifiableRecord
4161
RGL_VALUE_8570 class nl.tudelft.rdfgears.rgl.datamodel.value.impl.ModifiableRecord
4162
RGL_VALUE_8572 class nl.tudelft.rdfgears.rgl.datamodel.value.impl.ModifiableRecord
4163
RGL_VALUE_8574 class nl.tudelft.rdfgears.rgl.datamodel.value.impl.ModifiableRecord
4164
RGL_VALUE_8576 class nl.tudelft.rdfgears.rgl.datamodel.value.impl.ModifiableRecord
4165
RGL_VALUE_8578 class nl.tudelft.rdfgears.rgl.datamodel.value.impl.ModifiableRecord
4166
RGL_VALUE_8580 class nl.tudelft.rdfgears.rgl.datamodel.value.impl.ModifiableRecord
4167
RGL_VALUE_8582 class nl.tudelft.rdfgears.rgl.datamodel.value.impl.ModifiableRecord
4168
RGL_VALUE_8584 class nl.tudelft.rdfgears.rgl.datamodel.value.impl.ModifiableRecord
4169
RGL_VALUE_8586 class nl.tudelft.rdfgears.rgl.datamodel.value.impl.ModifiableRecord
4170
RGL_VALUE_8588 class nl.tudelft.rdfgears.rgl.datamodel.value.impl.ModifiableRecord
4171
RGL_VALUE_8590 class nl.tudelft.rdfgears.rgl.datamodel.value.impl.ModifiableRecord
4172
RGL_VALUE_8592 class nl.tudelft.rdfgears.rgl.datamodel.value.impl.ModifiableRecord
4173
RGL_VALUE_8594 class nl.tudelft.rdfgears.rgl.datamodel.value.impl.ModifiableRecord
4174
RGL_VALUE_8596 class nl.tudelft.rdfgears.rgl.datamodel.value.impl.ModifiableRecord
4175
RGL_VALUE_8598 class nl.tudelft.rdfgears.rgl.datamodel.value.impl.ModifiableRecord
4176
RGL_VALUE_8600 class nl.tudelft.rdfgears.rgl.datamodel.value.impl.ModifiableRecord
4177
RGL_VALUE_8602 class nl.tudelft.rdfgears.rgl.datamodel.value.impl.ModifiableRecord
4178
RGL_VALUE_8604 class nl.tudelft.rdfgears.rgl.datamodel.value.impl.ModifiableRecord
4179
RGL_VALUE_8606 class nl.tudelft.rdfgears.rgl.datamodel.value.impl.ModifiableRecord
4180
RGL_VALUE_8608 class nl.tudelft.rdfgears.rgl.datamodel.value.impl.ModifiableRecord
4181
RGL_VALUE_8610 class nl.tudelft.rdfgears.rgl.datamodel.value.impl.ModifiableRecord
4182
RGL_VALUE_8612 class nl.tudelft.rdfgears.rgl.datamodel.value.impl.ModifiableRecord
4183
RGL_VALUE_8614 class nl.tudelft.rdfgears.rgl.datamodel.value.impl.ModifiableRecord
4184
RGL_VALUE_8616 class nl.tudelft.rdfgears.rgl.datamodel.value.impl.ModifiableRecord
4185
RGL_VALUE_8618 class nl.tudelft.rdfgears.rgl.datamodel.value.impl.ModifiableRecord
4186
RGL_VALUE_8620 class nl.tudelft.rdfgears.rgl.datamodel.value.impl.ModifiableRecord
4187
RGL_VALUE_8622 class nl.tudelft.rdfgears.rgl.datamodel.value.impl.ModifiableRecord
4188
RGL_VALUE_8624 class nl.tudelft.rdfgears.rgl.datamodel.value.impl.ModifiableRecord
4189
RGL_VALUE_8626 class nl.tudelft.rdfgears.rgl.datamodel.value.impl.ModifiableRecord
4190
RGL_VALUE_8628 class nl.tudelft.rdfgears.rgl.datamodel.value.impl.ModifiableRecord
4191
RGL_VALUE_8630 class nl.tudelft.rdfgears.rgl.datamodel.value.impl.ModifiableRecord
4192
RGL_VALUE_8632 class nl.tudelft.rdfgears.rgl.datamodel.value.impl.ModifiableRecord
4193
RGL_VALUE_8634 class nl.tudelft.rdfgears.rgl.datamodel.value.impl.ModifiableRecord
4194
RGL_VALUE_8636 class nl.tudelft.rdfgears.rgl.datamodel.value.impl.ModifiableRecord
4195
RGL_VALUE_8638 class nl.tudelft.rdfgears.rgl.datamodel.value.impl.ModifiableRecord
4196
RGL_VALUE_8640 class nl.tudelft.rdfgears.rgl.datamodel.value.impl.ModifiableRecord
4197
RGL_VALUE_8642 class nl.tudelft.rdfgears.rgl.datamodel.value.impl.ModifiableRecord
4198
RGL_VALUE_8644 class nl.tudelft.rdfgears.rgl.datamodel.value.impl.ModifiableRecord
4199
RGL_VALUE_8646 class nl.tudelft.rdfgears.rgl.datamodel.value.impl.ModifiableRecord
4200
RGL_VALUE_8649 class nl.tudelft.rdfgears.rgl.datamodel.value.impl.ModifiableRecord
4201
RGL_VALUE_8651 class nl.tudelft.rdfgears.rgl.datamodel.value.impl.ModifiableRecord
4202
RGL_VALUE_8653 class nl.tudelft.rdfgears.rgl.datamodel.value.impl.ModifiableRecord
4203
RGL_VALUE_8655 class nl.tudelft.rdfgears.rgl.datamodel.value.impl.ModifiableRecord
4204
RGL_VALUE_8657 class nl.tudelft.rdfgears.rgl.datamodel.value.impl.ModifiableRecord
4205
RGL_VALUE_8659 class nl.tudelft.rdfgears.rgl.datamodel.value.impl.ModifiableRecord
4206
RGL_VALUE_8661 class nl.tudelft.rdfgears.rgl.datamodel.value.impl.ModifiableRecord
4207
RGL_VALUE_8663 class nl.tudelft.rdfgears.rgl.datamodel.value.impl.ModifiableRecord
4208
RGL_VALUE_8665 class nl.tudelft.rdfgears.rgl.datamodel.value.impl.ModifiableRecord
4209
RGL_VALUE_8667 class nl.tudelft.rdfgears.rgl.datamodel.value.impl.ModifiableRecord
4210
RGL_VALUE_8669 class nl.tudelft.rdfgears.rgl.datamodel.value.impl.ModifiableRecord
4211
RGL_VALUE_8671 class nl.tudelft.rdfgears.rgl.datamodel.value.impl.ModifiableRecord
4212
RGL_VALUE_8673 class nl.tudelft.rdfgears.rgl.datamodel.value.impl.ModifiableRecord
4213
RGL_VALUE_8675 class nl.tudelft.rdfgears.rgl.datamodel.value.impl.ModifiableRecord
4214
RGL_VALUE_8677 class nl.tudelft.rdfgears.rgl.datamodel.value.impl.ModifiableRecord
4215
RGL_VALUE_8679 class nl.tudelft.rdfgears.rgl.datamodel.value.impl.ModifiableRecord
4216
RGL_VALUE_8681 class nl.tudelft.rdfgears.rgl.datamodel.value.impl.ModifiableRecord
4217
RGL_VALUE_8683 class nl.tudelft.rdfgears.rgl.datamodel.value.impl.ModifiableRecord
4218
RGL_VALUE_8685 class nl.tudelft.rdfgears.rgl.datamodel.value.impl.ModifiableRecord
4219
RGL_VALUE_8687 class nl.tudelft.rdfgears.rgl.datamodel.value.impl.ModifiableRecord
4220
RGL_VALUE_8689 class nl.tudelft.rdfgears.rgl.datamodel.value.impl.ModifiableRecord
4221
RGL_VALUE_8691 class nl.tudelft.rdfgears.rgl.datamodel.value.impl.ModifiableRecord
4222
RGL_VALUE_8693 class nl.tudelft.rdfgears.rgl.datamodel.value.impl.ModifiableRecord
4223
RGL_VALUE_8695 class nl.tudelft.rdfgears.rgl.datamodel.value.impl.ModifiableRecord
4224
RGL_VALUE_8697 class nl.tudelft.rdfgears.rgl.datamodel.value.impl.ModifiableRecord
4225
RGL_VALUE_8699 class nl.tudelft.rdfgears.rgl.datamodel.value.impl.ModifiableRecord
4226
RGL_VALUE_8701 class nl.tudelft.rdfgears.rgl.datamodel.value.impl.ModifiableRecord
4227
RGL_VALUE_8703 class nl.tudelft.rdfgears.rgl.datamodel.value.impl.ModifiableRecord
4228
RGL_VALUE_8705 class nl.tudelft.rdfgears.rgl.datamodel.value.impl.ModifiableRecord
4229
RGL_VALUE_8707 class nl.tudelft.rdfgears.rgl.datamodel.value.impl.ModifiableRecord
4230
RGL_VALUE_8709 class nl.tudelft.rdfgears.rgl.datamodel.value.impl.ModifiableRecord
4231
RGL_VALUE_8711 class nl.tudelft.rdfgears.rgl.datamodel.value.impl.ModifiableRecord
4232
RGL_VALUE_8713 class nl.tudelft.rdfgears.rgl.datamodel.value.impl.ModifiableRecord
4233
RGL_VALUE_8715 class nl.tudelft.rdfgears.rgl.datamodel.value.impl.ModifiableRecord
4234
RGL_VALUE_8717 class nl.tudelft.rdfgears.rgl.datamodel.value.impl.ModifiableRecord
4235
RGL_VALUE_8719 class nl.tudelft.rdfgears.rgl.datamodel.value.impl.ModifiableRecord
4236
RGL_VALUE_8721 class nl.tudelft.rdfgears.rgl.datamodel.value.impl.ModifiableRecord
4237
RGL_VALUE_8723 class nl.tudelft.rdfgears.rgl.datamodel.value.impl.ModifiableRecord
4238
RGL_VALUE_8725 class nl.tudelft.rdfgears.rgl.datamodel.value.impl.ModifiableRecord
4239
RGL_VALUE_8727 class nl.tudelft.rdfgears.rgl.datamodel.value.impl.ModifiableRecord
4240
RGL_VALUE_8729 class nl.tudelft.rdfgears.rgl.datamodel.value.impl.ModifiableRecord
4241
RGL_VALUE_8731 class nl.tudelft.rdfgears.rgl.datamodel.value.impl.ModifiableRecord
4242
RGL_VALUE_8733 class nl.tudelft.rdfgears.rgl.datamodel.value.impl.ModifiableRecord
4243
RGL_VALUE_8735 class nl.tudelft.rdfgears.rgl.datamodel.value.impl.ModifiableRecord
4244
RGL_VALUE_8737 class nl.tudelft.rdfgears.rgl.datamodel.value.impl.ModifiableRecord
4245
RGL_VALUE_8739 class nl.tudelft.rdfgears.rgl.datamodel.value.impl.ModifiableRecord
4246
RGL_VALUE_8741 class nl.tudelft.rdfgears.rgl.datamodel.value.impl.ModifiableRecord
4247
RGL_VALUE_8743 class nl.tudelft.rdfgears.rgl.datamodel.value.impl.ModifiableRecord
4248
RGL_VALUE_8745 class nl.tudelft.rdfgears.rgl.datamodel.value.impl.ModifiableRecord
4249
RGL_VALUE_8747 class nl.tudelft.rdfgears.rgl.datamodel.value.impl.ModifiableRecord
4250
RGL_VALUE_8749 class nl.tudelft.rdfgears.rgl.datamodel.value.impl.ModifiableRecord
4251
RGL_VALUE_8751 class nl.tudelft.rdfgears.rgl.datamodel.value.impl.ModifiableRecord
4252
RGL_VALUE_8753 class nl.tudelft.rdfgears.rgl.datamodel.value.impl.ModifiableRecord
4253
RGL_VALUE_8755 class nl.tudelft.rdfgears.rgl.datamodel.value.impl.ModifiableRecord
4254
RGL_VALUE_8757 class nl.tudelft.rdfgears.rgl.datamodel.value.impl.ModifiableRecord
4255
RGL_VALUE_8759 class nl.tudelft.rdfgears.rgl.datamodel.value.impl.ModifiableRecord
4256
RGL_VALUE_8761 class nl.tudelft.rdfgears.rgl.datamodel.value.impl.ModifiableRecord
4257
RGL_VALUE_8763 class nl.tudelft.rdfgears.rgl.datamodel.value.impl.ModifiableRecord
4258
RGL_VALUE_8765 class nl.tudelft.rdfgears.rgl.datamodel.value.impl.ModifiableRecord
4259
RGL_VALUE_8767 class nl.tudelft.rdfgears.rgl.datamodel.value.impl.ModifiableRecord
4260
RGL_VALUE_8769 class nl.tudelft.rdfgears.rgl.datamodel.value.impl.ModifiableRecord
4261
RGL_VALUE_8771 class nl.tudelft.rdfgears.rgl.datamodel.value.impl.ModifiableRecord
4262
RGL_VALUE_8773 class nl.tudelft.rdfgears.rgl.datamodel.value.impl.ModifiableRecord
4263
RGL_VALUE_8775 class nl.tudelft.rdfgears.rgl.datamodel.value.impl.ModifiableRecord
4264
RGL_VALUE_8777 class nl.tudelft.rdfgears.rgl.datamodel.value.impl.ModifiableRecord
4265
RGL_VALUE_8779 class nl.tudelft.rdfgears.rgl.datamodel.value.impl.ModifiableRecord
4266
RGL_VALUE_8781 class nl.tudelft.rdfgears.rgl.datamodel.value.impl.ModifiableRecord
4267
RGL_VALUE_8783 class nl.tudelft.rdfgears.rgl.datamodel.value.impl.ModifiableRecord
4268
RGL_VALUE_8785 class nl.tudelft.rdfgears.rgl.datamodel.value.impl.ModifiableRecord
4269
RGL_VALUE_8787 class nl.tudelft.rdfgears.rgl.datamodel.value.impl.ModifiableRecord
4270
RGL_VALUE_8789 class nl.tudelft.rdfgears.rgl.datamodel.value.impl.ModifiableRecord
4271
RGL_VALUE_8791 class nl.tudelft.rdfgears.rgl.datamodel.value.impl.ModifiableRecord
4272
RGL_VALUE_8793 class nl.tudelft.rdfgears.rgl.datamodel.value.impl.ModifiableRecord
4273
RGL_VALUE_8795 class nl.tudelft.rdfgears.rgl.datamodel.value.impl.ModifiableRecord
4274
RGL_VALUE_8797 class nl.tudelft.rdfgears.rgl.datamodel.value.impl.ModifiableRecord
4275
RGL_VALUE_8799 class nl.tudelft.rdfgears.rgl.datamodel.value.impl.ModifiableRecord
4276
RGL_VALUE_8801 class nl.tudelft.rdfgears.rgl.datamodel.value.impl.ModifiableRecord
4277
RGL_VALUE_8803 class nl.tudelft.rdfgears.rgl.datamodel.value.impl.ModifiableRecord
4278
RGL_VALUE_8805 class nl.tudelft.rdfgears.rgl.datamodel.value.impl.ModifiableRecord
4279
RGL_VALUE_8807 class nl.tudelft.rdfgears.rgl.datamodel.value.impl.ModifiableRecord
4280
RGL_VALUE_8809 class nl.tudelft.rdfgears.rgl.datamodel.value.impl.ModifiableRecord
4281
RGL_VALUE_8811 class nl.tudelft.rdfgears.rgl.datamodel.value.impl.ModifiableRecord
4282
RGL_VALUE_8813 class nl.tudelft.rdfgears.rgl.datamodel.value.impl.ModifiableRecord
4283
RGL_VALUE_8815 class nl.tudelft.rdfgears.rgl.datamodel.value.impl.ModifiableRecord
4284
RGL_VALUE_8817 class nl.tudelft.rdfgears.rgl.datamodel.value.impl.ModifiableRecord
4285
RGL_VALUE_8819 class nl.tudelft.rdfgears.rgl.datamodel.value.impl.ModifiableRecord
4286
RGL_VALUE_8821 class nl.tudelft.rdfgears.rgl.datamodel.value.impl.ModifiableRecord
4287
RGL_VALUE_8823 class nl.tudelft.rdfgears.rgl.datamodel.value.impl.ModifiableRecord
4288
RGL_VALUE_8825 class nl.tudelft.rdfgears.rgl.datamodel.value.impl.ModifiableRecord
4289
RGL_VALUE_8827 class nl.tudelft.rdfgears.rgl.datamodel.value.impl.ModifiableRecord
4290
RGL_VALUE_8829 class nl.tudelft.rdfgears.rgl.datamodel.value.impl.ModifiableRecord
4291
RGL_VALUE_8831 class nl.tudelft.rdfgears.rgl.datamodel.value.impl.ModifiableRecord
4292
RGL_VALUE_8833 class nl.tudelft.rdfgears.rgl.datamodel.value.impl.ModifiableRecord
4293
RGL_VALUE_8835 class nl.tudelft.rdfgears.rgl.datamodel.value.impl.ModifiableRecord
4294
RGL_VALUE_8837 class nl.tudelft.rdfgears.rgl.datamodel.value.impl.ModifiableRecord
4295
RGL_VALUE_8839 class nl.tudelft.rdfgears.rgl.datamodel.value.impl.ModifiableRecord
4296
RGL_VALUE_8841 class nl.tudelft.rdfgears.rgl.datamodel.value.impl.ModifiableRecord
4297
RGL_VALUE_8843 class nl.tudelft.rdfgears.rgl.datamodel.value.impl.ModifiableRecord
4298
RGL_VALUE_8845 class nl.tudelft.rdfgears.rgl.datamodel.value.impl.ModifiableRecord
4299
RGL_VALUE_8847 class nl.tudelft.rdfgears.rgl.datamodel.value.impl.ModifiableRecord
4300
RGL_VALUE_8850 class nl.tudelft.rdfgears.rgl.datamodel.value.impl.ModifiableRecord
4301
RGL_VALUE_8852 class nl.tudelft.rdfgears.rgl.datamodel.value.impl.ModifiableRecord
4302
RGL_VALUE_8854 class nl.tudelft.rdfgears.rgl.datamodel.value.impl.ModifiableRecord
4303
RGL_VALUE_8856 class nl.tudelft.rdfgears.rgl.datamodel.value.impl.ModifiableRecord
4304
RGL_VALUE_8858 class nl.tudelft.rdfgears.rgl.datamodel.value.impl.ModifiableRecord
4305
RGL_VALUE_8860 class nl.tudelft.rdfgears.rgl.datamodel.value.impl.ModifiableRecord
4306
RGL_VALUE_8862 class nl.tudelft.rdfgears.rgl.datamodel.value.impl.ModifiableRecord
4307
RGL_VALUE_8864 class nl.tudelft.rdfgears.rgl.datamodel.value.impl.ModifiableRecord
4308
RGL_VALUE_8866 class nl.tudelft.rdfgears.rgl.datamodel.value.impl.ModifiableRecord
4309
RGL_VALUE_8868 class nl.tudelft.rdfgears.rgl.datamodel.value.impl.ModifiableRecord
4310
RGL_VALUE_8870 class nl.tudelft.rdfgears.rgl.datamodel.value.impl.ModifiableRecord
4311
RGL_VALUE_8872 class nl.tudelft.rdfgears.rgl.datamodel.value.impl.ModifiableRecord
4312
RGL_VALUE_8874 class nl.tudelft.rdfgears.rgl.datamodel.value.impl.ModifiableRecord
4313
RGL_VALUE_8876 class nl.tudelft.rdfgears.rgl.datamodel.value.impl.ModifiableRecord
4314
RGL_VALUE_8878 class nl.tudelft.rdfgears.rgl.datamodel.value.impl.ModifiableRecord
4315
RGL_VALUE_8880 class nl.tudelft.rdfgears.rgl.datamodel.value.impl.ModifiableRecord
4316
RGL_VALUE_8882 class nl.tudelft.rdfgears.rgl.datamodel.value.impl.ModifiableRecord
4317
RGL_VALUE_8884 class nl.tudelft.rdfgears.rgl.datamodel.value.impl.ModifiableRecord
4318
RGL_VALUE_8886 class nl.tudelft.rdfgears.rgl.datamodel.value.impl.ModifiableRecord
4319
RGL_VALUE_8888 class nl.tudelft.rdfgears.rgl.datamodel.value.impl.ModifiableRecord
4320
RGL_VALUE_8890 class nl.tudelft.rdfgears.rgl.datamodel.value.impl.ModifiableRecord
4321
RGL_VALUE_8892 class nl.tudelft.rdfgears.rgl.datamodel.value.impl.ModifiableRecord
4322
RGL_VALUE_8894 class nl.tudelft.rdfgears.rgl.datamodel.value.impl.ModifiableRecord
4323
RGL_VALUE_8896 class nl.tudelft.rdfgears.rgl.datamodel.value.impl.ModifiableRecord
4324
RGL_VALUE_8898 class nl.tudelft.rdfgears.rgl.datamodel.value.impl.ModifiableRecord
4325
RGL_VALUE_8900 class nl.tudelft.rdfgears.rgl.datamodel.value.impl.ModifiableRecord
4326
RGL_VALUE_8902 class nl.tudelft.rdfgears.rgl.datamodel.value.impl.ModifiableRecord
4327
RGL_VALUE_8904 class nl.tudelft.rdfgears.rgl.datamodel.value.impl.ModifiableRecord
4328
RGL_VALUE_8906 class nl.tudelft.rdfgears.rgl.datamodel.value.impl.ModifiableRecord
4329
RGL_VALUE_8908 class nl.tudelft.rdfgears.rgl.datamodel.value.impl.ModifiableRecord
4330
RGL_VALUE_8910 class nl.tudelft.rdfgears.rgl.datamodel.value.impl.ModifiableRecord
4331
RGL_VALUE_8912 class nl.tudelft.rdfgears.rgl.datamodel.value.impl.ModifiableRecord
4332
RGL_VALUE_8914 class nl.tudelft.rdfgears.rgl.datamodel.value.impl.ModifiableRecord
4333
RGL_VALUE_8916 class nl.tudelft.rdfgears.rgl.datamodel.value.impl.ModifiableRecord
4334
RGL_VALUE_8918 class nl.tudelft.rdfgears.rgl.datamodel.value.impl.ModifiableRecord
4335
RGL_VALUE_8920 class nl.tudelft.rdfgears.rgl.datamodel.value.impl.ModifiableRecord
4336
RGL_VALUE_8922 class nl.tudelft.rdfgears.rgl.datamodel.value.impl.ModifiableRecord
4337
RGL_VALUE_8924 class nl.tudelft.rdfgears.rgl.datamodel.value.impl.ModifiableRecord
4338
RGL_VALUE_8926 class nl.tudelft.rdfgears.rgl.datamodel.value.impl.ModifiableRecord
4339
RGL_VALUE_8928 class nl.tudelft.rdfgears.rgl.datamodel.value.impl.ModifiableRecord
4340
RGL_VALUE_8930 class nl.tudelft.rdfgears.rgl.datamodel.value.impl.ModifiableRecord
4341
RGL_VALUE_8932 class nl.tudelft.rdfgears.rgl.datamodel.value.impl.ModifiableRecord
4342
RGL_VALUE_8934 class nl.tudelft.rdfgears.rgl.datamodel.value.impl.ModifiableRecord
4343
RGL_VALUE_8936 class nl.tudelft.rdfgears.rgl.datamodel.value.impl.ModifiableRecord
4344
RGL_VALUE_8938 class nl.tudelft.rdfgears.rgl.datamodel.value.impl.ModifiableRecord
4345
RGL_VALUE_8940 class nl.tudelft.rdfgears.rgl.datamodel.value.impl.ModifiableRecord
4346
RGL_VALUE_8942 class nl.tudelft.rdfgears.rgl.datamodel.value.impl.ModifiableRecord
4347
RGL_VALUE_8944 class nl.tudelft.rdfgears.rgl.datamodel.value.impl.ModifiableRecord
4348
RGL_VALUE_8946 class nl.tudelft.rdfgears.rgl.datamodel.value.impl.ModifiableRecord
4349
RGL_VALUE_8948 class nl.tudelft.rdfgears.rgl.datamodel.value.impl.ModifiableRecord
4350
RGL_VALUE_8950 class nl.tudelft.rdfgears.rgl.datamodel.value.impl.ModifiableRecord
4351
RGL_VALUE_8952 class nl.tudelft.rdfgears.rgl.datamodel.value.impl.ModifiableRecord
4352
RGL_VALUE_8954 class nl.tudelft.rdfgears.rgl.datamodel.value.impl.ModifiableRecord
4353
RGL_VALUE_8956 class nl.tudelft.rdfgears.rgl.datamodel.value.impl.ModifiableRecord
4354
RGL_VALUE_8958 class nl.tudelft.rdfgears.rgl.datamodel.value.impl.ModifiableRecord
4355
RGL_VALUE_8960 class nl.tudelft.rdfgears.rgl.datamodel.value.impl.ModifiableRecord
4356
RGL_VALUE_8962 class nl.tudelft.rdfgears.rgl.datamodel.value.impl.ModifiableRecord
4357
RGL_VALUE_8964 class nl.tudelft.rdfgears.rgl.datamodel.value.impl.ModifiableRecord
4358
RGL_VALUE_8966 class nl.tudelft.rdfgears.rgl.datamodel.value.impl.ModifiableRecord
4359
RGL_VALUE_8968 class nl.tudelft.rdfgears.rgl.datamodel.value.impl.ModifiableRecord
4360
RGL_VALUE_8970 class nl.tudelft.rdfgears.rgl.datamodel.value.impl.ModifiableRecord
4361
RGL_VALUE_8972 class nl.tudelft.rdfgears.rgl.datamodel.value.impl.ModifiableRecord
4362
RGL_VALUE_8974 class nl.tudelft.rdfgears.rgl.datamodel.value.impl.ModifiableRecord
4363
RGL_VALUE_8976 class nl.tudelft.rdfgears.rgl.datamodel.value.impl.ModifiableRecord
4364
RGL_VALUE_8978 class nl.tudelft.rdfgears.rgl.datamodel.value.impl.ModifiableRecord
4365
RGL_VALUE_8980 class nl.tudelft.rdfgears.rgl.datamodel.value.impl.ModifiableRecord
4366
RGL_VALUE_8982 class nl.tudelft.rdfgears.rgl.datamodel.value.impl.ModifiableRecord
4367
RGL_VALUE_8984 class nl.tudelft.rdfgears.rgl.datamodel.value.impl.ModifiableRecord
4368
RGL_VALUE_8986 class nl.tudelft.rdfgears.rgl.datamodel.value.impl.ModifiableRecord
4369
RGL_VALUE_8988 class nl.tudelft.rdfgears.rgl.datamodel.value.impl.ModifiableRecord
4370
RGL_VALUE_8990 class nl.tudelft.rdfgears.rgl.datamodel.value.impl.ModifiableRecord
4371
RGL_VALUE_8992 class nl.tudelft.rdfgears.rgl.datamodel.value.impl.ModifiableRecord
4372
RGL_VALUE_8994 class nl.tudelft.rdfgears.rgl.datamodel.value.impl.ModifiableRecord
4373
RGL_VALUE_8996 class nl.tudelft.rdfgears.rgl.datamodel.value.impl.ModifiableRecord
4374
RGL_VALUE_8998 class nl.tudelft.rdfgears.rgl.datamodel.value.impl.ModifiableRecord
4375
RGL_VALUE_9000 class nl.tudelft.rdfgears.rgl.datamodel.value.impl.ModifiableRecord
4376
RGL_VALUE_9002 class nl.tudelft.rdfgears.rgl.datamodel.value.impl.ModifiableRecord
4377
RGL_VALUE_9004 class nl.tudelft.rdfgears.rgl.datamodel.value.impl.ModifiableRecord
4378
RGL_VALUE_9006 class nl.tudelft.rdfgears.rgl.datamodel.value.impl.ModifiableRecord
4379
RGL_VALUE_9008 class nl.tudelft.rdfgears.rgl.datamodel.value.impl.ModifiableRecord
4380
RGL_VALUE_9010 class nl.tudelft.rdfgears.rgl.datamodel.value.impl.ModifiableRecord
4381
RGL_VALUE_9012 class nl.tudelft.rdfgears.rgl.datamodel.value.impl.ModifiableRecord
4382
RGL_VALUE_9014 class nl.tudelft.rdfgears.rgl.datamodel.value.impl.ModifiableRecord
4383
RGL_VALUE_9016 class nl.tudelft.rdfgears.rgl.datamodel.value.impl.ModifiableRecord
4384
RGL_VALUE_9018 class nl.tudelft.rdfgears.rgl.datamodel.value.impl.ModifiableRecord
4385
RGL_VALUE_9020 class nl.tudelft.rdfgears.rgl.datamodel.value.impl.ModifiableRecord
4386
RGL_VALUE_9022 class nl.tudelft.rdfgears.rgl.datamodel.value.impl.ModifiableRecord
4387
RGL_VALUE_9024 class nl.tudelft.rdfgears.rgl.datamodel.value.impl.ModifiableRecord
4388
RGL_VALUE_9026 class nl.tudelft.rdfgears.rgl.datamodel.value.impl.ModifiableRecord
4389
RGL_VALUE_9028 class nl.tudelft.rdfgears.rgl.datamodel.value.impl.ModifiableRecord
4390
RGL_VALUE_9030 class nl.tudelft.rdfgears.rgl.datamodel.value.impl.ModifiableRecord
4391
RGL_VALUE_9032 class nl.tudelft.rdfgears.rgl.datamodel.value.impl.ModifiableRecord
4392
RGL_VALUE_9034 class nl.tudelft.rdfgears.rgl.datamodel.value.impl.ModifiableRecord
4393
RGL_VALUE_9036 class nl.tudelft.rdfgears.rgl.datamodel.value.impl.ModifiableRecord
4394
RGL_VALUE_9038 class nl.tudelft.rdfgears.rgl.datamodel.value.impl.ModifiableRecord
4395
RGL_VALUE_9040 class nl.tudelft.rdfgears.rgl.datamodel.value.impl.ModifiableRecord
4396
RGL_VALUE_9042 class nl.tudelft.rdfgears.rgl.datamodel.value.impl.ModifiableRecord
4397
RGL_VALUE_9044 class nl.tudelft.rdfgears.rgl.datamodel.value.impl.ModifiableRecord
4398
RGL_VALUE_9046 class nl.tudelft.rdfgears.rgl.datamodel.value.impl.ModifiableRecord
4399
RGL_VALUE_9048 class nl.tudelft.rdfgears.rgl.datamodel.value.impl.ModifiableRecord
4400
RGL_VALUE_9051 class nl.tudelft.rdfgears.rgl.datamodel.value.impl.ModifiableRecord
4401
RGL_VALUE_9053 class nl.tudelft.rdfgears.rgl.datamodel.value.impl.ModifiableRecord
4402
RGL_VALUE_9055 class nl.tudelft.rdfgears.rgl.datamodel.value.impl.ModifiableRecord
4403
RGL_VALUE_9057 class nl.tudelft.rdfgears.rgl.datamodel.value.impl.ModifiableRecord
4404
RGL_VALUE_9059 class nl.tudelft.rdfgears.rgl.datamodel.value.impl.ModifiableRecord
4405
RGL_VALUE_9061 class nl.tudelft.rdfgears.rgl.datamodel.value.impl.ModifiableRecord
4406
RGL_VALUE_9063 class nl.tudelft.rdfgears.rgl.datamodel.value.impl.ModifiableRecord
4407
RGL_VALUE_9065 class nl.tudelft.rdfgears.rgl.datamodel.value.impl.ModifiableRecord
4408
RGL_VALUE_9067 class nl.tudelft.rdfgears.rgl.datamodel.value.impl.ModifiableRecord
4409
RGL_VALUE_9069 class nl.tudelft.rdfgears.rgl.datamodel.value.impl.ModifiableRecord
4410
RGL_VALUE_9071 class nl.tudelft.rdfgears.rgl.datamodel.value.impl.ModifiableRecord
4411
RGL_VALUE_9073 class nl.tudelft.rdfgears.rgl.datamodel.value.impl.ModifiableRecord
4412
RGL_VALUE_9075 class nl.tudelft.rdfgears.rgl.datamodel.value.impl.ModifiableRecord
4413
RGL_VALUE_9077 class nl.tudelft.rdfgears.rgl.datamodel.value.impl.ModifiableRecord
4414
RGL_VALUE_9079 class nl.tudelft.rdfgears.rgl.datamodel.value.impl.ModifiableRecord
4415
RGL_VALUE_9081 class nl.tudelft.rdfgears.rgl.datamodel.value.impl.ModifiableRecord
4416
RGL_VALUE_9083 class nl.tudelft.rdfgears.rgl.datamodel.value.impl.ModifiableRecord
4417
RGL_VALUE_9085 class nl.tudelft.rdfgears.rgl.datamodel.value.impl.ModifiableRecord
4418
RGL_VALUE_9087 class nl.tudelft.rdfgears.rgl.datamodel.value.impl.ModifiableRecord
4419
RGL_VALUE_9089 class nl.tudelft.rdfgears.rgl.datamodel.value.impl.ModifiableRecord
4420
RGL_VALUE_9091 class nl.tudelft.rdfgears.rgl.datamodel.value.impl.ModifiableRecord
4421
RGL_VALUE_9093 class nl.tudelft.rdfgears.rgl.datamodel.value.impl.ModifiableRecord
4422
RGL_VALUE_9095 class nl.tudelft.rdfgears.rgl.datamodel.value.impl.ModifiableRecord
4423
RGL_VALUE_9097 class nl.tudelft.rdfgears.rgl.datamodel.value.impl.ModifiableRecord
4424
RGL_VALUE_9099 class nl.tudelft.rdfgears.rgl.datamodel.value.impl.ModifiableRecord
4425
RGL_VALUE_9101 class nl.tudelft.rdfgears.rgl.datamodel.value.impl.ModifiableRecord
4426
RGL_VALUE_9103 class nl.tudelft.rdfgears.rgl.datamodel.value.impl.ModifiableRecord
4427
RGL_VALUE_9105 class nl.tudelft.rdfgears.rgl.datamodel.value.impl.ModifiableRecord
4428
RGL_VALUE_9107 class nl.tudelft.rdfgears.rgl.datamodel.value.impl.ModifiableRecord
4429
RGL_VALUE_9109 class nl.tudelft.rdfgears.rgl.datamodel.value.impl.ModifiableRecord
4430
RGL_VALUE_9111 class nl.tudelft.rdfgears.rgl.datamodel.value.impl.ModifiableRecord
4431
RGL_VALUE_9113 class nl.tudelft.rdfgears.rgl.datamodel.value.impl.ModifiableRecord
4432
RGL_VALUE_9115 class nl.tudelft.rdfgears.rgl.datamodel.value.impl.ModifiableRecord
4433
RGL_VALUE_9117 class nl.tudelft.rdfgears.rgl.datamodel.value.impl.ModifiableRecord
4434
RGL_VALUE_9119 class nl.tudelft.rdfgears.rgl.datamodel.value.impl.ModifiableRecord
4435
RGL_VALUE_9121 class nl.tudelft.rdfgears.rgl.datamodel.value.impl.ModifiableRecord
4436
RGL_VALUE_9123 class nl.tudelft.rdfgears.rgl.datamodel.value.impl.ModifiableRecord
4437
RGL_VALUE_9125 class nl.tudelft.rdfgears.rgl.datamodel.value.impl.ModifiableRecord
4438
RGL_VALUE_9127 class nl.tudelft.rdfgears.rgl.datamodel.value.impl.ModifiableRecord
4439
RGL_VALUE_9129 class nl.tudelft.rdfgears.rgl.datamodel.value.impl.ModifiableRecord
4440
RGL_VALUE_9131 class nl.tudelft.rdfgears.rgl.datamodel.value.impl.ModifiableRecord
4441
RGL_VALUE_9133 class nl.tudelft.rdfgears.rgl.datamodel.value.impl.ModifiableRecord
4442
RGL_VALUE_9135 class nl.tudelft.rdfgears.rgl.datamodel.value.impl.ModifiableRecord
4443
RGL_VALUE_9137 class nl.tudelft.rdfgears.rgl.datamodel.value.impl.ModifiableRecord
4444
RGL_VALUE_9139 class nl.tudelft.rdfgears.rgl.datamodel.value.impl.ModifiableRecord
4445
RGL_VALUE_9141 class nl.tudelft.rdfgears.rgl.datamodel.value.impl.ModifiableRecord
4446
RGL_VALUE_9143 class nl.tudelft.rdfgears.rgl.datamodel.value.impl.ModifiableRecord
4447
RGL_VALUE_9145 class nl.tudelft.rdfgears.rgl.datamodel.value.impl.ModifiableRecord
4448
RGL_VALUE_9147 class nl.tudelft.rdfgears.rgl.datamodel.value.impl.ModifiableRecord
4449
RGL_VALUE_9149 class nl.tudelft.rdfgears.rgl.datamodel.value.impl.ModifiableRecord
4450
RGL_VALUE_9151 class nl.tudelft.rdfgears.rgl.datamodel.value.impl.ModifiableRecord
4451
RGL_VALUE_9153 class nl.tudelft.rdfgears.rgl.datamodel.value.impl.ModifiableRecord
4452
RGL_VALUE_9155 class nl.tudelft.rdfgears.rgl.datamodel.value.impl.ModifiableRecord
4453
RGL_VALUE_9157 class nl.tudelft.rdfgears.rgl.datamodel.value.impl.ModifiableRecord
4454
RGL_VALUE_9159 class nl.tudelft.rdfgears.rgl.datamodel.value.impl.ModifiableRecord
4455
RGL_VALUE_9161 class nl.tudelft.rdfgears.rgl.datamodel.value.impl.ModifiableRecord
4456
RGL_VALUE_9163 class nl.tudelft.rdfgears.rgl.datamodel.value.impl.ModifiableRecord
4457
RGL_VALUE_9165 class nl.tudelft.rdfgears.rgl.datamodel.value.impl.ModifiableRecord
4458
RGL_VALUE_9167 class nl.tudelft.rdfgears.rgl.datamodel.value.impl.ModifiableRecord
4459
RGL_VALUE_9169 class nl.tudelft.rdfgears.rgl.datamodel.value.impl.ModifiableRecord
4460
RGL_VALUE_9171 class nl.tudelft.rdfgears.rgl.datamodel.value.impl.ModifiableRecord
4461
RGL_VALUE_9173 class nl.tudelft.rdfgears.rgl.datamodel.value.impl.ModifiableRecord
4462
RGL_VALUE_9175 class nl.tudelft.rdfgears.rgl.datamodel.value.impl.ModifiableRecord
4463
RGL_VALUE_9177 class nl.tudelft.rdfgears.rgl.datamodel.value.impl.ModifiableRecord
4464
RGL_VALUE_9179 class nl.tudelft.rdfgears.rgl.datamodel.value.impl.ModifiableRecord
4465
RGL_VALUE_9181 class nl.tudelft.rdfgears.rgl.datamodel.value.impl.ModifiableRecord
4466
RGL_VALUE_9183 class nl.tudelft.rdfgears.rgl.datamodel.value.impl.ModifiableRecord
4467
RGL_VALUE_9185 class nl.tudelft.rdfgears.rgl.datamodel.value.impl.ModifiableRecord
4468
RGL_VALUE_9187 class nl.tudelft.rdfgears.rgl.datamodel.value.impl.ModifiableRecord
4469
RGL_VALUE_9189 class nl.tudelft.rdfgears.rgl.datamodel.value.impl.ModifiableRecord
4470
RGL_VALUE_9191 class nl.tudelft.rdfgears.rgl.datamodel.value.impl.ModifiableRecord
4471
RGL_VALUE_9193 class nl.tudelft.rdfgears.rgl.datamodel.value.impl.ModifiableRecord
4472
RGL_VALUE_9195 class nl.tudelft.rdfgears.rgl.datamodel.value.impl.ModifiableRecord
4473
RGL_VALUE_9197 class nl.tudelft.rdfgears.rgl.datamodel.value.impl.ModifiableRecord
4474
RGL_VALUE_9199 class nl.tudelft.rdfgears.rgl.datamodel.value.impl.ModifiableRecord
4475
RGL_VALUE_9201 class nl.tudelft.rdfgears.rgl.datamodel.value.impl.ModifiableRecord
4476
RGL_VALUE_9203 class nl.tudelft.rdfgears.rgl.datamodel.value.impl.ModifiableRecord
4477
RGL_VALUE_9205 class nl.tudelft.rdfgears.rgl.datamodel.value.impl.ModifiableRecord
4478
RGL_VALUE_9207 class nl.tudelft.rdfgears.rgl.datamodel.value.impl.ModifiableRecord
4479
RGL_VALUE_9209 class nl.tudelft.rdfgears.rgl.datamodel.value.impl.ModifiableRecord
4480
RGL_VALUE_9211 class nl.tudelft.rdfgears.rgl.datamodel.value.impl.ModifiableRecord
4481
RGL_VALUE_9213 class nl.tudelft.rdfgears.rgl.datamodel.value.impl.ModifiableRecord
4482
RGL_VALUE_9215 class nl.tudelft.rdfgears.rgl.datamodel.value.impl.ModifiableRecord
4483
RGL_VALUE_9217 class nl.tudelft.rdfgears.rgl.datamodel.value.impl.ModifiableRecord
4484
RGL_VALUE_9219 class nl.tudelft.rdfgears.rgl.datamodel.value.impl.ModifiableRecord
4485
RGL_VALUE_9221 class nl.tudelft.rdfgears.rgl.datamodel.value.impl.ModifiableRecord
4486
RGL_VALUE_9223 class nl.tudelft.rdfgears.rgl.datamodel.value.impl.ModifiableRecord
4487
RGL_VALUE_9225 class nl.tudelft.rdfgears.rgl.datamodel.value.impl.ModifiableRecord
4488
RGL_VALUE_9227 class nl.tudelft.rdfgears.rgl.datamodel.value.impl.ModifiableRecord
4489
RGL_VALUE_9229 class nl.tudelft.rdfgears.rgl.datamodel.value.impl.ModifiableRecord
4490
RGL_VALUE_9231 class nl.tudelft.rdfgears.rgl.datamodel.value.impl.ModifiableRecord
4491
RGL_VALUE_9233 class nl.tudelft.rdfgears.rgl.datamodel.value.impl.ModifiableRecord
4492
RGL_VALUE_9235 class nl.tudelft.rdfgears.rgl.datamodel.value.impl.ModifiableRecord
4493
RGL_VALUE_9237 class nl.tudelft.rdfgears.rgl.datamodel.value.impl.ModifiableRecord
4494
RGL_VALUE_9239 class nl.tudelft.rdfgears.rgl.datamodel.value.impl.ModifiableRecord
4495
RGL_VALUE_9241 class nl.tudelft.rdfgears.rgl.datamodel.value.impl.ModifiableRecord
4496
RGL_VALUE_9243 class nl.tudelft.rdfgears.rgl.datamodel.value.impl.ModifiableRecord
4497
RGL_VALUE_9245 class nl.tudelft.rdfgears.rgl.datamodel.value.impl.ModifiableRecord
4498
RGL_VALUE_9247 class nl.tudelft.rdfgears.rgl.datamodel.value.impl.ModifiableRecord
4499
RGL_VALUE_9249 class nl.tudelft.rdfgears.rgl.datamodel.value.impl.ModifiableRecord
4500
RGL_VALUE_9252 class nl.tudelft.rdfgears.rgl.datamodel.value.impl.ModifiableRecord
4501
RGL_VALUE_9254 class nl.tudelft.rdfgears.rgl.datamodel.value.impl.ModifiableRecord
4502
RGL_VALUE_9256 class nl.tudelft.rdfgears.rgl.datamodel.value.impl.ModifiableRecord
4503
RGL_VALUE_9258 class nl.tudelft.rdfgears.rgl.datamodel.value.impl.ModifiableRecord
4504
RGL_VALUE_9260 class nl.tudelft.rdfgears.rgl.datamodel.value.impl.ModifiableRecord
4505
RGL_VALUE_9262 class nl.tudelft.rdfgears.rgl.datamodel.value.impl.ModifiableRecord
4506
RGL_VALUE_9264 class nl.tudelft.rdfgears.rgl.datamodel.value.impl.ModifiableRecord
4507
RGL_VALUE_9266 class nl.tudelft.rdfgears.rgl.datamodel.value.impl.ModifiableRecord
4508
RGL_VALUE_9268 class nl.tudelft.rdfgears.rgl.datamodel.value.impl.ModifiableRecord
4509
RGL_VALUE_9270 class nl.tudelft.rdfgears.rgl.datamodel.value.impl.ModifiableRecord
4510
RGL_VALUE_9272 class nl.tudelft.rdfgears.rgl.datamodel.value.impl.ModifiableRecord
4511
RGL_VALUE_9274 class nl.tudelft.rdfgears.rgl.datamodel.value.impl.ModifiableRecord
4512
RGL_VALUE_9276 class nl.tudelft.rdfgears.rgl.datamodel.value.impl.ModifiableRecord
4513
RGL_VALUE_9278 class nl.tudelft.rdfgears.rgl.datamodel.value.impl.ModifiableRecord
4514
RGL_VALUE_9280 class nl.tudelft.rdfgears.rgl.datamodel.value.impl.ModifiableRecord
4515
RGL_VALUE_9282 class nl.tudelft.rdfgears.rgl.datamodel.value.impl.ModifiableRecord
4516
RGL_VALUE_9284 class nl.tudelft.rdfgears.rgl.datamodel.value.impl.ModifiableRecord
4517
RGL_VALUE_9286 class nl.tudelft.rdfgears.rgl.datamodel.value.impl.ModifiableRecord
4518
RGL_VALUE_9288 class nl.tudelft.rdfgears.rgl.datamodel.value.impl.ModifiableRecord
4519
RGL_VALUE_9290 class nl.tudelft.rdfgears.rgl.datamodel.value.impl.ModifiableRecord
4520
RGL_VALUE_9292 class nl.tudelft.rdfgears.rgl.datamodel.value.impl.ModifiableRecord
4521
RGL_VALUE_9294 class nl.tudelft.rdfgears.rgl.datamodel.value.impl.ModifiableRecord
4522
RGL_VALUE_9296 class nl.tudelft.rdfgears.rgl.datamodel.value.impl.ModifiableRecord
4523
RGL_VALUE_9298 class nl.tudelft.rdfgears.rgl.datamodel.value.impl.ModifiableRecord
4524
RGL_VALUE_9300 class nl.tudelft.rdfgears.rgl.datamodel.value.impl.ModifiableRecord
4525
RGL_VALUE_9302 class nl.tudelft.rdfgears.rgl.datamodel.value.impl.ModifiableRecord
4526
RGL_VALUE_9304 class nl.tudelft.rdfgears.rgl.datamodel.value.impl.ModifiableRecord
4527
RGL_VALUE_9306 class nl.tudelft.rdfgears.rgl.datamodel.value.impl.ModifiableRecord
4528
RGL_VALUE_9308 class nl.tudelft.rdfgears.rgl.datamodel.value.impl.ModifiableRecord
4529
RGL_VALUE_9310 class nl.tudelft.rdfgears.rgl.datamodel.value.impl.ModifiableRecord
4530
RGL_VALUE_9312 class nl.tudelft.rdfgears.rgl.datamodel.value.impl.ModifiableRecord
4531
RGL_VALUE_9314 class nl.tudelft.rdfgears.rgl.datamodel.value.impl.ModifiableRecord
4532
RGL_VALUE_9316 class nl.tudelft.rdfgears.rgl.datamodel.value.impl.ModifiableRecord
4533
RGL_VALUE_9318 class nl.tudelft.rdfgears.rgl.datamodel.value.impl.ModifiableRecord
4534
RGL_VALUE_9320 class nl.tudelft.rdfgears.rgl.datamodel.value.impl.ModifiableRecord
4535
RGL_VALUE_9322 class nl.tudelft.rdfgears.rgl.datamodel.value.impl.ModifiableRecord
4536
RGL_VALUE_9324 class nl.tudelft.rdfgears.rgl.datamodel.value.impl.ModifiableRecord
4537
RGL_VALUE_9326 class nl.tudelft.rdfgears.rgl.datamodel.value.impl.ModifiableRecord
4538
RGL_VALUE_9328 class nl.tudelft.rdfgears.rgl.datamodel.value.impl.ModifiableRecord
4539
RGL_VALUE_9330 class nl.tudelft.rdfgears.rgl.datamodel.value.impl.ModifiableRecord
4540
RGL_VALUE_9332 class nl.tudelft.rdfgears.rgl.datamodel.value.impl.ModifiableRecord
4541
RGL_VALUE_9334 class nl.tudelft.rdfgears.rgl.datamodel.value.impl.ModifiableRecord
4542
RGL_VALUE_9336 class nl.tudelft.rdfgears.rgl.datamodel.value.impl.ModifiableRecord
4543
RGL_VALUE_9338 class nl.tudelft.rdfgears.rgl.datamodel.value.impl.ModifiableRecord
4544
RGL_VALUE_9340 class nl.tudelft.rdfgears.rgl.datamodel.value.impl.ModifiableRecord
4545
RGL_VALUE_9342 class nl.tudelft.rdfgears.rgl.datamodel.value.impl.ModifiableRecord
4546
RGL_VALUE_9344 class nl.tudelft.rdfgears.rgl.datamodel.value.impl.ModifiableRecord
4547
RGL_VALUE_9346 class nl.tudelft.rdfgears.rgl.datamodel.value.impl.ModifiableRecord
4548
RGL_VALUE_9348 class nl.tudelft.rdfgears.rgl.datamodel.value.impl.ModifiableRecord
4549
RGL_VALUE_9350 class nl.tudelft.rdfgears.rgl.datamodel.value.impl.ModifiableRecord
4550
RGL_VALUE_9352 class nl.tudelft.rdfgears.rgl.datamodel.value.impl.ModifiableRecord
4551
RGL_VALUE_9354 class nl.tudelft.rdfgears.rgl.datamodel.value.impl.ModifiableRecord
4552
RGL_VALUE_9356 class nl.tudelft.rdfgears.rgl.datamodel.value.impl.ModifiableRecord
4553
RGL_VALUE_9358 class nl.tudelft.rdfgears.rgl.datamodel.value.impl.ModifiableRecord
4554
RGL_VALUE_9360 class nl.tudelft.rdfgears.rgl.datamodel.value.impl.ModifiableRecord
4555
RGL_VALUE_9362 class nl.tudelft.rdfgears.rgl.datamodel.value.impl.ModifiableRecord
4556
RGL_VALUE_9364 class nl.tudelft.rdfgears.rgl.datamodel.value.impl.ModifiableRecord
4557
RGL_VALUE_9366 class nl.tudelft.rdfgears.rgl.datamodel.value.impl.ModifiableRecord
4558
RGL_VALUE_9368 class nl.tudelft.rdfgears.rgl.datamodel.value.impl.ModifiableRecord
4559
RGL_VALUE_9370 class nl.tudelft.rdfgears.rgl.datamodel.value.impl.ModifiableRecord
4560
RGL_VALUE_9372 class nl.tudelft.rdfgears.rgl.datamodel.value.impl.ModifiableRecord
4561
RGL_VALUE_9374 class nl.tudelft.rdfgears.rgl.datamodel.value.impl.ModifiableRecord
4562
RGL_VALUE_9376 class nl.tudelft.rdfgears.rgl.datamodel.value.impl.ModifiableRecord
4563
RGL_VALUE_9378 class nl.tudelft.rdfgears.rgl.datamodel.value.impl.ModifiableRecord
4564
RGL_VALUE_9380 class nl.tudelft.rdfgears.rgl.datamodel.value.impl.ModifiableRecord
4565
RGL_VALUE_9382 class nl.tudelft.rdfgears.rgl.datamodel.value.impl.ModifiableRecord
4566
RGL_VALUE_9384 class nl.tudelft.rdfgears.rgl.datamodel.value.impl.ModifiableRecord
4567
RGL_VALUE_9386 class nl.tudelft.rdfgears.rgl.datamodel.value.impl.ModifiableRecord
4568
RGL_VALUE_9388 class nl.tudelft.rdfgears.rgl.datamodel.value.impl.ModifiableRecord
4569
RGL_VALUE_9390 class nl.tudelft.rdfgears.rgl.datamodel.value.impl.ModifiableRecord
4570
RGL_VALUE_9392 class nl.tudelft.rdfgears.rgl.datamodel.value.impl.ModifiableRecord
4571
RGL_VALUE_9394 class nl.tudelft.rdfgears.rgl.datamodel.value.impl.ModifiableRecord
4572
RGL_VALUE_9396 class nl.tudelft.rdfgears.rgl.datamodel.value.impl.ModifiableRecord
4573
RGL_VALUE_9398 class nl.tudelft.rdfgears.rgl.datamodel.value.impl.ModifiableRecord
4574
RGL_VALUE_9400 class nl.tudelft.rdfgears.rgl.datamodel.value.impl.ModifiableRecord
4575
RGL_VALUE_9402 class nl.tudelft.rdfgears.rgl.datamodel.value.impl.ModifiableRecord
4576
RGL_VALUE_9404 class nl.tudelft.rdfgears.rgl.datamodel.value.impl.ModifiableRecord
4577
RGL_VALUE_9406 class nl.tudelft.rdfgears.rgl.datamodel.value.impl.ModifiableRecord
4578
RGL_VALUE_9408 class nl.tudelft.rdfgears.rgl.datamodel.value.impl.ModifiableRecord
4579
RGL_VALUE_9410 class nl.tudelft.rdfgears.rgl.datamodel.value.impl.ModifiableRecord
4580
RGL_VALUE_9412 class nl.tudelft.rdfgears.rgl.datamodel.value.impl.ModifiableRecord
4581
RGL_VALUE_9414 class nl.tudelft.rdfgears.rgl.datamodel.value.impl.ModifiableRecord
4582
RGL_VALUE_9416 class nl.tudelft.rdfgears.rgl.datamodel.value.impl.ModifiableRecord
4583
RGL_VALUE_9418 class nl.tudelft.rdfgears.rgl.datamodel.value.impl.ModifiableRecord
4584
RGL_VALUE_9420 class nl.tudelft.rdfgears.rgl.datamodel.value.impl.ModifiableRecord
4585
RGL_VALUE_9422 class nl.tudelft.rdfgears.rgl.datamodel.value.impl.ModifiableRecord
4586
RGL_VALUE_9424 class nl.tudelft.rdfgears.rgl.datamodel.value.impl.ModifiableRecord
4587
RGL_VALUE_9426 class nl.tudelft.rdfgears.rgl.datamodel.value.impl.ModifiableRecord
4588
RGL_VALUE_9428 class nl.tudelft.rdfgears.rgl.datamodel.value.impl.ModifiableRecord
4589
RGL_VALUE_9430 class nl.tudelft.rdfgears.rgl.datamodel.value.impl.ModifiableRecord
4590
RGL_VALUE_9432 class nl.tudelft.rdfgears.rgl.datamodel.value.impl.ModifiableRecord
4591
RGL_VALUE_9434 class nl.tudelft.rdfgears.rgl.datamodel.value.impl.ModifiableRecord
4592
RGL_VALUE_9436 class nl.tudelft.rdfgears.rgl.datamodel.value.impl.ModifiableRecord
4593
RGL_VALUE_9438 class nl.tudelft.rdfgears.rgl.datamodel.value.impl.ModifiableRecord
4594
RGL_VALUE_9440 class nl.tudelft.rdfgears.rgl.datamodel.value.impl.ModifiableRecord
4595
RGL_VALUE_9442 class nl.tudelft.rdfgears.rgl.datamodel.value.impl.ModifiableRecord
4596
RGL_VALUE_9444 class nl.tudelft.rdfgears.rgl.datamodel.value.impl.ModifiableRecord
4597
RGL_VALUE_9446 class nl.tudelft.rdfgears.rgl.datamodel.value.impl.ModifiableRecord
4598
RGL_VALUE_9448 class nl.tudelft.rdfgears.rgl.datamodel.value.impl.ModifiableRecord
4599
RGL_VALUE_9450 class nl.tudelft.rdfgears.rgl.datamodel.value.impl.ModifiableRecord
4600
RGL_VALUE_9453 class nl.tudelft.rdfgears.rgl.datamodel.value.impl.ModifiableRecord
4601
RGL_VALUE_9455 class nl.tudelft.rdfgears.rgl.datamodel.value.impl.ModifiableRecord
4602
RGL_VALUE_9457 class nl.tudelft.rdfgears.rgl.datamodel.value.impl.ModifiableRecord
4603
RGL_VALUE_9459 class nl.tudelft.rdfgears.rgl.datamodel.value.impl.ModifiableRecord
4604
RGL_VALUE_9461 class nl.tudelft.rdfgears.rgl.datamodel.value.impl.ModifiableRecord
4605
RGL_VALUE_9463 class nl.tudelft.rdfgears.rgl.datamodel.value.impl.ModifiableRecord
4606
RGL_VALUE_9465 class nl.tudelft.rdfgears.rgl.datamodel.value.impl.ModifiableRecord
4607
RGL_VALUE_9467 class nl.tudelft.rdfgears.rgl.datamodel.value.impl.ModifiableRecord
4608
RGL_VALUE_9469 class nl.tudelft.rdfgears.rgl.datamodel.value.impl.ModifiableRecord
4609
RGL_VALUE_9471 class nl.tudelft.rdfgears.rgl.datamodel.value.impl.ModifiableRecord
4610
RGL_VALUE_9473 class nl.tudelft.rdfgears.rgl.datamodel.value.impl.ModifiableRecord
4611
RGL_VALUE_9475 class nl.tudelft.rdfgears.rgl.datamodel.value.impl.ModifiableRecord
4612
RGL_VALUE_9477 class nl.tudelft.rdfgears.rgl.datamodel.value.impl.ModifiableRecord
4613
RGL_VALUE_9479 class nl.tudelft.rdfgears.rgl.datamodel.value.impl.ModifiableRecord
4614
RGL_VALUE_9481 class nl.tudelft.rdfgears.rgl.datamodel.value.impl.ModifiableRecord
4615
RGL_VALUE_9483 class nl.tudelft.rdfgears.rgl.datamodel.value.impl.ModifiableRecord
4616
RGL_VALUE_9485 class nl.tudelft.rdfgears.rgl.datamodel.value.impl.ModifiableRecord
4617
RGL_VALUE_9487 class nl.tudelft.rdfgears.rgl.datamodel.value.impl.ModifiableRecord
4618
RGL_VALUE_9489 class nl.tudelft.rdfgears.rgl.datamodel.value.impl.ModifiableRecord
4619
RGL_VALUE_9491 class nl.tudelft.rdfgears.rgl.datamodel.value.impl.ModifiableRecord
4620
RGL_VALUE_9493 class nl.tudelft.rdfgears.rgl.datamodel.value.impl.ModifiableRecord
4621
RGL_VALUE_9495 class nl.tudelft.rdfgears.rgl.datamodel.value.impl.ModifiableRecord
4622
RGL_VALUE_9497 class nl.tudelft.rdfgears.rgl.datamodel.value.impl.ModifiableRecord
4623
RGL_VALUE_9499 class nl.tudelft.rdfgears.rgl.datamodel.value.impl.ModifiableRecord
4624
RGL_VALUE_9501 class nl.tudelft.rdfgears.rgl.datamodel.value.impl.ModifiableRecord
4625
RGL_VALUE_9503 class nl.tudelft.rdfgears.rgl.datamodel.value.impl.ModifiableRecord
4626
RGL_VALUE_9505 class nl.tudelft.rdfgears.rgl.datamodel.value.impl.ModifiableRecord
4627
RGL_VALUE_9507 class nl.tudelft.rdfgears.rgl.datamodel.value.impl.ModifiableRecord
4628
RGL_VALUE_9509 class nl.tudelft.rdfgears.rgl.datamodel.value.impl.ModifiableRecord
4629
RGL_VALUE_9511 class nl.tudelft.rdfgears.rgl.datamodel.value.impl.ModifiableRecord
4630
RGL_VALUE_9513 class nl.tudelft.rdfgears.rgl.datamodel.value.impl.ModifiableRecord
4631
RGL_VALUE_9515 class nl.tudelft.rdfgears.rgl.datamodel.value.impl.ModifiableRecord
4632
RGL_VALUE_9517 class nl.tudelft.rdfgears.rgl.datamodel.value.impl.ModifiableRecord
4633
RGL_VALUE_9519 class nl.tudelft.rdfgears.rgl.datamodel.value.impl.ModifiableRecord
4634
RGL_VALUE_9521 class nl.tudelft.rdfgears.rgl.datamodel.value.impl.ModifiableRecord
4635
RGL_VALUE_9523 class nl.tudelft.rdfgears.rgl.datamodel.value.impl.ModifiableRecord
4636
RGL_VALUE_9525 class nl.tudelft.rdfgears.rgl.datamodel.value.impl.ModifiableRecord
4637
RGL_VALUE_9527 class nl.tudelft.rdfgears.rgl.datamodel.value.impl.ModifiableRecord
4638
RGL_VALUE_9529 class nl.tudelft.rdfgears.rgl.datamodel.value.impl.ModifiableRecord
4639
RGL_VALUE_9531 class nl.tudelft.rdfgears.rgl.datamodel.value.impl.ModifiableRecord
4640
RGL_VALUE_9533 class nl.tudelft.rdfgears.rgl.datamodel.value.impl.ModifiableRecord
4641
RGL_VALUE_9535 class nl.tudelft.rdfgears.rgl.datamodel.value.impl.ModifiableRecord
4642
RGL_VALUE_9537 class nl.tudelft.rdfgears.rgl.datamodel.value.impl.ModifiableRecord
4643
RGL_VALUE_9539 class nl.tudelft.rdfgears.rgl.datamodel.value.impl.ModifiableRecord
4644
RGL_VALUE_9541 class nl.tudelft.rdfgears.rgl.datamodel.value.impl.ModifiableRecord
4645
RGL_VALUE_9543 class nl.tudelft.rdfgears.rgl.datamodel.value.impl.ModifiableRecord
4646
RGL_VALUE_9545 class nl.tudelft.rdfgears.rgl.datamodel.value.impl.ModifiableRecord
4647
RGL_VALUE_9547 class nl.tudelft.rdfgears.rgl.datamodel.value.impl.ModifiableRecord
4648
RGL_VALUE_9549 class nl.tudelft.rdfgears.rgl.datamodel.value.impl.ModifiableRecord
4649
RGL_VALUE_9551 class nl.tudelft.rdfgears.rgl.datamodel.value.impl.ModifiableRecord
4650
RGL_VALUE_9553 class nl.tudelft.rdfgears.rgl.datamodel.value.impl.ModifiableRecord
4651
RGL_VALUE_9555 class nl.tudelft.rdfgears.rgl.datamodel.value.impl.ModifiableRecord
4652
RGL_VALUE_9557 class nl.tudelft.rdfgears.rgl.datamodel.value.impl.ModifiableRecord
4653
RGL_VALUE_9559 class nl.tudelft.rdfgears.rgl.datamodel.value.impl.ModifiableRecord
4654
RGL_VALUE_9561 class nl.tudelft.rdfgears.rgl.datamodel.value.impl.ModifiableRecord
4655
RGL_VALUE_9563 class nl.tudelft.rdfgears.rgl.datamodel.value.impl.ModifiableRecord
4656
RGL_VALUE_9565 class nl.tudelft.rdfgears.rgl.datamodel.value.impl.ModifiableRecord
4657
RGL_VALUE_9567 class nl.tudelft.rdfgears.rgl.datamodel.value.impl.ModifiableRecord
4658
RGL_VALUE_9569 class nl.tudelft.rdfgears.rgl.datamodel.value.impl.ModifiableRecord
4659
RGL_VALUE_9571 class nl.tudelft.rdfgears.rgl.datamodel.value.impl.ModifiableRecord
4660
RGL_VALUE_9573 class nl.tudelft.rdfgears.rgl.datamodel.value.impl.ModifiableRecord
4661
RGL_VALUE_9575 class nl.tudelft.rdfgears.rgl.datamodel.value.impl.ModifiableRecord
4662
RGL_VALUE_9577 class nl.tudelft.rdfgears.rgl.datamodel.value.impl.ModifiableRecord
4663
RGL_VALUE_9579 class nl.tudelft.rdfgears.rgl.datamodel.value.impl.ModifiableRecord
4664
RGL_VALUE_9581 class nl.tudelft.rdfgears.rgl.datamodel.value.impl.ModifiableRecord
4665
RGL_VALUE_9583 class nl.tudelft.rdfgears.rgl.datamodel.value.impl.ModifiableRecord
4666
RGL_VALUE_9585 class nl.tudelft.rdfgears.rgl.datamodel.value.impl.ModifiableRecord
4667
RGL_VALUE_9587 class nl.tudelft.rdfgears.rgl.datamodel.value.impl.ModifiableRecord
4668
RGL_VALUE_9589 class nl.tudelft.rdfgears.rgl.datamodel.value.impl.ModifiableRecord
4669
RGL_VALUE_9591 class nl.tudelft.rdfgears.rgl.datamodel.value.impl.ModifiableRecord
4670
RGL_VALUE_9593 class nl.tudelft.rdfgears.rgl.datamodel.value.impl.ModifiableRecord
4671
RGL_VALUE_9595 class nl.tudelft.rdfgears.rgl.datamodel.value.impl.ModifiableRecord
4672
RGL_VALUE_9597 class nl.tudelft.rdfgears.rgl.datamodel.value.impl.ModifiableRecord
4673
RGL_VALUE_9599 class nl.tudelft.rdfgears.rgl.datamodel.value.impl.ModifiableRecord
4674
RGL_VALUE_9601 class nl.tudelft.rdfgears.rgl.datamodel.value.impl.ModifiableRecord
4675
RGL_VALUE_9603 class nl.tudelft.rdfgears.rgl.datamodel.value.impl.ModifiableRecord
4676
RGL_VALUE_9605 class nl.tudelft.rdfgears.rgl.datamodel.value.impl.ModifiableRecord
4677
RGL_VALUE_9607 class nl.tudelft.rdfgears.rgl.datamodel.value.impl.ModifiableRecord
4678
RGL_VALUE_9609 class nl.tudelft.rdfgears.rgl.datamodel.value.impl.ModifiableRecord
4679
RGL_VALUE_9611 class nl.tudelft.rdfgears.rgl.datamodel.value.impl.ModifiableRecord
4680
RGL_VALUE_9613 class nl.tudelft.rdfgears.rgl.datamodel.value.impl.ModifiableRecord
4681
RGL_VALUE_9615 class nl.tudelft.rdfgears.rgl.datamodel.value.impl.ModifiableRecord
4682
RGL_VALUE_9617 class nl.tudelft.rdfgears.rgl.datamodel.value.impl.ModifiableRecord
4683
RGL_VALUE_9619 class nl.tudelft.rdfgears.rgl.datamodel.value.impl.ModifiableRecord
4684
RGL_VALUE_9621 class nl.tudelft.rdfgears.rgl.datamodel.value.impl.ModifiableRecord
4685
RGL_VALUE_9623 class nl.tudelft.rdfgears.rgl.datamodel.value.impl.ModifiableRecord
4686
RGL_VALUE_9625 class nl.tudelft.rdfgears.rgl.datamodel.value.impl.ModifiableRecord
4687
RGL_VALUE_9627 class nl.tudelft.rdfgears.rgl.datamodel.value.impl.ModifiableRecord
4688
RGL_VALUE_9629 class nl.tudelft.rdfgears.rgl.datamodel.value.impl.ModifiableRecord
4689
RGL_VALUE_9631 class nl.tudelft.rdfgears.rgl.datamodel.value.impl.ModifiableRecord
4690
RGL_VALUE_9633 class nl.tudelft.rdfgears.rgl.datamodel.value.impl.ModifiableRecord
4691
RGL_VALUE_9635 class nl.tudelft.rdfgears.rgl.datamodel.value.impl.ModifiableRecord
4692
RGL_VALUE_9637 class nl.tudelft.rdfgears.rgl.datamodel.value.impl.ModifiableRecord
4693
RGL_VALUE_9639 class nl.tudelft.rdfgears.rgl.datamodel.value.impl.ModifiableRecord
4694
RGL_VALUE_9641 class nl.tudelft.rdfgears.rgl.datamodel.value.impl.ModifiableRecord
4695
RGL_VALUE_9643 class nl.tudelft.rdfgears.rgl.datamodel.value.impl.ModifiableRecord
4696
RGL_VALUE_9645 class nl.tudelft.rdfgears.rgl.datamodel.value.impl.ModifiableRecord
4697
RGL_VALUE_9647 class nl.tudelft.rdfgears.rgl.datamodel.value.impl.ModifiableRecord
4698
RGL_VALUE_9649 class nl.tudelft.rdfgears.rgl.datamodel.value.impl.ModifiableRecord
4699
RGL_VALUE_9651 class nl.tudelft.rdfgears.rgl.datamodel.value.impl.ModifiableRecord
4700
RGL_VALUE_9654 class nl.tudelft.rdfgears.rgl.datamodel.value.impl.ModifiableRecord
4701
RGL_VALUE_9656 class nl.tudelft.rdfgears.rgl.datamodel.value.impl.ModifiableRecord
4702
RGL_VALUE_9658 class nl.tudelft.rdfgears.rgl.datamodel.value.impl.ModifiableRecord
4703
RGL_VALUE_9660 class nl.tudelft.rdfgears.rgl.datamodel.value.impl.ModifiableRecord
4704
RGL_VALUE_9662 class nl.tudelft.rdfgears.rgl.datamodel.value.impl.ModifiableRecord
4705
RGL_VALUE_9664 class nl.tudelft.rdfgears.rgl.datamodel.value.impl.ModifiableRecord
4706
RGL_VALUE_9666 class nl.tudelft.rdfgears.rgl.datamodel.value.impl.ModifiableRecord
4707
RGL_VALUE_9668 class nl.tudelft.rdfgears.rgl.datamodel.value.impl.ModifiableRecord
4708
RGL_VALUE_9670 class nl.tudelft.rdfgears.rgl.datamodel.value.impl.ModifiableRecord
4709
RGL_VALUE_9672 class nl.tudelft.rdfgears.rgl.datamodel.value.impl.ModifiableRecord
4710
RGL_VALUE_9674 class nl.tudelft.rdfgears.rgl.datamodel.value.impl.ModifiableRecord
4711
RGL_VALUE_9676 class nl.tudelft.rdfgears.rgl.datamodel.value.impl.ModifiableRecord
4712
RGL_VALUE_9678 class nl.tudelft.rdfgears.rgl.datamodel.value.impl.ModifiableRecord
4713
RGL_VALUE_9680 class nl.tudelft.rdfgears.rgl.datamodel.value.impl.ModifiableRecord
4714
RGL_VALUE_9682 class nl.tudelft.rdfgears.rgl.datamodel.value.impl.ModifiableRecord
4715
RGL_VALUE_9684 class nl.tudelft.rdfgears.rgl.datamodel.value.impl.ModifiableRecord
4716
RGL_VALUE_9686 class nl.tudelft.rdfgears.rgl.datamodel.value.impl.ModifiableRecord
4717
RGL_VALUE_9688 class nl.tudelft.rdfgears.rgl.datamodel.value.impl.ModifiableRecord
4718
RGL_VALUE_9690 class nl.tudelft.rdfgears.rgl.datamodel.value.impl.ModifiableRecord
4719
RGL_VALUE_9692 class nl.tudelft.rdfgears.rgl.datamodel.value.impl.ModifiableRecord
4720
RGL_VALUE_9694 class nl.tudelft.rdfgears.rgl.datamodel.value.impl.ModifiableRecord
4721
RGL_VALUE_9696 class nl.tudelft.rdfgears.rgl.datamodel.value.impl.ModifiableRecord
4722
RGL_VALUE_9698 class nl.tudelft.rdfgears.rgl.datamodel.value.impl.ModifiableRecord
4723
RGL_VALUE_9700 class nl.tudelft.rdfgears.rgl.datamodel.value.impl.ModifiableRecord
4724
RGL_VALUE_9702 class nl.tudelft.rdfgears.rgl.datamodel.value.impl.ModifiableRecord
4725
RGL_VALUE_9704 class nl.tudelft.rdfgears.rgl.datamodel.value.impl.ModifiableRecord
4726
RGL_VALUE_9706 class nl.tudelft.rdfgears.rgl.datamodel.value.impl.ModifiableRecord
4727
RGL_VALUE_9708 class nl.tudelft.rdfgears.rgl.datamodel.value.impl.ModifiableRecord
4728
RGL_VALUE_9710 class nl.tudelft.rdfgears.rgl.datamodel.value.impl.ModifiableRecord
4729
RGL_VALUE_9712 class nl.tudelft.rdfgears.rgl.datamodel.value.impl.ModifiableRecord
4730
RGL_VALUE_9714 class nl.tudelft.rdfgears.rgl.datamodel.value.impl.ModifiableRecord
4731
RGL_VALUE_9716 class nl.tudelft.rdfgears.rgl.datamodel.value.impl.ModifiableRecord
4732
RGL_VALUE_9718 class nl.tudelft.rdfgears.rgl.datamodel.value.impl.ModifiableRecord
4733
RGL_VALUE_9720 class nl.tudelft.rdfgears.rgl.datamodel.value.impl.ModifiableRecord
4734
RGL_VALUE_9722 class nl.tudelft.rdfgears.rgl.datamodel.value.impl.ModifiableRecord
4735
RGL_VALUE_9724 class nl.tudelft.rdfgears.rgl.datamodel.value.impl.ModifiableRecord
4736
RGL_VALUE_9726 class nl.tudelft.rdfgears.rgl.datamodel.value.impl.ModifiableRecord
4737
RGL_VALUE_9728 class nl.tudelft.rdfgears.rgl.datamodel.value.impl.ModifiableRecord
4738
RGL_VALUE_9730 class nl.tudelft.rdfgears.rgl.datamodel.value.impl.ModifiableRecord
4739
RGL_VALUE_9732 class nl.tudelft.rdfgears.rgl.datamodel.value.impl.ModifiableRecord
4740
RGL_VALUE_9734 class nl.tudelft.rdfgears.rgl.datamodel.value.impl.ModifiableRecord
4741
RGL_VALUE_9736 class nl.tudelft.rdfgears.rgl.datamodel.value.impl.ModifiableRecord
4742
RGL_VALUE_9738 class nl.tudelft.rdfgears.rgl.datamodel.value.impl.ModifiableRecord
4743
RGL_VALUE_9740 class nl.tudelft.rdfgears.rgl.datamodel.value.impl.ModifiableRecord
4744
RGL_VALUE_9742 class nl.tudelft.rdfgears.rgl.datamodel.value.impl.ModifiableRecord
4745
RGL_VALUE_9744 class nl.tudelft.rdfgears.rgl.datamodel.value.impl.ModifiableRecord
4746
RGL_VALUE_9746 class nl.tudelft.rdfgears.rgl.datamodel.value.impl.ModifiableRecord
4747
RGL_VALUE_9748 class nl.tudelft.rdfgears.rgl.datamodel.value.impl.ModifiableRecord
4748
RGL_VALUE_9750 class nl.tudelft.rdfgears.rgl.datamodel.value.impl.ModifiableRecord
4749
RGL_VALUE_9752 class nl.tudelft.rdfgears.rgl.datamodel.value.impl.ModifiableRecord
4750
RGL_VALUE_9754 class nl.tudelft.rdfgears.rgl.datamodel.value.impl.ModifiableRecord
4751
RGL_VALUE_9756 class nl.tudelft.rdfgears.rgl.datamodel.value.impl.ModifiableRecord
4752
RGL_VALUE_9758 class nl.tudelft.rdfgears.rgl.datamodel.value.impl.ModifiableRecord
4753
RGL_VALUE_9760 class nl.tudelft.rdfgears.rgl.datamodel.value.impl.ModifiableRecord
4754
RGL_VALUE_9762 class nl.tudelft.rdfgears.rgl.datamodel.value.impl.ModifiableRecord
4755
RGL_VALUE_9764 class nl.tudelft.rdfgears.rgl.datamodel.value.impl.ModifiableRecord
4756
RGL_VALUE_9766 class nl.tudelft.rdfgears.rgl.datamodel.value.impl.ModifiableRecord
4757
RGL_VALUE_9768 class nl.tudelft.rdfgears.rgl.datamodel.value.impl.ModifiableRecord
4758
RGL_VALUE_9770 class nl.tudelft.rdfgears.rgl.datamodel.value.impl.ModifiableRecord
4759
RGL_VALUE_9772 class nl.tudelft.rdfgears.rgl.datamodel.value.impl.ModifiableRecord
4760
RGL_VALUE_9774 class nl.tudelft.rdfgears.rgl.datamodel.value.impl.ModifiableRecord
4761
RGL_VALUE_9776 class nl.tudelft.rdfgears.rgl.datamodel.value.impl.ModifiableRecord
4762
RGL_VALUE_9778 class nl.tudelft.rdfgears.rgl.datamodel.value.impl.ModifiableRecord
4763
RGL_VALUE_9780 class nl.tudelft.rdfgears.rgl.datamodel.value.impl.ModifiableRecord
4764
RGL_VALUE_9782 class nl.tudelft.rdfgears.rgl.datamodel.value.impl.ModifiableRecord
4765
RGL_VALUE_9784 class nl.tudelft.rdfgears.rgl.datamodel.value.impl.ModifiableRecord
4766
RGL_VALUE_9786 class nl.tudelft.rdfgears.rgl.datamodel.value.impl.ModifiableRecord
4767
RGL_VALUE_9788 class nl.tudelft.rdfgears.rgl.datamodel.value.impl.ModifiableRecord
4768
RGL_VALUE_9790 class nl.tudelft.rdfgears.rgl.datamodel.value.impl.ModifiableRecord
4769
RGL_VALUE_9792 class nl.tudelft.rdfgears.rgl.datamodel.value.impl.ModifiableRecord
4770
RGL_VALUE_9794 class nl.tudelft.rdfgears.rgl.datamodel.value.impl.ModifiableRecord
4771
RGL_VALUE_9796 class nl.tudelft.rdfgears.rgl.datamodel.value.impl.ModifiableRecord
4772
RGL_VALUE_9798 class nl.tudelft.rdfgears.rgl.datamodel.value.impl.ModifiableRecord
4773
RGL_VALUE_9800 class nl.tudelft.rdfgears.rgl.datamodel.value.impl.ModifiableRecord
4774
RGL_VALUE_9802 class nl.tudelft.rdfgears.rgl.datamodel.value.impl.ModifiableRecord
4775
RGL_VALUE_9804 class nl.tudelft.rdfgears.rgl.datamodel.value.impl.ModifiableRecord
4776
RGL_VALUE_9806 class nl.tudelft.rdfgears.rgl.datamodel.value.impl.ModifiableRecord
4777
RGL_VALUE_9808 class nl.tudelft.rdfgears.rgl.datamodel.value.impl.ModifiableRecord
4778
RGL_VALUE_9810 class nl.tudelft.rdfgears.rgl.datamodel.value.impl.ModifiableRecord
4779
RGL_VALUE_9812 class nl.tudelft.rdfgears.rgl.datamodel.value.impl.ModifiableRecord
4780
RGL_VALUE_9814 class nl.tudelft.rdfgears.rgl.datamodel.value.impl.ModifiableRecord
4781
RGL_VALUE_9816 class nl.tudelft.rdfgears.rgl.datamodel.value.impl.ModifiableRecord
4782
RGL_VALUE_9818 class nl.tudelft.rdfgears.rgl.datamodel.value.impl.ModifiableRecord
4783
RGL_VALUE_9820 class nl.tudelft.rdfgears.rgl.datamodel.value.impl.ModifiableRecord
4784
RGL_VALUE_9822 class nl.tudelft.rdfgears.rgl.datamodel.value.impl.ModifiableRecord
4785
RGL_VALUE_9824 class nl.tudelft.rdfgears.rgl.datamodel.value.impl.ModifiableRecord
4786
RGL_VALUE_9826 class nl.tudelft.rdfgears.rgl.datamodel.value.impl.ModifiableRecord
4787
RGL_VALUE_9828 class nl.tudelft.rdfgears.rgl.datamodel.value.impl.ModifiableRecord
4788
RGL_VALUE_9830 class nl.tudelft.rdfgears.rgl.datamodel.value.impl.ModifiableRecord
4789
RGL_VALUE_9832 class nl.tudelft.rdfgears.rgl.datamodel.value.impl.ModifiableRecord
4790
RGL_VALUE_9834 class nl.tudelft.rdfgears.rgl.datamodel.value.impl.ModifiableRecord
4791
RGL_VALUE_9836 class nl.tudelft.rdfgears.rgl.datamodel.value.impl.ModifiableRecord
4792
RGL_VALUE_9838 class nl.tudelft.rdfgears.rgl.datamodel.value.impl.ModifiableRecord
4793
RGL_VALUE_9840 class nl.tudelft.rdfgears.rgl.datamodel.value.impl.ModifiableRecord
4794
RGL_VALUE_9842 class nl.tudelft.rdfgears.rgl.datamodel.value.impl.ModifiableRecord
4795
RGL_VALUE_9844 class nl.tudelft.rdfgears.rgl.datamodel.value.impl.ModifiableRecord
4796
RGL_VALUE_9846 class nl.tudelft.rdfgears.rgl.datamodel.value.impl.ModifiableRecord
4797
RGL_VALUE_9848 class nl.tudelft.rdfgears.rgl.datamodel.value.impl.ModifiableRecord
4798
RGL_VALUE_9850 class nl.tudelft.rdfgears.rgl.datamodel.value.impl.ModifiableRecord
4799
RGL_VALUE_9852 class nl.tudelft.rdfgears.rgl.datamodel.value.impl.ModifiableRecord
4800
RGL_VALUE_9855 class nl.tudelft.rdfgears.rgl.datamodel.value.impl.ModifiableRecord
4801
RGL_VALUE_9857 class nl.tudelft.rdfgears.rgl.datamodel.value.impl.ModifiableRecord
4802
RGL_VALUE_9859 class nl.tudelft.rdfgears.rgl.datamodel.value.impl.ModifiableRecord
4803
RGL_VALUE_9861 class nl.tudelft.rdfgears.rgl.datamodel.value.impl.ModifiableRecord
4804
RGL_VALUE_9863 class nl.tudelft.rdfgears.rgl.datamodel.value.impl.ModifiableRecord
4805
RGL_VALUE_9865 class nl.tudelft.rdfgears.rgl.datamodel.value.impl.ModifiableRecord
4806
RGL_VALUE_9867 class nl.tudelft.rdfgears.rgl.datamodel.value.impl.ModifiableRecord
4807
RGL_VALUE_9869 class nl.tudelft.rdfgears.rgl.datamodel.value.impl.ModifiableRecord
4808
RGL_VALUE_9871 class nl.tudelft.rdfgears.rgl.datamodel.value.impl.ModifiableRecord
4809
RGL_VALUE_9873 class nl.tudelft.rdfgears.rgl.datamodel.value.impl.ModifiableRecord
4810
RGL_VALUE_9875 class nl.tudelft.rdfgears.rgl.datamodel.value.impl.ModifiableRecord
4811
RGL_VALUE_9877 class nl.tudelft.rdfgears.rgl.datamodel.value.impl.ModifiableRecord
4812
RGL_VALUE_9879 class nl.tudelft.rdfgears.rgl.datamodel.value.impl.ModifiableRecord
4813
RGL_VALUE_9881 class nl.tudelft.rdfgears.rgl.datamodel.value.impl.ModifiableRecord
4814
RGL_VALUE_9883 class nl.tudelft.rdfgears.rgl.datamodel.value.impl.ModifiableRecord
4815
RGL_VALUE_9885 class nl.tudelft.rdfgears.rgl.datamodel.value.impl.ModifiableRecord
4816
RGL_VALUE_9887 class nl.tudelft.rdfgears.rgl.datamodel.value.impl.ModifiableRecord
4817
RGL_VALUE_9889 class nl.tudelft.rdfgears.rgl.datamodel.value.impl.ModifiableRecord
4818
RGL_VALUE_9891 class nl.tudelft.rdfgears.rgl.datamodel.value.impl.ModifiableRecord
4819
RGL_VALUE_9893 class nl.tudelft.rdfgears.rgl.datamodel.value.impl.ModifiableRecord
4820
RGL_VALUE_9895 class nl.tudelft.rdfgears.rgl.datamodel.value.impl.ModifiableRecord
4821
RGL_VALUE_9897 class nl.tudelft.rdfgears.rgl.datamodel.value.impl.ModifiableRecord
4822
RGL_VALUE_9899 class nl.tudelft.rdfgears.rgl.datamodel.value.impl.ModifiableRecord
4823
RGL_VALUE_9901 class nl.tudelft.rdfgears.rgl.datamodel.value.impl.ModifiableRecord
4824
RGL_VALUE_9903 class nl.tudelft.rdfgears.rgl.datamodel.value.impl.ModifiableRecord
4825
RGL_VALUE_9905 class nl.tudelft.rdfgears.rgl.datamodel.value.impl.ModifiableRecord
4826
RGL_VALUE_9907 class nl.tudelft.rdfgears.rgl.datamodel.value.impl.ModifiableRecord
4827
RGL_VALUE_9909 class nl.tudelft.rdfgears.rgl.datamodel.value.impl.ModifiableRecord
4828
RGL_VALUE_9911 class nl.tudelft.rdfgears.rgl.datamodel.value.impl.ModifiableRecord
4829
RGL_VALUE_9913 class nl.tudelft.rdfgears.rgl.datamodel.value.impl.ModifiableRecord
4830
RGL_VALUE_9915 class nl.tudelft.rdfgears.rgl.datamodel.value.impl.ModifiableRecord
4831
RGL_VALUE_9917 class nl.tudelft.rdfgears.rgl.datamodel.value.impl.ModifiableRecord
4832
RGL_VALUE_9919 class nl.tudelft.rdfgears.rgl.datamodel.value.impl.ModifiableRecord
4833
RGL_VALUE_9921 class nl.tudelft.rdfgears.rgl.datamodel.value.impl.ModifiableRecord
4834
RGL_VALUE_9923 class nl.tudelft.rdfgears.rgl.datamodel.value.impl.ModifiableRecord
4835
RGL_VALUE_9925 class nl.tudelft.rdfgears.rgl.datamodel.value.impl.ModifiableRecord
4836
RGL_VALUE_9927 class nl.tudelft.rdfgears.rgl.datamodel.value.impl.ModifiableRecord
4837
RGL_VALUE_9929 class nl.tudelft.rdfgears.rgl.datamodel.value.impl.ModifiableRecord
4838
RGL_VALUE_9931 class nl.tudelft.rdfgears.rgl.datamodel.value.impl.ModifiableRecord
4839
RGL_VALUE_9933 class nl.tudelft.rdfgears.rgl.datamodel.value.impl.ModifiableRecord
4840
RGL_VALUE_9935 class nl.tudelft.rdfgears.rgl.datamodel.value.impl.ModifiableRecord
4841
RGL_VALUE_9937 class nl.tudelft.rdfgears.rgl.datamodel.value.impl.ModifiableRecord
4842
RGL_VALUE_9939 class nl.tudelft.rdfgears.rgl.datamodel.value.impl.ModifiableRecord
4843
RGL_VALUE_9941 class nl.tudelft.rdfgears.rgl.datamodel.value.impl.ModifiableRecord
4844
RGL_VALUE_9943 class nl.tudelft.rdfgears.rgl.datamodel.value.impl.ModifiableRecord
4845
RGL_VALUE_9945 class nl.tudelft.rdfgears.rgl.datamodel.value.impl.ModifiableRecord
4846
RGL_VALUE_9947 class nl.tudelft.rdfgears.rgl.datamodel.value.impl.ModifiableRecord
4847
RGL_VALUE_9949 class nl.tudelft.rdfgears.rgl.datamodel.value.impl.ModifiableRecord
4848
RGL_VALUE_9951 class nl.tudelft.rdfgears.rgl.datamodel.value.impl.ModifiableRecord
4849
RGL_VALUE_9953 class nl.tudelft.rdfgears.rgl.datamodel.value.impl.ModifiableRecord
4850
RGL_VALUE_9955 class nl.tudelft.rdfgears.rgl.datamodel.value.impl.ModifiableRecord
4851
RGL_VALUE_9957 class nl.tudelft.rdfgears.rgl.datamodel.value.impl.ModifiableRecord
4852
RGL_VALUE_9959 class nl.tudelft.rdfgears.rgl.datamodel.value.impl.ModifiableRecord
4853
RGL_VALUE_9961 class nl.tudelft.rdfgears.rgl.datamodel.value.impl.ModifiableRecord
4854
RGL_VALUE_9963 class nl.tudelft.rdfgears.rgl.datamodel.value.impl.ModifiableRecord
4855
RGL_VALUE_9965 class nl.tudelft.rdfgears.rgl.datamodel.value.impl.ModifiableRecord
4856
RGL_VALUE_9967 class nl.tudelft.rdfgears.rgl.datamodel.value.impl.ModifiableRecord
4857
RGL_VALUE_9969 class nl.tudelft.rdfgears.rgl.datamodel.value.impl.ModifiableRecord
4858
RGL_VALUE_9971 class nl.tudelft.rdfgears.rgl.datamodel.value.impl.ModifiableRecord
4859
RGL_VALUE_9973 class nl.tudelft.rdfgears.rgl.datamodel.value.impl.ModifiableRecord
4860
RGL_VALUE_9975 class nl.tudelft.rdfgears.rgl.datamodel.value.impl.ModifiableRecord
4861
RGL_VALUE_9977 class nl.tudelft.rdfgears.rgl.datamodel.value.impl.ModifiableRecord
4862
RGL_VALUE_9979 class nl.tudelft.rdfgears.rgl.datamodel.value.impl.ModifiableRecord
4863
RGL_VALUE_9981 class nl.tudelft.rdfgears.rgl.datamodel.value.impl.ModifiableRecord
4864
RGL_VALUE_9983 class nl.tudelft.rdfgears.rgl.datamodel.value.impl.ModifiableRecord
4865
RGL_VALUE_9985 class nl.tudelft.rdfgears.rgl.datamodel.value.impl.ModifiableRecord
4866
RGL_VALUE_9987 class nl.tudelft.rdfgears.rgl.datamodel.value.impl.ModifiableRecord
4867
RGL_VALUE_9989 class nl.tudelft.rdfgears.rgl.datamodel.value.impl.ModifiableRecord
4868
RGL_VALUE_9991 class nl.tudelft.rdfgears.rgl.datamodel.value.impl.ModifiableRecord
4869
RGL_VALUE_9993 class nl.tudelft.rdfgears.rgl.datamodel.value.impl.ModifiableRecord
4870
RGL_VALUE_9995 class nl.tudelft.rdfgears.rgl.datamodel.value.impl.ModifiableRecord
4871
RGL_VALUE_9997 class nl.tudelft.rdfgears.rgl.datamodel.value.impl.ModifiableRecord
4872
RGL_VALUE_9999 class nl.tudelft.rdfgears.rgl.datamodel.value.impl.ModifiableRecord
4873
RGL_VALUE_10001 class nl.tudelft.rdfgears.rgl.datamodel.value.impl.ModifiableRecord
4874
RGL_VALUE_10003 class nl.tudelft.rdfgears.rgl.datamodel.value.impl.ModifiableRecord
4875
RGL_VALUE_10005 class nl.tudelft.rdfgears.rgl.datamodel.value.impl.ModifiableRecord
4876
RGL_VALUE_10007 class nl.tudelft.rdfgears.rgl.datamodel.value.impl.ModifiableRecord
4877
RGL_VALUE_10009 class nl.tudelft.rdfgears.rgl.datamodel.value.impl.ModifiableRecord
4878
RGL_VALUE_10011 class nl.tudelft.rdfgears.rgl.datamodel.value.impl.ModifiableRecord
4879
RGL_VALUE_10013 class nl.tudelft.rdfgears.rgl.datamodel.value.impl.ModifiableRecord
4880
RGL_VALUE_10015 class nl.tudelft.rdfgears.rgl.datamodel.value.impl.ModifiableRecord
4881
RGL_VALUE_10017 class nl.tudelft.rdfgears.rgl.datamodel.value.impl.ModifiableRecord
4882
RGL_VALUE_10019 class nl.tudelft.rdfgears.rgl.datamodel.value.impl.ModifiableRecord
4883
RGL_VALUE_10021 class nl.tudelft.rdfgears.rgl.datamodel.value.impl.ModifiableRecord
4884
RGL_VALUE_10023 class nl.tudelft.rdfgears.rgl.datamodel.value.impl.ModifiableRecord
4885
RGL_VALUE_10025 class nl.tudelft.rdfgears.rgl.datamodel.value.impl.ModifiableRecord
4886
RGL_VALUE_10027 class nl.tudelft.rdfgears.rgl.datamodel.value.impl.ModifiableRecord
4887
RGL_VALUE_10029 class nl.tudelft.rdfgears.rgl.datamodel.value.impl.ModifiableRecord
4888
RGL_VALUE_10031 class nl.tudelft.rdfgears.rgl.datamodel.value.impl.ModifiableRecord
4889
RGL_VALUE_10033 class nl.tudelft.rdfgears.rgl.datamodel.value.impl.ModifiableRecord
4890
RGL_VALUE_10035 class nl.tudelft.rdfgears.rgl.datamodel.value.impl.ModifiableRecord
4891
RGL_VALUE_10037 class nl.tudelft.rdfgears.rgl.datamodel.value.impl.ModifiableRecord
4892
RGL_VALUE_10039 class nl.tudelft.rdfgears.rgl.datamodel.value.impl.ModifiableRecord
4893
RGL_VALUE_10041 class nl.tudelft.rdfgears.rgl.datamodel.value.impl.ModifiableRecord
4894
RGL_VALUE_10043 class nl.tudelft.rdfgears.rgl.datamodel.value.impl.ModifiableRecord
4895
RGL_VALUE_10045 class nl.tudelft.rdfgears.rgl.datamodel.value.impl.ModifiableRecord
4896
RGL_VALUE_10047 class nl.tudelft.rdfgears.rgl.datamodel.value.impl.ModifiableRecord
4897
RGL_VALUE_10049 class nl.tudelft.rdfgears.rgl.datamodel.value.impl.ModifiableRecord
4898
RGL_VALUE_10051 class nl.tudelft.rdfgears.rgl.datamodel.value.impl.ModifiableRecord
4899
RGL_VALUE_10053 class nl.tudelft.rdfgears.rgl.datamodel.value.impl.ModifiableRecord
4900
RGL_VALUE_10056 class nl.tudelft.rdfgears.rgl.datamodel.value.impl.ModifiableRecord
4901
RGL_VALUE_10058 class nl.tudelft.rdfgears.rgl.datamodel.value.impl.ModifiableRecord
4902
RGL_VALUE_10060 class nl.tudelft.rdfgears.rgl.datamodel.value.impl.ModifiableRecord
4903
RGL_VALUE_10062 class nl.tudelft.rdfgears.rgl.datamodel.value.impl.ModifiableRecord
4904
RGL_VALUE_10064 class nl.tudelft.rdfgears.rgl.datamodel.value.impl.ModifiableRecord
4905
RGL_VALUE_10066 class nl.tudelft.rdfgears.rgl.datamodel.value.impl.ModifiableRecord
4906
RGL_VALUE_10068 class nl.tudelft.rdfgears.rgl.datamodel.value.impl.ModifiableRecord
4907
RGL_VALUE_10070 class nl.tudelft.rdfgears.rgl.datamodel.value.impl.ModifiableRecord
4908
RGL_VALUE_10072 class nl.tudelft.rdfgears.rgl.datamodel.value.impl.ModifiableRecord
4909
RGL_VALUE_10074 class nl.tudelft.rdfgears.rgl.datamodel.value.impl.ModifiableRecord
4910
RGL_VALUE_10076 class nl.tudelft.rdfgears.rgl.datamodel.value.impl.ModifiableRecord
4911
RGL_VALUE_10078 class nl.tudelft.rdfgears.rgl.datamodel.value.impl.ModifiableRecord
4912
RGL_VALUE_10080 class nl.tudelft.rdfgears.rgl.datamodel.value.impl.ModifiableRecord
4913
RGL_VALUE_10082 class nl.tudelft.rdfgears.rgl.datamodel.value.impl.ModifiableRecord
4914
RGL_VALUE_10084 class nl.tudelft.rdfgears.rgl.datamodel.value.impl.ModifiableRecord
4915
RGL_VALUE_10086 class nl.tudelft.rdfgears.rgl.datamodel.value.impl.ModifiableRecord
4916
RGL_VALUE_10088 class nl.tudelft.rdfgears.rgl.datamodel.value.impl.ModifiableRecord
4917
RGL_VALUE_10090 class nl.tudelft.rdfgears.rgl.datamodel.value.impl.ModifiableRecord
4918
RGL_VALUE_10092 class nl.tudelft.rdfgears.rgl.datamodel.value.impl.ModifiableRecord
4919
RGL_VALUE_10094 class nl.tudelft.rdfgears.rgl.datamodel.value.impl.ModifiableRecord
4920
RGL_VALUE_10096 class nl.tudelft.rdfgears.rgl.datamodel.value.impl.ModifiableRecord
4921
RGL_VALUE_10098 class nl.tudelft.rdfgears.rgl.datamodel.value.impl.ModifiableRecord
4922
RGL_VALUE_10100 class nl.tudelft.rdfgears.rgl.datamodel.value.impl.ModifiableRecord
4923
RGL_VALUE_10102 class nl.tudelft.rdfgears.rgl.datamodel.value.impl.ModifiableRecord
4924
RGL_VALUE_10104 class nl.tudelft.rdfgears.rgl.datamodel.value.impl.ModifiableRecord
4925
RGL_VALUE_10106 class nl.tudelft.rdfgears.rgl.datamodel.value.impl.ModifiableRecord
4926
RGL_VALUE_10108 class nl.tudelft.rdfgears.rgl.datamodel.value.impl.ModifiableRecord
4927
RGL_VALUE_10110 class nl.tudelft.rdfgears.rgl.datamodel.value.impl.ModifiableRecord
4928
RGL_VALUE_10112 class nl.tudelft.rdfgears.rgl.datamodel.value.impl.ModifiableRecord
4929
RGL_VALUE_10114 class nl.tudelft.rdfgears.rgl.datamodel.value.impl.ModifiableRecord
4930
RGL_VALUE_10116 class nl.tudelft.rdfgears.rgl.datamodel.value.impl.ModifiableRecord
4931
RGL_VALUE_10118 class nl.tudelft.rdfgears.rgl.datamodel.value.impl.ModifiableRecord
4932
RGL_VALUE_10120 class nl.tudelft.rdfgears.rgl.datamodel.value.impl.ModifiableRecord
4933
RGL_VALUE_10122 class nl.tudelft.rdfgears.rgl.datamodel.value.impl.ModifiableRecord
4934
RGL_VALUE_10124 class nl.tudelft.rdfgears.rgl.datamodel.value.impl.ModifiableRecord
4935
RGL_VALUE_10126 class nl.tudelft.rdfgears.rgl.datamodel.value.impl.ModifiableRecord
4936
RGL_VALUE_10128 class nl.tudelft.rdfgears.rgl.datamodel.value.impl.ModifiableRecord
4937
RGL_VALUE_10130 class nl.tudelft.rdfgears.rgl.datamodel.value.impl.ModifiableRecord
4938
RGL_VALUE_10132 class nl.tudelft.rdfgears.rgl.datamodel.value.impl.ModifiableRecord
4939
RGL_VALUE_10134 class nl.tudelft.rdfgears.rgl.datamodel.value.impl.ModifiableRecord
4940
RGL_VALUE_10136 class nl.tudelft.rdfgears.rgl.datamodel.value.impl.ModifiableRecord
4941
RGL_VALUE_10138 class nl.tudelft.rdfgears.rgl.datamodel.value.impl.ModifiableRecord
4942
RGL_VALUE_10140 class nl.tudelft.rdfgears.rgl.datamodel.value.impl.ModifiableRecord
4943
RGL_VALUE_10142 class nl.tudelft.rdfgears.rgl.datamodel.value.impl.ModifiableRecord
4944
RGL_VALUE_10144 class nl.tudelft.rdfgears.rgl.datamodel.value.impl.ModifiableRecord
4945
RGL_VALUE_10146 class nl.tudelft.rdfgears.rgl.datamodel.value.impl.ModifiableRecord
4946
RGL_VALUE_10148 class nl.tudelft.rdfgears.rgl.datamodel.value.impl.ModifiableRecord
4947
RGL_VALUE_10150 class nl.tudelft.rdfgears.rgl.datamodel.value.impl.ModifiableRecord
4948
RGL_VALUE_10152 class nl.tudelft.rdfgears.rgl.datamodel.value.impl.ModifiableRecord
4949
RGL_VALUE_10154 class nl.tudelft.rdfgears.rgl.datamodel.value.impl.ModifiableRecord
4950
RGL_VALUE_10156 class nl.tudelft.rdfgears.rgl.datamodel.value.impl.ModifiableRecord
4951
RGL_VALUE_10158 class nl.tudelft.rdfgears.rgl.datamodel.value.impl.ModifiableRecord
4952
RGL_VALUE_10160 class nl.tudelft.rdfgears.rgl.datamodel.value.impl.ModifiableRecord
4953
RGL_VALUE_10162 class nl.tudelft.rdfgears.rgl.datamodel.value.impl.ModifiableRecord
4954
RGL_VALUE_10164 class nl.tudelft.rdfgears.rgl.datamodel.value.impl.ModifiableRecord
4955
RGL_VALUE_10166 class nl.tudelft.rdfgears.rgl.datamodel.value.impl.ModifiableRecord
4956
RGL_VALUE_10168 class nl.tudelft.rdfgears.rgl.datamodel.value.impl.ModifiableRecord
4957
RGL_VALUE_10170 class nl.tudelft.rdfgears.rgl.datamodel.value.impl.ModifiableRecord
4958
RGL_VALUE_10172 class nl.tudelft.rdfgears.rgl.datamodel.value.impl.ModifiableRecord
4959
RGL_VALUE_10174 class nl.tudelft.rdfgears.rgl.datamodel.value.impl.ModifiableRecord
4960
RGL_VALUE_10176 class nl.tudelft.rdfgears.rgl.datamodel.value.impl.ModifiableRecord
4961
RGL_VALUE_10178 class nl.tudelft.rdfgears.rgl.datamodel.value.impl.ModifiableRecord
4962
RGL_VALUE_10180 class nl.tudelft.rdfgears.rgl.datamodel.value.impl.ModifiableRecord
4963
RGL_VALUE_10182 class nl.tudelft.rdfgears.rgl.datamodel.value.impl.ModifiableRecord
4964
RGL_VALUE_10184 class nl.tudelft.rdfgears.rgl.datamodel.value.impl.ModifiableRecord
4965
RGL_VALUE_10186 class nl.tudelft.rdfgears.rgl.datamodel.value.impl.ModifiableRecord
4966
RGL_VALUE_10188 class nl.tudelft.rdfgears.rgl.datamodel.value.impl.ModifiableRecord
4967
RGL_VALUE_10190 class nl.tudelft.rdfgears.rgl.datamodel.value.impl.ModifiableRecord
4968
RGL_VALUE_10192 class nl.tudelft.rdfgears.rgl.datamodel.value.impl.ModifiableRecord
4969
RGL_VALUE_10194 class nl.tudelft.rdfgears.rgl.datamodel.value.impl.ModifiableRecord
4970
RGL_VALUE_10196 class nl.tudelft.rdfgears.rgl.datamodel.value.impl.ModifiableRecord
4971
RGL_VALUE_10198 class nl.tudelft.rdfgears.rgl.datamodel.value.impl.ModifiableRecord
4972
RGL_VALUE_10200 class nl.tudelft.rdfgears.rgl.datamodel.value.impl.ModifiableRecord
4973
RGL_VALUE_10202 class nl.tudelft.rdfgears.rgl.datamodel.value.impl.ModifiableRecord
4974
RGL_VALUE_10204 class nl.tudelft.rdfgears.rgl.datamodel.value.impl.ModifiableRecord
4975
RGL_VALUE_10206 class nl.tudelft.rdfgears.rgl.datamodel.value.impl.ModifiableRecord
4976
RGL_VALUE_10208 class nl.tudelft.rdfgears.rgl.datamodel.value.impl.ModifiableRecord
4977
RGL_VALUE_10210 class nl.tudelft.rdfgears.rgl.datamodel.value.impl.ModifiableRecord
4978
RGL_VALUE_10212 class nl.tudelft.rdfgears.rgl.datamodel.value.impl.ModifiableRecord
4979
RGL_VALUE_10214 class nl.tudelft.rdfgears.rgl.datamodel.value.impl.ModifiableRecord
4980
RGL_VALUE_10216 class nl.tudelft.rdfgears.rgl.datamodel.value.impl.ModifiableRecord
4981
RGL_VALUE_10218 class nl.tudelft.rdfgears.rgl.datamodel.value.impl.ModifiableRecord
4982
RGL_VALUE_10220 class nl.tudelft.rdfgears.rgl.datamodel.value.impl.ModifiableRecord
4983
RGL_VALUE_10222 class nl.tudelft.rdfgears.rgl.datamodel.value.impl.ModifiableRecord
4984
RGL_VALUE_10224 class nl.tudelft.rdfgears.rgl.datamodel.value.impl.ModifiableRecord
4985
RGL_VALUE_10226 class nl.tudelft.rdfgears.rgl.datamodel.value.impl.ModifiableRecord
4986
RGL_VALUE_10228 class nl.tudelft.rdfgears.rgl.datamodel.value.impl.ModifiableRecord
4987
RGL_VALUE_10230 class nl.tudelft.rdfgears.rgl.datamodel.value.impl.ModifiableRecord
4988
RGL_VALUE_10232 class nl.tudelft.rdfgears.rgl.datamodel.value.impl.ModifiableRecord
4989
RGL_VALUE_10234 class nl.tudelft.rdfgears.rgl.datamodel.value.impl.ModifiableRecord
4990
RGL_VALUE_10236 class nl.tudelft.rdfgears.rgl.datamodel.value.impl.ModifiableRecord
4991
RGL_VALUE_10238 class nl.tudelft.rdfgears.rgl.datamodel.value.impl.ModifiableRecord
4992
RGL_VALUE_10240 class nl.tudelft.rdfgears.rgl.datamodel.value.impl.ModifiableRecord
4993
RGL_VALUE_10242 class nl.tudelft.rdfgears.rgl.datamodel.value.impl.ModifiableRecord
4994
RGL_VALUE_10244 class nl.tudelft.rdfgears.rgl.datamodel.value.impl.ModifiableRecord
4995
RGL_VALUE_10246 class nl.tudelft.rdfgears.rgl.datamodel.value.impl.ModifiableRecord
4996
RGL_VALUE_10248 class nl.tudelft.rdfgears.rgl.datamodel.value.impl.ModifiableRecord
4997
RGL_VALUE_10250 class nl.tudelft.rdfgears.rgl.datamodel.value.impl.ModifiableRecord
4998
RGL_VALUE_10252 class nl.tudelft.rdfgears.rgl.datamodel.value.impl.ModifiableRecord
4999
RGL_VALUE_10254 class nl.tudelft.rdfgears.rgl.datamodel.value.impl.ModifiableRecord
5000
RGL_VALUE_10257 class nl.tudelft.rdfgears.rgl.datamodel.value.impl.ModifiableRecord
5001
RGL_VALUE_10259 class nl.tudelft.rdfgears.rgl.datamodel.value.impl.ModifiableRecord
5002
RGL_VALUE_10261 class nl.tudelft.rdfgears.rgl.datamodel.value.impl.ModifiableRecord
5003
RGL_VALUE_10263 class nl.tudelft.rdfgears.rgl.datamodel.value.impl.ModifiableRecord
5004
RGL_VALUE_10265 class nl.tudelft.rdfgears.rgl.datamodel.value.impl.ModifiableRecord
5005
RGL_VALUE_10267 class nl.tudelft.rdfgears.rgl.datamodel.value.impl.ModifiableRecord
5006
RGL_VALUE_10269 class nl.tudelft.rdfgears.rgl.datamodel.value.impl.ModifiableRecord
5007
RGL_VALUE_10271 class nl.tudelft.rdfgears.rgl.datamodel.value.impl.ModifiableRecord
5008
RGL_VALUE_10273 class nl.tudelft.rdfgears.rgl.datamodel.value.impl.ModifiableRecord
5009
RGL_VALUE_10275 class nl.tudelft.rdfgears.rgl.datamodel.value.impl.ModifiableRecord
5010
RGL_VALUE_10277 class nl.tudelft.rdfgears.rgl.datamodel.value.impl.ModifiableRecord
5011
RGL_VALUE_10279 class nl.tudelft.rdfgears.rgl.datamodel.value.impl.ModifiableRecord
5012
RGL_VALUE_10281 class nl.tudelft.rdfgears.rgl.datamodel.value.impl.ModifiableRecord
5013
RGL_VALUE_10283 class nl.tudelft.rdfgears.rgl.datamodel.value.impl.ModifiableRecord
5014
RGL_VALUE_10285 class nl.tudelft.rdfgears.rgl.datamodel.value.impl.ModifiableRecord
5015
RGL_VALUE_10287 class nl.tudelft.rdfgears.rgl.datamodel.value.impl.ModifiableRecord
5016
RGL_VALUE_10289 class nl.tudelft.rdfgears.rgl.datamodel.value.impl.ModifiableRecord
5017
RGL_VALUE_10291 class nl.tudelft.rdfgears.rgl.datamodel.value.impl.ModifiableRecord
5018
RGL_VALUE_10293 class nl.tudelft.rdfgears.rgl.datamodel.value.impl.ModifiableRecord
5019
RGL_VALUE_10295 class nl.tudelft.rdfgears.rgl.datamodel.value.impl.ModifiableRecord
5020
RGL_VALUE_10297 class nl.tudelft.rdfgears.rgl.datamodel.value.impl.ModifiableRecord
5021
RGL_VALUE_10299 class nl.tudelft.rdfgears.rgl.datamodel.value.impl.ModifiableRecord
5022
RGL_VALUE_10301 class nl.tudelft.rdfgears.rgl.datamodel.value.impl.ModifiableRecord
5023
RGL_VALUE_10303 class nl.tudelft.rdfgears.rgl.datamodel.value.impl.ModifiableRecord
5024
RGL_VALUE_10305 class nl.tudelft.rdfgears.rgl.datamodel.value.impl.ModifiableRecord
5025
RGL_VALUE_10307 class nl.tudelft.rdfgears.rgl.datamodel.value.impl.ModifiableRecord
5026
RGL_VALUE_10309 class nl.tudelft.rdfgears.rgl.datamodel.value.impl.ModifiableRecord
5027
RGL_VALUE_10311 class nl.tudelft.rdfgears.rgl.datamodel.value.impl.ModifiableRecord
5028
RGL_VALUE_10313 class nl.tudelft.rdfgears.rgl.datamodel.value.impl.ModifiableRecord
5029
RGL_VALUE_10315 class nl.tudelft.rdfgears.rgl.datamodel.value.impl.ModifiableRecord
5030
RGL_VALUE_10317 class nl.tudelft.rdfgears.rgl.datamodel.value.impl.ModifiableRecord
5031
RGL_VALUE_10319 class nl.tudelft.rdfgears.rgl.datamodel.value.impl.ModifiableRecord
5032
RGL_VALUE_10321 class nl.tudelft.rdfgears.rgl.datamodel.value.impl.ModifiableRecord
5033
RGL_VALUE_10323 class nl.tudelft.rdfgears.rgl.datamodel.value.impl.ModifiableRecord
5034
RGL_VALUE_10325 class nl.tudelft.rdfgears.rgl.datamodel.value.impl.ModifiableRecord
5035
RGL_VALUE_10327 class nl.tudelft.rdfgears.rgl.datamodel.value.impl.ModifiableRecord
5036
RGL_VALUE_10329 class nl.tudelft.rdfgears.rgl.datamodel.value.impl.ModifiableRecord
5037
RGL_VALUE_10331 class nl.tudelft.rdfgears.rgl.datamodel.value.impl.ModifiableRecord
5038
RGL_VALUE_10333 class nl.tudelft.rdfgears.rgl.datamodel.value.impl.ModifiableRecord
5039
RGL_VALUE_10335 class nl.tudelft.rdfgears.rgl.datamodel.value.impl.ModifiableRecord
5040
RGL_VALUE_10337 class nl.tudelft.rdfgears.rgl.datamodel.value.impl.ModifiableRecord
5041
RGL_VALUE_10339 class nl.tudelft.rdfgears.rgl.datamodel.value.impl.ModifiableRecord
5042
RGL_VALUE_10341 class nl.tudelft.rdfgears.rgl.datamodel.value.impl.ModifiableRecord
5043
RGL_VALUE_10343 class nl.tudelft.rdfgears.rgl.datamodel.value.impl.ModifiableRecord
5044
RGL_VALUE_10345 class nl.tudelft.rdfgears.rgl.datamodel.value.impl.ModifiableRecord
5045
RGL_VALUE_10347 class nl.tudelft.rdfgears.rgl.datamodel.value.impl.ModifiableRecord
5046
RGL_VALUE_10349 class nl.tudelft.rdfgears.rgl.datamodel.value.impl.ModifiableRecord
5047
RGL_VALUE_10351 class nl.tudelft.rdfgears.rgl.datamodel.value.impl.ModifiableRecord
5048
RGL_VALUE_10353 class nl.tudelft.rdfgears.rgl.datamodel.value.impl.ModifiableRecord
5049
RGL_VALUE_10355 class nl.tudelft.rdfgears.rgl.datamodel.value.impl.ModifiableRecord
5050
RGL_VALUE_10357 class nl.tudelft.rdfgears.rgl.datamodel.value.impl.ModifiableRecord
5051
RGL_VALUE_10359 class nl.tudelft.rdfgears.rgl.datamodel.value.impl.ModifiableRecord
5052
RGL_VALUE_10361 class nl.tudelft.rdfgears.rgl.datamodel.value.impl.ModifiableRecord
5053
RGL_VALUE_10363 class nl.tudelft.rdfgears.rgl.datamodel.value.impl.ModifiableRecord
5054
RGL_VALUE_10365 class nl.tudelft.rdfgears.rgl.datamodel.value.impl.ModifiableRecord
5055
RGL_VALUE_10367 class nl.tudelft.rdfgears.rgl.datamodel.value.impl.ModifiableRecord
5056
RGL_VALUE_10369 class nl.tudelft.rdfgears.rgl.datamodel.value.impl.ModifiableRecord
5057
RGL_VALUE_10371 class nl.tudelft.rdfgears.rgl.datamodel.value.impl.ModifiableRecord
5058
RGL_VALUE_10373 class nl.tudelft.rdfgears.rgl.datamodel.value.impl.ModifiableRecord
5059
RGL_VALUE_10375 class nl.tudelft.rdfgears.rgl.datamodel.value.impl.ModifiableRecord
5060
RGL_VALUE_10377 class nl.tudelft.rdfgears.rgl.datamodel.value.impl.ModifiableRecord
5061
RGL_VALUE_10379 class nl.tudelft.rdfgears.rgl.datamodel.value.impl.ModifiableRecord
5062
RGL_VALUE_10381 class nl.tudelft.rdfgears.rgl.datamodel.value.impl.ModifiableRecord
5063
RGL_VALUE_10383 class nl.tudelft.rdfgears.rgl.datamodel.value.impl.ModifiableRecord
5064
RGL_VALUE_10385 class nl.tudelft.rdfgears.rgl.datamodel.value.impl.ModifiableRecord
5065
RGL_VALUE_10387 class nl.tudelft.rdfgears.rgl.datamodel.value.impl.ModifiableRecord
5066
RGL_VALUE_10389 class nl.tudelft.rdfgears.rgl.datamodel.value.impl.ModifiableRecord
5067
RGL_VALUE_10391 class nl.tudelft.rdfgears.rgl.datamodel.value.impl.ModifiableRecord
5068
RGL_VALUE_10393 class nl.tudelft.rdfgears.rgl.datamodel.value.impl.ModifiableRecord
5069
RGL_VALUE_10395 class nl.tudelft.rdfgears.rgl.datamodel.value.impl.ModifiableRecord
5070
RGL_VALUE_10397 class nl.tudelft.rdfgears.rgl.datamodel.value.impl.ModifiableRecord
5071
RGL_VALUE_10399 class nl.tudelft.rdfgears.rgl.datamodel.value.impl.ModifiableRecord
5072
RGL_VALUE_10401 class nl.tudelft.rdfgears.rgl.datamodel.value.impl.ModifiableRecord
5073
RGL_VALUE_10403 class nl.tudelft.rdfgears.rgl.datamodel.value.impl.ModifiableRecord
5074
RGL_VALUE_10405 class nl.tudelft.rdfgears.rgl.datamodel.value.impl.ModifiableRecord
5075
RGL_VALUE_10407 class nl.tudelft.rdfgears.rgl.datamodel.value.impl.ModifiableRecord
5076
RGL_VALUE_10409 class nl.tudelft.rdfgears.rgl.datamodel.value.impl.ModifiableRecord
5077
RGL_VALUE_10411 class nl.tudelft.rdfgears.rgl.datamodel.value.impl.ModifiableRecord
5078
RGL_VALUE_10413 class nl.tudelft.rdfgears.rgl.datamodel.value.impl.ModifiableRecord
5079
RGL_VALUE_10415 class nl.tudelft.rdfgears.rgl.datamodel.value.impl.ModifiableRecord
5080
RGL_VALUE_10417 class nl.tudelft.rdfgears.rgl.datamodel.value.impl.ModifiableRecord
5081
RGL_VALUE_10419 class nl.tudelft.rdfgears.rgl.datamodel.value.impl.ModifiableRecord
5082
RGL_VALUE_10421 class nl.tudelft.rdfgears.rgl.datamodel.value.impl.ModifiableRecord
5083
RGL_VALUE_10423 class nl.tudelft.rdfgears.rgl.datamodel.value.impl.ModifiableRecord
5084
RGL_VALUE_10425 class nl.tudelft.rdfgears.rgl.datamodel.value.impl.ModifiableRecord
5085
RGL_VALUE_10427 class nl.tudelft.rdfgears.rgl.datamodel.value.impl.ModifiableRecord
5086
RGL_VALUE_10429 class nl.tudelft.rdfgears.rgl.datamodel.value.impl.ModifiableRecord
5087
RGL_VALUE_10431 class nl.tudelft.rdfgears.rgl.datamodel.value.impl.ModifiableRecord
5088
RGL_VALUE_10433 class nl.tudelft.rdfgears.rgl.datamodel.value.impl.ModifiableRecord
5089
RGL_VALUE_10435 class nl.tudelft.rdfgears.rgl.datamodel.value.impl.ModifiableRecord
5090
RGL_VALUE_10437 class nl.tudelft.rdfgears.rgl.datamodel.value.impl.ModifiableRecord
5091
RGL_VALUE_10439 class nl.tudelft.rdfgears.rgl.datamodel.value.impl.ModifiableRecord
5092
RGL_VALUE_10441 class nl.tudelft.rdfgears.rgl.datamodel.value.impl.ModifiableRecord
5093
RGL_VALUE_10443 class nl.tudelft.rdfgears.rgl.datamodel.value.impl.ModifiableRecord
5094
RGL_VALUE_10445 class nl.tudelft.rdfgears.rgl.datamodel.value.impl.ModifiableRecord
5095
RGL_VALUE_10447 class nl.tudelft.rdfgears.rgl.datamodel.value.impl.ModifiableRecord
5096
RGL_VALUE_10449 class nl.tudelft.rdfgears.rgl.datamodel.value.impl.ModifiableRecord
5097
RGL_VALUE_10451 class nl.tudelft.rdfgears.rgl.datamodel.value.impl.ModifiableRecord
5098
RGL_VALUE_10453 class nl.tudelft.rdfgears.rgl.datamodel.value.impl.ModifiableRecord
5099
RGL_VALUE_10455 class nl.tudelft.rdfgears.rgl.datamodel.value.impl.ModifiableRecord
5100
RGL_VALUE_10458 class nl.tudelft.rdfgears.rgl.datamodel.value.impl.ModifiableRecord
5101
RGL_VALUE_10460 class nl.tudelft.rdfgears.rgl.datamodel.value.impl.ModifiableRecord
5102
RGL_VALUE_10462 class nl.tudelft.rdfgears.rgl.datamodel.value.impl.ModifiableRecord
5103
RGL_VALUE_10464 class nl.tudelft.rdfgears.rgl.datamodel.value.impl.ModifiableRecord
5104
RGL_VALUE_10466 class nl.tudelft.rdfgears.rgl.datamodel.value.impl.ModifiableRecord
5105
RGL_VALUE_10468 class nl.tudelft.rdfgears.rgl.datamodel.value.impl.ModifiableRecord
5106
RGL_VALUE_10470 class nl.tudelft.rdfgears.rgl.datamodel.value.impl.ModifiableRecord
5107
RGL_VALUE_10472 class nl.tudelft.rdfgears.rgl.datamodel.value.impl.ModifiableRecord
5108
RGL_VALUE_10474 class nl.tudelft.rdfgears.rgl.datamodel.value.impl.ModifiableRecord
5109
RGL_VALUE_10476 class nl.tudelft.rdfgears.rgl.datamodel.value.impl.ModifiableRecord
5110
RGL_VALUE_10478 class nl.tudelft.rdfgears.rgl.datamodel.value.impl.ModifiableRecord
5111
RGL_VALUE_10480 class nl.tudelft.rdfgears.rgl.datamodel.value.impl.ModifiableRecord
5112
RGL_VALUE_10482 class nl.tudelft.rdfgears.rgl.datamodel.value.impl.ModifiableRecord
5113
RGL_VALUE_10484 class nl.tudelft.rdfgears.rgl.datamodel.value.impl.ModifiableRecord
5114
RGL_VALUE_10486 class nl.tudelft.rdfgears.rgl.datamodel.value.impl.ModifiableRecord
5115
RGL_VALUE_10488 class nl.tudelft.rdfgears.rgl.datamodel.value.impl.ModifiableRecord
5116
RGL_VALUE_10490 class nl.tudelft.rdfgears.rgl.datamodel.value.impl.ModifiableRecord
5117
RGL_VALUE_10492 class nl.tudelft.rdfgears.rgl.datamodel.value.impl.ModifiableRecord
5118
RGL_VALUE_10494 class nl.tudelft.rdfgears.rgl.datamodel.value.impl.ModifiableRecord
5119
RGL_VALUE_10496 class nl.tudelft.rdfgears.rgl.datamodel.value.impl.ModifiableRecord
5120
RGL_VALUE_10498 class nl.tudelft.rdfgears.rgl.datamodel.value.impl.ModifiableRecord
5121
RGL_VALUE_10500 class nl.tudelft.rdfgears.rgl.datamodel.value.impl.ModifiableRecord
5122
RGL_VALUE_10502 class nl.tudelft.rdfgears.rgl.datamodel.value.impl.ModifiableRecord
5123
RGL_VALUE_10504 class nl.tudelft.rdfgears.rgl.datamodel.value.impl.ModifiableRecord
5124
RGL_VALUE_10506 class nl.tudelft.rdfgears.rgl.datamodel.value.impl.ModifiableRecord
5125
RGL_VALUE_10508 class nl.tudelft.rdfgears.rgl.datamodel.value.impl.ModifiableRecord
5126
RGL_VALUE_10510 class nl.tudelft.rdfgears.rgl.datamodel.value.impl.ModifiableRecord
5127
RGL_VALUE_10512 class nl.tudelft.rdfgears.rgl.datamodel.value.impl.ModifiableRecord
5128
RGL_VALUE_10514 class nl.tudelft.rdfgears.rgl.datamodel.value.impl.ModifiableRecord
5129
RGL_VALUE_10516 class nl.tudelft.rdfgears.rgl.datamodel.value.impl.ModifiableRecord
5130
RGL_VALUE_10518 class nl.tudelft.rdfgears.rgl.datamodel.value.impl.ModifiableRecord
5131
RGL_VALUE_10520 class nl.tudelft.rdfgears.rgl.datamodel.value.impl.ModifiableRecord
5132
RGL_VALUE_10522 class nl.tudelft.rdfgears.rgl.datamodel.value.impl.ModifiableRecord
5133
RGL_VALUE_10524 class nl.tudelft.rdfgears.rgl.datamodel.value.impl.ModifiableRecord
5134
RGL_VALUE_10526 class nl.tudelft.rdfgears.rgl.datamodel.value.impl.ModifiableRecord
5135
RGL_VALUE_10528 class nl.tudelft.rdfgears.rgl.datamodel.value.impl.ModifiableRecord
5136
RGL_VALUE_10530 class nl.tudelft.rdfgears.rgl.datamodel.value.impl.ModifiableRecord
5137
RGL_VALUE_10532 class nl.tudelft.rdfgears.rgl.datamodel.value.impl.ModifiableRecord
5138
RGL_VALUE_10534 class nl.tudelft.rdfgears.rgl.datamodel.value.impl.ModifiableRecord
5139
RGL_VALUE_10536 class nl.tudelft.rdfgears.rgl.datamodel.value.impl.ModifiableRecord
5140
RGL_VALUE_10538 class nl.tudelft.rdfgears.rgl.datamodel.value.impl.ModifiableRecord
5141
RGL_VALUE_10540 class nl.tudelft.rdfgears.rgl.datamodel.value.impl.ModifiableRecord
5142
RGL_VALUE_10542 class nl.tudelft.rdfgears.rgl.datamodel.value.impl.ModifiableRecord
5143
RGL_VALUE_10544 class nl.tudelft.rdfgears.rgl.datamodel.value.impl.ModifiableRecord
5144
RGL_VALUE_10546 class nl.tudelft.rdfgears.rgl.datamodel.value.impl.ModifiableRecord
5145
RGL_VALUE_10548 class nl.tudelft.rdfgears.rgl.datamodel.value.impl.ModifiableRecord
5146
RGL_VALUE_10550 class nl.tudelft.rdfgears.rgl.datamodel.value.impl.ModifiableRecord
5147
RGL_VALUE_10552 class nl.tudelft.rdfgears.rgl.datamodel.value.impl.ModifiableRecord
5148
RGL_VALUE_10554 class nl.tudelft.rdfgears.rgl.datamodel.value.impl.ModifiableRecord
5149
RGL_VALUE_10556 class nl.tudelft.rdfgears.rgl.datamodel.value.impl.ModifiableRecord
5150
RGL_VALUE_10558 class nl.tudelft.rdfgears.rgl.datamodel.value.impl.ModifiableRecord
5151
RGL_VALUE_10560 class nl.tudelft.rdfgears.rgl.datamodel.value.impl.ModifiableRecord
5152
RGL_VALUE_10562 class nl.tudelft.rdfgears.rgl.datamodel.value.impl.ModifiableRecord
5153
RGL_VALUE_10564 class nl.tudelft.rdfgears.rgl.datamodel.value.impl.ModifiableRecord
5154
RGL_VALUE_10566 class nl.tudelft.rdfgears.rgl.datamodel.value.impl.ModifiableRecord
5155
RGL_VALUE_10568 class nl.tudelft.rdfgears.rgl.datamodel.value.impl.ModifiableRecord
5156
RGL_VALUE_10570 class nl.tudelft.rdfgears.rgl.datamodel.value.impl.ModifiableRecord
5157
RGL_VALUE_10572 class nl.tudelft.rdfgears.rgl.datamodel.value.impl.ModifiableRecord
5158
RGL_VALUE_10574 class nl.tudelft.rdfgears.rgl.datamodel.value.impl.ModifiableRecord
5159
RGL_VALUE_10576 class nl.tudelft.rdfgears.rgl.datamodel.value.impl.ModifiableRecord
5160
RGL_VALUE_10578 class nl.tudelft.rdfgears.rgl.datamodel.value.impl.ModifiableRecord
5161
RGL_VALUE_10580 class nl.tudelft.rdfgears.rgl.datamodel.value.impl.ModifiableRecord
5162
RGL_VALUE_10582 class nl.tudelft.rdfgears.rgl.datamodel.value.impl.ModifiableRecord
5163
RGL_VALUE_10584 class nl.tudelft.rdfgears.rgl.datamodel.value.impl.ModifiableRecord
5164
RGL_VALUE_10586 class nl.tudelft.rdfgears.rgl.datamodel.value.impl.ModifiableRecord
5165
RGL_VALUE_10588 class nl.tudelft.rdfgears.rgl.datamodel.value.impl.ModifiableRecord
5166
RGL_VALUE_10590 class nl.tudelft.rdfgears.rgl.datamodel.value.impl.ModifiableRecord
5167
RGL_VALUE_10592 class nl.tudelft.rdfgears.rgl.datamodel.value.impl.ModifiableRecord
5168
RGL_VALUE_10594 class nl.tudelft.rdfgears.rgl.datamodel.value.impl.ModifiableRecord
5169
RGL_VALUE_10596 class nl.tudelft.rdfgears.rgl.datamodel.value.impl.ModifiableRecord
5170
RGL_VALUE_10598 class nl.tudelft.rdfgears.rgl.datamodel.value.impl.ModifiableRecord
5171
RGL_VALUE_10600 class nl.tudelft.rdfgears.rgl.datamodel.value.impl.ModifiableRecord
5172
RGL_VALUE_10602 class nl.tudelft.rdfgears.rgl.datamodel.value.impl.ModifiableRecord
5173
RGL_VALUE_10604 class nl.tudelft.rdfgears.rgl.datamodel.value.impl.ModifiableRecord
5174
RGL_VALUE_10606 class nl.tudelft.rdfgears.rgl.datamodel.value.impl.ModifiableRecord
5175
RGL_VALUE_10608 class nl.tudelft.rdfgears.rgl.datamodel.value.impl.ModifiableRecord
5176
RGL_VALUE_10610 class nl.tudelft.rdfgears.rgl.datamodel.value.impl.ModifiableRecord
5177
RGL_VALUE_10612 class nl.tudelft.rdfgears.rgl.datamodel.value.impl.ModifiableRecord
5178
RGL_VALUE_10614 class nl.tudelft.rdfgears.rgl.datamodel.value.impl.ModifiableRecord
5179
RGL_VALUE_10616 class nl.tudelft.rdfgears.rgl.datamodel.value.impl.ModifiableRecord
5180
RGL_VALUE_10618 class nl.tudelft.rdfgears.rgl.datamodel.value.impl.ModifiableRecord
5181
RGL_VALUE_10620 class nl.tudelft.rdfgears.rgl.datamodel.value.impl.ModifiableRecord
5182
RGL_VALUE_10622 class nl.tudelft.rdfgears.rgl.datamodel.value.impl.ModifiableRecord
5183
RGL_VALUE_10624 class nl.tudelft.rdfgears.rgl.datamodel.value.impl.ModifiableRecord
5184
RGL_VALUE_10626 class nl.tudelft.rdfgears.rgl.datamodel.value.impl.ModifiableRecord
5185
RGL_VALUE_10628 class nl.tudelft.rdfgears.rgl.datamodel.value.impl.ModifiableRecord
5186
RGL_VALUE_10630 class nl.tudelft.rdfgears.rgl.datamodel.value.impl.ModifiableRecord
5187
RGL_VALUE_10632 class nl.tudelft.rdfgears.rgl.datamodel.value.impl.ModifiableRecord
5188
RGL_VALUE_10634 class nl.tudelft.rdfgears.rgl.datamodel.value.impl.ModifiableRecord
5189
RGL_VALUE_10636 class nl.tudelft.rdfgears.rgl.datamodel.value.impl.ModifiableRecord
5190
RGL_VALUE_10638 class nl.tudelft.rdfgears.rgl.datamodel.value.impl.ModifiableRecord
5191
RGL_VALUE_10640 class nl.tudelft.rdfgears.rgl.datamodel.value.impl.ModifiableRecord
5192
RGL_VALUE_10642 class nl.tudelft.rdfgears.rgl.datamodel.value.impl.ModifiableRecord
5193
RGL_VALUE_10644 class nl.tudelft.rdfgears.rgl.datamodel.value.impl.ModifiableRecord
5194
RGL_VALUE_10646 class nl.tudelft.rdfgears.rgl.datamodel.value.impl.ModifiableRecord
5195
RGL_VALUE_10648 class nl.tudelft.rdfgears.rgl.datamodel.value.impl.ModifiableRecord
5196
RGL_VALUE_10650 class nl.tudelft.rdfgears.rgl.datamodel.value.impl.ModifiableRecord
5197
RGL_VALUE_10652 class nl.tudelft.rdfgears.rgl.datamodel.value.impl.ModifiableRecord
5198
RGL_VALUE_10654 class nl.tudelft.rdfgears.rgl.datamodel.value.impl.ModifiableRecord
5199
RGL_VALUE_10656 class nl.tudelft.rdfgears.rgl.datamodel.value.impl.ModifiableRecord
5200
RGL_VALUE_10659 class nl.tudelft.rdfgears.rgl.datamodel.value.impl.ModifiableRecord
5201
RGL_VALUE_10661 class nl.tudelft.rdfgears.rgl.datamodel.value.impl.ModifiableRecord
5202
RGL_VALUE_10663 class nl.tudelft.rdfgears.rgl.datamodel.value.impl.ModifiableRecord
5203
RGL_VALUE_10665 class nl.tudelft.rdfgears.rgl.datamodel.value.impl.ModifiableRecord
5204
RGL_VALUE_10667 class nl.tudelft.rdfgears.rgl.datamodel.value.impl.ModifiableRecord
5205
RGL_VALUE_10669 class nl.tudelft.rdfgears.rgl.datamodel.value.impl.ModifiableRecord
5206
RGL_VALUE_10671 class nl.tudelft.rdfgears.rgl.datamodel.value.impl.ModifiableRecord
5207
RGL_VALUE_10673 class nl.tudelft.rdfgears.rgl.datamodel.value.impl.ModifiableRecord
5208
RGL_VALUE_10675 class nl.tudelft.rdfgears.rgl.datamodel.value.impl.ModifiableRecord
5209
RGL_VALUE_10677 class nl.tudelft.rdfgears.rgl.datamodel.value.impl.ModifiableRecord
5210
RGL_VALUE_10679 class nl.tudelft.rdfgears.rgl.datamodel.value.impl.ModifiableRecord
5211
RGL_VALUE_10681 class nl.tudelft.rdfgears.rgl.datamodel.value.impl.ModifiableRecord
5212
RGL_VALUE_10683 class nl.tudelft.rdfgears.rgl.datamodel.value.impl.ModifiableRecord
5213
RGL_VALUE_10685 class nl.tudelft.rdfgears.rgl.datamodel.value.impl.ModifiableRecord
5214
RGL_VALUE_10687 class nl.tudelft.rdfgears.rgl.datamodel.value.impl.ModifiableRecord
5215
RGL_VALUE_10689 class nl.tudelft.rdfgears.rgl.datamodel.value.impl.ModifiableRecord
5216
RGL_VALUE_10691 class nl.tudelft.rdfgears.rgl.datamodel.value.impl.ModifiableRecord
5217
RGL_VALUE_10693 class nl.tudelft.rdfgears.rgl.datamodel.value.impl.ModifiableRecord
5218
RGL_VALUE_10695 class nl.tudelft.rdfgears.rgl.datamodel.value.impl.ModifiableRecord
5219
RGL_VALUE_10697 class nl.tudelft.rdfgears.rgl.datamodel.value.impl.ModifiableRecord
5220
RGL_VALUE_10699 class nl.tudelft.rdfgears.rgl.datamodel.value.impl.ModifiableRecord
5221
RGL_VALUE_10701 class nl.tudelft.rdfgears.rgl.datamodel.value.impl.ModifiableRecord
5222
RGL_VALUE_10703 class nl.tudelft.rdfgears.rgl.datamodel.value.impl.ModifiableRecord
5223
RGL_VALUE_10705 class nl.tudelft.rdfgears.rgl.datamodel.value.impl.ModifiableRecord
5224
RGL_VALUE_10707 class nl.tudelft.rdfgears.rgl.datamodel.value.impl.ModifiableRecord
5225
RGL_VALUE_10709 class nl.tudelft.rdfgears.rgl.datamodel.value.impl.ModifiableRecord
5226
RGL_VALUE_10711 class nl.tudelft.rdfgears.rgl.datamodel.value.impl.ModifiableRecord
5227
RGL_VALUE_10713 class nl.tudelft.rdfgears.rgl.datamodel.value.impl.ModifiableRecord
5228
RGL_VALUE_10715 class nl.tudelft.rdfgears.rgl.datamodel.value.impl.ModifiableRecord
5229
RGL_VALUE_10717 class nl.tudelft.rdfgears.rgl.datamodel.value.impl.ModifiableRecord
5230
RGL_VALUE_10719 class nl.tudelft.rdfgears.rgl.datamodel.value.impl.ModifiableRecord
5231
RGL_VALUE_10721 class nl.tudelft.rdfgears.rgl.datamodel.value.impl.ModifiableRecord
5232
RGL_VALUE_10723 class nl.tudelft.rdfgears.rgl.datamodel.value.impl.ModifiableRecord
5233
RGL_VALUE_10725 class nl.tudelft.rdfgears.rgl.datamodel.value.impl.ModifiableRecord
5234
RGL_VALUE_10727 class nl.tudelft.rdfgears.rgl.datamodel.value.impl.ModifiableRecord
5235
RGL_VALUE_10729 class nl.tudelft.rdfgears.rgl.datamodel.value.impl.ModifiableRecord
5236
RGL_VALUE_10731 class nl.tudelft.rdfgears.rgl.datamodel.value.impl.ModifiableRecord
5237
RGL_VALUE_10733 class nl.tudelft.rdfgears.rgl.datamodel.value.impl.ModifiableRecord
5238
RGL_VALUE_10735 class nl.tudelft.rdfgears.rgl.datamodel.value.impl.ModifiableRecord
5239
RGL_VALUE_10737 class nl.tudelft.rdfgears.rgl.datamodel.value.impl.ModifiableRecord
5240
RGL_VALUE_10739 class nl.tudelft.rdfgears.rgl.datamodel.value.impl.ModifiableRecord
5241
RGL_VALUE_10741 class nl.tudelft.rdfgears.rgl.datamodel.value.impl.ModifiableRecord
5242
RGL_VALUE_10743 class nl.tudelft.rdfgears.rgl.datamodel.value.impl.ModifiableRecord
5243
RGL_VALUE_10745 class nl.tudelft.rdfgears.rgl.datamodel.value.impl.ModifiableRecord
5244
RGL_VALUE_10747 class nl.tudelft.rdfgears.rgl.datamodel.value.impl.ModifiableRecord
5245
RGL_VALUE_10749 class nl.tudelft.rdfgears.rgl.datamodel.value.impl.ModifiableRecord
5246
RGL_VALUE_10751 class nl.tudelft.rdfgears.rgl.datamodel.value.impl.ModifiableRecord
5247
RGL_VALUE_10753 class nl.tudelft.rdfgears.rgl.datamodel.value.impl.ModifiableRecord
5248
RGL_VALUE_10755 class nl.tudelft.rdfgears.rgl.datamodel.value.impl.ModifiableRecord
5249
RGL_VALUE_10757 class nl.tudelft.rdfgears.rgl.datamodel.value.impl.ModifiableRecord
5250
RGL_VALUE_10759 class nl.tudelft.rdfgears.rgl.datamodel.value.impl.ModifiableRecord
5251
RGL_VALUE_10761 class nl.tudelft.rdfgears.rgl.datamodel.value.impl.ModifiableRecord
5252
RGL_VALUE_10763 class nl.tudelft.rdfgears.rgl.datamodel.value.impl.ModifiableRecord
5253
RGL_VALUE_10765 class nl.tudelft.rdfgears.rgl.datamodel.value.impl.ModifiableRecord
5254
RGL_VALUE_10767 class nl.tudelft.rdfgears.rgl.datamodel.value.impl.ModifiableRecord
5255
RGL_VALUE_10769 class nl.tudelft.rdfgears.rgl.datamodel.value.impl.ModifiableRecord
5256
RGL_VALUE_10771 class nl.tudelft.rdfgears.rgl.datamodel.value.impl.ModifiableRecord
5257
RGL_VALUE_10773 class nl.tudelft.rdfgears.rgl.datamodel.value.impl.ModifiableRecord
5258
RGL_VALUE_10775 class nl.tudelft.rdfgears.rgl.datamodel.value.impl.ModifiableRecord
5259
RGL_VALUE_10777 class nl.tudelft.rdfgears.rgl.datamodel.value.impl.ModifiableRecord
5260
RGL_VALUE_10779 class nl.tudelft.rdfgears.rgl.datamodel.value.impl.ModifiableRecord
5261
RGL_VALUE_10781 class nl.tudelft.rdfgears.rgl.datamodel.value.impl.ModifiableRecord
5262
RGL_VALUE_10783 class nl.tudelft.rdfgears.rgl.datamodel.value.impl.ModifiableRecord
5263
RGL_VALUE_10785 class nl.tudelft.rdfgears.rgl.datamodel.value.impl.ModifiableRecord
5264
RGL_VALUE_10787 class nl.tudelft.rdfgears.rgl.datamodel.value.impl.ModifiableRecord
5265
RGL_VALUE_10789 class nl.tudelft.rdfgears.rgl.datamodel.value.impl.ModifiableRecord
5266
RGL_VALUE_10791 class nl.tudelft.rdfgears.rgl.datamodel.value.impl.ModifiableRecord
5267
RGL_VALUE_10793 class nl.tudelft.rdfgears.rgl.datamodel.value.impl.ModifiableRecord
5268
RGL_VALUE_10795 class nl.tudelft.rdfgears.rgl.datamodel.value.impl.ModifiableRecord
5269
RGL_VALUE_10797 class nl.tudelft.rdfgears.rgl.datamodel.value.impl.ModifiableRecord
5270
RGL_VALUE_10799 class nl.tudelft.rdfgears.rgl.datamodel.value.impl.ModifiableRecord
5271
RGL_VALUE_10801 class nl.tudelft.rdfgears.rgl.datamodel.value.impl.ModifiableRecord
5272
RGL_VALUE_10803 class nl.tudelft.rdfgears.rgl.datamodel.value.impl.ModifiableRecord
5273
RGL_VALUE_10805 class nl.tudelft.rdfgears.rgl.datamodel.value.impl.ModifiableRecord
5274
RGL_VALUE_10807 class nl.tudelft.rdfgears.rgl.datamodel.value.impl.ModifiableRecord
5275
RGL_VALUE_10809 class nl.tudelft.rdfgears.rgl.datamodel.value.impl.ModifiableRecord
5276
RGL_VALUE_10811 class nl.tudelft.rdfgears.rgl.datamodel.value.impl.ModifiableRecord
5277
RGL_VALUE_10813 class nl.tudelft.rdfgears.rgl.datamodel.value.impl.ModifiableRecord
5278
RGL_VALUE_10815 class nl.tudelft.rdfgears.rgl.datamodel.value.impl.ModifiableRecord
5279
RGL_VALUE_10817 class nl.tudelft.rdfgears.rgl.datamodel.value.impl.ModifiableRecord
5280
RGL_VALUE_10819 class nl.tudelft.rdfgears.rgl.datamodel.value.impl.ModifiableRecord
5281
RGL_VALUE_10821 class nl.tudelft.rdfgears.rgl.datamodel.value.impl.ModifiableRecord
5282
RGL_VALUE_10823 class nl.tudelft.rdfgears.rgl.datamodel.value.impl.ModifiableRecord
5283
RGL_VALUE_10825 class nl.tudelft.rdfgears.rgl.datamodel.value.impl.ModifiableRecord
5284
RGL_VALUE_10827 class nl.tudelft.rdfgears.rgl.datamodel.value.impl.ModifiableRecord
5285
RGL_VALUE_10829 class nl.tudelft.rdfgears.rgl.datamodel.value.impl.ModifiableRecord
5286
RGL_VALUE_10831 class nl.tudelft.rdfgears.rgl.datamodel.value.impl.ModifiableRecord
5287
RGL_VALUE_10833 class nl.tudelft.rdfgears.rgl.datamodel.value.impl.ModifiableRecord
5288
RGL_VALUE_10835 class nl.tudelft.rdfgears.rgl.datamodel.value.impl.ModifiableRecord
5289
RGL_VALUE_10837 class nl.tudelft.rdfgears.rgl.datamodel.value.impl.ModifiableRecord
5290
RGL_VALUE_10839 class nl.tudelft.rdfgears.rgl.datamodel.value.impl.ModifiableRecord
5291
RGL_VALUE_10841 class nl.tudelft.rdfgears.rgl.datamodel.value.impl.ModifiableRecord
5292
RGL_VALUE_10843 class nl.tudelft.rdfgears.rgl.datamodel.value.impl.ModifiableRecord
5293
RGL_VALUE_10845 class nl.tudelft.rdfgears.rgl.datamodel.value.impl.ModifiableRecord
5294
RGL_VALUE_10847 class nl.tudelft.rdfgears.rgl.datamodel.value.impl.ModifiableRecord
5295
RGL_VALUE_10849 class nl.tudelft.rdfgears.rgl.datamodel.value.impl.ModifiableRecord
5296
RGL_VALUE_10851 class nl.tudelft.rdfgears.rgl.datamodel.value.impl.ModifiableRecord
5297
RGL_VALUE_10853 class nl.tudelft.rdfgears.rgl.datamodel.value.impl.ModifiableRecord
5298
RGL_VALUE_10855 class nl.tudelft.rdfgears.rgl.datamodel.value.impl.ModifiableRecord
5299
RGL_VALUE_10857 class nl.tudelft.rdfgears.rgl.datamodel.value.impl.ModifiableRecord
5300
RGL_VALUE_10860 class nl.tudelft.rdfgears.rgl.datamodel.value.impl.ModifiableRecord
5301
RGL_VALUE_10862 class nl.tudelft.rdfgears.rgl.datamodel.value.impl.ModifiableRecord
5302
RGL_VALUE_10864 class nl.tudelft.rdfgears.rgl.datamodel.value.impl.ModifiableRecord
5303
RGL_VALUE_10866 class nl.tudelft.rdfgears.rgl.datamodel.value.impl.ModifiableRecord
5304
RGL_VALUE_10868 class nl.tudelft.rdfgears.rgl.datamodel.value.impl.ModifiableRecord
5305
RGL_VALUE_10870 class nl.tudelft.rdfgears.rgl.datamodel.value.impl.ModifiableRecord
5306
RGL_VALUE_10872 class nl.tudelft.rdfgears.rgl.datamodel.value.impl.ModifiableRecord
5307
RGL_VALUE_10874 class nl.tudelft.rdfgears.rgl.datamodel.value.impl.ModifiableRecord
5308
RGL_VALUE_10876 class nl.tudelft.rdfgears.rgl.datamodel.value.impl.ModifiableRecord
5309
RGL_VALUE_10878 class nl.tudelft.rdfgears.rgl.datamodel.value.impl.ModifiableRecord
5310
RGL_VALUE_10880 class nl.tudelft.rdfgears.rgl.datamodel.value.impl.ModifiableRecord
5311
RGL_VALUE_10882 class nl.tudelft.rdfgears.rgl.datamodel.value.impl.ModifiableRecord
5312
RGL_VALUE_10884 class nl.tudelft.rdfgears.rgl.datamodel.value.impl.ModifiableRecord
5313
RGL_VALUE_10886 class nl.tudelft.rdfgears.rgl.datamodel.value.impl.ModifiableRecord
5314
RGL_VALUE_10888 class nl.tudelft.rdfgears.rgl.datamodel.value.impl.ModifiableRecord
5315
RGL_VALUE_10890 class nl.tudelft.rdfgears.rgl.datamodel.value.impl.ModifiableRecord
5316
RGL_VALUE_10892 class nl.tudelft.rdfgears.rgl.datamodel.value.impl.ModifiableRecord
5317
RGL_VALUE_10894 class nl.tudelft.rdfgears.rgl.datamodel.value.impl.ModifiableRecord
5318
RGL_VALUE_10896 class nl.tudelft.rdfgears.rgl.datamodel.value.impl.ModifiableRecord
5319
RGL_VALUE_10898 class nl.tudelft.rdfgears.rgl.datamodel.value.impl.ModifiableRecord
5320
RGL_VALUE_10900 class nl.tudelft.rdfgears.rgl.datamodel.value.impl.ModifiableRecord
5321
RGL_VALUE_10902 class nl.tudelft.rdfgears.rgl.datamodel.value.impl.ModifiableRecord
5322
RGL_VALUE_10904 class nl.tudelft.rdfgears.rgl.datamodel.value.impl.ModifiableRecord
5323
RGL_VALUE_10906 class nl.tudelft.rdfgears.rgl.datamodel.value.impl.ModifiableRecord
5324
RGL_VALUE_10908 class nl.tudelft.rdfgears.rgl.datamodel.value.impl.ModifiableRecord
5325
RGL_VALUE_10910 class nl.tudelft.rdfgears.rgl.datamodel.value.impl.ModifiableRecord
5326
RGL_VALUE_10912 class nl.tudelft.rdfgears.rgl.datamodel.value.impl.ModifiableRecord
5327
RGL_VALUE_10914 class nl.tudelft.rdfgears.rgl.datamodel.value.impl.ModifiableRecord
5328
RGL_VALUE_10916 class nl.tudelft.rdfgears.rgl.datamodel.value.impl.ModifiableRecord
5329
RGL_VALUE_10918 class nl.tudelft.rdfgears.rgl.datamodel.value.impl.ModifiableRecord
5330
RGL_VALUE_10920 class nl.tudelft.rdfgears.rgl.datamodel.value.impl.ModifiableRecord
5331
RGL_VALUE_10922 class nl.tudelft.rdfgears.rgl.datamodel.value.impl.ModifiableRecord
5332
RGL_VALUE_10924 class nl.tudelft.rdfgears.rgl.datamodel.value.impl.ModifiableRecord
5333
RGL_VALUE_10926 class nl.tudelft.rdfgears.rgl.datamodel.value.impl.ModifiableRecord
5334
RGL_VALUE_10928 class nl.tudelft.rdfgears.rgl.datamodel.value.impl.ModifiableRecord
5335
RGL_VALUE_10930 class nl.tudelft.rdfgears.rgl.datamodel.value.impl.ModifiableRecord
5336
RGL_VALUE_10932 class nl.tudelft.rdfgears.rgl.datamodel.value.impl.ModifiableRecord
5337
RGL_VALUE_10934 class nl.tudelft.rdfgears.rgl.datamodel.value.impl.ModifiableRecord
5338
RGL_VALUE_10936 class nl.tudelft.rdfgears.rgl.datamodel.value.impl.ModifiableRecord
5339
RGL_VALUE_10938 class nl.tudelft.rdfgears.rgl.datamodel.value.impl.ModifiableRecord
5340
RGL_VALUE_10940 class nl.tudelft.rdfgears.rgl.datamodel.value.impl.ModifiableRecord
5341
RGL_VALUE_10942 class nl.tudelft.rdfgears.rgl.datamodel.value.impl.ModifiableRecord
5342
RGL_VALUE_10944 class nl.tudelft.rdfgears.rgl.datamodel.value.impl.ModifiableRecord
5343
RGL_VALUE_10946 class nl.tudelft.rdfgears.rgl.datamodel.value.impl.ModifiableRecord
5344
RGL_VALUE_10948 class nl.tudelft.rdfgears.rgl.datamodel.value.impl.ModifiableRecord
5345
RGL_VALUE_10950 class nl.tudelft.rdfgears.rgl.datamodel.value.impl.ModifiableRecord
5346
RGL_VALUE_10952 class nl.tudelft.rdfgears.rgl.datamodel.value.impl.ModifiableRecord
5347
RGL_VALUE_10954 class nl.tudelft.rdfgears.rgl.datamodel.value.impl.ModifiableRecord
5348
RGL_VALUE_10956 class nl.tudelft.rdfgears.rgl.datamodel.value.impl.ModifiableRecord
5349
RGL_VALUE_10958 class nl.tudelft.rdfgears.rgl.datamodel.value.impl.ModifiableRecord
5350
RGL_VALUE_10960 class nl.tudelft.rdfgears.rgl.datamodel.value.impl.ModifiableRecord
5351
RGL_VALUE_10962 class nl.tudelft.rdfgears.rgl.datamodel.value.impl.ModifiableRecord
5352
RGL_VALUE_10964 class nl.tudelft.rdfgears.rgl.datamodel.value.impl.ModifiableRecord
5353
RGL_VALUE_10966 class nl.tudelft.rdfgears.rgl.datamodel.value.impl.ModifiableRecord
5354
RGL_VALUE_10968 class nl.tudelft.rdfgears.rgl.datamodel.value.impl.ModifiableRecord
5355
RGL_VALUE_10970 class nl.tudelft.rdfgears.rgl.datamodel.value.impl.ModifiableRecord
5356
RGL_VALUE_10972 class nl.tudelft.rdfgears.rgl.datamodel.value.impl.ModifiableRecord
5357
RGL_VALUE_10974 class nl.tudelft.rdfgears.rgl.datamodel.value.impl.ModifiableRecord
5358
RGL_VALUE_10976 class nl.tudelft.rdfgears.rgl.datamodel.value.impl.ModifiableRecord
5359
RGL_VALUE_10978 class nl.tudelft.rdfgears.rgl.datamodel.value.impl.ModifiableRecord
5360
RGL_VALUE_10980 class nl.tudelft.rdfgears.rgl.datamodel.value.impl.ModifiableRecord
5361
RGL_VALUE_10982 class nl.tudelft.rdfgears.rgl.datamodel.value.impl.ModifiableRecord
5362
RGL_VALUE_10984 class nl.tudelft.rdfgears.rgl.datamodel.value.impl.ModifiableRecord
5363
RGL_VALUE_10986 class nl.tudelft.rdfgears.rgl.datamodel.value.impl.ModifiableRecord
5364
RGL_VALUE_10988 class nl.tudelft.rdfgears.rgl.datamodel.value.impl.ModifiableRecord
5365
RGL_VALUE_10990 class nl.tudelft.rdfgears.rgl.datamodel.value.impl.ModifiableRecord
5366
RGL_VALUE_10992 class nl.tudelft.rdfgears.rgl.datamodel.value.impl.ModifiableRecord
5367
RGL_VALUE_10994 class nl.tudelft.rdfgears.rgl.datamodel.value.impl.ModifiableRecord
5368
RGL_VALUE_10996 class nl.tudelft.rdfgears.rgl.datamodel.value.impl.ModifiableRecord
5369
RGL_VALUE_10998 class nl.tudelft.rdfgears.rgl.datamodel.value.impl.ModifiableRecord
5370
RGL_VALUE_11000 class nl.tudelft.rdfgears.rgl.datamodel.value.impl.ModifiableRecord
5371
RGL_VALUE_11002 class nl.tudelft.rdfgears.rgl.datamodel.value.impl.ModifiableRecord
5372
RGL_VALUE_11004 class nl.tudelft.rdfgears.rgl.datamodel.value.impl.ModifiableRecord
5373
RGL_VALUE_11006 class nl.tudelft.rdfgears.rgl.datamodel.value.impl.ModifiableRecord
5374
RGL_VALUE_11008 class nl.tudelft.rdfgears.rgl.datamodel.value.impl.ModifiableRecord
5375
RGL_VALUE_11010 class nl.tudelft.rdfgears.rgl.datamodel.value.impl.ModifiableRecord
5376
RGL_VALUE_11012 class nl.tudelft.rdfgears.rgl.datamodel.value.impl.ModifiableRecord
5377
RGL_VALUE_11014 class nl.tudelft.rdfgears.rgl.datamodel.value.impl.ModifiableRecord
5378
RGL_VALUE_11016 class nl.tudelft.rdfgears.rgl.datamodel.value.impl.ModifiableRecord
5379
RGL_VALUE_11018 class nl.tudelft.rdfgears.rgl.datamodel.value.impl.ModifiableRecord
5380
RGL_VALUE_11020 class nl.tudelft.rdfgears.rgl.datamodel.value.impl.ModifiableRecord
5381
RGL_VALUE_11022 class nl.tudelft.rdfgears.rgl.datamodel.value.impl.ModifiableRecord
5382
RGL_VALUE_11024 class nl.tudelft.rdfgears.rgl.datamodel.value.impl.ModifiableRecord
5383
RGL_VALUE_11026 class nl.tudelft.rdfgears.rgl.datamodel.value.impl.ModifiableRecord
5384
RGL_VALUE_11028 class nl.tudelft.rdfgears.rgl.datamodel.value.impl.ModifiableRecord
5385
RGL_VALUE_11030 class nl.tudelft.rdfgears.rgl.datamodel.value.impl.ModifiableRecord
5386
RGL_VALUE_11032 class nl.tudelft.rdfgears.rgl.datamodel.value.impl.ModifiableRecord
5387
RGL_VALUE_11034 class nl.tudelft.rdfgears.rgl.datamodel.value.impl.ModifiableRecord
5388
RGL_VALUE_11036 class nl.tudelft.rdfgears.rgl.datamodel.value.impl.ModifiableRecord
5389
RGL_VALUE_11038 class nl.tudelft.rdfgears.rgl.datamodel.value.impl.ModifiableRecord
5390
RGL_VALUE_11040 class nl.tudelft.rdfgears.rgl.datamodel.value.impl.ModifiableRecord
5391
RGL_VALUE_11042 class nl.tudelft.rdfgears.rgl.datamodel.value.impl.ModifiableRecord
5392
RGL_VALUE_11044 class nl.tudelft.rdfgears.rgl.datamodel.value.impl.ModifiableRecord
5393
RGL_VALUE_11046 class nl.tudelft.rdfgears.rgl.datamodel.value.impl.ModifiableRecord
5394
RGL_VALUE_11048 class nl.tudelft.rdfgears.rgl.datamodel.value.impl.ModifiableRecord
5395
RGL_VALUE_11050 class nl.tudelft.rdfgears.rgl.datamodel.value.impl.ModifiableRecord
5396
RGL_VALUE_11052 class nl.tudelft.rdfgears.rgl.datamodel.value.impl.ModifiableRecord
5397
RGL_VALUE_11054 class nl.tudelft.rdfgears.rgl.datamodel.value.impl.ModifiableRecord
5398
RGL_VALUE_11056 class nl.tudelft.rdfgears.rgl.datamodel.value.impl.ModifiableRecord
5399
RGL_VALUE_11058 class nl.tudelft.rdfgears.rgl.datamodel.value.impl.ModifiableRecord
5400
RGL_VALUE_11061 class nl.tudelft.rdfgears.rgl.datamodel.value.impl.ModifiableRecord
5401
RGL_VALUE_11063 class nl.tudelft.rdfgears.rgl.datamodel.value.impl.ModifiableRecord
5402
RGL_VALUE_11065 class nl.tudelft.rdfgears.rgl.datamodel.value.impl.ModifiableRecord
5403
RGL_VALUE_11067 class nl.tudelft.rdfgears.rgl.datamodel.value.impl.ModifiableRecord
5404
RGL_VALUE_11069 class nl.tudelft.rdfgears.rgl.datamodel.value.impl.ModifiableRecord
5405
RGL_VALUE_11071 class nl.tudelft.rdfgears.rgl.datamodel.value.impl.ModifiableRecord
5406
RGL_VALUE_11073 class nl.tudelft.rdfgears.rgl.datamodel.value.impl.ModifiableRecord
5407
RGL_VALUE_11075 class nl.tudelft.rdfgears.rgl.datamodel.value.impl.ModifiableRecord
5408
RGL_VALUE_11077 class nl.tudelft.rdfgears.rgl.datamodel.value.impl.ModifiableRecord
5409
RGL_VALUE_11079 class nl.tudelft.rdfgears.rgl.datamodel.value.impl.ModifiableRecord
5410
RGL_VALUE_11081 class nl.tudelft.rdfgears.rgl.datamodel.value.impl.ModifiableRecord
5411
RGL_VALUE_11083 class nl.tudelft.rdfgears.rgl.datamodel.value.impl.ModifiableRecord
5412
RGL_VALUE_11085 class nl.tudelft.rdfgears.rgl.datamodel.value.impl.ModifiableRecord
5413
RGL_VALUE_11087 class nl.tudelft.rdfgears.rgl.datamodel.value.impl.ModifiableRecord
5414
RGL_VALUE_11089 class nl.tudelft.rdfgears.rgl.datamodel.value.impl.ModifiableRecord
5415
RGL_VALUE_11091 class nl.tudelft.rdfgears.rgl.datamodel.value.impl.ModifiableRecord
5416
RGL_VALUE_11093 class nl.tudelft.rdfgears.rgl.datamodel.value.impl.ModifiableRecord
5417
RGL_VALUE_11095 class nl.tudelft.rdfgears.rgl.datamodel.value.impl.ModifiableRecord
5418
RGL_VALUE_11097 class nl.tudelft.rdfgears.rgl.datamodel.value.impl.ModifiableRecord
5419
RGL_VALUE_11099 class nl.tudelft.rdfgears.rgl.datamodel.value.impl.ModifiableRecord
5420
RGL_VALUE_11101 class nl.tudelft.rdfgears.rgl.datamodel.value.impl.ModifiableRecord
5421
RGL_VALUE_11103 class nl.tudelft.rdfgears.rgl.datamodel.value.impl.ModifiableRecord
5422
RGL_VALUE_11105 class nl.tudelft.rdfgears.rgl.datamodel.value.impl.ModifiableRecord
5423
RGL_VALUE_11107 class nl.tudelft.rdfgears.rgl.datamodel.value.impl.ModifiableRecord
5424
RGL_VALUE_11109 class nl.tudelft.rdfgears.rgl.datamodel.value.impl.ModifiableRecord
5425
RGL_VALUE_11111 class nl.tudelft.rdfgears.rgl.datamodel.value.impl.ModifiableRecord
5426
RGL_VALUE_11113 class nl.tudelft.rdfgears.rgl.datamodel.value.impl.ModifiableRecord
5427
RGL_VALUE_11115 class nl.tudelft.rdfgears.rgl.datamodel.value.impl.ModifiableRecord
5428
RGL_VALUE_11117 class nl.tudelft.rdfgears.rgl.datamodel.value.impl.ModifiableRecord
5429
RGL_VALUE_11119 class nl.tudelft.rdfgears.rgl.datamodel.value.impl.ModifiableRecord
5430
RGL_VALUE_11121 class nl.tudelft.rdfgears.rgl.datamodel.value.impl.ModifiableRecord
5431
RGL_VALUE_11123 class nl.tudelft.rdfgears.rgl.datamodel.value.impl.ModifiableRecord
5432
RGL_VALUE_11125 class nl.tudelft.rdfgears.rgl.datamodel.value.impl.ModifiableRecord
5433
RGL_VALUE_11127 class nl.tudelft.rdfgears.rgl.datamodel.value.impl.ModifiableRecord
5434
RGL_VALUE_11129 class nl.tudelft.rdfgears.rgl.datamodel.value.impl.ModifiableRecord
5435
RGL_VALUE_11131 class nl.tudelft.rdfgears.rgl.datamodel.value.impl.ModifiableRecord
5436
RGL_VALUE_11133 class nl.tudelft.rdfgears.rgl.datamodel.value.impl.ModifiableRecord
5437
RGL_VALUE_11135 class nl.tudelft.rdfgears.rgl.datamodel.value.impl.ModifiableRecord
5438
RGL_VALUE_11137 class nl.tudelft.rdfgears.rgl.datamodel.value.impl.ModifiableRecord
5439
RGL_VALUE_11139 class nl.tudelft.rdfgears.rgl.datamodel.value.impl.ModifiableRecord
5440
RGL_VALUE_11141 class nl.tudelft.rdfgears.rgl.datamodel.value.impl.ModifiableRecord
5441
RGL_VALUE_11143 class nl.tudelft.rdfgears.rgl.datamodel.value.impl.ModifiableRecord
5442
RGL_VALUE_11145 class nl.tudelft.rdfgears.rgl.datamodel.value.impl.ModifiableRecord
5443
RGL_VALUE_11147 class nl.tudelft.rdfgears.rgl.datamodel.value.impl.ModifiableRecord
5444
RGL_VALUE_11149 class nl.tudelft.rdfgears.rgl.datamodel.value.impl.ModifiableRecord
5445
RGL_VALUE_11151 class nl.tudelft.rdfgears.rgl.datamodel.value.impl.ModifiableRecord
5446
RGL_VALUE_11153 class nl.tudelft.rdfgears.rgl.datamodel.value.impl.ModifiableRecord
5447
RGL_VALUE_11155 class nl.tudelft.rdfgears.rgl.datamodel.value.impl.ModifiableRecord
5448
RGL_VALUE_11157 class nl.tudelft.rdfgears.rgl.datamodel.value.impl.ModifiableRecord
5449
RGL_VALUE_11159 class nl.tudelft.rdfgears.rgl.datamodel.value.impl.ModifiableRecord
5450
RGL_VALUE_11161 class nl.tudelft.rdfgears.rgl.datamodel.value.impl.ModifiableRecord
5451
RGL_VALUE_11163 class nl.tudelft.rdfgears.rgl.datamodel.value.impl.ModifiableRecord
5452
RGL_VALUE_11165 class nl.tudelft.rdfgears.rgl.datamodel.value.impl.ModifiableRecord
5453
RGL_VALUE_11167 class nl.tudelft.rdfgears.rgl.datamodel.value.impl.ModifiableRecord
5454
RGL_VALUE_11169 class nl.tudelft.rdfgears.rgl.datamodel.value.impl.ModifiableRecord
5455
RGL_VALUE_11171 class nl.tudelft.rdfgears.rgl.datamodel.value.impl.ModifiableRecord
5456
RGL_VALUE_11173 class nl.tudelft.rdfgears.rgl.datamodel.value.impl.ModifiableRecord
5457
RGL_VALUE_11175 class nl.tudelft.rdfgears.rgl.datamodel.value.impl.ModifiableRecord
5458
RGL_VALUE_11177 class nl.tudelft.rdfgears.rgl.datamodel.value.impl.ModifiableRecord
5459
RGL_VALUE_11179 class nl.tudelft.rdfgears.rgl.datamodel.value.impl.ModifiableRecord
5460
RGL_VALUE_11181 class nl.tudelft.rdfgears.rgl.datamodel.value.impl.ModifiableRecord
5461
RGL_VALUE_11183 class nl.tudelft.rdfgears.rgl.datamodel.value.impl.ModifiableRecord
5462
RGL_VALUE_11185 class nl.tudelft.rdfgears.rgl.datamodel.value.impl.ModifiableRecord
5463
RGL_VALUE_11187 class nl.tudelft.rdfgears.rgl.datamodel.value.impl.ModifiableRecord
5464
RGL_VALUE_11189 class nl.tudelft.rdfgears.rgl.datamodel.value.impl.ModifiableRecord
5465
RGL_VALUE_11191 class nl.tudelft.rdfgears.rgl.datamodel.value.impl.ModifiableRecord
5466
RGL_VALUE_11193 class nl.tudelft.rdfgears.rgl.datamodel.value.impl.ModifiableRecord
5467
RGL_VALUE_11195 class nl.tudelft.rdfgears.rgl.datamodel.value.impl.ModifiableRecord
5468
RGL_VALUE_11197 class nl.tudelft.rdfgears.rgl.datamodel.value.impl.ModifiableRecord
5469
RGL_VALUE_11199 class nl.tudelft.rdfgears.rgl.datamodel.value.impl.ModifiableRecord
5470
RGL_VALUE_11201 class nl.tudelft.rdfgears.rgl.datamodel.value.impl.ModifiableRecord
5471
RGL_VALUE_11203 class nl.tudelft.rdfgears.rgl.datamodel.value.impl.ModifiableRecord
5472
RGL_VALUE_11205 class nl.tudelft.rdfgears.rgl.datamodel.value.impl.ModifiableRecord
5473
RGL_VALUE_11207 class nl.tudelft.rdfgears.rgl.datamodel.value.impl.ModifiableRecord
5474
RGL_VALUE_11209 class nl.tudelft.rdfgears.rgl.datamodel.value.impl.ModifiableRecord
5475
RGL_VALUE_11211 class nl.tudelft.rdfgears.rgl.datamodel.value.impl.ModifiableRecord
5476
RGL_VALUE_11213 class nl.tudelft.rdfgears.rgl.datamodel.value.impl.ModifiableRecord
5477
RGL_VALUE_11215 class nl.tudelft.rdfgears.rgl.datamodel.value.impl.ModifiableRecord
5478
RGL_VALUE_11217 class nl.tudelft.rdfgears.rgl.datamodel.value.impl.ModifiableRecord
5479
RGL_VALUE_11219 class nl.tudelft.rdfgears.rgl.datamodel.value.impl.ModifiableRecord
5480
RGL_VALUE_11221 class nl.tudelft.rdfgears.rgl.datamodel.value.impl.ModifiableRecord
5481
RGL_VALUE_11223 class nl.tudelft.rdfgears.rgl.datamodel.value.impl.ModifiableRecord
5482
RGL_VALUE_11225 class nl.tudelft.rdfgears.rgl.datamodel.value.impl.ModifiableRecord
5483
RGL_VALUE_11227 class nl.tudelft.rdfgears.rgl.datamodel.value.impl.ModifiableRecord
5484
RGL_VALUE_11229 class nl.tudelft.rdfgears.rgl.datamodel.value.impl.ModifiableRecord
5485
RGL_VALUE_11231 class nl.tudelft.rdfgears.rgl.datamodel.value.impl.ModifiableRecord
5486
RGL_VALUE_11233 class nl.tudelft.rdfgears.rgl.datamodel.value.impl.ModifiableRecord
5487
RGL_VALUE_11235 class nl.tudelft.rdfgears.rgl.datamodel.value.impl.ModifiableRecord
5488
RGL_VALUE_11237 class nl.tudelft.rdfgears.rgl.datamodel.value.impl.ModifiableRecord
5489
RGL_VALUE_11239 class nl.tudelft.rdfgears.rgl.datamodel.value.impl.ModifiableRecord
5490
RGL_VALUE_11241 class nl.tudelft.rdfgears.rgl.datamodel.value.impl.ModifiableRecord
5491
RGL_VALUE_11243 class nl.tudelft.rdfgears.rgl.datamodel.value.impl.ModifiableRecord
5492
RGL_VALUE_11245 class nl.tudelft.rdfgears.rgl.datamodel.value.impl.ModifiableRecord
5493
RGL_VALUE_11247 class nl.tudelft.rdfgears.rgl.datamodel.value.impl.ModifiableRecord
5494
RGL_VALUE_11249 class nl.tudelft.rdfgears.rgl.datamodel.value.impl.ModifiableRecord
5495
RGL_VALUE_11251 class nl.tudelft.rdfgears.rgl.datamodel.value.impl.ModifiableRecord
5496
RGL_VALUE_11253 class nl.tudelft.rdfgears.rgl.datamodel.value.impl.ModifiableRecord
5497
RGL_VALUE_11255 class nl.tudelft.rdfgears.rgl.datamodel.value.impl.ModifiableRecord
5498
RGL_VALUE_11257 class nl.tudelft.rdfgears.rgl.datamodel.value.impl.ModifiableRecord
5499
RGL_VALUE_11259 class nl.tudelft.rdfgears.rgl.datamodel.value.impl.ModifiableRecord
5500
RGL_VALUE_11262 class nl.tudelft.rdfgears.rgl.datamodel.value.impl.ModifiableRecord
5501
RGL_VALUE_11264 class nl.tudelft.rdfgears.rgl.datamodel.value.impl.ModifiableRecord
5502
RGL_VALUE_11266 class nl.tudelft.rdfgears.rgl.datamodel.value.impl.ModifiableRecord
5503
RGL_VALUE_11268 class nl.tudelft.rdfgears.rgl.datamodel.value.impl.ModifiableRecord
5504
RGL_VALUE_11270 class nl.tudelft.rdfgears.rgl.datamodel.value.impl.ModifiableRecord
5505
RGL_VALUE_11272 class nl.tudelft.rdfgears.rgl.datamodel.value.impl.ModifiableRecord
5506
RGL_VALUE_11274 class nl.tudelft.rdfgears.rgl.datamodel.value.impl.ModifiableRecord
5507
RGL_VALUE_11276 class nl.tudelft.rdfgears.rgl.datamodel.value.impl.ModifiableRecord
5508
RGL_VALUE_11278 class nl.tudelft.rdfgears.rgl.datamodel.value.impl.ModifiableRecord
5509
RGL_VALUE_11280 class nl.tudelft.rdfgears.rgl.datamodel.value.impl.ModifiableRecord
5510
RGL_VALUE_11282 class nl.tudelft.rdfgears.rgl.datamodel.value.impl.ModifiableRecord
5511
RGL_VALUE_11284 class nl.tudelft.rdfgears.rgl.datamodel.value.impl.ModifiableRecord
5512
RGL_VALUE_11286 class nl.tudelft.rdfgears.rgl.datamodel.value.impl.ModifiableRecord
5513
RGL_VALUE_11288 class nl.tudelft.rdfgears.rgl.datamodel.value.impl.ModifiableRecord
5514
RGL_VALUE_11290 class nl.tudelft.rdfgears.rgl.datamodel.value.impl.ModifiableRecord
5515
RGL_VALUE_11292 class nl.tudelft.rdfgears.rgl.datamodel.value.impl.ModifiableRecord
5516
RGL_VALUE_11294 class nl.tudelft.rdfgears.rgl.datamodel.value.impl.ModifiableRecord
5517
RGL_VALUE_11296 class nl.tudelft.rdfgears.rgl.datamodel.value.impl.ModifiableRecord
5518
RGL_VALUE_11298 class nl.tudelft.rdfgears.rgl.datamodel.value.impl.ModifiableRecord
5519
RGL_VALUE_11300 class nl.tudelft.rdfgears.rgl.datamodel.value.impl.ModifiableRecord
5520
RGL_VALUE_11302 class nl.tudelft.rdfgears.rgl.datamodel.value.impl.ModifiableRecord
5521
RGL_VALUE_11304 class nl.tudelft.rdfgears.rgl.datamodel.value.impl.ModifiableRecord
5522
RGL_VALUE_11306 class nl.tudelft.rdfgears.rgl.datamodel.value.impl.ModifiableRecord
5523
RGL_VALUE_11308 class nl.tudelft.rdfgears.rgl.datamodel.value.impl.ModifiableRecord
5524
RGL_VALUE_11310 class nl.tudelft.rdfgears.rgl.datamodel.value.impl.ModifiableRecord
5525
RGL_VALUE_11312 class nl.tudelft.rdfgears.rgl.datamodel.value.impl.ModifiableRecord
5526
RGL_VALUE_11314 class nl.tudelft.rdfgears.rgl.datamodel.value.impl.ModifiableRecord
5527
RGL_VALUE_11316 class nl.tudelft.rdfgears.rgl.datamodel.value.impl.ModifiableRecord
5528
RGL_VALUE_11318 class nl.tudelft.rdfgears.rgl.datamodel.value.impl.ModifiableRecord
5529
RGL_VALUE_11320 class nl.tudelft.rdfgears.rgl.datamodel.value.impl.ModifiableRecord
5530
RGL_VALUE_11322 class nl.tudelft.rdfgears.rgl.datamodel.value.impl.ModifiableRecord
5531
RGL_VALUE_11324 class nl.tudelft.rdfgears.rgl.datamodel.value.impl.ModifiableRecord
5532
RGL_VALUE_11326 class nl.tudelft.rdfgears.rgl.datamodel.value.impl.ModifiableRecord
5533
RGL_VALUE_11328 class nl.tudelft.rdfgears.rgl.datamodel.value.impl.ModifiableRecord
5534
RGL_VALUE_11330 class nl.tudelft.rdfgears.rgl.datamodel.value.impl.ModifiableRecord
5535
RGL_VALUE_11332 class nl.tudelft.rdfgears.rgl.datamodel.value.impl.ModifiableRecord
5536
RGL_VALUE_11334 class nl.tudelft.rdfgears.rgl.datamodel.value.impl.ModifiableRecord
5537
RGL_VALUE_11336 class nl.tudelft.rdfgears.rgl.datamodel.value.impl.ModifiableRecord
5538
RGL_VALUE_11338 class nl.tudelft.rdfgears.rgl.datamodel.value.impl.ModifiableRecord
5539
RGL_VALUE_11340 class nl.tudelft.rdfgears.rgl.datamodel.value.impl.ModifiableRecord
5540
RGL_VALUE_11342 class nl.tudelft.rdfgears.rgl.datamodel.value.impl.ModifiableRecord
5541
RGL_VALUE_11344 class nl.tudelft.rdfgears.rgl.datamodel.value.impl.ModifiableRecord
5542
RGL_VALUE_11346 class nl.tudelft.rdfgears.rgl.datamodel.value.impl.ModifiableRecord
5543
RGL_VALUE_11348 class nl.tudelft.rdfgears.rgl.datamodel.value.impl.ModifiableRecord
5544
RGL_VALUE_11350 class nl.tudelft.rdfgears.rgl.datamodel.value.impl.ModifiableRecord
5545
RGL_VALUE_11352 class nl.tudelft.rdfgears.rgl.datamodel.value.impl.ModifiableRecord
5546
RGL_VALUE_11354 class nl.tudelft.rdfgears.rgl.datamodel.value.impl.ModifiableRecord
5547
RGL_VALUE_11356 class nl.tudelft.rdfgears.rgl.datamodel.value.impl.ModifiableRecord
5548
RGL_VALUE_11358 class nl.tudelft.rdfgears.rgl.datamodel.value.impl.ModifiableRecord
5549
RGL_VALUE_11360 class nl.tudelft.rdfgears.rgl.datamodel.value.impl.ModifiableRecord
5550
RGL_VALUE_11362 class nl.tudelft.rdfgears.rgl.datamodel.value.impl.ModifiableRecord
5551
RGL_VALUE_11364 class nl.tudelft.rdfgears.rgl.datamodel.value.impl.ModifiableRecord
5552
RGL_VALUE_11366 class nl.tudelft.rdfgears.rgl.datamodel.value.impl.ModifiableRecord
5553
RGL_VALUE_11368 class nl.tudelft.rdfgears.rgl.datamodel.value.impl.ModifiableRecord
5554
RGL_VALUE_11370 class nl.tudelft.rdfgears.rgl.datamodel.value.impl.ModifiableRecord
5555
RGL_VALUE_11372 class nl.tudelft.rdfgears.rgl.datamodel.value.impl.ModifiableRecord
5556
RGL_VALUE_11374 class nl.tudelft.rdfgears.rgl.datamodel.value.impl.ModifiableRecord
5557
RGL_VALUE_11376 class nl.tudelft.rdfgears.rgl.datamodel.value.impl.ModifiableRecord
5558
RGL_VALUE_11378 class nl.tudelft.rdfgears.rgl.datamodel.value.impl.ModifiableRecord
5559
RGL_VALUE_11380 class nl.tudelft.rdfgears.rgl.datamodel.value.impl.ModifiableRecord
5560
RGL_VALUE_11382 class nl.tudelft.rdfgears.rgl.datamodel.value.impl.ModifiableRecord
5561
RGL_VALUE_11384 class nl.tudelft.rdfgears.rgl.datamodel.value.impl.ModifiableRecord
5562
RGL_VALUE_11386 class nl.tudelft.rdfgears.rgl.datamodel.value.impl.ModifiableRecord
5563
RGL_VALUE_11388 class nl.tudelft.rdfgears.rgl.datamodel.value.impl.ModifiableRecord
5564
RGL_VALUE_11390 class nl.tudelft.rdfgears.rgl.datamodel.value.impl.ModifiableRecord
5565
RGL_VALUE_11392 class nl.tudelft.rdfgears.rgl.datamodel.value.impl.ModifiableRecord
5566
RGL_VALUE_11394 class nl.tudelft.rdfgears.rgl.datamodel.value.impl.ModifiableRecord
5567
RGL_VALUE_11396 class nl.tudelft.rdfgears.rgl.datamodel.value.impl.ModifiableRecord
5568
RGL_VALUE_11398 class nl.tudelft.rdfgears.rgl.datamodel.value.impl.ModifiableRecord
5569
RGL_VALUE_11400 class nl.tudelft.rdfgears.rgl.datamodel.value.impl.ModifiableRecord
5570
RGL_VALUE_11402 class nl.tudelft.rdfgears.rgl.datamodel.value.impl.ModifiableRecord
5571
RGL_VALUE_11404 class nl.tudelft.rdfgears.rgl.datamodel.value.impl.ModifiableRecord
5572
RGL_VALUE_11406 class nl.tudelft.rdfgears.rgl.datamodel.value.impl.ModifiableRecord
5573
RGL_VALUE_11408 class nl.tudelft.rdfgears.rgl.datamodel.value.impl.ModifiableRecord
5574
RGL_VALUE_11410 class nl.tudelft.rdfgears.rgl.datamodel.value.impl.ModifiableRecord
5575
RGL_VALUE_11412 class nl.tudelft.rdfgears.rgl.datamodel.value.impl.ModifiableRecord
5576
RGL_VALUE_11414 class nl.tudelft.rdfgears.rgl.datamodel.value.impl.ModifiableRecord
5577
RGL_VALUE_11416 class nl.tudelft.rdfgears.rgl.datamodel.value.impl.ModifiableRecord
5578
RGL_VALUE_11418 class nl.tudelft.rdfgears.rgl.datamodel.value.impl.ModifiableRecord
5579
RGL_VALUE_11420 class nl.tudelft.rdfgears.rgl.datamodel.value.impl.ModifiableRecord
5580
RGL_VALUE_11422 class nl.tudelft.rdfgears.rgl.datamodel.value.impl.ModifiableRecord
5581
RGL_VALUE_11424 class nl.tudelft.rdfgears.rgl.datamodel.value.impl.ModifiableRecord
5582
RGL_VALUE_11426 class nl.tudelft.rdfgears.rgl.datamodel.value.impl.ModifiableRecord
5583
RGL_VALUE_11428 class nl.tudelft.rdfgears.rgl.datamodel.value.impl.ModifiableRecord
5584
RGL_VALUE_11430 class nl.tudelft.rdfgears.rgl.datamodel.value.impl.ModifiableRecord
5585
RGL_VALUE_11432 class nl.tudelft.rdfgears.rgl.datamodel.value.impl.ModifiableRecord
5586
RGL_VALUE_11434 class nl.tudelft.rdfgears.rgl.datamodel.value.impl.ModifiableRecord
5587
RGL_VALUE_11436 class nl.tudelft.rdfgears.rgl.datamodel.value.impl.ModifiableRecord
5588
RGL_VALUE_11438 class nl.tudelft.rdfgears.rgl.datamodel.value.impl.ModifiableRecord
5589
RGL_VALUE_11440 class nl.tudelft.rdfgears.rgl.datamodel.value.impl.ModifiableRecord
5590
RGL_VALUE_11442 class nl.tudelft.rdfgears.rgl.datamodel.value.impl.ModifiableRecord
5591
RGL_VALUE_11444 class nl.tudelft.rdfgears.rgl.datamodel.value.impl.ModifiableRecord
5592
RGL_VALUE_11446 class nl.tudelft.rdfgears.rgl.datamodel.value.impl.ModifiableRecord
5593
RGL_VALUE_11448 class nl.tudelft.rdfgears.rgl.datamodel.value.impl.ModifiableRecord
5594
RGL_VALUE_11450 class nl.tudelft.rdfgears.rgl.datamodel.value.impl.ModifiableRecord
5595
RGL_VALUE_11452 class nl.tudelft.rdfgears.rgl.datamodel.value.impl.ModifiableRecord
5596
RGL_VALUE_11454 class nl.tudelft.rdfgears.rgl.datamodel.value.impl.ModifiableRecord
5597
RGL_VALUE_11456 class nl.tudelft.rdfgears.rgl.datamodel.value.impl.ModifiableRecord
5598
RGL_VALUE_11458 class nl.tudelft.rdfgears.rgl.datamodel.value.impl.ModifiableRecord
5599
RGL_VALUE_11460 class nl.tudelft.rdfgears.rgl.datamodel.value.impl.ModifiableRecord
5600
RGL_VALUE_11463 class nl.tudelft.rdfgears.rgl.datamodel.value.impl.ModifiableRecord
5601
RGL_VALUE_11465 class nl.tudelft.rdfgears.rgl.datamodel.value.impl.ModifiableRecord
5602
RGL_VALUE_11467 class nl.tudelft.rdfgears.rgl.datamodel.value.impl.ModifiableRecord
5603
RGL_VALUE_11469 class nl.tudelft.rdfgears.rgl.datamodel.value.impl.ModifiableRecord
5604
RGL_VALUE_11471 class nl.tudelft.rdfgears.rgl.datamodel.value.impl.ModifiableRecord
5605
RGL_VALUE_11473 class nl.tudelft.rdfgears.rgl.datamodel.value.impl.ModifiableRecord
5606
RGL_VALUE_11475 class nl.tudelft.rdfgears.rgl.datamodel.value.impl.ModifiableRecord
5607
RGL_VALUE_11477 class nl.tudelft.rdfgears.rgl.datamodel.value.impl.ModifiableRecord
5608
RGL_VALUE_11479 class nl.tudelft.rdfgears.rgl.datamodel.value.impl.ModifiableRecord
5609
RGL_VALUE_11481 class nl.tudelft.rdfgears.rgl.datamodel.value.impl.ModifiableRecord
5610
RGL_VALUE_11483 class nl.tudelft.rdfgears.rgl.datamodel.value.impl.ModifiableRecord
5611
RGL_VALUE_11485 class nl.tudelft.rdfgears.rgl.datamodel.value.impl.ModifiableRecord
5612
RGL_VALUE_11487 class nl.tudelft.rdfgears.rgl.datamodel.value.impl.ModifiableRecord
5613
RGL_VALUE_11489 class nl.tudelft.rdfgears.rgl.datamodel.value.impl.ModifiableRecord
5614
RGL_VALUE_11491 class nl.tudelft.rdfgears.rgl.datamodel.value.impl.ModifiableRecord
5615
RGL_VALUE_11493 class nl.tudelft.rdfgears.rgl.datamodel.value.impl.ModifiableRecord
5616
RGL_VALUE_11495 class nl.tudelft.rdfgears.rgl.datamodel.value.impl.ModifiableRecord
5617
RGL_VALUE_11497 class nl.tudelft.rdfgears.rgl.datamodel.value.impl.ModifiableRecord
5618
RGL_VALUE_11499 class nl.tudelft.rdfgears.rgl.datamodel.value.impl.ModifiableRecord
5619
RGL_VALUE_11501 class nl.tudelft.rdfgears.rgl.datamodel.value.impl.ModifiableRecord
5620
RGL_VALUE_11503 class nl.tudelft.rdfgears.rgl.datamodel.value.impl.ModifiableRecord
5621
RGL_VALUE_11505 class nl.tudelft.rdfgears.rgl.datamodel.value.impl.ModifiableRecord
5622
RGL_VALUE_11507 class nl.tudelft.rdfgears.rgl.datamodel.value.impl.ModifiableRecord
5623
RGL_VALUE_11509 class nl.tudelft.rdfgears.rgl.datamodel.value.impl.ModifiableRecord
5624
RGL_VALUE_11511 class nl.tudelft.rdfgears.rgl.datamodel.value.impl.ModifiableRecord
5625
RGL_VALUE_11513 class nl.tudelft.rdfgears.rgl.datamodel.value.impl.ModifiableRecord
5626
RGL_VALUE_11515 class nl.tudelft.rdfgears.rgl.datamodel.value.impl.ModifiableRecord
5627
RGL_VALUE_11517 class nl.tudelft.rdfgears.rgl.datamodel.value.impl.ModifiableRecord
5628
RGL_VALUE_11519 class nl.tudelft.rdfgears.rgl.datamodel.value.impl.ModifiableRecord
5629
RGL_VALUE_11521 class nl.tudelft.rdfgears.rgl.datamodel.value.impl.ModifiableRecord
5630
RGL_VALUE_11523 class nl.tudelft.rdfgears.rgl.datamodel.value.impl.ModifiableRecord
5631
RGL_VALUE_11525 class nl.tudelft.rdfgears.rgl.datamodel.value.impl.ModifiableRecord
5632
RGL_VALUE_11527 class nl.tudelft.rdfgears.rgl.datamodel.value.impl.ModifiableRecord
5633
RGL_VALUE_11529 class nl.tudelft.rdfgears.rgl.datamodel.value.impl.ModifiableRecord
5634
RGL_VALUE_11531 class nl.tudelft.rdfgears.rgl.datamodel.value.impl.ModifiableRecord
5635
RGL_VALUE_11533 class nl.tudelft.rdfgears.rgl.datamodel.value.impl.ModifiableRecord
5636
RGL_VALUE_11535 class nl.tudelft.rdfgears.rgl.datamodel.value.impl.ModifiableRecord
5637
RGL_VALUE_11537 class nl.tudelft.rdfgears.rgl.datamodel.value.impl.ModifiableRecord
5638
RGL_VALUE_11539 class nl.tudelft.rdfgears.rgl.datamodel.value.impl.ModifiableRecord
5639
RGL_VALUE_11541 class nl.tudelft.rdfgears.rgl.datamodel.value.impl.ModifiableRecord
5640
RGL_VALUE_11543 class nl.tudelft.rdfgears.rgl.datamodel.value.impl.ModifiableRecord
5641
RGL_VALUE_11545 class nl.tudelft.rdfgears.rgl.datamodel.value.impl.ModifiableRecord
5642
RGL_VALUE_11547 class nl.tudelft.rdfgears.rgl.datamodel.value.impl.ModifiableRecord
5643
RGL_VALUE_11549 class nl.tudelft.rdfgears.rgl.datamodel.value.impl.ModifiableRecord
5644
RGL_VALUE_11551 class nl.tudelft.rdfgears.rgl.datamodel.value.impl.ModifiableRecord
5645
RGL_VALUE_11553 class nl.tudelft.rdfgears.rgl.datamodel.value.impl.ModifiableRecord
5646
RGL_VALUE_11555 class nl.tudelft.rdfgears.rgl.datamodel.value.impl.ModifiableRecord
5647
RGL_VALUE_11557 class nl.tudelft.rdfgears.rgl.datamodel.value.impl.ModifiableRecord
5648
RGL_VALUE_11559 class nl.tudelft.rdfgears.rgl.datamodel.value.impl.ModifiableRecord
5649
RGL_VALUE_11561 class nl.tudelft.rdfgears.rgl.datamodel.value.impl.ModifiableRecord
5650
RGL_VALUE_11563 class nl.tudelft.rdfgears.rgl.datamodel.value.impl.ModifiableRecord
5651
RGL_VALUE_11565 class nl.tudelft.rdfgears.rgl.datamodel.value.impl.ModifiableRecord
5652
RGL_VALUE_11567 class nl.tudelft.rdfgears.rgl.datamodel.value.impl.ModifiableRecord
5653
RGL_VALUE_11569 class nl.tudelft.rdfgears.rgl.datamodel.value.impl.ModifiableRecord
5654
RGL_VALUE_11571 class nl.tudelft.rdfgears.rgl.datamodel.value.impl.ModifiableRecord
5655
RGL_VALUE_11573 class nl.tudelft.rdfgears.rgl.datamodel.value.impl.ModifiableRecord
5656
RGL_VALUE_11575 class nl.tudelft.rdfgears.rgl.datamodel.value.impl.ModifiableRecord
5657
RGL_VALUE_11577 class nl.tudelft.rdfgears.rgl.datamodel.value.impl.ModifiableRecord
5658
RGL_VALUE_11579 class nl.tudelft.rdfgears.rgl.datamodel.value.impl.ModifiableRecord
5659
RGL_VALUE_11581 class nl.tudelft.rdfgears.rgl.datamodel.value.impl.ModifiableRecord
5660
RGL_VALUE_11583 class nl.tudelft.rdfgears.rgl.datamodel.value.impl.ModifiableRecord
5661
RGL_VALUE_11585 class nl.tudelft.rdfgears.rgl.datamodel.value.impl.ModifiableRecord
5662
RGL_VALUE_11587 class nl.tudelft.rdfgears.rgl.datamodel.value.impl.ModifiableRecord
5663
RGL_VALUE_11589 class nl.tudelft.rdfgears.rgl.datamodel.value.impl.ModifiableRecord
5664
RGL_VALUE_11591 class nl.tudelft.rdfgears.rgl.datamodel.value.impl.ModifiableRecord
5665
RGL_VALUE_11593 class nl.tudelft.rdfgears.rgl.datamodel.value.impl.ModifiableRecord
5666
RGL_VALUE_11595 class nl.tudelft.rdfgears.rgl.datamodel.value.impl.ModifiableRecord
5667
RGL_VALUE_11597 class nl.tudelft.rdfgears.rgl.datamodel.value.impl.ModifiableRecord
5668
RGL_VALUE_11599 class nl.tudelft.rdfgears.rgl.datamodel.value.impl.ModifiableRecord
5669
RGL_VALUE_11601 class nl.tudelft.rdfgears.rgl.datamodel.value.impl.ModifiableRecord
5670
RGL_VALUE_11603 class nl.tudelft.rdfgears.rgl.datamodel.value.impl.ModifiableRecord
5671
RGL_VALUE_11605 class nl.tudelft.rdfgears.rgl.datamodel.value.impl.ModifiableRecord
5672
RGL_VALUE_11607 class nl.tudelft.rdfgears.rgl.datamodel.value.impl.ModifiableRecord
5673
RGL_VALUE_11609 class nl.tudelft.rdfgears.rgl.datamodel.value.impl.ModifiableRecord
5674
RGL_VALUE_11611 class nl.tudelft.rdfgears.rgl.datamodel.value.impl.ModifiableRecord
5675
RGL_VALUE_11613 class nl.tudelft.rdfgears.rgl.datamodel.value.impl.ModifiableRecord
5676
RGL_VALUE_11615 class nl.tudelft.rdfgears.rgl.datamodel.value.impl.ModifiableRecord
5677
RGL_VALUE_11617 class nl.tudelft.rdfgears.rgl.datamodel.value.impl.ModifiableRecord
5678
RGL_VALUE_11619 class nl.tudelft.rdfgears.rgl.datamodel.value.impl.ModifiableRecord
5679
RGL_VALUE_11621 class nl.tudelft.rdfgears.rgl.datamodel.value.impl.ModifiableRecord
5680
RGL_VALUE_11623 class nl.tudelft.rdfgears.rgl.datamodel.value.impl.ModifiableRecord
5681
RGL_VALUE_11625 class nl.tudelft.rdfgears.rgl.datamodel.value.impl.ModifiableRecord
5682
RGL_VALUE_11627 class nl.tudelft.rdfgears.rgl.datamodel.value.impl.ModifiableRecord
5683
RGL_VALUE_11629 class nl.tudelft.rdfgears.rgl.datamodel.value.impl.ModifiableRecord
5684
RGL_VALUE_11631 class nl.tudelft.rdfgears.rgl.datamodel.value.impl.ModifiableRecord
5685
RGL_VALUE_11633 class nl.tudelft.rdfgears.rgl.datamodel.value.impl.ModifiableRecord
5686
RGL_VALUE_11635 class nl.tudelft.rdfgears.rgl.datamodel.value.impl.ModifiableRecord
5687
RGL_VALUE_11637 class nl.tudelft.rdfgears.rgl.datamodel.value.impl.ModifiableRecord
5688
RGL_VALUE_11639 class nl.tudelft.rdfgears.rgl.datamodel.value.impl.ModifiableRecord
5689
RGL_VALUE_11641 class nl.tudelft.rdfgears.rgl.datamodel.value.impl.ModifiableRecord
5690
RGL_VALUE_11643 class nl.tudelft.rdfgears.rgl.datamodel.value.impl.ModifiableRecord
5691
RGL_VALUE_11645 class nl.tudelft.rdfgears.rgl.datamodel.value.impl.ModifiableRecord
5692
RGL_VALUE_11647 class nl.tudelft.rdfgears.rgl.datamodel.value.impl.ModifiableRecord
5693
RGL_VALUE_11649 class nl.tudelft.rdfgears.rgl.datamodel.value.impl.ModifiableRecord
5694
RGL_VALUE_11651 class nl.tudelft.rdfgears.rgl.datamodel.value.impl.ModifiableRecord
5695
RGL_VALUE_11653 class nl.tudelft.rdfgears.rgl.datamodel.value.impl.ModifiableRecord
5696
RGL_VALUE_11655 class nl.tudelft.rdfgears.rgl.datamodel.value.impl.ModifiableRecord
5697
RGL_VALUE_11657 class nl.tudelft.rdfgears.rgl.datamodel.value.impl.ModifiableRecord
5698
RGL_VALUE_11659 class nl.tudelft.rdfgears.rgl.datamodel.value.impl.ModifiableRecord
5699
RGL_VALUE_11661 class nl.tudelft.rdfgears.rgl.datamodel.value.impl.ModifiableRecord
5700
RGL_VALUE_11664 class nl.tudelft.rdfgears.rgl.datamodel.value.impl.ModifiableRecord
5701
RGL_VALUE_11666 class nl.tudelft.rdfgears.rgl.datamodel.value.impl.ModifiableRecord
5702
RGL_VALUE_11668 class nl.tudelft.rdfgears.rgl.datamodel.value.impl.ModifiableRecord
5703
RGL_VALUE_11670 class nl.tudelft.rdfgears.rgl.datamodel.value.impl.ModifiableRecord
5704
RGL_VALUE_11672 class nl.tudelft.rdfgears.rgl.datamodel.value.impl.ModifiableRecord
5705
RGL_VALUE_11674 class nl.tudelft.rdfgears.rgl.datamodel.value.impl.ModifiableRecord
5706
RGL_VALUE_11676 class nl.tudelft.rdfgears.rgl.datamodel.value.impl.ModifiableRecord
5707
RGL_VALUE_11678 class nl.tudelft.rdfgears.rgl.datamodel.value.impl.ModifiableRecord
5708
RGL_VALUE_11680 class nl.tudelft.rdfgears.rgl.datamodel.value.impl.ModifiableRecord
5709
RGL_VALUE_11682 class nl.tudelft.rdfgears.rgl.datamodel.value.impl.ModifiableRecord
5710
RGL_VALUE_11684 class nl.tudelft.rdfgears.rgl.datamodel.value.impl.ModifiableRecord
5711
RGL_VALUE_11686 class nl.tudelft.rdfgears.rgl.datamodel.value.impl.ModifiableRecord
5712
RGL_VALUE_11688 class nl.tudelft.rdfgears.rgl.datamodel.value.impl.ModifiableRecord
5713
RGL_VALUE_11690 class nl.tudelft.rdfgears.rgl.datamodel.value.impl.ModifiableRecord
5714
RGL_VALUE_11692 class nl.tudelft.rdfgears.rgl.datamodel.value.impl.ModifiableRecord
5715
RGL_VALUE_11694 class nl.tudelft.rdfgears.rgl.datamodel.value.impl.ModifiableRecord
5716
RGL_VALUE_11696 class nl.tudelft.rdfgears.rgl.datamodel.value.impl.ModifiableRecord
5717
RGL_VALUE_11698 class nl.tudelft.rdfgears.rgl.datamodel.value.impl.ModifiableRecord
5718
RGL_VALUE_11700 class nl.tudelft.rdfgears.rgl.datamodel.value.impl.ModifiableRecord
5719
RGL_VALUE_11702 class nl.tudelft.rdfgears.rgl.datamodel.value.impl.ModifiableRecord
5720
RGL_VALUE_11704 class nl.tudelft.rdfgears.rgl.datamodel.value.impl.ModifiableRecord
5721
RGL_VALUE_11706 class nl.tudelft.rdfgears.rgl.datamodel.value.impl.ModifiableRecord
5722
RGL_VALUE_11708 class nl.tudelft.rdfgears.rgl.datamodel.value.impl.ModifiableRecord
5723
RGL_VALUE_11710 class nl.tudelft.rdfgears.rgl.datamodel.value.impl.ModifiableRecord
5724
RGL_VALUE_11712 class nl.tudelft.rdfgears.rgl.datamodel.value.impl.ModifiableRecord
5725
RGL_VALUE_11714 class nl.tudelft.rdfgears.rgl.datamodel.value.impl.ModifiableRecord
5726
RGL_VALUE_11716 class nl.tudelft.rdfgears.rgl.datamodel.value.impl.ModifiableRecord
5727
RGL_VALUE_11718 class nl.tudelft.rdfgears.rgl.datamodel.value.impl.ModifiableRecord
5728
RGL_VALUE_11720 class nl.tudelft.rdfgears.rgl.datamodel.value.impl.ModifiableRecord
5729
RGL_VALUE_11722 class nl.tudelft.rdfgears.rgl.datamodel.value.impl.ModifiableRecord
5730
RGL_VALUE_11724 class nl.tudelft.rdfgears.rgl.datamodel.value.impl.ModifiableRecord
5731
RGL_VALUE_11726 class nl.tudelft.rdfgears.rgl.datamodel.value.impl.ModifiableRecord
5732
RGL_VALUE_11728 class nl.tudelft.rdfgears.rgl.datamodel.value.impl.ModifiableRecord
5733
RGL_VALUE_11730 class nl.tudelft.rdfgears.rgl.datamodel.value.impl.ModifiableRecord
5734
RGL_VALUE_11732 class nl.tudelft.rdfgears.rgl.datamodel.value.impl.ModifiableRecord
5735
RGL_VALUE_11734 class nl.tudelft.rdfgears.rgl.datamodel.value.impl.ModifiableRecord
5736
RGL_VALUE_11736 class nl.tudelft.rdfgears.rgl.datamodel.value.impl.ModifiableRecord
5737
RGL_VALUE_11738 class nl.tudelft.rdfgears.rgl.datamodel.value.impl.ModifiableRecord
5738
RGL_VALUE_11740 class nl.tudelft.rdfgears.rgl.datamodel.value.impl.ModifiableRecord
5739
RGL_VALUE_11742 class nl.tudelft.rdfgears.rgl.datamodel.value.impl.ModifiableRecord
5740
RGL_VALUE_11744 class nl.tudelft.rdfgears.rgl.datamodel.value.impl.ModifiableRecord
5741
RGL_VALUE_11746 class nl.tudelft.rdfgears.rgl.datamodel.value.impl.ModifiableRecord
5742
RGL_VALUE_11748 class nl.tudelft.rdfgears.rgl.datamodel.value.impl.ModifiableRecord
5743
RGL_VALUE_11750 class nl.tudelft.rdfgears.rgl.datamodel.value.impl.ModifiableRecord
5744
RGL_VALUE_11752 class nl.tudelft.rdfgears.rgl.datamodel.value.impl.ModifiableRecord
5745
RGL_VALUE_11754 class nl.tudelft.rdfgears.rgl.datamodel.value.impl.ModifiableRecord
5746
RGL_VALUE_11756 class nl.tudelft.rdfgears.rgl.datamodel.value.impl.ModifiableRecord
5747
RGL_VALUE_11758 class nl.tudelft.rdfgears.rgl.datamodel.value.impl.ModifiableRecord
5748
RGL_VALUE_11760 class nl.tudelft.rdfgears.rgl.datamodel.value.impl.ModifiableRecord
5749
RGL_VALUE_11762 class nl.tudelft.rdfgears.rgl.datamodel.value.impl.ModifiableRecord
5750
RGL_VALUE_11764 class nl.tudelft.rdfgears.rgl.datamodel.value.impl.ModifiableRecord
5751
RGL_VALUE_11766 class nl.tudelft.rdfgears.rgl.datamodel.value.impl.ModifiableRecord
5752
RGL_VALUE_11768 class nl.tudelft.rdfgears.rgl.datamodel.value.impl.ModifiableRecord
5753
RGL_VALUE_11770 class nl.tudelft.rdfgears.rgl.datamodel.value.impl.ModifiableRecord
5754
RGL_VALUE_11772 class nl.tudelft.rdfgears.rgl.datamodel.value.impl.ModifiableRecord
5755
RGL_VALUE_11774 class nl.tudelft.rdfgears.rgl.datamodel.value.impl.ModifiableRecord
5756
RGL_VALUE_11776 class nl.tudelft.rdfgears.rgl.datamodel.value.impl.ModifiableRecord
5757
RGL_VALUE_11778 class nl.tudelft.rdfgears.rgl.datamodel.value.impl.ModifiableRecord
5758
RGL_VALUE_11780 class nl.tudelft.rdfgears.rgl.datamodel.value.impl.ModifiableRecord
5759
RGL_VALUE_11782 class nl.tudelft.rdfgears.rgl.datamodel.value.impl.ModifiableRecord
5760
RGL_VALUE_11784 class nl.tudelft.rdfgears.rgl.datamodel.value.impl.ModifiableRecord
5761
RGL_VALUE_11786 class nl.tudelft.rdfgears.rgl.datamodel.value.impl.ModifiableRecord
5762
RGL_VALUE_11788 class nl.tudelft.rdfgears.rgl.datamodel.value.impl.ModifiableRecord
5763
RGL_VALUE_11790 class nl.tudelft.rdfgears.rgl.datamodel.value.impl.ModifiableRecord
5764
RGL_VALUE_11792 class nl.tudelft.rdfgears.rgl.datamodel.value.impl.ModifiableRecord
5765
RGL_VALUE_11794 class nl.tudelft.rdfgears.rgl.datamodel.value.impl.ModifiableRecord
5766
RGL_VALUE_11796 class nl.tudelft.rdfgears.rgl.datamodel.value.impl.ModifiableRecord
5767
RGL_VALUE_11798 class nl.tudelft.rdfgears.rgl.datamodel.value.impl.ModifiableRecord
5768
RGL_VALUE_11800 class nl.tudelft.rdfgears.rgl.datamodel.value.impl.ModifiableRecord
5769
RGL_VALUE_11802 class nl.tudelft.rdfgears.rgl.datamodel.value.impl.ModifiableRecord
5770
RGL_VALUE_11804 class nl.tudelft.rdfgears.rgl.datamodel.value.impl.ModifiableRecord
5771
RGL_VALUE_11806 class nl.tudelft.rdfgears.rgl.datamodel.value.impl.ModifiableRecord
5772
RGL_VALUE_11808 class nl.tudelft.rdfgears.rgl.datamodel.value.impl.ModifiableRecord
5773
RGL_VALUE_11810 class nl.tudelft.rdfgears.rgl.datamodel.value.impl.ModifiableRecord
5774
RGL_VALUE_11812 class nl.tudelft.rdfgears.rgl.datamodel.value.impl.ModifiableRecord
5775
RGL_VALUE_11814 class nl.tudelft.rdfgears.rgl.datamodel.value.impl.ModifiableRecord
5776
RGL_VALUE_11816 class nl.tudelft.rdfgears.rgl.datamodel.value.impl.ModifiableRecord
5777
RGL_VALUE_11818 class nl.tudelft.rdfgears.rgl.datamodel.value.impl.ModifiableRecord
5778
RGL_VALUE_11820 class nl.tudelft.rdfgears.rgl.datamodel.value.impl.ModifiableRecord
5779
RGL_VALUE_11822 class nl.tudelft.rdfgears.rgl.datamodel.value.impl.ModifiableRecord
5780
RGL_VALUE_11824 class nl.tudelft.rdfgears.rgl.datamodel.value.impl.ModifiableRecord
5781
RGL_VALUE_11826 class nl.tudelft.rdfgears.rgl.datamodel.value.impl.ModifiableRecord
5782
RGL_VALUE_11828 class nl.tudelft.rdfgears.rgl.datamodel.value.impl.ModifiableRecord
5783
RGL_VALUE_11830 class nl.tudelft.rdfgears.rgl.datamodel.value.impl.ModifiableRecord
5784
RGL_VALUE_11832 class nl.tudelft.rdfgears.rgl.datamodel.value.impl.ModifiableRecord
5785
RGL_VALUE_11834 class nl.tudelft.rdfgears.rgl.datamodel.value.impl.ModifiableRecord
5786
RGL_VALUE_11836 class nl.tudelft.rdfgears.rgl.datamodel.value.impl.ModifiableRecord
5787
RGL_VALUE_11838 class nl.tudelft.rdfgears.rgl.datamodel.value.impl.ModifiableRecord
5788
RGL_VALUE_11840 class nl.tudelft.rdfgears.rgl.datamodel.value.impl.ModifiableRecord
5789
RGL_VALUE_11842 class nl.tudelft.rdfgears.rgl.datamodel.value.impl.ModifiableRecord
5790
RGL_VALUE_11844 class nl.tudelft.rdfgears.rgl.datamodel.value.impl.ModifiableRecord
5791
RGL_VALUE_11846 class nl.tudelft.rdfgears.rgl.datamodel.value.impl.ModifiableRecord
5792
RGL_VALUE_11848 class nl.tudelft.rdfgears.rgl.datamodel.value.impl.ModifiableRecord
5793
RGL_VALUE_11850 class nl.tudelft.rdfgears.rgl.datamodel.value.impl.ModifiableRecord
5794
RGL_VALUE_11852 class nl.tudelft.rdfgears.rgl.datamodel.value.impl.ModifiableRecord
5795
RGL_VALUE_11854 class nl.tudelft.rdfgears.rgl.datamodel.value.impl.ModifiableRecord
5796
RGL_VALUE_11856 class nl.tudelft.rdfgears.rgl.datamodel.value.impl.ModifiableRecord
5797
RGL_VALUE_11858 class nl.tudelft.rdfgears.rgl.datamodel.value.impl.ModifiableRecord
5798
RGL_VALUE_11860 class nl.tudelft.rdfgears.rgl.datamodel.value.impl.ModifiableRecord
5799
RGL_VALUE_11862 class nl.tudelft.rdfgears.rgl.datamodel.value.impl.ModifiableRecord
5800
RGL_VALUE_11865 class nl.tudelft.rdfgears.rgl.datamodel.value.impl.ModifiableRecord
5801
RGL_VALUE_11867 class nl.tudelft.rdfgears.rgl.datamodel.value.impl.ModifiableRecord
5802
RGL_VALUE_11869 class nl.tudelft.rdfgears.rgl.datamodel.value.impl.ModifiableRecord
5803
RGL_VALUE_11871 class nl.tudelft.rdfgears.rgl.datamodel.value.impl.ModifiableRecord
5804
RGL_VALUE_11873 class nl.tudelft.rdfgears.rgl.datamodel.value.impl.ModifiableRecord
5805
RGL_VALUE_11875 class nl.tudelft.rdfgears.rgl.datamodel.value.impl.ModifiableRecord
5806
RGL_VALUE_11877 class nl.tudelft.rdfgears.rgl.datamodel.value.impl.ModifiableRecord
5807
RGL_VALUE_11879 class nl.tudelft.rdfgears.rgl.datamodel.value.impl.ModifiableRecord
5808
RGL_VALUE_11881 class nl.tudelft.rdfgears.rgl.datamodel.value.impl.ModifiableRecord
5809
RGL_VALUE_11883 class nl.tudelft.rdfgears.rgl.datamodel.value.impl.ModifiableRecord
5810
RGL_VALUE_11885 class nl.tudelft.rdfgears.rgl.datamodel.value.impl.ModifiableRecord
5811
RGL_VALUE_11887 class nl.tudelft.rdfgears.rgl.datamodel.value.impl.ModifiableRecord
5812
RGL_VALUE_11889 class nl.tudelft.rdfgears.rgl.datamodel.value.impl.ModifiableRecord
5813
RGL_VALUE_11891 class nl.tudelft.rdfgears.rgl.datamodel.value.impl.ModifiableRecord
5814
RGL_VALUE_11893 class nl.tudelft.rdfgears.rgl.datamodel.value.impl.ModifiableRecord
5815
RGL_VALUE_11895 class nl.tudelft.rdfgears.rgl.datamodel.value.impl.ModifiableRecord
5816
RGL_VALUE_11897 class nl.tudelft.rdfgears.rgl.datamodel.value.impl.ModifiableRecord
5817
RGL_VALUE_11899 class nl.tudelft.rdfgears.rgl.datamodel.value.impl.ModifiableRecord
5818
RGL_VALUE_11901 class nl.tudelft.rdfgears.rgl.datamodel.value.impl.ModifiableRecord
5819
RGL_VALUE_11903 class nl.tudelft.rdfgears.rgl.datamodel.value.impl.ModifiableRecord
5820
RGL_VALUE_11905 class nl.tudelft.rdfgears.rgl.datamodel.value.impl.ModifiableRecord
5821
RGL_VALUE_11907 class nl.tudelft.rdfgears.rgl.datamodel.value.impl.ModifiableRecord
5822
RGL_VALUE_11909 class nl.tudelft.rdfgears.rgl.datamodel.value.impl.ModifiableRecord
5823
RGL_VALUE_11911 class nl.tudelft.rdfgears.rgl.datamodel.value.impl.ModifiableRecord
5824
RGL_VALUE_11913 class nl.tudelft.rdfgears.rgl.datamodel.value.impl.ModifiableRecord
5825
RGL_VALUE_11915 class nl.tudelft.rdfgears.rgl.datamodel.value.impl.ModifiableRecord
5826
RGL_VALUE_11917 class nl.tudelft.rdfgears.rgl.datamodel.value.impl.ModifiableRecord
5827
RGL_VALUE_11919 class nl.tudelft.rdfgears.rgl.datamodel.value.impl.ModifiableRecord
5828
RGL_VALUE_11921 class nl.tudelft.rdfgears.rgl.datamodel.value.impl.ModifiableRecord
5829
RGL_VALUE_11923 class nl.tudelft.rdfgears.rgl.datamodel.value.impl.ModifiableRecord
5830
RGL_VALUE_11925 class nl.tudelft.rdfgears.rgl.datamodel.value.impl.ModifiableRecord
5831
RGL_VALUE_11927 class nl.tudelft.rdfgears.rgl.datamodel.value.impl.ModifiableRecord
5832
RGL_VALUE_11929 class nl.tudelft.rdfgears.rgl.datamodel.value.impl.ModifiableRecord
5833
RGL_VALUE_11931 class nl.tudelft.rdfgears.rgl.datamodel.value.impl.ModifiableRecord
5834
RGL_VALUE_11933 class nl.tudelft.rdfgears.rgl.datamodel.value.impl.ModifiableRecord
5835
RGL_VALUE_11935 class nl.tudelft.rdfgears.rgl.datamodel.value.impl.ModifiableRecord
5836
RGL_VALUE_11937 class nl.tudelft.rdfgears.rgl.datamodel.value.impl.ModifiableRecord
5837
RGL_VALUE_11939 class nl.tudelft.rdfgears.rgl.datamodel.value.impl.ModifiableRecord
5838
RGL_VALUE_11941 class nl.tudelft.rdfgears.rgl.datamodel.value.impl.ModifiableRecord
5839
RGL_VALUE_11943 class nl.tudelft.rdfgears.rgl.datamodel.value.impl.ModifiableRecord
5840
RGL_VALUE_11945 class nl.tudelft.rdfgears.rgl.datamodel.value.impl.ModifiableRecord
5841
RGL_VALUE_11947 class nl.tudelft.rdfgears.rgl.datamodel.value.impl.ModifiableRecord
5842
RGL_VALUE_11949 class nl.tudelft.rdfgears.rgl.datamodel.value.impl.ModifiableRecord
5843
RGL_VALUE_11951 class nl.tudelft.rdfgears.rgl.datamodel.value.impl.ModifiableRecord
5844
RGL_VALUE_11953 class nl.tudelft.rdfgears.rgl.datamodel.value.impl.ModifiableRecord
5845
RGL_VALUE_11955 class nl.tudelft.rdfgears.rgl.datamodel.value.impl.ModifiableRecord
5846
RGL_VALUE_11957 class nl.tudelft.rdfgears.rgl.datamodel.value.impl.ModifiableRecord
5847
RGL_VALUE_11959 class nl.tudelft.rdfgears.rgl.datamodel.value.impl.ModifiableRecord
5848
RGL_VALUE_11961 class nl.tudelft.rdfgears.rgl.datamodel.value.impl.ModifiableRecord
5849
RGL_VALUE_11963 class nl.tudelft.rdfgears.rgl.datamodel.value.impl.ModifiableRecord
5850
RGL_VALUE_11965 class nl.tudelft.rdfgears.rgl.datamodel.value.impl.ModifiableRecord
5851
RGL_VALUE_11967 class nl.tudelft.rdfgears.rgl.datamodel.value.impl.ModifiableRecord
5852
RGL_VALUE_11969 class nl.tudelft.rdfgears.rgl.datamodel.value.impl.ModifiableRecord
5853
RGL_VALUE_11971 class nl.tudelft.rdfgears.rgl.datamodel.value.impl.ModifiableRecord
5854
RGL_VALUE_11973 class nl.tudelft.rdfgears.rgl.datamodel.value.impl.ModifiableRecord
5855
RGL_VALUE_11975 class nl.tudelft.rdfgears.rgl.datamodel.value.impl.ModifiableRecord
5856
RGL_VALUE_11977 class nl.tudelft.rdfgears.rgl.datamodel.value.impl.ModifiableRecord
5857
RGL_VALUE_11979 class nl.tudelft.rdfgears.rgl.datamodel.value.impl.ModifiableRecord
5858
RGL_VALUE_11981 class nl.tudelft.rdfgears.rgl.datamodel.value.impl.ModifiableRecord
5859
RGL_VALUE_11983 class nl.tudelft.rdfgears.rgl.datamodel.value.impl.ModifiableRecord
5860
RGL_VALUE_11985 class nl.tudelft.rdfgears.rgl.datamodel.value.impl.ModifiableRecord
5861
RGL_VALUE_11987 class nl.tudelft.rdfgears.rgl.datamodel.value.impl.ModifiableRecord
5862
RGL_VALUE_11989 class nl.tudelft.rdfgears.rgl.datamodel.value.impl.ModifiableRecord
5863
RGL_VALUE_11991 class nl.tudelft.rdfgears.rgl.datamodel.value.impl.ModifiableRecord
5864
RGL_VALUE_11993 class nl.tudelft.rdfgears.rgl.datamodel.value.impl.ModifiableRecord
5865
RGL_VALUE_11995 class nl.tudelft.rdfgears.rgl.datamodel.value.impl.ModifiableRecord
5866
RGL_VALUE_11997 class nl.tudelft.rdfgears.rgl.datamodel.value.impl.ModifiableRecord
5867
RGL_VALUE_11999 class nl.tudelft.rdfgears.rgl.datamodel.value.impl.ModifiableRecord
5868
RGL_VALUE_12001 class nl.tudelft.rdfgears.rgl.datamodel.value.impl.ModifiableRecord
5869
RGL_VALUE_12003 class nl.tudelft.rdfgears.rgl.datamodel.value.impl.ModifiableRecord
5870
RGL_VALUE_12005 class nl.tudelft.rdfgears.rgl.datamodel.value.impl.ModifiableRecord
5871
RGL_VALUE_12007 class nl.tudelft.rdfgears.rgl.datamodel.value.impl.ModifiableRecord
5872
RGL_VALUE_12009 class nl.tudelft.rdfgears.rgl.datamodel.value.impl.ModifiableRecord
5873
RGL_VALUE_12011 class nl.tudelft.rdfgears.rgl.datamodel.value.impl.ModifiableRecord
5874
RGL_VALUE_12013 class nl.tudelft.rdfgears.rgl.datamodel.value.impl.ModifiableRecord
5875
RGL_VALUE_12015 class nl.tudelft.rdfgears.rgl.datamodel.value.impl.ModifiableRecord
5876
RGL_VALUE_12017 class nl.tudelft.rdfgears.rgl.datamodel.value.impl.ModifiableRecord
5877
RGL_VALUE_12019 class nl.tudelft.rdfgears.rgl.datamodel.value.impl.ModifiableRecord
5878
RGL_VALUE_12021 class nl.tudelft.rdfgears.rgl.datamodel.value.impl.ModifiableRecord
5879
RGL_VALUE_12023 class nl.tudelft.rdfgears.rgl.datamodel.value.impl.ModifiableRecord
5880
RGL_VALUE_12025 class nl.tudelft.rdfgears.rgl.datamodel.value.impl.ModifiableRecord
5881
RGL_VALUE_12027 class nl.tudelft.rdfgears.rgl.datamodel.value.impl.ModifiableRecord
5882
RGL_VALUE_12029 class nl.tudelft.rdfgears.rgl.datamodel.value.impl.ModifiableRecord
5883
RGL_VALUE_12031 class nl.tudelft.rdfgears.rgl.datamodel.value.impl.ModifiableRecord
5884
RGL_VALUE_12033 class nl.tudelft.rdfgears.rgl.datamodel.value.impl.ModifiableRecord
5885
RGL_VALUE_12035 class nl.tudelft.rdfgears.rgl.datamodel.value.impl.ModifiableRecord
5886
RGL_VALUE_12037 class nl.tudelft.rdfgears.rgl.datamodel.value.impl.ModifiableRecord
5887
RGL_VALUE_12039 class nl.tudelft.rdfgears.rgl.datamodel.value.impl.ModifiableRecord
5888
RGL_VALUE_12041 class nl.tudelft.rdfgears.rgl.datamodel.value.impl.ModifiableRecord
5889
RGL_VALUE_12043 class nl.tudelft.rdfgears.rgl.datamodel.value.impl.ModifiableRecord
5890
RGL_VALUE_12045 class nl.tudelft.rdfgears.rgl.datamodel.value.impl.ModifiableRecord
5891
RGL_VALUE_12047 class nl.tudelft.rdfgears.rgl.datamodel.value.impl.ModifiableRecord
5892
RGL_VALUE_12049 class nl.tudelft.rdfgears.rgl.datamodel.value.impl.ModifiableRecord
5893
RGL_VALUE_12051 class nl.tudelft.rdfgears.rgl.datamodel.value.impl.ModifiableRecord
5894
RGL_VALUE_12053 class nl.tudelft.rdfgears.rgl.datamodel.value.impl.ModifiableRecord
5895
RGL_VALUE_12055 class nl.tudelft.rdfgears.rgl.datamodel.value.impl.ModifiableRecord
5896
RGL_VALUE_12057 class nl.tudelft.rdfgears.rgl.datamodel.value.impl.ModifiableRecord
5897
RGL_VALUE_12059 class nl.tudelft.rdfgears.rgl.datamodel.value.impl.ModifiableRecord
5898
RGL_VALUE_12061 class nl.tudelft.rdfgears.rgl.datamodel.value.impl.ModifiableRecord
5899
RGL_VALUE_12063 class nl.tudelft.rdfgears.rgl.datamodel.value.impl.ModifiableRecord
5900
RGL_VALUE_12066 class nl.tudelft.rdfgears.rgl.datamodel.value.impl.ModifiableRecord
5901
RGL_VALUE_12068 class nl.tudelft.rdfgears.rgl.datamodel.value.impl.ModifiableRecord
5902
RGL_VALUE_12070 class nl.tudelft.rdfgears.rgl.datamodel.value.impl.ModifiableRecord
5903
RGL_VALUE_12072 class nl.tudelft.rdfgears.rgl.datamodel.value.impl.ModifiableRecord
5904
RGL_VALUE_12074 class nl.tudelft.rdfgears.rgl.datamodel.value.impl.ModifiableRecord
5905
RGL_VALUE_12076 class nl.tudelft.rdfgears.rgl.datamodel.value.impl.ModifiableRecord
5906
RGL_VALUE_12078 class nl.tudelft.rdfgears.rgl.datamodel.value.impl.ModifiableRecord
5907
RGL_VALUE_12080 class nl.tudelft.rdfgears.rgl.datamodel.value.impl.ModifiableRecord
5908
RGL_VALUE_12082 class nl.tudelft.rdfgears.rgl.datamodel.value.impl.ModifiableRecord
5909
RGL_VALUE_12084 class nl.tudelft.rdfgears.rgl.datamodel.value.impl.ModifiableRecord
5910
RGL_VALUE_12086 class nl.tudelft.rdfgears.rgl.datamodel.value.impl.ModifiableRecord
5911
RGL_VALUE_12088 class nl.tudelft.rdfgears.rgl.datamodel.value.impl.ModifiableRecord
5912
RGL_VALUE_12090 class nl.tudelft.rdfgears.rgl.datamodel.value.impl.ModifiableRecord
5913
RGL_VALUE_12092 class nl.tudelft.rdfgears.rgl.datamodel.value.impl.ModifiableRecord
5914
RGL_VALUE_12094 class nl.tudelft.rdfgears.rgl.datamodel.value.impl.ModifiableRecord
5915
RGL_VALUE_12096 class nl.tudelft.rdfgears.rgl.datamodel.value.impl.ModifiableRecord
5916
RGL_VALUE_12098 class nl.tudelft.rdfgears.rgl.datamodel.value.impl.ModifiableRecord
5917
RGL_VALUE_12100 class nl.tudelft.rdfgears.rgl.datamodel.value.impl.ModifiableRecord
5918
RGL_VALUE_12102 class nl.tudelft.rdfgears.rgl.datamodel.value.impl.ModifiableRecord
5919
RGL_VALUE_12104 class nl.tudelft.rdfgears.rgl.datamodel.value.impl.ModifiableRecord
5920
RGL_VALUE_12106 class nl.tudelft.rdfgears.rgl.datamodel.value.impl.ModifiableRecord
5921
RGL_VALUE_12108 class nl.tudelft.rdfgears.rgl.datamodel.value.impl.ModifiableRecord
5922
RGL_VALUE_12110 class nl.tudelft.rdfgears.rgl.datamodel.value.impl.ModifiableRecord
5923
RGL_VALUE_12112 class nl.tudelft.rdfgears.rgl.datamodel.value.impl.ModifiableRecord
5924
RGL_VALUE_12114 class nl.tudelft.rdfgears.rgl.datamodel.value.impl.ModifiableRecord
5925
RGL_VALUE_12116 class nl.tudelft.rdfgears.rgl.datamodel.value.impl.ModifiableRecord
5926
RGL_VALUE_12118 class nl.tudelft.rdfgears.rgl.datamodel.value.impl.ModifiableRecord
5927
RGL_VALUE_12120 class nl.tudelft.rdfgears.rgl.datamodel.value.impl.ModifiableRecord
5928
RGL_VALUE_12122 class nl.tudelft.rdfgears.rgl.datamodel.value.impl.ModifiableRecord
5929
RGL_VALUE_12124 class nl.tudelft.rdfgears.rgl.datamodel.value.impl.ModifiableRecord
5930
RGL_VALUE_12126 class nl.tudelft.rdfgears.rgl.datamodel.value.impl.ModifiableRecord
5931
RGL_VALUE_12128 class nl.tudelft.rdfgears.rgl.datamodel.value.impl.ModifiableRecord
5932
RGL_VALUE_12130 class nl.tudelft.rdfgears.rgl.datamodel.value.impl.ModifiableRecord
5933
RGL_VALUE_12132 class nl.tudelft.rdfgears.rgl.datamodel.value.impl.ModifiableRecord
5934
RGL_VALUE_12134 class nl.tudelft.rdfgears.rgl.datamodel.value.impl.ModifiableRecord
5935
RGL_VALUE_12136 class nl.tudelft.rdfgears.rgl.datamodel.value.impl.ModifiableRecord
5936
RGL_VALUE_12138 class nl.tudelft.rdfgears.rgl.datamodel.value.impl.ModifiableRecord
5937
RGL_VALUE_12140 class nl.tudelft.rdfgears.rgl.datamodel.value.impl.ModifiableRecord
5938
RGL_VALUE_12142 class nl.tudelft.rdfgears.rgl.datamodel.value.impl.ModifiableRecord
5939
RGL_VALUE_12144 class nl.tudelft.rdfgears.rgl.datamodel.value.impl.ModifiableRecord
5940
RGL_VALUE_12146 class nl.tudelft.rdfgears.rgl.datamodel.value.impl.ModifiableRecord
5941
RGL_VALUE_12148 class nl.tudelft.rdfgears.rgl.datamodel.value.impl.ModifiableRecord
5942
RGL_VALUE_12150 class nl.tudelft.rdfgears.rgl.datamodel.value.impl.ModifiableRecord
5943
RGL_VALUE_12152 class nl.tudelft.rdfgears.rgl.datamodel.value.impl.ModifiableRecord
5944
RGL_VALUE_12154 class nl.tudelft.rdfgears.rgl.datamodel.value.impl.ModifiableRecord
5945
RGL_VALUE_12156 class nl.tudelft.rdfgears.rgl.datamodel.value.impl.ModifiableRecord
5946
RGL_VALUE_12158 class nl.tudelft.rdfgears.rgl.datamodel.value.impl.ModifiableRecord
5947
RGL_VALUE_12160 class nl.tudelft.rdfgears.rgl.datamodel.value.impl.ModifiableRecord
5948
RGL_VALUE_12162 class nl.tudelft.rdfgears.rgl.datamodel.value.impl.ModifiableRecord
5949
RGL_VALUE_12164 class nl.tudelft.rdfgears.rgl.datamodel.value.impl.ModifiableRecord
5950
RGL_VALUE_12166 class nl.tudelft.rdfgears.rgl.datamodel.value.impl.ModifiableRecord
5951
RGL_VALUE_12168 class nl.tudelft.rdfgears.rgl.datamodel.value.impl.ModifiableRecord
5952
RGL_VALUE_12170 class nl.tudelft.rdfgears.rgl.datamodel.value.impl.ModifiableRecord
5953
RGL_VALUE_12172 class nl.tudelft.rdfgears.rgl.datamodel.value.impl.ModifiableRecord
5954
RGL_VALUE_12174 class nl.tudelft.rdfgears.rgl.datamodel.value.impl.ModifiableRecord
5955
RGL_VALUE_12176 class nl.tudelft.rdfgears.rgl.datamodel.value.impl.ModifiableRecord
5956
RGL_VALUE_12178 class nl.tudelft.rdfgears.rgl.datamodel.value.impl.ModifiableRecord
5957
RGL_VALUE_12180 class nl.tudelft.rdfgears.rgl.datamodel.value.impl.ModifiableRecord
5958
RGL_VALUE_12182 class nl.tudelft.rdfgears.rgl.datamodel.value.impl.ModifiableRecord
5959
RGL_VALUE_12184 class nl.tudelft.rdfgears.rgl.datamodel.value.impl.ModifiableRecord
5960
RGL_VALUE_12186 class nl.tudelft.rdfgears.rgl.datamodel.value.impl.ModifiableRecord
5961
RGL_VALUE_12188 class nl.tudelft.rdfgears.rgl.datamodel.value.impl.ModifiableRecord
5962
RGL_VALUE_12190 class nl.tudelft.rdfgears.rgl.datamodel.value.impl.ModifiableRecord
5963
RGL_VALUE_12192 class nl.tudelft.rdfgears.rgl.datamodel.value.impl.ModifiableRecord
5964
RGL_VALUE_12194 class nl.tudelft.rdfgears.rgl.datamodel.value.impl.ModifiableRecord
5965
RGL_VALUE_12196 class nl.tudelft.rdfgears.rgl.datamodel.value.impl.ModifiableRecord
5966
RGL_VALUE_12198 class nl.tudelft.rdfgears.rgl.datamodel.value.impl.ModifiableRecord
5967
RGL_VALUE_12200 class nl.tudelft.rdfgears.rgl.datamodel.value.impl.ModifiableRecord
5968
RGL_VALUE_12202 class nl.tudelft.rdfgears.rgl.datamodel.value.impl.ModifiableRecord
5969
RGL_VALUE_12204 class nl.tudelft.rdfgears.rgl.datamodel.value.impl.ModifiableRecord
5970
RGL_VALUE_12206 class nl.tudelft.rdfgears.rgl.datamodel.value.impl.ModifiableRecord
5971
RGL_VALUE_12208 class nl.tudelft.rdfgears.rgl.datamodel.value.impl.ModifiableRecord
5972
RGL_VALUE_12210 class nl.tudelft.rdfgears.rgl.datamodel.value.impl.ModifiableRecord
5973
RGL_VALUE_12212 class nl.tudelft.rdfgears.rgl.datamodel.value.impl.ModifiableRecord
5974
RGL_VALUE_12214 class nl.tudelft.rdfgears.rgl.datamodel.value.impl.ModifiableRecord
5975
RGL_VALUE_12216 class nl.tudelft.rdfgears.rgl.datamodel.value.impl.ModifiableRecord
5976
RGL_VALUE_12218 class nl.tudelft.rdfgears.rgl.datamodel.value.impl.ModifiableRecord
5977
RGL_VALUE_12220 class nl.tudelft.rdfgears.rgl.datamodel.value.impl.ModifiableRecord
5978
RGL_VALUE_12222 class nl.tudelft.rdfgears.rgl.datamodel.value.impl.ModifiableRecord
5979
RGL_VALUE_12224 class nl.tudelft.rdfgears.rgl.datamodel.value.impl.ModifiableRecord
5980
RGL_VALUE_12226 class nl.tudelft.rdfgears.rgl.datamodel.value.impl.ModifiableRecord
5981
RGL_VALUE_12228 class nl.tudelft.rdfgears.rgl.datamodel.value.impl.ModifiableRecord
5982
RGL_VALUE_12230 class nl.tudelft.rdfgears.rgl.datamodel.value.impl.ModifiableRecord
5983
RGL_VALUE_12232 class nl.tudelft.rdfgears.rgl.datamodel.value.impl.ModifiableRecord
5984
RGL_VALUE_12234 class nl.tudelft.rdfgears.rgl.datamodel.value.impl.ModifiableRecord
5985
RGL_VALUE_12236 class nl.tudelft.rdfgears.rgl.datamodel.value.impl.ModifiableRecord
5986
RGL_VALUE_12238 class nl.tudelft.rdfgears.rgl.datamodel.value.impl.ModifiableRecord
5987
RGL_VALUE_12240 class nl.tudelft.rdfgears.rgl.datamodel.value.impl.ModifiableRecord
5988
RGL_VALUE_12242 class nl.tudelft.rdfgears.rgl.datamodel.value.impl.ModifiableRecord
5989
RGL_VALUE_12244 class nl.tudelft.rdfgears.rgl.datamodel.value.impl.ModifiableRecord
5990
RGL_VALUE_12246 class nl.tudelft.rdfgears.rgl.datamodel.value.impl.ModifiableRecord
5991
RGL_VALUE_12248 class nl.tudelft.rdfgears.rgl.datamodel.value.impl.ModifiableRecord
5992
RGL_VALUE_12250 class nl.tudelft.rdfgears.rgl.datamodel.value.impl.ModifiableRecord
5993
RGL_VALUE_12252 class nl.tudelft.rdfgears.rgl.datamodel.value.impl.ModifiableRecord
5994
RGL_VALUE_12254 class nl.tudelft.rdfgears.rgl.datamodel.value.impl.ModifiableRecord
5995
RGL_VALUE_12256 class nl.tudelft.rdfgears.rgl.datamodel.value.impl.ModifiableRecord
5996
RGL_VALUE_12258 class nl.tudelft.rdfgears.rgl.datamodel.value.impl.ModifiableRecord
5997
RGL_VALUE_12260 class nl.tudelft.rdfgears.rgl.datamodel.value.impl.ModifiableRecord
5998
RGL_VALUE_12262 class nl.tudelft.rdfgears.rgl.datamodel.value.impl.ModifiableRecord
5999
RGL_VALUE_12264 class nl.tudelft.rdfgears.rgl.datamodel.value.impl.ModifiableRecord
6000
RGL_VALUE_12267 class nl.tudelft.rdfgears.rgl.datamodel.value.impl.ModifiableRecord
6001
RGL_VALUE_12269 class nl.tudelft.rdfgears.rgl.datamodel.value.impl.ModifiableRecord
6002
RGL_VALUE_12271 class nl.tudelft.rdfgears.rgl.datamodel.value.impl.ModifiableRecord
6003
RGL_VALUE_12273 class nl.tudelft.rdfgears.rgl.datamodel.value.impl.ModifiableRecord
6004
RGL_VALUE_12275 class nl.tudelft.rdfgears.rgl.datamodel.value.impl.ModifiableRecord
6005
RGL_VALUE_12277 class nl.tudelft.rdfgears.rgl.datamodel.value.impl.ModifiableRecord
6006
RGL_VALUE_12279 class nl.tudelft.rdfgears.rgl.datamodel.value.impl.ModifiableRecord
6007
RGL_VALUE_12281 class nl.tudelft.rdfgears.rgl.datamodel.value.impl.ModifiableRecord
6008
RGL_VALUE_12283 class nl.tudelft.rdfgears.rgl.datamodel.value.impl.ModifiableRecord
6009
RGL_VALUE_12285 class nl.tudelft.rdfgears.rgl.datamodel.value.impl.ModifiableRecord
6010
RGL_VALUE_12287 class nl.tudelft.rdfgears.rgl.datamodel.value.impl.ModifiableRecord
6011
RGL_VALUE_12289 class nl.tudelft.rdfgears.rgl.datamodel.value.impl.ModifiableRecord
6012
RGL_VALUE_12291 class nl.tudelft.rdfgears.rgl.datamodel.value.impl.ModifiableRecord
6013
RGL_VALUE_12293 class nl.tudelft.rdfgears.rgl.datamodel.value.impl.ModifiableRecord
6014
RGL_VALUE_12295 class nl.tudelft.rdfgears.rgl.datamodel.value.impl.ModifiableRecord
6015
RGL_VALUE_12297 class nl.tudelft.rdfgears.rgl.datamodel.value.impl.ModifiableRecord
6016
RGL_VALUE_12299 class nl.tudelft.rdfgears.rgl.datamodel.value.impl.ModifiableRecord
6017
RGL_VALUE_12301 class nl.tudelft.rdfgears.rgl.datamodel.value.impl.ModifiableRecord
6018
RGL_VALUE_12303 class nl.tudelft.rdfgears.rgl.datamodel.value.impl.ModifiableRecord
6019
RGL_VALUE_12305 class nl.tudelft.rdfgears.rgl.datamodel.value.impl.ModifiableRecord
6020
RGL_VALUE_12307 class nl.tudelft.rdfgears.rgl.datamodel.value.impl.ModifiableRecord
6021
RGL_VALUE_12309 class nl.tudelft.rdfgears.rgl.datamodel.value.impl.ModifiableRecord
6022
RGL_VALUE_12311 class nl.tudelft.rdfgears.rgl.datamodel.value.impl.ModifiableRecord
6023
RGL_VALUE_12313 class nl.tudelft.rdfgears.rgl.datamodel.value.impl.ModifiableRecord
6024
RGL_VALUE_12315 class nl.tudelft.rdfgears.rgl.datamodel.value.impl.ModifiableRecord
6025
RGL_VALUE_12317 class nl.tudelft.rdfgears.rgl.datamodel.value.impl.ModifiableRecord
6026
RGL_VALUE_12319 class nl.tudelft.rdfgears.rgl.datamodel.value.impl.ModifiableRecord
6027
RGL_VALUE_12321 class nl.tudelft.rdfgears.rgl.datamodel.value.impl.ModifiableRecord
6028
RGL_VALUE_12323 class nl.tudelft.rdfgears.rgl.datamodel.value.impl.ModifiableRecord
6029
RGL_VALUE_12325 class nl.tudelft.rdfgears.rgl.datamodel.value.impl.ModifiableRecord
6030
RGL_VALUE_12327 class nl.tudelft.rdfgears.rgl.datamodel.value.impl.ModifiableRecord
6031
RGL_VALUE_12329 class nl.tudelft.rdfgears.rgl.datamodel.value.impl.ModifiableRecord
6032
RGL_VALUE_12331 class nl.tudelft.rdfgears.rgl.datamodel.value.impl.ModifiableRecord
6033
RGL_VALUE_12333 class nl.tudelft.rdfgears.rgl.datamodel.value.impl.ModifiableRecord
6034
RGL_VALUE_12335 class nl.tudelft.rdfgears.rgl.datamodel.value.impl.ModifiableRecord
6035
RGL_VALUE_12337 class nl.tudelft.rdfgears.rgl.datamodel.value.impl.ModifiableRecord
6036
RGL_VALUE_12339 class nl.tudelft.rdfgears.rgl.datamodel.value.impl.ModifiableRecord
6037
RGL_VALUE_12341 class nl.tudelft.rdfgears.rgl.datamodel.value.impl.ModifiableRecord
6038
RGL_VALUE_12343 class nl.tudelft.rdfgears.rgl.datamodel.value.impl.ModifiableRecord
6039
RGL_VALUE_12345 class nl.tudelft.rdfgears.rgl.datamodel.value.impl.ModifiableRecord
6040
RGL_VALUE_12347 class nl.tudelft.rdfgears.rgl.datamodel.value.impl.ModifiableRecord
6041
RGL_VALUE_12349 class nl.tudelft.rdfgears.rgl.datamodel.value.impl.ModifiableRecord
6042
RGL_VALUE_12351 class nl.tudelft.rdfgears.rgl.datamodel.value.impl.ModifiableRecord
6043
RGL_VALUE_12353 class nl.tudelft.rdfgears.rgl.datamodel.value.impl.ModifiableRecord
6044
RGL_VALUE_12355 class nl.tudelft.rdfgears.rgl.datamodel.value.impl.ModifiableRecord
6045
RGL_VALUE_12357 class nl.tudelft.rdfgears.rgl.datamodel.value.impl.ModifiableRecord
6046
RGL_VALUE_12359 class nl.tudelft.rdfgears.rgl.datamodel.value.impl.ModifiableRecord
6047
RGL_VALUE_12361 class nl.tudelft.rdfgears.rgl.datamodel.value.impl.ModifiableRecord
6048
RGL_VALUE_12363 class nl.tudelft.rdfgears.rgl.datamodel.value.impl.ModifiableRecord
6049
RGL_VALUE_12365 class nl.tudelft.rdfgears.rgl.datamodel.value.impl.ModifiableRecord
6050
RGL_VALUE_12367 class nl.tudelft.rdfgears.rgl.datamodel.value.impl.ModifiableRecord
6051
RGL_VALUE_12369 class nl.tudelft.rdfgears.rgl.datamodel.value.impl.ModifiableRecord
6052
RGL_VALUE_12371 class nl.tudelft.rdfgears.rgl.datamodel.value.impl.ModifiableRecord
6053
RGL_VALUE_12373 class nl.tudelft.rdfgears.rgl.datamodel.value.impl.ModifiableRecord
6054
RGL_VALUE_12375 class nl.tudelft.rdfgears.rgl.datamodel.value.impl.ModifiableRecord
6055
RGL_VALUE_12377 class nl.tudelft.rdfgears.rgl.datamodel.value.impl.ModifiableRecord
6056
RGL_VALUE_12379 class nl.tudelft.rdfgears.rgl.datamodel.value.impl.ModifiableRecord
6057
RGL_VALUE_12381 class nl.tudelft.rdfgears.rgl.datamodel.value.impl.ModifiableRecord
6058
RGL_VALUE_12383 class nl.tudelft.rdfgears.rgl.datamodel.value.impl.ModifiableRecord
6059
RGL_VALUE_12385 class nl.tudelft.rdfgears.rgl.datamodel.value.impl.ModifiableRecord
6060
RGL_VALUE_12387 class nl.tudelft.rdfgears.rgl.datamodel.value.impl.ModifiableRecord
6061
RGL_VALUE_12389 class nl.tudelft.rdfgears.rgl.datamodel.value.impl.ModifiableRecord
6062
RGL_VALUE_12391 class nl.tudelft.rdfgears.rgl.datamodel.value.impl.ModifiableRecord
6063
RGL_VALUE_12393 class nl.tudelft.rdfgears.rgl.datamodel.value.impl.ModifiableRecord
6064
RGL_VALUE_12395 class nl.tudelft.rdfgears.rgl.datamodel.value.impl.ModifiableRecord
6065
RGL_VALUE_12397 class nl.tudelft.rdfgears.rgl.datamodel.value.impl.ModifiableRecord
6066
RGL_VALUE_12399 class nl.tudelft.rdfgears.rgl.datamodel.value.impl.ModifiableRecord
6067
RGL_VALUE_12401 class nl.tudelft.rdfgears.rgl.datamodel.value.impl.ModifiableRecord
6068
RGL_VALUE_12403 class nl.tudelft.rdfgears.rgl.datamodel.value.impl.ModifiableRecord
6069
RGL_VALUE_12405 class nl.tudelft.rdfgears.rgl.datamodel.value.impl.ModifiableRecord
6070
RGL_VALUE_12407 class nl.tudelft.rdfgears.rgl.datamodel.value.impl.ModifiableRecord
6071
RGL_VALUE_12409 class nl.tudelft.rdfgears.rgl.datamodel.value.impl.ModifiableRecord
6072
RGL_VALUE_12411 class nl.tudelft.rdfgears.rgl.datamodel.value.impl.ModifiableRecord
6073
RGL_VALUE_12413 class nl.tudelft.rdfgears.rgl.datamodel.value.impl.ModifiableRecord
6074
RGL_VALUE_12415 class nl.tudelft.rdfgears.rgl.datamodel.value.impl.ModifiableRecord
6075
RGL_VALUE_12417 class nl.tudelft.rdfgears.rgl.datamodel.value.impl.ModifiableRecord
6076
RGL_VALUE_12419 class nl.tudelft.rdfgears.rgl.datamodel.value.impl.ModifiableRecord
6077
RGL_VALUE_12421 class nl.tudelft.rdfgears.rgl.datamodel.value.impl.ModifiableRecord
6078
RGL_VALUE_12423 class nl.tudelft.rdfgears.rgl.datamodel.value.impl.ModifiableRecord
6079
RGL_VALUE_12425 class nl.tudelft.rdfgears.rgl.datamodel.value.impl.ModifiableRecord
6080
RGL_VALUE_12427 class nl.tudelft.rdfgears.rgl.datamodel.value.impl.ModifiableRecord
6081
RGL_VALUE_12429 class nl.tudelft.rdfgears.rgl.datamodel.value.impl.ModifiableRecord
6082
RGL_VALUE_12431 class nl.tudelft.rdfgears.rgl.datamodel.value.impl.ModifiableRecord
6083
RGL_VALUE_12433 class nl.tudelft.rdfgears.rgl.datamodel.value.impl.ModifiableRecord
6084
RGL_VALUE_12435 class nl.tudelft.rdfgears.rgl.datamodel.value.impl.ModifiableRecord
6085
RGL_VALUE_12437 class nl.tudelft.rdfgears.rgl.datamodel.value.impl.ModifiableRecord
6086
RGL_VALUE_12439 class nl.tudelft.rdfgears.rgl.datamodel.value.impl.ModifiableRecord
6087
RGL_VALUE_12441 class nl.tudelft.rdfgears.rgl.datamodel.value.impl.ModifiableRecord
6088
RGL_VALUE_12443 class nl.tudelft.rdfgears.rgl.datamodel.value.impl.ModifiableRecord
6089
RGL_VALUE_12445 class nl.tudelft.rdfgears.rgl.datamodel.value.impl.ModifiableRecord
6090
RGL_VALUE_12447 class nl.tudelft.rdfgears.rgl.datamodel.value.impl.ModifiableRecord
6091
RGL_VALUE_12449 class nl.tudelft.rdfgears.rgl.datamodel.value.impl.ModifiableRecord
6092
RGL_VALUE_12451 class nl.tudelft.rdfgears.rgl.datamodel.value.impl.ModifiableRecord
6093
RGL_VALUE_12453 class nl.tudelft.rdfgears.rgl.datamodel.value.impl.ModifiableRecord
6094
RGL_VALUE_12455 class nl.tudelft.rdfgears.rgl.datamodel.value.impl.ModifiableRecord
6095
RGL_VALUE_12457 class nl.tudelft.rdfgears.rgl.datamodel.value.impl.ModifiableRecord
6096
RGL_VALUE_12459 class nl.tudelft.rdfgears.rgl.datamodel.value.impl.ModifiableRecord
6097
RGL_VALUE_12461 class nl.tudelft.rdfgears.rgl.datamodel.value.impl.ModifiableRecord
6098
RGL_VALUE_12463 class nl.tudelft.rdfgears.rgl.datamodel.value.impl.ModifiableRecord
6099
RGL_VALUE_12465 class nl.tudelft.rdfgears.rgl.datamodel.value.impl.ModifiableRecord
6100
RGL_VALUE_12468 class nl.tudelft.rdfgears.rgl.datamodel.value.impl.ModifiableRecord
6101
RGL_VALUE_12470 class nl.tudelft.rdfgears.rgl.datamodel.value.impl.ModifiableRecord
6102
RGL_VALUE_12472 class nl.tudelft.rdfgears.rgl.datamodel.value.impl.ModifiableRecord
6103
RGL_VALUE_12474 class nl.tudelft.rdfgears.rgl.datamodel.value.impl.ModifiableRecord
6104
RGL_VALUE_12476 class nl.tudelft.rdfgears.rgl.datamodel.value.impl.ModifiableRecord
6105
RGL_VALUE_12478 class nl.tudelft.rdfgears.rgl.datamodel.value.impl.ModifiableRecord
6106
RGL_VALUE_12480 class nl.tudelft.rdfgears.rgl.datamodel.value.impl.ModifiableRecord
6107
RGL_VALUE_12482 class nl.tudelft.rdfgears.rgl.datamodel.value.impl.ModifiableRecord
6108
RGL_VALUE_12484 class nl.tudelft.rdfgears.rgl.datamodel.value.impl.ModifiableRecord
6109
RGL_VALUE_12486 class nl.tudelft.rdfgears.rgl.datamodel.value.impl.ModifiableRecord
6110
RGL_VALUE_12488 class nl.tudelft.rdfgears.rgl.datamodel.value.impl.ModifiableRecord
6111
RGL_VALUE_12490 class nl.tudelft.rdfgears.rgl.datamodel.value.impl.ModifiableRecord
6112
RGL_VALUE_12492 class nl.tudelft.rdfgears.rgl.datamodel.value.impl.ModifiableRecord
6113
RGL_VALUE_12494 class nl.tudelft.rdfgears.rgl.datamodel.value.impl.ModifiableRecord
6114
RGL_VALUE_12496 class nl.tudelft.rdfgears.rgl.datamodel.value.impl.ModifiableRecord
6115
RGL_VALUE_12498 class nl.tudelft.rdfgears.rgl.datamodel.value.impl.ModifiableRecord
6116
RGL_VALUE_12500 class nl.tudelft.rdfgears.rgl.datamodel.value.impl.ModifiableRecord
6117
RGL_VALUE_12502 class nl.tudelft.rdfgears.rgl.datamodel.value.impl.ModifiableRecord
6118
RGL_VALUE_12504 class nl.tudelft.rdfgears.rgl.datamodel.value.impl.ModifiableRecord
6119
RGL_VALUE_12506 class nl.tudelft.rdfgears.rgl.datamodel.value.impl.ModifiableRecord
6120
RGL_VALUE_12508 class nl.tudelft.rdfgears.rgl.datamodel.value.impl.ModifiableRecord
6121
RGL_VALUE_12510 class nl.tudelft.rdfgears.rgl.datamodel.value.impl.ModifiableRecord
6122
RGL_VALUE_12512 class nl.tudelft.rdfgears.rgl.datamodel.value.impl.ModifiableRecord
6123
RGL_VALUE_12514 class nl.tudelft.rdfgears.rgl.datamodel.value.impl.ModifiableRecord
6124
RGL_VALUE_12516 class nl.tudelft.rdfgears.rgl.datamodel.value.impl.ModifiableRecord
6125
RGL_VALUE_12518 class nl.tudelft.rdfgears.rgl.datamodel.value.impl.ModifiableRecord
6126
RGL_VALUE_12520 class nl.tudelft.rdfgears.rgl.datamodel.value.impl.ModifiableRecord
6127
RGL_VALUE_12522 class nl.tudelft.rdfgears.rgl.datamodel.value.impl.ModifiableRecord
6128
RGL_VALUE_12524 class nl.tudelft.rdfgears.rgl.datamodel.value.impl.ModifiableRecord
6129
RGL_VALUE_12526 class nl.tudelft.rdfgears.rgl.datamodel.value.impl.ModifiableRecord
6130
RGL_VALUE_12528 class nl.tudelft.rdfgears.rgl.datamodel.value.impl.ModifiableRecord
6131
RGL_VALUE_12530 class nl.tudelft.rdfgears.rgl.datamodel.value.impl.ModifiableRecord
6132
RGL_VALUE_12532 class nl.tudelft.rdfgears.rgl.datamodel.value.impl.ModifiableRecord
6133
RGL_VALUE_12534 class nl.tudelft.rdfgears.rgl.datamodel.value.impl.ModifiableRecord
6134
RGL_VALUE_12536 class nl.tudelft.rdfgears.rgl.datamodel.value.impl.ModifiableRecord
6135
RGL_VALUE_12538 class nl.tudelft.rdfgears.rgl.datamodel.value.impl.ModifiableRecord
6136
RGL_VALUE_12540 class nl.tudelft.rdfgears.rgl.datamodel.value.impl.ModifiableRecord
6137
RGL_VALUE_12542 class nl.tudelft.rdfgears.rgl.datamodel.value.impl.ModifiableRecord
6138
RGL_VALUE_12544 class nl.tudelft.rdfgears.rgl.datamodel.value.impl.ModifiableRecord
6139
RGL_VALUE_12546 class nl.tudelft.rdfgears.rgl.datamodel.value.impl.ModifiableRecord
6140
RGL_VALUE_12548 class nl.tudelft.rdfgears.rgl.datamodel.value.impl.ModifiableRecord
6141
RGL_VALUE_12550 class nl.tudelft.rdfgears.rgl.datamodel.value.impl.ModifiableRecord
6142
RGL_VALUE_12552 class nl.tudelft.rdfgears.rgl.datamodel.value.impl.ModifiableRecord
6143
RGL_VALUE_12554 class nl.tudelft.rdfgears.rgl.datamodel.value.impl.ModifiableRecord
6144
RGL_VALUE_12556 class nl.tudelft.rdfgears.rgl.datamodel.value.impl.ModifiableRecord
6145
RGL_VALUE_12558 class nl.tudelft.rdfgears.rgl.datamodel.value.impl.ModifiableRecord
6146
RGL_VALUE_12560 class nl.tudelft.rdfgears.rgl.datamodel.value.impl.ModifiableRecord
6147
RGL_VALUE_12562 class nl.tudelft.rdfgears.rgl.datamodel.value.impl.ModifiableRecord
6148
RGL_VALUE_12564 class nl.tudelft.rdfgears.rgl.datamodel.value.impl.ModifiableRecord
6149
RGL_VALUE_12566 class nl.tudelft.rdfgears.rgl.datamodel.value.impl.ModifiableRecord
6150
RGL_VALUE_12568 class nl.tudelft.rdfgears.rgl.datamodel.value.impl.ModifiableRecord
6151
RGL_VALUE_12570 class nl.tudelft.rdfgears.rgl.datamodel.value.impl.ModifiableRecord
6152
RGL_VALUE_12572 class nl.tudelft.rdfgears.rgl.datamodel.value.impl.ModifiableRecord
6153
RGL_VALUE_12574 class nl.tudelft.rdfgears.rgl.datamodel.value.impl.ModifiableRecord
6154
RGL_VALUE_12576 class nl.tudelft.rdfgears.rgl.datamodel.value.impl.ModifiableRecord
6155
RGL_VALUE_12578 class nl.tudelft.rdfgears.rgl.datamodel.value.impl.ModifiableRecord
6156
RGL_VALUE_12580 class nl.tudelft.rdfgears.rgl.datamodel.value.impl.ModifiableRecord
6157
RGL_VALUE_12582 class nl.tudelft.rdfgears.rgl.datamodel.value.impl.ModifiableRecord
6158
RGL_VALUE_12584 class nl.tudelft.rdfgears.rgl.datamodel.value.impl.ModifiableRecord
6159
RGL_VALUE_12586 class nl.tudelft.rdfgears.rgl.datamodel.value.impl.ModifiableRecord
6160
RGL_VALUE_12588 class nl.tudelft.rdfgears.rgl.datamodel.value.impl.ModifiableRecord
6161
RGL_VALUE_12590 class nl.tudelft.rdfgears.rgl.datamodel.value.impl.ModifiableRecord
6162
RGL_VALUE_12592 class nl.tudelft.rdfgears.rgl.datamodel.value.impl.ModifiableRecord
6163
RGL_VALUE_12594 class nl.tudelft.rdfgears.rgl.datamodel.value.impl.ModifiableRecord
6164
RGL_VALUE_12596 class nl.tudelft.rdfgears.rgl.datamodel.value.impl.ModifiableRecord
6165
RGL_VALUE_12598 class nl.tudelft.rdfgears.rgl.datamodel.value.impl.ModifiableRecord
6166
RGL_VALUE_12600 class nl.tudelft.rdfgears.rgl.datamodel.value.impl.ModifiableRecord
6167
RGL_VALUE_12602 class nl.tudelft.rdfgears.rgl.datamodel.value.impl.ModifiableRecord
6168
RGL_VALUE_12604 class nl.tudelft.rdfgears.rgl.datamodel.value.impl.ModifiableRecord
6169
RGL_VALUE_12606 class nl.tudelft.rdfgears.rgl.datamodel.value.impl.ModifiableRecord
6170
RGL_VALUE_12608 class nl.tudelft.rdfgears.rgl.datamodel.value.impl.ModifiableRecord
6171
RGL_VALUE_12610 class nl.tudelft.rdfgears.rgl.datamodel.value.impl.ModifiableRecord
6172
RGL_VALUE_12612 class nl.tudelft.rdfgears.rgl.datamodel.value.impl.ModifiableRecord
6173
RGL_VALUE_12614 class nl.tudelft.rdfgears.rgl.datamodel.value.impl.ModifiableRecord
6174
RGL_VALUE_12616 class nl.tudelft.rdfgears.rgl.datamodel.value.impl.ModifiableRecord
6175
RGL_VALUE_12618 class nl.tudelft.rdfgears.rgl.datamodel.value.impl.ModifiableRecord
6176
RGL_VALUE_12620 class nl.tudelft.rdfgears.rgl.datamodel.value.impl.ModifiableRecord
6177
RGL_VALUE_12622 class nl.tudelft.rdfgears.rgl.datamodel.value.impl.ModifiableRecord
6178
RGL_VALUE_12624 class nl.tudelft.rdfgears.rgl.datamodel.value.impl.ModifiableRecord
6179
RGL_VALUE_12626 class nl.tudelft.rdfgears.rgl.datamodel.value.impl.ModifiableRecord
6180
RGL_VALUE_12628 class nl.tudelft.rdfgears.rgl.datamodel.value.impl.ModifiableRecord
6181
RGL_VALUE_12630 class nl.tudelft.rdfgears.rgl.datamodel.value.impl.ModifiableRecord
6182
RGL_VALUE_12632 class nl.tudelft.rdfgears.rgl.datamodel.value.impl.ModifiableRecord
6183
RGL_VALUE_12634 class nl.tudelft.rdfgears.rgl.datamodel.value.impl.ModifiableRecord
6184
RGL_VALUE_12636 class nl.tudelft.rdfgears.rgl.datamodel.value.impl.ModifiableRecord
6185
RGL_VALUE_12638 class nl.tudelft.rdfgears.rgl.datamodel.value.impl.ModifiableRecord
6186
RGL_VALUE_12640 class nl.tudelft.rdfgears.rgl.datamodel.value.impl.ModifiableRecord
6187
RGL_VALUE_12642 class nl.tudelft.rdfgears.rgl.datamodel.value.impl.ModifiableRecord
6188
RGL_VALUE_12644 class nl.tudelft.rdfgears.rgl.datamodel.value.impl.ModifiableRecord
6189
RGL_VALUE_12646 class nl.tudelft.rdfgears.rgl.datamodel.value.impl.ModifiableRecord
6190
RGL_VALUE_12648 class nl.tudelft.rdfgears.rgl.datamodel.value.impl.ModifiableRecord
6191
RGL_VALUE_12650 class nl.tudelft.rdfgears.rgl.datamodel.value.impl.ModifiableRecord
6192
RGL_VALUE_12652 class nl.tudelft.rdfgears.rgl.datamodel.value.impl.ModifiableRecord
6193
RGL_VALUE_12654 class nl.tudelft.rdfgears.rgl.datamodel.value.impl.ModifiableRecord
6194
RGL_VALUE_12656 class nl.tudelft.rdfgears.rgl.datamodel.value.impl.ModifiableRecord
6195
RGL_VALUE_12658 class nl.tudelft.rdfgears.rgl.datamodel.value.impl.ModifiableRecord
6196
RGL_VALUE_12660 class nl.tudelft.rdfgears.rgl.datamodel.value.impl.ModifiableRecord
6197
RGL_VALUE_12662 class nl.tudelft.rdfgears.rgl.datamodel.value.impl.ModifiableRecord
6198
RGL_VALUE_12664 class nl.tudelft.rdfgears.rgl.datamodel.value.impl.ModifiableRecord
6199
RGL_VALUE_12666 class nl.tudelft.rdfgears.rgl.datamodel.value.impl.ModifiableRecord
6200
RGL_VALUE_12669 class nl.tudelft.rdfgears.rgl.datamodel.value.impl.ModifiableRecord
6201
RGL_VALUE_12671 class nl.tudelft.rdfgears.rgl.datamodel.value.impl.ModifiableRecord
6202
RGL_VALUE_12673 class nl.tudelft.rdfgears.rgl.datamodel.value.impl.ModifiableRecord
6203
RGL_VALUE_12675 class nl.tudelft.rdfgears.rgl.datamodel.value.impl.ModifiableRecord
6204
RGL_VALUE_12677 class nl.tudelft.rdfgears.rgl.datamodel.value.impl.ModifiableRecord
6205
RGL_VALUE_12679 class nl.tudelft.rdfgears.rgl.datamodel.value.impl.ModifiableRecord
6206
RGL_VALUE_12681 class nl.tudelft.rdfgears.rgl.datamodel.value.impl.ModifiableRecord
6207
RGL_VALUE_12683 class nl.tudelft.rdfgears.rgl.datamodel.value.impl.ModifiableRecord
6208
RGL_VALUE_12685 class nl.tudelft.rdfgears.rgl.datamodel.value.impl.ModifiableRecord
6209
RGL_VALUE_12687 class nl.tudelft.rdfgears.rgl.datamodel.value.impl.ModifiableRecord
6210
RGL_VALUE_12689 class nl.tudelft.rdfgears.rgl.datamodel.value.impl.ModifiableRecord
6211
RGL_VALUE_12691 class nl.tudelft.rdfgears.rgl.datamodel.value.impl.ModifiableRecord
6212
RGL_VALUE_12693 class nl.tudelft.rdfgears.rgl.datamodel.value.impl.ModifiableRecord
6213
RGL_VALUE_12695 class nl.tudelft.rdfgears.rgl.datamodel.value.impl.ModifiableRecord
6214
RGL_VALUE_12697 class nl.tudelft.rdfgears.rgl.datamodel.value.impl.ModifiableRecord
6215
RGL_VALUE_12699 class nl.tudelft.rdfgears.rgl.datamodel.value.impl.ModifiableRecord
6216
RGL_VALUE_12701 class nl.tudelft.rdfgears.rgl.datamodel.value.impl.ModifiableRecord
6217
RGL_VALUE_12703 class nl.tudelft.rdfgears.rgl.datamodel.value.impl.ModifiableRecord
6218
RGL_VALUE_12705 class nl.tudelft.rdfgears.rgl.datamodel.value.impl.ModifiableRecord
6219
RGL_VALUE_12707 class nl.tudelft.rdfgears.rgl.datamodel.value.impl.ModifiableRecord
6220
RGL_VALUE_12709 class nl.tudelft.rdfgears.rgl.datamodel.value.impl.ModifiableRecord
6221
RGL_VALUE_12711 class nl.tudelft.rdfgears.rgl.datamodel.value.impl.ModifiableRecord
6222
RGL_VALUE_12713 class nl.tudelft.rdfgears.rgl.datamodel.value.impl.ModifiableRecord
6223
RGL_VALUE_12715 class nl.tudelft.rdfgears.rgl.datamodel.value.impl.ModifiableRecord
6224
RGL_VALUE_12717 class nl.tudelft.rdfgears.rgl.datamodel.value.impl.ModifiableRecord
6225
RGL_VALUE_12719 class nl.tudelft.rdfgears.rgl.datamodel.value.impl.ModifiableRecord
6226
RGL_VALUE_12721 class nl.tudelft.rdfgears.rgl.datamodel.value.impl.ModifiableRecord
6227
RGL_VALUE_12723 class nl.tudelft.rdfgears.rgl.datamodel.value.impl.ModifiableRecord
6228
RGL_VALUE_12725 class nl.tudelft.rdfgears.rgl.datamodel.value.impl.ModifiableRecord
6229
RGL_VALUE_12727 class nl.tudelft.rdfgears.rgl.datamodel.value.impl.ModifiableRecord
6230
RGL_VALUE_12729 class nl.tudelft.rdfgears.rgl.datamodel.value.impl.ModifiableRecord
6231
RGL_VALUE_12731 class nl.tudelft.rdfgears.rgl.datamodel.value.impl.ModifiableRecord
6232
RGL_VALUE_12733 class nl.tudelft.rdfgears.rgl.datamodel.value.impl.ModifiableRecord
6233
RGL_VALUE_12735 class nl.tudelft.rdfgears.rgl.datamodel.value.impl.ModifiableRecord
6234
RGL_VALUE_12737 class nl.tudelft.rdfgears.rgl.datamodel.value.impl.ModifiableRecord
6235
RGL_VALUE_12739 class nl.tudelft.rdfgears.rgl.datamodel.value.impl.ModifiableRecord
6236
RGL_VALUE_12741 class nl.tudelft.rdfgears.rgl.datamodel.value.impl.ModifiableRecord
6237
RGL_VALUE_12743 class nl.tudelft.rdfgears.rgl.datamodel.value.impl.ModifiableRecord
6238
RGL_VALUE_12745 class nl.tudelft.rdfgears.rgl.datamodel.value.impl.ModifiableRecord
6239
RGL_VALUE_12747 class nl.tudelft.rdfgears.rgl.datamodel.value.impl.ModifiableRecord
6240
RGL_VALUE_12749 class nl.tudelft.rdfgears.rgl.datamodel.value.impl.ModifiableRecord
6241
RGL_VALUE_12751 class nl.tudelft.rdfgears.rgl.datamodel.value.impl.ModifiableRecord
6242
RGL_VALUE_12753 class nl.tudelft.rdfgears.rgl.datamodel.value.impl.ModifiableRecord
6243
RGL_VALUE_12755 class nl.tudelft.rdfgears.rgl.datamodel.value.impl.ModifiableRecord
6244
RGL_VALUE_12757 class nl.tudelft.rdfgears.rgl.datamodel.value.impl.ModifiableRecord
6245
RGL_VALUE_12759 class nl.tudelft.rdfgears.rgl.datamodel.value.impl.ModifiableRecord
6246
RGL_VALUE_12761 class nl.tudelft.rdfgears.rgl.datamodel.value.impl.ModifiableRecord
6247
RGL_VALUE_12763 class nl.tudelft.rdfgears.rgl.datamodel.value.impl.ModifiableRecord
6248
RGL_VALUE_12765 class nl.tudelft.rdfgears.rgl.datamodel.value.impl.ModifiableRecord
6249
RGL_VALUE_12767 class nl.tudelft.rdfgears.rgl.datamodel.value.impl.ModifiableRecord
6250
RGL_VALUE_12769 class nl.tudelft.rdfgears.rgl.datamodel.value.impl.ModifiableRecord
6251
RGL_VALUE_12771 class nl.tudelft.rdfgears.rgl.datamodel.value.impl.ModifiableRecord
6252
RGL_VALUE_12773 class nl.tudelft.rdfgears.rgl.datamodel.value.impl.ModifiableRecord
6253
RGL_VALUE_12775 class nl.tudelft.rdfgears.rgl.datamodel.value.impl.ModifiableRecord
6254
RGL_VALUE_12777 class nl.tudelft.rdfgears.rgl.datamodel.value.impl.ModifiableRecord
6255
RGL_VALUE_12779 class nl.tudelft.rdfgears.rgl.datamodel.value.impl.ModifiableRecord
6256
RGL_VALUE_12781 class nl.tudelft.rdfgears.rgl.datamodel.value.impl.ModifiableRecord
6257
RGL_VALUE_12783 class nl.tudelft.rdfgears.rgl.datamodel.value.impl.ModifiableRecord
6258
RGL_VALUE_12785 class nl.tudelft.rdfgears.rgl.datamodel.value.impl.ModifiableRecord
6259
RGL_VALUE_12787 class nl.tudelft.rdfgears.rgl.datamodel.value.impl.ModifiableRecord
6260
RGL_VALUE_12789 class nl.tudelft.rdfgears.rgl.datamodel.value.impl.ModifiableRecord
6261
RGL_VALUE_12791 class nl.tudelft.rdfgears.rgl.datamodel.value.impl.ModifiableRecord
6262
RGL_VALUE_12793 class nl.tudelft.rdfgears.rgl.datamodel.value.impl.ModifiableRecord
6263
RGL_VALUE_12795 class nl.tudelft.rdfgears.rgl.datamodel.value.impl.ModifiableRecord
6264
RGL_VALUE_12797 class nl.tudelft.rdfgears.rgl.datamodel.value.impl.ModifiableRecord
6265
RGL_VALUE_12799 class nl.tudelft.rdfgears.rgl.datamodel.value.impl.ModifiableRecord
6266
RGL_VALUE_12801 class nl.tudelft.rdfgears.rgl.datamodel.value.impl.ModifiableRecord
6267
RGL_VALUE_12803 class nl.tudelft.rdfgears.rgl.datamodel.value.impl.ModifiableRecord
6268
RGL_VALUE_12805 class nl.tudelft.rdfgears.rgl.datamodel.value.impl.ModifiableRecord
6269
RGL_VALUE_12807 class nl.tudelft.rdfgears.rgl.datamodel.value.impl.ModifiableRecord
6270
RGL_VALUE_12809 class nl.tudelft.rdfgears.rgl.datamodel.value.impl.ModifiableRecord
6271
RGL_VALUE_12811 class nl.tudelft.rdfgears.rgl.datamodel.value.impl.ModifiableRecord
6272
RGL_VALUE_12813 class nl.tudelft.rdfgears.rgl.datamodel.value.impl.ModifiableRecord
6273
RGL_VALUE_12815 class nl.tudelft.rdfgears.rgl.datamodel.value.impl.ModifiableRecord
6274
RGL_VALUE_12817 class nl.tudelft.rdfgears.rgl.datamodel.value.impl.ModifiableRecord
6275
RGL_VALUE_12819 class nl.tudelft.rdfgears.rgl.datamodel.value.impl.ModifiableRecord
6276
RGL_VALUE_12821 class nl.tudelft.rdfgears.rgl.datamodel.value.impl.ModifiableRecord
6277
RGL_VALUE_12823 class nl.tudelft.rdfgears.rgl.datamodel.value.impl.ModifiableRecord
6278
RGL_VALUE_12825 class nl.tudelft.rdfgears.rgl.datamodel.value.impl.ModifiableRecord
6279
RGL_VALUE_12827 class nl.tudelft.rdfgears.rgl.datamodel.value.impl.ModifiableRecord
6280
RGL_VALUE_12829 class nl.tudelft.rdfgears.rgl.datamodel.value.impl.ModifiableRecord
6281
RGL_VALUE_12831 class nl.tudelft.rdfgears.rgl.datamodel.value.impl.ModifiableRecord
6282
RGL_VALUE_12833 class nl.tudelft.rdfgears.rgl.datamodel.value.impl.ModifiableRecord
6283
RGL_VALUE_12835 class nl.tudelft.rdfgears.rgl.datamodel.value.impl.ModifiableRecord
6284
RGL_VALUE_12837 class nl.tudelft.rdfgears.rgl.datamodel.value.impl.ModifiableRecord
6285
RGL_VALUE_12839 class nl.tudelft.rdfgears.rgl.datamodel.value.impl.ModifiableRecord
6286
RGL_VALUE_12841 class nl.tudelft.rdfgears.rgl.datamodel.value.impl.ModifiableRecord
6287
RGL_VALUE_12843 class nl.tudelft.rdfgears.rgl.datamodel.value.impl.ModifiableRecord
6288
RGL_VALUE_12845 class nl.tudelft.rdfgears.rgl.datamodel.value.impl.ModifiableRecord
6289
RGL_VALUE_12847 class nl.tudelft.rdfgears.rgl.datamodel.value.impl.ModifiableRecord
6290
RGL_VALUE_12849 class nl.tudelft.rdfgears.rgl.datamodel.value.impl.ModifiableRecord
6291
RGL_VALUE_12851 class nl.tudelft.rdfgears.rgl.datamodel.value.impl.ModifiableRecord
6292
RGL_VALUE_12853 class nl.tudelft.rdfgears.rgl.datamodel.value.impl.ModifiableRecord
6293
RGL_VALUE_12855 class nl.tudelft.rdfgears.rgl.datamodel.value.impl.ModifiableRecord
6294
RGL_VALUE_12857 class nl.tudelft.rdfgears.rgl.datamodel.value.impl.ModifiableRecord
6295
RGL_VALUE_12859 class nl.tudelft.rdfgears.rgl.datamodel.value.impl.ModifiableRecord
6296
RGL_VALUE_12861 class nl.tudelft.rdfgears.rgl.datamodel.value.impl.ModifiableRecord
6297
RGL_VALUE_12863 class nl.tudelft.rdfgears.rgl.datamodel.value.impl.ModifiableRecord
6298
RGL_VALUE_12865 class nl.tudelft.rdfgears.rgl.datamodel.value.impl.ModifiableRecord
6299
RGL_VALUE_12867 class nl.tudelft.rdfgears.rgl.datamodel.value.impl.ModifiableRecord
6300
RGL_VALUE_12870 class nl.tudelft.rdfgears.rgl.datamodel.value.impl.ModifiableRecord
6301
RGL_VALUE_12872 class nl.tudelft.rdfgears.rgl.datamodel.value.impl.ModifiableRecord
6302
RGL_VALUE_12874 class nl.tudelft.rdfgears.rgl.datamodel.value.impl.ModifiableRecord
6303
RGL_VALUE_12876 class nl.tudelft.rdfgears.rgl.datamodel.value.impl.ModifiableRecord
6304
RGL_VALUE_12878 class nl.tudelft.rdfgears.rgl.datamodel.value.impl.ModifiableRecord
6305
RGL_VALUE_12880 class nl.tudelft.rdfgears.rgl.datamodel.value.impl.ModifiableRecord
6306
RGL_VALUE_12882 class nl.tudelft.rdfgears.rgl.datamodel.value.impl.ModifiableRecord
6307
RGL_VALUE_12884 class nl.tudelft.rdfgears.rgl.datamodel.value.impl.ModifiableRecord
6308
RGL_VALUE_12886 class nl.tudelft.rdfgears.rgl.datamodel.value.impl.ModifiableRecord
6309
RGL_VALUE_12888 class nl.tudelft.rdfgears.rgl.datamodel.value.impl.ModifiableRecord
6310
RGL_VALUE_12890 class nl.tudelft.rdfgears.rgl.datamodel.value.impl.ModifiableRecord
6311
RGL_VALUE_12892 class nl.tudelft.rdfgears.rgl.datamodel.value.impl.ModifiableRecord
6312
RGL_VALUE_12894 class nl.tudelft.rdfgears.rgl.datamodel.value.impl.ModifiableRecord
6313
RGL_VALUE_12896 class nl.tudelft.rdfgears.rgl.datamodel.value.impl.ModifiableRecord
6314
RGL_VALUE_12898 class nl.tudelft.rdfgears.rgl.datamodel.value.impl.ModifiableRecord
6315
RGL_VALUE_12900 class nl.tudelft.rdfgears.rgl.datamodel.value.impl.ModifiableRecord
6316
RGL_VALUE_12902 class nl.tudelft.rdfgears.rgl.datamodel.value.impl.ModifiableRecord
6317
RGL_VALUE_12904 class nl.tudelft.rdfgears.rgl.datamodel.value.impl.ModifiableRecord
6318
RGL_VALUE_12906 class nl.tudelft.rdfgears.rgl.datamodel.value.impl.ModifiableRecord
6319
RGL_VALUE_12908 class nl.tudelft.rdfgears.rgl.datamodel.value.impl.ModifiableRecord
6320
RGL_VALUE_12910 class nl.tudelft.rdfgears.rgl.datamodel.value.impl.ModifiableRecord
6321
RGL_VALUE_12912 class nl.tudelft.rdfgears.rgl.datamodel.value.impl.ModifiableRecord
6322
RGL_VALUE_12914 class nl.tudelft.rdfgears.rgl.datamodel.value.impl.ModifiableRecord
6323
RGL_VALUE_12916 class nl.tudelft.rdfgears.rgl.datamodel.value.impl.ModifiableRecord
6324
RGL_VALUE_12918 class nl.tudelft.rdfgears.rgl.datamodel.value.impl.ModifiableRecord
6325
RGL_VALUE_12920 class nl.tudelft.rdfgears.rgl.datamodel.value.impl.ModifiableRecord
6326
RGL_VALUE_12922 class nl.tudelft.rdfgears.rgl.datamodel.value.impl.ModifiableRecord
6327
RGL_VALUE_12924 class nl.tudelft.rdfgears.rgl.datamodel.value.impl.ModifiableRecord
6328
RGL_VALUE_12926 class nl.tudelft.rdfgears.rgl.datamodel.value.impl.ModifiableRecord
6329
RGL_VALUE_12928 class nl.tudelft.rdfgears.rgl.datamodel.value.impl.ModifiableRecord
6330
RGL_VALUE_12930 class nl.tudelft.rdfgears.rgl.datamodel.value.impl.ModifiableRecord
6331
RGL_VALUE_12932 class nl.tudelft.rdfgears.rgl.datamodel.value.impl.ModifiableRecord
6332
RGL_VALUE_12934 class nl.tudelft.rdfgears.rgl.datamodel.value.impl.ModifiableRecord
6333
RGL_VALUE_12936 class nl.tudelft.rdfgears.rgl.datamodel.value.impl.ModifiableRecord
6334
RGL_VALUE_12938 class nl.tudelft.rdfgears.rgl.datamodel.value.impl.ModifiableRecord
6335
RGL_VALUE_12940 class nl.tudelft.rdfgears.rgl.datamodel.value.impl.ModifiableRecord
6336
RGL_VALUE_12942 class nl.tudelft.rdfgears.rgl.datamodel.value.impl.ModifiableRecord
6337
RGL_VALUE_12944 class nl.tudelft.rdfgears.rgl.datamodel.value.impl.ModifiableRecord
6338
RGL_VALUE_12946 class nl.tudelft.rdfgears.rgl.datamodel.value.impl.ModifiableRecord
6339
RGL_VALUE_12948 class nl.tudelft.rdfgears.rgl.datamodel.value.impl.ModifiableRecord
6340
RGL_VALUE_12950 class nl.tudelft.rdfgears.rgl.datamodel.value.impl.ModifiableRecord
6341
RGL_VALUE_12952 class nl.tudelft.rdfgears.rgl.datamodel.value.impl.ModifiableRecord
6342
RGL_VALUE_12954 class nl.tudelft.rdfgears.rgl.datamodel.value.impl.ModifiableRecord
6343
RGL_VALUE_12956 class nl.tudelft.rdfgears.rgl.datamodel.value.impl.ModifiableRecord
6344
RGL_VALUE_12958 class nl.tudelft.rdfgears.rgl.datamodel.value.impl.ModifiableRecord
6345
RGL_VALUE_12960 class nl.tudelft.rdfgears.rgl.datamodel.value.impl.ModifiableRecord
6346
RGL_VALUE_12962 class nl.tudelft.rdfgears.rgl.datamodel.value.impl.ModifiableRecord
6347
RGL_VALUE_12964 class nl.tudelft.rdfgears.rgl.datamodel.value.impl.ModifiableRecord
6348
RGL_VALUE_12966 class nl.tudelft.rdfgears.rgl.datamodel.value.impl.ModifiableRecord
6349
RGL_VALUE_12968 class nl.tudelft.rdfgears.rgl.datamodel.value.impl.ModifiableRecord
6350
RGL_VALUE_12970 class nl.tudelft.rdfgears.rgl.datamodel.value.impl.ModifiableRecord
6351
RGL_VALUE_12972 class nl.tudelft.rdfgears.rgl.datamodel.value.impl.ModifiableRecord
6352
RGL_VALUE_12974 class nl.tudelft.rdfgears.rgl.datamodel.value.impl.ModifiableRecord
6353
RGL_VALUE_12976 class nl.tudelft.rdfgears.rgl.datamodel.value.impl.ModifiableRecord
6354
RGL_VALUE_12978 class nl.tudelft.rdfgears.rgl.datamodel.value.impl.ModifiableRecord
6355
RGL_VALUE_12980 class nl.tudelft.rdfgears.rgl.datamodel.value.impl.ModifiableRecord
6356
RGL_VALUE_12982 class nl.tudelft.rdfgears.rgl.datamodel.value.impl.ModifiableRecord
6357
RGL_VALUE_12984 class nl.tudelft.rdfgears.rgl.datamodel.value.impl.ModifiableRecord
6358
RGL_VALUE_12986 class nl.tudelft.rdfgears.rgl.datamodel.value.impl.ModifiableRecord
6359
RGL_VALUE_12988 class nl.tudelft.rdfgears.rgl.datamodel.value.impl.ModifiableRecord
6360
RGL_VALUE_12990 class nl.tudelft.rdfgears.rgl.datamodel.value.impl.ModifiableRecord
6361
RGL_VALUE_12992 class nl.tudelft.rdfgears.rgl.datamodel.value.impl.ModifiableRecord
6362
RGL_VALUE_12994 class nl.tudelft.rdfgears.rgl.datamodel.value.impl.ModifiableRecord
6363
RGL_VALUE_12996 class nl.tudelft.rdfgears.rgl.datamodel.value.impl.ModifiableRecord
6364
RGL_VALUE_12998 class nl.tudelft.rdfgears.rgl.datamodel.value.impl.ModifiableRecord
6365
RGL_VALUE_13000 class nl.tudelft.rdfgears.rgl.datamodel.value.impl.ModifiableRecord
6366
RGL_VALUE_13002 class nl.tudelft.rdfgears.rgl.datamodel.value.impl.ModifiableRecord
6367
RGL_VALUE_13004 class nl.tudelft.rdfgears.rgl.datamodel.value.impl.ModifiableRecord
6368
RGL_VALUE_13006 class nl.tudelft.rdfgears.rgl.datamodel.value.impl.ModifiableRecord
6369
RGL_VALUE_13008 class nl.tudelft.rdfgears.rgl.datamodel.value.impl.ModifiableRecord
6370
RGL_VALUE_13010 class nl.tudelft.rdfgears.rgl.datamodel.value.impl.ModifiableRecord
6371
RGL_VALUE_13012 class nl.tudelft.rdfgears.rgl.datamodel.value.impl.ModifiableRecord
6372
RGL_VALUE_13014 class nl.tudelft.rdfgears.rgl.datamodel.value.impl.ModifiableRecord
6373
RGL_VALUE_13016 class nl.tudelft.rdfgears.rgl.datamodel.value.impl.ModifiableRecord
6374
RGL_VALUE_13018 class nl.tudelft.rdfgears.rgl.datamodel.value.impl.ModifiableRecord
6375
RGL_VALUE_13020 class nl.tudelft.rdfgears.rgl.datamodel.value.impl.ModifiableRecord
6376
RGL_VALUE_13022 class nl.tudelft.rdfgears.rgl.datamodel.value.impl.ModifiableRecord
6377
RGL_VALUE_13024 class nl.tudelft.rdfgears.rgl.datamodel.value.impl.ModifiableRecord
6378
RGL_VALUE_13026 class nl.tudelft.rdfgears.rgl.datamodel.value.impl.ModifiableRecord
6379
RGL_VALUE_13028 class nl.tudelft.rdfgears.rgl.datamodel.value.impl.ModifiableRecord
6380
RGL_VALUE_13030 class nl.tudelft.rdfgears.rgl.datamodel.value.impl.ModifiableRecord
6381
RGL_VALUE_13032 class nl.tudelft.rdfgears.rgl.datamodel.value.impl.ModifiableRecord
6382
RGL_VALUE_13034 class nl.tudelft.rdfgears.rgl.datamodel.value.impl.ModifiableRecord
6383
RGL_VALUE_13036 class nl.tudelft.rdfgears.rgl.datamodel.value.impl.ModifiableRecord
6384
RGL_VALUE_13038 class nl.tudelft.rdfgears.rgl.datamodel.value.impl.ModifiableRecord
6385
RGL_VALUE_13040 class nl.tudelft.rdfgears.rgl.datamodel.value.impl.ModifiableRecord
6386
RGL_VALUE_13042 class nl.tudelft.rdfgears.rgl.datamodel.value.impl.ModifiableRecord
6387
RGL_VALUE_13044 class nl.tudelft.rdfgears.rgl.datamodel.value.impl.ModifiableRecord
6388
RGL_VALUE_13046 class nl.tudelft.rdfgears.rgl.datamodel.value.impl.ModifiableRecord
6389
RGL_VALUE_13048 class nl.tudelft.rdfgears.rgl.datamodel.value.impl.ModifiableRecord
6390
RGL_VALUE_13050 class nl.tudelft.rdfgears.rgl.datamodel.value.impl.ModifiableRecord
6391
RGL_VALUE_13052 class nl.tudelft.rdfgears.rgl.datamodel.value.impl.ModifiableRecord
6392
RGL_VALUE_13054 class nl.tudelft.rdfgears.rgl.datamodel.value.impl.ModifiableRecord
6393
RGL_VALUE_13056 class nl.tudelft.rdfgears.rgl.datamodel.value.impl.ModifiableRecord
6394
RGL_VALUE_13058 class nl.tudelft.rdfgears.rgl.datamodel.value.impl.ModifiableRecord
6395
RGL_VALUE_13060 class nl.tudelft.rdfgears.rgl.datamodel.value.impl.ModifiableRecord
6396
RGL_VALUE_13062 class nl.tudelft.rdfgears.rgl.datamodel.value.impl.ModifiableRecord
6397
RGL_VALUE_13064 class nl.tudelft.rdfgears.rgl.datamodel.value.impl.ModifiableRecord
6398
RGL_VALUE_13066 class nl.tudelft.rdfgears.rgl.datamodel.value.impl.ModifiableRecord
6399
RGL_VALUE_13068 class nl.tudelft.rdfgears.rgl.datamodel.value.impl.ModifiableRecord
6400
RGL_VALUE_13071 class nl.tudelft.rdfgears.rgl.datamodel.value.impl.ModifiableRecord
6401
RGL_VALUE_13073 class nl.tudelft.rdfgears.rgl.datamodel.value.impl.ModifiableRecord
6402
RGL_VALUE_13075 class nl.tudelft.rdfgears.rgl.datamodel.value.impl.ModifiableRecord
6403
RGL_VALUE_13077 class nl.tudelft.rdfgears.rgl.datamodel.value.impl.ModifiableRecord
6404
RGL_VALUE_13079 class nl.tudelft.rdfgears.rgl.datamodel.value.impl.ModifiableRecord
6405
RGL_VALUE_13081 class nl.tudelft.rdfgears.rgl.datamodel.value.impl.ModifiableRecord
6406
RGL_VALUE_13083 class nl.tudelft.rdfgears.rgl.datamodel.value.impl.ModifiableRecord
6407
RGL_VALUE_13085 class nl.tudelft.rdfgears.rgl.datamodel.value.impl.ModifiableRecord
6408
RGL_VALUE_13087 class nl.tudelft.rdfgears.rgl.datamodel.value.impl.ModifiableRecord
6409
RGL_VALUE_13089 class nl.tudelft.rdfgears.rgl.datamodel.value.impl.ModifiableRecord
6410
RGL_VALUE_13091 class nl.tudelft.rdfgears.rgl.datamodel.value.impl.ModifiableRecord
6411
RGL_VALUE_13093 class nl.tudelft.rdfgears.rgl.datamodel.value.impl.ModifiableRecord
6412
RGL_VALUE_13095 class nl.tudelft.rdfgears.rgl.datamodel.value.impl.ModifiableRecord
6413
RGL_VALUE_13097 class nl.tudelft.rdfgears.rgl.datamodel.value.impl.ModifiableRecord
6414
RGL_VALUE_13099 class nl.tudelft.rdfgears.rgl.datamodel.value.impl.ModifiableRecord
6415
RGL_VALUE_13101 class nl.tudelft.rdfgears.rgl.datamodel.value.impl.ModifiableRecord
6416
RGL_VALUE_13103 class nl.tudelft.rdfgears.rgl.datamodel.value.impl.ModifiableRecord
6417
RGL_VALUE_13105 class nl.tudelft.rdfgears.rgl.datamodel.value.impl.ModifiableRecord
6418
RGL_VALUE_13107 class nl.tudelft.rdfgears.rgl.datamodel.value.impl.ModifiableRecord
6419
RGL_VALUE_13109 class nl.tudelft.rdfgears.rgl.datamodel.value.impl.ModifiableRecord
6420
RGL_VALUE_13111 class nl.tudelft.rdfgears.rgl.datamodel.value.impl.ModifiableRecord
6421
RGL_VALUE_13113 class nl.tudelft.rdfgears.rgl.datamodel.value.impl.ModifiableRecord
6422
RGL_VALUE_13115 class nl.tudelft.rdfgears.rgl.datamodel.value.impl.ModifiableRecord
6423
RGL_VALUE_13117 class nl.tudelft.rdfgears.rgl.datamodel.value.impl.ModifiableRecord
6424
RGL_VALUE_13119 class nl.tudelft.rdfgears.rgl.datamodel.value.impl.ModifiableRecord
6425
RGL_VALUE_13121 class nl.tudelft.rdfgears.rgl.datamodel.value.impl.ModifiableRecord
6426
RGL_VALUE_13123 class nl.tudelft.rdfgears.rgl.datamodel.value.impl.ModifiableRecord
6427
RGL_VALUE_13125 class nl.tudelft.rdfgears.rgl.datamodel.value.impl.ModifiableRecord
6428
RGL_VALUE_13127 class nl.tudelft.rdfgears.rgl.datamodel.value.impl.ModifiableRecord
6429
RGL_VALUE_13129 class nl.tudelft.rdfgears.rgl.datamodel.value.impl.ModifiableRecord
6430
RGL_VALUE_13131 class nl.tudelft.rdfgears.rgl.datamodel.value.impl.ModifiableRecord
6431
RGL_VALUE_13133 class nl.tudelft.rdfgears.rgl.datamodel.value.impl.ModifiableRecord
6432
RGL_VALUE_13135 class nl.tudelft.rdfgears.rgl.datamodel.value.impl.ModifiableRecord
6433
RGL_VALUE_13137 class nl.tudelft.rdfgears.rgl.datamodel.value.impl.ModifiableRecord
6434
RGL_VALUE_13139 class nl.tudelft.rdfgears.rgl.datamodel.value.impl.ModifiableRecord
6435
RGL_VALUE_13141 class nl.tudelft.rdfgears.rgl.datamodel.value.impl.ModifiableRecord
6436
RGL_VALUE_13143 class nl.tudelft.rdfgears.rgl.datamodel.value.impl.ModifiableRecord
6437
RGL_VALUE_13145 class nl.tudelft.rdfgears.rgl.datamodel.value.impl.ModifiableRecord
6438
RGL_VALUE_13147 class nl.tudelft.rdfgears.rgl.datamodel.value.impl.ModifiableRecord
6439
RGL_VALUE_13149 class nl.tudelft.rdfgears.rgl.datamodel.value.impl.ModifiableRecord
6440
RGL_VALUE_13151 class nl.tudelft.rdfgears.rgl.datamodel.value.impl.ModifiableRecord
6441
RGL_VALUE_13153 class nl.tudelft.rdfgears.rgl.datamodel.value.impl.ModifiableRecord
6442
RGL_VALUE_13155 class nl.tudelft.rdfgears.rgl.datamodel.value.impl.ModifiableRecord
6443
RGL_VALUE_13157 class nl.tudelft.rdfgears.rgl.datamodel.value.impl.ModifiableRecord
6444
RGL_VALUE_13159 class nl.tudelft.rdfgears.rgl.datamodel.value.impl.ModifiableRecord
6445
RGL_VALUE_13161 class nl.tudelft.rdfgears.rgl.datamodel.value.impl.ModifiableRecord
6446
RGL_VALUE_13163 class nl.tudelft.rdfgears.rgl.datamodel.value.impl.ModifiableRecord
6447
RGL_VALUE_13165 class nl.tudelft.rdfgears.rgl.datamodel.value.impl.ModifiableRecord
6448
RGL_VALUE_13167 class nl.tudelft.rdfgears.rgl.datamodel.value.impl.ModifiableRecord
6449
RGL_VALUE_13169 class nl.tudelft.rdfgears.rgl.datamodel.value.impl.ModifiableRecord
6450
RGL_VALUE_13171 class nl.tudelft.rdfgears.rgl.datamodel.value.impl.ModifiableRecord
6451
RGL_VALUE_13173 class nl.tudelft.rdfgears.rgl.datamodel.value.impl.ModifiableRecord
6452
RGL_VALUE_13175 class nl.tudelft.rdfgears.rgl.datamodel.value.impl.ModifiableRecord
6453
RGL_VALUE_13177 class nl.tudelft.rdfgears.rgl.datamodel.value.impl.ModifiableRecord
6454
RGL_VALUE_13179 class nl.tudelft.rdfgears.rgl.datamodel.value.impl.ModifiableRecord
6455
RGL_VALUE_13181 class nl.tudelft.rdfgears.rgl.datamodel.value.impl.ModifiableRecord
6456
RGL_VALUE_13183 class nl.tudelft.rdfgears.rgl.datamodel.value.impl.ModifiableRecord
6457
RGL_VALUE_13185 class nl.tudelft.rdfgears.rgl.datamodel.value.impl.ModifiableRecord
6458
RGL_VALUE_13187 class nl.tudelft.rdfgears.rgl.datamodel.value.impl.ModifiableRecord
6459
RGL_VALUE_13189 class nl.tudelft.rdfgears.rgl.datamodel.value.impl.ModifiableRecord
6460
RGL_VALUE_13191 class nl.tudelft.rdfgears.rgl.datamodel.value.impl.ModifiableRecord
6461
RGL_VALUE_13193 class nl.tudelft.rdfgears.rgl.datamodel.value.impl.ModifiableRecord
6462
RGL_VALUE_13195 class nl.tudelft.rdfgears.rgl.datamodel.value.impl.ModifiableRecord
6463
RGL_VALUE_13197 class nl.tudelft.rdfgears.rgl.datamodel.value.impl.ModifiableRecord
6464
RGL_VALUE_13199 class nl.tudelft.rdfgears.rgl.datamodel.value.impl.ModifiableRecord
6465
RGL_VALUE_13201 class nl.tudelft.rdfgears.rgl.datamodel.value.impl.ModifiableRecord
6466
RGL_VALUE_13203 class nl.tudelft.rdfgears.rgl.datamodel.value.impl.ModifiableRecord
6467
RGL_VALUE_13205 class nl.tudelft.rdfgears.rgl.datamodel.value.impl.ModifiableRecord
6468
RGL_VALUE_13207 class nl.tudelft.rdfgears.rgl.datamodel.value.impl.ModifiableRecord
6469
RGL_VALUE_13209 class nl.tudelft.rdfgears.rgl.datamodel.value.impl.ModifiableRecord
6470
RGL_VALUE_13211 class nl.tudelft.rdfgears.rgl.datamodel.value.impl.ModifiableRecord
6471
RGL_VALUE_13213 class nl.tudelft.rdfgears.rgl.datamodel.value.impl.ModifiableRecord
6472
RGL_VALUE_13215 class nl.tudelft.rdfgears.rgl.datamodel.value.impl.ModifiableRecord
6473
RGL_VALUE_13217 class nl.tudelft.rdfgears.rgl.datamodel.value.impl.ModifiableRecord
6474
RGL_VALUE_13219 class nl.tudelft.rdfgears.rgl.datamodel.value.impl.ModifiableRecord
6475
RGL_VALUE_13221 class nl.tudelft.rdfgears.rgl.datamodel.value.impl.ModifiableRecord
6476
RGL_VALUE_13223 class nl.tudelft.rdfgears.rgl.datamodel.value.impl.ModifiableRecord
6477
RGL_VALUE_13225 class nl.tudelft.rdfgears.rgl.datamodel.value.impl.ModifiableRecord
6478
RGL_VALUE_13227 class nl.tudelft.rdfgears.rgl.datamodel.value.impl.ModifiableRecord
6479
RGL_VALUE_13229 class nl.tudelft.rdfgears.rgl.datamodel.value.impl.ModifiableRecord
6480
RGL_VALUE_13231 class nl.tudelft.rdfgears.rgl.datamodel.value.impl.ModifiableRecord
6481
RGL_VALUE_13233 class nl.tudelft.rdfgears.rgl.datamodel.value.impl.ModifiableRecord
6482
RGL_VALUE_13235 class nl.tudelft.rdfgears.rgl.datamodel.value.impl.ModifiableRecord
6483
RGL_VALUE_13237 class nl.tudelft.rdfgears.rgl.datamodel.value.impl.ModifiableRecord
6484
RGL_VALUE_13239 class nl.tudelft.rdfgears.rgl.datamodel.value.impl.ModifiableRecord
6485
RGL_VALUE_13241 class nl.tudelft.rdfgears.rgl.datamodel.value.impl.ModifiableRecord
6486
RGL_VALUE_13243 class nl.tudelft.rdfgears.rgl.datamodel.value.impl.ModifiableRecord
6487
RGL_VALUE_13245 class nl.tudelft.rdfgears.rgl.datamodel.value.impl.ModifiableRecord
6488
RGL_VALUE_13247 class nl.tudelft.rdfgears.rgl.datamodel.value.impl.ModifiableRecord
6489
RGL_VALUE_13249 class nl.tudelft.rdfgears.rgl.datamodel.value.impl.ModifiableRecord
6490
RGL_VALUE_13251 class nl.tudelft.rdfgears.rgl.datamodel.value.impl.ModifiableRecord
6491
RGL_VALUE_13253 class nl.tudelft.rdfgears.rgl.datamodel.value.impl.ModifiableRecord
6492
RGL_VALUE_13255 class nl.tudelft.rdfgears.rgl.datamodel.value.impl.ModifiableRecord
6493
RGL_VALUE_13257 class nl.tudelft.rdfgears.rgl.datamodel.value.impl.ModifiableRecord
6494
RGL_VALUE_13259 class nl.tudelft.rdfgears.rgl.datamodel.value.impl.ModifiableRecord
6495
RGL_VALUE_13261 class nl.tudelft.rdfgears.rgl.datamodel.value.impl.ModifiableRecord
6496
RGL_VALUE_13263 class nl.tudelft.rdfgears.rgl.datamodel.value.impl.ModifiableRecord
6497
RGL_VALUE_13265 class nl.tudelft.rdfgears.rgl.datamodel.value.impl.ModifiableRecord
6498
RGL_VALUE_13267 class nl.tudelft.rdfgears.rgl.datamodel.value.impl.ModifiableRecord
6499
RGL_VALUE_13269 class nl.tudelft.rdfgears.rgl.datamodel.value.impl.ModifiableRecord
6500
RGL_VALUE_13272 class nl.tudelft.rdfgears.rgl.datamodel.value.impl.ModifiableRecord
6501
RGL_VALUE_13274 class nl.tudelft.rdfgears.rgl.datamodel.value.impl.ModifiableRecord
6502
RGL_VALUE_13276 class nl.tudelft.rdfgears.rgl.datamodel.value.impl.ModifiableRecord
6503
RGL_VALUE_13278 class nl.tudelft.rdfgears.rgl.datamodel.value.impl.ModifiableRecord
6504
RGL_VALUE_13280 class nl.tudelft.rdfgears.rgl.datamodel.value.impl.ModifiableRecord
6505
RGL_VALUE_13282 class nl.tudelft.rdfgears.rgl.datamodel.value.impl.ModifiableRecord
6506
RGL_VALUE_13284 class nl.tudelft.rdfgears.rgl.datamodel.value.impl.ModifiableRecord
6507
RGL_VALUE_13286 class nl.tudelft.rdfgears.rgl.datamodel.value.impl.ModifiableRecord
6508
RGL_VALUE_13288 class nl.tudelft.rdfgears.rgl.datamodel.value.impl.ModifiableRecord
6509
RGL_VALUE_13290 class nl.tudelft.rdfgears.rgl.datamodel.value.impl.ModifiableRecord
6510
RGL_VALUE_13292 class nl.tudelft.rdfgears.rgl.datamodel.value.impl.ModifiableRecord
6511
RGL_VALUE_13294 class nl.tudelft.rdfgears.rgl.datamodel.value.impl.ModifiableRecord
6512
RGL_VALUE_13296 class nl.tudelft.rdfgears.rgl.datamodel.value.impl.ModifiableRecord
6513
RGL_VALUE_13298 class nl.tudelft.rdfgears.rgl.datamodel.value.impl.ModifiableRecord
6514
RGL_VALUE_13300 class nl.tudelft.rdfgears.rgl.datamodel.value.impl.ModifiableRecord
6515
RGL_VALUE_13302 class nl.tudelft.rdfgears.rgl.datamodel.value.impl.ModifiableRecord
6516
RGL_VALUE_13304 class nl.tudelft.rdfgears.rgl.datamodel.value.impl.ModifiableRecord
6517
RGL_VALUE_13306 class nl.tudelft.rdfgears.rgl.datamodel.value.impl.ModifiableRecord
6518
RGL_VALUE_13308 class nl.tudelft.rdfgears.rgl.datamodel.value.impl.ModifiableRecord
6519
RGL_VALUE_13310 class nl.tudelft.rdfgears.rgl.datamodel.value.impl.ModifiableRecord
6520
RGL_VALUE_13312 class nl.tudelft.rdfgears.rgl.datamodel.value.impl.ModifiableRecord
6521
RGL_VALUE_13314 class nl.tudelft.rdfgears.rgl.datamodel.value.impl.ModifiableRecord
6522
RGL_VALUE_13316 class nl.tudelft.rdfgears.rgl.datamodel.value.impl.ModifiableRecord
6523
RGL_VALUE_13318 class nl.tudelft.rdfgears.rgl.datamodel.value.impl.ModifiableRecord
6524
RGL_VALUE_13320 class nl.tudelft.rdfgears.rgl.datamodel.value.impl.ModifiableRecord
6525
RGL_VALUE_13322 class nl.tudelft.rdfgears.rgl.datamodel.value.impl.ModifiableRecord
6526
RGL_VALUE_13324 class nl.tudelft.rdfgears.rgl.datamodel.value.impl.ModifiableRecord
6527
RGL_VALUE_13326 class nl.tudelft.rdfgears.rgl.datamodel.value.impl.ModifiableRecord
6528
RGL_VALUE_13328 class nl.tudelft.rdfgears.rgl.datamodel.value.impl.ModifiableRecord
6529
RGL_VALUE_13330 class nl.tudelft.rdfgears.rgl.datamodel.value.impl.ModifiableRecord
6530
RGL_VALUE_13332 class nl.tudelft.rdfgears.rgl.datamodel.value.impl.ModifiableRecord
6531
RGL_VALUE_13334 class nl.tudelft.rdfgears.rgl.datamodel.value.impl.ModifiableRecord
6532
RGL_VALUE_13336 class nl.tudelft.rdfgears.rgl.datamodel.value.impl.ModifiableRecord
6533
RGL_VALUE_13338 class nl.tudelft.rdfgears.rgl.datamodel.value.impl.ModifiableRecord
6534
RGL_VALUE_13340 class nl.tudelft.rdfgears.rgl.datamodel.value.impl.ModifiableRecord
6535
RGL_VALUE_13342 class nl.tudelft.rdfgears.rgl.datamodel.value.impl.ModifiableRecord
6536
RGL_VALUE_13344 class nl.tudelft.rdfgears.rgl.datamodel.value.impl.ModifiableRecord
6537
RGL_VALUE_13346 class nl.tudelft.rdfgears.rgl.datamodel.value.impl.ModifiableRecord
6538
RGL_VALUE_13348 class nl.tudelft.rdfgears.rgl.datamodel.value.impl.ModifiableRecord
6539
RGL_VALUE_13350 class nl.tudelft.rdfgears.rgl.datamodel.value.impl.ModifiableRecord
6540
RGL_VALUE_13352 class nl.tudelft.rdfgears.rgl.datamodel.value.impl.ModifiableRecord
6541
RGL_VALUE_13354 class nl.tudelft.rdfgears.rgl.datamodel.value.impl.ModifiableRecord
6542
RGL_VALUE_13356 class nl.tudelft.rdfgears.rgl.datamodel.value.impl.ModifiableRecord
6543
RGL_VALUE_13358 class nl.tudelft.rdfgears.rgl.datamodel.value.impl.ModifiableRecord
6544
RGL_VALUE_13360 class nl.tudelft.rdfgears.rgl.datamodel.value.impl.ModifiableRecord
6545
RGL_VALUE_13362 class nl.tudelft.rdfgears.rgl.datamodel.value.impl.ModifiableRecord
6546
RGL_VALUE_13364 class nl.tudelft.rdfgears.rgl.datamodel.value.impl.ModifiableRecord
6547
RGL_VALUE_13366 class nl.tudelft.rdfgears.rgl.datamodel.value.impl.ModifiableRecord
6548
RGL_VALUE_13368 class nl.tudelft.rdfgears.rgl.datamodel.value.impl.ModifiableRecord
6549
RGL_VALUE_13370 class nl.tudelft.rdfgears.rgl.datamodel.value.impl.ModifiableRecord
6550
RGL_VALUE_13372 class nl.tudelft.rdfgears.rgl.datamodel.value.impl.ModifiableRecord
6551
RGL_VALUE_13374 class nl.tudelft.rdfgears.rgl.datamodel.value.impl.ModifiableRecord
6552
RGL_VALUE_13376 class nl.tudelft.rdfgears.rgl.datamodel.value.impl.ModifiableRecord
6553
RGL_VALUE_13378 class nl.tudelft.rdfgears.rgl.datamodel.value.impl.ModifiableRecord
6554
RGL_VALUE_13380 class nl.tudelft.rdfgears.rgl.datamodel.value.impl.ModifiableRecord
6555
RGL_VALUE_13382 class nl.tudelft.rdfgears.rgl.datamodel.value.impl.ModifiableRecord
6556
RGL_VALUE_13384 class nl.tudelft.rdfgears.rgl.datamodel.value.impl.ModifiableRecord
6557
RGL_VALUE_13386 class nl.tudelft.rdfgears.rgl.datamodel.value.impl.ModifiableRecord
6558
RGL_VALUE_13388 class nl.tudelft.rdfgears.rgl.datamodel.value.impl.ModifiableRecord
6559
RGL_VALUE_13390 class nl.tudelft.rdfgears.rgl.datamodel.value.impl.ModifiableRecord
6560
RGL_VALUE_13392 class nl.tudelft.rdfgears.rgl.datamodel.value.impl.ModifiableRecord
6561
RGL_VALUE_13394 class nl.tudelft.rdfgears.rgl.datamodel.value.impl.ModifiableRecord
6562
RGL_VALUE_13396 class nl.tudelft.rdfgears.rgl.datamodel.value.impl.ModifiableRecord
6563
RGL_VALUE_13398 class nl.tudelft.rdfgears.rgl.datamodel.value.impl.ModifiableRecord
6564
RGL_VALUE_13400 class nl.tudelft.rdfgears.rgl.datamodel.value.impl.ModifiableRecord
6565
RGL_VALUE_13402 class nl.tudelft.rdfgears.rgl.datamodel.value.impl.ModifiableRecord
6566
RGL_VALUE_13404 class nl.tudelft.rdfgears.rgl.datamodel.value.impl.ModifiableRecord
6567
RGL_VALUE_13406 class nl.tudelft.rdfgears.rgl.datamodel.value.impl.ModifiableRecord
6568
RGL_VALUE_13408 class nl.tudelft.rdfgears.rgl.datamodel.value.impl.ModifiableRecord
6569
RGL_VALUE_13410 class nl.tudelft.rdfgears.rgl.datamodel.value.impl.ModifiableRecord
6570
RGL_VALUE_13412 class nl.tudelft.rdfgears.rgl.datamodel.value.impl.ModifiableRecord
6571
RGL_VALUE_13414 class nl.tudelft.rdfgears.rgl.datamodel.value.impl.ModifiableRecord
6572
RGL_VALUE_13416 class nl.tudelft.rdfgears.rgl.datamodel.value.impl.ModifiableRecord
6573
RGL_VALUE_13418 class nl.tudelft.rdfgears.rgl.datamodel.value.impl.ModifiableRecord
6574
RGL_VALUE_13420 class nl.tudelft.rdfgears.rgl.datamodel.value.impl.ModifiableRecord
6575
RGL_VALUE_13422 class nl.tudelft.rdfgears.rgl.datamodel.value.impl.ModifiableRecord
6576
RGL_VALUE_13424 class nl.tudelft.rdfgears.rgl.datamodel.value.impl.ModifiableRecord
6577
RGL_VALUE_13426 class nl.tudelft.rdfgears.rgl.datamodel.value.impl.ModifiableRecord
6578
RGL_VALUE_13428 class nl.tudelft.rdfgears.rgl.datamodel.value.impl.ModifiableRecord
6579
RGL_VALUE_13430 class nl.tudelft.rdfgears.rgl.datamodel.value.impl.ModifiableRecord
6580
RGL_VALUE_13432 class nl.tudelft.rdfgears.rgl.datamodel.value.impl.ModifiableRecord
6581
RGL_VALUE_13434 class nl.tudelft.rdfgears.rgl.datamodel.value.impl.ModifiableRecord
6582
RGL_VALUE_13436 class nl.tudelft.rdfgears.rgl.datamodel.value.impl.ModifiableRecord
6583
RGL_VALUE_13438 class nl.tudelft.rdfgears.rgl.datamodel.value.impl.ModifiableRecord
6584
RGL_VALUE_13440 class nl.tudelft.rdfgears.rgl.datamodel.value.impl.ModifiableRecord
6585
RGL_VALUE_13442 class nl.tudelft.rdfgears.rgl.datamodel.value.impl.ModifiableRecord
6586
RGL_VALUE_13444 class nl.tudelft.rdfgears.rgl.datamodel.value.impl.ModifiableRecord
6587
RGL_VALUE_13446 class nl.tudelft.rdfgears.rgl.datamodel.value.impl.ModifiableRecord
6588
RGL_VALUE_13448 class nl.tudelft.rdfgears.rgl.datamodel.value.impl.ModifiableRecord
6589
RGL_VALUE_13450 class nl.tudelft.rdfgears.rgl.datamodel.value.impl.ModifiableRecord
6590
RGL_VALUE_13452 class nl.tudelft.rdfgears.rgl.datamodel.value.impl.ModifiableRecord
6591
RGL_VALUE_13454 class nl.tudelft.rdfgears.rgl.datamodel.value.impl.ModifiableRecord
6592
RGL_VALUE_13456 class nl.tudelft.rdfgears.rgl.datamodel.value.impl.ModifiableRecord
6593
RGL_VALUE_13458 class nl.tudelft.rdfgears.rgl.datamodel.value.impl.ModifiableRecord
6594
RGL_VALUE_13460 class nl.tudelft.rdfgears.rgl.datamodel.value.impl.ModifiableRecord
6595
RGL_VALUE_13462 class nl.tudelft.rdfgears.rgl.datamodel.value.impl.ModifiableRecord
6596
RGL_VALUE_13464 class nl.tudelft.rdfgears.rgl.datamodel.value.impl.ModifiableRecord
6597
RGL_VALUE_13466 class nl.tudelft.rdfgears.rgl.datamodel.value.impl.ModifiableRecord
6598
RGL_VALUE_13468 class nl.tudelft.rdfgears.rgl.datamodel.value.impl.ModifiableRecord
6599
RGL_VALUE_13470 class nl.tudelft.rdfgears.rgl.datamodel.value.impl.ModifiableRecord
6600
RGL_VALUE_13473 class nl.tudelft.rdfgears.rgl.datamodel.value.impl.ModifiableRecord
6601
RGL_VALUE_13475 class nl.tudelft.rdfgears.rgl.datamodel.value.impl.ModifiableRecord
6602
RGL_VALUE_13477 class nl.tudelft.rdfgears.rgl.datamodel.value.impl.ModifiableRecord
6603
RGL_VALUE_13479 class nl.tudelft.rdfgears.rgl.datamodel.value.impl.ModifiableRecord
6604
RGL_VALUE_13481 class nl.tudelft.rdfgears.rgl.datamodel.value.impl.ModifiableRecord
6605
RGL_VALUE_13483 class nl.tudelft.rdfgears.rgl.datamodel.value.impl.ModifiableRecord
6606
RGL_VALUE_13485 class nl.tudelft.rdfgears.rgl.datamodel.value.impl.ModifiableRecord
6607
RGL_VALUE_13487 class nl.tudelft.rdfgears.rgl.datamodel.value.impl.ModifiableRecord
6608
RGL_VALUE_13489 class nl.tudelft.rdfgears.rgl.datamodel.value.impl.ModifiableRecord
6609
RGL_VALUE_13491 class nl.tudelft.rdfgears.rgl.datamodel.value.impl.ModifiableRecord
6610
RGL_VALUE_13493 class nl.tudelft.rdfgears.rgl.datamodel.value.impl.ModifiableRecord
6611
RGL_VALUE_13495 class nl.tudelft.rdfgears.rgl.datamodel.value.impl.ModifiableRecord
6612
RGL_VALUE_13497 class nl.tudelft.rdfgears.rgl.datamodel.value.impl.ModifiableRecord
6613
RGL_VALUE_13499 class nl.tudelft.rdfgears.rgl.datamodel.value.impl.ModifiableRecord
6614
RGL_VALUE_13501 class nl.tudelft.rdfgears.rgl.datamodel.value.impl.ModifiableRecord
6615
RGL_VALUE_13503 class nl.tudelft.rdfgears.rgl.datamodel.value.impl.ModifiableRecord
6616
RGL_VALUE_13505 class nl.tudelft.rdfgears.rgl.datamodel.value.impl.ModifiableRecord
6617
RGL_VALUE_13507 class nl.tudelft.rdfgears.rgl.datamodel.value.impl.ModifiableRecord
6618
RGL_VALUE_13509 class nl.tudelft.rdfgears.rgl.datamodel.value.impl.ModifiableRecord
6619
RGL_VALUE_13511 class nl.tudelft.rdfgears.rgl.datamodel.value.impl.ModifiableRecord
6620
RGL_VALUE_13513 class nl.tudelft.rdfgears.rgl.datamodel.value.impl.ModifiableRecord
6621
RGL_VALUE_13515 class nl.tudelft.rdfgears.rgl.datamodel.value.impl.ModifiableRecord
6622
RGL_VALUE_13517 class nl.tudelft.rdfgears.rgl.datamodel.value.impl.ModifiableRecord
6623
RGL_VALUE_13519 class nl.tudelft.rdfgears.rgl.datamodel.value.impl.ModifiableRecord
6624
RGL_VALUE_13521 class nl.tudelft.rdfgears.rgl.datamodel.value.impl.ModifiableRecord
6625
RGL_VALUE_13523 class nl.tudelft.rdfgears.rgl.datamodel.value.impl.ModifiableRecord
6626
RGL_VALUE_13525 class nl.tudelft.rdfgears.rgl.datamodel.value.impl.ModifiableRecord
6627
RGL_VALUE_13527 class nl.tudelft.rdfgears.rgl.datamodel.value.impl.ModifiableRecord
6628
RGL_VALUE_13529 class nl.tudelft.rdfgears.rgl.datamodel.value.impl.ModifiableRecord
6629
RGL_VALUE_13531 class nl.tudelft.rdfgears.rgl.datamodel.value.impl.ModifiableRecord
6630
RGL_VALUE_13533 class nl.tudelft.rdfgears.rgl.datamodel.value.impl.ModifiableRecord
6631
RGL_VALUE_13535 class nl.tudelft.rdfgears.rgl.datamodel.value.impl.ModifiableRecord
6632
RGL_VALUE_13537 class nl.tudelft.rdfgears.rgl.datamodel.value.impl.ModifiableRecord
6633
RGL_VALUE_13539 class nl.tudelft.rdfgears.rgl.datamodel.value.impl.ModifiableRecord
6634
RGL_VALUE_13541 class nl.tudelft.rdfgears.rgl.datamodel.value.impl.ModifiableRecord
6635
RGL_VALUE_13543 class nl.tudelft.rdfgears.rgl.datamodel.value.impl.ModifiableRecord
6636
RGL_VALUE_13545 class nl.tudelft.rdfgears.rgl.datamodel.value.impl.ModifiableRecord
6637
RGL_VALUE_13547 class nl.tudelft.rdfgears.rgl.datamodel.value.impl.ModifiableRecord
6638
RGL_VALUE_13549 class nl.tudelft.rdfgears.rgl.datamodel.value.impl.ModifiableRecord
6639
RGL_VALUE_13551 class nl.tudelft.rdfgears.rgl.datamodel.value.impl.ModifiableRecord
6640
RGL_VALUE_13553 class nl.tudelft.rdfgears.rgl.datamodel.value.impl.ModifiableRecord
6641
RGL_VALUE_13555 class nl.tudelft.rdfgears.rgl.datamodel.value.impl.ModifiableRecord
6642
RGL_VALUE_13557 class nl.tudelft.rdfgears.rgl.datamodel.value.impl.ModifiableRecord
6643
RGL_VALUE_13559 class nl.tudelft.rdfgears.rgl.datamodel.value.impl.ModifiableRecord
6644
RGL_VALUE_13561 class nl.tudelft.rdfgears.rgl.datamodel.value.impl.ModifiableRecord
6645
RGL_VALUE_13563 class nl.tudelft.rdfgears.rgl.datamodel.value.impl.ModifiableRecord
6646
RGL_VALUE_13565 class nl.tudelft.rdfgears.rgl.datamodel.value.impl.ModifiableRecord
6647
RGL_VALUE_13567 class nl.tudelft.rdfgears.rgl.datamodel.value.impl.ModifiableRecord
6648
RGL_VALUE_13569 class nl.tudelft.rdfgears.rgl.datamodel.value.impl.ModifiableRecord
6649
RGL_VALUE_13571 class nl.tudelft.rdfgears.rgl.datamodel.value.impl.ModifiableRecord
6650
RGL_VALUE_13573 class nl.tudelft.rdfgears.rgl.datamodel.value.impl.ModifiableRecord
6651
RGL_VALUE_13575 class nl.tudelft.rdfgears.rgl.datamodel.value.impl.ModifiableRecord
6652
RGL_VALUE_13577 class nl.tudelft.rdfgears.rgl.datamodel.value.impl.ModifiableRecord
6653
RGL_VALUE_13579 class nl.tudelft.rdfgears.rgl.datamodel.value.impl.ModifiableRecord
6654
RGL_VALUE_13581 class nl.tudelft.rdfgears.rgl.datamodel.value.impl.ModifiableRecord
6655
RGL_VALUE_13583 class nl.tudelft.rdfgears.rgl.datamodel.value.impl.ModifiableRecord
6656
RGL_VALUE_13585 class nl.tudelft.rdfgears.rgl.datamodel.value.impl.ModifiableRecord
6657
RGL_VALUE_13587 class nl.tudelft.rdfgears.rgl.datamodel.value.impl.ModifiableRecord
6658
RGL_VALUE_13589 class nl.tudelft.rdfgears.rgl.datamodel.value.impl.ModifiableRecord
6659
RGL_VALUE_13591 class nl.tudelft.rdfgears.rgl.datamodel.value.impl.ModifiableRecord
6660
RGL_VALUE_13593 class nl.tudelft.rdfgears.rgl.datamodel.value.impl.ModifiableRecord
6661
RGL_VALUE_13595 class nl.tudelft.rdfgears.rgl.datamodel.value.impl.ModifiableRecord
6662
RGL_VALUE_13597 class nl.tudelft.rdfgears.rgl.datamodel.value.impl.ModifiableRecord
6663
RGL_VALUE_13599 class nl.tudelft.rdfgears.rgl.datamodel.value.impl.ModifiableRecord
6664
RGL_VALUE_13601 class nl.tudelft.rdfgears.rgl.datamodel.value.impl.ModifiableRecord
6665
RGL_VALUE_13603 class nl.tudelft.rdfgears.rgl.datamodel.value.impl.ModifiableRecord
6666
RGL_VALUE_13605 class nl.tudelft.rdfgears.rgl.datamodel.value.impl.ModifiableRecord
6667
RGL_VALUE_13607 class nl.tudelft.rdfgears.rgl.datamodel.value.impl.ModifiableRecord
6668
RGL_VALUE_13609 class nl.tudelft.rdfgears.rgl.datamodel.value.impl.ModifiableRecord
6669
RGL_VALUE_13611 class nl.tudelft.rdfgears.rgl.datamodel.value.impl.ModifiableRecord
6670
RGL_VALUE_13613 class nl.tudelft.rdfgears.rgl.datamodel.value.impl.ModifiableRecord
6671
RGL_VALUE_13615 class nl.tudelft.rdfgears.rgl.datamodel.value.impl.ModifiableRecord
6672
RGL_VALUE_13617 class nl.tudelft.rdfgears.rgl.datamodel.value.impl.ModifiableRecord
6673
RGL_VALUE_13619 class nl.tudelft.rdfgears.rgl.datamodel.value.impl.ModifiableRecord
6674
RGL_VALUE_13621 class nl.tudelft.rdfgears.rgl.datamodel.value.impl.ModifiableRecord
6675
RGL_VALUE_13623 class nl.tudelft.rdfgears.rgl.datamodel.value.impl.ModifiableRecord
6676
RGL_VALUE_13625 class nl.tudelft.rdfgears.rgl.datamodel.value.impl.ModifiableRecord
6677
RGL_VALUE_13627 class nl.tudelft.rdfgears.rgl.datamodel.value.impl.ModifiableRecord
6678
RGL_VALUE_13629 class nl.tudelft.rdfgears.rgl.datamodel.value.impl.ModifiableRecord
6679
RGL_VALUE_13631 class nl.tudelft.rdfgears.rgl.datamodel.value.impl.ModifiableRecord
6680
RGL_VALUE_13633 class nl.tudelft.rdfgears.rgl.datamodel.value.impl.ModifiableRecord
6681
RGL_VALUE_13635 class nl.tudelft.rdfgears.rgl.datamodel.value.impl.ModifiableRecord
6682
RGL_VALUE_13637 class nl.tudelft.rdfgears.rgl.datamodel.value.impl.ModifiableRecord
6683
RGL_VALUE_13639 class nl.tudelft.rdfgears.rgl.datamodel.value.impl.ModifiableRecord
6684
RGL_VALUE_13641 class nl.tudelft.rdfgears.rgl.datamodel.value.impl.ModifiableRecord
6685
RGL_VALUE_13643 class nl.tudelft.rdfgears.rgl.datamodel.value.impl.ModifiableRecord
6686
RGL_VALUE_13645 class nl.tudelft.rdfgears.rgl.datamodel.value.impl.ModifiableRecord
6687
RGL_VALUE_13647 class nl.tudelft.rdfgears.rgl.datamodel.value.impl.ModifiableRecord
6688
RGL_VALUE_13649 class nl.tudelft.rdfgears.rgl.datamodel.value.impl.ModifiableRecord
6689
RGL_VALUE_13651 class nl.tudelft.rdfgears.rgl.datamodel.value.impl.ModifiableRecord
6690
RGL_VALUE_13653 class nl.tudelft.rdfgears.rgl.datamodel.value.impl.ModifiableRecord
6691
RGL_VALUE_13655 class nl.tudelft.rdfgears.rgl.datamodel.value.impl.ModifiableRecord
6692
RGL_VALUE_13657 class nl.tudelft.rdfgears.rgl.datamodel.value.impl.ModifiableRecord
6693
RGL_VALUE_13659 class nl.tudelft.rdfgears.rgl.datamodel.value.impl.ModifiableRecord
6694
RGL_VALUE_13661 class nl.tudelft.rdfgears.rgl.datamodel.value.impl.ModifiableRecord
6695
RGL_VALUE_13663 class nl.tudelft.rdfgears.rgl.datamodel.value.impl.ModifiableRecord
6696
RGL_VALUE_13665 class nl.tudelft.rdfgears.rgl.datamodel.value.impl.ModifiableRecord
6697
RGL_VALUE_13667 class nl.tudelft.rdfgears.rgl.datamodel.value.impl.ModifiableRecord
6698
RGL_VALUE_13669 class nl.tudelft.rdfgears.rgl.datamodel.value.impl.ModifiableRecord
6699
RGL_VALUE_13671 class nl.tudelft.rdfgears.rgl.datamodel.value.impl.ModifiableRecord
6700
RGL_VALUE_13674 class nl.tudelft.rdfgears.rgl.datamodel.value.impl.ModifiableRecord
6701
RGL_VALUE_13676 class nl.tudelft.rdfgears.rgl.datamodel.value.impl.ModifiableRecord
6702
RGL_VALUE_13678 class nl.tudelft.rdfgears.rgl.datamodel.value.impl.ModifiableRecord
6703
RGL_VALUE_13680 class nl.tudelft.rdfgears.rgl.datamodel.value.impl.ModifiableRecord
6704
RGL_VALUE_13682 class nl.tudelft.rdfgears.rgl.datamodel.value.impl.ModifiableRecord
6705
RGL_VALUE_13684 class nl.tudelft.rdfgears.rgl.datamodel.value.impl.ModifiableRecord
6706
RGL_VALUE_13686 class nl.tudelft.rdfgears.rgl.datamodel.value.impl.ModifiableRecord
6707
RGL_VALUE_13688 class nl.tudelft.rdfgears.rgl.datamodel.value.impl.ModifiableRecord
6708
RGL_VALUE_13690 class nl.tudelft.rdfgears.rgl.datamodel.value.impl.ModifiableRecord
6709
RGL_VALUE_13692 class nl.tudelft.rdfgears.rgl.datamodel.value.impl.ModifiableRecord
6710
RGL_VALUE_13694 class nl.tudelft.rdfgears.rgl.datamodel.value.impl.ModifiableRecord
6711
RGL_VALUE_13696 class nl.tudelft.rdfgears.rgl.datamodel.value.impl.ModifiableRecord
6712
RGL_VALUE_13698 class nl.tudelft.rdfgears.rgl.datamodel.value.impl.ModifiableRecord
6713
RGL_VALUE_13700 class nl.tudelft.rdfgears.rgl.datamodel.value.impl.ModifiableRecord
6714
RGL_VALUE_13702 class nl.tudelft.rdfgears.rgl.datamodel.value.impl.ModifiableRecord
6715
RGL_VALUE_13704 class nl.tudelft.rdfgears.rgl.datamodel.value.impl.ModifiableRecord
6716
RGL_VALUE_13706 class nl.tudelft.rdfgears.rgl.datamodel.value.impl.ModifiableRecord
6717
RGL_VALUE_13708 class nl.tudelft.rdfgears.rgl.datamodel.value.impl.ModifiableRecord
6718
RGL_VALUE_13710 class nl.tudelft.rdfgears.rgl.datamodel.value.impl.ModifiableRecord
6719
RGL_VALUE_13712 class nl.tudelft.rdfgears.rgl.datamodel.value.impl.ModifiableRecord
6720
RGL_VALUE_13714 class nl.tudelft.rdfgears.rgl.datamodel.value.impl.ModifiableRecord
6721
RGL_VALUE_13716 class nl.tudelft.rdfgears.rgl.datamodel.value.impl.ModifiableRecord
6722
RGL_VALUE_13718 class nl.tudelft.rdfgears.rgl.datamodel.value.impl.ModifiableRecord
6723
RGL_VALUE_13720 class nl.tudelft.rdfgears.rgl.datamodel.value.impl.ModifiableRecord
6724
RGL_VALUE_13722 class nl.tudelft.rdfgears.rgl.datamodel.value.impl.ModifiableRecord
6725
RGL_VALUE_13724 class nl.tudelft.rdfgears.rgl.datamodel.value.impl.ModifiableRecord
6726
RGL_VALUE_13726 class nl.tudelft.rdfgears.rgl.datamodel.value.impl.ModifiableRecord
6727
RGL_VALUE_13728 class nl.tudelft.rdfgears.rgl.datamodel.value.impl.ModifiableRecord
6728
RGL_VALUE_13730 class nl.tudelft.rdfgears.rgl.datamodel.value.impl.ModifiableRecord
6729
RGL_VALUE_13732 class nl.tudelft.rdfgears.rgl.datamodel.value.impl.ModifiableRecord
6730
RGL_VALUE_13734 class nl.tudelft.rdfgears.rgl.datamodel.value.impl.ModifiableRecord
6731
RGL_VALUE_13736 class nl.tudelft.rdfgears.rgl.datamodel.value.impl.ModifiableRecord
6732
RGL_VALUE_13738 class nl.tudelft.rdfgears.rgl.datamodel.value.impl.ModifiableRecord
6733
RGL_VALUE_13740 class nl.tudelft.rdfgears.rgl.datamodel.value.impl.ModifiableRecord
6734
RGL_VALUE_13742 class nl.tudelft.rdfgears.rgl.datamodel.value.impl.ModifiableRecord
6735
RGL_VALUE_13744 class nl.tudelft.rdfgears.rgl.datamodel.value.impl.ModifiableRecord
6736
RGL_VALUE_13746 class nl.tudelft.rdfgears.rgl.datamodel.value.impl.ModifiableRecord
6737
RGL_VALUE_13748 class nl.tudelft.rdfgears.rgl.datamodel.value.impl.ModifiableRecord
6738
RGL_VALUE_13750 class nl.tudelft.rdfgears.rgl.datamodel.value.impl.ModifiableRecord
6739
RGL_VALUE_13752 class nl.tudelft.rdfgears.rgl.datamodel.value.impl.ModifiableRecord
6740
RGL_VALUE_13754 class nl.tudelft.rdfgears.rgl.datamodel.value.impl.ModifiableRecord
6741
RGL_VALUE_13756 class nl.tudelft.rdfgears.rgl.datamodel.value.impl.ModifiableRecord
6742
RGL_VALUE_13758 class nl.tudelft.rdfgears.rgl.datamodel.value.impl.ModifiableRecord
6743
RGL_VALUE_13760 class nl.tudelft.rdfgears.rgl.datamodel.value.impl.ModifiableRecord
6744
RGL_VALUE_13762 class nl.tudelft.rdfgears.rgl.datamodel.value.impl.ModifiableRecord
6745
RGL_VALUE_13764 class nl.tudelft.rdfgears.rgl.datamodel.value.impl.ModifiableRecord
6746
RGL_VALUE_13766 class nl.tudelft.rdfgears.rgl.datamodel.value.impl.ModifiableRecord
6747
RGL_VALUE_13768 class nl.tudelft.rdfgears.rgl.datamodel.value.impl.ModifiableRecord
6748
RGL_VALUE_13770 class nl.tudelft.rdfgears.rgl.datamodel.value.impl.ModifiableRecord
6749
RGL_VALUE_13772 class nl.tudelft.rdfgears.rgl.datamodel.value.impl.ModifiableRecord
6750
RGL_VALUE_13774 class nl.tudelft.rdfgears.rgl.datamodel.value.impl.ModifiableRecord
6751
RGL_VALUE_13776 class nl.tudelft.rdfgears.rgl.datamodel.value.impl.ModifiableRecord
6752
RGL_VALUE_13778 class nl.tudelft.rdfgears.rgl.datamodel.value.impl.ModifiableRecord
6753
RGL_VALUE_13780 class nl.tudelft.rdfgears.rgl.datamodel.value.impl.ModifiableRecord
6754
RGL_VALUE_13782 class nl.tudelft.rdfgears.rgl.datamodel.value.impl.ModifiableRecord
6755
RGL_VALUE_13784 class nl.tudelft.rdfgears.rgl.datamodel.value.impl.ModifiableRecord
6756
RGL_VALUE_13786 class nl.tudelft.rdfgears.rgl.datamodel.value.impl.ModifiableRecord
6757
RGL_VALUE_13788 class nl.tudelft.rdfgears.rgl.datamodel.value.impl.ModifiableRecord
6758
RGL_VALUE_13790 class nl.tudelft.rdfgears.rgl.datamodel.value.impl.ModifiableRecord
6759
RGL_VALUE_13792 class nl.tudelft.rdfgears.rgl.datamodel.value.impl.ModifiableRecord
6760
RGL_VALUE_13794 class nl.tudelft.rdfgears.rgl.datamodel.value.impl.ModifiableRecord
6761
RGL_VALUE_13796 class nl.tudelft.rdfgears.rgl.datamodel.value.impl.ModifiableRecord
6762
RGL_VALUE_13798 class nl.tudelft.rdfgears.rgl.datamodel.value.impl.ModifiableRecord
6763
RGL_VALUE_13800 class nl.tudelft.rdfgears.rgl.datamodel.value.impl.ModifiableRecord
6764
RGL_VALUE_13802 class nl.tudelft.rdfgears.rgl.datamodel.value.impl.ModifiableRecord
6765
RGL_VALUE_13804 class nl.tudelft.rdfgears.rgl.datamodel.value.impl.ModifiableRecord
6766
RGL_VALUE_13806 class nl.tudelft.rdfgears.rgl.datamodel.value.impl.ModifiableRecord
6767
RGL_VALUE_13808 class nl.tudelft.rdfgears.rgl.datamodel.value.impl.ModifiableRecord
6768
RGL_VALUE_13810 class nl.tudelft.rdfgears.rgl.datamodel.value.impl.ModifiableRecord
6769
RGL_VALUE_13812 class nl.tudelft.rdfgears.rgl.datamodel.value.impl.ModifiableRecord
6770
RGL_VALUE_13814 class nl.tudelft.rdfgears.rgl.datamodel.value.impl.ModifiableRecord
6771
RGL_VALUE_13816 class nl.tudelft.rdfgears.rgl.datamodel.value.impl.ModifiableRecord
6772
RGL_VALUE_13818 class nl.tudelft.rdfgears.rgl.datamodel.value.impl.ModifiableRecord
6773
RGL_VALUE_13820 class nl.tudelft.rdfgears.rgl.datamodel.value.impl.ModifiableRecord
6774
RGL_VALUE_13822 class nl.tudelft.rdfgears.rgl.datamodel.value.impl.ModifiableRecord
6775
RGL_VALUE_13824 class nl.tudelft.rdfgears.rgl.datamodel.value.impl.ModifiableRecord
6776
RGL_VALUE_13826 class nl.tudelft.rdfgears.rgl.datamodel.value.impl.ModifiableRecord
6777
RGL_VALUE_13828 class nl.tudelft.rdfgears.rgl.datamodel.value.impl.ModifiableRecord
6778
RGL_VALUE_13830 class nl.tudelft.rdfgears.rgl.datamodel.value.impl.ModifiableRecord
6779
RGL_VALUE_13832 class nl.tudelft.rdfgears.rgl.datamodel.value.impl.ModifiableRecord
6780
RGL_VALUE_13834 class nl.tudelft.rdfgears.rgl.datamodel.value.impl.ModifiableRecord
6781
RGL_VALUE_13836 class nl.tudelft.rdfgears.rgl.datamodel.value.impl.ModifiableRecord
6782
RGL_VALUE_13838 class nl.tudelft.rdfgears.rgl.datamodel.value.impl.ModifiableRecord
6783
RGL_VALUE_13840 class nl.tudelft.rdfgears.rgl.datamodel.value.impl.ModifiableRecord
6784
RGL_VALUE_13842 class nl.tudelft.rdfgears.rgl.datamodel.value.impl.ModifiableRecord
6785
RGL_VALUE_13844 class nl.tudelft.rdfgears.rgl.datamodel.value.impl.ModifiableRecord
6786
RGL_VALUE_13846 class nl.tudelft.rdfgears.rgl.datamodel.value.impl.ModifiableRecord
6787
RGL_VALUE_13848 class nl.tudelft.rdfgears.rgl.datamodel.value.impl.ModifiableRecord
6788
RGL_VALUE_13850 class nl.tudelft.rdfgears.rgl.datamodel.value.impl.ModifiableRecord
6789
RGL_VALUE_13852 class nl.tudelft.rdfgears.rgl.datamodel.value.impl.ModifiableRecord
6790
RGL_VALUE_13854 class nl.tudelft.rdfgears.rgl.datamodel.value.impl.ModifiableRecord
6791
RGL_VALUE_13856 class nl.tudelft.rdfgears.rgl.datamodel.value.impl.ModifiableRecord
6792
RGL_VALUE_13858 class nl.tudelft.rdfgears.rgl.datamodel.value.impl.ModifiableRecord
6793
RGL_VALUE_13860 class nl.tudelft.rdfgears.rgl.datamodel.value.impl.ModifiableRecord
6794
RGL_VALUE_13862 class nl.tudelft.rdfgears.rgl.datamodel.value.impl.ModifiableRecord
6795
RGL_VALUE_13864 class nl.tudelft.rdfgears.rgl.datamodel.value.impl.ModifiableRecord
6796
RGL_VALUE_13866 class nl.tudelft.rdfgears.rgl.datamodel.value.impl.ModifiableRecord
6797
RGL_VALUE_13868 class nl.tudelft.rdfgears.rgl.datamodel.value.impl.ModifiableRecord
6798
RGL_VALUE_13870 class nl.tudelft.rdfgears.rgl.datamodel.value.impl.ModifiableRecord
6799
RGL_VALUE_13872 class nl.tudelft.rdfgears.rgl.datamodel.value.impl.ModifiableRecord
6800
RGL_VALUE_13875 class nl.tudelft.rdfgears.rgl.datamodel.value.impl.ModifiableRecord
6801
RGL_VALUE_13877 class nl.tudelft.rdfgears.rgl.datamodel.value.impl.ModifiableRecord
6802
RGL_VALUE_13879 class nl.tudelft.rdfgears.rgl.datamodel.value.impl.ModifiableRecord
6803
RGL_VALUE_13881 class nl.tudelft.rdfgears.rgl.datamodel.value.impl.ModifiableRecord
6804
RGL_VALUE_13883 class nl.tudelft.rdfgears.rgl.datamodel.value.impl.ModifiableRecord
6805
RGL_VALUE_13885 class nl.tudelft.rdfgears.rgl.datamodel.value.impl.ModifiableRecord
6806
RGL_VALUE_13887 class nl.tudelft.rdfgears.rgl.datamodel.value.impl.ModifiableRecord
6807
RGL_VALUE_13889 class nl.tudelft.rdfgears.rgl.datamodel.value.impl.ModifiableRecord
6808
RGL_VALUE_13891 class nl.tudelft.rdfgears.rgl.datamodel.value.impl.ModifiableRecord
6809
RGL_VALUE_13893 class nl.tudelft.rdfgears.rgl.datamodel.value.impl.ModifiableRecord
6810
RGL_VALUE_13895 class nl.tudelft.rdfgears.rgl.datamodel.value.impl.ModifiableRecord
6811
RGL_VALUE_13897 class nl.tudelft.rdfgears.rgl.datamodel.value.impl.ModifiableRecord
6812
RGL_VALUE_13899 class nl.tudelft.rdfgears.rgl.datamodel.value.impl.ModifiableRecord
6813
RGL_VALUE_13901 class nl.tudelft.rdfgears.rgl.datamodel.value.impl.ModifiableRecord
6814
RGL_VALUE_13903 class nl.tudelft.rdfgears.rgl.datamodel.value.impl.ModifiableRecord
6815
RGL_VALUE_13905 class nl.tudelft.rdfgears.rgl.datamodel.value.impl.ModifiableRecord
6816
RGL_VALUE_13907 class nl.tudelft.rdfgears.rgl.datamodel.value.impl.ModifiableRecord
6817
RGL_VALUE_13909 class nl.tudelft.rdfgears.rgl.datamodel.value.impl.ModifiableRecord
6818
RGL_VALUE_13911 class nl.tudelft.rdfgears.rgl.datamodel.value.impl.ModifiableRecord
6819
RGL_VALUE_13913 class nl.tudelft.rdfgears.rgl.datamodel.value.impl.ModifiableRecord
6820
RGL_VALUE_13915 class nl.tudelft.rdfgears.rgl.datamodel.value.impl.ModifiableRecord
6821
RGL_VALUE_13917 class nl.tudelft.rdfgears.rgl.datamodel.value.impl.ModifiableRecord
6822
RGL_VALUE_13919 class nl.tudelft.rdfgears.rgl.datamodel.value.impl.ModifiableRecord
6823
RGL_VALUE_13921 class nl.tudelft.rdfgears.rgl.datamodel.value.impl.ModifiableRecord
6824
RGL_VALUE_13923 class nl.tudelft.rdfgears.rgl.datamodel.value.impl.ModifiableRecord
6825
RGL_VALUE_13925 class nl.tudelft.rdfgears.rgl.datamodel.value.impl.ModifiableRecord
6826
RGL_VALUE_13927 class nl.tudelft.rdfgears.rgl.datamodel.value.impl.ModifiableRecord
6827
RGL_VALUE_13929 class nl.tudelft.rdfgears.rgl.datamodel.value.impl.ModifiableRecord
6828
RGL_VALUE_13931 class nl.tudelft.rdfgears.rgl.datamodel.value.impl.ModifiableRecord
6829
RGL_VALUE_13933 class nl.tudelft.rdfgears.rgl.datamodel.value.impl.ModifiableRecord
6830
RGL_VALUE_13935 class nl.tudelft.rdfgears.rgl.datamodel.value.impl.ModifiableRecord
6831
RGL_VALUE_13937 class nl.tudelft.rdfgears.rgl.datamodel.value.impl.ModifiableRecord
6832
RGL_VALUE_13939 class nl.tudelft.rdfgears.rgl.datamodel.value.impl.ModifiableRecord
6833
RGL_VALUE_13941 class nl.tudelft.rdfgears.rgl.datamodel.value.impl.ModifiableRecord
6834
RGL_VALUE_13943 class nl.tudelft.rdfgears.rgl.datamodel.value.impl.ModifiableRecord
6835
RGL_VALUE_13945 class nl.tudelft.rdfgears.rgl.datamodel.value.impl.ModifiableRecord
6836
RGL_VALUE_13947 class nl.tudelft.rdfgears.rgl.datamodel.value.impl.ModifiableRecord
6837
RGL_VALUE_13949 class nl.tudelft.rdfgears.rgl.datamodel.value.impl.ModifiableRecord
6838
RGL_VALUE_13951 class nl.tudelft.rdfgears.rgl.datamodel.value.impl.ModifiableRecord
6839
RGL_VALUE_13953 class nl.tudelft.rdfgears.rgl.datamodel.value.impl.ModifiableRecord
6840
RGL_VALUE_13955 class nl.tudelft.rdfgears.rgl.datamodel.value.impl.ModifiableRecord
6841
RGL_VALUE_13957 class nl.tudelft.rdfgears.rgl.datamodel.value.impl.ModifiableRecord
6842
RGL_VALUE_13959 class nl.tudelft.rdfgears.rgl.datamodel.value.impl.ModifiableRecord
6843
RGL_VALUE_13961 class nl.tudelft.rdfgears.rgl.datamodel.value.impl.ModifiableRecord
6844
RGL_VALUE_13963 class nl.tudelft.rdfgears.rgl.datamodel.value.impl.ModifiableRecord
6845
RGL_VALUE_13965 class nl.tudelft.rdfgears.rgl.datamodel.value.impl.ModifiableRecord
6846
RGL_VALUE_13967 class nl.tudelft.rdfgears.rgl.datamodel.value.impl.ModifiableRecord
6847
RGL_VALUE_13969 class nl.tudelft.rdfgears.rgl.datamodel.value.impl.ModifiableRecord
6848
RGL_VALUE_13971 class nl.tudelft.rdfgears.rgl.datamodel.value.impl.ModifiableRecord
6849
RGL_VALUE_13973 class nl.tudelft.rdfgears.rgl.datamodel.value.impl.ModifiableRecord
6850
RGL_VALUE_13975 class nl.tudelft.rdfgears.rgl.datamodel.value.impl.ModifiableRecord
6851
RGL_VALUE_13977 class nl.tudelft.rdfgears.rgl.datamodel.value.impl.ModifiableRecord
6852
RGL_VALUE_13979 class nl.tudelft.rdfgears.rgl.datamodel.value.impl.ModifiableRecord
6853
RGL_VALUE_13981 class nl.tudelft.rdfgears.rgl.datamodel.value.impl.ModifiableRecord
6854
RGL_VALUE_13983 class nl.tudelft.rdfgears.rgl.datamodel.value.impl.ModifiableRecord
6855
RGL_VALUE_13985 class nl.tudelft.rdfgears.rgl.datamodel.value.impl.ModifiableRecord
6856
RGL_VALUE_13987 class nl.tudelft.rdfgears.rgl.datamodel.value.impl.ModifiableRecord
6857
RGL_VALUE_13989 class nl.tudelft.rdfgears.rgl.datamodel.value.impl.ModifiableRecord
6858
RGL_VALUE_13991 class nl.tudelft.rdfgears.rgl.datamodel.value.impl.ModifiableRecord
6859
RGL_VALUE_13993 class nl.tudelft.rdfgears.rgl.datamodel.value.impl.ModifiableRecord
6860
RGL_VALUE_13995 class nl.tudelft.rdfgears.rgl.datamodel.value.impl.ModifiableRecord
6861
RGL_VALUE_13997 class nl.tudelft.rdfgears.rgl.datamodel.value.impl.ModifiableRecord
6862
RGL_VALUE_13999 class nl.tudelft.rdfgears.rgl.datamodel.value.impl.ModifiableRecord
6863
RGL_VALUE_14001 class nl.tudelft.rdfgears.rgl.datamodel.value.impl.ModifiableRecord
6864
RGL_VALUE_14003 class nl.tudelft.rdfgears.rgl.datamodel.value.impl.ModifiableRecord
6865
RGL_VALUE_14005 class nl.tudelft.rdfgears.rgl.datamodel.value.impl.ModifiableRecord
6866
RGL_VALUE_14007 class nl.tudelft.rdfgears.rgl.datamodel.value.impl.ModifiableRecord
6867
RGL_VALUE_14009 class nl.tudelft.rdfgears.rgl.datamodel.value.impl.ModifiableRecord
6868
RGL_VALUE_14011 class nl.tudelft.rdfgears.rgl.datamodel.value.impl.ModifiableRecord
6869
RGL_VALUE_14013 class nl.tudelft.rdfgears.rgl.datamodel.value.impl.ModifiableRecord
6870
RGL_VALUE_14015 class nl.tudelft.rdfgears.rgl.datamodel.value.impl.ModifiableRecord
6871
RGL_VALUE_14017 class nl.tudelft.rdfgears.rgl.datamodel.value.impl.ModifiableRecord
6872
RGL_VALUE_14019 class nl.tudelft.rdfgears.rgl.datamodel.value.impl.ModifiableRecord
6873
RGL_VALUE_14021 class nl.tudelft.rdfgears.rgl.datamodel.value.impl.ModifiableRecord
6874
RGL_VALUE_14023 class nl.tudelft.rdfgears.rgl.datamodel.value.impl.ModifiableRecord
6875
RGL_VALUE_14025 class nl.tudelft.rdfgears.rgl.datamodel.value.impl.ModifiableRecord
6876
RGL_VALUE_14027 class nl.tudelft.rdfgears.rgl.datamodel.value.impl.ModifiableRecord
6877
RGL_VALUE_14029 class nl.tudelft.rdfgears.rgl.datamodel.value.impl.ModifiableRecord
6878
RGL_VALUE_14031 class nl.tudelft.rdfgears.rgl.datamodel.value.impl.ModifiableRecord
6879
RGL_VALUE_14033 class nl.tudelft.rdfgears.rgl.datamodel.value.impl.ModifiableRecord
6880
RGL_VALUE_14035 class nl.tudelft.rdfgears.rgl.datamodel.value.impl.ModifiableRecord
6881
RGL_VALUE_14037 class nl.tudelft.rdfgears.rgl.datamodel.value.impl.ModifiableRecord
6882
RGL_VALUE_14039 class nl.tudelft.rdfgears.rgl.datamodel.value.impl.ModifiableRecord
6883
RGL_VALUE_14041 class nl.tudelft.rdfgears.rgl.datamodel.value.impl.ModifiableRecord
6884
RGL_VALUE_14043 class nl.tudelft.rdfgears.rgl.datamodel.value.impl.ModifiableRecord
6885
RGL_VALUE_14045 class nl.tudelft.rdfgears.rgl.datamodel.value.impl.ModifiableRecord
6886
RGL_VALUE_14047 class nl.tudelft.rdfgears.rgl.datamodel.value.impl.ModifiableRecord
6887
RGL_VALUE_14049 class nl.tudelft.rdfgears.rgl.datamodel.value.impl.ModifiableRecord
6888
RGL_VALUE_14051 class nl.tudelft.rdfgears.rgl.datamodel.value.impl.ModifiableRecord
6889
RGL_VALUE_14053 class nl.tudelft.rdfgears.rgl.datamodel.value.impl.ModifiableRecord
6890
RGL_VALUE_14055 class nl.tudelft.rdfgears.rgl.datamodel.value.impl.ModifiableRecord
6891
RGL_VALUE_14057 class nl.tudelft.rdfgears.rgl.datamodel.value.impl.ModifiableRecord
6892
RGL_VALUE_14059 class nl.tudelft.rdfgears.rgl.datamodel.value.impl.ModifiableRecord
6893
RGL_VALUE_14061 class nl.tudelft.rdfgears.rgl.datamodel.value.impl.ModifiableRecord
6894
RGL_VALUE_14063 class nl.tudelft.rdfgears.rgl.datamodel.value.impl.ModifiableRecord
6895
RGL_VALUE_14065 class nl.tudelft.rdfgears.rgl.datamodel.value.impl.ModifiableRecord
6896
RGL_VALUE_14067 class nl.tudelft.rdfgears.rgl.datamodel.value.impl.ModifiableRecord
6897
RGL_VALUE_14069 class nl.tudelft.rdfgears.rgl.datamodel.value.impl.ModifiableRecord
6898
RGL_VALUE_14071 class nl.tudelft.rdfgears.rgl.datamodel.value.impl.ModifiableRecord
6899
RGL_VALUE_14073 class nl.tudelft.rdfgears.rgl.datamodel.value.impl.ModifiableRecord
6900
RGL_VALUE_14076 class nl.tudelft.rdfgears.rgl.datamodel.value.impl.ModifiableRecord
6901
RGL_VALUE_14078 class nl.tudelft.rdfgears.rgl.datamodel.value.impl.ModifiableRecord
6902
RGL_VALUE_14080 class nl.tudelft.rdfgears.rgl.datamodel.value.impl.ModifiableRecord
6903
RGL_VALUE_14082 class nl.tudelft.rdfgears.rgl.datamodel.value.impl.ModifiableRecord
6904
RGL_VALUE_14084 class nl.tudelft.rdfgears.rgl.datamodel.value.impl.ModifiableRecord
6905
RGL_VALUE_14086 class nl.tudelft.rdfgears.rgl.datamodel.value.impl.ModifiableRecord
6906
RGL_VALUE_14088 class nl.tudelft.rdfgears.rgl.datamodel.value.impl.ModifiableRecord
6907
RGL_VALUE_14090 class nl.tudelft.rdfgears.rgl.datamodel.value.impl.ModifiableRecord
6908
RGL_VALUE_14092 class nl.tudelft.rdfgears.rgl.datamodel.value.impl.ModifiableRecord
6909
RGL_VALUE_14094 class nl.tudelft.rdfgears.rgl.datamodel.value.impl.ModifiableRecord
6910
RGL_VALUE_14096 class nl.tudelft.rdfgears.rgl.datamodel.value.impl.ModifiableRecord
6911
RGL_VALUE_14098 class nl.tudelft.rdfgears.rgl.datamodel.value.impl.ModifiableRecord
6912
RGL_VALUE_14100 class nl.tudelft.rdfgears.rgl.datamodel.value.impl.ModifiableRecord
6913
RGL_VALUE_14102 class nl.tudelft.rdfgears.rgl.datamodel.value.impl.ModifiableRecord
6914
RGL_VALUE_14104 class nl.tudelft.rdfgears.rgl.datamodel.value.impl.ModifiableRecord
6915
RGL_VALUE_14106 class nl.tudelft.rdfgears.rgl.datamodel.value.impl.ModifiableRecord
6916
RGL_VALUE_14108 class nl.tudelft.rdfgears.rgl.datamodel.value.impl.ModifiableRecord
6917
RGL_VALUE_14110 class nl.tudelft.rdfgears.rgl.datamodel.value.impl.ModifiableRecord
6918
RGL_VALUE_14112 class nl.tudelft.rdfgears.rgl.datamodel.value.impl.ModifiableRecord
6919
RGL_VALUE_14114 class nl.tudelft.rdfgears.rgl.datamodel.value.impl.ModifiableRecord
6920
RGL_VALUE_14116 class nl.tudelft.rdfgears.rgl.datamodel.value.impl.ModifiableRecord
6921
RGL_VALUE_14118 class nl.tudelft.rdfgears.rgl.datamodel.value.impl.ModifiableRecord
6922
RGL_VALUE_14120 class nl.tudelft.rdfgears.rgl.datamodel.value.impl.ModifiableRecord
6923
RGL_VALUE_14122 class nl.tudelft.rdfgears.rgl.datamodel.value.impl.ModifiableRecord
6924
RGL_VALUE_14124 class nl.tudelft.rdfgears.rgl.datamodel.value.impl.ModifiableRecord
6925
RGL_VALUE_14126 class nl.tudelft.rdfgears.rgl.datamodel.value.impl.ModifiableRecord
6926
RGL_VALUE_14128 class nl.tudelft.rdfgears.rgl.datamodel.value.impl.ModifiableRecord
6927
RGL_VALUE_14130 class nl.tudelft.rdfgears.rgl.datamodel.value.impl.ModifiableRecord
6928
RGL_VALUE_14132 class nl.tudelft.rdfgears.rgl.datamodel.value.impl.ModifiableRecord
6929
RGL_VALUE_14134 class nl.tudelft.rdfgears.rgl.datamodel.value.impl.ModifiableRecord
6930
RGL_VALUE_14136 class nl.tudelft.rdfgears.rgl.datamodel.value.impl.ModifiableRecord
6931
RGL_VALUE_14138 class nl.tudelft.rdfgears.rgl.datamodel.value.impl.ModifiableRecord
6932
RGL_VALUE_14140 class nl.tudelft.rdfgears.rgl.datamodel.value.impl.ModifiableRecord
6933
RGL_VALUE_14142 class nl.tudelft.rdfgears.rgl.datamodel.value.impl.ModifiableRecord
6934
RGL_VALUE_14144 class nl.tudelft.rdfgears.rgl.datamodel.value.impl.ModifiableRecord
6935
RGL_VALUE_14146 class nl.tudelft.rdfgears.rgl.datamodel.value.impl.ModifiableRecord
6936
RGL_VALUE_14148 class nl.tudelft.rdfgears.rgl.datamodel.value.impl.ModifiableRecord
6937
RGL_VALUE_14150 class nl.tudelft.rdfgears.rgl.datamodel.value.impl.ModifiableRecord
6938
RGL_VALUE_14152 class nl.tudelft.rdfgears.rgl.datamodel.value.impl.ModifiableRecord
6939
RGL_VALUE_14154 class nl.tudelft.rdfgears.rgl.datamodel.value.impl.ModifiableRecord
6940
RGL_VALUE_14156 class nl.tudelft.rdfgears.rgl.datamodel.value.impl.ModifiableRecord
6941
RGL_VALUE_14158 class nl.tudelft.rdfgears.rgl.datamodel.value.impl.ModifiableRecord
6942
RGL_VALUE_14160 class nl.tudelft.rdfgears.rgl.datamodel.value.impl.ModifiableRecord
6943
RGL_VALUE_14162 class nl.tudelft.rdfgears.rgl.datamodel.value.impl.ModifiableRecord
6944
RGL_VALUE_14164 class nl.tudelft.rdfgears.rgl.datamodel.value.impl.ModifiableRecord
6945
RGL_VALUE_14166 class nl.tudelft.rdfgears.rgl.datamodel.value.impl.ModifiableRecord
6946
RGL_VALUE_14168 class nl.tudelft.rdfgears.rgl.datamodel.value.impl.ModifiableRecord
6947
RGL_VALUE_14170 class nl.tudelft.rdfgears.rgl.datamodel.value.impl.ModifiableRecord
6948
RGL_VALUE_14172 class nl.tudelft.rdfgears.rgl.datamodel.value.impl.ModifiableRecord
6949
RGL_VALUE_14174 class nl.tudelft.rdfgears.rgl.datamodel.value.impl.ModifiableRecord
6950
RGL_VALUE_14176 class nl.tudelft.rdfgears.rgl.datamodel.value.impl.ModifiableRecord
6951
RGL_VALUE_14178 class nl.tudelft.rdfgears.rgl.datamodel.value.impl.ModifiableRecord
6952
RGL_VALUE_14180 class nl.tudelft.rdfgears.rgl.datamodel.value.impl.ModifiableRecord
6953
RGL_VALUE_14182 class nl.tudelft.rdfgears.rgl.datamodel.value.impl.ModifiableRecord
6954
RGL_VALUE_14184 class nl.tudelft.rdfgears.rgl.datamodel.value.impl.ModifiableRecord
6955
RGL_VALUE_14186 class nl.tudelft.rdfgears.rgl.datamodel.value.impl.ModifiableRecord
6956
RGL_VALUE_14188 class nl.tudelft.rdfgears.rgl.datamodel.value.impl.ModifiableRecord
6957
RGL_VALUE_14190 class nl.tudelft.rdfgears.rgl.datamodel.value.impl.ModifiableRecord
6958
RGL_VALUE_14192 class nl.tudelft.rdfgears.rgl.datamodel.value.impl.ModifiableRecord
6959
RGL_VALUE_14194 class nl.tudelft.rdfgears.rgl.datamodel.value.impl.ModifiableRecord
6960
RGL_VALUE_14196 class nl.tudelft.rdfgears.rgl.datamodel.value.impl.ModifiableRecord
6961
RGL_VALUE_14198 class nl.tudelft.rdfgears.rgl.datamodel.value.impl.ModifiableRecord
6962
RGL_VALUE_14200 class nl.tudelft.rdfgears.rgl.datamodel.value.impl.ModifiableRecord
6963
RGL_VALUE_14202 class nl.tudelft.rdfgears.rgl.datamodel.value.impl.ModifiableRecord
6964
RGL_VALUE_14204 class nl.tudelft.rdfgears.rgl.datamodel.value.impl.ModifiableRecord
6965
RGL_VALUE_14206 class nl.tudelft.rdfgears.rgl.datamodel.value.impl.ModifiableRecord
6966
RGL_VALUE_14208 class nl.tudelft.rdfgears.rgl.datamodel.value.impl.ModifiableRecord
6967
RGL_VALUE_14210 class nl.tudelft.rdfgears.rgl.datamodel.value.impl.ModifiableRecord
6968
RGL_VALUE_14212 class nl.tudelft.rdfgears.rgl.datamodel.value.impl.ModifiableRecord
6969
RGL_VALUE_14214 class nl.tudelft.rdfgears.rgl.datamodel.value.impl.ModifiableRecord
6970
RGL_VALUE_14216 class nl.tudelft.rdfgears.rgl.datamodel.value.impl.ModifiableRecord
6971
RGL_VALUE_14218 class nl.tudelft.rdfgears.rgl.datamodel.value.impl.ModifiableRecord
6972
RGL_VALUE_14220 class nl.tudelft.rdfgears.rgl.datamodel.value.impl.ModifiableRecord
6973
RGL_VALUE_14222 class nl.tudelft.rdfgears.rgl.datamodel.value.impl.ModifiableRecord
6974
RGL_VALUE_14224 class nl.tudelft.rdfgears.rgl.datamodel.value.impl.ModifiableRecord
6975
RGL_VALUE_14226 class nl.tudelft.rdfgears.rgl.datamodel.value.impl.ModifiableRecord
6976
RGL_VALUE_14228 class nl.tudelft.rdfgears.rgl.datamodel.value.impl.ModifiableRecord
6977
RGL_VALUE_14230 class nl.tudelft.rdfgears.rgl.datamodel.value.impl.ModifiableRecord
6978
RGL_VALUE_14232 class nl.tudelft.rdfgears.rgl.datamodel.value.impl.ModifiableRecord
6979
RGL_VALUE_14234 class nl.tudelft.rdfgears.rgl.datamodel.value.impl.ModifiableRecord
6980
RGL_VALUE_14236 class nl.tudelft.rdfgears.rgl.datamodel.value.impl.ModifiableRecord
6981
RGL_VALUE_14238 class nl.tudelft.rdfgears.rgl.datamodel.value.impl.ModifiableRecord
6982
RGL_VALUE_14240 class nl.tudelft.rdfgears.rgl.datamodel.value.impl.ModifiableRecord
6983
RGL_VALUE_14242 class nl.tudelft.rdfgears.rgl.datamodel.value.impl.ModifiableRecord
6984
RGL_VALUE_14244 class nl.tudelft.rdfgears.rgl.datamodel.value.impl.ModifiableRecord
6985
RGL_VALUE_14246 class nl.tudelft.rdfgears.rgl.datamodel.value.impl.ModifiableRecord
6986
RGL_VALUE_14248 class nl.tudelft.rdfgears.rgl.datamodel.value.impl.ModifiableRecord
6987
RGL_VALUE_14250 class nl.tudelft.rdfgears.rgl.datamodel.value.impl.ModifiableRecord
6988
RGL_VALUE_14252 class nl.tudelft.rdfgears.rgl.datamodel.value.impl.ModifiableRecord
6989
RGL_VALUE_14254 class nl.tudelft.rdfgears.rgl.datamodel.value.impl.ModifiableRecord
6990
RGL_VALUE_14256 class nl.tudelft.rdfgears.rgl.datamodel.value.impl.ModifiableRecord
6991
RGL_VALUE_14258 class nl.tudelft.rdfgears.rgl.datamodel.value.impl.ModifiableRecord
6992
RGL_VALUE_14260 class nl.tudelft.rdfgears.rgl.datamodel.value.impl.ModifiableRecord
6993
RGL_VALUE_14262 class nl.tudelft.rdfgears.rgl.datamodel.value.impl.ModifiableRecord
6994
RGL_VALUE_14264 class nl.tudelft.rdfgears.rgl.datamodel.value.impl.ModifiableRecord
6995
RGL_VALUE_14266 class nl.tudelft.rdfgears.rgl.datamodel.value.impl.ModifiableRecord
6996
RGL_VALUE_14268 class nl.tudelft.rdfgears.rgl.datamodel.value.impl.ModifiableRecord
6997
RGL_VALUE_14270 class nl.tudelft.rdfgears.rgl.datamodel.value.impl.ModifiableRecord
6998
RGL_VALUE_14272 class nl.tudelft.rdfgears.rgl.datamodel.value.impl.ModifiableRecord
6999
RGL_VALUE_14274 class nl.tudelft.rdfgears.rgl.datamodel.value.impl.ModifiableRecord
7000
RGL_VALUE_14277 class nl.tudelft.rdfgears.rgl.datamodel.value.impl.ModifiableRecord
7001
RGL_VALUE_14279 class nl.tudelft.rdfgears.rgl.datamodel.value.impl.ModifiableRecord
7002
RGL_VALUE_14281 class nl.tudelft.rdfgears.rgl.datamodel.value.impl.ModifiableRecord
7003
RGL_VALUE_14283 class nl.tudelft.rdfgears.rgl.datamodel.value.impl.ModifiableRecord
7004
RGL_VALUE_14285 class nl.tudelft.rdfgears.rgl.datamodel.value.impl.ModifiableRecord
7005
RGL_VALUE_14287 class nl.tudelft.rdfgears.rgl.datamodel.value.impl.ModifiableRecord
7006
RGL_VALUE_14289 class nl.tudelft.rdfgears.rgl.datamodel.value.impl.ModifiableRecord
7007
RGL_VALUE_14291 class nl.tudelft.rdfgears.rgl.datamodel.value.impl.ModifiableRecord
7008
RGL_VALUE_14293 class nl.tudelft.rdfgears.rgl.datamodel.value.impl.ModifiableRecord
7009
RGL_VALUE_14295 class nl.tudelft.rdfgears.rgl.datamodel.value.impl.ModifiableRecord
7010
RGL_VALUE_14297 class nl.tudelft.rdfgears.rgl.datamodel.value.impl.ModifiableRecord
7011
RGL_VALUE_14299 class nl.tudelft.rdfgears.rgl.datamodel.value.impl.ModifiableRecord
7012
RGL_VALUE_14301 class nl.tudelft.rdfgears.rgl.datamodel.value.impl.ModifiableRecord
7013
RGL_VALUE_14303 class nl.tudelft.rdfgears.rgl.datamodel.value.impl.ModifiableRecord
7014
RGL_VALUE_14305 class nl.tudelft.rdfgears.rgl.datamodel.value.impl.ModifiableRecord
7015
RGL_VALUE_14307 class nl.tudelft.rdfgears.rgl.datamodel.value.impl.ModifiableRecord
7016
RGL_VALUE_14309 class nl.tudelft.rdfgears.rgl.datamodel.value.impl.ModifiableRecord
7017
RGL_VALUE_14311 class nl.tudelft.rdfgears.rgl.datamodel.value.impl.ModifiableRecord
7018
RGL_VALUE_14313 class nl.tudelft.rdfgears.rgl.datamodel.value.impl.ModifiableRecord
7019
RGL_VALUE_14315 class nl.tudelft.rdfgears.rgl.datamodel.value.impl.ModifiableRecord
7020
RGL_VALUE_14317 class nl.tudelft.rdfgears.rgl.datamodel.value.impl.ModifiableRecord
7021
RGL_VALUE_14319 class nl.tudelft.rdfgears.rgl.datamodel.value.impl.ModifiableRecord
7022
RGL_VALUE_14321 class nl.tudelft.rdfgears.rgl.datamodel.value.impl.ModifiableRecord
7023
RGL_VALUE_14323 class nl.tudelft.rdfgears.rgl.datamodel.value.impl.ModifiableRecord
7024
RGL_VALUE_14325 class nl.tudelft.rdfgears.rgl.datamodel.value.impl.ModifiableRecord
7025
RGL_VALUE_14327 class nl.tudelft.rdfgears.rgl.datamodel.value.impl.ModifiableRecord
7026
RGL_VALUE_14329 class nl.tudelft.rdfgears.rgl.datamodel.value.impl.ModifiableRecord
7027
RGL_VALUE_14331 class nl.tudelft.rdfgears.rgl.datamodel.value.impl.ModifiableRecord
7028
RGL_VALUE_14333 class nl.tudelft.rdfgears.rgl.datamodel.value.impl.ModifiableRecord
7029
RGL_VALUE_14335 class nl.tudelft.rdfgears.rgl.datamodel.value.impl.ModifiableRecord
7030
RGL_VALUE_14337 class nl.tudelft.rdfgears.rgl.datamodel.value.impl.ModifiableRecord
7031
RGL_VALUE_14339 class nl.tudelft.rdfgears.rgl.datamodel.value.impl.ModifiableRecord
7032
RGL_VALUE_14341 class nl.tudelft.rdfgears.rgl.datamodel.value.impl.ModifiableRecord
7033
RGL_VALUE_14343 class nl.tudelft.rdfgears.rgl.datamodel.value.impl.ModifiableRecord
7034
RGL_VALUE_14345 class nl.tudelft.rdfgears.rgl.datamodel.value.impl.ModifiableRecord
7035
RGL_VALUE_14347 class nl.tudelft.rdfgears.rgl.datamodel.value.impl.ModifiableRecord
7036
RGL_VALUE_14349 class nl.tudelft.rdfgears.rgl.datamodel.value.impl.ModifiableRecord
7037
RGL_VALUE_14351 class nl.tudelft.rdfgears.rgl.datamodel.value.impl.ModifiableRecord
7038
RGL_VALUE_14353 class nl.tudelft.rdfgears.rgl.datamodel.value.impl.ModifiableRecord
7039
RGL_VALUE_14355 class nl.tudelft.rdfgears.rgl.datamodel.value.impl.ModifiableRecord
7040
RGL_VALUE_14357 class nl.tudelft.rdfgears.rgl.datamodel.value.impl.ModifiableRecord
7041
RGL_VALUE_14359 class nl.tudelft.rdfgears.rgl.datamodel.value.impl.ModifiableRecord
7042
RGL_VALUE_14361 class nl.tudelft.rdfgears.rgl.datamodel.value.impl.ModifiableRecord
7043
RGL_VALUE_14363 class nl.tudelft.rdfgears.rgl.datamodel.value.impl.ModifiableRecord
7044
RGL_VALUE_14365 class nl.tudelft.rdfgears.rgl.datamodel.value.impl.ModifiableRecord
7045
RGL_VALUE_14367 class nl.tudelft.rdfgears.rgl.datamodel.value.impl.ModifiableRecord
7046
RGL_VALUE_14369 class nl.tudelft.rdfgears.rgl.datamodel.value.impl.ModifiableRecord
7047
RGL_VALUE_14371 class nl.tudelft.rdfgears.rgl.datamodel.value.impl.ModifiableRecord
7048
RGL_VALUE_14373 class nl.tudelft.rdfgears.rgl.datamodel.value.impl.ModifiableRecord
7049
RGL_VALUE_14375 class nl.tudelft.rdfgears.rgl.datamodel.value.impl.ModifiableRecord
7050
RGL_VALUE_14377 class nl.tudelft.rdfgears.rgl.datamodel.value.impl.ModifiableRecord
7051
RGL_VALUE_14379 class nl.tudelft.rdfgears.rgl.datamodel.value.impl.ModifiableRecord
7052
RGL_VALUE_14381 class nl.tudelft.rdfgears.rgl.datamodel.value.impl.ModifiableRecord
7053
RGL_VALUE_14383 class nl.tudelft.rdfgears.rgl.datamodel.value.impl.ModifiableRecord
7054
RGL_VALUE_14385 class nl.tudelft.rdfgears.rgl.datamodel.value.impl.ModifiableRecord
7055
RGL_VALUE_14387 class nl.tudelft.rdfgears.rgl.datamodel.value.impl.ModifiableRecord
7056
RGL_VALUE_14389 class nl.tudelft.rdfgears.rgl.datamodel.value.impl.ModifiableRecord
7057
RGL_VALUE_14391 class nl.tudelft.rdfgears.rgl.datamodel.value.impl.ModifiableRecord
7058
RGL_VALUE_14393 class nl.tudelft.rdfgears.rgl.datamodel.value.impl.ModifiableRecord
7059
RGL_VALUE_14395 class nl.tudelft.rdfgears.rgl.datamodel.value.impl.ModifiableRecord
7060
RGL_VALUE_14397 class nl.tudelft.rdfgears.rgl.datamodel.value.impl.ModifiableRecord
7061
RGL_VALUE_14399 class nl.tudelft.rdfgears.rgl.datamodel.value.impl.ModifiableRecord
7062
RGL_VALUE_14401 class nl.tudelft.rdfgears.rgl.datamodel.value.impl.ModifiableRecord
7063
RGL_VALUE_14403 class nl.tudelft.rdfgears.rgl.datamodel.value.impl.ModifiableRecord
7064
RGL_VALUE_14405 class nl.tudelft.rdfgears.rgl.datamodel.value.impl.ModifiableRecord
7065
RGL_VALUE_14407 class nl.tudelft.rdfgears.rgl.datamodel.value.impl.ModifiableRecord
7066
RGL_VALUE_14409 class nl.tudelft.rdfgears.rgl.datamodel.value.impl.ModifiableRecord
7067
RGL_VALUE_14411 class nl.tudelft.rdfgears.rgl.datamodel.value.impl.ModifiableRecord
7068
RGL_VALUE_14413 class nl.tudelft.rdfgears.rgl.datamodel.value.impl.ModifiableRecord
7069
RGL_VALUE_14415 class nl.tudelft.rdfgears.rgl.datamodel.value.impl.ModifiableRecord
7070
RGL_VALUE_14417 class nl.tudelft.rdfgears.rgl.datamodel.value.impl.ModifiableRecord
7071
RGL_VALUE_14419 class nl.tudelft.rdfgears.rgl.datamodel.value.impl.ModifiableRecord
7072
RGL_VALUE_14421 class nl.tudelft.rdfgears.rgl.datamodel.value.impl.ModifiableRecord
7073
RGL_VALUE_14423 class nl.tudelft.rdfgears.rgl.datamodel.value.impl.ModifiableRecord
7074
RGL_VALUE_14425 class nl.tudelft.rdfgears.rgl.datamodel.value.impl.ModifiableRecord
7075
RGL_VALUE_14427 class nl.tudelft.rdfgears.rgl.datamodel.value.impl.ModifiableRecord
7076
RGL_VALUE_14429 class nl.tudelft.rdfgears.rgl.datamodel.value.impl.ModifiableRecord
7077
RGL_VALUE_14431 class nl.tudelft.rdfgears.rgl.datamodel.value.impl.ModifiableRecord
7078
RGL_VALUE_14433 class nl.tudelft.rdfgears.rgl.datamodel.value.impl.ModifiableRecord
7079
RGL_VALUE_14435 class nl.tudelft.rdfgears.rgl.datamodel.value.impl.ModifiableRecord
7080
RGL_VALUE_14437 class nl.tudelft.rdfgears.rgl.datamodel.value.impl.ModifiableRecord
7081
RGL_VALUE_14439 class nl.tudelft.rdfgears.rgl.datamodel.value.impl.ModifiableRecord
7082
RGL_VALUE_14441 class nl.tudelft.rdfgears.rgl.datamodel.value.impl.ModifiableRecord
7083
RGL_VALUE_14443 class nl.tudelft.rdfgears.rgl.datamodel.value.impl.ModifiableRecord
7084
RGL_VALUE_14445 class nl.tudelft.rdfgears.rgl.datamodel.value.impl.ModifiableRecord
7085
RGL_VALUE_14447 class nl.tudelft.rdfgears.rgl.datamodel.value.impl.ModifiableRecord
7086
RGL_VALUE_14449 class nl.tudelft.rdfgears.rgl.datamodel.value.impl.ModifiableRecord
7087
RGL_VALUE_14451 class nl.tudelft.rdfgears.rgl.datamodel.value.impl.ModifiableRecord
7088
RGL_VALUE_14453 class nl.tudelft.rdfgears.rgl.datamodel.value.impl.ModifiableRecord
7089
RGL_VALUE_14455 class nl.tudelft.rdfgears.rgl.datamodel.value.impl.ModifiableRecord
7090
RGL_VALUE_14457 class nl.tudelft.rdfgears.rgl.datamodel.value.impl.ModifiableRecord
7091
RGL_VALUE_14459 class nl.tudelft.rdfgears.rgl.datamodel.value.impl.ModifiableRecord
7092
RGL_VALUE_14461 class nl.tudelft.rdfgears.rgl.datamodel.value.impl.ModifiableRecord
7093
RGL_VALUE_14463 class nl.tudelft.rdfgears.rgl.datamodel.value.impl.ModifiableRecord
7094
RGL_VALUE_14465 class nl.tudelft.rdfgears.rgl.datamodel.value.impl.ModifiableRecord
7095
RGL_VALUE_14467 class nl.tudelft.rdfgears.rgl.datamodel.value.impl.ModifiableRecord
7096
RGL_VALUE_14469 class nl.tudelft.rdfgears.rgl.datamodel.value.impl.ModifiableRecord
7097
RGL_VALUE_14471 class nl.tudelft.rdfgears.rgl.datamodel.value.impl.ModifiableRecord
7098
RGL_VALUE_14473 class nl.tudelft.rdfgears.rgl.datamodel.value.impl.ModifiableRecord
7099
RGL_VALUE_14475 class nl.tudelft.rdfgears.rgl.datamodel.value.impl.ModifiableRecord
7100
RGL_VALUE_14478 class nl.tudelft.rdfgears.rgl.datamodel.value.impl.ModifiableRecord
7101
RGL_VALUE_14480 class nl.tudelft.rdfgears.rgl.datamodel.value.impl.ModifiableRecord
7102
RGL_VALUE_14482 class nl.tudelft.rdfgears.rgl.datamodel.value.impl.ModifiableRecord
7103
RGL_VALUE_14484 class nl.tudelft.rdfgears.rgl.datamodel.value.impl.ModifiableRecord
7104
RGL_VALUE_14486 class nl.tudelft.rdfgears.rgl.datamodel.value.impl.ModifiableRecord
7105
RGL_VALUE_14488 class nl.tudelft.rdfgears.rgl.datamodel.value.impl.ModifiableRecord
7106
RGL_VALUE_14490 class nl.tudelft.rdfgears.rgl.datamodel.value.impl.ModifiableRecord
7107
RGL_VALUE_14492 class nl.tudelft.rdfgears.rgl.datamodel.value.impl.ModifiableRecord
7108
RGL_VALUE_14494 class nl.tudelft.rdfgears.rgl.datamodel.value.impl.ModifiableRecord
7109
RGL_VALUE_14496 class nl.tudelft.rdfgears.rgl.datamodel.value.impl.ModifiableRecord
7110
RGL_VALUE_14498 class nl.tudelft.rdfgears.rgl.datamodel.value.impl.ModifiableRecord
7111
RGL_VALUE_14500 class nl.tudelft.rdfgears.rgl.datamodel.value.impl.ModifiableRecord
7112
RGL_VALUE_14502 class nl.tudelft.rdfgears.rgl.datamodel.value.impl.ModifiableRecord
7113
RGL_VALUE_14504 class nl.tudelft.rdfgears.rgl.datamodel.value.impl.ModifiableRecord
7114
RGL_VALUE_14506 class nl.tudelft.rdfgears.rgl.datamodel.value.impl.ModifiableRecord
7115
RGL_VALUE_14508 class nl.tudelft.rdfgears.rgl.datamodel.value.impl.ModifiableRecord
7116
RGL_VALUE_14510 class nl.tudelft.rdfgears.rgl.datamodel.value.impl.ModifiableRecord
7117
RGL_VALUE_14512 class nl.tudelft.rdfgears.rgl.datamodel.value.impl.ModifiableRecord
7118
RGL_VALUE_14514 class nl.tudelft.rdfgears.rgl.datamodel.value.impl.ModifiableRecord
7119
RGL_VALUE_14516 class nl.tudelft.rdfgears.rgl.datamodel.value.impl.ModifiableRecord
7120
RGL_VALUE_14518 class nl.tudelft.rdfgears.rgl.datamodel.value.impl.ModifiableRecord
7121
RGL_VALUE_14520 class nl.tudelft.rdfgears.rgl.datamodel.value.impl.ModifiableRecord
7122
RGL_VALUE_14522 class nl.tudelft.rdfgears.rgl.datamodel.value.impl.ModifiableRecord
7123
RGL_VALUE_14524 class nl.tudelft.rdfgears.rgl.datamodel.value.impl.ModifiableRecord
7124
RGL_VALUE_14526 class nl.tudelft.rdfgears.rgl.datamodel.value.impl.ModifiableRecord
7125
RGL_VALUE_14528 class nl.tudelft.rdfgears.rgl.datamodel.value.impl.ModifiableRecord
7126
RGL_VALUE_14530 class nl.tudelft.rdfgears.rgl.datamodel.value.impl.ModifiableRecord
7127
RGL_VALUE_14532 class nl.tudelft.rdfgears.rgl.datamodel.value.impl.ModifiableRecord
7128
RGL_VALUE_14534 class nl.tudelft.rdfgears.rgl.datamodel.value.impl.ModifiableRecord
7129
RGL_VALUE_14536 class nl.tudelft.rdfgears.rgl.datamodel.value.impl.ModifiableRecord
7130
RGL_VALUE_14538 class nl.tudelft.rdfgears.rgl.datamodel.value.impl.ModifiableRecord
7131
RGL_VALUE_14540 class nl.tudelft.rdfgears.rgl.datamodel.value.impl.ModifiableRecord
7132
RGL_VALUE_14542 class nl.tudelft.rdfgears.rgl.datamodel.value.impl.ModifiableRecord
7133
RGL_VALUE_14544 class nl.tudelft.rdfgears.rgl.datamodel.value.impl.ModifiableRecord
7134
RGL_VALUE_14546 class nl.tudelft.rdfgears.rgl.datamodel.value.impl.ModifiableRecord
7135
RGL_VALUE_14548 class nl.tudelft.rdfgears.rgl.datamodel.value.impl.ModifiableRecord
7136
RGL_VALUE_14550 class nl.tudelft.rdfgears.rgl.datamodel.value.impl.ModifiableRecord
7137
RGL_VALUE_14552 class nl.tudelft.rdfgears.rgl.datamodel.value.impl.ModifiableRecord
7138
RGL_VALUE_14554 class nl.tudelft.rdfgears.rgl.datamodel.value.impl.ModifiableRecord
7139
RGL_VALUE_14556 class nl.tudelft.rdfgears.rgl.datamodel.value.impl.ModifiableRecord
7140
RGL_VALUE_14558 class nl.tudelft.rdfgears.rgl.datamodel.value.impl.ModifiableRecord
7141
RGL_VALUE_14560 class nl.tudelft.rdfgears.rgl.datamodel.value.impl.ModifiableRecord
7142
RGL_VALUE_14562 class nl.tudelft.rdfgears.rgl.datamodel.value.impl.ModifiableRecord
7143
RGL_VALUE_14564 class nl.tudelft.rdfgears.rgl.datamodel.value.impl.ModifiableRecord
7144
RGL_VALUE_14566 class nl.tudelft.rdfgears.rgl.datamodel.value.impl.ModifiableRecord
7145
RGL_VALUE_14568 class nl.tudelft.rdfgears.rgl.datamodel.value.impl.ModifiableRecord
7146
RGL_VALUE_14570 class nl.tudelft.rdfgears.rgl.datamodel.value.impl.ModifiableRecord
7147
RGL_VALUE_14572 class nl.tudelft.rdfgears.rgl.datamodel.value.impl.ModifiableRecord
7148
RGL_VALUE_14574 class nl.tudelft.rdfgears.rgl.datamodel.value.impl.ModifiableRecord
7149
RGL_VALUE_14576 class nl.tudelft.rdfgears.rgl.datamodel.value.impl.ModifiableRecord
7150
RGL_VALUE_14578 class nl.tudelft.rdfgears.rgl.datamodel.value.impl.ModifiableRecord
7151
RGL_VALUE_14580 class nl.tudelft.rdfgears.rgl.datamodel.value.impl.ModifiableRecord
7152
RGL_VALUE_14582 class nl.tudelft.rdfgears.rgl.datamodel.value.impl.ModifiableRecord
7153
RGL_VALUE_14584 class nl.tudelft.rdfgears.rgl.datamodel.value.impl.ModifiableRecord
7154
RGL_VALUE_14586 class nl.tudelft.rdfgears.rgl.datamodel.value.impl.ModifiableRecord
7155
RGL_VALUE_14588 class nl.tudelft.rdfgears.rgl.datamodel.value.impl.ModifiableRecord
7156
RGL_VALUE_14590 class nl.tudelft.rdfgears.rgl.datamodel.value.impl.ModifiableRecord
7157
RGL_VALUE_14592 class nl.tudelft.rdfgears.rgl.datamodel.value.impl.ModifiableRecord
7158
RGL_VALUE_14594 class nl.tudelft.rdfgears.rgl.datamodel.value.impl.ModifiableRecord
7159
RGL_VALUE_14596 class nl.tudelft.rdfgears.rgl.datamodel.value.impl.ModifiableRecord
7160
RGL_VALUE_14598 class nl.tudelft.rdfgears.rgl.datamodel.value.impl.ModifiableRecord
7161
RGL_VALUE_14600 class nl.tudelft.rdfgears.rgl.datamodel.value.impl.ModifiableRecord
7162
RGL_VALUE_14602 class nl.tudelft.rdfgears.rgl.datamodel.value.impl.ModifiableRecord
7163
RGL_VALUE_14604 class nl.tudelft.rdfgears.rgl.datamodel.value.impl.ModifiableRecord
7164
RGL_VALUE_14606 class nl.tudelft.rdfgears.rgl.datamodel.value.impl.ModifiableRecord
7165
RGL_VALUE_14608 class nl.tudelft.rdfgears.rgl.datamodel.value.impl.ModifiableRecord
7166
RGL_VALUE_14610 class nl.tudelft.rdfgears.rgl.datamodel.value.impl.ModifiableRecord
7167
RGL_VALUE_14612 class nl.tudelft.rdfgears.rgl.datamodel.value.impl.ModifiableRecord
7168
RGL_VALUE_14614 class nl.tudelft.rdfgears.rgl.datamodel.value.impl.ModifiableRecord
7169
RGL_VALUE_14616 class nl.tudelft.rdfgears.rgl.datamodel.value.impl.ModifiableRecord
7170
RGL_VALUE_14618 class nl.tudelft.rdfgears.rgl.datamodel.value.impl.ModifiableRecord
7171
RGL_VALUE_14620 class nl.tudelft.rdfgears.rgl.datamodel.value.impl.ModifiableRecord
7172
RGL_VALUE_14622 class nl.tudelft.rdfgears.rgl.datamodel.value.impl.ModifiableRecord
7173
RGL_VALUE_14624 class nl.tudelft.rdfgears.rgl.datamodel.value.impl.ModifiableRecord
7174
RGL_VALUE_14626 class nl.tudelft.rdfgears.rgl.datamodel.value.impl.ModifiableRecord
7175
RGL_VALUE_14628 class nl.tudelft.rdfgears.rgl.datamodel.value.impl.ModifiableRecord
7176
RGL_VALUE_14630 class nl.tudelft.rdfgears.rgl.datamodel.value.impl.ModifiableRecord
7177
RGL_VALUE_14632 class nl.tudelft.rdfgears.rgl.datamodel.value.impl.ModifiableRecord
7178
RGL_VALUE_14634 class nl.tudelft.rdfgears.rgl.datamodel.value.impl.ModifiableRecord
7179
RGL_VALUE_14636 class nl.tudelft.rdfgears.rgl.datamodel.value.impl.ModifiableRecord
7180
RGL_VALUE_14638 class nl.tudelft.rdfgears.rgl.datamodel.value.impl.ModifiableRecord
7181
RGL_VALUE_14640 class nl.tudelft.rdfgears.rgl.datamodel.value.impl.ModifiableRecord
7182
RGL_VALUE_14642 class nl.tudelft.rdfgears.rgl.datamodel.value.impl.ModifiableRecord
7183
RGL_VALUE_14644 class nl.tudelft.rdfgears.rgl.datamodel.value.impl.ModifiableRecord
7184
RGL_VALUE_14646 class nl.tudelft.rdfgears.rgl.datamodel.value.impl.ModifiableRecord
7185
RGL_VALUE_14648 class nl.tudelft.rdfgears.rgl.datamodel.value.impl.ModifiableRecord
7186
RGL_VALUE_14650 class nl.tudelft.rdfgears.rgl.datamodel.value.impl.ModifiableRecord
7187
RGL_VALUE_14652 class nl.tudelft.rdfgears.rgl.datamodel.value.impl.ModifiableRecord
7188
RGL_VALUE_14654 class nl.tudelft.rdfgears.rgl.datamodel.value.impl.ModifiableRecord
7189
RGL_VALUE_14656 class nl.tudelft.rdfgears.rgl.datamodel.value.impl.ModifiableRecord
7190
RGL_VALUE_14658 class nl.tudelft.rdfgears.rgl.datamodel.value.impl.ModifiableRecord
7191
RGL_VALUE_14660 class nl.tudelft.rdfgears.rgl.datamodel.value.impl.ModifiableRecord
7192
RGL_VALUE_14662 class nl.tudelft.rdfgears.rgl.datamodel.value.impl.ModifiableRecord
7193
RGL_VALUE_14664 class nl.tudelft.rdfgears.rgl.datamodel.value.impl.ModifiableRecord
7194
RGL_VALUE_14666 class nl.tudelft.rdfgears.rgl.datamodel.value.impl.ModifiableRecord
7195
RGL_VALUE_14668 class nl.tudelft.rdfgears.rgl.datamodel.value.impl.ModifiableRecord
7196
RGL_VALUE_14670 class nl.tudelft.rdfgears.rgl.datamodel.value.impl.ModifiableRecord
7197
RGL_VALUE_14672 class nl.tudelft.rdfgears.rgl.datamodel.value.impl.ModifiableRecord
7198
RGL_VALUE_14674 class nl.tudelft.rdfgears.rgl.datamodel.value.impl.ModifiableRecord
7199
RGL_VALUE_14676 class nl.tudelft.rdfgears.rgl.datamodel.value.impl.ModifiableRecord
7200
RGL_VALUE_14679 class nl.tudelft.rdfgears.rgl.datamodel.value.impl.ModifiableRecord
7201
RGL_VALUE_14681 class nl.tudelft.rdfgears.rgl.datamodel.value.impl.ModifiableRecord
7202
RGL_VALUE_14683 class nl.tudelft.rdfgears.rgl.datamodel.value.impl.ModifiableRecord
7203
RGL_VALUE_14685 class nl.tudelft.rdfgears.rgl.datamodel.value.impl.ModifiableRecord
7204
RGL_VALUE_14687 class nl.tudelft.rdfgears.rgl.datamodel.value.impl.ModifiableRecord
7205
RGL_VALUE_14689 class nl.tudelft.rdfgears.rgl.datamodel.value.impl.ModifiableRecord
7206
RGL_VALUE_14691 class nl.tudelft.rdfgears.rgl.datamodel.value.impl.ModifiableRecord
7207
RGL_VALUE_14693 class nl.tudelft.rdfgears.rgl.datamodel.value.impl.ModifiableRecord
7208
RGL_VALUE_14695 class nl.tudelft.rdfgears.rgl.datamodel.value.impl.ModifiableRecord
7209
RGL_VALUE_14697 class nl.tudelft.rdfgears.rgl.datamodel.value.impl.ModifiableRecord
7210
RGL_VALUE_14699 class nl.tudelft.rdfgears.rgl.datamodel.value.impl.ModifiableRecord
7211
RGL_VALUE_14701 class nl.tudelft.rdfgears.rgl.datamodel.value.impl.ModifiableRecord
7212
RGL_VALUE_14703 class nl.tudelft.rdfgears.rgl.datamodel.value.impl.ModifiableRecord
7213
RGL_VALUE_14705 class nl.tudelft.rdfgears.rgl.datamodel.value.impl.ModifiableRecord
7214
RGL_VALUE_14707 class nl.tudelft.rdfgears.rgl.datamodel.value.impl.ModifiableRecord
7215
RGL_VALUE_14709 class nl.tudelft.rdfgears.rgl.datamodel.value.impl.ModifiableRecord
7216
RGL_VALUE_14711 class nl.tudelft.rdfgears.rgl.datamodel.value.impl.ModifiableRecord
7217
RGL_VALUE_14713 class nl.tudelft.rdfgears.rgl.datamodel.value.impl.ModifiableRecord
7218
RGL_VALUE_14715 class nl.tudelft.rdfgears.rgl.datamodel.value.impl.ModifiableRecord
7219
RGL_VALUE_14717 class nl.tudelft.rdfgears.rgl.datamodel.value.impl.ModifiableRecord
7220
RGL_VALUE_14719 class nl.tudelft.rdfgears.rgl.datamodel.value.impl.ModifiableRecord
7221
RGL_VALUE_14721 class nl.tudelft.rdfgears.rgl.datamodel.value.impl.ModifiableRecord
7222
RGL_VALUE_14723 class nl.tudelft.rdfgears.rgl.datamodel.value.impl.ModifiableRecord
7223
RGL_VALUE_14725 class nl.tudelft.rdfgears.rgl.datamodel.value.impl.ModifiableRecord
7224
RGL_VALUE_14727 class nl.tudelft.rdfgears.rgl.datamodel.value.impl.ModifiableRecord
7225
RGL_VALUE_14729 class nl.tudelft.rdfgears.rgl.datamodel.value.impl.ModifiableRecord
7226
RGL_VALUE_14731 class nl.tudelft.rdfgears.rgl.datamodel.value.impl.ModifiableRecord
7227
RGL_VALUE_14733 class nl.tudelft.rdfgears.rgl.datamodel.value.impl.ModifiableRecord
7228
RGL_VALUE_14735 class nl.tudelft.rdfgears.rgl.datamodel.value.impl.ModifiableRecord
7229
RGL_VALUE_14737 class nl.tudelft.rdfgears.rgl.datamodel.value.impl.ModifiableRecord
7230
RGL_VALUE_14739 class nl.tudelft.rdfgears.rgl.datamodel.value.impl.ModifiableRecord
7231
RGL_VALUE_14741 class nl.tudelft.rdfgears.rgl.datamodel.value.impl.ModifiableRecord
7232
RGL_VALUE_14743 class nl.tudelft.rdfgears.rgl.datamodel.value.impl.ModifiableRecord
7233
RGL_VALUE_14745 class nl.tudelft.rdfgears.rgl.datamodel.value.impl.ModifiableRecord
7234
RGL_VALUE_14747 class nl.tudelft.rdfgears.rgl.datamodel.value.impl.ModifiableRecord
7235
RGL_VALUE_14749 class nl.tudelft.rdfgears.rgl.datamodel.value.impl.ModifiableRecord
7236
RGL_VALUE_14751 class nl.tudelft.rdfgears.rgl.datamodel.value.impl.ModifiableRecord
7237
RGL_VALUE_14753 class nl.tudelft.rdfgears.rgl.datamodel.value.impl.ModifiableRecord
7238
RGL_VALUE_14755 class nl.tudelft.rdfgears.rgl.datamodel.value.impl.ModifiableRecord
7239
RGL_VALUE_14757 class nl.tudelft.rdfgears.rgl.datamodel.value.impl.ModifiableRecord
7240
RGL_VALUE_14759 class nl.tudelft.rdfgears.rgl.datamodel.value.impl.ModifiableRecord
7241
RGL_VALUE_14761 class nl.tudelft.rdfgears.rgl.datamodel.value.impl.ModifiableRecord
7242
RGL_VALUE_14763 class nl.tudelft.rdfgears.rgl.datamodel.value.impl.ModifiableRecord
7243
RGL_VALUE_14765 class nl.tudelft.rdfgears.rgl.datamodel.value.impl.ModifiableRecord
7244
RGL_VALUE_14767 class nl.tudelft.rdfgears.rgl.datamodel.value.impl.ModifiableRecord
7245
RGL_VALUE_14769 class nl.tudelft.rdfgears.rgl.datamodel.value.impl.ModifiableRecord
7246
RGL_VALUE_14771 class nl.tudelft.rdfgears.rgl.datamodel.value.impl.ModifiableRecord
7247
RGL_VALUE_14773 class nl.tudelft.rdfgears.rgl.datamodel.value.impl.ModifiableRecord
7248
RGL_VALUE_14775 class nl.tudelft.rdfgears.rgl.datamodel.value.impl.ModifiableRecord
7249
RGL_VALUE_14777 class nl.tudelft.rdfgears.rgl.datamodel.value.impl.ModifiableRecord
7250
RGL_VALUE_14779 class nl.tudelft.rdfgears.rgl.datamodel.value.impl.ModifiableRecord
7251
RGL_VALUE_14781 class nl.tudelft.rdfgears.rgl.datamodel.value.impl.ModifiableRecord
7252
RGL_VALUE_14783 class nl.tudelft.rdfgears.rgl.datamodel.value.impl.ModifiableRecord
7253
RGL_VALUE_14785 class nl.tudelft.rdfgears.rgl.datamodel.value.impl.ModifiableRecord
7254
RGL_VALUE_14787 class nl.tudelft.rdfgears.rgl.datamodel.value.impl.ModifiableRecord
7255
RGL_VALUE_14789 class nl.tudelft.rdfgears.rgl.datamodel.value.impl.ModifiableRecord
7256
RGL_VALUE_14791 class nl.tudelft.rdfgears.rgl.datamodel.value.impl.ModifiableRecord
7257
RGL_VALUE_14793 class nl.tudelft.rdfgears.rgl.datamodel.value.impl.ModifiableRecord
7258
RGL_VALUE_14795 class nl.tudelft.rdfgears.rgl.datamodel.value.impl.ModifiableRecord
7259
RGL_VALUE_14797 class nl.tudelft.rdfgears.rgl.datamodel.value.impl.ModifiableRecord
7260
RGL_VALUE_14799 class nl.tudelft.rdfgears.rgl.datamodel.value.impl.ModifiableRecord
7261
RGL_VALUE_14801 class nl.tudelft.rdfgears.rgl.datamodel.value.impl.ModifiableRecord
7262
RGL_VALUE_14803 class nl.tudelft.rdfgears.rgl.datamodel.value.impl.ModifiableRecord
7263
RGL_VALUE_14805 class nl.tudelft.rdfgears.rgl.datamodel.value.impl.ModifiableRecord
7264
RGL_VALUE_14807 class nl.tudelft.rdfgears.rgl.datamodel.value.impl.ModifiableRecord
7265
RGL_VALUE_14809 class nl.tudelft.rdfgears.rgl.datamodel.value.impl.ModifiableRecord
7266
RGL_VALUE_14811 class nl.tudelft.rdfgears.rgl.datamodel.value.impl.ModifiableRecord
7267
RGL_VALUE_14813 class nl.tudelft.rdfgears.rgl.datamodel.value.impl.ModifiableRecord
7268
RGL_VALUE_14815 class nl.tudelft.rdfgears.rgl.datamodel.value.impl.ModifiableRecord
7269
RGL_VALUE_14817 class nl.tudelft.rdfgears.rgl.datamodel.value.impl.ModifiableRecord
7270
RGL_VALUE_14819 class nl.tudelft.rdfgears.rgl.datamodel.value.impl.ModifiableRecord
7271
RGL_VALUE_14821 class nl.tudelft.rdfgears.rgl.datamodel.value.impl.ModifiableRecord
7272
RGL_VALUE_14823 class nl.tudelft.rdfgears.rgl.datamodel.value.impl.ModifiableRecord
7273
RGL_VALUE_14825 class nl.tudelft.rdfgears.rgl.datamodel.value.impl.ModifiableRecord
7274
RGL_VALUE_14827 class nl.tudelft.rdfgears.rgl.datamodel.value.impl.ModifiableRecord
7275
RGL_VALUE_14829 class nl.tudelft.rdfgears.rgl.datamodel.value.impl.ModifiableRecord
7276
RGL_VALUE_14831 class nl.tudelft.rdfgears.rgl.datamodel.value.impl.ModifiableRecord
7277
RGL_VALUE_14833 class nl.tudelft.rdfgears.rgl.datamodel.value.impl.ModifiableRecord
7278
RGL_VALUE_14835 class nl.tudelft.rdfgears.rgl.datamodel.value.impl.ModifiableRecord
7279
RGL_VALUE_14837 class nl.tudelft.rdfgears.rgl.datamodel.value.impl.ModifiableRecord
7280
RGL_VALUE_14839 class nl.tudelft.rdfgears.rgl.datamodel.value.impl.ModifiableRecord
7281
RGL_VALUE_14841 class nl.tudelft.rdfgears.rgl.datamodel.value.impl.ModifiableRecord
7282
RGL_VALUE_14843 class nl.tudelft.rdfgears.rgl.datamodel.value.impl.ModifiableRecord
7283
RGL_VALUE_14845 class nl.tudelft.rdfgears.rgl.datamodel.value.impl.ModifiableRecord
7284
RGL_VALUE_14847 class nl.tudelft.rdfgears.rgl.datamodel.value.impl.ModifiableRecord
7285
RGL_VALUE_14849 class nl.tudelft.rdfgears.rgl.datamodel.value.impl.ModifiableRecord
7286
RGL_VALUE_14851 class nl.tudelft.rdfgears.rgl.datamodel.value.impl.ModifiableRecord
7287
RGL_VALUE_14853 class nl.tudelft.rdfgears.rgl.datamodel.value.impl.ModifiableRecord
7288
RGL_VALUE_14855 class nl.tudelft.rdfgears.rgl.datamodel.value.impl.ModifiableRecord
7289
RGL_VALUE_14857 class nl.tudelft.rdfgears.rgl.datamodel.value.impl.ModifiableRecord
7290
RGL_VALUE_14859 class nl.tudelft.rdfgears.rgl.datamodel.value.impl.ModifiableRecord
7291
RGL_VALUE_14861 class nl.tudelft.rdfgears.rgl.datamodel.value.impl.ModifiableRecord
7292
RGL_VALUE_14863 class nl.tudelft.rdfgears.rgl.datamodel.value.impl.ModifiableRecord
7293
RGL_VALUE_14865 class nl.tudelft.rdfgears.rgl.datamodel.value.impl.ModifiableRecord
7294
RGL_VALUE_14867 class nl.tudelft.rdfgears.rgl.datamodel.value.impl.ModifiableRecord
7295
RGL_VALUE_14869 class nl.tudelft.rdfgears.rgl.datamodel.value.impl.ModifiableRecord
7296
RGL_VALUE_14871 class nl.tudelft.rdfgears.rgl.datamodel.value.impl.ModifiableRecord
7297
RGL_VALUE_14873 class nl.tudelft.rdfgears.rgl.datamodel.value.impl.ModifiableRecord
7298
RGL_VALUE_14875 class nl.tudelft.rdfgears.rgl.datamodel.value.impl.ModifiableRecord
7299
RGL_VALUE_14877 class nl.tudelft.rdfgears.rgl.datamodel.value.impl.ModifiableRecord
7300
RGL_VALUE_14880 class nl.tudelft.rdfgears.rgl.datamodel.value.impl.ModifiableRecord
7301
RGL_VALUE_14882 class nl.tudelft.rdfgears.rgl.datamodel.value.impl.ModifiableRecord
7302
RGL_VALUE_14884 class nl.tudelft.rdfgears.rgl.datamodel.value.impl.ModifiableRecord
7303
RGL_VALUE_14886 class nl.tudelft.rdfgears.rgl.datamodel.value.impl.ModifiableRecord
7304
RGL_VALUE_14888 class nl.tudelft.rdfgears.rgl.datamodel.value.impl.ModifiableRecord
7305
RGL_VALUE_14890 class nl.tudelft.rdfgears.rgl.datamodel.value.impl.ModifiableRecord
7306
RGL_VALUE_14892 class nl.tudelft.rdfgears.rgl.datamodel.value.impl.ModifiableRecord
7307
RGL_VALUE_14894 class nl.tudelft.rdfgears.rgl.datamodel.value.impl.ModifiableRecord
7308
RGL_VALUE_14896 class nl.tudelft.rdfgears.rgl.datamodel.value.impl.ModifiableRecord
7309
RGL_VALUE_14898 class nl.tudelft.rdfgears.rgl.datamodel.value.impl.ModifiableRecord
7310
RGL_VALUE_14900 class nl.tudelft.rdfgears.rgl.datamodel.value.impl.ModifiableRecord
7311
RGL_VALUE_14902 class nl.tudelft.rdfgears.rgl.datamodel.value.impl.ModifiableRecord
7312
RGL_VALUE_14904 class nl.tudelft.rdfgears.rgl.datamodel.value.impl.ModifiableRecord
7313
RGL_VALUE_14906 class nl.tudelft.rdfgears.rgl.datamodel.value.impl.ModifiableRecord
7314
RGL_VALUE_14908 class nl.tudelft.rdfgears.rgl.datamodel.value.impl.ModifiableRecord
7315
RGL_VALUE_14910 class nl.tudelft.rdfgears.rgl.datamodel.value.impl.ModifiableRecord
7316
RGL_VALUE_14912 class nl.tudelft.rdfgears.rgl.datamodel.value.impl.ModifiableRecord
7317
RGL_VALUE_14914 class nl.tudelft.rdfgears.rgl.datamodel.value.impl.ModifiableRecord
7318
RGL_VALUE_14916 class nl.tudelft.rdfgears.rgl.datamodel.value.impl.ModifiableRecord
7319
RGL_VALUE_14918 class nl.tudelft.rdfgears.rgl.datamodel.value.impl.ModifiableRecord
7320
RGL_VALUE_14920 class nl.tudelft.rdfgears.rgl.datamodel.value.impl.ModifiableRecord
7321
RGL_VALUE_14922 class nl.tudelft.rdfgears.rgl.datamodel.value.impl.ModifiableRecord
7322
RGL_VALUE_14924 class nl.tudelft.rdfgears.rgl.datamodel.value.impl.ModifiableRecord
7323
RGL_VALUE_14926 class nl.tudelft.rdfgears.rgl.datamodel.value.impl.ModifiableRecord
7324
RGL_VALUE_14928 class nl.tudelft.rdfgears.rgl.datamodel.value.impl.ModifiableRecord
7325
RGL_VALUE_14930 class nl.tudelft.rdfgears.rgl.datamodel.value.impl.ModifiableRecord
7326
RGL_VALUE_14932 class nl.tudelft.rdfgears.rgl.datamodel.value.impl.ModifiableRecord
7327
RGL_VALUE_14934 class nl.tudelft.rdfgears.rgl.datamodel.value.impl.ModifiableRecord
7328
RGL_VALUE_14936 class nl.tudelft.rdfgears.rgl.datamodel.value.impl.ModifiableRecord
7329
RGL_VALUE_14938 class nl.tudelft.rdfgears.rgl.datamodel.value.impl.ModifiableRecord
7330
RGL_VALUE_14940 class nl.tudelft.rdfgears.rgl.datamodel.value.impl.ModifiableRecord
7331
RGL_VALUE_14942 class nl.tudelft.rdfgears.rgl.datamodel.value.impl.ModifiableRecord
7332
RGL_VALUE_14944 class nl.tudelft.rdfgears.rgl.datamodel.value.impl.ModifiableRecord
7333
RGL_VALUE_14946 class nl.tudelft.rdfgears.rgl.datamodel.value.impl.ModifiableRecord
7334
RGL_VALUE_14948 class nl.tudelft.rdfgears.rgl.datamodel.value.impl.ModifiableRecord
7335
RGL_VALUE_14950 class nl.tudelft.rdfgears.rgl.datamodel.value.impl.ModifiableRecord
7336
RGL_VALUE_14952 class nl.tudelft.rdfgears.rgl.datamodel.value.impl.ModifiableRecord
7337
RGL_VALUE_14954 class nl.tudelft.rdfgears.rgl.datamodel.value.impl.ModifiableRecord
7338
RGL_VALUE_14956 class nl.tudelft.rdfgears.rgl.datamodel.value.impl.ModifiableRecord
7339
RGL_VALUE_14958 class nl.tudelft.rdfgears.rgl.datamodel.value.impl.ModifiableRecord
7340
RGL_VALUE_14960 class nl.tudelft.rdfgears.rgl.datamodel.value.impl.ModifiableRecord
7341
RGL_VALUE_14962 class nl.tudelft.rdfgears.rgl.datamodel.value.impl.ModifiableRecord
7342
RGL_VALUE_14964 class nl.tudelft.rdfgears.rgl.datamodel.value.impl.ModifiableRecord
7343
RGL_VALUE_14966 class nl.tudelft.rdfgears.rgl.datamodel.value.impl.ModifiableRecord
7344
RGL_VALUE_14968 class nl.tudelft.rdfgears.rgl.datamodel.value.impl.ModifiableRecord
7345
RGL_VALUE_14970 class nl.tudelft.rdfgears.rgl.datamodel.value.impl.ModifiableRecord
7346
RGL_VALUE_14972 class nl.tudelft.rdfgears.rgl.datamodel.value.impl.ModifiableRecord
7347
RGL_VALUE_14974 class nl.tudelft.rdfgears.rgl.datamodel.value.impl.ModifiableRecord
7348
RGL_VALUE_14976 class nl.tudelft.rdfgears.rgl.datamodel.value.impl.ModifiableRecord
7349
RGL_VALUE_14978 class nl.tudelft.rdfgears.rgl.datamodel.value.impl.ModifiableRecord
7350
RGL_VALUE_14980 class nl.tudelft.rdfgears.rgl.datamodel.value.impl.ModifiableRecord
7351
RGL_VALUE_14982 class nl.tudelft.rdfgears.rgl.datamodel.value.impl.ModifiableRecord
7352
RGL_VALUE_14984 class nl.tudelft.rdfgears.rgl.datamodel.value.impl.ModifiableRecord
7353
RGL_VALUE_14986 class nl.tudelft.rdfgears.rgl.datamodel.value.impl.ModifiableRecord
7354
RGL_VALUE_14988 class nl.tudelft.rdfgears.rgl.datamodel.value.impl.ModifiableRecord
7355
RGL_VALUE_14990 class nl.tudelft.rdfgears.rgl.datamodel.value.impl.ModifiableRecord
7356
RGL_VALUE_14992 class nl.tudelft.rdfgears.rgl.datamodel.value.impl.ModifiableRecord
7357
RGL_VALUE_14994 class nl.tudelft.rdfgears.rgl.datamodel.value.impl.ModifiableRecord
7358
RGL_VALUE_14996 class nl.tudelft.rdfgears.rgl.datamodel.value.impl.ModifiableRecord
7359
RGL_VALUE_14998 class nl.tudelft.rdfgears.rgl.datamodel.value.impl.ModifiableRecord
7360
RGL_VALUE_15000 class nl.tudelft.rdfgears.rgl.datamodel.value.impl.ModifiableRecord
7361
RGL_VALUE_15002 class nl.tudelft.rdfgears.rgl.datamodel.value.impl.ModifiableRecord
7362
RGL_VALUE_15004 class nl.tudelft.rdfgears.rgl.datamodel.value.impl.ModifiableRecord
7363
RGL_VALUE_15006 class nl.tudelft.rdfgears.rgl.datamodel.value.impl.ModifiableRecord
7364
RGL_VALUE_15008 class nl.tudelft.rdfgears.rgl.datamodel.value.impl.ModifiableRecord
7365
RGL_VALUE_15010 class nl.tudelft.rdfgears.rgl.datamodel.value.impl.ModifiableRecord
7366
RGL_VALUE_15012 class nl.tudelft.rdfgears.rgl.datamodel.value.impl.ModifiableRecord
7367
RGL_VALUE_15014 class nl.tudelft.rdfgears.rgl.datamodel.value.impl.ModifiableRecord
7368
RGL_VALUE_15016 class nl.tudelft.rdfgears.rgl.datamodel.value.impl.ModifiableRecord
7369
RGL_VALUE_15018 class nl.tudelft.rdfgears.rgl.datamodel.value.impl.ModifiableRecord
7370
RGL_VALUE_15020 class nl.tudelft.rdfgears.rgl.datamodel.value.impl.ModifiableRecord
7371
RGL_VALUE_15022 class nl.tudelft.rdfgears.rgl.datamodel.value.impl.ModifiableRecord
7372
RGL_VALUE_15024 class nl.tudelft.rdfgears.rgl.datamodel.value.impl.ModifiableRecord
7373
RGL_VALUE_15026 class nl.tudelft.rdfgears.rgl.datamodel.value.impl.ModifiableRecord
7374
RGL_VALUE_15028 class nl.tudelft.rdfgears.rgl.datamodel.value.impl.ModifiableRecord
7375
RGL_VALUE_15030 class nl.tudelft.rdfgears.rgl.datamodel.value.impl.ModifiableRecord
7376
RGL_VALUE_15032 class nl.tudelft.rdfgears.rgl.datamodel.value.impl.ModifiableRecord
7377
RGL_VALUE_15034 class nl.tudelft.rdfgears.rgl.datamodel.value.impl.ModifiableRecord
7378
RGL_VALUE_15036 class nl.tudelft.rdfgears.rgl.datamodel.value.impl.ModifiableRecord
7379
RGL_VALUE_15038 class nl.tudelft.rdfgears.rgl.datamodel.value.impl.ModifiableRecord
7380
RGL_VALUE_15040 class nl.tudelft.rdfgears.rgl.datamodel.value.impl.ModifiableRecord
7381
RGL_VALUE_15042 class nl.tudelft.rdfgears.rgl.datamodel.value.impl.ModifiableRecord
7382
RGL_VALUE_15044 class nl.tudelft.rdfgears.rgl.datamodel.value.impl.ModifiableRecord
7383
RGL_VALUE_15046 class nl.tudelft.rdfgears.rgl.datamodel.value.impl.ModifiableRecord
7384
RGL_VALUE_15048 class nl.tudelft.rdfgears.rgl.datamodel.value.impl.ModifiableRecord
7385
RGL_VALUE_15050 class nl.tudelft.rdfgears.rgl.datamodel.value.impl.ModifiableRecord
7386
RGL_VALUE_15052 class nl.tudelft.rdfgears.rgl.datamodel.value.impl.ModifiableRecord
7387
RGL_VALUE_15054 class nl.tudelft.rdfgears.rgl.datamodel.value.impl.ModifiableRecord
7388
RGL_VALUE_15056 class nl.tudelft.rdfgears.rgl.datamodel.value.impl.ModifiableRecord
7389
RGL_VALUE_15058 class nl.tudelft.rdfgears.rgl.datamodel.value.impl.ModifiableRecord
7390
RGL_VALUE_15060 class nl.tudelft.rdfgears.rgl.datamodel.value.impl.ModifiableRecord
7391
RGL_VALUE_15062 class nl.tudelft.rdfgears.rgl.datamodel.value.impl.ModifiableRecord
7392
RGL_VALUE_15064 class nl.tudelft.rdfgears.rgl.datamodel.value.impl.ModifiableRecord
7393
RGL_VALUE_15066 class nl.tudelft.rdfgears.rgl.datamodel.value.impl.ModifiableRecord
7394
RGL_VALUE_15068 class nl.tudelft.rdfgears.rgl.datamodel.value.impl.ModifiableRecord
7395
RGL_VALUE_15070 class nl.tudelft.rdfgears.rgl.datamodel.value.impl.ModifiableRecord
7396
RGL_VALUE_15072 class nl.tudelft.rdfgears.rgl.datamodel.value.impl.ModifiableRecord
7397
RGL_VALUE_15074 class nl.tudelft.rdfgears.rgl.datamodel.value.impl.ModifiableRecord
7398
RGL_VALUE_15076 class nl.tudelft.rdfgears.rgl.datamodel.value.impl.ModifiableRecord
7399
RGL_VALUE_15078 class nl.tudelft.rdfgears.rgl.datamodel.value.impl.ModifiableRecord
7400
RGL_VALUE_15081 class nl.tudelft.rdfgears.rgl.datamodel.value.impl.ModifiableRecord
7401
RGL_VALUE_15083 class nl.tudelft.rdfgears.rgl.datamodel.value.impl.ModifiableRecord
7402
RGL_VALUE_15085 class nl.tudelft.rdfgears.rgl.datamodel.value.impl.ModifiableRecord
7403
RGL_VALUE_15087 class nl.tudelft.rdfgears.rgl.datamodel.value.impl.ModifiableRecord
7404
RGL_VALUE_15089 class nl.tudelft.rdfgears.rgl.datamodel.value.impl.ModifiableRecord
7405
RGL_VALUE_15091 class nl.tudelft.rdfgears.rgl.datamodel.value.impl.ModifiableRecord
7406
RGL_VALUE_15093 class nl.tudelft.rdfgears.rgl.datamodel.value.impl.ModifiableRecord
7407
RGL_VALUE_15095 class nl.tudelft.rdfgears.rgl.datamodel.value.impl.ModifiableRecord
7408
RGL_VALUE_15097 class nl.tudelft.rdfgears.rgl.datamodel.value.impl.ModifiableRecord
7409
RGL_VALUE_15099 class nl.tudelft.rdfgears.rgl.datamodel.value.impl.ModifiableRecord
7410
RGL_VALUE_15101 class nl.tudelft.rdfgears.rgl.datamodel.value.impl.ModifiableRecord
7411
RGL_VALUE_15103 class nl.tudelft.rdfgears.rgl.datamodel.value.impl.ModifiableRecord
7412
RGL_VALUE_15105 class nl.tudelft.rdfgears.rgl.datamodel.value.impl.ModifiableRecord
7413
RGL_VALUE_15107 class nl.tudelft.rdfgears.rgl.datamodel.value.impl.ModifiableRecord
7414
RGL_VALUE_15109 class nl.tudelft.rdfgears.rgl.datamodel.value.impl.ModifiableRecord
7415
RGL_VALUE_15111 class nl.tudelft.rdfgears.rgl.datamodel.value.impl.ModifiableRecord
7416
RGL_VALUE_15113 class nl.tudelft.rdfgears.rgl.datamodel.value.impl.ModifiableRecord
7417
RGL_VALUE_15115 class nl.tudelft.rdfgears.rgl.datamodel.value.impl.ModifiableRecord
7418
RGL_VALUE_15117 class nl.tudelft.rdfgears.rgl.datamodel.value.impl.ModifiableRecord
7419
RGL_VALUE_15119 class nl.tudelft.rdfgears.rgl.datamodel.value.impl.ModifiableRecord
7420
RGL_VALUE_15121 class nl.tudelft.rdfgears.rgl.datamodel.value.impl.ModifiableRecord
7421
RGL_VALUE_15123 class nl.tudelft.rdfgears.rgl.datamodel.value.impl.ModifiableRecord
7422
RGL_VALUE_15125 class nl.tudelft.rdfgears.rgl.datamodel.value.impl.ModifiableRecord
7423
RGL_VALUE_15127 class nl.tudelft.rdfgears.rgl.datamodel.value.impl.ModifiableRecord
7424
RGL_VALUE_15129 class nl.tudelft.rdfgears.rgl.datamodel.value.impl.ModifiableRecord
7425
RGL_VALUE_15131 class nl.tudelft.rdfgears.rgl.datamodel.value.impl.ModifiableRecord
7426
RGL_VALUE_15133 class nl.tudelft.rdfgears.rgl.datamodel.value.impl.ModifiableRecord
7427
RGL_VALUE_15135 class nl.tudelft.rdfgears.rgl.datamodel.value.impl.ModifiableRecord
7428
RGL_VALUE_15137 class nl.tudelft.rdfgears.rgl.datamodel.value.impl.ModifiableRecord
7429
RGL_VALUE_15139 class nl.tudelft.rdfgears.rgl.datamodel.value.impl.ModifiableRecord
7430
RGL_VALUE_15141 class nl.tudelft.rdfgears.rgl.datamodel.value.impl.ModifiableRecord
7431
RGL_VALUE_15143 class nl.tudelft.rdfgears.rgl.datamodel.value.impl.ModifiableRecord
7432
RGL_VALUE_15145 class nl.tudelft.rdfgears.rgl.datamodel.value.impl.ModifiableRecord
7433
RGL_VALUE_15147 class nl.tudelft.rdfgears.rgl.datamodel.value.impl.ModifiableRecord
7434
RGL_VALUE_15149 class nl.tudelft.rdfgears.rgl.datamodel.value.impl.ModifiableRecord
7435
RGL_VALUE_15151 class nl.tudelft.rdfgears.rgl.datamodel.value.impl.ModifiableRecord
7436
RGL_VALUE_15153 class nl.tudelft.rdfgears.rgl.datamodel.value.impl.ModifiableRecord
7437
RGL_VALUE_15155 class nl.tudelft.rdfgears.rgl.datamodel.value.impl.ModifiableRecord
7438
RGL_VALUE_15157 class nl.tudelft.rdfgears.rgl.datamodel.value.impl.ModifiableRecord
7439
RGL_VALUE_15159 class nl.tudelft.rdfgears.rgl.datamodel.value.impl.ModifiableRecord
7440
RGL_VALUE_15161 class nl.tudelft.rdfgears.rgl.datamodel.value.impl.ModifiableRecord
7441
RGL_VALUE_15163 class nl.tudelft.rdfgears.rgl.datamodel.value.impl.ModifiableRecord
7442
RGL_VALUE_15165 class nl.tudelft.rdfgears.rgl.datamodel.value.impl.ModifiableRecord
7443
RGL_VALUE_15167 class nl.tudelft.rdfgears.rgl.datamodel.value.impl.ModifiableRecord
7444
RGL_VALUE_15169 class nl.tudelft.rdfgears.rgl.datamodel.value.impl.ModifiableRecord
7445
RGL_VALUE_15171 class nl.tudelft.rdfgears.rgl.datamodel.value.impl.ModifiableRecord
7446
RGL_VALUE_15173 class nl.tudelft.rdfgears.rgl.datamodel.value.impl.ModifiableRecord
7447
RGL_VALUE_15175 class nl.tudelft.rdfgears.rgl.datamodel.value.impl.ModifiableRecord
7448
RGL_VALUE_15177 class nl.tudelft.rdfgears.rgl.datamodel.value.impl.ModifiableRecord
7449
RGL_VALUE_15179 class nl.tudelft.rdfgears.rgl.datamodel.value.impl.ModifiableRecord
7450
RGL_VALUE_15181 class nl.tudelft.rdfgears.rgl.datamodel.value.impl.ModifiableRecord
7451
RGL_VALUE_15183 class nl.tudelft.rdfgears.rgl.datamodel.value.impl.ModifiableRecord
7452
RGL_VALUE_15185 class nl.tudelft.rdfgears.rgl.datamodel.value.impl.ModifiableRecord
7453
RGL_VALUE_15187 class nl.tudelft.rdfgears.rgl.datamodel.value.impl.ModifiableRecord
7454
RGL_VALUE_15189 class nl.tudelft.rdfgears.rgl.datamodel.value.impl.ModifiableRecord
7455
RGL_VALUE_15191 class nl.tudelft.rdfgears.rgl.datamodel.value.impl.ModifiableRecord
7456
RGL_VALUE_15193 class nl.tudelft.rdfgears.rgl.datamodel.value.impl.ModifiableRecord
7457
RGL_VALUE_15195 class nl.tudelft.rdfgears.rgl.datamodel.value.impl.ModifiableRecord
7458
RGL_VALUE_15197 class nl.tudelft.rdfgears.rgl.datamodel.value.impl.ModifiableRecord
7459
RGL_VALUE_15199 class nl.tudelft.rdfgears.rgl.datamodel.value.impl.ModifiableRecord
7460
RGL_VALUE_15201 class nl.tudelft.rdfgears.rgl.datamodel.value.impl.ModifiableRecord
7461
RGL_VALUE_15203 class nl.tudelft.rdfgears.rgl.datamodel.value.impl.ModifiableRecord
7462
RGL_VALUE_15205 class nl.tudelft.rdfgears.rgl.datamodel.value.impl.ModifiableRecord
7463
RGL_VALUE_15207 class nl.tudelft.rdfgears.rgl.datamodel.value.impl.ModifiableRecord
7464
RGL_VALUE_15209 class nl.tudelft.rdfgears.rgl.datamodel.value.impl.ModifiableRecord
7465
RGL_VALUE_15211 class nl.tudelft.rdfgears.rgl.datamodel.value.impl.ModifiableRecord
7466
RGL_VALUE_15213 class nl.tudelft.rdfgears.rgl.datamodel.value.impl.ModifiableRecord
7467
RGL_VALUE_15215 class nl.tudelft.rdfgears.rgl.datamodel.value.impl.ModifiableRecord
7468
RGL_VALUE_15217 class nl.tudelft.rdfgears.rgl.datamodel.value.impl.ModifiableRecord
7469
RGL_VALUE_15219 class nl.tudelft.rdfgears.rgl.datamodel.value.impl.ModifiableRecord
7470
RGL_VALUE_15221 class nl.tudelft.rdfgears.rgl.datamodel.value.impl.ModifiableRecord
7471
RGL_VALUE_15223 class nl.tudelft.rdfgears.rgl.datamodel.value.impl.ModifiableRecord
7472
RGL_VALUE_15225 class nl.tudelft.rdfgears.rgl.datamodel.value.impl.ModifiableRecord
7473
RGL_VALUE_15227 class nl.tudelft.rdfgears.rgl.datamodel.value.impl.ModifiableRecord
7474
RGL_VALUE_15229 class nl.tudelft.rdfgears.rgl.datamodel.value.impl.ModifiableRecord
7475
RGL_VALUE_15231 class nl.tudelft.rdfgears.rgl.datamodel.value.impl.ModifiableRecord
7476
RGL_VALUE_15233 class nl.tudelft.rdfgears.rgl.datamodel.value.impl.ModifiableRecord
7477
RGL_VALUE_15235 class nl.tudelft.rdfgears.rgl.datamodel.value.impl.ModifiableRecord
7478
RGL_VALUE_15237 class nl.tudelft.rdfgears.rgl.datamodel.value.impl.ModifiableRecord
7479
RGL_VALUE_15239 class nl.tudelft.rdfgears.rgl.datamodel.value.impl.ModifiableRecord
7480
RGL_VALUE_15241 class nl.tudelft.rdfgears.rgl.datamodel.value.impl.ModifiableRecord
7481
RGL_VALUE_15243 class nl.tudelft.rdfgears.rgl.datamodel.value.impl.ModifiableRecord
7482
RGL_VALUE_15245 class nl.tudelft.rdfgears.rgl.datamodel.value.impl.ModifiableRecord
7483
RGL_VALUE_15247 class nl.tudelft.rdfgears.rgl.datamodel.value.impl.ModifiableRecord
7484
RGL_VALUE_15249 class nl.tudelft.rdfgears.rgl.datamodel.value.impl.ModifiableRecord
7485
RGL_VALUE_15251 class nl.tudelft.rdfgears.rgl.datamodel.value.impl.ModifiableRecord
7486
RGL_VALUE_15253 class nl.tudelft.rdfgears.rgl.datamodel.value.impl.ModifiableRecord
7487
RGL_VALUE_15255 class nl.tudelft.rdfgears.rgl.datamodel.value.impl.ModifiableRecord
7488
RGL_VALUE_15257 class nl.tudelft.rdfgears.rgl.datamodel.value.impl.ModifiableRecord
7489
RGL_VALUE_15259 class nl.tudelft.rdfgears.rgl.datamodel.value.impl.ModifiableRecord
7490
RGL_VALUE_15261 class nl.tudelft.rdfgears.rgl.datamodel.value.impl.ModifiableRecord
7491
RGL_VALUE_15263 class nl.tudelft.rdfgears.rgl.datamodel.value.impl.ModifiableRecord
7492
RGL_VALUE_15265 class nl.tudelft.rdfgears.rgl.datamodel.value.impl.ModifiableRecord
7493
RGL_VALUE_15267 class nl.tudelft.rdfgears.rgl.datamodel.value.impl.ModifiableRecord
7494
RGL_VALUE_15269 class nl.tudelft.rdfgears.rgl.datamodel.value.impl.ModifiableRecord
7495
RGL_VALUE_15271 class nl.tudelft.rdfgears.rgl.datamodel.value.impl.ModifiableRecord
7496
RGL_VALUE_15273 class nl.tudelft.rdfgears.rgl.datamodel.value.impl.ModifiableRecord
7497
RGL_VALUE_15275 class nl.tudelft.rdfgears.rgl.datamodel.value.impl.ModifiableRecord
7498
RGL_VALUE_15277 class nl.tudelft.rdfgears.rgl.datamodel.value.impl.ModifiableRecord
7499
RGL_VALUE_15279 class nl.tudelft.rdfgears.rgl.datamodel.value.impl.ModifiableRecord
7500
RGL_VALUE_15282 class nl.tudelft.rdfgears.rgl.datamodel.value.impl.ModifiableRecord
7501
RGL_VALUE_15284 class nl.tudelft.rdfgears.rgl.datamodel.value.impl.ModifiableRecord
7502
RGL_VALUE_15286 class nl.tudelft.rdfgears.rgl.datamodel.value.impl.ModifiableRecord
7503
RGL_VALUE_15288 class nl.tudelft.rdfgears.rgl.datamodel.value.impl.ModifiableRecord
7504
RGL_VALUE_15290 class nl.tudelft.rdfgears.rgl.datamodel.value.impl.ModifiableRecord
7505
RGL_VALUE_15292 class nl.tudelft.rdfgears.rgl.datamodel.value.impl.ModifiableRecord
7506
RGL_VALUE_15294 class nl.tudelft.rdfgears.rgl.datamodel.value.impl.ModifiableRecord
7507
RGL_VALUE_15296 class nl.tudelft.rdfgears.rgl.datamodel.value.impl.ModifiableRecord
7508
RGL_VALUE_15298 class nl.tudelft.rdfgears.rgl.datamodel.value.impl.ModifiableRecord
7509
RGL_VALUE_15300 class nl.tudelft.rdfgears.rgl.datamodel.value.impl.ModifiableRecord
7510
RGL_VALUE_15302 class nl.tudelft.rdfgears.rgl.datamodel.value.impl.ModifiableRecord
7511
RGL_VALUE_15304 class nl.tudelft.rdfgears.rgl.datamodel.value.impl.ModifiableRecord
7512
RGL_VALUE_15306 class nl.tudelft.rdfgears.rgl.datamodel.value.impl.ModifiableRecord
7513
RGL_VALUE_15308 class nl.tudelft.rdfgears.rgl.datamodel.value.impl.ModifiableRecord
7514
RGL_VALUE_15310 class nl.tudelft.rdfgears.rgl.datamodel.value.impl.ModifiableRecord
7515
RGL_VALUE_15312 class nl.tudelft.rdfgears.rgl.datamodel.value.impl.ModifiableRecord
7516
RGL_VALUE_15314 class nl.tudelft.rdfgears.rgl.datamodel.value.impl.ModifiableRecord
7517
RGL_VALUE_15316 class nl.tudelft.rdfgears.rgl.datamodel.value.impl.ModifiableRecord
7518
RGL_VALUE_15318 class nl.tudelft.rdfgears.rgl.datamodel.value.impl.ModifiableRecord
7519
RGL_VALUE_15320 class nl.tudelft.rdfgears.rgl.datamodel.value.impl.ModifiableRecord
7520
RGL_VALUE_15322 class nl.tudelft.rdfgears.rgl.datamodel.value.impl.ModifiableRecord
7521
RGL_VALUE_15324 class nl.tudelft.rdfgears.rgl.datamodel.value.impl.ModifiableRecord
7522
RGL_VALUE_15326 class nl.tudelft.rdfgears.rgl.datamodel.value.impl.ModifiableRecord
7523
RGL_VALUE_15328 class nl.tudelft.rdfgears.rgl.datamodel.value.impl.ModifiableRecord
7524
RGL_VALUE_15330 class nl.tudelft.rdfgears.rgl.datamodel.value.impl.ModifiableRecord
7525
RGL_VALUE_15332 class nl.tudelft.rdfgears.rgl.datamodel.value.impl.ModifiableRecord
7526
RGL_VALUE_15334 class nl.tudelft.rdfgears.rgl.datamodel.value.impl.ModifiableRecord
7527
RGL_VALUE_15336 class nl.tudelft.rdfgears.rgl.datamodel.value.impl.ModifiableRecord
7528
RGL_VALUE_15338 class nl.tudelft.rdfgears.rgl.datamodel.value.impl.ModifiableRecord
7529
RGL_VALUE_15340 class nl.tudelft.rdfgears.rgl.datamodel.value.impl.ModifiableRecord
7530
RGL_VALUE_15342 class nl.tudelft.rdfgears.rgl.datamodel.value.impl.ModifiableRecord
7531
RGL_VALUE_15344 class nl.tudelft.rdfgears.rgl.datamodel.value.impl.ModifiableRecord
7532
RGL_VALUE_15346 class nl.tudelft.rdfgears.rgl.datamodel.value.impl.ModifiableRecord
7533
RGL_VALUE_15348 class nl.tudelft.rdfgears.rgl.datamodel.value.impl.ModifiableRecord
7534
RGL_VALUE_15350 class nl.tudelft.rdfgears.rgl.datamodel.value.impl.ModifiableRecord
7535
RGL_VALUE_15352 class nl.tudelft.rdfgears.rgl.datamodel.value.impl.ModifiableRecord
7536
RGL_VALUE_15354 class nl.tudelft.rdfgears.rgl.datamodel.value.impl.ModifiableRecord
7537
RGL_VALUE_15356 class nl.tudelft.rdfgears.rgl.datamodel.value.impl.ModifiableRecord
7538
RGL_VALUE_15358 class nl.tudelft.rdfgears.rgl.datamodel.value.impl.ModifiableRecord
7539
RGL_VALUE_15360 class nl.tudelft.rdfgears.rgl.datamodel.value.impl.ModifiableRecord
7540
RGL_VALUE_15362 class nl.tudelft.rdfgears.rgl.datamodel.value.impl.ModifiableRecord
7541
RGL_VALUE_15364 class nl.tudelft.rdfgears.rgl.datamodel.value.impl.ModifiableRecord
7542
RGL_VALUE_15366 class nl.tudelft.rdfgears.rgl.datamodel.value.impl.ModifiableRecord
7543
RGL_VALUE_15368 class nl.tudelft.rdfgears.rgl.datamodel.value.impl.ModifiableRecord
7544
RGL_VALUE_15370 class nl.tudelft.rdfgears.rgl.datamodel.value.impl.ModifiableRecord
7545
RGL_VALUE_15372 class nl.tudelft.rdfgears.rgl.datamodel.value.impl.ModifiableRecord
7546
RGL_VALUE_15374 class nl.tudelft.rdfgears.rgl.datamodel.value.impl.ModifiableRecord
7547
RGL_VALUE_15376 class nl.tudelft.rdfgears.rgl.datamodel.value.impl.ModifiableRecord
7548
RGL_VALUE_15378 class nl.tudelft.rdfgears.rgl.datamodel.value.impl.ModifiableRecord
7549
RGL_VALUE_15380 class nl.tudelft.rdfgears.rgl.datamodel.value.impl.ModifiableRecord
7550
RGL_VALUE_15382 class nl.tudelft.rdfgears.rgl.datamodel.value.impl.ModifiableRecord
7551
RGL_VALUE_15384 class nl.tudelft.rdfgears.rgl.datamodel.value.impl.ModifiableRecord
7552
RGL_VALUE_15386 class nl.tudelft.rdfgears.rgl.datamodel.value.impl.ModifiableRecord
7553
RGL_VALUE_15388 class nl.tudelft.rdfgears.rgl.datamodel.value.impl.ModifiableRecord
7554
RGL_VALUE_15390 class nl.tudelft.rdfgears.rgl.datamodel.value.impl.ModifiableRecord
7555
RGL_VALUE_15392 class nl.tudelft.rdfgears.rgl.datamodel.value.impl.ModifiableRecord
7556
RGL_VALUE_15394 class nl.tudelft.rdfgears.rgl.datamodel.value.impl.ModifiableRecord
7557
RGL_VALUE_15396 class nl.tudelft.rdfgears.rgl.datamodel.value.impl.ModifiableRecord
7558
RGL_VALUE_15398 class nl.tudelft.rdfgears.rgl.datamodel.value.impl.ModifiableRecord
7559
RGL_VALUE_15400 class nl.tudelft.rdfgears.rgl.datamodel.value.impl.ModifiableRecord
7560
RGL_VALUE_15402 class nl.tudelft.rdfgears.rgl.datamodel.value.impl.ModifiableRecord
7561
RGL_VALUE_15404 class nl.tudelft.rdfgears.rgl.datamodel.value.impl.ModifiableRecord
7562
RGL_VALUE_15406 class nl.tudelft.rdfgears.rgl.datamodel.value.impl.ModifiableRecord
7563
RGL_VALUE_15408 class nl.tudelft.rdfgears.rgl.datamodel.value.impl.ModifiableRecord
7564
RGL_VALUE_15410 class nl.tudelft.rdfgears.rgl.datamodel.value.impl.ModifiableRecord
7565
RGL_VALUE_15412 class nl.tudelft.rdfgears.rgl.datamodel.value.impl.ModifiableRecord
7566
RGL_VALUE_15414 class nl.tudelft.rdfgears.rgl.datamodel.value.impl.ModifiableRecord
7567
RGL_VALUE_15416 class nl.tudelft.rdfgears.rgl.datamodel.value.impl.ModifiableRecord
7568
RGL_VALUE_15418 class nl.tudelft.rdfgears.rgl.datamodel.value.impl.ModifiableRecord
7569
RGL_VALUE_15420 class nl.tudelft.rdfgears.rgl.datamodel.value.impl.ModifiableRecord
7570
RGL_VALUE_15422 class nl.tudelft.rdfgears.rgl.datamodel.value.impl.ModifiableRecord
7571
RGL_VALUE_15424 class nl.tudelft.rdfgears.rgl.datamodel.value.impl.ModifiableRecord
7572
RGL_VALUE_15426 class nl.tudelft.rdfgears.rgl.datamodel.value.impl.ModifiableRecord
7573
RGL_VALUE_15428 class nl.tudelft.rdfgears.rgl.datamodel.value.impl.ModifiableRecord
7574
RGL_VALUE_15430 class nl.tudelft.rdfgears.rgl.datamodel.value.impl.ModifiableRecord
7575
RGL_VALUE_15432 class nl.tudelft.rdfgears.rgl.datamodel.value.impl.ModifiableRecord
7576
RGL_VALUE_15434 class nl.tudelft.rdfgears.rgl.datamodel.value.impl.ModifiableRecord
7577
RGL_VALUE_15436 class nl.tudelft.rdfgears.rgl.datamodel.value.impl.ModifiableRecord
7578
RGL_VALUE_15438 class nl.tudelft.rdfgears.rgl.datamodel.value.impl.ModifiableRecord
7579
RGL_VALUE_15440 class nl.tudelft.rdfgears.rgl.datamodel.value.impl.ModifiableRecord
7580
RGL_VALUE_15442 class nl.tudelft.rdfgears.rgl.datamodel.value.impl.ModifiableRecord
7581
RGL_VALUE_15444 class nl.tudelft.rdfgears.rgl.datamodel.value.impl.ModifiableRecord
7582
RGL_VALUE_15446 class nl.tudelft.rdfgears.rgl.datamodel.value.impl.ModifiableRecord
7583
RGL_VALUE_15448 class nl.tudelft.rdfgears.rgl.datamodel.value.impl.ModifiableRecord
7584
RGL_VALUE_15450 class nl.tudelft.rdfgears.rgl.datamodel.value.impl.ModifiableRecord
7585
RGL_VALUE_15452 class nl.tudelft.rdfgears.rgl.datamodel.value.impl.ModifiableRecord
7586
RGL_VALUE_15454 class nl.tudelft.rdfgears.rgl.datamodel.value.impl.ModifiableRecord
7587
RGL_VALUE_15456 class nl.tudelft.rdfgears.rgl.datamodel.value.impl.ModifiableRecord
7588
RGL_VALUE_15458 class nl.tudelft.rdfgears.rgl.datamodel.value.impl.ModifiableRecord
7589
RGL_VALUE_15460 class nl.tudelft.rdfgears.rgl.datamodel.value.impl.ModifiableRecord
7590
RGL_VALUE_15462 class nl.tudelft.rdfgears.rgl.datamodel.value.impl.ModifiableRecord
7591
RGL_VALUE_15464 class nl.tudelft.rdfgears.rgl.datamodel.value.impl.ModifiableRecord
7592
RGL_VALUE_15466 class nl.tudelft.rdfgears.rgl.datamodel.value.impl.ModifiableRecord
7593
RGL_VALUE_15468 class nl.tudelft.rdfgears.rgl.datamodel.value.impl.ModifiableRecord
7594
RGL_VALUE_15470 class nl.tudelft.rdfgears.rgl.datamodel.value.impl.ModifiableRecord
7595
RGL_VALUE_15472 class nl.tudelft.rdfgears.rgl.datamodel.value.impl.ModifiableRecord
7596
RGL_VALUE_15474 class nl.tudelft.rdfgears.rgl.datamodel.value.impl.ModifiableRecord
7597
RGL_VALUE_15476 class nl.tudelft.rdfgears.rgl.datamodel.value.impl.ModifiableRecord
7598
RGL_VALUE_15478 class nl.tudelft.rdfgears.rgl.datamodel.value.impl.ModifiableRecord
7599
RGL_VALUE_15480 class nl.tudelft.rdfgears.rgl.datamodel.value.impl.ModifiableRecord
7600
RGL_VALUE_15483 class nl.tudelft.rdfgears.rgl.datamodel.value.impl.ModifiableRecord
7601
RGL_VALUE_15485 class nl.tudelft.rdfgears.rgl.datamodel.value.impl.ModifiableRecord
7602
RGL_VALUE_15487 class nl.tudelft.rdfgears.rgl.datamodel.value.impl.ModifiableRecord
7603
RGL_VALUE_15489 class nl.tudelft.rdfgears.rgl.datamodel.value.impl.ModifiableRecord
7604
RGL_VALUE_15491 class nl.tudelft.rdfgears.rgl.datamodel.value.impl.ModifiableRecord
7605
RGL_VALUE_15493 class nl.tudelft.rdfgears.rgl.datamodel.value.impl.ModifiableRecord
7606
RGL_VALUE_15495 class nl.tudelft.rdfgears.rgl.datamodel.value.impl.ModifiableRecord
7607
RGL_VALUE_15497 class nl.tudelft.rdfgears.rgl.datamodel.value.impl.ModifiableRecord
7608
RGL_VALUE_15499 class nl.tudelft.rdfgears.rgl.datamodel.value.impl.ModifiableRecord
7609
RGL_VALUE_15501 class nl.tudelft.rdfgears.rgl.datamodel.value.impl.ModifiableRecord
7610
RGL_VALUE_15503 class nl.tudelft.rdfgears.rgl.datamodel.value.impl.ModifiableRecord
7611
RGL_VALUE_15505 class nl.tudelft.rdfgears.rgl.datamodel.value.impl.ModifiableRecord
7612
RGL_VALUE_15507 class nl.tudelft.rdfgears.rgl.datamodel.value.impl.ModifiableRecord
7613
RGL_VALUE_15509 class nl.tudelft.rdfgears.rgl.datamodel.value.impl.ModifiableRecord
7614
RGL_VALUE_15511 class nl.tudelft.rdfgears.rgl.datamodel.value.impl.ModifiableRecord
7615
RGL_VALUE_15513 class nl.tudelft.rdfgears.rgl.datamodel.value.impl.ModifiableRecord
7616
RGL_VALUE_15515 class nl.tudelft.rdfgears.rgl.datamodel.value.impl.ModifiableRecord
7617
RGL_VALUE_15517 class nl.tudelft.rdfgears.rgl.datamodel.value.impl.ModifiableRecord
7618
RGL_VALUE_15519 class nl.tudelft.rdfgears.rgl.datamodel.value.impl.ModifiableRecord
7619
RGL_VALUE_15521 class nl.tudelft.rdfgears.rgl.datamodel.value.impl.ModifiableRecord
7620
RGL_VALUE_15523 class nl.tudelft.rdfgears.rgl.datamodel.value.impl.ModifiableRecord
7621
RGL_VALUE_15525 class nl.tudelft.rdfgears.rgl.datamodel.value.impl.ModifiableRecord
7622
RGL_VALUE_15527 class nl.tudelft.rdfgears.rgl.datamodel.value.impl.ModifiableRecord
7623
RGL_VALUE_15529 class nl.tudelft.rdfgears.rgl.datamodel.value.impl.ModifiableRecord
7624
RGL_VALUE_15531 class nl.tudelft.rdfgears.rgl.datamodel.value.impl.ModifiableRecord
7625
RGL_VALUE_15533 class nl.tudelft.rdfgears.rgl.datamodel.value.impl.ModifiableRecord
7626
RGL_VALUE_15535 class nl.tudelft.rdfgears.rgl.datamodel.value.impl.ModifiableRecord
7627
RGL_VALUE_15537 class nl.tudelft.rdfgears.rgl.datamodel.value.impl.ModifiableRecord
7628
RGL_VALUE_15539 class nl.tudelft.rdfgears.rgl.datamodel.value.impl.ModifiableRecord
7629
RGL_VALUE_15541 class nl.tudelft.rdfgears.rgl.datamodel.value.impl.ModifiableRecord
7630
RGL_VALUE_15543 class nl.tudelft.rdfgears.rgl.datamodel.value.impl.ModifiableRecord
7631
RGL_VALUE_15545 class nl.tudelft.rdfgears.rgl.datamodel.value.impl.ModifiableRecord
7632
RGL_VALUE_15547 class nl.tudelft.rdfgears.rgl.datamodel.value.impl.ModifiableRecord
7633
RGL_VALUE_15549 class nl.tudelft.rdfgears.rgl.datamodel.value.impl.ModifiableRecord
7634
RGL_VALUE_15551 class nl.tudelft.rdfgears.rgl.datamodel.value.impl.ModifiableRecord
7635
RGL_VALUE_15553 class nl.tudelft.rdfgears.rgl.datamodel.value.impl.ModifiableRecord
7636
RGL_VALUE_15555 class nl.tudelft.rdfgears.rgl.datamodel.value.impl.ModifiableRecord
7637
RGL_VALUE_15557 class nl.tudelft.rdfgears.rgl.datamodel.value.impl.ModifiableRecord
7638
RGL_VALUE_15559 class nl.tudelft.rdfgears.rgl.datamodel.value.impl.ModifiableRecord
7639
RGL_VALUE_15561 class nl.tudelft.rdfgears.rgl.datamodel.value.impl.ModifiableRecord
7640
RGL_VALUE_15563 class nl.tudelft.rdfgears.rgl.datamodel.value.impl.ModifiableRecord
7641
RGL_VALUE_15565 class nl.tudelft.rdfgears.rgl.datamodel.value.impl.ModifiableRecord
7642
RGL_VALUE_15567 class nl.tudelft.rdfgears.rgl.datamodel.value.impl.ModifiableRecord
7643
RGL_VALUE_15569 class nl.tudelft.rdfgears.rgl.datamodel.value.impl.ModifiableRecord
7644
RGL_VALUE_15571 class nl.tudelft.rdfgears.rgl.datamodel.value.impl.ModifiableRecord
7645
RGL_VALUE_15573 class nl.tudelft.rdfgears.rgl.datamodel.value.impl.ModifiableRecord
7646
RGL_VALUE_15575 class nl.tudelft.rdfgears.rgl.datamodel.value.impl.ModifiableRecord
7647
RGL_VALUE_15577 class nl.tudelft.rdfgears.rgl.datamodel.value.impl.ModifiableRecord
7648
RGL_VALUE_15579 class nl.tudelft.rdfgears.rgl.datamodel.value.impl.ModifiableRecord
7649
RGL_VALUE_15581 class nl.tudelft.rdfgears.rgl.datamodel.value.impl.ModifiableRecord
7650
RGL_VALUE_15583 class nl.tudelft.rdfgears.rgl.datamodel.value.impl.ModifiableRecord
7651
RGL_VALUE_15585 class nl.tudelft.rdfgears.rgl.datamodel.value.impl.ModifiableRecord
7652
RGL_VALUE_15587 class nl.tudelft.rdfgears.rgl.datamodel.value.impl.ModifiableRecord
7653
RGL_VALUE_15589 class nl.tudelft.rdfgears.rgl.datamodel.value.impl.ModifiableRecord
7654
RGL_VALUE_15591 class nl.tudelft.rdfgears.rgl.datamodel.value.impl.ModifiableRecord
7655
RGL_VALUE_15593 class nl.tudelft.rdfgears.rgl.datamodel.value.impl.ModifiableRecord
7656
RGL_VALUE_15595 class nl.tudelft.rdfgears.rgl.datamodel.value.impl.ModifiableRecord
7657
RGL_VALUE_15597 class nl.tudelft.rdfgears.rgl.datamodel.value.impl.ModifiableRecord
7658
RGL_VALUE_15599 class nl.tudelft.rdfgears.rgl.datamodel.value.impl.ModifiableRecord
7659
RGL_VALUE_15601 class nl.tudelft.rdfgears.rgl.datamodel.value.impl.ModifiableRecord
7660
RGL_VALUE_15603 class nl.tudelft.rdfgears.rgl.datamodel.value.impl.ModifiableRecord
7661
RGL_VALUE_15605 class nl.tudelft.rdfgears.rgl.datamodel.value.impl.ModifiableRecord
7662
RGL_VALUE_15607 class nl.tudelft.rdfgears.rgl.datamodel.value.impl.ModifiableRecord
7663
RGL_VALUE_15609 class nl.tudelft.rdfgears.rgl.datamodel.value.impl.ModifiableRecord
7664
RGL_VALUE_15611 class nl.tudelft.rdfgears.rgl.datamodel.value.impl.ModifiableRecord
7665
RGL_VALUE_15613 class nl.tudelft.rdfgears.rgl.datamodel.value.impl.ModifiableRecord
7666
RGL_VALUE_15615 class nl.tudelft.rdfgears.rgl.datamodel.value.impl.ModifiableRecord
7667
RGL_VALUE_15617 class nl.tudelft.rdfgears.rgl.datamodel.value.impl.ModifiableRecord
7668
RGL_VALUE_15619 class nl.tudelft.rdfgears.rgl.datamodel.value.impl.ModifiableRecord
7669
RGL_VALUE_15621 class nl.tudelft.rdfgears.rgl.datamodel.value.impl.ModifiableRecord
7670
RGL_VALUE_15623 class nl.tudelft.rdfgears.rgl.datamodel.value.impl.ModifiableRecord
7671
RGL_VALUE_15625 class nl.tudelft.rdfgears.rgl.datamodel.value.impl.ModifiableRecord
7672
RGL_VALUE_15627 class nl.tudelft.rdfgears.rgl.datamodel.value.impl.ModifiableRecord
7673
RGL_VALUE_15629 class nl.tudelft.rdfgears.rgl.datamodel.value.impl.ModifiableRecord
7674
RGL_VALUE_15631 class nl.tudelft.rdfgears.rgl.datamodel.value.impl.ModifiableRecord
7675
RGL_VALUE_15633 class nl.tudelft.rdfgears.rgl.datamodel.value.impl.ModifiableRecord
7676
RGL_VALUE_15635 class nl.tudelft.rdfgears.rgl.datamodel.value.impl.ModifiableRecord
7677
RGL_VALUE_15637 class nl.tudelft.rdfgears.rgl.datamodel.value.impl.ModifiableRecord
7678
RGL_VALUE_15639 class nl.tudelft.rdfgears.rgl.datamodel.value.impl.ModifiableRecord
7679
RGL_VALUE_15641 class nl.tudelft.rdfgears.rgl.datamodel.value.impl.ModifiableRecord
7680
RGL_VALUE_15643 class nl.tudelft.rdfgears.rgl.datamodel.value.impl.ModifiableRecord
7681
RGL_VALUE_15645 class nl.tudelft.rdfgears.rgl.datamodel.value.impl.ModifiableRecord
7682
RGL_VALUE_15647 class nl.tudelft.rdfgears.rgl.datamodel.value.impl.ModifiableRecord
7683
RGL_VALUE_15649 class nl.tudelft.rdfgears.rgl.datamodel.value.impl.ModifiableRecord
7684
RGL_VALUE_15651 class nl.tudelft.rdfgears.rgl.datamodel.value.impl.ModifiableRecord
7685
RGL_VALUE_15653 class nl.tudelft.rdfgears.rgl.datamodel.value.impl.ModifiableRecord
7686
RGL_VALUE_15655 class nl.tudelft.rdfgears.rgl.datamodel.value.impl.ModifiableRecord
7687
RGL_VALUE_15657 class nl.tudelft.rdfgears.rgl.datamodel.value.impl.ModifiableRecord
7688
RGL_VALUE_15659 class nl.tudelft.rdfgears.rgl.datamodel.value.impl.ModifiableRecord
7689
RGL_VALUE_15661 class nl.tudelft.rdfgears.rgl.datamodel.value.impl.ModifiableRecord
7690
RGL_VALUE_15663 class nl.tudelft.rdfgears.rgl.datamodel.value.impl.ModifiableRecord
7691
RGL_VALUE_15665 class nl.tudelft.rdfgears.rgl.datamodel.value.impl.ModifiableRecord
7692
RGL_VALUE_15667 class nl.tudelft.rdfgears.rgl.datamodel.value.impl.ModifiableRecord
7693
RGL_VALUE_15669 class nl.tudelft.rdfgears.rgl.datamodel.value.impl.ModifiableRecord
7694
RGL_VALUE_15671 class nl.tudelft.rdfgears.rgl.datamodel.value.impl.ModifiableRecord
7695
RGL_VALUE_15673 class nl.tudelft.rdfgears.rgl.datamodel.value.impl.ModifiableRecord
7696
RGL_VALUE_15675 class nl.tudelft.rdfgears.rgl.datamodel.value.impl.ModifiableRecord
7697
RGL_VALUE_15677 class nl.tudelft.rdfgears.rgl.datamodel.value.impl.ModifiableRecord
7698
RGL_VALUE_15679 class nl.tudelft.rdfgears.rgl.datamodel.value.impl.ModifiableRecord
7699
RGL_VALUE_15681 class nl.tudelft.rdfgears.rgl.datamodel.value.impl.ModifiableRecord
7700
RGL_VALUE_15684 class nl.tudelft.rdfgears.rgl.datamodel.value.impl.ModifiableRecord
7701
RGL_VALUE_15686 class nl.tudelft.rdfgears.rgl.datamodel.value.impl.ModifiableRecord
7702
RGL_VALUE_15688 class nl.tudelft.rdfgears.rgl.datamodel.value.impl.ModifiableRecord
7703
RGL_VALUE_15690 class nl.tudelft.rdfgears.rgl.datamodel.value.impl.ModifiableRecord
7704
RGL_VALUE_15692 class nl.tudelft.rdfgears.rgl.datamodel.value.impl.ModifiableRecord
7705
RGL_VALUE_15694 class nl.tudelft.rdfgears.rgl.datamodel.value.impl.ModifiableRecord
7706
RGL_VALUE_15696 class nl.tudelft.rdfgears.rgl.datamodel.value.impl.ModifiableRecord
7707
RGL_VALUE_15698 class nl.tudelft.rdfgears.rgl.datamodel.value.impl.ModifiableRecord
7708
RGL_VALUE_15700 class nl.tudelft.rdfgears.rgl.datamodel.value.impl.ModifiableRecord
7709
RGL_VALUE_15702 class nl.tudelft.rdfgears.rgl.datamodel.value.impl.ModifiableRecord
7710
RGL_VALUE_15704 class nl.tudelft.rdfgears.rgl.datamodel.value.impl.ModifiableRecord
7711
RGL_VALUE_15706 class nl.tudelft.rdfgears.rgl.datamodel.value.impl.ModifiableRecord
7712
RGL_VALUE_15708 class nl.tudelft.rdfgears.rgl.datamodel.value.impl.ModifiableRecord
7713
RGL_VALUE_15710 class nl.tudelft.rdfgears.rgl.datamodel.value.impl.ModifiableRecord
7714
RGL_VALUE_15712 class nl.tudelft.rdfgears.rgl.datamodel.value.impl.ModifiableRecord
7715
RGL_VALUE_15714 class nl.tudelft.rdfgears.rgl.datamodel.value.impl.ModifiableRecord
7716
RGL_VALUE_15716 class nl.tudelft.rdfgears.rgl.datamodel.value.impl.ModifiableRecord
7717
RGL_VALUE_15718 class nl.tudelft.rdfgears.rgl.datamodel.value.impl.ModifiableRecord
7718
RGL_VALUE_15720 class nl.tudelft.rdfgears.rgl.datamodel.value.impl.ModifiableRecord
7719
RGL_VALUE_15722 class nl.tudelft.rdfgears.rgl.datamodel.value.impl.ModifiableRecord
7720
RGL_VALUE_15724 class nl.tudelft.rdfgears.rgl.datamodel.value.impl.ModifiableRecord
7721
RGL_VALUE_15726 class nl.tudelft.rdfgears.rgl.datamodel.value.impl.ModifiableRecord
7722
RGL_VALUE_15728 class nl.tudelft.rdfgears.rgl.datamodel.value.impl.ModifiableRecord
7723
RGL_VALUE_15730 class nl.tudelft.rdfgears.rgl.datamodel.value.impl.ModifiableRecord
7724
RGL_VALUE_15732 class nl.tudelft.rdfgears.rgl.datamodel.value.impl.ModifiableRecord
7725
RGL_VALUE_15734 class nl.tudelft.rdfgears.rgl.datamodel.value.impl.ModifiableRecord
7726
RGL_VALUE_15736 class nl.tudelft.rdfgears.rgl.datamodel.value.impl.ModifiableRecord
7727
RGL_VALUE_15738 class nl.tudelft.rdfgears.rgl.datamodel.value.impl.ModifiableRecord
7728
RGL_VALUE_15740 class nl.tudelft.rdfgears.rgl.datamodel.value.impl.ModifiableRecord
7729
RGL_VALUE_15742 class nl.tudelft.rdfgears.rgl.datamodel.value.impl.ModifiableRecord
7730
RGL_VALUE_15744 class nl.tudelft.rdfgears.rgl.datamodel.value.impl.ModifiableRecord
7731
RGL_VALUE_15746 class nl.tudelft.rdfgears.rgl.datamodel.value.impl.ModifiableRecord
7732
RGL_VALUE_15748 class nl.tudelft.rdfgears.rgl.datamodel.value.impl.ModifiableRecord
7733
RGL_VALUE_15750 class nl.tudelft.rdfgears.rgl.datamodel.value.impl.ModifiableRecord
7734
RGL_VALUE_15752 class nl.tudelft.rdfgears.rgl.datamodel.value.impl.ModifiableRecord
7735
RGL_VALUE_15754 class nl.tudelft.rdfgears.rgl.datamodel.value.impl.ModifiableRecord
7736
RGL_VALUE_15756 class nl.tudelft.rdfgears.rgl.datamodel.value.impl.ModifiableRecord
7737
RGL_VALUE_15758 class nl.tudelft.rdfgears.rgl.datamodel.value.impl.ModifiableRecord
7738
RGL_VALUE_15760 class nl.tudelft.rdfgears.rgl.datamodel.value.impl.ModifiableRecord
7739
RGL_VALUE_15762 class nl.tudelft.rdfgears.rgl.datamodel.value.impl.ModifiableRecord
7740
RGL_VALUE_15764 class nl.tudelft.rdfgears.rgl.datamodel.value.impl.ModifiableRecord
7741
RGL_VALUE_15766 class nl.tudelft.rdfgears.rgl.datamodel.value.impl.ModifiableRecord
7742
RGL_VALUE_15768 class nl.tudelft.rdfgears.rgl.datamodel.value.impl.ModifiableRecord
7743
RGL_VALUE_15770 class nl.tudelft.rdfgears.rgl.datamodel.value.impl.ModifiableRecord
7744
RGL_VALUE_15772 class nl.tudelft.rdfgears.rgl.datamodel.value.impl.ModifiableRecord
7745
RGL_VALUE_15774 class nl.tudelft.rdfgears.rgl.datamodel.value.impl.ModifiableRecord
7746
RGL_VALUE_15776 class nl.tudelft.rdfgears.rgl.datamodel.value.impl.ModifiableRecord
7747
RGL_VALUE_15778 class nl.tudelft.rdfgears.rgl.datamodel.value.impl.ModifiableRecord
7748
RGL_VALUE_15780 class nl.tudelft.rdfgears.rgl.datamodel.value.impl.ModifiableRecord
7749
RGL_VALUE_15782 class nl.tudelft.rdfgears.rgl.datamodel.value.impl.ModifiableRecord
7750
RGL_VALUE_15784 class nl.tudelft.rdfgears.rgl.datamodel.value.impl.ModifiableRecord
7751
RGL_VALUE_15786 class nl.tudelft.rdfgears.rgl.datamodel.value.impl.ModifiableRecord
7752
RGL_VALUE_15788 class nl.tudelft.rdfgears.rgl.datamodel.value.impl.ModifiableRecord
7753
RGL_VALUE_15790 class nl.tudelft.rdfgears.rgl.datamodel.value.impl.ModifiableRecord
7754
RGL_VALUE_15792 class nl.tudelft.rdfgears.rgl.datamodel.value.impl.ModifiableRecord
7755
RGL_VALUE_15794 class nl.tudelft.rdfgears.rgl.datamodel.value.impl.ModifiableRecord
7756
RGL_VALUE_15796 class nl.tudelft.rdfgears.rgl.datamodel.value.impl.ModifiableRecord
7757
RGL_VALUE_15798 class nl.tudelft.rdfgears.rgl.datamodel.value.impl.ModifiableRecord
7758
RGL_VALUE_15800 class nl.tudelft.rdfgears.rgl.datamodel.value.impl.ModifiableRecord
7759
RGL_VALUE_15802 class nl.tudelft.rdfgears.rgl.datamodel.value.impl.ModifiableRecord
7760
RGL_VALUE_15804 class nl.tudelft.rdfgears.rgl.datamodel.value.impl.ModifiableRecord
7761
RGL_VALUE_15806 class nl.tudelft.rdfgears.rgl.datamodel.value.impl.ModifiableRecord
7762
RGL_VALUE_15808 class nl.tudelft.rdfgears.rgl.datamodel.value.impl.ModifiableRecord
7763
RGL_VALUE_15810 class nl.tudelft.rdfgears.rgl.datamodel.value.impl.ModifiableRecord
7764
RGL_VALUE_15812 class nl.tudelft.rdfgears.rgl.datamodel.value.impl.ModifiableRecord
7765
RGL_VALUE_15814 class nl.tudelft.rdfgears.rgl.datamodel.value.impl.ModifiableRecord
7766
RGL_VALUE_15816 class nl.tudelft.rdfgears.rgl.datamodel.value.impl.ModifiableRecord
7767
RGL_VALUE_15818 class nl.tudelft.rdfgears.rgl.datamodel.value.impl.ModifiableRecord
7768
RGL_VALUE_15820 class nl.tudelft.rdfgears.rgl.datamodel.value.impl.ModifiableRecord
7769
RGL_VALUE_15822 class nl.tudelft.rdfgears.rgl.datamodel.value.impl.ModifiableRecord
7770
RGL_VALUE_15824 class nl.tudelft.rdfgears.rgl.datamodel.value.impl.ModifiableRecord
7771
RGL_VALUE_15826 class nl.tudelft.rdfgears.rgl.datamodel.value.impl.ModifiableRecord
7772
RGL_VALUE_15828 class nl.tudelft.rdfgears.rgl.datamodel.value.impl.ModifiableRecord
7773
RGL_VALUE_15830 class nl.tudelft.rdfgears.rgl.datamodel.value.impl.ModifiableRecord
7774
RGL_VALUE_15832 class nl.tudelft.rdfgears.rgl.datamodel.value.impl.ModifiableRecord
7775
RGL_VALUE_15834 class nl.tudelft.rdfgears.rgl.datamodel.value.impl.ModifiableRecord
7776
RGL_VALUE_15836 class nl.tudelft.rdfgears.rgl.datamodel.value.impl.ModifiableRecord
7777
RGL_VALUE_15838 class nl.tudelft.rdfgears.rgl.datamodel.value.impl.ModifiableRecord
7778
RGL_VALUE_15840 class nl.tudelft.rdfgears.rgl.datamodel.value.impl.ModifiableRecord
7779
RGL_VALUE_15842 class nl.tudelft.rdfgears.rgl.datamodel.value.impl.ModifiableRecord
7780
RGL_VALUE_15844 class nl.tudelft.rdfgears.rgl.datamodel.value.impl.ModifiableRecord
7781
RGL_VALUE_15846 class nl.tudelft.rdfgears.rgl.datamodel.value.impl.ModifiableRecord
7782
RGL_VALUE_15848 class nl.tudelft.rdfgears.rgl.datamodel.value.impl.ModifiableRecord
7783
RGL_VALUE_15850 class nl.tudelft.rdfgears.rgl.datamodel.value.impl.ModifiableRecord
7784
RGL_VALUE_15852 class nl.tudelft.rdfgears.rgl.datamodel.value.impl.ModifiableRecord
7785
RGL_VALUE_15854 class nl.tudelft.rdfgears.rgl.datamodel.value.impl.ModifiableRecord
7786
RGL_VALUE_15856 class nl.tudelft.rdfgears.rgl.datamodel.value.impl.ModifiableRecord
7787
RGL_VALUE_15858 class nl.tudelft.rdfgears.rgl.datamodel.value.impl.ModifiableRecord
7788
RGL_VALUE_15860 class nl.tudelft.rdfgears.rgl.datamodel.value.impl.ModifiableRecord
7789
RGL_VALUE_15862 class nl.tudelft.rdfgears.rgl.datamodel.value.impl.ModifiableRecord
7790
RGL_VALUE_15864 class nl.tudelft.rdfgears.rgl.datamodel.value.impl.ModifiableRecord
7791
RGL_VALUE_15866 class nl.tudelft.rdfgears.rgl.datamodel.value.impl.ModifiableRecord
7792
RGL_VALUE_15868 class nl.tudelft.rdfgears.rgl.datamodel.value.impl.ModifiableRecord
7793
RGL_VALUE_15870 class nl.tudelft.rdfgears.rgl.datamodel.value.impl.ModifiableRecord
7794
RGL_VALUE_15872 class nl.tudelft.rdfgears.rgl.datamodel.value.impl.ModifiableRecord
7795
RGL_VALUE_15874 class nl.tudelft.rdfgears.rgl.datamodel.value.impl.ModifiableRecord
7796
RGL_VALUE_15876 class nl.tudelft.rdfgears.rgl.datamodel.value.impl.ModifiableRecord
7797
RGL_VALUE_15878 class nl.tudelft.rdfgears.rgl.datamodel.value.impl.ModifiableRecord
7798
RGL_VALUE_15880 class nl.tudelft.rdfgears.rgl.datamodel.value.impl.ModifiableRecord
7799
RGL_VALUE_15882 class nl.tudelft.rdfgears.rgl.datamodel.value.impl.ModifiableRecord
7800
RGL_VALUE_15885 class nl.tudelft.rdfgears.rgl.datamodel.value.impl.ModifiableRecord
7801
RGL_VALUE_15887 class nl.tudelft.rdfgears.rgl.datamodel.value.impl.ModifiableRecord
7802
RGL_VALUE_15889 class nl.tudelft.rdfgears.rgl.datamodel.value.impl.ModifiableRecord
7803
RGL_VALUE_15891 class nl.tudelft.rdfgears.rgl.datamodel.value.impl.ModifiableRecord
7804
RGL_VALUE_15893 class nl.tudelft.rdfgears.rgl.datamodel.value.impl.ModifiableRecord
7805
RGL_VALUE_15895 class nl.tudelft.rdfgears.rgl.datamodel.value.impl.ModifiableRecord
7806
RGL_VALUE_15897 class nl.tudelft.rdfgears.rgl.datamodel.value.impl.ModifiableRecord
7807
RGL_VALUE_15899 class nl.tudelft.rdfgears.rgl.datamodel.value.impl.ModifiableRecord
7808
RGL_VALUE_15901 class nl.tudelft.rdfgears.rgl.datamodel.value.impl.ModifiableRecord
7809
RGL_VALUE_15903 class nl.tudelft.rdfgears.rgl.datamodel.value.impl.ModifiableRecord
7810
RGL_VALUE_15905 class nl.tudelft.rdfgears.rgl.datamodel.value.impl.ModifiableRecord
7811
RGL_VALUE_15907 class nl.tudelft.rdfgears.rgl.datamodel.value.impl.ModifiableRecord
7812
RGL_VALUE_15909 class nl.tudelft.rdfgears.rgl.datamodel.value.impl.ModifiableRecord
7813
RGL_VALUE_15911 class nl.tudelft.rdfgears.rgl.datamodel.value.impl.ModifiableRecord
7814
RGL_VALUE_15913 class nl.tudelft.rdfgears.rgl.datamodel.value.impl.ModifiableRecord
7815
RGL_VALUE_15915 class nl.tudelft.rdfgears.rgl.datamodel.value.impl.ModifiableRecord
7816
RGL_VALUE_15917 class nl.tudelft.rdfgears.rgl.datamodel.value.impl.ModifiableRecord
7817
RGL_VALUE_15919 class nl.tudelft.rdfgears.rgl.datamodel.value.impl.ModifiableRecord
7818
RGL_VALUE_15921 class nl.tudelft.rdfgears.rgl.datamodel.value.impl.ModifiableRecord
7819
RGL_VALUE_15923 class nl.tudelft.rdfgears.rgl.datamodel.value.impl.ModifiableRecord
7820
RGL_VALUE_15925 class nl.tudelft.rdfgears.rgl.datamodel.value.impl.ModifiableRecord
7821
RGL_VALUE_15927 class nl.tudelft.rdfgears.rgl.datamodel.value.impl.ModifiableRecord
7822
RGL_VALUE_15929 class nl.tudelft.rdfgears.rgl.datamodel.value.impl.ModifiableRecord
7823
RGL_VALUE_15931 class nl.tudelft.rdfgears.rgl.datamodel.value.impl.ModifiableRecord
7824
RGL_VALUE_15933 class nl.tudelft.rdfgears.rgl.datamodel.value.impl.ModifiableRecord
7825
RGL_VALUE_15935 class nl.tudelft.rdfgears.rgl.datamodel.value.impl.ModifiableRecord
7826
RGL_VALUE_15937 class nl.tudelft.rdfgears.rgl.datamodel.value.impl.ModifiableRecord
7827
RGL_VALUE_15939 class nl.tudelft.rdfgears.rgl.datamodel.value.impl.ModifiableRecord
7828
RGL_VALUE_15941 class nl.tudelft.rdfgears.rgl.datamodel.value.impl.ModifiableRecord
7829
RGL_VALUE_15943 class nl.tudelft.rdfgears.rgl.datamodel.value.impl.ModifiableRecord
7830
RGL_VALUE_15945 class nl.tudelft.rdfgears.rgl.datamodel.value.impl.ModifiableRecord
7831
RGL_VALUE_15947 class nl.tudelft.rdfgears.rgl.datamodel.value.impl.ModifiableRecord
7832
RGL_VALUE_15949 class nl.tudelft.rdfgears.rgl.datamodel.value.impl.ModifiableRecord
7833
RGL_VALUE_15951 class nl.tudelft.rdfgears.rgl.datamodel.value.impl.ModifiableRecord
7834
RGL_VALUE_15953 class nl.tudelft.rdfgears.rgl.datamodel.value.impl.ModifiableRecord
7835
RGL_VALUE_15955 class nl.tudelft.rdfgears.rgl.datamodel.value.impl.ModifiableRecord
7836
RGL_VALUE_15957 class nl.tudelft.rdfgears.rgl.datamodel.value.impl.ModifiableRecord
7837
RGL_VALUE_15959 class nl.tudelft.rdfgears.rgl.datamodel.value.impl.ModifiableRecord
7838
RGL_VALUE_15961 class nl.tudelft.rdfgears.rgl.datamodel.value.impl.ModifiableRecord
7839
RGL_VALUE_15963 class nl.tudelft.rdfgears.rgl.datamodel.value.impl.ModifiableRecord
7840
RGL_VALUE_15965 class nl.tudelft.rdfgears.rgl.datamodel.value.impl.ModifiableRecord
7841
RGL_VALUE_15967 class nl.tudelft.rdfgears.rgl.datamodel.value.impl.ModifiableRecord
7842
RGL_VALUE_15969 class nl.tudelft.rdfgears.rgl.datamodel.value.impl.ModifiableRecord
7843
RGL_VALUE_15971 class nl.tudelft.rdfgears.rgl.datamodel.value.impl.ModifiableRecord
7844
RGL_VALUE_15973 class nl.tudelft.rdfgears.rgl.datamodel.value.impl.ModifiableRecord
7845
RGL_VALUE_15975 class nl.tudelft.rdfgears.rgl.datamodel.value.impl.ModifiableRecord
7846
RGL_VALUE_15977 class nl.tudelft.rdfgears.rgl.datamodel.value.impl.ModifiableRecord
7847
RGL_VALUE_15979 class nl.tudelft.rdfgears.rgl.datamodel.value.impl.ModifiableRecord
7848
RGL_VALUE_15981 class nl.tudelft.rdfgears.rgl.datamodel.value.impl.ModifiableRecord
7849
RGL_VALUE_15983 class nl.tudelft.rdfgears.rgl.datamodel.value.impl.ModifiableRecord
7850
RGL_VALUE_15985 class nl.tudelft.rdfgears.rgl.datamodel.value.impl.ModifiableRecord
7851
RGL_VALUE_15987 class nl.tudelft.rdfgears.rgl.datamodel.value.impl.ModifiableRecord
7852
RGL_VALUE_15989 class nl.tudelft.rdfgears.rgl.datamodel.value.impl.ModifiableRecord
7853
RGL_VALUE_15991 class nl.tudelft.rdfgears.rgl.datamodel.value.impl.ModifiableRecord
7854
RGL_VALUE_15993 class nl.tudelft.rdfgears.rgl.datamodel.value.impl.ModifiableRecord
7855
RGL_VALUE_15995 class nl.tudelft.rdfgears.rgl.datamodel.value.impl.ModifiableRecord
7856
RGL_VALUE_15997 class nl.tudelft.rdfgears.rgl.datamodel.value.impl.ModifiableRecord
7857
RGL_VALUE_15999 class nl.tudelft.rdfgears.rgl.datamodel.value.impl.ModifiableRecord
7858
RGL_VALUE_16001 class nl.tudelft.rdfgears.rgl.datamodel.value.impl.ModifiableRecord
7859
RGL_VALUE_16003 class nl.tudelft.rdfgears.rgl.datamodel.value.impl.ModifiableRecord
7860
RGL_VALUE_16005 class nl.tudelft.rdfgears.rgl.datamodel.value.impl.ModifiableRecord
7861
RGL_VALUE_16007 class nl.tudelft.rdfgears.rgl.datamodel.value.impl.ModifiableRecord
7862
RGL_VALUE_16009 class nl.tudelft.rdfgears.rgl.datamodel.value.impl.ModifiableRecord
7863
RGL_VALUE_16011 class nl.tudelft.rdfgears.rgl.datamodel.value.impl.ModifiableRecord
7864
RGL_VALUE_16013 class nl.tudelft.rdfgears.rgl.datamodel.value.impl.ModifiableRecord
7865
RGL_VALUE_16015 class nl.tudelft.rdfgears.rgl.datamodel.value.impl.ModifiableRecord
7866
RGL_VALUE_16017 class nl.tudelft.rdfgears.rgl.datamodel.value.impl.ModifiableRecord
7867
RGL_VALUE_16019 class nl.tudelft.rdfgears.rgl.datamodel.value.impl.ModifiableRecord
7868
RGL_VALUE_16021 class nl.tudelft.rdfgears.rgl.datamodel.value.impl.ModifiableRecord
7869
RGL_VALUE_16023 class nl.tudelft.rdfgears.rgl.datamodel.value.impl.ModifiableRecord
7870
RGL_VALUE_16025 class nl.tudelft.rdfgears.rgl.datamodel.value.impl.ModifiableRecord
7871
RGL_VALUE_16027 class nl.tudelft.rdfgears.rgl.datamodel.value.impl.ModifiableRecord
7872
RGL_VALUE_16029 class nl.tudelft.rdfgears.rgl.datamodel.value.impl.ModifiableRecord
7873
RGL_VALUE_16031 class nl.tudelft.rdfgears.rgl.datamodel.value.impl.ModifiableRecord
7874
RGL_VALUE_16033 class nl.tudelft.rdfgears.rgl.datamodel.value.impl.ModifiableRecord
7875
RGL_VALUE_16035 class nl.tudelft.rdfgears.rgl.datamodel.value.impl.ModifiableRecord
7876
RGL_VALUE_16037 class nl.tudelft.rdfgears.rgl.datamodel.value.impl.ModifiableRecord
7877
RGL_VALUE_16039 class nl.tudelft.rdfgears.rgl.datamodel.value.impl.ModifiableRecord
7878
RGL_VALUE_16041 class nl.tudelft.rdfgears.rgl.datamodel.value.impl.ModifiableRecord
7879
RGL_VALUE_16043 class nl.tudelft.rdfgears.rgl.datamodel.value.impl.ModifiableRecord
7880
RGL_VALUE_16045 class nl.tudelft.rdfgears.rgl.datamodel.value.impl.ModifiableRecord
7881
RGL_VALUE_16047 class nl.tudelft.rdfgears.rgl.datamodel.value.impl.ModifiableRecord
7882
RGL_VALUE_16049 class nl.tudelft.rdfgears.rgl.datamodel.value.impl.ModifiableRecord
7883
RGL_VALUE_16051 class nl.tudelft.rdfgears.rgl.datamodel.value.impl.ModifiableRecord
7884
RGL_VALUE_16053 class nl.tudelft.rdfgears.rgl.datamodel.value.impl.ModifiableRecord
7885
RGL_VALUE_16055 class nl.tudelft.rdfgears.rgl.datamodel.value.impl.ModifiableRecord
7886
RGL_VALUE_16057 class nl.tudelft.rdfgears.rgl.datamodel.value.impl.ModifiableRecord
7887
RGL_VALUE_16059 class nl.tudelft.rdfgears.rgl.datamodel.value.impl.ModifiableRecord
7888
RGL_VALUE_16061 class nl.tudelft.rdfgears.rgl.datamodel.value.impl.ModifiableRecord
7889
RGL_VALUE_16063 class nl.tudelft.rdfgears.rgl.datamodel.value.impl.ModifiableRecord
7890
RGL_VALUE_16065 class nl.tudelft.rdfgears.rgl.datamodel.value.impl.ModifiableRecord
7891
RGL_VALUE_16067 class nl.tudelft.rdfgears.rgl.datamodel.value.impl.ModifiableRecord
7892
RGL_VALUE_16069 class nl.tudelft.rdfgears.rgl.datamodel.value.impl.ModifiableRecord
7893
RGL_VALUE_16071 class nl.tudelft.rdfgears.rgl.datamodel.value.impl.ModifiableRecord
7894
RGL_VALUE_16073 class nl.tudelft.rdfgears.rgl.datamodel.value.impl.ModifiableRecord
7895
RGL_VALUE_16075 class nl.tudelft.rdfgears.rgl.datamodel.value.impl.ModifiableRecord
7896
RGL_VALUE_16077 class nl.tudelft.rdfgears.rgl.datamodel.value.impl.ModifiableRecord
7897
RGL_VALUE_16079 class nl.tudelft.rdfgears.rgl.datamodel.value.impl.ModifiableRecord
7898
RGL_VALUE_16081 class nl.tudelft.rdfgears.rgl.datamodel.value.impl.ModifiableRecord
7899
RGL_VALUE_16083 class nl.tudelft.rdfgears.rgl.datamodel.value.impl.ModifiableRecord
7900
RGL_VALUE_16086 class nl.tudelft.rdfgears.rgl.datamodel.value.impl.ModifiableRecord
7901
RGL_VALUE_16088 class nl.tudelft.rdfgears.rgl.datamodel.value.impl.ModifiableRecord
7902
RGL_VALUE_16090 class nl.tudelft.rdfgears.rgl.datamodel.value.impl.ModifiableRecord
7903
RGL_VALUE_16092 class nl.tudelft.rdfgears.rgl.datamodel.value.impl.ModifiableRecord
7904
RGL_VALUE_16094 class nl.tudelft.rdfgears.rgl.datamodel.value.impl.ModifiableRecord
7905
RGL_VALUE_16096 class nl.tudelft.rdfgears.rgl.datamodel.value.impl.ModifiableRecord
7906
RGL_VALUE_16098 class nl.tudelft.rdfgears.rgl.datamodel.value.impl.ModifiableRecord
7907
RGL_VALUE_16100 class nl.tudelft.rdfgears.rgl.datamodel.value.impl.ModifiableRecord
7908
RGL_VALUE_16102 class nl.tudelft.rdfgears.rgl.datamodel.value.impl.ModifiableRecord
7909
RGL_VALUE_16104 class nl.tudelft.rdfgears.rgl.datamodel.value.impl.ModifiableRecord
7910
RGL_VALUE_16106 class nl.tudelft.rdfgears.rgl.datamodel.value.impl.ModifiableRecord
7911
RGL_VALUE_16108 class nl.tudelft.rdfgears.rgl.datamodel.value.impl.ModifiableRecord
7912
RGL_VALUE_16110 class nl.tudelft.rdfgears.rgl.datamodel.value.impl.ModifiableRecord
7913
RGL_VALUE_16112 class nl.tudelft.rdfgears.rgl.datamodel.value.impl.ModifiableRecord
7914
RGL_VALUE_16114 class nl.tudelft.rdfgears.rgl.datamodel.value.impl.ModifiableRecord
7915
RGL_VALUE_16116 class nl.tudelft.rdfgears.rgl.datamodel.value.impl.ModifiableRecord
7916
RGL_VALUE_16118 class nl.tudelft.rdfgears.rgl.datamodel.value.impl.ModifiableRecord
7917
RGL_VALUE_16120 class nl.tudelft.rdfgears.rgl.datamodel.value.impl.ModifiableRecord
7918
RGL_VALUE_16122 class nl.tudelft.rdfgears.rgl.datamodel.value.impl.ModifiableRecord
7919
RGL_VALUE_16124 class nl.tudelft.rdfgears.rgl.datamodel.value.impl.ModifiableRecord
7920
RGL_VALUE_16126 class nl.tudelft.rdfgears.rgl.datamodel.value.impl.ModifiableRecord
7921
RGL_VALUE_16128 class nl.tudelft.rdfgears.rgl.datamodel.value.impl.ModifiableRecord
7922
RGL_VALUE_16130 class nl.tudelft.rdfgears.rgl.datamodel.value.impl.ModifiableRecord
7923
RGL_VALUE_16132 class nl.tudelft.rdfgears.rgl.datamodel.value.impl.ModifiableRecord
7924
RGL_VALUE_16134 class nl.tudelft.rdfgears.rgl.datamodel.value.impl.ModifiableRecord
7925
RGL_VALUE_16136 class nl.tudelft.rdfgears.rgl.datamodel.value.impl.ModifiableRecord
7926
RGL_VALUE_16138 class nl.tudelft.rdfgears.rgl.datamodel.value.impl.ModifiableRecord
7927
RGL_VALUE_16140 class nl.tudelft.rdfgears.rgl.datamodel.value.impl.ModifiableRecord
7928
RGL_VALUE_16142 class nl.tudelft.rdfgears.rgl.datamodel.value.impl.ModifiableRecord
7929
RGL_VALUE_16144 class nl.tudelft.rdfgears.rgl.datamodel.value.impl.ModifiableRecord
7930
RGL_VALUE_16146 class nl.tudelft.rdfgears.rgl.datamodel.value.impl.ModifiableRecord
7931
RGL_VALUE_16148 class nl.tudelft.rdfgears.rgl.datamodel.value.impl.ModifiableRecord
7932
RGL_VALUE_16150 class nl.tudelft.rdfgears.rgl.datamodel.value.impl.ModifiableRecord
7933
RGL_VALUE_16152 class nl.tudelft.rdfgears.rgl.datamodel.value.impl.ModifiableRecord
7934
RGL_VALUE_16154 class nl.tudelft.rdfgears.rgl.datamodel.value.impl.ModifiableRecord
7935
RGL_VALUE_16156 class nl.tudelft.rdfgears.rgl.datamodel.value.impl.ModifiableRecord
7936
RGL_VALUE_16158 class nl.tudelft.rdfgears.rgl.datamodel.value.impl.ModifiableRecord
7937
RGL_VALUE_16160 class nl.tudelft.rdfgears.rgl.datamodel.value.impl.ModifiableRecord
7938
RGL_VALUE_16162 class nl.tudelft.rdfgears.rgl.datamodel.value.impl.ModifiableRecord
7939
RGL_VALUE_16164 class nl.tudelft.rdfgears.rgl.datamodel.value.impl.ModifiableRecord
7940
RGL_VALUE_16166 class nl.tudelft.rdfgears.rgl.datamodel.value.impl.ModifiableRecord
7941
RGL_VALUE_16168 class nl.tudelft.rdfgears.rgl.datamodel.value.impl.ModifiableRecord
7942
RGL_VALUE_16170 class nl.tudelft.rdfgears.rgl.datamodel.value.impl.ModifiableRecord
7943
RGL_VALUE_16172 class nl.tudelft.rdfgears.rgl.datamodel.value.impl.ModifiableRecord
7944
RGL_VALUE_16174 class nl.tudelft.rdfgears.rgl.datamodel.value.impl.ModifiableRecord
7945
RGL_VALUE_16176 class nl.tudelft.rdfgears.rgl.datamodel.value.impl.ModifiableRecord
7946
RGL_VALUE_16178 class nl.tudelft.rdfgears.rgl.datamodel.value.impl.ModifiableRecord
7947
RGL_VALUE_16180 class nl.tudelft.rdfgears.rgl.datamodel.value.impl.ModifiableRecord
7948
RGL_VALUE_16182 class nl.tudelft.rdfgears.rgl.datamodel.value.impl.ModifiableRecord
7949
RGL_VALUE_16184 class nl.tudelft.rdfgears.rgl.datamodel.value.impl.ModifiableRecord
7950
RGL_VALUE_16186 class nl.tudelft.rdfgears.rgl.datamodel.value.impl.ModifiableRecord
7951
RGL_VALUE_16188 class nl.tudelft.rdfgears.rgl.datamodel.value.impl.ModifiableRecord
7952
RGL_VALUE_16190 class nl.tudelft.rdfgears.rgl.datamodel.value.impl.ModifiableRecord
7953
RGL_VALUE_16192 class nl.tudelft.rdfgears.rgl.datamodel.value.impl.ModifiableRecord
7954
RGL_VALUE_16194 class nl.tudelft.rdfgears.rgl.datamodel.value.impl.ModifiableRecord
7955
RGL_VALUE_16196 class nl.tudelft.rdfgears.rgl.datamodel.value.impl.ModifiableRecord
7956
RGL_VALUE_16198 class nl.tudelft.rdfgears.rgl.datamodel.value.impl.ModifiableRecord
7957
RGL_VALUE_16200 class nl.tudelft.rdfgears.rgl.datamodel.value.impl.ModifiableRecord
7958
RGL_VALUE_16202 class nl.tudelft.rdfgears.rgl.datamodel.value.impl.ModifiableRecord
7959
RGL_VALUE_16204 class nl.tudelft.rdfgears.rgl.datamodel.value.impl.ModifiableRecord
7960
RGL_VALUE_16206 class nl.tudelft.rdfgears.rgl.datamodel.value.impl.ModifiableRecord
7961
RGL_VALUE_16208 class nl.tudelft.rdfgears.rgl.datamodel.value.impl.ModifiableRecord
7962
RGL_VALUE_16210 class nl.tudelft.rdfgears.rgl.datamodel.value.impl.ModifiableRecord
7963
RGL_VALUE_16212 class nl.tudelft.rdfgears.rgl.datamodel.value.impl.ModifiableRecord
7964
RGL_VALUE_16214 class nl.tudelft.rdfgears.rgl.datamodel.value.impl.ModifiableRecord
7965
RGL_VALUE_16216 class nl.tudelft.rdfgears.rgl.datamodel.value.impl.ModifiableRecord
7966
RGL_VALUE_16218 class nl.tudelft.rdfgears.rgl.datamodel.value.impl.ModifiableRecord
7967
RGL_VALUE_16220 class nl.tudelft.rdfgears.rgl.datamodel.value.impl.ModifiableRecord
7968
RGL_VALUE_16222 class nl.tudelft.rdfgears.rgl.datamodel.value.impl.ModifiableRecord
7969
RGL_VALUE_16224 class nl.tudelft.rdfgears.rgl.datamodel.value.impl.ModifiableRecord
7970
RGL_VALUE_16226 class nl.tudelft.rdfgears.rgl.datamodel.value.impl.ModifiableRecord
7971
RGL_VALUE_16228 class nl.tudelft.rdfgears.rgl.datamodel.value.impl.ModifiableRecord
7972
RGL_VALUE_16230 class nl.tudelft.rdfgears.rgl.datamodel.value.impl.ModifiableRecord
7973
RGL_VALUE_16232 class nl.tudelft.rdfgears.rgl.datamodel.value.impl.ModifiableRecord
7974
RGL_VALUE_16234 class nl.tudelft.rdfgears.rgl.datamodel.value.impl.ModifiableRecord
7975
RGL_VALUE_16236 class nl.tudelft.rdfgears.rgl.datamodel.value.impl.ModifiableRecord
7976
RGL_VALUE_16238 class nl.tudelft.rdfgears.rgl.datamodel.value.impl.ModifiableRecord
7977
RGL_VALUE_16240 class nl.tudelft.rdfgears.rgl.datamodel.value.impl.ModifiableRecord
7978
RGL_VALUE_16242 class nl.tudelft.rdfgears.rgl.datamodel.value.impl.ModifiableRecord
7979
RGL_VALUE_16244 class nl.tudelft.rdfgears.rgl.datamodel.value.impl.ModifiableRecord
7980
RGL_VALUE_16246 class nl.tudelft.rdfgears.rgl.datamodel.value.impl.ModifiableRecord
7981
RGL_VALUE_16248 class nl.tudelft.rdfgears.rgl.datamodel.value.impl.ModifiableRecord
7982
RGL_VALUE_16250 class nl.tudelft.rdfgears.rgl.datamodel.value.impl.ModifiableRecord
7983
RGL_VALUE_16252 class nl.tudelft.rdfgears.rgl.datamodel.value.impl.ModifiableRecord
7984
RGL_VALUE_16254 class nl.tudelft.rdfgears.rgl.datamodel.value.impl.ModifiableRecord
7985
RGL_VALUE_16256 class nl.tudelft.rdfgears.rgl.datamodel.value.impl.ModifiableRecord
7986
RGL_VALUE_16258 class nl.tudelft.rdfgears.rgl.datamodel.value.impl.ModifiableRecord
7987
RGL_VALUE_16260 class nl.tudelft.rdfgears.rgl.datamodel.value.impl.ModifiableRecord
7988
RGL_VALUE_16262 class nl.tudelft.rdfgears.rgl.datamodel.value.impl.ModifiableRecord
7989
RGL_VALUE_16264 class nl.tudelft.rdfgears.rgl.datamodel.value.impl.ModifiableRecord
7990
RGL_VALUE_16266 class nl.tudelft.rdfgears.rgl.datamodel.value.impl.ModifiableRecord
7991
RGL_VALUE_16268 class nl.tudelft.rdfgears.rgl.datamodel.value.impl.ModifiableRecord
7992
RGL_VALUE_16270 class nl.tudelft.rdfgears.rgl.datamodel.value.impl.ModifiableRecord
7993
RGL_VALUE_16272 class nl.tudelft.rdfgears.rgl.datamodel.value.impl.ModifiableRecord
7994
RGL_VALUE_16274 class nl.tudelft.rdfgears.rgl.datamodel.value.impl.ModifiableRecord
7995
RGL_VALUE_16276 class nl.tudelft.rdfgears.rgl.datamodel.value.impl.ModifiableRecord
7996
RGL_VALUE_16278 class nl.tudelft.rdfgears.rgl.datamodel.value.impl.ModifiableRecord
7997
RGL_VALUE_16280 class nl.tudelft.rdfgears.rgl.datamodel.value.impl.ModifiableRecord
7998
RGL_VALUE_16282 class nl.tudelft.rdfgears.rgl.datamodel.value.impl.ModifiableRecord
7999
RGL_VALUE_16284 class nl.tudelft.rdfgears.rgl.datamodel.value.impl.ModifiableRecord
8000
RGL_VALUE_16287 class nl.tudelft.rdfgears.rgl.datamodel.value.impl.ModifiableRecord
8001
RGL_VALUE_16289 class nl.tudelft.rdfgears.rgl.datamodel.value.impl.ModifiableRecord
8002
RGL_VALUE_16291 class nl.tudelft.rdfgears.rgl.datamodel.value.impl.ModifiableRecord
8003
RGL_VALUE_16293 class nl.tudelft.rdfgears.rgl.datamodel.value.impl.ModifiableRecord
8004
RGL_VALUE_16295 class nl.tudelft.rdfgears.rgl.datamodel.value.impl.ModifiableRecord
8005
RGL_VALUE_16297 class nl.tudelft.rdfgears.rgl.datamodel.value.impl.ModifiableRecord
8006
RGL_VALUE_16299 class nl.tudelft.rdfgears.rgl.datamodel.value.impl.ModifiableRecord
8007
RGL_VALUE_16301 class nl.tudelft.rdfgears.rgl.datamodel.value.impl.ModifiableRecord
8008
RGL_VALUE_16303 class nl.tudelft.rdfgears.rgl.datamodel.value.impl.ModifiableRecord
8009
RGL_VALUE_16305 class nl.tudelft.rdfgears.rgl.datamodel.value.impl.ModifiableRecord
8010
RGL_VALUE_16307 class nl.tudelft.rdfgears.rgl.datamodel.value.impl.ModifiableRecord
8011
RGL_VALUE_16309 class nl.tudelft.rdfgears.rgl.datamodel.value.impl.ModifiableRecord
8012
RGL_VALUE_16311 class nl.tudelft.rdfgears.rgl.datamodel.value.impl.ModifiableRecord
8013
RGL_VALUE_16313 class nl.tudelft.rdfgears.rgl.datamodel.value.impl.ModifiableRecord
8014
RGL_VALUE_16315 class nl.tudelft.rdfgears.rgl.datamodel.value.impl.ModifiableRecord
8015
RGL_VALUE_16317 class nl.tudelft.rdfgears.rgl.datamodel.value.impl.ModifiableRecord
8016
RGL_VALUE_16319 class nl.tudelft.rdfgears.rgl.datamodel.value.impl.ModifiableRecord
8017
RGL_VALUE_16321 class nl.tudelft.rdfgears.rgl.datamodel.value.impl.ModifiableRecord
8018
RGL_VALUE_16323 class nl.tudelft.rdfgears.rgl.datamodel.value.impl.ModifiableRecord
8019
RGL_VALUE_16325 class nl.tudelft.rdfgears.rgl.datamodel.value.impl.ModifiableRecord
8020
RGL_VALUE_16327 class nl.tudelft.rdfgears.rgl.datamodel.value.impl.ModifiableRecord
8021
RGL_VALUE_16329 class nl.tudelft.rdfgears.rgl.datamodel.value.impl.ModifiableRecord
8022
RGL_VALUE_16331 class nl.tudelft.rdfgears.rgl.datamodel.value.impl.ModifiableRecord
8023
RGL_VALUE_16333 class nl.tudelft.rdfgears.rgl.datamodel.value.impl.ModifiableRecord
8024
RGL_VALUE_16335 class nl.tudelft.rdfgears.rgl.datamodel.value.impl.ModifiableRecord
8025
RGL_VALUE_16337 class nl.tudelft.rdfgears.rgl.datamodel.value.impl.ModifiableRecord
8026
RGL_VALUE_16339 class nl.tudelft.rdfgears.rgl.datamodel.value.impl.ModifiableRecord
8027
RGL_VALUE_16341 class nl.tudelft.rdfgears.rgl.datamodel.value.impl.ModifiableRecord
8028
RGL_VALUE_16343 class nl.tudelft.rdfgears.rgl.datamodel.value.impl.ModifiableRecord
8029
RGL_VALUE_16345 class nl.tudelft.rdfgears.rgl.datamodel.value.impl.ModifiableRecord
8030
RGL_VALUE_16347 class nl.tudelft.rdfgears.rgl.datamodel.value.impl.ModifiableRecord
8031
RGL_VALUE_16349 class nl.tudelft.rdfgears.rgl.datamodel.value.impl.ModifiableRecord
8032
RGL_VALUE_16351 class nl.tudelft.rdfgears.rgl.datamodel.value.impl.ModifiableRecord
8033
RGL_VALUE_16353 class nl.tudelft.rdfgears.rgl.datamodel.value.impl.ModifiableRecord
8034
RGL_VALUE_16355 class nl.tudelft.rdfgears.rgl.datamodel.value.impl.ModifiableRecord
8035
RGL_VALUE_16357 class nl.tudelft.rdfgears.rgl.datamodel.value.impl.ModifiableRecord
8036
RGL_VALUE_16359 class nl.tudelft.rdfgears.rgl.datamodel.value.impl.ModifiableRecord
8037
RGL_VALUE_16361 class nl.tudelft.rdfgears.rgl.datamodel.value.impl.ModifiableRecord
8038
RGL_VALUE_16363 class nl.tudelft.rdfgears.rgl.datamodel.value.impl.ModifiableRecord
8039
RGL_VALUE_16365 class nl.tudelft.rdfgears.rgl.datamodel.value.impl.ModifiableRecord
8040
RGL_VALUE_16367 class nl.tudelft.rdfgears.rgl.datamodel.value.impl.ModifiableRecord
8041
RGL_VALUE_16369 class nl.tudelft.rdfgears.rgl.datamodel.value.impl.ModifiableRecord
8042
RGL_VALUE_16371 class nl.tudelft.rdfgears.rgl.datamodel.value.impl.ModifiableRecord
8043
RGL_VALUE_16373 class nl.tudelft.rdfgears.rgl.datamodel.value.impl.ModifiableRecord
8044
RGL_VALUE_16375 class nl.tudelft.rdfgears.rgl.datamodel.value.impl.ModifiableRecord
8045
RGL_VALUE_16377 class nl.tudelft.rdfgears.rgl.datamodel.value.impl.ModifiableRecord
8046
RGL_VALUE_16379 class nl.tudelft.rdfgears.rgl.datamodel.value.impl.ModifiableRecord
8047
RGL_VALUE_16381 class nl.tudelft.rdfgears.rgl.datamodel.value.impl.ModifiableRecord
8048
RGL_VALUE_16383 class nl.tudelft.rdfgears.rgl.datamodel.value.impl.ModifiableRecord
8049
RGL_VALUE_16385 class nl.tudelft.rdfgears.rgl.datamodel.value.impl.ModifiableRecord
8050
RGL_VALUE_16387 class nl.tudelft.rdfgears.rgl.datamodel.value.impl.ModifiableRecord
8051
RGL_VALUE_16389 class nl.tudelft.rdfgears.rgl.datamodel.value.impl.ModifiableRecord
8052
RGL_VALUE_16391 class nl.tudelft.rdfgears.rgl.datamodel.value.impl.ModifiableRecord
8053
RGL_VALUE_16393 class nl.tudelft.rdfgears.rgl.datamodel.value.impl.ModifiableRecord
8054
RGL_VALUE_16395 class nl.tudelft.rdfgears.rgl.datamodel.value.impl.ModifiableRecord
8055
RGL_VALUE_16397 class nl.tudelft.rdfgears.rgl.datamodel.value.impl.ModifiableRecord
8056
RGL_VALUE_16399 class nl.tudelft.rdfgears.rgl.datamodel.value.impl.ModifiableRecord
8057
RGL_VALUE_16401 class nl.tudelft.rdfgears.rgl.datamodel.value.impl.ModifiableRecord
8058
RGL_VALUE_16403 class nl.tudelft.rdfgears.rgl.datamodel.value.impl.ModifiableRecord
8059
RGL_VALUE_16405 class nl.tudelft.rdfgears.rgl.datamodel.value.impl.ModifiableRecord
8060
RGL_VALUE_16407 class nl.tudelft.rdfgears.rgl.datamodel.value.impl.ModifiableRecord
8061
RGL_VALUE_16409 class nl.tudelft.rdfgears.rgl.datamodel.value.impl.ModifiableRecord
8062
RGL_VALUE_16411 class nl.tudelft.rdfgears.rgl.datamodel.value.impl.ModifiableRecord
8063
RGL_VALUE_16413 class nl.tudelft.rdfgears.rgl.datamodel.value.impl.ModifiableRecord
8064
RGL_VALUE_16415 class nl.tudelft.rdfgears.rgl.datamodel.value.impl.ModifiableRecord
8065
RGL_VALUE_16417 class nl.tudelft.rdfgears.rgl.datamodel.value.impl.ModifiableRecord
8066
RGL_VALUE_16419 class nl.tudelft.rdfgears.rgl.datamodel.value.impl.ModifiableRecord
8067
RGL_VALUE_16421 class nl.tudelft.rdfgears.rgl.datamodel.value.impl.ModifiableRecord
8068
RGL_VALUE_16423 class nl.tudelft.rdfgears.rgl.datamodel.value.impl.ModifiableRecord
8069
RGL_VALUE_16425 class nl.tudelft.rdfgears.rgl.datamodel.value.impl.ModifiableRecord
8070
RGL_VALUE_16427 class nl.tudelft.rdfgears.rgl.datamodel.value.impl.ModifiableRecord
8071
RGL_VALUE_16429 class nl.tudelft.rdfgears.rgl.datamodel.value.impl.ModifiableRecord
8072
RGL_VALUE_16431 class nl.tudelft.rdfgears.rgl.datamodel.value.impl.ModifiableRecord
8073
RGL_VALUE_16433 class nl.tudelft.rdfgears.rgl.datamodel.value.impl.ModifiableRecord
8074
RGL_VALUE_16435 class nl.tudelft.rdfgears.rgl.datamodel.value.impl.ModifiableRecord
8075
RGL_VALUE_16437 class nl.tudelft.rdfgears.rgl.datamodel.value.impl.ModifiableRecord
8076
RGL_VALUE_16439 class nl.tudelft.rdfgears.rgl.datamodel.value.impl.ModifiableRecord
8077
RGL_VALUE_16441 class nl.tudelft.rdfgears.rgl.datamodel.value.impl.ModifiableRecord
8078
RGL_VALUE_16443 class nl.tudelft.rdfgears.rgl.datamodel.value.impl.ModifiableRecord
8079
RGL_VALUE_16445 class nl.tudelft.rdfgears.rgl.datamodel.value.impl.ModifiableRecord
8080
RGL_VALUE_16447 class nl.tudelft.rdfgears.rgl.datamodel.value.impl.ModifiableRecord
8081
RGL_VALUE_16449 class nl.tudelft.rdfgears.rgl.datamodel.value.impl.ModifiableRecord
8082
RGL_VALUE_16451 class nl.tudelft.rdfgears.rgl.datamodel.value.impl.ModifiableRecord
8083
RGL_VALUE_16453 class nl.tudelft.rdfgears.rgl.datamodel.value.impl.ModifiableRecord
8084
RGL_VALUE_16455 class nl.tudelft.rdfgears.rgl.datamodel.value.impl.ModifiableRecord
8085
RGL_VALUE_16457 class nl.tudelft.rdfgears.rgl.datamodel.value.impl.ModifiableRecord
8086
RGL_VALUE_16459 class nl.tudelft.rdfgears.rgl.datamodel.value.impl.ModifiableRecord
8087
RGL_VALUE_16461 class nl.tudelft.rdfgears.rgl.datamodel.value.impl.ModifiableRecord
8088
RGL_VALUE_16463 class nl.tudelft.rdfgears.rgl.datamodel.value.impl.ModifiableRecord
8089
RGL_VALUE_16465 class nl.tudelft.rdfgears.rgl.datamodel.value.impl.ModifiableRecord
8090
RGL_VALUE_16467 class nl.tudelft.rdfgears.rgl.datamodel.value.impl.ModifiableRecord
8091
RGL_VALUE_16469 class nl.tudelft.rdfgears.rgl.datamodel.value.impl.ModifiableRecord
8092
RGL_VALUE_16471 class nl.tudelft.rdfgears.rgl.datamodel.value.impl.ModifiableRecord
8093
RGL_VALUE_16473 class nl.tudelft.rdfgears.rgl.datamodel.value.impl.ModifiableRecord
8094
RGL_VALUE_16475 class nl.tudelft.rdfgears.rgl.datamodel.value.impl.ModifiableRecord
8095
RGL_VALUE_16477 class nl.tudelft.rdfgears.rgl.datamodel.value.impl.ModifiableRecord
8096
RGL_VALUE_16479 class nl.tudelft.rdfgears.rgl.datamodel.value.impl.ModifiableRecord
8097
RGL_VALUE_16481 class nl.tudelft.rdfgears.rgl.datamodel.value.impl.ModifiableRecord
8098
RGL_VALUE_16483 class nl.tudelft.rdfgears.rgl.datamodel.value.impl.ModifiableRecord
8099
RGL_VALUE_16485 class nl.tudelft.rdfgears.rgl.datamodel.value.impl.ModifiableRecord
8100
RGL_VALUE_16488 class nl.tudelft.rdfgears.rgl.datamodel.value.impl.ModifiableRecord
8101
RGL_VALUE_16490 class nl.tudelft.rdfgears.rgl.datamodel.value.impl.ModifiableRecord
8102
RGL_VALUE_16492 class nl.tudelft.rdfgears.rgl.datamodel.value.impl.ModifiableRecord
8103
RGL_VALUE_16494 class nl.tudelft.rdfgears.rgl.datamodel.value.impl.ModifiableRecord
8104
RGL_VALUE_16496 class nl.tudelft.rdfgears.rgl.datamodel.value.impl.ModifiableRecord
8105
RGL_VALUE_16498 class nl.tudelft.rdfgears.rgl.datamodel.value.impl.ModifiableRecord
8106
RGL_VALUE_16500 class nl.tudelft.rdfgears.rgl.datamodel.value.impl.ModifiableRecord
8107
RGL_VALUE_16502 class nl.tudelft.rdfgears.rgl.datamodel.value.impl.ModifiableRecord
8108
RGL_VALUE_16504 class nl.tudelft.rdfgears.rgl.datamodel.value.impl.ModifiableRecord
8109
RGL_VALUE_16506 class nl.tudelft.rdfgears.rgl.datamodel.value.impl.ModifiableRecord
8110
RGL_VALUE_16508 class nl.tudelft.rdfgears.rgl.datamodel.value.impl.ModifiableRecord
8111
RGL_VALUE_16510 class nl.tudelft.rdfgears.rgl.datamodel.value.impl.ModifiableRecord
8112
RGL_VALUE_16512 class nl.tudelft.rdfgears.rgl.datamodel.value.impl.ModifiableRecord
8113
RGL_VALUE_16514 class nl.tudelft.rdfgears.rgl.datamodel.value.impl.ModifiableRecord
8114
RGL_VALUE_16516 class nl.tudelft.rdfgears.rgl.datamodel.value.impl.ModifiableRecord
8115
RGL_VALUE_16518 class nl.tudelft.rdfgears.rgl.datamodel.value.impl.ModifiableRecord
8116
RGL_VALUE_16520 class nl.tudelft.rdfgears.rgl.datamodel.value.impl.ModifiableRecord
8117
RGL_VALUE_16522 class nl.tudelft.rdfgears.rgl.datamodel.value.impl.ModifiableRecord
8118
RGL_VALUE_16524 class nl.tudelft.rdfgears.rgl.datamodel.value.impl.ModifiableRecord
8119
RGL_VALUE_16526 class nl.tudelft.rdfgears.rgl.datamodel.value.impl.ModifiableRecord
8120
RGL_VALUE_16528 class nl.tudelft.rdfgears.rgl.datamodel.value.impl.ModifiableRecord
8121
RGL_VALUE_16530 class nl.tudelft.rdfgears.rgl.datamodel.value.impl.ModifiableRecord
8122
RGL_VALUE_16532 class nl.tudelft.rdfgears.rgl.datamodel.value.impl.ModifiableRecord
8123
RGL_VALUE_16534 class nl.tudelft.rdfgears.rgl.datamodel.value.impl.ModifiableRecord
8124
RGL_VALUE_16536 class nl.tudelft.rdfgears.rgl.datamodel.value.impl.ModifiableRecord
8125
RGL_VALUE_16538 class nl.tudelft.rdfgears.rgl.datamodel.value.impl.ModifiableRecord
8126
RGL_VALUE_16540 class nl.tudelft.rdfgears.rgl.datamodel.value.impl.ModifiableRecord
8127
RGL_VALUE_16542 class nl.tudelft.rdfgears.rgl.datamodel.value.impl.ModifiableRecord
8128
RGL_VALUE_16544 class nl.tudelft.rdfgears.rgl.datamodel.value.impl.ModifiableRecord
8129
RGL_VALUE_16546 class nl.tudelft.rdfgears.rgl.datamodel.value.impl.ModifiableRecord
8130
RGL_VALUE_16548 class nl.tudelft.rdfgears.rgl.datamodel.value.impl.ModifiableRecord
8131
RGL_VALUE_16550 class nl.tudelft.rdfgears.rgl.datamodel.value.impl.ModifiableRecord
8132
RGL_VALUE_16552 class nl.tudelft.rdfgears.rgl.datamodel.value.impl.ModifiableRecord
8133
RGL_VALUE_16554 class nl.tudelft.rdfgears.rgl.datamodel.value.impl.ModifiableRecord
8134
RGL_VALUE_16556 class nl.tudelft.rdfgears.rgl.datamodel.value.impl.ModifiableRecord
8135
RGL_VALUE_16558 class nl.tudelft.rdfgears.rgl.datamodel.value.impl.ModifiableRecord
8136
RGL_VALUE_16560 class nl.tudelft.rdfgears.rgl.datamodel.value.impl.ModifiableRecord
8137
RGL_VALUE_16562 class nl.tudelft.rdfgears.rgl.datamodel.value.impl.ModifiableRecord
8138
RGL_VALUE_16564 class nl.tudelft.rdfgears.rgl.datamodel.value.impl.ModifiableRecord
8139
RGL_VALUE_16566 class nl.tudelft.rdfgears.rgl.datamodel.value.impl.ModifiableRecord
8140
RGL_VALUE_16568 class nl.tudelft.rdfgears.rgl.datamodel.value.impl.ModifiableRecord
8141
RGL_VALUE_16570 class nl.tudelft.rdfgears.rgl.datamodel.value.impl.ModifiableRecord
8142
RGL_VALUE_16572 class nl.tudelft.rdfgears.rgl.datamodel.value.impl.ModifiableRecord
8143
RGL_VALUE_16574 class nl.tudelft.rdfgears.rgl.datamodel.value.impl.ModifiableRecord
8144
RGL_VALUE_16576 class nl.tudelft.rdfgears.rgl.datamodel.value.impl.ModifiableRecord
8145
RGL_VALUE_16578 class nl.tudelft.rdfgears.rgl.datamodel.value.impl.ModifiableRecord
8146
RGL_VALUE_16580 class nl.tudelft.rdfgears.rgl.datamodel.value.impl.ModifiableRecord
8147
RGL_VALUE_16582 class nl.tudelft.rdfgears.rgl.datamodel.value.impl.ModifiableRecord
8148
RGL_VALUE_16584 class nl.tudelft.rdfgears.rgl.datamodel.value.impl.ModifiableRecord
8149
RGL_VALUE_16586 class nl.tudelft.rdfgears.rgl.datamodel.value.impl.ModifiableRecord
8150
RGL_VALUE_16588 class nl.tudelft.rdfgears.rgl.datamodel.value.impl.ModifiableRecord
8151
RGL_VALUE_16590 class nl.tudelft.rdfgears.rgl.datamodel.value.impl.ModifiableRecord
8152
RGL_VALUE_16592 class nl.tudelft.rdfgears.rgl.datamodel.value.impl.ModifiableRecord
8153
RGL_VALUE_16594 class nl.tudelft.rdfgears.rgl.datamodel.value.impl.ModifiableRecord
8154
RGL_VALUE_16596 class nl.tudelft.rdfgears.rgl.datamodel.value.impl.ModifiableRecord
8155
RGL_VALUE_16598 class nl.tudelft.rdfgears.rgl.datamodel.value.impl.ModifiableRecord
8156
RGL_VALUE_16600 class nl.tudelft.rdfgears.rgl.datamodel.value.impl.ModifiableRecord
8157
RGL_VALUE_16602 class nl.tudelft.rdfgears.rgl.datamodel.value.impl.ModifiableRecord
8158
RGL_VALUE_16604 class nl.tudelft.rdfgears.rgl.datamodel.value.impl.ModifiableRecord
8159
RGL_VALUE_16606 class nl.tudelft.rdfgears.rgl.datamodel.value.impl.ModifiableRecord
8160
RGL_VALUE_16608 class nl.tudelft.rdfgears.rgl.datamodel.value.impl.ModifiableRecord
8161
RGL_VALUE_16610 class nl.tudelft.rdfgears.rgl.datamodel.value.impl.ModifiableRecord
8162
RGL_VALUE_16612 class nl.tudelft.rdfgears.rgl.datamodel.value.impl.ModifiableRecord
8163
RGL_VALUE_16614 class nl.tudelft.rdfgears.rgl.datamodel.value.impl.ModifiableRecord
8164
RGL_VALUE_16616 class nl.tudelft.rdfgears.rgl.datamodel.value.impl.ModifiableRecord
8165
RGL_VALUE_16618 class nl.tudelft.rdfgears.rgl.datamodel.value.impl.ModifiableRecord
8166
RGL_VALUE_16620 class nl.tudelft.rdfgears.rgl.datamodel.value.impl.ModifiableRecord
8167
RGL_VALUE_16622 class nl.tudelft.rdfgears.rgl.datamodel.value.impl.ModifiableRecord
8168
RGL_VALUE_16624 class nl.tudelft.rdfgears.rgl.datamodel.value.impl.ModifiableRecord
8169
RGL_VALUE_16626 class nl.tudelft.rdfgears.rgl.datamodel.value.impl.ModifiableRecord
8170
RGL_VALUE_16628 class nl.tudelft.rdfgears.rgl.datamodel.value.impl.ModifiableRecord
8171
RGL_VALUE_16630 class nl.tudelft.rdfgears.rgl.datamodel.value.impl.ModifiableRecord
8172
RGL_VALUE_16632 class nl.tudelft.rdfgears.rgl.datamodel.value.impl.ModifiableRecord
8173
RGL_VALUE_16634 class nl.tudelft.rdfgears.rgl.datamodel.value.impl.ModifiableRecord
8174
RGL_VALUE_16636 class nl.tudelft.rdfgears.rgl.datamodel.value.impl.ModifiableRecord
8175
RGL_VALUE_16638 class nl.tudelft.rdfgears.rgl.datamodel.value.impl.ModifiableRecord
8176
RGL_VALUE_16640 class nl.tudelft.rdfgears.rgl.datamodel.value.impl.ModifiableRecord
8177
RGL_VALUE_16642 class nl.tudelft.rdfgears.rgl.datamodel.value.impl.ModifiableRecord
8178
RGL_VALUE_16644 class nl.tudelft.rdfgears.rgl.datamodel.value.impl.ModifiableRecord
8179
RGL_VALUE_16646 class nl.tudelft.rdfgears.rgl.datamodel.value.impl.ModifiableRecord
8180
RGL_VALUE_16648 class nl.tudelft.rdfgears.rgl.datamodel.value.impl.ModifiableRecord
8181
RGL_VALUE_16650 class nl.tudelft.rdfgears.rgl.datamodel.value.impl.ModifiableRecord
8182
RGL_VALUE_16652 class nl.tudelft.rdfgears.rgl.datamodel.value.impl.ModifiableRecord
8183
RGL_VALUE_16654 class nl.tudelft.rdfgears.rgl.datamodel.value.impl.ModifiableRecord
8184
RGL_VALUE_16656 class nl.tudelft.rdfgears.rgl.datamodel.value.impl.ModifiableRecord
8185
RGL_VALUE_16658 class nl.tudelft.rdfgears.rgl.datamodel.value.impl.ModifiableRecord
8186
RGL_VALUE_16660 class nl.tudelft.rdfgears.rgl.datamodel.value.impl.ModifiableRecord
8187
RGL_VALUE_16662 class nl.tudelft.rdfgears.rgl.datamodel.value.impl.ModifiableRecord
8188
RGL_VALUE_16664 class nl.tudelft.rdfgears.rgl.datamodel.value.impl.ModifiableRecord
8189
RGL_VALUE_16666 class nl.tudelft.rdfgears.rgl.datamodel.value.impl.ModifiableRecord
8190
RGL_VALUE_16668 class nl.tudelft.rdfgears.rgl.datamodel.value.impl.ModifiableRecord
8191
RGL_VALUE_16670 class nl.tudelft.rdfgears.rgl.datamodel.value.impl.ModifiableRecord
8192
RGL_VALUE_16672 class nl.tudelft.rdfgears.rgl.datamodel.value.impl.ModifiableRecord
8193
RGL_VALUE_16674 class nl.tudelft.rdfgears.rgl.datamodel.value.impl.ModifiableRecord
8194
RGL_VALUE_16676 class nl.tudelft.rdfgears.rgl.datamodel.value.impl.ModifiableRecord
8195
RGL_VALUE_16678 class nl.tudelft.rdfgears.rgl.datamodel.value.impl.ModifiableRecord
8196
RGL_VALUE_16680 class nl.tudelft.rdfgears.rgl.datamodel.value.impl.ModifiableRecord
8197
RGL_VALUE_16682 class nl.tudelft.rdfgears.rgl.datamodel.value.impl.ModifiableRecord
8198
RGL_VALUE_16684 class nl.tudelft.rdfgears.rgl.datamodel.value.impl.ModifiableRecord
8199
RGL_VALUE_16686 class nl.tudelft.rdfgears.rgl.datamodel.value.impl.ModifiableRecord
8200
RGL_VALUE_16689 class nl.tudelft.rdfgears.rgl.datamodel.value.impl.ModifiableRecord
8201
RGL_VALUE_16691 class nl.tudelft.rdfgears.rgl.datamodel.value.impl.ModifiableRecord
8202
RGL_VALUE_16693 class nl.tudelft.rdfgears.rgl.datamodel.value.impl.ModifiableRecord
8203
RGL_VALUE_16695 class nl.tudelft.rdfgears.rgl.datamodel.value.impl.ModifiableRecord
8204
RGL_VALUE_16697 class nl.tudelft.rdfgears.rgl.datamodel.value.impl.ModifiableRecord
8205
RGL_VALUE_16699 class nl.tudelft.rdfgears.rgl.datamodel.value.impl.ModifiableRecord
8206
RGL_VALUE_16701 class nl.tudelft.rdfgears.rgl.datamodel.value.impl.ModifiableRecord
8207
RGL_VALUE_16703 class nl.tudelft.rdfgears.rgl.datamodel.value.impl.ModifiableRecord
8208
RGL_VALUE_16705 class nl.tudelft.rdfgears.rgl.datamodel.value.impl.ModifiableRecord
8209
RGL_VALUE_16707 class nl.tudelft.rdfgears.rgl.datamodel.value.impl.ModifiableRecord
8210
RGL_VALUE_16709 class nl.tudelft.rdfgears.rgl.datamodel.value.impl.ModifiableRecord
8211
RGL_VALUE_16711 class nl.tudelft.rdfgears.rgl.datamodel.value.impl.ModifiableRecord
8212
RGL_VALUE_16713 class nl.tudelft.rdfgears.rgl.datamodel.value.impl.ModifiableRecord
8213
RGL_VALUE_16715 class nl.tudelft.rdfgears.rgl.datamodel.value.impl.ModifiableRecord
8214
RGL_VALUE_16717 class nl.tudelft.rdfgears.rgl.datamodel.value.impl.ModifiableRecord
8215
RGL_VALUE_16719 class nl.tudelft.rdfgears.rgl.datamodel.value.impl.ModifiableRecord
8216
RGL_VALUE_16721 class nl.tudelft.rdfgears.rgl.datamodel.value.impl.ModifiableRecord
8217
RGL_VALUE_16723 class nl.tudelft.rdfgears.rgl.datamodel.value.impl.ModifiableRecord
8218
RGL_VALUE_16725 class nl.tudelft.rdfgears.rgl.datamodel.value.impl.ModifiableRecord
8219
RGL_VALUE_16727 class nl.tudelft.rdfgears.rgl.datamodel.value.impl.ModifiableRecord
8220
RGL_VALUE_16729 class nl.tudelft.rdfgears.rgl.datamodel.value.impl.ModifiableRecord
8221
RGL_VALUE_16731 class nl.tudelft.rdfgears.rgl.datamodel.value.impl.ModifiableRecord
8222
RGL_VALUE_16733 class nl.tudelft.rdfgears.rgl.datamodel.value.impl.ModifiableRecord
8223
RGL_VALUE_16735 class nl.tudelft.rdfgears.rgl.datamodel.value.impl.ModifiableRecord
8224
RGL_VALUE_16737 class nl.tudelft.rdfgears.rgl.datamodel.value.impl.ModifiableRecord
8225
RGL_VALUE_16739 class nl.tudelft.rdfgears.rgl.datamodel.value.impl.ModifiableRecord
8226
RGL_VALUE_16741 class nl.tudelft.rdfgears.rgl.datamodel.value.impl.ModifiableRecord
8227
RGL_VALUE_16743 class nl.tudelft.rdfgears.rgl.datamodel.value.impl.ModifiableRecord
8228
RGL_VALUE_16745 class nl.tudelft.rdfgears.rgl.datamodel.value.impl.ModifiableRecord
8229
RGL_VALUE_16747 class nl.tudelft.rdfgears.rgl.datamodel.value.impl.ModifiableRecord
8230
RGL_VALUE_16749 class nl.tudelft.rdfgears.rgl.datamodel.value.impl.ModifiableRecord
8231
RGL_VALUE_16751 class nl.tudelft.rdfgears.rgl.datamodel.value.impl.ModifiableRecord
8232
RGL_VALUE_16753 class nl.tudelft.rdfgears.rgl.datamodel.value.impl.ModifiableRecord
8233
RGL_VALUE_16755 class nl.tudelft.rdfgears.rgl.datamodel.value.impl.ModifiableRecord
8234
RGL_VALUE_16757 class nl.tudelft.rdfgears.rgl.datamodel.value.impl.ModifiableRecord
8235
RGL_VALUE_16759 class nl.tudelft.rdfgears.rgl.datamodel.value.impl.ModifiableRecord
8236
RGL_VALUE_16761 class nl.tudelft.rdfgears.rgl.datamodel.value.impl.ModifiableRecord
8237
RGL_VALUE_16763 class nl.tudelft.rdfgears.rgl.datamodel.value.impl.ModifiableRecord
8238
RGL_VALUE_16765 class nl.tudelft.rdfgears.rgl.datamodel.value.impl.ModifiableRecord
8239
RGL_VALUE_16767 class nl.tudelft.rdfgears.rgl.datamodel.value.impl.ModifiableRecord
8240
RGL_VALUE_16769 class nl.tudelft.rdfgears.rgl.datamodel.value.impl.ModifiableRecord
8241
RGL_VALUE_16771 class nl.tudelft.rdfgears.rgl.datamodel.value.impl.ModifiableRecord
8242
RGL_VALUE_16773 class nl.tudelft.rdfgears.rgl.datamodel.value.impl.ModifiableRecord
8243
RGL_VALUE_16775 class nl.tudelft.rdfgears.rgl.datamodel.value.impl.ModifiableRecord
8244
RGL_VALUE_16777 class nl.tudelft.rdfgears.rgl.datamodel.value.impl.ModifiableRecord
8245
RGL_VALUE_16779 class nl.tudelft.rdfgears.rgl.datamodel.value.impl.ModifiableRecord
8246
RGL_VALUE_16781 class nl.tudelft.rdfgears.rgl.datamodel.value.impl.ModifiableRecord
8247
RGL_VALUE_16783 class nl.tudelft.rdfgears.rgl.datamodel.value.impl.ModifiableRecord
8248
RGL_VALUE_16785 class nl.tudelft.rdfgears.rgl.datamodel.value.impl.ModifiableRecord
8249
RGL_VALUE_16787 class nl.tudelft.rdfgears.rgl.datamodel.value.impl.ModifiableRecord
8250
RGL_VALUE_16789 class nl.tudelft.rdfgears.rgl.datamodel.value.impl.ModifiableRecord
8251
RGL_VALUE_16791 class nl.tudelft.rdfgears.rgl.datamodel.value.impl.ModifiableRecord
8252
RGL_VALUE_16793 class nl.tudelft.rdfgears.rgl.datamodel.value.impl.ModifiableRecord
8253
RGL_VALUE_16795 class nl.tudelft.rdfgears.rgl.datamodel.value.impl.ModifiableRecord
8254
RGL_VALUE_16797 class nl.tudelft.rdfgears.rgl.datamodel.value.impl.ModifiableRecord
8255
RGL_VALUE_16799 class nl.tudelft.rdfgears.rgl.datamodel.value.impl.ModifiableRecord
8256
RGL_VALUE_16801 class nl.tudelft.rdfgears.rgl.datamodel.value.impl.ModifiableRecord
8257
RGL_VALUE_16803 class nl.tudelft.rdfgears.rgl.datamodel.value.impl.ModifiableRecord
8258
RGL_VALUE_16805 class nl.tudelft.rdfgears.rgl.datamodel.value.impl.ModifiableRecord
8259
RGL_VALUE_16807 class nl.tudelft.rdfgears.rgl.datamodel.value.impl.ModifiableRecord
8260
RGL_VALUE_16809 class nl.tudelft.rdfgears.rgl.datamodel.value.impl.ModifiableRecord
8261
RGL_VALUE_16811 class nl.tudelft.rdfgears.rgl.datamodel.value.impl.ModifiableRecord
8262
RGL_VALUE_16813 class nl.tudelft.rdfgears.rgl.datamodel.value.impl.ModifiableRecord
8263
RGL_VALUE_16815 class nl.tudelft.rdfgears.rgl.datamodel.value.impl.ModifiableRecord
8264
RGL_VALUE_16817 class nl.tudelft.rdfgears.rgl.datamodel.value.impl.ModifiableRecord
8265
RGL_VALUE_16819 class nl.tudelft.rdfgears.rgl.datamodel.value.impl.ModifiableRecord
8266
RGL_VALUE_16821 class nl.tudelft.rdfgears.rgl.datamodel.value.impl.ModifiableRecord
8267
RGL_VALUE_16823 class nl.tudelft.rdfgears.rgl.datamodel.value.impl.ModifiableRecord
8268
RGL_VALUE_16825 class nl.tudelft.rdfgears.rgl.datamodel.value.impl.ModifiableRecord
8269
RGL_VALUE_16827 class nl.tudelft.rdfgears.rgl.datamodel.value.impl.ModifiableRecord
8270
RGL_VALUE_16829 class nl.tudelft.rdfgears.rgl.datamodel.value.impl.ModifiableRecord
8271
RGL_VALUE_16831 class nl.tudelft.rdfgears.rgl.datamodel.value.impl.ModifiableRecord
8272
RGL_VALUE_16833 class nl.tudelft.rdfgears.rgl.datamodel.value.impl.ModifiableRecord
8273
RGL_VALUE_16835 class nl.tudelft.rdfgears.rgl.datamodel.value.impl.ModifiableRecord
8274
RGL_VALUE_16837 class nl.tudelft.rdfgears.rgl.datamodel.value.impl.ModifiableRecord
8275
RGL_VALUE_16839 class nl.tudelft.rdfgears.rgl.datamodel.value.impl.ModifiableRecord
8276
RGL_VALUE_16841 class nl.tudelft.rdfgears.rgl.datamodel.value.impl.ModifiableRecord
8277
RGL_VALUE_16843 class nl.tudelft.rdfgears.rgl.datamodel.value.impl.ModifiableRecord
8278
RGL_VALUE_16845 class nl.tudelft.rdfgears.rgl.datamodel.value.impl.ModifiableRecord
8279
RGL_VALUE_16847 class nl.tudelft.rdfgears.rgl.datamodel.value.impl.ModifiableRecord
8280
RGL_VALUE_16849 class nl.tudelft.rdfgears.rgl.datamodel.value.impl.ModifiableRecord
8281
RGL_VALUE_16851 class nl.tudelft.rdfgears.rgl.datamodel.value.impl.ModifiableRecord
8282
RGL_VALUE_16853 class nl.tudelft.rdfgears.rgl.datamodel.value.impl.ModifiableRecord
8283
RGL_VALUE_16855 class nl.tudelft.rdfgears.rgl.datamodel.value.impl.ModifiableRecord
8284
RGL_VALUE_16857 class nl.tudelft.rdfgears.rgl.datamodel.value.impl.ModifiableRecord
8285
RGL_VALUE_16859 class nl.tudelft.rdfgears.rgl.datamodel.value.impl.ModifiableRecord
8286
RGL_VALUE_16861 class nl.tudelft.rdfgears.rgl.datamodel.value.impl.ModifiableRecord
8287
RGL_VALUE_16863 class nl.tudelft.rdfgears.rgl.datamodel.value.impl.ModifiableRecord
8288
RGL_VALUE_16865 class nl.tudelft.rdfgears.rgl.datamodel.value.impl.ModifiableRecord
8289
RGL_VALUE_16867 class nl.tudelft.rdfgears.rgl.datamodel.value.impl.ModifiableRecord
8290
RGL_VALUE_16869 class nl.tudelft.rdfgears.rgl.datamodel.value.impl.ModifiableRecord
8291
RGL_VALUE_16871 class nl.tudelft.rdfgears.rgl.datamodel.value.impl.ModifiableRecord
8292
RGL_VALUE_16873 class nl.tudelft.rdfgears.rgl.datamodel.value.impl.ModifiableRecord
8293
RGL_VALUE_16875 class nl.tudelft.rdfgears.rgl.datamodel.value.impl.ModifiableRecord
8294
RGL_VALUE_16877 class nl.tudelft.rdfgears.rgl.datamodel.value.impl.ModifiableRecord
8295
RGL_VALUE_16879 class nl.tudelft.rdfgears.rgl.datamodel.value.impl.ModifiableRecord
8296
RGL_VALUE_16881 class nl.tudelft.rdfgears.rgl.datamodel.value.impl.ModifiableRecord
8297
RGL_VALUE_16883 class nl.tudelft.rdfgears.rgl.datamodel.value.impl.ModifiableRecord
8298
RGL_VALUE_16885 class nl.tudelft.rdfgears.rgl.datamodel.value.impl.ModifiableRecord
8299
RGL_VALUE_16887 class nl.tudelft.rdfgears.rgl.datamodel.value.impl.ModifiableRecord
8300
RGL_VALUE_16890 class nl.tudelft.rdfgears.rgl.datamodel.value.impl.ModifiableRecord
8301
RGL_VALUE_16892 class nl.tudelft.rdfgears.rgl.datamodel.value.impl.ModifiableRecord
8302
RGL_VALUE_16894 class nl.tudelft.rdfgears.rgl.datamodel.value.impl.ModifiableRecord
8303
RGL_VALUE_16896 class nl.tudelft.rdfgears.rgl.datamodel.value.impl.ModifiableRecord
8304
RGL_VALUE_16898 class nl.tudelft.rdfgears.rgl.datamodel.value.impl.ModifiableRecord
8305
RGL_VALUE_16900 class nl.tudelft.rdfgears.rgl.datamodel.value.impl.ModifiableRecord
8306
RGL_VALUE_16902 class nl.tudelft.rdfgears.rgl.datamodel.value.impl.ModifiableRecord
8307
RGL_VALUE_16904 class nl.tudelft.rdfgears.rgl.datamodel.value.impl.ModifiableRecord
8308
RGL_VALUE_16906 class nl.tudelft.rdfgears.rgl.datamodel.value.impl.ModifiableRecord
8309
RGL_VALUE_16908 class nl.tudelft.rdfgears.rgl.datamodel.value.impl.ModifiableRecord
8310
RGL_VALUE_16910 class nl.tudelft.rdfgears.rgl.datamodel.value.impl.ModifiableRecord
8311
RGL_VALUE_16912 class nl.tudelft.rdfgears.rgl.datamodel.value.impl.ModifiableRecord
8312
RGL_VALUE_16914 class nl.tudelft.rdfgears.rgl.datamodel.value.impl.ModifiableRecord
8313
RGL_VALUE_16916 class nl.tudelft.rdfgears.rgl.datamodel.value.impl.ModifiableRecord
8314
RGL_VALUE_16918 class nl.tudelft.rdfgears.rgl.datamodel.value.impl.ModifiableRecord
8315
RGL_VALUE_16920 class nl.tudelft.rdfgears.rgl.datamodel.value.impl.ModifiableRecord
8316
RGL_VALUE_16922 class nl.tudelft.rdfgears.rgl.datamodel.value.impl.ModifiableRecord
8317
RGL_VALUE_16924 class nl.tudelft.rdfgears.rgl.datamodel.value.impl.ModifiableRecord
8318
RGL_VALUE_16926 class nl.tudelft.rdfgears.rgl.datamodel.value.impl.ModifiableRecord
8319
RGL_VALUE_16928 class nl.tudelft.rdfgears.rgl.datamodel.value.impl.ModifiableRecord
8320
RGL_VALUE_16930 class nl.tudelft.rdfgears.rgl.datamodel.value.impl.ModifiableRecord
8321
RGL_VALUE_16932 class nl.tudelft.rdfgears.rgl.datamodel.value.impl.ModifiableRecord
8322
RGL_VALUE_16934 class nl.tudelft.rdfgears.rgl.datamodel.value.impl.ModifiableRecord
8323
RGL_VALUE_16936 class nl.tudelft.rdfgears.rgl.datamodel.value.impl.ModifiableRecord
8324
RGL_VALUE_16938 class nl.tudelft.rdfgears.rgl.datamodel.value.impl.ModifiableRecord
8325
RGL_VALUE_16940 class nl.tudelft.rdfgears.rgl.datamodel.value.impl.ModifiableRecord
8326
RGL_VALUE_16942 class nl.tudelft.rdfgears.rgl.datamodel.value.impl.ModifiableRecord
8327
RGL_VALUE_16944 class nl.tudelft.rdfgears.rgl.datamodel.value.impl.ModifiableRecord
8328
RGL_VALUE_16946 class nl.tudelft.rdfgears.rgl.datamodel.value.impl.ModifiableRecord
8329
RGL_VALUE_16948 class nl.tudelft.rdfgears.rgl.datamodel.value.impl.ModifiableRecord
8330
RGL_VALUE_16950 class nl.tudelft.rdfgears.rgl.datamodel.value.impl.ModifiableRecord
8331
RGL_VALUE_16952 class nl.tudelft.rdfgears.rgl.datamodel.value.impl.ModifiableRecord
8332
RGL_VALUE_16954 class nl.tudelft.rdfgears.rgl.datamodel.value.impl.ModifiableRecord
8333
RGL_VALUE_16956 class nl.tudelft.rdfgears.rgl.datamodel.value.impl.ModifiableRecord
8334
RGL_VALUE_16958 class nl.tudelft.rdfgears.rgl.datamodel.value.impl.ModifiableRecord
8335
RGL_VALUE_16960 class nl.tudelft.rdfgears.rgl.datamodel.value.impl.ModifiableRecord
8336
RGL_VALUE_16962 class nl.tudelft.rdfgears.rgl.datamodel.value.impl.ModifiableRecord
8337
RGL_VALUE_16964 class nl.tudelft.rdfgears.rgl.datamodel.value.impl.ModifiableRecord
8338
RGL_VALUE_16966 class nl.tudelft.rdfgears.rgl.datamodel.value.impl.ModifiableRecord
8339
RGL_VALUE_16968 class nl.tudelft.rdfgears.rgl.datamodel.value.impl.ModifiableRecord
8340
RGL_VALUE_16970 class nl.tudelft.rdfgears.rgl.datamodel.value.impl.ModifiableRecord
8341
RGL_VALUE_16972 class nl.tudelft.rdfgears.rgl.datamodel.value.impl.ModifiableRecord
8342
RGL_VALUE_16974 class nl.tudelft.rdfgears.rgl.datamodel.value.impl.ModifiableRecord
8343
RGL_VALUE_16976 class nl.tudelft.rdfgears.rgl.datamodel.value.impl.ModifiableRecord
8344
RGL_VALUE_16978 class nl.tudelft.rdfgears.rgl.datamodel.value.impl.ModifiableRecord
8345
RGL_VALUE_16980 class nl.tudelft.rdfgears.rgl.datamodel.value.impl.ModifiableRecord
8346
RGL_VALUE_16982 class nl.tudelft.rdfgears.rgl.datamodel.value.impl.ModifiableRecord
8347
RGL_VALUE_16984 class nl.tudelft.rdfgears.rgl.datamodel.value.impl.ModifiableRecord
8348
RGL_VALUE_16986 class nl.tudelft.rdfgears.rgl.datamodel.value.impl.ModifiableRecord
8349
RGL_VALUE_16988 class nl.tudelft.rdfgears.rgl.datamodel.value.impl.ModifiableRecord
8350
RGL_VALUE_16990 class nl.tudelft.rdfgears.rgl.datamodel.value.impl.ModifiableRecord
8351
RGL_VALUE_16992 class nl.tudelft.rdfgears.rgl.datamodel.value.impl.ModifiableRecord
8352
RGL_VALUE_16994 class nl.tudelft.rdfgears.rgl.datamodel.value.impl.ModifiableRecord
8353
RGL_VALUE_16996 class nl.tudelft.rdfgears.rgl.datamodel.value.impl.ModifiableRecord
8354
RGL_VALUE_16998 class nl.tudelft.rdfgears.rgl.datamodel.value.impl.ModifiableRecord
8355
RGL_VALUE_17000 class nl.tudelft.rdfgears.rgl.datamodel.value.impl.ModifiableRecord
8356
RGL_VALUE_17002 class nl.tudelft.rdfgears.rgl.datamodel.value.impl.ModifiableRecord
8357
RGL_VALUE_17004 class nl.tudelft.rdfgears.rgl.datamodel.value.impl.ModifiableRecord
8358
RGL_VALUE_17006 class nl.tudelft.rdfgears.rgl.datamodel.value.impl.ModifiableRecord
8359
RGL_VALUE_17008 class nl.tudelft.rdfgears.rgl.datamodel.value.impl.ModifiableRecord
8360
RGL_VALUE_17010 class nl.tudelft.rdfgears.rgl.datamodel.value.impl.ModifiableRecord
8361
RGL_VALUE_17012 class nl.tudelft.rdfgears.rgl.datamodel.value.impl.ModifiableRecord
8362
RGL_VALUE_17014 class nl.tudelft.rdfgears.rgl.datamodel.value.impl.ModifiableRecord
8363
RGL_VALUE_17016 class nl.tudelft.rdfgears.rgl.datamodel.value.impl.ModifiableRecord
8364
RGL_VALUE_17018 class nl.tudelft.rdfgears.rgl.datamodel.value.impl.ModifiableRecord
8365
RGL_VALUE_17020 class nl.tudelft.rdfgears.rgl.datamodel.value.impl.ModifiableRecord
8366
RGL_VALUE_17022 class nl.tudelft.rdfgears.rgl.datamodel.value.impl.ModifiableRecord
8367
RGL_VALUE_17024 class nl.tudelft.rdfgears.rgl.datamodel.value.impl.ModifiableRecord
8368
RGL_VALUE_17026 class nl.tudelft.rdfgears.rgl.datamodel.value.impl.ModifiableRecord
8369
RGL_VALUE_17028 class nl.tudelft.rdfgears.rgl.datamodel.value.impl.ModifiableRecord
8370
RGL_VALUE_17030 class nl.tudelft.rdfgears.rgl.datamodel.value.impl.ModifiableRecord
8371
RGL_VALUE_17032 class nl.tudelft.rdfgears.rgl.datamodel.value.impl.ModifiableRecord
8372
RGL_VALUE_17034 class nl.tudelft.rdfgears.rgl.datamodel.value.impl.ModifiableRecord
8373
RGL_VALUE_17036 class nl.tudelft.rdfgears.rgl.datamodel.value.impl.ModifiableRecord
8374
RGL_VALUE_17038 class nl.tudelft.rdfgears.rgl.datamodel.value.impl.ModifiableRecord
8375
RGL_VALUE_17040 class nl.tudelft.rdfgears.rgl.datamodel.value.impl.ModifiableRecord
8376
RGL_VALUE_17042 class nl.tudelft.rdfgears.rgl.datamodel.value.impl.ModifiableRecord
8377
RGL_VALUE_17044 class nl.tudelft.rdfgears.rgl.datamodel.value.impl.ModifiableRecord
8378
RGL_VALUE_17046 class nl.tudelft.rdfgears.rgl.datamodel.value.impl.ModifiableRecord
8379
RGL_VALUE_17048 class nl.tudelft.rdfgears.rgl.datamodel.value.impl.ModifiableRecord
8380
RGL_VALUE_17050 class nl.tudelft.rdfgears.rgl.datamodel.value.impl.ModifiableRecord
8381
RGL_VALUE_17052 class nl.tudelft.rdfgears.rgl.datamodel.value.impl.ModifiableRecord
8382
RGL_VALUE_17054 class nl.tudelft.rdfgears.rgl.datamodel.value.impl.ModifiableRecord
8383
RGL_VALUE_17056 class nl.tudelft.rdfgears.rgl.datamodel.value.impl.ModifiableRecord
8384
RGL_VALUE_17058 class nl.tudelft.rdfgears.rgl.datamodel.value.impl.ModifiableRecord
8385
RGL_VALUE_17060 class nl.tudelft.rdfgears.rgl.datamodel.value.impl.ModifiableRecord
8386
RGL_VALUE_17062 class nl.tudelft.rdfgears.rgl.datamodel.value.impl.ModifiableRecord
8387
RGL_VALUE_17064 class nl.tudelft.rdfgears.rgl.datamodel.value.impl.ModifiableRecord
8388
RGL_VALUE_17066 class nl.tudelft.rdfgears.rgl.datamodel.value.impl.ModifiableRecord
8389
RGL_VALUE_17068 class nl.tudelft.rdfgears.rgl.datamodel.value.impl.ModifiableRecord
8390
RGL_VALUE_17070 class nl.tudelft.rdfgears.rgl.datamodel.value.impl.ModifiableRecord
8391
RGL_VALUE_17072 class nl.tudelft.rdfgears.rgl.datamodel.value.impl.ModifiableRecord
8392
RGL_VALUE_17074 class nl.tudelft.rdfgears.rgl.datamodel.value.impl.ModifiableRecord
8393
RGL_VALUE_17076 class nl.tudelft.rdfgears.rgl.datamodel.value.impl.ModifiableRecord
8394
RGL_VALUE_17078 class nl.tudelft.rdfgears.rgl.datamodel.value.impl.ModifiableRecord
8395
RGL_VALUE_17080 class nl.tudelft.rdfgears.rgl.datamodel.value.impl.ModifiableRecord
8396
RGL_VALUE_17082 class nl.tudelft.rdfgears.rgl.datamodel.value.impl.ModifiableRecord
8397
RGL_VALUE_17084 class nl.tudelft.rdfgears.rgl.datamodel.value.impl.ModifiableRecord
8398
RGL_VALUE_17086 class nl.tudelft.rdfgears.rgl.datamodel.value.impl.ModifiableRecord
8399
RGL_VALUE_17088 class nl.tudelft.rdfgears.rgl.datamodel.value.impl.ModifiableRecord
8400
RGL_VALUE_17091 class nl.tudelft.rdfgears.rgl.datamodel.value.impl.ModifiableRecord
8401
RGL_VALUE_17093 class nl.tudelft.rdfgears.rgl.datamodel.value.impl.ModifiableRecord
8402
RGL_VALUE_17095 class nl.tudelft.rdfgears.rgl.datamodel.value.impl.ModifiableRecord
8403
RGL_VALUE_17097 class nl.tudelft.rdfgears.rgl.datamodel.value.impl.ModifiableRecord
8404
RGL_VALUE_17099 class nl.tudelft.rdfgears.rgl.datamodel.value.impl.ModifiableRecord
8405
RGL_VALUE_17101 class nl.tudelft.rdfgears.rgl.datamodel.value.impl.ModifiableRecord
8406
RGL_VALUE_17103 class nl.tudelft.rdfgears.rgl.datamodel.value.impl.ModifiableRecord
8407
RGL_VALUE_17105 class nl.tudelft.rdfgears.rgl.datamodel.value.impl.ModifiableRecord
8408
RGL_VALUE_17107 class nl.tudelft.rdfgears.rgl.datamodel.value.impl.ModifiableRecord
8409
RGL_VALUE_17109 class nl.tudelft.rdfgears.rgl.datamodel.value.impl.ModifiableRecord
8410
RGL_VALUE_17111 class nl.tudelft.rdfgears.rgl.datamodel.value.impl.ModifiableRecord
8411
RGL_VALUE_17113 class nl.tudelft.rdfgears.rgl.datamodel.value.impl.ModifiableRecord
8412
RGL_VALUE_17115 class nl.tudelft.rdfgears.rgl.datamodel.value.impl.ModifiableRecord
8413
RGL_VALUE_17117 class nl.tudelft.rdfgears.rgl.datamodel.value.impl.ModifiableRecord
8414
RGL_VALUE_17119 class nl.tudelft.rdfgears.rgl.datamodel.value.impl.ModifiableRecord
8415
RGL_VALUE_17121 class nl.tudelft.rdfgears.rgl.datamodel.value.impl.ModifiableRecord
8416
RGL_VALUE_17123 class nl.tudelft.rdfgears.rgl.datamodel.value.impl.ModifiableRecord
8417
RGL_VALUE_17125 class nl.tudelft.rdfgears.rgl.datamodel.value.impl.ModifiableRecord
8418
RGL_VALUE_17127 class nl.tudelft.rdfgears.rgl.datamodel.value.impl.ModifiableRecord
8419
RGL_VALUE_17129 class nl.tudelft.rdfgears.rgl.datamodel.value.impl.ModifiableRecord
8420
RGL_VALUE_17131 class nl.tudelft.rdfgears.rgl.datamodel.value.impl.ModifiableRecord
8421
RGL_VALUE_17133 class nl.tudelft.rdfgears.rgl.datamodel.value.impl.ModifiableRecord
8422
RGL_VALUE_17135 class nl.tudelft.rdfgears.rgl.datamodel.value.impl.ModifiableRecord
8423
RGL_VALUE_17137 class nl.tudelft.rdfgears.rgl.datamodel.value.impl.ModifiableRecord
8424
RGL_VALUE_17139 class nl.tudelft.rdfgears.rgl.datamodel.value.impl.ModifiableRecord
8425
RGL_VALUE_17141 class nl.tudelft.rdfgears.rgl.datamodel.value.impl.ModifiableRecord
8426
RGL_VALUE_17143 class nl.tudelft.rdfgears.rgl.datamodel.value.impl.ModifiableRecord
8427
RGL_VALUE_17145 class nl.tudelft.rdfgears.rgl.datamodel.value.impl.ModifiableRecord
8428
RGL_VALUE_17147 class nl.tudelft.rdfgears.rgl.datamodel.value.impl.ModifiableRecord
8429
RGL_VALUE_17149 class nl.tudelft.rdfgears.rgl.datamodel.value.impl.ModifiableRecord
8430
RGL_VALUE_17151 class nl.tudelft.rdfgears.rgl.datamodel.value.impl.ModifiableRecord
8431
RGL_VALUE_17153 class nl.tudelft.rdfgears.rgl.datamodel.value.impl.ModifiableRecord
8432
RGL_VALUE_17155 class nl.tudelft.rdfgears.rgl.datamodel.value.impl.ModifiableRecord
8433
RGL_VALUE_17157 class nl.tudelft.rdfgears.rgl.datamodel.value.impl.ModifiableRecord
8434
RGL_VALUE_17159 class nl.tudelft.rdfgears.rgl.datamodel.value.impl.ModifiableRecord
8435
RGL_VALUE_17161 class nl.tudelft.rdfgears.rgl.datamodel.value.impl.ModifiableRecord
8436
RGL_VALUE_17163 class nl.tudelft.rdfgears.rgl.datamodel.value.impl.ModifiableRecord
8437
RGL_VALUE_17165 class nl.tudelft.rdfgears.rgl.datamodel.value.impl.ModifiableRecord
8438
RGL_VALUE_17167 class nl.tudelft.rdfgears.rgl.datamodel.value.impl.ModifiableRecord
8439
RGL_VALUE_17169 class nl.tudelft.rdfgears.rgl.datamodel.value.impl.ModifiableRecord
8440
RGL_VALUE_17171 class nl.tudelft.rdfgears.rgl.datamodel.value.impl.ModifiableRecord
8441
RGL_VALUE_17173 class nl.tudelft.rdfgears.rgl.datamodel.value.impl.ModifiableRecord
8442
RGL_VALUE_17175 class nl.tudelft.rdfgears.rgl.datamodel.value.impl.ModifiableRecord
8443
RGL_VALUE_17177 class nl.tudelft.rdfgears.rgl.datamodel.value.impl.ModifiableRecord
8444
RGL_VALUE_17179 class nl.tudelft.rdfgears.rgl.datamodel.value.impl.ModifiableRecord
8445
RGL_VALUE_17181 class nl.tudelft.rdfgears.rgl.datamodel.value.impl.ModifiableRecord
8446
RGL_VALUE_17183 class nl.tudelft.rdfgears.rgl.datamodel.value.impl.ModifiableRecord
8447
RGL_VALUE_17185 class nl.tudelft.rdfgears.rgl.datamodel.value.impl.ModifiableRecord
8448
RGL_VALUE_17187 class nl.tudelft.rdfgears.rgl.datamodel.value.impl.ModifiableRecord
8449
RGL_VALUE_17189 class nl.tudelft.rdfgears.rgl.datamodel.value.impl.ModifiableRecord
8450
RGL_VALUE_17191 class nl.tudelft.rdfgears.rgl.datamodel.value.impl.ModifiableRecord
8451
RGL_VALUE_17193 class nl.tudelft.rdfgears.rgl.datamodel.value.impl.ModifiableRecord
8452
RGL_VALUE_17195 class nl.tudelft.rdfgears.rgl.datamodel.value.impl.ModifiableRecord
8453
RGL_VALUE_17197 class nl.tudelft.rdfgears.rgl.datamodel.value.impl.ModifiableRecord
8454
RGL_VALUE_17199 class nl.tudelft.rdfgears.rgl.datamodel.value.impl.ModifiableRecord
8455
RGL_VALUE_17201 class nl.tudelft.rdfgears.rgl.datamodel.value.impl.ModifiableRecord
8456
RGL_VALUE_17203 class nl.tudelft.rdfgears.rgl.datamodel.value.impl.ModifiableRecord
8457
RGL_VALUE_17205 class nl.tudelft.rdfgears.rgl.datamodel.value.impl.ModifiableRecord
8458
RGL_VALUE_17207 class nl.tudelft.rdfgears.rgl.datamodel.value.impl.ModifiableRecord
8459
RGL_VALUE_17209 class nl.tudelft.rdfgears.rgl.datamodel.value.impl.ModifiableRecord
8460
RGL_VALUE_17211 class nl.tudelft.rdfgears.rgl.datamodel.value.impl.ModifiableRecord
8461
RGL_VALUE_17213 class nl.tudelft.rdfgears.rgl.datamodel.value.impl.ModifiableRecord
8462
RGL_VALUE_17215 class nl.tudelft.rdfgears.rgl.datamodel.value.impl.ModifiableRecord
8463
RGL_VALUE_17217 class nl.tudelft.rdfgears.rgl.datamodel.value.impl.ModifiableRecord
8464
RGL_VALUE_17219 class nl.tudelft.rdfgears.rgl.datamodel.value.impl.ModifiableRecord
8465
RGL_VALUE_17221 class nl.tudelft.rdfgears.rgl.datamodel.value.impl.ModifiableRecord
8466
RGL_VALUE_17223 class nl.tudelft.rdfgears.rgl.datamodel.value.impl.ModifiableRecord
8467
RGL_VALUE_17225 class nl.tudelft.rdfgears.rgl.datamodel.value.impl.ModifiableRecord
8468
RGL_VALUE_17227 class nl.tudelft.rdfgears.rgl.datamodel.value.impl.ModifiableRecord
8469
RGL_VALUE_17229 class nl.tudelft.rdfgears.rgl.datamodel.value.impl.ModifiableRecord
8470
RGL_VALUE_17231 class nl.tudelft.rdfgears.rgl.datamodel.value.impl.ModifiableRecord
8471
RGL_VALUE_17233 class nl.tudelft.rdfgears.rgl.datamodel.value.impl.ModifiableRecord
8472
RGL_VALUE_17235 class nl.tudelft.rdfgears.rgl.datamodel.value.impl.ModifiableRecord
8473
RGL_VALUE_17237 class nl.tudelft.rdfgears.rgl.datamodel.value.impl.ModifiableRecord
8474
RGL_VALUE_17239 class nl.tudelft.rdfgears.rgl.datamodel.value.impl.ModifiableRecord
8475
RGL_VALUE_17241 class nl.tudelft.rdfgears.rgl.datamodel.value.impl.ModifiableRecord
8476
RGL_VALUE_17243 class nl.tudelft.rdfgears.rgl.datamodel.value.impl.ModifiableRecord
8477
RGL_VALUE_17245 class nl.tudelft.rdfgears.rgl.datamodel.value.impl.ModifiableRecord
8478
RGL_VALUE_17247 class nl.tudelft.rdfgears.rgl.datamodel.value.impl.ModifiableRecord
8479
RGL_VALUE_17249 class nl.tudelft.rdfgears.rgl.datamodel.value.impl.ModifiableRecord
8480
RGL_VALUE_17251 class nl.tudelft.rdfgears.rgl.datamodel.value.impl.ModifiableRecord
8481
RGL_VALUE_17253 class nl.tudelft.rdfgears.rgl.datamodel.value.impl.ModifiableRecord
8482
RGL_VALUE_17255 class nl.tudelft.rdfgears.rgl.datamodel.value.impl.ModifiableRecord
8483
RGL_VALUE_17257 class nl.tudelft.rdfgears.rgl.datamodel.value.impl.ModifiableRecord
8484
RGL_VALUE_17259 class nl.tudelft.rdfgears.rgl.datamodel.value.impl.ModifiableRecord
8485
RGL_VALUE_17261 class nl.tudelft.rdfgears.rgl.datamodel.value.impl.ModifiableRecord
8486
RGL_VALUE_17263 class nl.tudelft.rdfgears.rgl.datamodel.value.impl.ModifiableRecord
8487
RGL_VALUE_17265 class nl.tudelft.rdfgears.rgl.datamodel.value.impl.ModifiableRecord
8488
RGL_VALUE_17267 class nl.tudelft.rdfgears.rgl.datamodel.value.impl.ModifiableRecord
8489
RGL_VALUE_17269 class nl.tudelft.rdfgears.rgl.datamodel.value.impl.ModifiableRecord
8490
RGL_VALUE_17271 class nl.tudelft.rdfgears.rgl.datamodel.value.impl.ModifiableRecord
8491
RGL_VALUE_17273 class nl.tudelft.rdfgears.rgl.datamodel.value.impl.ModifiableRecord
8492
RGL_VALUE_17275 class nl.tudelft.rdfgears.rgl.datamodel.value.impl.ModifiableRecord
8493
RGL_VALUE_17277 class nl.tudelft.rdfgears.rgl.datamodel.value.impl.ModifiableRecord
8494
RGL_VALUE_17279 class nl.tudelft.rdfgears.rgl.datamodel.value.impl.ModifiableRecord
8495
RGL_VALUE_17281 class nl.tudelft.rdfgears.rgl.datamodel.value.impl.ModifiableRecord
8496
RGL_VALUE_17283 class nl.tudelft.rdfgears.rgl.datamodel.value.impl.ModifiableRecord
8497
RGL_VALUE_17285 class nl.tudelft.rdfgears.rgl.datamodel.value.impl.ModifiableRecord
8498
RGL_VALUE_17287 class nl.tudelft.rdfgears.rgl.datamodel.value.impl.ModifiableRecord
8499
RGL_VALUE_17289 class nl.tudelft.rdfgears.rgl.datamodel.value.impl.ModifiableRecord
8500
RGL_VALUE_17292 class nl.tudelft.rdfgears.rgl.datamodel.value.impl.ModifiableRecord
8501
RGL_VALUE_17294 class nl.tudelft.rdfgears.rgl.datamodel.value.impl.ModifiableRecord
8502
RGL_VALUE_17296 class nl.tudelft.rdfgears.rgl.datamodel.value.impl.ModifiableRecord
8503
RGL_VALUE_17298 class nl.tudelft.rdfgears.rgl.datamodel.value.impl.ModifiableRecord
8504
RGL_VALUE_17300 class nl.tudelft.rdfgears.rgl.datamodel.value.impl.ModifiableRecord
8505
RGL_VALUE_17302 class nl.tudelft.rdfgears.rgl.datamodel.value.impl.ModifiableRecord
8506
RGL_VALUE_17304 class nl.tudelft.rdfgears.rgl.datamodel.value.impl.ModifiableRecord
8507
RGL_VALUE_17306 class nl.tudelft.rdfgears.rgl.datamodel.value.impl.ModifiableRecord
8508
RGL_VALUE_17308 class nl.tudelft.rdfgears.rgl.datamodel.value.impl.ModifiableRecord
8509
RGL_VALUE_17310 class nl.tudelft.rdfgears.rgl.datamodel.value.impl.ModifiableRecord
8510
RGL_VALUE_17312 class nl.tudelft.rdfgears.rgl.datamodel.value.impl.ModifiableRecord
8511
RGL_VALUE_17314 class nl.tudelft.rdfgears.rgl.datamodel.value.impl.ModifiableRecord
8512
RGL_VALUE_17316 class nl.tudelft.rdfgears.rgl.datamodel.value.impl.ModifiableRecord
8513
RGL_VALUE_17318 class nl.tudelft.rdfgears.rgl.datamodel.value.impl.ModifiableRecord
8514
RGL_VALUE_17320 class nl.tudelft.rdfgears.rgl.datamodel.value.impl.ModifiableRecord
8515
RGL_VALUE_17322 class nl.tudelft.rdfgears.rgl.datamodel.value.impl.ModifiableRecord
8516
RGL_VALUE_17324 class nl.tudelft.rdfgears.rgl.datamodel.value.impl.ModifiableRecord
8517
RGL_VALUE_17326 class nl.tudelft.rdfgears.rgl.datamodel.value.impl.ModifiableRecord
8518
RGL_VALUE_17328 class nl.tudelft.rdfgears.rgl.datamodel.value.impl.ModifiableRecord
8519
RGL_VALUE_17330 class nl.tudelft.rdfgears.rgl.datamodel.value.impl.ModifiableRecord
8520
RGL_VALUE_17332 class nl.tudelft.rdfgears.rgl.datamodel.value.impl.ModifiableRecord
8521
RGL_VALUE_17334 class nl.tudelft.rdfgears.rgl.datamodel.value.impl.ModifiableRecord
8522
RGL_VALUE_17336 class nl.tudelft.rdfgears.rgl.datamodel.value.impl.ModifiableRecord
8523
RGL_VALUE_17338 class nl.tudelft.rdfgears.rgl.datamodel.value.impl.ModifiableRecord
8524
RGL_VALUE_17340 class nl.tudelft.rdfgears.rgl.datamodel.value.impl.ModifiableRecord
8525
RGL_VALUE_17342 class nl.tudelft.rdfgears.rgl.datamodel.value.impl.ModifiableRecord
8526
RGL_VALUE_17344 class nl.tudelft.rdfgears.rgl.datamodel.value.impl.ModifiableRecord
8527
RGL_VALUE_17346 class nl.tudelft.rdfgears.rgl.datamodel.value.impl.ModifiableRecord
8528
RGL_VALUE_17348 class nl.tudelft.rdfgears.rgl.datamodel.value.impl.ModifiableRecord
8529
RGL_VALUE_17350 class nl.tudelft.rdfgears.rgl.datamodel.value.impl.ModifiableRecord
8530
RGL_VALUE_17352 class nl.tudelft.rdfgears.rgl.datamodel.value.impl.ModifiableRecord
8531
RGL_VALUE_17354 class nl.tudelft.rdfgears.rgl.datamodel.value.impl.ModifiableRecord
8532
RGL_VALUE_17356 class nl.tudelft.rdfgears.rgl.datamodel.value.impl.ModifiableRecord
8533
RGL_VALUE_17358 class nl.tudelft.rdfgears.rgl.datamodel.value.impl.ModifiableRecord
8534
RGL_VALUE_17360 class nl.tudelft.rdfgears.rgl.datamodel.value.impl.ModifiableRecord
8535
RGL_VALUE_17362 class nl.tudelft.rdfgears.rgl.datamodel.value.impl.ModifiableRecord
8536
RGL_VALUE_17364 class nl.tudelft.rdfgears.rgl.datamodel.value.impl.ModifiableRecord
8537
RGL_VALUE_17366 class nl.tudelft.rdfgears.rgl.datamodel.value.impl.ModifiableRecord
8538
RGL_VALUE_17368 class nl.tudelft.rdfgears.rgl.datamodel.value.impl.ModifiableRecord
8539
RGL_VALUE_17370 class nl.tudelft.rdfgears.rgl.datamodel.value.impl.ModifiableRecord
8540
RGL_VALUE_17372 class nl.tudelft.rdfgears.rgl.datamodel.value.impl.ModifiableRecord
8541
RGL_VALUE_17374 class nl.tudelft.rdfgears.rgl.datamodel.value.impl.ModifiableRecord
8542
RGL_VALUE_17376 class nl.tudelft.rdfgears.rgl.datamodel.value.impl.ModifiableRecord
8543
RGL_VALUE_17378 class nl.tudelft.rdfgears.rgl.datamodel.value.impl.ModifiableRecord
8544
RGL_VALUE_17380 class nl.tudelft.rdfgears.rgl.datamodel.value.impl.ModifiableRecord
8545
RGL_VALUE_17382 class nl.tudelft.rdfgears.rgl.datamodel.value.impl.ModifiableRecord
8546
RGL_VALUE_17384 class nl.tudelft.rdfgears.rgl.datamodel.value.impl.ModifiableRecord
8547
RGL_VALUE_17386 class nl.tudelft.rdfgears.rgl.datamodel.value.impl.ModifiableRecord
8548
RGL_VALUE_17388 class nl.tudelft.rdfgears.rgl.datamodel.value.impl.ModifiableRecord
8549
RGL_VALUE_17390 class nl.tudelft.rdfgears.rgl.datamodel.value.impl.ModifiableRecord
8550
RGL_VALUE_17392 class nl.tudelft.rdfgears.rgl.datamodel.value.impl.ModifiableRecord
8551
RGL_VALUE_17394 class nl.tudelft.rdfgears.rgl.datamodel.value.impl.ModifiableRecord
8552
RGL_VALUE_17396 class nl.tudelft.rdfgears.rgl.datamodel.value.impl.ModifiableRecord
8553
RGL_VALUE_17398 class nl.tudelft.rdfgears.rgl.datamodel.value.impl.ModifiableRecord
8554
RGL_VALUE_17400 class nl.tudelft.rdfgears.rgl.datamodel.value.impl.ModifiableRecord
8555
RGL_VALUE_17402 class nl.tudelft.rdfgears.rgl.datamodel.value.impl.ModifiableRecord
8556
RGL_VALUE_17404 class nl.tudelft.rdfgears.rgl.datamodel.value.impl.ModifiableRecord
8557
RGL_VALUE_17406 class nl.tudelft.rdfgears.rgl.datamodel.value.impl.ModifiableRecord
8558
RGL_VALUE_17408 class nl.tudelft.rdfgears.rgl.datamodel.value.impl.ModifiableRecord
8559
RGL_VALUE_17410 class nl.tudelft.rdfgears.rgl.datamodel.value.impl.ModifiableRecord
8560
RGL_VALUE_17412 class nl.tudelft.rdfgears.rgl.datamodel.value.impl.ModifiableRecord
8561
RGL_VALUE_17414 class nl.tudelft.rdfgears.rgl.datamodel.value.impl.ModifiableRecord
8562
RGL_VALUE_17416 class nl.tudelft.rdfgears.rgl.datamodel.value.impl.ModifiableRecord
8563
RGL_VALUE_17418 class nl.tudelft.rdfgears.rgl.datamodel.value.impl.ModifiableRecord
8564
RGL_VALUE_17420 class nl.tudelft.rdfgears.rgl.datamodel.value.impl.ModifiableRecord
8565
RGL_VALUE_17422 class nl.tudelft.rdfgears.rgl.datamodel.value.impl.ModifiableRecord
8566
RGL_VALUE_17424 class nl.tudelft.rdfgears.rgl.datamodel.value.impl.ModifiableRecord
8567
RGL_VALUE_17426 class nl.tudelft.rdfgears.rgl.datamodel.value.impl.ModifiableRecord
8568
RGL_VALUE_17428 class nl.tudelft.rdfgears.rgl.datamodel.value.impl.ModifiableRecord
8569
RGL_VALUE_17430 class nl.tudelft.rdfgears.rgl.datamodel.value.impl.ModifiableRecord
8570
RGL_VALUE_17432 class nl.tudelft.rdfgears.rgl.datamodel.value.impl.ModifiableRecord
8571
RGL_VALUE_17434 class nl.tudelft.rdfgears.rgl.datamodel.value.impl.ModifiableRecord
8572
RGL_VALUE_17436 class nl.tudelft.rdfgears.rgl.datamodel.value.impl.ModifiableRecord
8573
RGL_VALUE_17438 class nl.tudelft.rdfgears.rgl.datamodel.value.impl.ModifiableRecord
8574
RGL_VALUE_17440 class nl.tudelft.rdfgears.rgl.datamodel.value.impl.ModifiableRecord
8575
RGL_VALUE_17442 class nl.tudelft.rdfgears.rgl.datamodel.value.impl.ModifiableRecord
8576
RGL_VALUE_17444 class nl.tudelft.rdfgears.rgl.datamodel.value.impl.ModifiableRecord
8577
RGL_VALUE_17446 class nl.tudelft.rdfgears.rgl.datamodel.value.impl.ModifiableRecord
8578
RGL_VALUE_17448 class nl.tudelft.rdfgears.rgl.datamodel.value.impl.ModifiableRecord
8579
RGL_VALUE_17450 class nl.tudelft.rdfgears.rgl.datamodel.value.impl.ModifiableRecord
8580
RGL_VALUE_17452 class nl.tudelft.rdfgears.rgl.datamodel.value.impl.ModifiableRecord
8581
RGL_VALUE_17454 class nl.tudelft.rdfgears.rgl.datamodel.value.impl.ModifiableRecord
8582
RGL_VALUE_17456 class nl.tudelft.rdfgears.rgl.datamodel.value.impl.ModifiableRecord
8583
RGL_VALUE_17458 class nl.tudelft.rdfgears.rgl.datamodel.value.impl.ModifiableRecord
8584
RGL_VALUE_17460 class nl.tudelft.rdfgears.rgl.datamodel.value.impl.ModifiableRecord
8585
RGL_VALUE_17462 class nl.tudelft.rdfgears.rgl.datamodel.value.impl.ModifiableRecord
8586
RGL_VALUE_17464 class nl.tudelft.rdfgears.rgl.datamodel.value.impl.ModifiableRecord
8587
RGL_VALUE_17466 class nl.tudelft.rdfgears.rgl.datamodel.value.impl.ModifiableRecord
8588
RGL_VALUE_17468 class nl.tudelft.rdfgears.rgl.datamodel.value.impl.ModifiableRecord
8589
RGL_VALUE_17470 class nl.tudelft.rdfgears.rgl.datamodel.value.impl.ModifiableRecord
8590
RGL_VALUE_17472 class nl.tudelft.rdfgears.rgl.datamodel.value.impl.ModifiableRecord
8591
RGL_VALUE_17474 class nl.tudelft.rdfgears.rgl.datamodel.value.impl.ModifiableRecord
8592
RGL_VALUE_17476 class nl.tudelft.rdfgears.rgl.datamodel.value.impl.ModifiableRecord
8593
RGL_VALUE_17478 class nl.tudelft.rdfgears.rgl.datamodel.value.impl.ModifiableRecord
8594
RGL_VALUE_17480 class nl.tudelft.rdfgears.rgl.datamodel.value.impl.ModifiableRecord
8595
RGL_VALUE_17482 class nl.tudelft.rdfgears.rgl.datamodel.value.impl.ModifiableRecord
8596
RGL_VALUE_17484 class nl.tudelft.rdfgears.rgl.datamodel.value.impl.ModifiableRecord
8597
RGL_VALUE_17486 class nl.tudelft.rdfgears.rgl.datamodel.value.impl.ModifiableRecord
8598
RGL_VALUE_17488 class nl.tudelft.rdfgears.rgl.datamodel.value.impl.ModifiableRecord
8599
RGL_VALUE_17490 class nl.tudelft.rdfgears.rgl.datamodel.value.impl.ModifiableRecord
8600
RGL_VALUE_17493 class nl.tudelft.rdfgears.rgl.datamodel.value.impl.ModifiableRecord
8601
RGL_VALUE_17495 class nl.tudelft.rdfgears.rgl.datamodel.value.impl.ModifiableRecord
8602
RGL_VALUE_17497 class nl.tudelft.rdfgears.rgl.datamodel.value.impl.ModifiableRecord
8603
RGL_VALUE_17499 class nl.tudelft.rdfgears.rgl.datamodel.value.impl.ModifiableRecord
8604
RGL_VALUE_17501 class nl.tudelft.rdfgears.rgl.datamodel.value.impl.ModifiableRecord
8605
RGL_VALUE_17503 class nl.tudelft.rdfgears.rgl.datamodel.value.impl.ModifiableRecord
8606
RGL_VALUE_17505 class nl.tudelft.rdfgears.rgl.datamodel.value.impl.ModifiableRecord
8607
RGL_VALUE_17507 class nl.tudelft.rdfgears.rgl.datamodel.value.impl.ModifiableRecord
8608
RGL_VALUE_17509 class nl.tudelft.rdfgears.rgl.datamodel.value.impl.ModifiableRecord
8609
RGL_VALUE_17511 class nl.tudelft.rdfgears.rgl.datamodel.value.impl.ModifiableRecord
8610
RGL_VALUE_17513 class nl.tudelft.rdfgears.rgl.datamodel.value.impl.ModifiableRecord
8611
RGL_VALUE_17515 class nl.tudelft.rdfgears.rgl.datamodel.value.impl.ModifiableRecord
8612
RGL_VALUE_17517 class nl.tudelft.rdfgears.rgl.datamodel.value.impl.ModifiableRecord
8613
RGL_VALUE_17519 class nl.tudelft.rdfgears.rgl.datamodel.value.impl.ModifiableRecord
8614
RGL_VALUE_17521 class nl.tudelft.rdfgears.rgl.datamodel.value.impl.ModifiableRecord
8615
RGL_VALUE_17523 class nl.tudelft.rdfgears.rgl.datamodel.value.impl.ModifiableRecord
8616
RGL_VALUE_17525 class nl.tudelft.rdfgears.rgl.datamodel.value.impl.ModifiableRecord
8617
RGL_VALUE_17527 class nl.tudelft.rdfgears.rgl.datamodel.value.impl.ModifiableRecord
8618
RGL_VALUE_17529 class nl.tudelft.rdfgears.rgl.datamodel.value.impl.ModifiableRecord
8619
RGL_VALUE_17531 class nl.tudelft.rdfgears.rgl.datamodel.value.impl.ModifiableRecord
8620
RGL_VALUE_17533 class nl.tudelft.rdfgears.rgl.datamodel.value.impl.ModifiableRecord
8621
RGL_VALUE_17535 class nl.tudelft.rdfgears.rgl.datamodel.value.impl.ModifiableRecord
8622
RGL_VALUE_17537 class nl.tudelft.rdfgears.rgl.datamodel.value.impl.ModifiableRecord
8623
RGL_VALUE_17539 class nl.tudelft.rdfgears.rgl.datamodel.value.impl.ModifiableRecord
8624
RGL_VALUE_17541 class nl.tudelft.rdfgears.rgl.datamodel.value.impl.ModifiableRecord
8625
RGL_VALUE_17543 class nl.tudelft.rdfgears.rgl.datamodel.value.impl.ModifiableRecord
8626
RGL_VALUE_17545 class nl.tudelft.rdfgears.rgl.datamodel.value.impl.ModifiableRecord
8627
RGL_VALUE_17547 class nl.tudelft.rdfgears.rgl.datamodel.value.impl.ModifiableRecord
8628
RGL_VALUE_17549 class nl.tudelft.rdfgears.rgl.datamodel.value.impl.ModifiableRecord
8629
RGL_VALUE_17551 class nl.tudelft.rdfgears.rgl.datamodel.value.impl.ModifiableRecord
8630
RGL_VALUE_17553 class nl.tudelft.rdfgears.rgl.datamodel.value.impl.ModifiableRecord
8631
RGL_VALUE_17555 class nl.tudelft.rdfgears.rgl.datamodel.value.impl.ModifiableRecord
8632
RGL_VALUE_17557 class nl.tudelft.rdfgears.rgl.datamodel.value.impl.ModifiableRecord
8633
RGL_VALUE_17559 class nl.tudelft.rdfgears.rgl.datamodel.value.impl.ModifiableRecord
8634
RGL_VALUE_17561 class nl.tudelft.rdfgears.rgl.datamodel.value.impl.ModifiableRecord
8635
RGL_VALUE_17563 class nl.tudelft.rdfgears.rgl.datamodel.value.impl.ModifiableRecord
8636
RGL_VALUE_17565 class nl.tudelft.rdfgears.rgl.datamodel.value.impl.ModifiableRecord
8637
RGL_VALUE_17567 class nl.tudelft.rdfgears.rgl.datamodel.value.impl.ModifiableRecord
8638
RGL_VALUE_17569 class nl.tudelft.rdfgears.rgl.datamodel.value.impl.ModifiableRecord
8639
RGL_VALUE_17571 class nl.tudelft.rdfgears.rgl.datamodel.value.impl.ModifiableRecord
8640
RGL_VALUE_17573 class nl.tudelft.rdfgears.rgl.datamodel.value.impl.ModifiableRecord
8641
RGL_VALUE_17575 class nl.tudelft.rdfgears.rgl.datamodel.value.impl.ModifiableRecord
8642
RGL_VALUE_17577 class nl.tudelft.rdfgears.rgl.datamodel.value.impl.ModifiableRecord
8643
RGL_VALUE_17579 class nl.tudelft.rdfgears.rgl.datamodel.value.impl.ModifiableRecord
8644
RGL_VALUE_17581 class nl.tudelft.rdfgears.rgl.datamodel.value.impl.ModifiableRecord
8645
RGL_VALUE_17583 class nl.tudelft.rdfgears.rgl.datamodel.value.impl.ModifiableRecord
8646
RGL_VALUE_17585 class nl.tudelft.rdfgears.rgl.datamodel.value.impl.ModifiableRecord
8647
RGL_VALUE_17587 class nl.tudelft.rdfgears.rgl.datamodel.value.impl.ModifiableRecord
8648
RGL_VALUE_17589 class nl.tudelft.rdfgears.rgl.datamodel.value.impl.ModifiableRecord
8649
RGL_VALUE_17591 class nl.tudelft.rdfgears.rgl.datamodel.value.impl.ModifiableRecord
8650
RGL_VALUE_17593 class nl.tudelft.rdfgears.rgl.datamodel.value.impl.ModifiableRecord
8651
RGL_VALUE_17595 class nl.tudelft.rdfgears.rgl.datamodel.value.impl.ModifiableRecord
8652
RGL_VALUE_17597 class nl.tudelft.rdfgears.rgl.datamodel.value.impl.ModifiableRecord
8653
RGL_VALUE_17599 class nl.tudelft.rdfgears.rgl.datamodel.value.impl.ModifiableRecord
8654
RGL_VALUE_17601 class nl.tudelft.rdfgears.rgl.datamodel.value.impl.ModifiableRecord
8655
RGL_VALUE_17603 class nl.tudelft.rdfgears.rgl.datamodel.value.impl.ModifiableRecord
8656
RGL_VALUE_17605 class nl.tudelft.rdfgears.rgl.datamodel.value.impl.ModifiableRecord
8657
RGL_VALUE_17607 class nl.tudelft.rdfgears.rgl.datamodel.value.impl.ModifiableRecord
8658
RGL_VALUE_17609 class nl.tudelft.rdfgears.rgl.datamodel.value.impl.ModifiableRecord
8659
RGL_VALUE_17611 class nl.tudelft.rdfgears.rgl.datamodel.value.impl.ModifiableRecord
8660
RGL_VALUE_17613 class nl.tudelft.rdfgears.rgl.datamodel.value.impl.ModifiableRecord
8661
RGL_VALUE_17615 class nl.tudelft.rdfgears.rgl.datamodel.value.impl.ModifiableRecord
8662
RGL_VALUE_17617 class nl.tudelft.rdfgears.rgl.datamodel.value.impl.ModifiableRecord
8663
RGL_VALUE_17619 class nl.tudelft.rdfgears.rgl.datamodel.value.impl.ModifiableRecord
8664
RGL_VALUE_17621 class nl.tudelft.rdfgears.rgl.datamodel.value.impl.ModifiableRecord
8665
RGL_VALUE_17623 class nl.tudelft.rdfgears.rgl.datamodel.value.impl.ModifiableRecord
8666
RGL_VALUE_17625 class nl.tudelft.rdfgears.rgl.datamodel.value.impl.ModifiableRecord
8667
RGL_VALUE_17627 class nl.tudelft.rdfgears.rgl.datamodel.value.impl.ModifiableRecord
8668
RGL_VALUE_17629 class nl.tudelft.rdfgears.rgl.datamodel.value.impl.ModifiableRecord
8669
RGL_VALUE_17631 class nl.tudelft.rdfgears.rgl.datamodel.value.impl.ModifiableRecord
8670
RGL_VALUE_17633 class nl.tudelft.rdfgears.rgl.datamodel.value.impl.ModifiableRecord
8671
RGL_VALUE_17635 class nl.tudelft.rdfgears.rgl.datamodel.value.impl.ModifiableRecord
8672
RGL_VALUE_17637 class nl.tudelft.rdfgears.rgl.datamodel.value.impl.ModifiableRecord
8673
RGL_VALUE_17639 class nl.tudelft.rdfgears.rgl.datamodel.value.impl.ModifiableRecord
8674
RGL_VALUE_17641 class nl.tudelft.rdfgears.rgl.datamodel.value.impl.ModifiableRecord
8675
RGL_VALUE_17643 class nl.tudelft.rdfgears.rgl.datamodel.value.impl.ModifiableRecord
8676
RGL_VALUE_17645 class nl.tudelft.rdfgears.rgl.datamodel.value.impl.ModifiableRecord
8677
RGL_VALUE_17647 class nl.tudelft.rdfgears.rgl.datamodel.value.impl.ModifiableRecord
8678
RGL_VALUE_17649 class nl.tudelft.rdfgears.rgl.datamodel.value.impl.ModifiableRecord
8679
RGL_VALUE_17651 class nl.tudelft.rdfgears.rgl.datamodel.value.impl.ModifiableRecord
8680
RGL_VALUE_17653 class nl.tudelft.rdfgears.rgl.datamodel.value.impl.ModifiableRecord
8681
RGL_VALUE_17655 class nl.tudelft.rdfgears.rgl.datamodel.value.impl.ModifiableRecord
8682
RGL_VALUE_17657 class nl.tudelft.rdfgears.rgl.datamodel.value.impl.ModifiableRecord
8683
RGL_VALUE_17659 class nl.tudelft.rdfgears.rgl.datamodel.value.impl.ModifiableRecord
8684
RGL_VALUE_17661 class nl.tudelft.rdfgears.rgl.datamodel.value.impl.ModifiableRecord
8685
RGL_VALUE_17663 class nl.tudelft.rdfgears.rgl.datamodel.value.impl.ModifiableRecord
8686
RGL_VALUE_17665 class nl.tudelft.rdfgears.rgl.datamodel.value.impl.ModifiableRecord
8687
RGL_VALUE_17667 class nl.tudelft.rdfgears.rgl.datamodel.value.impl.ModifiableRecord
8688
RGL_VALUE_17669 class nl.tudelft.rdfgears.rgl.datamodel.value.impl.ModifiableRecord
8689
RGL_VALUE_17671 class nl.tudelft.rdfgears.rgl.datamodel.value.impl.ModifiableRecord
8690
RGL_VALUE_17673 class nl.tudelft.rdfgears.rgl.datamodel.value.impl.ModifiableRecord
8691
RGL_VALUE_17675 class nl.tudelft.rdfgears.rgl.datamodel.value.impl.ModifiableRecord
8692
RGL_VALUE_17677 class nl.tudelft.rdfgears.rgl.datamodel.value.impl.ModifiableRecord
8693
RGL_VALUE_17679 class nl.tudelft.rdfgears.rgl.datamodel.value.impl.ModifiableRecord
8694
RGL_VALUE_17681 class nl.tudelft.rdfgears.rgl.datamodel.value.impl.ModifiableRecord
8695
RGL_VALUE_17683 class nl.tudelft.rdfgears.rgl.datamodel.value.impl.ModifiableRecord
8696
RGL_VALUE_17685 class nl.tudelft.rdfgears.rgl.datamodel.value.impl.ModifiableRecord
8697
RGL_VALUE_17687 class nl.tudelft.rdfgears.rgl.datamodel.value.impl.ModifiableRecord
8698
RGL_VALUE_17689 class nl.tudelft.rdfgears.rgl.datamodel.value.impl.ModifiableRecord
8699
RGL_VALUE_17691 class nl.tudelft.rdfgears.rgl.datamodel.value.impl.ModifiableRecord
8700
RGL_VALUE_17694 class nl.tudelft.rdfgears.rgl.datamodel.value.impl.ModifiableRecord
8701
RGL_VALUE_17696 class nl.tudelft.rdfgears.rgl.datamodel.value.impl.ModifiableRecord
8702
RGL_VALUE_17698 class nl.tudelft.rdfgears.rgl.datamodel.value.impl.ModifiableRecord
8703
RGL_VALUE_17700 class nl.tudelft.rdfgears.rgl.datamodel.value.impl.ModifiableRecord
8704
RGL_VALUE_17702 class nl.tudelft.rdfgears.rgl.datamodel.value.impl.ModifiableRecord
8705
RGL_VALUE_17704 class nl.tudelft.rdfgears.rgl.datamodel.value.impl.ModifiableRecord
8706
RGL_VALUE_17706 class nl.tudelft.rdfgears.rgl.datamodel.value.impl.ModifiableRecord
8707
RGL_VALUE_17708 class nl.tudelft.rdfgears.rgl.datamodel.value.impl.ModifiableRecord
8708
RGL_VALUE_17710 class nl.tudelft.rdfgears.rgl.datamodel.value.impl.ModifiableRecord
8709
RGL_VALUE_17712 class nl.tudelft.rdfgears.rgl.datamodel.value.impl.ModifiableRecord
8710
RGL_VALUE_17714 class nl.tudelft.rdfgears.rgl.datamodel.value.impl.ModifiableRecord
8711
RGL_VALUE_17716 class nl.tudelft.rdfgears.rgl.datamodel.value.impl.ModifiableRecord
8712
RGL_VALUE_17718 class nl.tudelft.rdfgears.rgl.datamodel.value.impl.ModifiableRecord
8713
RGL_VALUE_17720 class nl.tudelft.rdfgears.rgl.datamodel.value.impl.ModifiableRecord
8714
RGL_VALUE_17722 class nl.tudelft.rdfgears.rgl.datamodel.value.impl.ModifiableRecord
8715
RGL_VALUE_17724 class nl.tudelft.rdfgears.rgl.datamodel.value.impl.ModifiableRecord
8716
RGL_VALUE_17726 class nl.tudelft.rdfgears.rgl.datamodel.value.impl.ModifiableRecord
8717
RGL_VALUE_17728 class nl.tudelft.rdfgears.rgl.datamodel.value.impl.ModifiableRecord
8718
RGL_VALUE_17730 class nl.tudelft.rdfgears.rgl.datamodel.value.impl.ModifiableRecord
8719
RGL_VALUE_17732 class nl.tudelft.rdfgears.rgl.datamodel.value.impl.ModifiableRecord
8720
RGL_VALUE_17734 class nl.tudelft.rdfgears.rgl.datamodel.value.impl.ModifiableRecord
8721
RGL_VALUE_17736 class nl.tudelft.rdfgears.rgl.datamodel.value.impl.ModifiableRecord
8722
RGL_VALUE_17738 class nl.tudelft.rdfgears.rgl.datamodel.value.impl.ModifiableRecord
8723
RGL_VALUE_17740 class nl.tudelft.rdfgears.rgl.datamodel.value.impl.ModifiableRecord
8724
RGL_VALUE_17742 class nl.tudelft.rdfgears.rgl.datamodel.value.impl.ModifiableRecord
8725
RGL_VALUE_17744 class nl.tudelft.rdfgears.rgl.datamodel.value.impl.ModifiableRecord
8726
RGL_VALUE_17746 class nl.tudelft.rdfgears.rgl.datamodel.value.impl.ModifiableRecord
8727
RGL_VALUE_17748 class nl.tudelft.rdfgears.rgl.datamodel.value.impl.ModifiableRecord
8728
RGL_VALUE_17750 class nl.tudelft.rdfgears.rgl.datamodel.value.impl.ModifiableRecord
8729
RGL_VALUE_17752 class nl.tudelft.rdfgears.rgl.datamodel.value.impl.ModifiableRecord
8730
RGL_VALUE_17754 class nl.tudelft.rdfgears.rgl.datamodel.value.impl.ModifiableRecord
8731
RGL_VALUE_17756 class nl.tudelft.rdfgears.rgl.datamodel.value.impl.ModifiableRecord
8732
RGL_VALUE_17758 class nl.tudelft.rdfgears.rgl.datamodel.value.impl.ModifiableRecord
8733
RGL_VALUE_17760 class nl.tudelft.rdfgears.rgl.datamodel.value.impl.ModifiableRecord
8734
RGL_VALUE_17762 class nl.tudelft.rdfgears.rgl.datamodel.value.impl.ModifiableRecord
8735
RGL_VALUE_17764 class nl.tudelft.rdfgears.rgl.datamodel.value.impl.ModifiableRecord
8736
RGL_VALUE_17766 class nl.tudelft.rdfgears.rgl.datamodel.value.impl.ModifiableRecord
8737
RGL_VALUE_17768 class nl.tudelft.rdfgears.rgl.datamodel.value.impl.ModifiableRecord
8738
RGL_VALUE_17770 class nl.tudelft.rdfgears.rgl.datamodel.value.impl.ModifiableRecord
8739
RGL_VALUE_17772 class nl.tudelft.rdfgears.rgl.datamodel.value.impl.ModifiableRecord
8740
RGL_VALUE_17774 class nl.tudelft.rdfgears.rgl.datamodel.value.impl.ModifiableRecord
8741
RGL_VALUE_17776 class nl.tudelft.rdfgears.rgl.datamodel.value.impl.ModifiableRecord
8742
RGL_VALUE_17778 class nl.tudelft.rdfgears.rgl.datamodel.value.impl.ModifiableRecord
8743
RGL_VALUE_17780 class nl.tudelft.rdfgears.rgl.datamodel.value.impl.ModifiableRecord
8744
RGL_VALUE_17782 class nl.tudelft.rdfgears.rgl.datamodel.value.impl.ModifiableRecord
8745
RGL_VALUE_17784 class nl.tudelft.rdfgears.rgl.datamodel.value.impl.ModifiableRecord
8746
RGL_VALUE_17786 class nl.tudelft.rdfgears.rgl.datamodel.value.impl.ModifiableRecord
8747
RGL_VALUE_17788 class nl.tudelft.rdfgears.rgl.datamodel.value.impl.ModifiableRecord
8748
RGL_VALUE_17790 class nl.tudelft.rdfgears.rgl.datamodel.value.impl.ModifiableRecord
8749
RGL_VALUE_17792 class nl.tudelft.rdfgears.rgl.datamodel.value.impl.ModifiableRecord
8750
RGL_VALUE_17794 class nl.tudelft.rdfgears.rgl.datamodel.value.impl.ModifiableRecord
8751
RGL_VALUE_17796 class nl.tudelft.rdfgears.rgl.datamodel.value.impl.ModifiableRecord
8752
RGL_VALUE_17798 class nl.tudelft.rdfgears.rgl.datamodel.value.impl.ModifiableRecord
8753
RGL_VALUE_17800 class nl.tudelft.rdfgears.rgl.datamodel.value.impl.ModifiableRecord
8754
RGL_VALUE_17802 class nl.tudelft.rdfgears.rgl.datamodel.value.impl.ModifiableRecord
8755
RGL_VALUE_17804 class nl.tudelft.rdfgears.rgl.datamodel.value.impl.ModifiableRecord
8756
RGL_VALUE_17806 class nl.tudelft.rdfgears.rgl.datamodel.value.impl.ModifiableRecord
8757
RGL_VALUE_17808 class nl.tudelft.rdfgears.rgl.datamodel.value.impl.ModifiableRecord
8758
RGL_VALUE_17810 class nl.tudelft.rdfgears.rgl.datamodel.value.impl.ModifiableRecord
8759
RGL_VALUE_17812 class nl.tudelft.rdfgears.rgl.datamodel.value.impl.ModifiableRecord
8760
RGL_VALUE_17814 class nl.tudelft.rdfgears.rgl.datamodel.value.impl.ModifiableRecord
8761
RGL_VALUE_17816 class nl.tudelft.rdfgears.rgl.datamodel.value.impl.ModifiableRecord
8762
RGL_VALUE_17818 class nl.tudelft.rdfgears.rgl.datamodel.value.impl.ModifiableRecord
8763
RGL_VALUE_17820 class nl.tudelft.rdfgears.rgl.datamodel.value.impl.ModifiableRecord
8764
RGL_VALUE_17822 class nl.tudelft.rdfgears.rgl.datamodel.value.impl.ModifiableRecord
8765
RGL_VALUE_17824 class nl.tudelft.rdfgears.rgl.datamodel.value.impl.ModifiableRecord
8766
RGL_VALUE_17826 class nl.tudelft.rdfgears.rgl.datamodel.value.impl.ModifiableRecord
8767
RGL_VALUE_17828 class nl.tudelft.rdfgears.rgl.datamodel.value.impl.ModifiableRecord
8768
RGL_VALUE_17830 class nl.tudelft.rdfgears.rgl.datamodel.value.impl.ModifiableRecord
8769
RGL_VALUE_17832 class nl.tudelft.rdfgears.rgl.datamodel.value.impl.ModifiableRecord
8770
RGL_VALUE_17834 class nl.tudelft.rdfgears.rgl.datamodel.value.impl.ModifiableRecord
8771
RGL_VALUE_17836 class nl.tudelft.rdfgears.rgl.datamodel.value.impl.ModifiableRecord
8772
RGL_VALUE_17838 class nl.tudelft.rdfgears.rgl.datamodel.value.impl.ModifiableRecord
8773
RGL_VALUE_17840 class nl.tudelft.rdfgears.rgl.datamodel.value.impl.ModifiableRecord
8774
RGL_VALUE_17842 class nl.tudelft.rdfgears.rgl.datamodel.value.impl.ModifiableRecord
8775
RGL_VALUE_17844 class nl.tudelft.rdfgears.rgl.datamodel.value.impl.ModifiableRecord
8776
RGL_VALUE_17846 class nl.tudelft.rdfgears.rgl.datamodel.value.impl.ModifiableRecord
8777
RGL_VALUE_17848 class nl.tudelft.rdfgears.rgl.datamodel.value.impl.ModifiableRecord
8778
RGL_VALUE_17850 class nl.tudelft.rdfgears.rgl.datamodel.value.impl.ModifiableRecord
8779
RGL_VALUE_17852 class nl.tudelft.rdfgears.rgl.datamodel.value.impl.ModifiableRecord
8780
RGL_VALUE_17854 class nl.tudelft.rdfgears.rgl.datamodel.value.impl.ModifiableRecord
8781
RGL_VALUE_17856 class nl.tudelft.rdfgears.rgl.datamodel.value.impl.ModifiableRecord
8782
RGL_VALUE_17858 class nl.tudelft.rdfgears.rgl.datamodel.value.impl.ModifiableRecord
8783
RGL_VALUE_17860 class nl.tudelft.rdfgears.rgl.datamodel.value.impl.ModifiableRecord
8784
RGL_VALUE_17862 class nl.tudelft.rdfgears.rgl.datamodel.value.impl.ModifiableRecord
8785
RGL_VALUE_17864 class nl.tudelft.rdfgears.rgl.datamodel.value.impl.ModifiableRecord
8786
RGL_VALUE_17866 class nl.tudelft.rdfgears.rgl.datamodel.value.impl.ModifiableRecord
8787
RGL_VALUE_17868 class nl.tudelft.rdfgears.rgl.datamodel.value.impl.ModifiableRecord
8788
RGL_VALUE_17870 class nl.tudelft.rdfgears.rgl.datamodel.value.impl.ModifiableRecord
8789
RGL_VALUE_17872 class nl.tudelft.rdfgears.rgl.datamodel.value.impl.ModifiableRecord
8790
RGL_VALUE_17874 class nl.tudelft.rdfgears.rgl.datamodel.value.impl.ModifiableRecord
8791
RGL_VALUE_17876 class nl.tudelft.rdfgears.rgl.datamodel.value.impl.ModifiableRecord
8792
RGL_VALUE_17878 class nl.tudelft.rdfgears.rgl.datamodel.value.impl.ModifiableRecord
8793
RGL_VALUE_17880 class nl.tudelft.rdfgears.rgl.datamodel.value.impl.ModifiableRecord
8794
RGL_VALUE_17882 class nl.tudelft.rdfgears.rgl.datamodel.value.impl.ModifiableRecord
8795
RGL_VALUE_17884 class nl.tudelft.rdfgears.rgl.datamodel.value.impl.ModifiableRecord
8796
RGL_VALUE_17886 class nl.tudelft.rdfgears.rgl.datamodel.value.impl.ModifiableRecord
8797
RGL_VALUE_17888 class nl.tudelft.rdfgears.rgl.datamodel.value.impl.ModifiableRecord
8798
RGL_VALUE_17890 class nl.tudelft.rdfgears.rgl.datamodel.value.impl.ModifiableRecord
8799
RGL_VALUE_17892 class nl.tudelft.rdfgears.rgl.datamodel.value.impl.ModifiableRecord
8800
RGL_VALUE_17895 class nl.tudelft.rdfgears.rgl.datamodel.value.impl.ModifiableRecord
8801
RGL_VALUE_17897 class nl.tudelft.rdfgears.rgl.datamodel.value.impl.ModifiableRecord
8802
RGL_VALUE_17899 class nl.tudelft.rdfgears.rgl.datamodel.value.impl.ModifiableRecord
8803
RGL_VALUE_17901 class nl.tudelft.rdfgears.rgl.datamodel.value.impl.ModifiableRecord
8804
RGL_VALUE_17903 class nl.tudelft.rdfgears.rgl.datamodel.value.impl.ModifiableRecord
8805
RGL_VALUE_17905 class nl.tudelft.rdfgears.rgl.datamodel.value.impl.ModifiableRecord
8806
RGL_VALUE_17907 class nl.tudelft.rdfgears.rgl.datamodel.value.impl.ModifiableRecord
8807
RGL_VALUE_17909 class nl.tudelft.rdfgears.rgl.datamodel.value.impl.ModifiableRecord
8808
RGL_VALUE_17911 class nl.tudelft.rdfgears.rgl.datamodel.value.impl.ModifiableRecord
8809
RGL_VALUE_17913 class nl.tudelft.rdfgears.rgl.datamodel.value.impl.ModifiableRecord
8810
RGL_VALUE_17915 class nl.tudelft.rdfgears.rgl.datamodel.value.impl.ModifiableRecord
8811
RGL_VALUE_17917 class nl.tudelft.rdfgears.rgl.datamodel.value.impl.ModifiableRecord
8812
RGL_VALUE_17919 class nl.tudelft.rdfgears.rgl.datamodel.value.impl.ModifiableRecord
8813
RGL_VALUE_17921 class nl.tudelft.rdfgears.rgl.datamodel.value.impl.ModifiableRecord
8814
RGL_VALUE_17923 class nl.tudelft.rdfgears.rgl.datamodel.value.impl.ModifiableRecord
8815
RGL_VALUE_17925 class nl.tudelft.rdfgears.rgl.datamodel.value.impl.ModifiableRecord
8816
RGL_VALUE_17927 class nl.tudelft.rdfgears.rgl.datamodel.value.impl.ModifiableRecord
8817
RGL_VALUE_17929 class nl.tudelft.rdfgears.rgl.datamodel.value.impl.ModifiableRecord
8818
RGL_VALUE_17931 class nl.tudelft.rdfgears.rgl.datamodel.value.impl.ModifiableRecord
8819
RGL_VALUE_17933 class nl.tudelft.rdfgears.rgl.datamodel.value.impl.ModifiableRecord
8820
RGL_VALUE_17935 class nl.tudelft.rdfgears.rgl.datamodel.value.impl.ModifiableRecord
8821
RGL_VALUE_17937 class nl.tudelft.rdfgears.rgl.datamodel.value.impl.ModifiableRecord
8822
RGL_VALUE_17939 class nl.tudelft.rdfgears.rgl.datamodel.value.impl.ModifiableRecord
8823
RGL_VALUE_17941 class nl.tudelft.rdfgears.rgl.datamodel.value.impl.ModifiableRecord
8824
RGL_VALUE_17943 class nl.tudelft.rdfgears.rgl.datamodel.value.impl.ModifiableRecord
8825
RGL_VALUE_17945 class nl.tudelft.rdfgears.rgl.datamodel.value.impl.ModifiableRecord
8826
RGL_VALUE_17947 class nl.tudelft.rdfgears.rgl.datamodel.value.impl.ModifiableRecord
8827
RGL_VALUE_17949 class nl.tudelft.rdfgears.rgl.datamodel.value.impl.ModifiableRecord
8828
RGL_VALUE_17951 class nl.tudelft.rdfgears.rgl.datamodel.value.impl.ModifiableRecord
8829
RGL_VALUE_17953 class nl.tudelft.rdfgears.rgl.datamodel.value.impl.ModifiableRecord
8830
RGL_VALUE_17955 class nl.tudelft.rdfgears.rgl.datamodel.value.impl.ModifiableRecord
8831
RGL_VALUE_17957 class nl.tudelft.rdfgears.rgl.datamodel.value.impl.ModifiableRecord
8832
RGL_VALUE_17959 class nl.tudelft.rdfgears.rgl.datamodel.value.impl.ModifiableRecord
8833
RGL_VALUE_17961 class nl.tudelft.rdfgears.rgl.datamodel.value.impl.ModifiableRecord
8834
RGL_VALUE_17963 class nl.tudelft.rdfgears.rgl.datamodel.value.impl.ModifiableRecord
8835
RGL_VALUE_17965 class nl.tudelft.rdfgears.rgl.datamodel.value.impl.ModifiableRecord
8836
RGL_VALUE_17967 class nl.tudelft.rdfgears.rgl.datamodel.value.impl.ModifiableRecord
8837
RGL_VALUE_17969 class nl.tudelft.rdfgears.rgl.datamodel.value.impl.ModifiableRecord
8838
RGL_VALUE_17971 class nl.tudelft.rdfgears.rgl.datamodel.value.impl.ModifiableRecord
8839
RGL_VALUE_17973 class nl.tudelft.rdfgears.rgl.datamodel.value.impl.ModifiableRecord
8840
RGL_VALUE_17975 class nl.tudelft.rdfgears.rgl.datamodel.value.impl.ModifiableRecord
8841
RGL_VALUE_17977 class nl.tudelft.rdfgears.rgl.datamodel.value.impl.ModifiableRecord
8842
RGL_VALUE_17979 class nl.tudelft.rdfgears.rgl.datamodel.value.impl.ModifiableRecord
8843
RGL_VALUE_17981 class nl.tudelft.rdfgears.rgl.datamodel.value.impl.ModifiableRecord
8844
RGL_VALUE_17983 class nl.tudelft.rdfgears.rgl.datamodel.value.impl.ModifiableRecord
8845
RGL_VALUE_17985 class nl.tudelft.rdfgears.rgl.datamodel.value.impl.ModifiableRecord
8846
RGL_VALUE_17987 class nl.tudelft.rdfgears.rgl.datamodel.value.impl.ModifiableRecord
8847
RGL_VALUE_17989 class nl.tudelft.rdfgears.rgl.datamodel.value.impl.ModifiableRecord
8848
RGL_VALUE_17991 class nl.tudelft.rdfgears.rgl.datamodel.value.impl.ModifiableRecord
8849
RGL_VALUE_17993 class nl.tudelft.rdfgears.rgl.datamodel.value.impl.ModifiableRecord
8850
RGL_VALUE_17995 class nl.tudelft.rdfgears.rgl.datamodel.value.impl.ModifiableRecord
8851
RGL_VALUE_17997 class nl.tudelft.rdfgears.rgl.datamodel.value.impl.ModifiableRecord
8852
RGL_VALUE_17999 class nl.tudelft.rdfgears.rgl.datamodel.value.impl.ModifiableRecord
8853
RGL_VALUE_18001 class nl.tudelft.rdfgears.rgl.datamodel.value.impl.ModifiableRecord
8854
RGL_VALUE_18003 class nl.tudelft.rdfgears.rgl.datamodel.value.impl.ModifiableRecord
8855
RGL_VALUE_18005 class nl.tudelft.rdfgears.rgl.datamodel.value.impl.ModifiableRecord
8856
RGL_VALUE_18007 class nl.tudelft.rdfgears.rgl.datamodel.value.impl.ModifiableRecord
8857
RGL_VALUE_18009 class nl.tudelft.rdfgears.rgl.datamodel.value.impl.ModifiableRecord
8858
RGL_VALUE_18011 class nl.tudelft.rdfgears.rgl.datamodel.value.impl.ModifiableRecord
8859
RGL_VALUE_18013 class nl.tudelft.rdfgears.rgl.datamodel.value.impl.ModifiableRecord
8860
RGL_VALUE_18015 class nl.tudelft.rdfgears.rgl.datamodel.value.impl.ModifiableRecord
8861
RGL_VALUE_18017 class nl.tudelft.rdfgears.rgl.datamodel.value.impl.ModifiableRecord
8862
RGL_VALUE_18019 class nl.tudelft.rdfgears.rgl.datamodel.value.impl.ModifiableRecord
8863
RGL_VALUE_18021 class nl.tudelft.rdfgears.rgl.datamodel.value.impl.ModifiableRecord
8864
RGL_VALUE_18023 class nl.tudelft.rdfgears.rgl.datamodel.value.impl.ModifiableRecord
8865
RGL_VALUE_18025 class nl.tudelft.rdfgears.rgl.datamodel.value.impl.ModifiableRecord
8866
RGL_VALUE_18027 class nl.tudelft.rdfgears.rgl.datamodel.value.impl.ModifiableRecord
8867
RGL_VALUE_18029 class nl.tudelft.rdfgears.rgl.datamodel.value.impl.ModifiableRecord
8868
RGL_VALUE_18031 class nl.tudelft.rdfgears.rgl.datamodel.value.impl.ModifiableRecord
8869
RGL_VALUE_18033 class nl.tudelft.rdfgears.rgl.datamodel.value.impl.ModifiableRecord
8870
RGL_VALUE_18035 class nl.tudelft.rdfgears.rgl.datamodel.value.impl.ModifiableRecord
8871
RGL_VALUE_18037 class nl.tudelft.rdfgears.rgl.datamodel.value.impl.ModifiableRecord
8872
RGL_VALUE_18039 class nl.tudelft.rdfgears.rgl.datamodel.value.impl.ModifiableRecord
8873
RGL_VALUE_18041 class nl.tudelft.rdfgears.rgl.datamodel.value.impl.ModifiableRecord
8874
RGL_VALUE_18043 class nl.tudelft.rdfgears.rgl.datamodel.value.impl.ModifiableRecord
8875
RGL_VALUE_18045 class nl.tudelft.rdfgears.rgl.datamodel.value.impl.ModifiableRecord
8876
RGL_VALUE_18047 class nl.tudelft.rdfgears.rgl.datamodel.value.impl.ModifiableRecord
8877
RGL_VALUE_18049 class nl.tudelft.rdfgears.rgl.datamodel.value.impl.ModifiableRecord
8878
RGL_VALUE_18051 class nl.tudelft.rdfgears.rgl.datamodel.value.impl.ModifiableRecord
8879
RGL_VALUE_18053 class nl.tudelft.rdfgears.rgl.datamodel.value.impl.ModifiableRecord
8880
RGL_VALUE_18055 class nl.tudelft.rdfgears.rgl.datamodel.value.impl.ModifiableRecord
8881
RGL_VALUE_18057 class nl.tudelft.rdfgears.rgl.datamodel.value.impl.ModifiableRecord
8882
RGL_VALUE_18059 class nl.tudelft.rdfgears.rgl.datamodel.value.impl.ModifiableRecord
8883
RGL_VALUE_18061 class nl.tudelft.rdfgears.rgl.datamodel.value.impl.ModifiableRecord
8884
RGL_VALUE_18063 class nl.tudelft.rdfgears.rgl.datamodel.value.impl.ModifiableRecord
8885
RGL_VALUE_18065 class nl.tudelft.rdfgears.rgl.datamodel.value.impl.ModifiableRecord
8886
RGL_VALUE_18067 class nl.tudelft.rdfgears.rgl.datamodel.value.impl.ModifiableRecord
8887
RGL_VALUE_18069 class nl.tudelft.rdfgears.rgl.datamodel.value.impl.ModifiableRecord
8888
RGL_VALUE_18071 class nl.tudelft.rdfgears.rgl.datamodel.value.impl.ModifiableRecord
8889
RGL_VALUE_18073 class nl.tudelft.rdfgears.rgl.datamodel.value.impl.ModifiableRecord
8890
RGL_VALUE_18075 class nl.tudelft.rdfgears.rgl.datamodel.value.impl.ModifiableRecord
8891
RGL_VALUE_18077 class nl.tudelft.rdfgears.rgl.datamodel.value.impl.ModifiableRecord
8892
RGL_VALUE_18079 class nl.tudelft.rdfgears.rgl.datamodel.value.impl.ModifiableRecord
8893
RGL_VALUE_18081 class nl.tudelft.rdfgears.rgl.datamodel.value.impl.ModifiableRecord
8894
RGL_VALUE_18083 class nl.tudelft.rdfgears.rgl.datamodel.value.impl.ModifiableRecord
8895
RGL_VALUE_18085 class nl.tudelft.rdfgears.rgl.datamodel.value.impl.ModifiableRecord
8896
RGL_VALUE_18087 class nl.tudelft.rdfgears.rgl.datamodel.value.impl.ModifiableRecord
8897
RGL_VALUE_18089 class nl.tudelft.rdfgears.rgl.datamodel.value.impl.ModifiableRecord
8898
RGL_VALUE_18091 class nl.tudelft.rdfgears.rgl.datamodel.value.impl.ModifiableRecord
8899
RGL_VALUE_18093 class nl.tudelft.rdfgears.rgl.datamodel.value.impl.ModifiableRecord
8900
RGL_VALUE_18096 class nl.tudelft.rdfgears.rgl.datamodel.value.impl.ModifiableRecord
8901
RGL_VALUE_18098 class nl.tudelft.rdfgears.rgl.datamodel.value.impl.ModifiableRecord
8902
RGL_VALUE_18100 class nl.tudelft.rdfgears.rgl.datamodel.value.impl.ModifiableRecord
8903
RGL_VALUE_18102 class nl.tudelft.rdfgears.rgl.datamodel.value.impl.ModifiableRecord
8904
RGL_VALUE_18104 class nl.tudelft.rdfgears.rgl.datamodel.value.impl.ModifiableRecord
8905
RGL_VALUE_18106 class nl.tudelft.rdfgears.rgl.datamodel.value.impl.ModifiableRecord
8906
RGL_VALUE_18108 class nl.tudelft.rdfgears.rgl.datamodel.value.impl.ModifiableRecord
8907
RGL_VALUE_18110 class nl.tudelft.rdfgears.rgl.datamodel.value.impl.ModifiableRecord
8908
RGL_VALUE_18112 class nl.tudelft.rdfgears.rgl.datamodel.value.impl.ModifiableRecord
8909
RGL_VALUE_18114 class nl.tudelft.rdfgears.rgl.datamodel.value.impl.ModifiableRecord
8910
RGL_VALUE_18116 class nl.tudelft.rdfgears.rgl.datamodel.value.impl.ModifiableRecord
8911
RGL_VALUE_18118 class nl.tudelft.rdfgears.rgl.datamodel.value.impl.ModifiableRecord
8912
RGL_VALUE_18120 class nl.tudelft.rdfgears.rgl.datamodel.value.impl.ModifiableRecord
8913
RGL_VALUE_18122 class nl.tudelft.rdfgears.rgl.datamodel.value.impl.ModifiableRecord
8914
RGL_VALUE_18124 class nl.tudelft.rdfgears.rgl.datamodel.value.impl.ModifiableRecord
8915
RGL_VALUE_18126 class nl.tudelft.rdfgears.rgl.datamodel.value.impl.ModifiableRecord
8916
RGL_VALUE_18128 class nl.tudelft.rdfgears.rgl.datamodel.value.impl.ModifiableRecord
8917
RGL_VALUE_18130 class nl.tudelft.rdfgears.rgl.datamodel.value.impl.ModifiableRecord
8918
RGL_VALUE_18132 class nl.tudelft.rdfgears.rgl.datamodel.value.impl.ModifiableRecord
8919
RGL_VALUE_18134 class nl.tudelft.rdfgears.rgl.datamodel.value.impl.ModifiableRecord
8920
RGL_VALUE_18136 class nl.tudelft.rdfgears.rgl.datamodel.value.impl.ModifiableRecord
8921
RGL_VALUE_18138 class nl.tudelft.rdfgears.rgl.datamodel.value.impl.ModifiableRecord
8922
RGL_VALUE_18140 class nl.tudelft.rdfgears.rgl.datamodel.value.impl.ModifiableRecord
8923
RGL_VALUE_18142 class nl.tudelft.rdfgears.rgl.datamodel.value.impl.ModifiableRecord
8924
RGL_VALUE_18144 class nl.tudelft.rdfgears.rgl.datamodel.value.impl.ModifiableRecord
8925
RGL_VALUE_18146 class nl.tudelft.rdfgears.rgl.datamodel.value.impl.ModifiableRecord
8926
RGL_VALUE_18148 class nl.tudelft.rdfgears.rgl.datamodel.value.impl.ModifiableRecord
8927
RGL_VALUE_18150 class nl.tudelft.rdfgears.rgl.datamodel.value.impl.ModifiableRecord
8928
RGL_VALUE_18152 class nl.tudelft.rdfgears.rgl.datamodel.value.impl.ModifiableRecord
8929
RGL_VALUE_18154 class nl.tudelft.rdfgears.rgl.datamodel.value.impl.ModifiableRecord
8930
RGL_VALUE_18156 class nl.tudelft.rdfgears.rgl.datamodel.value.impl.ModifiableRecord
8931
RGL_VALUE_18158 class nl.tudelft.rdfgears.rgl.datamodel.value.impl.ModifiableRecord
8932
RGL_VALUE_18160 class nl.tudelft.rdfgears.rgl.datamodel.value.impl.ModifiableRecord
8933
RGL_VALUE_18162 class nl.tudelft.rdfgears.rgl.datamodel.value.impl.ModifiableRecord
8934
RGL_VALUE_18164 class nl.tudelft.rdfgears.rgl.datamodel.value.impl.ModifiableRecord
8935
RGL_VALUE_18166 class nl.tudelft.rdfgears.rgl.datamodel.value.impl.ModifiableRecord
8936
RGL_VALUE_18168 class nl.tudelft.rdfgears.rgl.datamodel.value.impl.ModifiableRecord
8937
RGL_VALUE_18170 class nl.tudelft.rdfgears.rgl.datamodel.value.impl.ModifiableRecord
8938
RGL_VALUE_18172 class nl.tudelft.rdfgears.rgl.datamodel.value.impl.ModifiableRecord
8939
RGL_VALUE_18174 class nl.tudelft.rdfgears.rgl.datamodel.value.impl.ModifiableRecord
8940
RGL_VALUE_18176 class nl.tudelft.rdfgears.rgl.datamodel.value.impl.ModifiableRecord
8941
RGL_VALUE_18178 class nl.tudelft.rdfgears.rgl.datamodel.value.impl.ModifiableRecord
8942
RGL_VALUE_18180 class nl.tudelft.rdfgears.rgl.datamodel.value.impl.ModifiableRecord
8943
RGL_VALUE_18182 class nl.tudelft.rdfgears.rgl.datamodel.value.impl.ModifiableRecord
8944
RGL_VALUE_18184 class nl.tudelft.rdfgears.rgl.datamodel.value.impl.ModifiableRecord
8945
RGL_VALUE_18186 class nl.tudelft.rdfgears.rgl.datamodel.value.impl.ModifiableRecord
8946
RGL_VALUE_18188 class nl.tudelft.rdfgears.rgl.datamodel.value.impl.ModifiableRecord
8947
RGL_VALUE_18190 class nl.tudelft.rdfgears.rgl.datamodel.value.impl.ModifiableRecord
8948
RGL_VALUE_18192 class nl.tudelft.rdfgears.rgl.datamodel.value.impl.ModifiableRecord
8949
RGL_VALUE_18194 class nl.tudelft.rdfgears.rgl.datamodel.value.impl.ModifiableRecord
8950
RGL_VALUE_18196 class nl.tudelft.rdfgears.rgl.datamodel.value.impl.ModifiableRecord
8951
RGL_VALUE_18198 class nl.tudelft.rdfgears.rgl.datamodel.value.impl.ModifiableRecord
8952
RGL_VALUE_18200 class nl.tudelft.rdfgears.rgl.datamodel.value.impl.ModifiableRecord
8953
RGL_VALUE_18202 class nl.tudelft.rdfgears.rgl.datamodel.value.impl.ModifiableRecord
8954
RGL_VALUE_18204 class nl.tudelft.rdfgears.rgl.datamodel.value.impl.ModifiableRecord
8955
RGL_VALUE_18206 class nl.tudelft.rdfgears.rgl.datamodel.value.impl.ModifiableRecord
8956
RGL_VALUE_18208 class nl.tudelft.rdfgears.rgl.datamodel.value.impl.ModifiableRecord
8957
RGL_VALUE_18210 class nl.tudelft.rdfgears.rgl.datamodel.value.impl.ModifiableRecord
8958
RGL_VALUE_18212 class nl.tudelft.rdfgears.rgl.datamodel.value.impl.ModifiableRecord
8959
RGL_VALUE_18214 class nl.tudelft.rdfgears.rgl.datamodel.value.impl.ModifiableRecord
8960
RGL_VALUE_18216 class nl.tudelft.rdfgears.rgl.datamodel.value.impl.ModifiableRecord
8961
RGL_VALUE_18218 class nl.tudelft.rdfgears.rgl.datamodel.value.impl.ModifiableRecord
8962
RGL_VALUE_18220 class nl.tudelft.rdfgears.rgl.datamodel.value.impl.ModifiableRecord
8963
RGL_VALUE_18222 class nl.tudelft.rdfgears.rgl.datamodel.value.impl.ModifiableRecord
8964
RGL_VALUE_18224 class nl.tudelft.rdfgears.rgl.datamodel.value.impl.ModifiableRecord
8965
RGL_VALUE_18226 class nl.tudelft.rdfgears.rgl.datamodel.value.impl.ModifiableRecord
8966
RGL_VALUE_18228 class nl.tudelft.rdfgears.rgl.datamodel.value.impl.ModifiableRecord
8967
RGL_VALUE_18230 class nl.tudelft.rdfgears.rgl.datamodel.value.impl.ModifiableRecord
8968
RGL_VALUE_18232 class nl.tudelft.rdfgears.rgl.datamodel.value.impl.ModifiableRecord
8969
RGL_VALUE_18234 class nl.tudelft.rdfgears.rgl.datamodel.value.impl.ModifiableRecord
8970
RGL_VALUE_18236 class nl.tudelft.rdfgears.rgl.datamodel.value.impl.ModifiableRecord
8971
RGL_VALUE_18238 class nl.tudelft.rdfgears.rgl.datamodel.value.impl.ModifiableRecord
8972
RGL_VALUE_18240 class nl.tudelft.rdfgears.rgl.datamodel.value.impl.ModifiableRecord
8973
RGL_VALUE_18242 class nl.tudelft.rdfgears.rgl.datamodel.value.impl.ModifiableRecord
8974
RGL_VALUE_18244 class nl.tudelft.rdfgears.rgl.datamodel.value.impl.ModifiableRecord
8975
RGL_VALUE_18246 class nl.tudelft.rdfgears.rgl.datamodel.value.impl.ModifiableRecord
8976
RGL_VALUE_18248 class nl.tudelft.rdfgears.rgl.datamodel.value.impl.ModifiableRecord
8977
RGL_VALUE_18250 class nl.tudelft.rdfgears.rgl.datamodel.value.impl.ModifiableRecord
8978
RGL_VALUE_18252 class nl.tudelft.rdfgears.rgl.datamodel.value.impl.ModifiableRecord
8979
RGL_VALUE_18254 class nl.tudelft.rdfgears.rgl.datamodel.value.impl.ModifiableRecord
8980
RGL_VALUE_18256 class nl.tudelft.rdfgears.rgl.datamodel.value.impl.ModifiableRecord
8981
RGL_VALUE_18258 class nl.tudelft.rdfgears.rgl.datamodel.value.impl.ModifiableRecord
8982
RGL_VALUE_18260 class nl.tudelft.rdfgears.rgl.datamodel.value.impl.ModifiableRecord
8983
RGL_VALUE_18262 class nl.tudelft.rdfgears.rgl.datamodel.value.impl.ModifiableRecord
8984
RGL_VALUE_18264 class nl.tudelft.rdfgears.rgl.datamodel.value.impl.ModifiableRecord
8985
RGL_VALUE_18266 class nl.tudelft.rdfgears.rgl.datamodel.value.impl.ModifiableRecord
8986
RGL_VALUE_18268 class nl.tudelft.rdfgears.rgl.datamodel.value.impl.ModifiableRecord
8987
RGL_VALUE_18270 class nl.tudelft.rdfgears.rgl.datamodel.value.impl.ModifiableRecord
8988
RGL_VALUE_18272 class nl.tudelft.rdfgears.rgl.datamodel.value.impl.ModifiableRecord
8989
RGL_VALUE_18274 class nl.tudelft.rdfgears.rgl.datamodel.value.impl.ModifiableRecord
8990
RGL_VALUE_18276 class nl.tudelft.rdfgears.rgl.datamodel.value.impl.ModifiableRecord
8991
RGL_VALUE_18278 class nl.tudelft.rdfgears.rgl.datamodel.value.impl.ModifiableRecord
8992
RGL_VALUE_18280 class nl.tudelft.rdfgears.rgl.datamodel.value.impl.ModifiableRecord
8993
RGL_VALUE_18282 class nl.tudelft.rdfgears.rgl.datamodel.value.impl.ModifiableRecord
8994
RGL_VALUE_18284 class nl.tudelft.rdfgears.rgl.datamodel.value.impl.ModifiableRecord
8995
RGL_VALUE_18286 class nl.tudelft.rdfgears.rgl.datamodel.value.impl.ModifiableRecord
8996
RGL_VALUE_18288 class nl.tudelft.rdfgears.rgl.datamodel.value.impl.ModifiableRecord
8997
RGL_VALUE_18290 class nl.tudelft.rdfgears.rgl.datamodel.value.impl.ModifiableRecord
8998
RGL_VALUE_18292 class nl.tudelft.rdfgears.rgl.datamodel.value.impl.ModifiableRecord
8999
RGL_VALUE_18294 class nl.tudelft.rdfgears.rgl.datamodel.value.impl.ModifiableRecord
9000
RGL_VALUE_18297 class nl.tudelft.rdfgears.rgl.datamodel.value.impl.ModifiableRecord
9001
RGL_VALUE_18299 class nl.tudelft.rdfgears.rgl.datamodel.value.impl.ModifiableRecord
9002
RGL_VALUE_18301 class nl.tudelft.rdfgears.rgl.datamodel.value.impl.ModifiableRecord
9003
RGL_VALUE_18303 class nl.tudelft.rdfgears.rgl.datamodel.value.impl.ModifiableRecord
9004
RGL_VALUE_18305 class nl.tudelft.rdfgears.rgl.datamodel.value.impl.ModifiableRecord
9005
RGL_VALUE_18307 class nl.tudelft.rdfgears.rgl.datamodel.value.impl.ModifiableRecord
9006
RGL_VALUE_18309 class nl.tudelft.rdfgears.rgl.datamodel.value.impl.ModifiableRecord
9007
RGL_VALUE_18311 class nl.tudelft.rdfgears.rgl.datamodel.value.impl.ModifiableRecord
9008
RGL_VALUE_18313 class nl.tudelft.rdfgears.rgl.datamodel.value.impl.ModifiableRecord
9009
RGL_VALUE_18315 class nl.tudelft.rdfgears.rgl.datamodel.value.impl.ModifiableRecord
9010
RGL_VALUE_18317 class nl.tudelft.rdfgears.rgl.datamodel.value.impl.ModifiableRecord
9011
RGL_VALUE_18319 class nl.tudelft.rdfgears.rgl.datamodel.value.impl.ModifiableRecord
9012
RGL_VALUE_18321 class nl.tudelft.rdfgears.rgl.datamodel.value.impl.ModifiableRecord
9013
RGL_VALUE_18323 class nl.tudelft.rdfgears.rgl.datamodel.value.impl.ModifiableRecord
9014
RGL_VALUE_18325 class nl.tudelft.rdfgears.rgl.datamodel.value.impl.ModifiableRecord
9015
RGL_VALUE_18327 class nl.tudelft.rdfgears.rgl.datamodel.value.impl.ModifiableRecord
9016
RGL_VALUE_18329 class nl.tudelft.rdfgears.rgl.datamodel.value.impl.ModifiableRecord
9017
RGL_VALUE_18331 class nl.tudelft.rdfgears.rgl.datamodel.value.impl.ModifiableRecord
9018
RGL_VALUE_18333 class nl.tudelft.rdfgears.rgl.datamodel.value.impl.ModifiableRecord
9019
RGL_VALUE_18335 class nl.tudelft.rdfgears.rgl.datamodel.value.impl.ModifiableRecord
9020
RGL_VALUE_18337 class nl.tudelft.rdfgears.rgl.datamodel.value.impl.ModifiableRecord
9021
RGL_VALUE_18339 class nl.tudelft.rdfgears.rgl.datamodel.value.impl.ModifiableRecord
9022
RGL_VALUE_18341 class nl.tudelft.rdfgears.rgl.datamodel.value.impl.ModifiableRecord
9023
RGL_VALUE_18343 class nl.tudelft.rdfgears.rgl.datamodel.value.impl.ModifiableRecord
9024
RGL_VALUE_18345 class nl.tudelft.rdfgears.rgl.datamodel.value.impl.ModifiableRecord
9025
RGL_VALUE_18347 class nl.tudelft.rdfgears.rgl.datamodel.value.impl.ModifiableRecord
9026
RGL_VALUE_18349 class nl.tudelft.rdfgears.rgl.datamodel.value.impl.ModifiableRecord
9027
RGL_VALUE_18351 class nl.tudelft.rdfgears.rgl.datamodel.value.impl.ModifiableRecord
9028
RGL_VALUE_18353 class nl.tudelft.rdfgears.rgl.datamodel.value.impl.ModifiableRecord
9029
RGL_VALUE_18355 class nl.tudelft.rdfgears.rgl.datamodel.value.impl.ModifiableRecord
9030
RGL_VALUE_18357 class nl.tudelft.rdfgears.rgl.datamodel.value.impl.ModifiableRecord
9031
RGL_VALUE_18359 class nl.tudelft.rdfgears.rgl.datamodel.value.impl.ModifiableRecord
9032
RGL_VALUE_18361 class nl.tudelft.rdfgears.rgl.datamodel.value.impl.ModifiableRecord
9033
RGL_VALUE_18363 class nl.tudelft.rdfgears.rgl.datamodel.value.impl.ModifiableRecord
9034
RGL_VALUE_18365 class nl.tudelft.rdfgears.rgl.datamodel.value.impl.ModifiableRecord
9035
RGL_VALUE_18367 class nl.tudelft.rdfgears.rgl.datamodel.value.impl.ModifiableRecord
9036
RGL_VALUE_18369 class nl.tudelft.rdfgears.rgl.datamodel.value.impl.ModifiableRecord
9037
RGL_VALUE_18371 class nl.tudelft.rdfgears.rgl.datamodel.value.impl.ModifiableRecord
9038
RGL_VALUE_18373 class nl.tudelft.rdfgears.rgl.datamodel.value.impl.ModifiableRecord
9039
RGL_VALUE_18375 class nl.tudelft.rdfgears.rgl.datamodel.value.impl.ModifiableRecord
9040
RGL_VALUE_18377 class nl.tudelft.rdfgears.rgl.datamodel.value.impl.ModifiableRecord
9041
RGL_VALUE_18379 class nl.tudelft.rdfgears.rgl.datamodel.value.impl.ModifiableRecord
9042
RGL_VALUE_18381 class nl.tudelft.rdfgears.rgl.datamodel.value.impl.ModifiableRecord
9043
RGL_VALUE_18383 class nl.tudelft.rdfgears.rgl.datamodel.value.impl.ModifiableRecord
9044
RGL_VALUE_18385 class nl.tudelft.rdfgears.rgl.datamodel.value.impl.ModifiableRecord
9045
RGL_VALUE_18387 class nl.tudelft.rdfgears.rgl.datamodel.value.impl.ModifiableRecord
9046
RGL_VALUE_18389 class nl.tudelft.rdfgears.rgl.datamodel.value.impl.ModifiableRecord
9047
RGL_VALUE_18391 class nl.tudelft.rdfgears.rgl.datamodel.value.impl.ModifiableRecord
9048
RGL_VALUE_18393 class nl.tudelft.rdfgears.rgl.datamodel.value.impl.ModifiableRecord
9049
RGL_VALUE_18395 class nl.tudelft.rdfgears.rgl.datamodel.value.impl.ModifiableRecord
9050
RGL_VALUE_18397 class nl.tudelft.rdfgears.rgl.datamodel.value.impl.ModifiableRecord
9051
RGL_VALUE_18399 class nl.tudelft.rdfgears.rgl.datamodel.value.impl.ModifiableRecord
9052
RGL_VALUE_18401 class nl.tudelft.rdfgears.rgl.datamodel.value.impl.ModifiableRecord
9053
RGL_VALUE_18403 class nl.tudelft.rdfgears.rgl.datamodel.value.impl.ModifiableRecord
9054
RGL_VALUE_18405 class nl.tudelft.rdfgears.rgl.datamodel.value.impl.ModifiableRecord
9055
RGL_VALUE_18407 class nl.tudelft.rdfgears.rgl.datamodel.value.impl.ModifiableRecord
9056
RGL_VALUE_18409 class nl.tudelft.rdfgears.rgl.datamodel.value.impl.ModifiableRecord
9057
RGL_VALUE_18411 class nl.tudelft.rdfgears.rgl.datamodel.value.impl.ModifiableRecord
9058
RGL_VALUE_18413 class nl.tudelft.rdfgears.rgl.datamodel.value.impl.ModifiableRecord
9059
RGL_VALUE_18415 class nl.tudelft.rdfgears.rgl.datamodel.value.impl.ModifiableRecord
9060
RGL_VALUE_18417 class nl.tudelft.rdfgears.rgl.datamodel.value.impl.ModifiableRecord
9061
RGL_VALUE_18419 class nl.tudelft.rdfgears.rgl.datamodel.value.impl.ModifiableRecord
9062
RGL_VALUE_18421 class nl.tudelft.rdfgears.rgl.datamodel.value.impl.ModifiableRecord
9063
RGL_VALUE_18423 class nl.tudelft.rdfgears.rgl.datamodel.value.impl.ModifiableRecord
9064
RGL_VALUE_18425 class nl.tudelft.rdfgears.rgl.datamodel.value.impl.ModifiableRecord
9065
RGL_VALUE_18427 class nl.tudelft.rdfgears.rgl.datamodel.value.impl.ModifiableRecord
9066
RGL_VALUE_18429 class nl.tudelft.rdfgears.rgl.datamodel.value.impl.ModifiableRecord
9067
RGL_VALUE_18431 class nl.tudelft.rdfgears.rgl.datamodel.value.impl.ModifiableRecord
9068
RGL_VALUE_18433 class nl.tudelft.rdfgears.rgl.datamodel.value.impl.ModifiableRecord
9069
RGL_VALUE_18435 class nl.tudelft.rdfgears.rgl.datamodel.value.impl.ModifiableRecord
9070
RGL_VALUE_18437 class nl.tudelft.rdfgears.rgl.datamodel.value.impl.ModifiableRecord
9071
RGL_VALUE_18439 class nl.tudelft.rdfgears.rgl.datamodel.value.impl.ModifiableRecord
9072
RGL_VALUE_18441 class nl.tudelft.rdfgears.rgl.datamodel.value.impl.ModifiableRecord
9073
RGL_VALUE_18443 class nl.tudelft.rdfgears.rgl.datamodel.value.impl.ModifiableRecord
9074
RGL_VALUE_18445 class nl.tudelft.rdfgears.rgl.datamodel.value.impl.ModifiableRecord
9075
RGL_VALUE_18447 class nl.tudelft.rdfgears.rgl.datamodel.value.impl.ModifiableRecord
9076
RGL_VALUE_18449 class nl.tudelft.rdfgears.rgl.datamodel.value.impl.ModifiableRecord
9077
RGL_VALUE_18451 class nl.tudelft.rdfgears.rgl.datamodel.value.impl.ModifiableRecord
9078
RGL_VALUE_18453 class nl.tudelft.rdfgears.rgl.datamodel.value.impl.ModifiableRecord
9079
RGL_VALUE_18455 class nl.tudelft.rdfgears.rgl.datamodel.value.impl.ModifiableRecord
9080
RGL_VALUE_18457 class nl.tudelft.rdfgears.rgl.datamodel.value.impl.ModifiableRecord
9081
RGL_VALUE_18459 class nl.tudelft.rdfgears.rgl.datamodel.value.impl.ModifiableRecord
9082
RGL_VALUE_18461 class nl.tudelft.rdfgears.rgl.datamodel.value.impl.ModifiableRecord
9083
RGL_VALUE_18463 class nl.tudelft.rdfgears.rgl.datamodel.value.impl.ModifiableRecord
9084
RGL_VALUE_18465 class nl.tudelft.rdfgears.rgl.datamodel.value.impl.ModifiableRecord
9085
RGL_VALUE_18467 class nl.tudelft.rdfgears.rgl.datamodel.value.impl.ModifiableRecord
9086
RGL_VALUE_18469 class nl.tudelft.rdfgears.rgl.datamodel.value.impl.ModifiableRecord
9087
RGL_VALUE_18471 class nl.tudelft.rdfgears.rgl.datamodel.value.impl.ModifiableRecord
9088
RGL_VALUE_18473 class nl.tudelft.rdfgears.rgl.datamodel.value.impl.ModifiableRecord
9089
RGL_VALUE_18475 class nl.tudelft.rdfgears.rgl.datamodel.value.impl.ModifiableRecord
9090
RGL_VALUE_18477 class nl.tudelft.rdfgears.rgl.datamodel.value.impl.ModifiableRecord
9091
RGL_VALUE_18479 class nl.tudelft.rdfgears.rgl.datamodel.value.impl.ModifiableRecord
9092
RGL_VALUE_18481 class nl.tudelft.rdfgears.rgl.datamodel.value.impl.ModifiableRecord
9093
RGL_VALUE_18483 class nl.tudelft.rdfgears.rgl.datamodel.value.impl.ModifiableRecord
9094
RGL_VALUE_18485 class nl.tudelft.rdfgears.rgl.datamodel.value.impl.ModifiableRecord
9095
RGL_VALUE_18487 class nl.tudelft.rdfgears.rgl.datamodel.value.impl.ModifiableRecord
9096
RGL_VALUE_18489 class nl.tudelft.rdfgears.rgl.datamodel.value.impl.ModifiableRecord
9097
RGL_VALUE_18491 class nl.tudelft.rdfgears.rgl.datamodel.value.impl.ModifiableRecord
9098
RGL_VALUE_18493 class nl.tudelft.rdfgears.rgl.datamodel.value.impl.ModifiableRecord
9099
RGL_VALUE_18495 class nl.tudelft.rdfgears.rgl.datamodel.value.impl.ModifiableRecord
9100
RGL_VALUE_18498 class nl.tudelft.rdfgears.rgl.datamodel.value.impl.ModifiableRecord
9101
RGL_VALUE_18500 class nl.tudelft.rdfgears.rgl.datamodel.value.impl.ModifiableRecord
9102
RGL_VALUE_18502 class nl.tudelft.rdfgears.rgl.datamodel.value.impl.ModifiableRecord
9103
RGL_VALUE_18504 class nl.tudelft.rdfgears.rgl.datamodel.value.impl.ModifiableRecord
9104
RGL_VALUE_18506 class nl.tudelft.rdfgears.rgl.datamodel.value.impl.ModifiableRecord
9105
RGL_VALUE_18508 class nl.tudelft.rdfgears.rgl.datamodel.value.impl.ModifiableRecord
9106
RGL_VALUE_18510 class nl.tudelft.rdfgears.rgl.datamodel.value.impl.ModifiableRecord
9107
RGL_VALUE_18512 class nl.tudelft.rdfgears.rgl.datamodel.value.impl.ModifiableRecord
9108
RGL_VALUE_18514 class nl.tudelft.rdfgears.rgl.datamodel.value.impl.ModifiableRecord
9109
RGL_VALUE_18516 class nl.tudelft.rdfgears.rgl.datamodel.value.impl.ModifiableRecord
9110
RGL_VALUE_18518 class nl.tudelft.rdfgears.rgl.datamodel.value.impl.ModifiableRecord
9111
RGL_VALUE_18520 class nl.tudelft.rdfgears.rgl.datamodel.value.impl.ModifiableRecord
9112
RGL_VALUE_18522 class nl.tudelft.rdfgears.rgl.datamodel.value.impl.ModifiableRecord
9113
RGL_VALUE_18524 class nl.tudelft.rdfgears.rgl.datamodel.value.impl.ModifiableRecord
9114
RGL_VALUE_18526 class nl.tudelft.rdfgears.rgl.datamodel.value.impl.ModifiableRecord
9115
RGL_VALUE_18528 class nl.tudelft.rdfgears.rgl.datamodel.value.impl.ModifiableRecord
9116
RGL_VALUE_18530 class nl.tudelft.rdfgears.rgl.datamodel.value.impl.ModifiableRecord
9117
RGL_VALUE_18532 class nl.tudelft.rdfgears.rgl.datamodel.value.impl.ModifiableRecord
9118
RGL_VALUE_18534 class nl.tudelft.rdfgears.rgl.datamodel.value.impl.ModifiableRecord
9119
RGL_VALUE_18536 class nl.tudelft.rdfgears.rgl.datamodel.value.impl.ModifiableRecord
9120
RGL_VALUE_18538 class nl.tudelft.rdfgears.rgl.datamodel.value.impl.ModifiableRecord
9121
RGL_VALUE_18540 class nl.tudelft.rdfgears.rgl.datamodel.value.impl.ModifiableRecord
9122
RGL_VALUE_18542 class nl.tudelft.rdfgears.rgl.datamodel.value.impl.ModifiableRecord
9123
RGL_VALUE_18544 class nl.tudelft.rdfgears.rgl.datamodel.value.impl.ModifiableRecord
9124
RGL_VALUE_18546 class nl.tudelft.rdfgears.rgl.datamodel.value.impl.ModifiableRecord
9125
RGL_VALUE_18548 class nl.tudelft.rdfgears.rgl.datamodel.value.impl.ModifiableRecord
9126
RGL_VALUE_18550 class nl.tudelft.rdfgears.rgl.datamodel.value.impl.ModifiableRecord
9127
RGL_VALUE_18552 class nl.tudelft.rdfgears.rgl.datamodel.value.impl.ModifiableRecord
9128
RGL_VALUE_18554 class nl.tudelft.rdfgears.rgl.datamodel.value.impl.ModifiableRecord
9129
RGL_VALUE_18556 class nl.tudelft.rdfgears.rgl.datamodel.value.impl.ModifiableRecord
9130
RGL_VALUE_18558 class nl.tudelft.rdfgears.rgl.datamodel.value.impl.ModifiableRecord
9131
RGL_VALUE_18560 class nl.tudelft.rdfgears.rgl.datamodel.value.impl.ModifiableRecord
9132
RGL_VALUE_18562 class nl.tudelft.rdfgears.rgl.datamodel.value.impl.ModifiableRecord
9133
RGL_VALUE_18564 class nl.tudelft.rdfgears.rgl.datamodel.value.impl.ModifiableRecord
9134
RGL_VALUE_18566 class nl.tudelft.rdfgears.rgl.datamodel.value.impl.ModifiableRecord
9135
RGL_VALUE_18568 class nl.tudelft.rdfgears.rgl.datamodel.value.impl.ModifiableRecord
9136
RGL_VALUE_18570 class nl.tudelft.rdfgears.rgl.datamodel.value.impl.ModifiableRecord
9137
RGL_VALUE_18572 class nl.tudelft.rdfgears.rgl.datamodel.value.impl.ModifiableRecord
9138
RGL_VALUE_18574 class nl.tudelft.rdfgears.rgl.datamodel.value.impl.ModifiableRecord
9139
RGL_VALUE_18576 class nl.tudelft.rdfgears.rgl.datamodel.value.impl.ModifiableRecord
9140
RGL_VALUE_18578 class nl.tudelft.rdfgears.rgl.datamodel.value.impl.ModifiableRecord
9141
RGL_VALUE_18580 class nl.tudelft.rdfgears.rgl.datamodel.value.impl.ModifiableRecord
9142
RGL_VALUE_18582 class nl.tudelft.rdfgears.rgl.datamodel.value.impl.ModifiableRecord
9143
RGL_VALUE_18584 class nl.tudelft.rdfgears.rgl.datamodel.value.impl.ModifiableRecord
9144
RGL_VALUE_18586 class nl.tudelft.rdfgears.rgl.datamodel.value.impl.ModifiableRecord
9145
RGL_VALUE_18588 class nl.tudelft.rdfgears.rgl.datamodel.value.impl.ModifiableRecord
9146
RGL_VALUE_18590 class nl.tudelft.rdfgears.rgl.datamodel.value.impl.ModifiableRecord
9147
RGL_VALUE_18592 class nl.tudelft.rdfgears.rgl.datamodel.value.impl.ModifiableRecord
9148
RGL_VALUE_18594 class nl.tudelft.rdfgears.rgl.datamodel.value.impl.ModifiableRecord
9149
RGL_VALUE_18596 class nl.tudelft.rdfgears.rgl.datamodel.value.impl.ModifiableRecord
9150
RGL_VALUE_18598 class nl.tudelft.rdfgears.rgl.datamodel.value.impl.ModifiableRecord
9151
RGL_VALUE_18600 class nl.tudelft.rdfgears.rgl.datamodel.value.impl.ModifiableRecord
9152
RGL_VALUE_18602 class nl.tudelft.rdfgears.rgl.datamodel.value.impl.ModifiableRecord
9153
RGL_VALUE_18604 class nl.tudelft.rdfgears.rgl.datamodel.value.impl.ModifiableRecord
9154
RGL_VALUE_18606 class nl.tudelft.rdfgears.rgl.datamodel.value.impl.ModifiableRecord
9155
RGL_VALUE_18608 class nl.tudelft.rdfgears.rgl.datamodel.value.impl.ModifiableRecord
9156
RGL_VALUE_18610 class nl.tudelft.rdfgears.rgl.datamodel.value.impl.ModifiableRecord
9157
RGL_VALUE_18612 class nl.tudelft.rdfgears.rgl.datamodel.value.impl.ModifiableRecord
9158
RGL_VALUE_18614 class nl.tudelft.rdfgears.rgl.datamodel.value.impl.ModifiableRecord
9159
RGL_VALUE_18616 class nl.tudelft.rdfgears.rgl.datamodel.value.impl.ModifiableRecord
9160
RGL_VALUE_18618 class nl.tudelft.rdfgears.rgl.datamodel.value.impl.ModifiableRecord
9161
RGL_VALUE_18620 class nl.tudelft.rdfgears.rgl.datamodel.value.impl.ModifiableRecord
9162
RGL_VALUE_18622 class nl.tudelft.rdfgears.rgl.datamodel.value.impl.ModifiableRecord
9163
RGL_VALUE_18624 class nl.tudelft.rdfgears.rgl.datamodel.value.impl.ModifiableRecord
9164
RGL_VALUE_18626 class nl.tudelft.rdfgears.rgl.datamodel.value.impl.ModifiableRecord
9165
RGL_VALUE_18628 class nl.tudelft.rdfgears.rgl.datamodel.value.impl.ModifiableRecord
9166
RGL_VALUE_18630 class nl.tudelft.rdfgears.rgl.datamodel.value.impl.ModifiableRecord
9167
RGL_VALUE_18632 class nl.tudelft.rdfgears.rgl.datamodel.value.impl.ModifiableRecord
9168
RGL_VALUE_18634 class nl.tudelft.rdfgears.rgl.datamodel.value.impl.ModifiableRecord
9169
RGL_VALUE_18636 class nl.tudelft.rdfgears.rgl.datamodel.value.impl.ModifiableRecord
9170
RGL_VALUE_18638 class nl.tudelft.rdfgears.rgl.datamodel.value.impl.ModifiableRecord
9171
RGL_VALUE_18640 class nl.tudelft.rdfgears.rgl.datamodel.value.impl.ModifiableRecord
9172
RGL_VALUE_18642 class nl.tudelft.rdfgears.rgl.datamodel.value.impl.ModifiableRecord
9173
RGL_VALUE_18644 class nl.tudelft.rdfgears.rgl.datamodel.value.impl.ModifiableRecord
9174
RGL_VALUE_18646 class nl.tudelft.rdfgears.rgl.datamodel.value.impl.ModifiableRecord
9175
RGL_VALUE_18648 class nl.tudelft.rdfgears.rgl.datamodel.value.impl.ModifiableRecord
9176
RGL_VALUE_18650 class nl.tudelft.rdfgears.rgl.datamodel.value.impl.ModifiableRecord
9177
RGL_VALUE_18652 class nl.tudelft.rdfgears.rgl.datamodel.value.impl.ModifiableRecord
9178
RGL_VALUE_18654 class nl.tudelft.rdfgears.rgl.datamodel.value.impl.ModifiableRecord
9179
RGL_VALUE_18656 class nl.tudelft.rdfgears.rgl.datamodel.value.impl.ModifiableRecord
9180
RGL_VALUE_18658 class nl.tudelft.rdfgears.rgl.datamodel.value.impl.ModifiableRecord
9181
RGL_VALUE_18660 class nl.tudelft.rdfgears.rgl.datamodel.value.impl.ModifiableRecord
9182
RGL_VALUE_18662 class nl.tudelft.rdfgears.rgl.datamodel.value.impl.ModifiableRecord
9183
RGL_VALUE_18664 class nl.tudelft.rdfgears.rgl.datamodel.value.impl.ModifiableRecord
9184
RGL_VALUE_18666 class nl.tudelft.rdfgears.rgl.datamodel.value.impl.ModifiableRecord
9185
RGL_VALUE_18668 class nl.tudelft.rdfgears.rgl.datamodel.value.impl.ModifiableRecord
9186
RGL_VALUE_18670 class nl.tudelft.rdfgears.rgl.datamodel.value.impl.ModifiableRecord
9187
RGL_VALUE_18672 class nl.tudelft.rdfgears.rgl.datamodel.value.impl.ModifiableRecord
9188
RGL_VALUE_18674 class nl.tudelft.rdfgears.rgl.datamodel.value.impl.ModifiableRecord
9189
RGL_VALUE_18676 class nl.tudelft.rdfgears.rgl.datamodel.value.impl.ModifiableRecord
9190
RGL_VALUE_18678 class nl.tudelft.rdfgears.rgl.datamodel.value.impl.ModifiableRecord
9191
RGL_VALUE_18680 class nl.tudelft.rdfgears.rgl.datamodel.value.impl.ModifiableRecord
9192
RGL_VALUE_18682 class nl.tudelft.rdfgears.rgl.datamodel.value.impl.ModifiableRecord
9193
RGL_VALUE_18684 class nl.tudelft.rdfgears.rgl.datamodel.value.impl.ModifiableRecord
9194
RGL_VALUE_18686 class nl.tudelft.rdfgears.rgl.datamodel.value.impl.ModifiableRecord
9195
RGL_VALUE_18688 class nl.tudelft.rdfgears.rgl.datamodel.value.impl.ModifiableRecord
9196
RGL_VALUE_18690 class nl.tudelft.rdfgears.rgl.datamodel.value.impl.ModifiableRecord
9197
RGL_VALUE_18692 class nl.tudelft.rdfgears.rgl.datamodel.value.impl.ModifiableRecord
9198
RGL_VALUE_18694 class nl.tudelft.rdfgears.rgl.datamodel.value.impl.ModifiableRecord
9199
RGL_VALUE_18696 class nl.tudelft.rdfgears.rgl.datamodel.value.impl.ModifiableRecord
9200
RGL_VALUE_18699 class nl.tudelft.rdfgears.rgl.datamodel.value.impl.ModifiableRecord
9201
RGL_VALUE_18701 class nl.tudelft.rdfgears.rgl.datamodel.value.impl.ModifiableRecord
9202
RGL_VALUE_18703 class nl.tudelft.rdfgears.rgl.datamodel.value.impl.ModifiableRecord
9203
RGL_VALUE_18705 class nl.tudelft.rdfgears.rgl.datamodel.value.impl.ModifiableRecord
9204
RGL_VALUE_18707 class nl.tudelft.rdfgears.rgl.datamodel.value.impl.ModifiableRecord
9205
RGL_VALUE_18709 class nl.tudelft.rdfgears.rgl.datamodel.value.impl.ModifiableRecord
9206
RGL_VALUE_18711 class nl.tudelft.rdfgears.rgl.datamodel.value.impl.ModifiableRecord
9207
RGL_VALUE_18713 class nl.tudelft.rdfgears.rgl.datamodel.value.impl.ModifiableRecord
9208
RGL_VALUE_18715 class nl.tudelft.rdfgears.rgl.datamodel.value.impl.ModifiableRecord
9209
RGL_VALUE_18717 class nl.tudelft.rdfgears.rgl.datamodel.value.impl.ModifiableRecord
9210
RGL_VALUE_18719 class nl.tudelft.rdfgears.rgl.datamodel.value.impl.ModifiableRecord
9211
RGL_VALUE_18721 class nl.tudelft.rdfgears.rgl.datamodel.value.impl.ModifiableRecord
9212
RGL_VALUE_18723 class nl.tudelft.rdfgears.rgl.datamodel.value.impl.ModifiableRecord
9213
RGL_VALUE_18725 class nl.tudelft.rdfgears.rgl.datamodel.value.impl.ModifiableRecord
9214
RGL_VALUE_18727 class nl.tudelft.rdfgears.rgl.datamodel.value.impl.ModifiableRecord
9215
RGL_VALUE_18729 class nl.tudelft.rdfgears.rgl.datamodel.value.impl.ModifiableRecord
9216
RGL_VALUE_18731 class nl.tudelft.rdfgears.rgl.datamodel.value.impl.ModifiableRecord
9217
RGL_VALUE_18733 class nl.tudelft.rdfgears.rgl.datamodel.value.impl.ModifiableRecord
9218
RGL_VALUE_18735 class nl.tudelft.rdfgears.rgl.datamodel.value.impl.ModifiableRecord
9219
RGL_VALUE_18737 class nl.tudelft.rdfgears.rgl.datamodel.value.impl.ModifiableRecord
9220
RGL_VALUE_18739 class nl.tudelft.rdfgears.rgl.datamodel.value.impl.ModifiableRecord
9221
RGL_VALUE_18741 class nl.tudelft.rdfgears.rgl.datamodel.value.impl.ModifiableRecord
9222
RGL_VALUE_18743 class nl.tudelft.rdfgears.rgl.datamodel.value.impl.ModifiableRecord
9223
RGL_VALUE_18745 class nl.tudelft.rdfgears.rgl.datamodel.value.impl.ModifiableRecord
9224
RGL_VALUE_18747 class nl.tudelft.rdfgears.rgl.datamodel.value.impl.ModifiableRecord
9225
RGL_VALUE_18749 class nl.tudelft.rdfgears.rgl.datamodel.value.impl.ModifiableRecord
9226
RGL_VALUE_18751 class nl.tudelft.rdfgears.rgl.datamodel.value.impl.ModifiableRecord
9227
RGL_VALUE_18753 class nl.tudelft.rdfgears.rgl.datamodel.value.impl.ModifiableRecord
9228
RGL_VALUE_18755 class nl.tudelft.rdfgears.rgl.datamodel.value.impl.ModifiableRecord
9229
RGL_VALUE_18757 class nl.tudelft.rdfgears.rgl.datamodel.value.impl.ModifiableRecord
9230
RGL_VALUE_18759 class nl.tudelft.rdfgears.rgl.datamodel.value.impl.ModifiableRecord
9231
RGL_VALUE_18761 class nl.tudelft.rdfgears.rgl.datamodel.value.impl.ModifiableRecord
9232
RGL_VALUE_18763 class nl.tudelft.rdfgears.rgl.datamodel.value.impl.ModifiableRecord
9233
RGL_VALUE_18765 class nl.tudelft.rdfgears.rgl.datamodel.value.impl.ModifiableRecord
9234
RGL_VALUE_18767 class nl.tudelft.rdfgears.rgl.datamodel.value.impl.ModifiableRecord
9235
RGL_VALUE_18769 class nl.tudelft.rdfgears.rgl.datamodel.value.impl.ModifiableRecord
9236
RGL_VALUE_18771 class nl.tudelft.rdfgears.rgl.datamodel.value.impl.ModifiableRecord
9237
RGL_VALUE_18773 class nl.tudelft.rdfgears.rgl.datamodel.value.impl.ModifiableRecord
9238
RGL_VALUE_18775 class nl.tudelft.rdfgears.rgl.datamodel.value.impl.ModifiableRecord
9239
RGL_VALUE_18777 class nl.tudelft.rdfgears.rgl.datamodel.value.impl.ModifiableRecord
9240
RGL_VALUE_18779 class nl.tudelft.rdfgears.rgl.datamodel.value.impl.ModifiableRecord
9241
RGL_VALUE_18781 class nl.tudelft.rdfgears.rgl.datamodel.value.impl.ModifiableRecord
9242
RGL_VALUE_18783 class nl.tudelft.rdfgears.rgl.datamodel.value.impl.ModifiableRecord
9243
RGL_VALUE_18785 class nl.tudelft.rdfgears.rgl.datamodel.value.impl.ModifiableRecord
9244
RGL_VALUE_18787 class nl.tudelft.rdfgears.rgl.datamodel.value.impl.ModifiableRecord
9245
RGL_VALUE_18789 class nl.tudelft.rdfgears.rgl.datamodel.value.impl.ModifiableRecord
9246
RGL_VALUE_18791 class nl.tudelft.rdfgears.rgl.datamodel.value.impl.ModifiableRecord
9247
RGL_VALUE_18793 class nl.tudelft.rdfgears.rgl.datamodel.value.impl.ModifiableRecord
9248
RGL_VALUE_18795 class nl.tudelft.rdfgears.rgl.datamodel.value.impl.ModifiableRecord
9249
RGL_VALUE_18797 class nl.tudelft.rdfgears.rgl.datamodel.value.impl.ModifiableRecord
9250
RGL_VALUE_18799 class nl.tudelft.rdfgears.rgl.datamodel.value.impl.ModifiableRecord
9251
RGL_VALUE_18801 class nl.tudelft.rdfgears.rgl.datamodel.value.impl.ModifiableRecord
9252
RGL_VALUE_18803 class nl.tudelft.rdfgears.rgl.datamodel.value.impl.ModifiableRecord
9253
RGL_VALUE_18805 class nl.tudelft.rdfgears.rgl.datamodel.value.impl.ModifiableRecord
9254
RGL_VALUE_18807 class nl.tudelft.rdfgears.rgl.datamodel.value.impl.ModifiableRecord
9255
RGL_VALUE_18809 class nl.tudelft.rdfgears.rgl.datamodel.value.impl.ModifiableRecord
9256
RGL_VALUE_18811 class nl.tudelft.rdfgears.rgl.datamodel.value.impl.ModifiableRecord
9257
RGL_VALUE_18813 class nl.tudelft.rdfgears.rgl.datamodel.value.impl.ModifiableRecord
9258
RGL_VALUE_18815 class nl.tudelft.rdfgears.rgl.datamodel.value.impl.ModifiableRecord
9259
RGL_VALUE_18817 class nl.tudelft.rdfgears.rgl.datamodel.value.impl.ModifiableRecord
9260
RGL_VALUE_18819 class nl.tudelft.rdfgears.rgl.datamodel.value.impl.ModifiableRecord
9261
RGL_VALUE_18821 class nl.tudelft.rdfgears.rgl.datamodel.value.impl.ModifiableRecord
9262
RGL_VALUE_18823 class nl.tudelft.rdfgears.rgl.datamodel.value.impl.ModifiableRecord
9263
RGL_VALUE_18825 class nl.tudelft.rdfgears.rgl.datamodel.value.impl.ModifiableRecord
9264
RGL_VALUE_18827 class nl.tudelft.rdfgears.rgl.datamodel.value.impl.ModifiableRecord
9265
RGL_VALUE_18829 class nl.tudelft.rdfgears.rgl.datamodel.value.impl.ModifiableRecord
9266
RGL_VALUE_18831 class nl.tudelft.rdfgears.rgl.datamodel.value.impl.ModifiableRecord
9267
RGL_VALUE_18833 class nl.tudelft.rdfgears.rgl.datamodel.value.impl.ModifiableRecord
9268
RGL_VALUE_18835 class nl.tudelft.rdfgears.rgl.datamodel.value.impl.ModifiableRecord
9269
RGL_VALUE_18837 class nl.tudelft.rdfgears.rgl.datamodel.value.impl.ModifiableRecord
9270
RGL_VALUE_18839 class nl.tudelft.rdfgears.rgl.datamodel.value.impl.ModifiableRecord
9271
RGL_VALUE_18841 class nl.tudelft.rdfgears.rgl.datamodel.value.impl.ModifiableRecord
9272
RGL_VALUE_18843 class nl.tudelft.rdfgears.rgl.datamodel.value.impl.ModifiableRecord
9273
RGL_VALUE_18845 class nl.tudelft.rdfgears.rgl.datamodel.value.impl.ModifiableRecord
9274
RGL_VALUE_18847 class nl.tudelft.rdfgears.rgl.datamodel.value.impl.ModifiableRecord
9275
RGL_VALUE_18849 class nl.tudelft.rdfgears.rgl.datamodel.value.impl.ModifiableRecord
9276
RGL_VALUE_18851 class nl.tudelft.rdfgears.rgl.datamodel.value.impl.ModifiableRecord
9277
RGL_VALUE_18853 class nl.tudelft.rdfgears.rgl.datamodel.value.impl.ModifiableRecord
9278
RGL_VALUE_18855 class nl.tudelft.rdfgears.rgl.datamodel.value.impl.ModifiableRecord
9279
RGL_VALUE_18857 class nl.tudelft.rdfgears.rgl.datamodel.value.impl.ModifiableRecord
9280
RGL_VALUE_18859 class nl.tudelft.rdfgears.rgl.datamodel.value.impl.ModifiableRecord
9281
RGL_VALUE_18861 class nl.tudelft.rdfgears.rgl.datamodel.value.impl.ModifiableRecord
9282
RGL_VALUE_18863 class nl.tudelft.rdfgears.rgl.datamodel.value.impl.ModifiableRecord
9283
RGL_VALUE_18865 class nl.tudelft.rdfgears.rgl.datamodel.value.impl.ModifiableRecord
9284
RGL_VALUE_18867 class nl.tudelft.rdfgears.rgl.datamodel.value.impl.ModifiableRecord
9285
RGL_VALUE_18869 class nl.tudelft.rdfgears.rgl.datamodel.value.impl.ModifiableRecord
9286
RGL_VALUE_18871 class nl.tudelft.rdfgears.rgl.datamodel.value.impl.ModifiableRecord
9287
RGL_VALUE_18873 class nl.tudelft.rdfgears.rgl.datamodel.value.impl.ModifiableRecord
9288
RGL_VALUE_18875 class nl.tudelft.rdfgears.rgl.datamodel.value.impl.ModifiableRecord
9289
RGL_VALUE_18877 class nl.tudelft.rdfgears.rgl.datamodel.value.impl.ModifiableRecord
9290
RGL_VALUE_18879 class nl.tudelft.rdfgears.rgl.datamodel.value.impl.ModifiableRecord
9291
RGL_VALUE_18881 class nl.tudelft.rdfgears.rgl.datamodel.value.impl.ModifiableRecord
9292
RGL_VALUE_18883 class nl.tudelft.rdfgears.rgl.datamodel.value.impl.ModifiableRecord
9293
RGL_VALUE_18885 class nl.tudelft.rdfgears.rgl.datamodel.value.impl.ModifiableRecord
9294
RGL_VALUE_18887 class nl.tudelft.rdfgears.rgl.datamodel.value.impl.ModifiableRecord
9295
RGL_VALUE_18889 class nl.tudelft.rdfgears.rgl.datamodel.value.impl.ModifiableRecord
9296
RGL_VALUE_18891 class nl.tudelft.rdfgears.rgl.datamodel.value.impl.ModifiableRecord
9297
RGL_VALUE_18893 class nl.tudelft.rdfgears.rgl.datamodel.value.impl.ModifiableRecord
9298
RGL_VALUE_18895 class nl.tudelft.rdfgears.rgl.datamodel.value.impl.ModifiableRecord
9299
RGL_VALUE_18897 class nl.tudelft.rdfgears.rgl.datamodel.value.impl.ModifiableRecord
9300
RGL_VALUE_18900 class nl.tudelft.rdfgears.rgl.datamodel.value.impl.ModifiableRecord
9301
RGL_VALUE_18902 class nl.tudelft.rdfgears.rgl.datamodel.value.impl.ModifiableRecord
9302
RGL_VALUE_18904 class nl.tudelft.rdfgears.rgl.datamodel.value.impl.ModifiableRecord
9303
RGL_VALUE_18906 class nl.tudelft.rdfgears.rgl.datamodel.value.impl.ModifiableRecord
9304
RGL_VALUE_18908 class nl.tudelft.rdfgears.rgl.datamodel.value.impl.ModifiableRecord
9305
RGL_VALUE_18910 class nl.tudelft.rdfgears.rgl.datamodel.value.impl.ModifiableRecord
9306
RGL_VALUE_18912 class nl.tudelft.rdfgears.rgl.datamodel.value.impl.ModifiableRecord
9307
RGL_VALUE_18914 class nl.tudelft.rdfgears.rgl.datamodel.value.impl.ModifiableRecord
9308
RGL_VALUE_18916 class nl.tudelft.rdfgears.rgl.datamodel.value.impl.ModifiableRecord
9309
RGL_VALUE_18918 class nl.tudelft.rdfgears.rgl.datamodel.value.impl.ModifiableRecord
9310
RGL_VALUE_18920 class nl.tudelft.rdfgears.rgl.datamodel.value.impl.ModifiableRecord
9311
RGL_VALUE_18922 class nl.tudelft.rdfgears.rgl.datamodel.value.impl.ModifiableRecord
9312
RGL_VALUE_18924 class nl.tudelft.rdfgears.rgl.datamodel.value.impl.ModifiableRecord
9313
RGL_VALUE_18926 class nl.tudelft.rdfgears.rgl.datamodel.value.impl.ModifiableRecord
9314
RGL_VALUE_18928 class nl.tudelft.rdfgears.rgl.datamodel.value.impl.ModifiableRecord
9315
RGL_VALUE_18930 class nl.tudelft.rdfgears.rgl.datamodel.value.impl.ModifiableRecord
9316
RGL_VALUE_18932 class nl.tudelft.rdfgears.rgl.datamodel.value.impl.ModifiableRecord
9317
RGL_VALUE_18934 class nl.tudelft.rdfgears.rgl.datamodel.value.impl.ModifiableRecord
9318
RGL_VALUE_18936 class nl.tudelft.rdfgears.rgl.datamodel.value.impl.ModifiableRecord
9319
RGL_VALUE_18938 class nl.tudelft.rdfgears.rgl.datamodel.value.impl.ModifiableRecord
9320
RGL_VALUE_18940 class nl.tudelft.rdfgears.rgl.datamodel.value.impl.ModifiableRecord
9321
RGL_VALUE_18942 class nl.tudelft.rdfgears.rgl.datamodel.value.impl.ModifiableRecord
9322
RGL_VALUE_18944 class nl.tudelft.rdfgears.rgl.datamodel.value.impl.ModifiableRecord
9323
RGL_VALUE_18946 class nl.tudelft.rdfgears.rgl.datamodel.value.impl.ModifiableRecord
9324
RGL_VALUE_18948 class nl.tudelft.rdfgears.rgl.datamodel.value.impl.ModifiableRecord
9325
RGL_VALUE_18950 class nl.tudelft.rdfgears.rgl.datamodel.value.impl.ModifiableRecord
9326
RGL_VALUE_18952 class nl.tudelft.rdfgears.rgl.datamodel.value.impl.ModifiableRecord
9327
RGL_VALUE_18954 class nl.tudelft.rdfgears.rgl.datamodel.value.impl.ModifiableRecord
9328
RGL_VALUE_18956 class nl.tudelft.rdfgears.rgl.datamodel.value.impl.ModifiableRecord
9329
RGL_VALUE_18958 class nl.tudelft.rdfgears.rgl.datamodel.value.impl.ModifiableRecord
9330
RGL_VALUE_18960 class nl.tudelft.rdfgears.rgl.datamodel.value.impl.ModifiableRecord
9331
RGL_VALUE_18962 class nl.tudelft.rdfgears.rgl.datamodel.value.impl.ModifiableRecord
9332
RGL_VALUE_18964 class nl.tudelft.rdfgears.rgl.datamodel.value.impl.ModifiableRecord
9333
RGL_VALUE_18966 class nl.tudelft.rdfgears.rgl.datamodel.value.impl.ModifiableRecord
9334
RGL_VALUE_18968 class nl.tudelft.rdfgears.rgl.datamodel.value.impl.ModifiableRecord
9335
RGL_VALUE_18970 class nl.tudelft.rdfgears.rgl.datamodel.value.impl.ModifiableRecord
9336
RGL_VALUE_18972 class nl.tudelft.rdfgears.rgl.datamodel.value.impl.ModifiableRecord
9337
RGL_VALUE_18974 class nl.tudelft.rdfgears.rgl.datamodel.value.impl.ModifiableRecord
9338
RGL_VALUE_18976 class nl.tudelft.rdfgears.rgl.datamodel.value.impl.ModifiableRecord
9339
RGL_VALUE_18978 class nl.tudelft.rdfgears.rgl.datamodel.value.impl.ModifiableRecord
9340
RGL_VALUE_18980 class nl.tudelft.rdfgears.rgl.datamodel.value.impl.ModifiableRecord
9341
RGL_VALUE_18982 class nl.tudelft.rdfgears.rgl.datamodel.value.impl.ModifiableRecord
9342
RGL_VALUE_18984 class nl.tudelft.rdfgears.rgl.datamodel.value.impl.ModifiableRecord
9343
RGL_VALUE_18986 class nl.tudelft.rdfgears.rgl.datamodel.value.impl.ModifiableRecord
9344
RGL_VALUE_18988 class nl.tudelft.rdfgears.rgl.datamodel.value.impl.ModifiableRecord
9345
RGL_VALUE_18990 class nl.tudelft.rdfgears.rgl.datamodel.value.impl.ModifiableRecord
9346
RGL_VALUE_18992 class nl.tudelft.rdfgears.rgl.datamodel.value.impl.ModifiableRecord
9347
RGL_VALUE_18994 class nl.tudelft.rdfgears.rgl.datamodel.value.impl.ModifiableRecord
9348
RGL_VALUE_18996 class nl.tudelft.rdfgears.rgl.datamodel.value.impl.ModifiableRecord
9349
RGL_VALUE_18998 class nl.tudelft.rdfgears.rgl.datamodel.value.impl.ModifiableRecord
9350
RGL_VALUE_19000 class nl.tudelft.rdfgears.rgl.datamodel.value.impl.ModifiableRecord
9351
RGL_VALUE_19002 class nl.tudelft.rdfgears.rgl.datamodel.value.impl.ModifiableRecord
9352
RGL_VALUE_19004 class nl.tudelft.rdfgears.rgl.datamodel.value.impl.ModifiableRecord
9353
RGL_VALUE_19006 class nl.tudelft.rdfgears.rgl.datamodel.value.impl.ModifiableRecord
9354
RGL_VALUE_19008 class nl.tudelft.rdfgears.rgl.datamodel.value.impl.ModifiableRecord
9355
RGL_VALUE_19010 class nl.tudelft.rdfgears.rgl.datamodel.value.impl.ModifiableRecord
9356
RGL_VALUE_19012 class nl.tudelft.rdfgears.rgl.datamodel.value.impl.ModifiableRecord
9357
RGL_VALUE_19014 class nl.tudelft.rdfgears.rgl.datamodel.value.impl.ModifiableRecord
9358
RGL_VALUE_19016 class nl.tudelft.rdfgears.rgl.datamodel.value.impl.ModifiableRecord
9359
RGL_VALUE_19018 class nl.tudelft.rdfgears.rgl.datamodel.value.impl.ModifiableRecord
9360
RGL_VALUE_19020 class nl.tudelft.rdfgears.rgl.datamodel.value.impl.ModifiableRecord
9361
RGL_VALUE_19022 class nl.tudelft.rdfgears.rgl.datamodel.value.impl.ModifiableRecord
9362
RGL_VALUE_19024 class nl.tudelft.rdfgears.rgl.datamodel.value.impl.ModifiableRecord
9363
RGL_VALUE_19026 class nl.tudelft.rdfgears.rgl.datamodel.value.impl.ModifiableRecord
9364
RGL_VALUE_19028 class nl.tudelft.rdfgears.rgl.datamodel.value.impl.ModifiableRecord
9365
RGL_VALUE_19030 class nl.tudelft.rdfgears.rgl.datamodel.value.impl.ModifiableRecord
9366
RGL_VALUE_19032 class nl.tudelft.rdfgears.rgl.datamodel.value.impl.ModifiableRecord
9367
RGL_VALUE_19034 class nl.tudelft.rdfgears.rgl.datamodel.value.impl.ModifiableRecord
9368
RGL_VALUE_19036 class nl.tudelft.rdfgears.rgl.datamodel.value.impl.ModifiableRecord
9369
RGL_VALUE_19038 class nl.tudelft.rdfgears.rgl.datamodel.value.impl.ModifiableRecord
9370
RGL_VALUE_19040 class nl.tudelft.rdfgears.rgl.datamodel.value.impl.ModifiableRecord
9371
RGL_VALUE_19042 class nl.tudelft.rdfgears.rgl.datamodel.value.impl.ModifiableRecord
9372
RGL_VALUE_19044 class nl.tudelft.rdfgears.rgl.datamodel.value.impl.ModifiableRecord
9373
RGL_VALUE_19046 class nl.tudelft.rdfgears.rgl.datamodel.value.impl.ModifiableRecord
9374
RGL_VALUE_19048 class nl.tudelft.rdfgears.rgl.datamodel.value.impl.ModifiableRecord
9375
RGL_VALUE_19050 class nl.tudelft.rdfgears.rgl.datamodel.value.impl.ModifiableRecord
9376
RGL_VALUE_19052 class nl.tudelft.rdfgears.rgl.datamodel.value.impl.ModifiableRecord
9377
RGL_VALUE_19054 class nl.tudelft.rdfgears.rgl.datamodel.value.impl.ModifiableRecord
9378
RGL_VALUE_19056 class nl.tudelft.rdfgears.rgl.datamodel.value.impl.ModifiableRecord
9379
RGL_VALUE_19058 class nl.tudelft.rdfgears.rgl.datamodel.value.impl.ModifiableRecord
9380
RGL_VALUE_19060 class nl.tudelft.rdfgears.rgl.datamodel.value.impl.ModifiableRecord
9381
RGL_VALUE_19062 class nl.tudelft.rdfgears.rgl.datamodel.value.impl.ModifiableRecord
9382
RGL_VALUE_19064 class nl.tudelft.rdfgears.rgl.datamodel.value.impl.ModifiableRecord
9383
RGL_VALUE_19066 class nl.tudelft.rdfgears.rgl.datamodel.value.impl.ModifiableRecord
9384
RGL_VALUE_19068 class nl.tudelft.rdfgears.rgl.datamodel.value.impl.ModifiableRecord
9385
RGL_VALUE_19070 class nl.tudelft.rdfgears.rgl.datamodel.value.impl.ModifiableRecord
9386
RGL_VALUE_19072 class nl.tudelft.rdfgears.rgl.datamodel.value.impl.ModifiableRecord
9387
RGL_VALUE_19074 class nl.tudelft.rdfgears.rgl.datamodel.value.impl.ModifiableRecord
9388
RGL_VALUE_19076 class nl.tudelft.rdfgears.rgl.datamodel.value.impl.ModifiableRecord
9389
RGL_VALUE_19078 class nl.tudelft.rdfgears.rgl.datamodel.value.impl.ModifiableRecord
9390
RGL_VALUE_19080 class nl.tudelft.rdfgears.rgl.datamodel.value.impl.ModifiableRecord
9391
RGL_VALUE_19082 class nl.tudelft.rdfgears.rgl.datamodel.value.impl.ModifiableRecord
9392
RGL_VALUE_19084 class nl.tudelft.rdfgears.rgl.datamodel.value.impl.ModifiableRecord
9393
RGL_VALUE_19086 class nl.tudelft.rdfgears.rgl.datamodel.value.impl.ModifiableRecord
9394
RGL_VALUE_19088 class nl.tudelft.rdfgears.rgl.datamodel.value.impl.ModifiableRecord
9395
RGL_VALUE_19090 class nl.tudelft.rdfgears.rgl.datamodel.value.impl.ModifiableRecord
9396
RGL_VALUE_19092 class nl.tudelft.rdfgears.rgl.datamodel.value.impl.ModifiableRecord
9397
RGL_VALUE_19094 class nl.tudelft.rdfgears.rgl.datamodel.value.impl.ModifiableRecord
9398
RGL_VALUE_19096 class nl.tudelft.rdfgears.rgl.datamodel.value.impl.ModifiableRecord
9399
RGL_VALUE_19098 class nl.tudelft.rdfgears.rgl.datamodel.value.impl.ModifiableRecord
9400
RGL_VALUE_19101 class nl.tudelft.rdfgears.rgl.datamodel.value.impl.ModifiableRecord
9401
RGL_VALUE_19103 class nl.tudelft.rdfgears.rgl.datamodel.value.impl.ModifiableRecord
9402
RGL_VALUE_19105 class nl.tudelft.rdfgears.rgl.datamodel.value.impl.ModifiableRecord
9403
RGL_VALUE_19107 class nl.tudelft.rdfgears.rgl.datamodel.value.impl.ModifiableRecord
9404
RGL_VALUE_19109 class nl.tudelft.rdfgears.rgl.datamodel.value.impl.ModifiableRecord
9405
RGL_VALUE_19111 class nl.tudelft.rdfgears.rgl.datamodel.value.impl.ModifiableRecord
9406
RGL_VALUE_19113 class nl.tudelft.rdfgears.rgl.datamodel.value.impl.ModifiableRecord
9407
RGL_VALUE_19115 class nl.tudelft.rdfgears.rgl.datamodel.value.impl.ModifiableRecord
9408
RGL_VALUE_19117 class nl.tudelft.rdfgears.rgl.datamodel.value.impl.ModifiableRecord
9409
RGL_VALUE_19119 class nl.tudelft.rdfgears.rgl.datamodel.value.impl.ModifiableRecord
9410
RGL_VALUE_19121 class nl.tudelft.rdfgears.rgl.datamodel.value.impl.ModifiableRecord
9411
RGL_VALUE_19123 class nl.tudelft.rdfgears.rgl.datamodel.value.impl.ModifiableRecord
9412
RGL_VALUE_19125 class nl.tudelft.rdfgears.rgl.datamodel.value.impl.ModifiableRecord
9413
RGL_VALUE_19127 class nl.tudelft.rdfgears.rgl.datamodel.value.impl.ModifiableRecord
9414
RGL_VALUE_19129 class nl.tudelft.rdfgears.rgl.datamodel.value.impl.ModifiableRecord
9415
RGL_VALUE_19131 class nl.tudelft.rdfgears.rgl.datamodel.value.impl.ModifiableRecord
9416
RGL_VALUE_19133 class nl.tudelft.rdfgears.rgl.datamodel.value.impl.ModifiableRecord
9417
RGL_VALUE_19135 class nl.tudelft.rdfgears.rgl.datamodel.value.impl.ModifiableRecord
9418
RGL_VALUE_19137 class nl.tudelft.rdfgears.rgl.datamodel.value.impl.ModifiableRecord
9419
RGL_VALUE_19139 class nl.tudelft.rdfgears.rgl.datamodel.value.impl.ModifiableRecord
9420
RGL_VALUE_19141 class nl.tudelft.rdfgears.rgl.datamodel.value.impl.ModifiableRecord
9421
RGL_VALUE_19143 class nl.tudelft.rdfgears.rgl.datamodel.value.impl.ModifiableRecord
9422
RGL_VALUE_19145 class nl.tudelft.rdfgears.rgl.datamodel.value.impl.ModifiableRecord
9423
RGL_VALUE_19147 class nl.tudelft.rdfgears.rgl.datamodel.value.impl.ModifiableRecord
9424
RGL_VALUE_19149 class nl.tudelft.rdfgears.rgl.datamodel.value.impl.ModifiableRecord
9425
RGL_VALUE_19151 class nl.tudelft.rdfgears.rgl.datamodel.value.impl.ModifiableRecord
9426
RGL_VALUE_19153 class nl.tudelft.rdfgears.rgl.datamodel.value.impl.ModifiableRecord
9427
RGL_VALUE_19155 class nl.tudelft.rdfgears.rgl.datamodel.value.impl.ModifiableRecord
9428
RGL_VALUE_19157 class nl.tudelft.rdfgears.rgl.datamodel.value.impl.ModifiableRecord
9429
RGL_VALUE_19159 class nl.tudelft.rdfgears.rgl.datamodel.value.impl.ModifiableRecord
9430
RGL_VALUE_19161 class nl.tudelft.rdfgears.rgl.datamodel.value.impl.ModifiableRecord
9431
RGL_VALUE_19163 class nl.tudelft.rdfgears.rgl.datamodel.value.impl.ModifiableRecord
9432
RGL_VALUE_19165 class nl.tudelft.rdfgears.rgl.datamodel.value.impl.ModifiableRecord
9433
RGL_VALUE_19167 class nl.tudelft.rdfgears.rgl.datamodel.value.impl.ModifiableRecord
9434
RGL_VALUE_19169 class nl.tudelft.rdfgears.rgl.datamodel.value.impl.ModifiableRecord
9435
RGL_VALUE_19171 class nl.tudelft.rdfgears.rgl.datamodel.value.impl.ModifiableRecord
9436
RGL_VALUE_19173 class nl.tudelft.rdfgears.rgl.datamodel.value.impl.ModifiableRecord
9437
RGL_VALUE_19175 class nl.tudelft.rdfgears.rgl.datamodel.value.impl.ModifiableRecord
9438
RGL_VALUE_19177 class nl.tudelft.rdfgears.rgl.datamodel.value.impl.ModifiableRecord
9439
RGL_VALUE_19179 class nl.tudelft.rdfgears.rgl.datamodel.value.impl.ModifiableRecord
9440
RGL_VALUE_19181 class nl.tudelft.rdfgears.rgl.datamodel.value.impl.ModifiableRecord
9441
RGL_VALUE_19183 class nl.tudelft.rdfgears.rgl.datamodel.value.impl.ModifiableRecord
9442
RGL_VALUE_19185 class nl.tudelft.rdfgears.rgl.datamodel.value.impl.ModifiableRecord
9443
RGL_VALUE_19187 class nl.tudelft.rdfgears.rgl.datamodel.value.impl.ModifiableRecord
9444
RGL_VALUE_19189 class nl.tudelft.rdfgears.rgl.datamodel.value.impl.ModifiableRecord
9445
RGL_VALUE_19191 class nl.tudelft.rdfgears.rgl.datamodel.value.impl.ModifiableRecord
9446
RGL_VALUE_19193 class nl.tudelft.rdfgears.rgl.datamodel.value.impl.ModifiableRecord
9447
RGL_VALUE_19195 class nl.tudelft.rdfgears.rgl.datamodel.value.impl.ModifiableRecord
9448
RGL_VALUE_19197 class nl.tudelft.rdfgears.rgl.datamodel.value.impl.ModifiableRecord
9449
RGL_VALUE_19199 class nl.tudelft.rdfgears.rgl.datamodel.value.impl.ModifiableRecord
9450
RGL_VALUE_19201 class nl.tudelft.rdfgears.rgl.datamodel.value.impl.ModifiableRecord
9451
RGL_VALUE_19203 class nl.tudelft.rdfgears.rgl.datamodel.value.impl.ModifiableRecord
9452
RGL_VALUE_19205 class nl.tudelft.rdfgears.rgl.datamodel.value.impl.ModifiableRecord
9453
RGL_VALUE_19207 class nl.tudelft.rdfgears.rgl.datamodel.value.impl.ModifiableRecord
9454
RGL_VALUE_19209 class nl.tudelft.rdfgears.rgl.datamodel.value.impl.ModifiableRecord
9455
RGL_VALUE_19211 class nl.tudelft.rdfgears.rgl.datamodel.value.impl.ModifiableRecord
9456
RGL_VALUE_19213 class nl.tudelft.rdfgears.rgl.datamodel.value.impl.ModifiableRecord
9457
RGL_VALUE_19215 class nl.tudelft.rdfgears.rgl.datamodel.value.impl.ModifiableRecord
9458
RGL_VALUE_19217 class nl.tudelft.rdfgears.rgl.datamodel.value.impl.ModifiableRecord
9459
RGL_VALUE_19219 class nl.tudelft.rdfgears.rgl.datamodel.value.impl.ModifiableRecord
9460
RGL_VALUE_19221 class nl.tudelft.rdfgears.rgl.datamodel.value.impl.ModifiableRecord
9461
RGL_VALUE_19223 class nl.tudelft.rdfgears.rgl.datamodel.value.impl.ModifiableRecord
9462
RGL_VALUE_19225 class nl.tudelft.rdfgears.rgl.datamodel.value.impl.ModifiableRecord
9463
RGL_VALUE_19227 class nl.tudelft.rdfgears.rgl.datamodel.value.impl.ModifiableRecord
9464
RGL_VALUE_19229 class nl.tudelft.rdfgears.rgl.datamodel.value.impl.ModifiableRecord
9465
RGL_VALUE_19231 class nl.tudelft.rdfgears.rgl.datamodel.value.impl.ModifiableRecord
9466
RGL_VALUE_19233 class nl.tudelft.rdfgears.rgl.datamodel.value.impl.ModifiableRecord
9467
RGL_VALUE_19235 class nl.tudelft.rdfgears.rgl.datamodel.value.impl.ModifiableRecord
9468
RGL_VALUE_19237 class nl.tudelft.rdfgears.rgl.datamodel.value.impl.ModifiableRecord
9469
RGL_VALUE_19239 class nl.tudelft.rdfgears.rgl.datamodel.value.impl.ModifiableRecord
9470
RGL_VALUE_19241 class nl.tudelft.rdfgears.rgl.datamodel.value.impl.ModifiableRecord
9471
RGL_VALUE_19243 class nl.tudelft.rdfgears.rgl.datamodel.value.impl.ModifiableRecord
9472
RGL_VALUE_19245 class nl.tudelft.rdfgears.rgl.datamodel.value.impl.ModifiableRecord
9473
RGL_VALUE_19247 class nl.tudelft.rdfgears.rgl.datamodel.value.impl.ModifiableRecord
9474
RGL_VALUE_19249 class nl.tudelft.rdfgears.rgl.datamodel.value.impl.ModifiableRecord
9475
RGL_VALUE_19251 class nl.tudelft.rdfgears.rgl.datamodel.value.impl.ModifiableRecord
9476
RGL_VALUE_19253 class nl.tudelft.rdfgears.rgl.datamodel.value.impl.ModifiableRecord
9477
RGL_VALUE_19255 class nl.tudelft.rdfgears.rgl.datamodel.value.impl.ModifiableRecord
9478
RGL_VALUE_19257 class nl.tudelft.rdfgears.rgl.datamodel.value.impl.ModifiableRecord
9479
RGL_VALUE_19259 class nl.tudelft.rdfgears.rgl.datamodel.value.impl.ModifiableRecord
9480
RGL_VALUE_19261 class nl.tudelft.rdfgears.rgl.datamodel.value.impl.ModifiableRecord
9481
RGL_VALUE_19263 class nl.tudelft.rdfgears.rgl.datamodel.value.impl.ModifiableRecord
9482
RGL_VALUE_19265 class nl.tudelft.rdfgears.rgl.datamodel.value.impl.ModifiableRecord
9483
RGL_VALUE_19267 class nl.tudelft.rdfgears.rgl.datamodel.value.impl.ModifiableRecord
9484
RGL_VALUE_19269 class nl.tudelft.rdfgears.rgl.datamodel.value.impl.ModifiableRecord
9485
RGL_VALUE_19271 class nl.tudelft.rdfgears.rgl.datamodel.value.impl.ModifiableRecord
9486
RGL_VALUE_19273 class nl.tudelft.rdfgears.rgl.datamodel.value.impl.ModifiableRecord
9487
RGL_VALUE_19275 class nl.tudelft.rdfgears.rgl.datamodel.value.impl.ModifiableRecord
9488
RGL_VALUE_19277 class nl.tudelft.rdfgears.rgl.datamodel.value.impl.ModifiableRecord
9489
RGL_VALUE_19279 class nl.tudelft.rdfgears.rgl.datamodel.value.impl.ModifiableRecord
9490
RGL_VALUE_19281 class nl.tudelft.rdfgears.rgl.datamodel.value.impl.ModifiableRecord
9491
RGL_VALUE_19283 class nl.tudelft.rdfgears.rgl.datamodel.value.impl.ModifiableRecord
9492
RGL_VALUE_19285 class nl.tudelft.rdfgears.rgl.datamodel.value.impl.ModifiableRecord
9493
RGL_VALUE_19287 class nl.tudelft.rdfgears.rgl.datamodel.value.impl.ModifiableRecord
9494
RGL_VALUE_19289 class nl.tudelft.rdfgears.rgl.datamodel.value.impl.ModifiableRecord
9495
RGL_VALUE_19291 class nl.tudelft.rdfgears.rgl.datamodel.value.impl.ModifiableRecord
9496
RGL_VALUE_19293 class nl.tudelft.rdfgears.rgl.datamodel.value.impl.ModifiableRecord
9497
RGL_VALUE_19295 class nl.tudelft.rdfgears.rgl.datamodel.value.impl.ModifiableRecord
9498
RGL_VALUE_19297 class nl.tudelft.rdfgears.rgl.datamodel.value.impl.ModifiableRecord
9499
RGL_VALUE_19299 class nl.tudelft.rdfgears.rgl.datamodel.value.impl.ModifiableRecord
9500
RGL_VALUE_19302 class nl.tudelft.rdfgears.rgl.datamodel.value.impl.ModifiableRecord
9501
RGL_VALUE_19304 class nl.tudelft.rdfgears.rgl.datamodel.value.impl.ModifiableRecord
9502
RGL_VALUE_19306 class nl.tudelft.rdfgears.rgl.datamodel.value.impl.ModifiableRecord
9503
RGL_VALUE_19308 class nl.tudelft.rdfgears.rgl.datamodel.value.impl.ModifiableRecord
9504
RGL_VALUE_19310 class nl.tudelft.rdfgears.rgl.datamodel.value.impl.ModifiableRecord
9505
RGL_VALUE_19312 class nl.tudelft.rdfgears.rgl.datamodel.value.impl.ModifiableRecord
9506
RGL_VALUE_19314 class nl.tudelft.rdfgears.rgl.datamodel.value.impl.ModifiableRecord
9507
RGL_VALUE_19316 class nl.tudelft.rdfgears.rgl.datamodel.value.impl.ModifiableRecord
9508
RGL_VALUE_19318 class nl.tudelft.rdfgears.rgl.datamodel.value.impl.ModifiableRecord
9509
RGL_VALUE_19320 class nl.tudelft.rdfgears.rgl.datamodel.value.impl.ModifiableRecord
9510
RGL_VALUE_19322 class nl.tudelft.rdfgears.rgl.datamodel.value.impl.ModifiableRecord
9511
RGL_VALUE_19324 class nl.tudelft.rdfgears.rgl.datamodel.value.impl.ModifiableRecord
9512
RGL_VALUE_19326 class nl.tudelft.rdfgears.rgl.datamodel.value.impl.ModifiableRecord
9513
RGL_VALUE_19328 class nl.tudelft.rdfgears.rgl.datamodel.value.impl.ModifiableRecord
9514
RGL_VALUE_19330 class nl.tudelft.rdfgears.rgl.datamodel.value.impl.ModifiableRecord
9515
RGL_VALUE_19332 class nl.tudelft.rdfgears.rgl.datamodel.value.impl.ModifiableRecord
9516
RGL_VALUE_19334 class nl.tudelft.rdfgears.rgl.datamodel.value.impl.ModifiableRecord
9517
RGL_VALUE_19336 class nl.tudelft.rdfgears.rgl.datamodel.value.impl.ModifiableRecord
9518
RGL_VALUE_19338 class nl.tudelft.rdfgears.rgl.datamodel.value.impl.ModifiableRecord
9519
RGL_VALUE_19340 class nl.tudelft.rdfgears.rgl.datamodel.value.impl.ModifiableRecord
9520
RGL_VALUE_19342 class nl.tudelft.rdfgears.rgl.datamodel.value.impl.ModifiableRecord
9521
RGL_VALUE_19344 class nl.tudelft.rdfgears.rgl.datamodel.value.impl.ModifiableRecord
9522
RGL_VALUE_19346 class nl.tudelft.rdfgears.rgl.datamodel.value.impl.ModifiableRecord
9523
RGL_VALUE_19348 class nl.tudelft.rdfgears.rgl.datamodel.value.impl.ModifiableRecord
9524
RGL_VALUE_19350 class nl.tudelft.rdfgears.rgl.datamodel.value.impl.ModifiableRecord
9525
RGL_VALUE_19352 class nl.tudelft.rdfgears.rgl.datamodel.value.impl.ModifiableRecord
9526
RGL_VALUE_19354 class nl.tudelft.rdfgears.rgl.datamodel.value.impl.ModifiableRecord
9527
RGL_VALUE_19356 class nl.tudelft.rdfgears.rgl.datamodel.value.impl.ModifiableRecord
9528
RGL_VALUE_19358 class nl.tudelft.rdfgears.rgl.datamodel.value.impl.ModifiableRecord
9529
RGL_VALUE_19360 class nl.tudelft.rdfgears.rgl.datamodel.value.impl.ModifiableRecord
9530
RGL_VALUE_19362 class nl.tudelft.rdfgears.rgl.datamodel.value.impl.ModifiableRecord
9531
RGL_VALUE_19364 class nl.tudelft.rdfgears.rgl.datamodel.value.impl.ModifiableRecord
9532
RGL_VALUE_19366 class nl.tudelft.rdfgears.rgl.datamodel.value.impl.ModifiableRecord
9533
RGL_VALUE_19368 class nl.tudelft.rdfgears.rgl.datamodel.value.impl.ModifiableRecord
9534
RGL_VALUE_19370 class nl.tudelft.rdfgears.rgl.datamodel.value.impl.ModifiableRecord
9535
RGL_VALUE_19372 class nl.tudelft.rdfgears.rgl.datamodel.value.impl.ModifiableRecord
9536
RGL_VALUE_19374 class nl.tudelft.rdfgears.rgl.datamodel.value.impl.ModifiableRecord
9537
RGL_VALUE_19376 class nl.tudelft.rdfgears.rgl.datamodel.value.impl.ModifiableRecord
9538
RGL_VALUE_19378 class nl.tudelft.rdfgears.rgl.datamodel.value.impl.ModifiableRecord
9539
RGL_VALUE_19380 class nl.tudelft.rdfgears.rgl.datamodel.value.impl.ModifiableRecord
9540
RGL_VALUE_19382 class nl.tudelft.rdfgears.rgl.datamodel.value.impl.ModifiableRecord
9541
RGL_VALUE_19384 class nl.tudelft.rdfgears.rgl.datamodel.value.impl.ModifiableRecord
9542
RGL_VALUE_19386 class nl.tudelft.rdfgears.rgl.datamodel.value.impl.ModifiableRecord
9543
RGL_VALUE_19388 class nl.tudelft.rdfgears.rgl.datamodel.value.impl.ModifiableRecord
9544
RGL_VALUE_19390 class nl.tudelft.rdfgears.rgl.datamodel.value.impl.ModifiableRecord
9545
RGL_VALUE_19392 class nl.tudelft.rdfgears.rgl.datamodel.value.impl.ModifiableRecord
9546
RGL_VALUE_19394 class nl.tudelft.rdfgears.rgl.datamodel.value.impl.ModifiableRecord
9547
RGL_VALUE_19396 class nl.tudelft.rdfgears.rgl.datamodel.value.impl.ModifiableRecord
9548
RGL_VALUE_19398 class nl.tudelft.rdfgears.rgl.datamodel.value.impl.ModifiableRecord
9549
RGL_VALUE_19400 class nl.tudelft.rdfgears.rgl.datamodel.value.impl.ModifiableRecord
9550
RGL_VALUE_19402 class nl.tudelft.rdfgears.rgl.datamodel.value.impl.ModifiableRecord
9551
RGL_VALUE_19404 class nl.tudelft.rdfgears.rgl.datamodel.value.impl.ModifiableRecord
9552
RGL_VALUE_19406 class nl.tudelft.rdfgears.rgl.datamodel.value.impl.ModifiableRecord
9553
RGL_VALUE_19408 class nl.tudelft.rdfgears.rgl.datamodel.value.impl.ModifiableRecord
9554
RGL_VALUE_19410 class nl.tudelft.rdfgears.rgl.datamodel.value.impl.ModifiableRecord
9555
RGL_VALUE_19412 class nl.tudelft.rdfgears.rgl.datamodel.value.impl.ModifiableRecord
9556
RGL_VALUE_19414 class nl.tudelft.rdfgears.rgl.datamodel.value.impl.ModifiableRecord
9557
RGL_VALUE_19416 class nl.tudelft.rdfgears.rgl.datamodel.value.impl.ModifiableRecord
9558
RGL_VALUE_19418 class nl.tudelft.rdfgears.rgl.datamodel.value.impl.ModifiableRecord
9559
RGL_VALUE_19420 class nl.tudelft.rdfgears.rgl.datamodel.value.impl.ModifiableRecord
9560
RGL_VALUE_19422 class nl.tudelft.rdfgears.rgl.datamodel.value.impl.ModifiableRecord
9561
RGL_VALUE_19424 class nl.tudelft.rdfgears.rgl.datamodel.value.impl.ModifiableRecord
9562
RGL_VALUE_19426 class nl.tudelft.rdfgears.rgl.datamodel.value.impl.ModifiableRecord
9563
RGL_VALUE_19428 class nl.tudelft.rdfgears.rgl.datamodel.value.impl.ModifiableRecord
9564
RGL_VALUE_19430 class nl.tudelft.rdfgears.rgl.datamodel.value.impl.ModifiableRecord
9565
RGL_VALUE_19432 class nl.tudelft.rdfgears.rgl.datamodel.value.impl.ModifiableRecord
9566
RGL_VALUE_19434 class nl.tudelft.rdfgears.rgl.datamodel.value.impl.ModifiableRecord
9567
RGL_VALUE_19436 class nl.tudelft.rdfgears.rgl.datamodel.value.impl.ModifiableRecord
9568
RGL_VALUE_19438 class nl.tudelft.rdfgears.rgl.datamodel.value.impl.ModifiableRecord
9569
RGL_VALUE_19440 class nl.tudelft.rdfgears.rgl.datamodel.value.impl.ModifiableRecord
9570
RGL_VALUE_19442 class nl.tudelft.rdfgears.rgl.datamodel.value.impl.ModifiableRecord
9571
RGL_VALUE_19444 class nl.tudelft.rdfgears.rgl.datamodel.value.impl.ModifiableRecord
9572
RGL_VALUE_19446 class nl.tudelft.rdfgears.rgl.datamodel.value.impl.ModifiableRecord
9573
RGL_VALUE_19448 class nl.tudelft.rdfgears.rgl.datamodel.value.impl.ModifiableRecord
9574
RGL_VALUE_19450 class nl.tudelft.rdfgears.rgl.datamodel.value.impl.ModifiableRecord
9575
RGL_VALUE_19452 class nl.tudelft.rdfgears.rgl.datamodel.value.impl.ModifiableRecord
9576
RGL_VALUE_19454 class nl.tudelft.rdfgears.rgl.datamodel.value.impl.ModifiableRecord
9577
RGL_VALUE_19456 class nl.tudelft.rdfgears.rgl.datamodel.value.impl.ModifiableRecord
9578
RGL_VALUE_19458 class nl.tudelft.rdfgears.rgl.datamodel.value.impl.ModifiableRecord
9579
RGL_VALUE_19460 class nl.tudelft.rdfgears.rgl.datamodel.value.impl.ModifiableRecord
9580
RGL_VALUE_19462 class nl.tudelft.rdfgears.rgl.datamodel.value.impl.ModifiableRecord
9581
RGL_VALUE_19464 class nl.tudelft.rdfgears.rgl.datamodel.value.impl.ModifiableRecord
9582
RGL_VALUE_19466 class nl.tudelft.rdfgears.rgl.datamodel.value.impl.ModifiableRecord
9583
RGL_VALUE_19468 class nl.tudelft.rdfgears.rgl.datamodel.value.impl.ModifiableRecord
9584
RGL_VALUE_19470 class nl.tudelft.rdfgears.rgl.datamodel.value.impl.ModifiableRecord
9585
RGL_VALUE_19472 class nl.tudelft.rdfgears.rgl.datamodel.value.impl.ModifiableRecord
9586
RGL_VALUE_19474 class nl.tudelft.rdfgears.rgl.datamodel.value.impl.ModifiableRecord
9587
RGL_VALUE_19476 class nl.tudelft.rdfgears.rgl.datamodel.value.impl.ModifiableRecord
9588
RGL_VALUE_19478 class nl.tudelft.rdfgears.rgl.datamodel.value.impl.ModifiableRecord
9589
RGL_VALUE_19480 class nl.tudelft.rdfgears.rgl.datamodel.value.impl.ModifiableRecord
9590
RGL_VALUE_19482 class nl.tudelft.rdfgears.rgl.datamodel.value.impl.ModifiableRecord
9591
RGL_VALUE_19484 class nl.tudelft.rdfgears.rgl.datamodel.value.impl.ModifiableRecord
9592
RGL_VALUE_19486 class nl.tudelft.rdfgears.rgl.datamodel.value.impl.ModifiableRecord
9593
RGL_VALUE_19488 class nl.tudelft.rdfgears.rgl.datamodel.value.impl.ModifiableRecord
9594
RGL_VALUE_19490 class nl.tudelft.rdfgears.rgl.datamodel.value.impl.ModifiableRecord
9595
RGL_VALUE_19492 class nl.tudelft.rdfgears.rgl.datamodel.value.impl.ModifiableRecord
9596
RGL_VALUE_19494 class nl.tudelft.rdfgears.rgl.datamodel.value.impl.ModifiableRecord
9597
RGL_VALUE_19496 class nl.tudelft.rdfgears.rgl.datamodel.value.impl.ModifiableRecord
9598
RGL_VALUE_19498 class nl.tudelft.rdfgears.rgl.datamodel.value.impl.ModifiableRecord
9599
RGL_VALUE_19500 class nl.tudelft.rdfgears.rgl.datamodel.value.impl.ModifiableRecord
9600
RGL_VALUE_19503 class nl.tudelft.rdfgears.rgl.datamodel.value.impl.ModifiableRecord
9601
RGL_VALUE_19505 class nl.tudelft.rdfgears.rgl.datamodel.value.impl.ModifiableRecord
9602
RGL_VALUE_19507 class nl.tudelft.rdfgears.rgl.datamodel.value.impl.ModifiableRecord
9603
RGL_VALUE_19509 class nl.tudelft.rdfgears.rgl.datamodel.value.impl.ModifiableRecord
9604
RGL_VALUE_19511 class nl.tudelft.rdfgears.rgl.datamodel.value.impl.ModifiableRecord
9605
RGL_VALUE_19513 class nl.tudelft.rdfgears.rgl.datamodel.value.impl.ModifiableRecord
9606
RGL_VALUE_19515 class nl.tudelft.rdfgears.rgl.datamodel.value.impl.ModifiableRecord
9607
RGL_VALUE_19517 class nl.tudelft.rdfgears.rgl.datamodel.value.impl.ModifiableRecord
9608
RGL_VALUE_19519 class nl.tudelft.rdfgears.rgl.datamodel.value.impl.ModifiableRecord
9609
RGL_VALUE_19521 class nl.tudelft.rdfgears.rgl.datamodel.value.impl.ModifiableRecord
9610
RGL_VALUE_19523 class nl.tudelft.rdfgears.rgl.datamodel.value.impl.ModifiableRecord
9611
RGL_VALUE_19525 class nl.tudelft.rdfgears.rgl.datamodel.value.impl.ModifiableRecord
9612
RGL_VALUE_19527 class nl.tudelft.rdfgears.rgl.datamodel.value.impl.ModifiableRecord
9613
RGL_VALUE_19529 class nl.tudelft.rdfgears.rgl.datamodel.value.impl.ModifiableRecord
9614
RGL_VALUE_19531 class nl.tudelft.rdfgears.rgl.datamodel.value.impl.ModifiableRecord
9615
RGL_VALUE_19533 class nl.tudelft.rdfgears.rgl.datamodel.value.impl.ModifiableRecord
9616
RGL_VALUE_19535 class nl.tudelft.rdfgears.rgl.datamodel.value.impl.ModifiableRecord
9617
RGL_VALUE_19537 class nl.tudelft.rdfgears.rgl.datamodel.value.impl.ModifiableRecord
9618
RGL_VALUE_19539 class nl.tudelft.rdfgears.rgl.datamodel.value.impl.ModifiableRecord
9619
RGL_VALUE_19541 class nl.tudelft.rdfgears.rgl.datamodel.value.impl.ModifiableRecord
9620
RGL_VALUE_19543 class nl.tudelft.rdfgears.rgl.datamodel.value.impl.ModifiableRecord
9621
RGL_VALUE_19545 class nl.tudelft.rdfgears.rgl.datamodel.value.impl.ModifiableRecord
9622
RGL_VALUE_19547 class nl.tudelft.rdfgears.rgl.datamodel.value.impl.ModifiableRecord
9623
RGL_VALUE_19549 class nl.tudelft.rdfgears.rgl.datamodel.value.impl.ModifiableRecord
9624
RGL_VALUE_19551 class nl.tudelft.rdfgears.rgl.datamodel.value.impl.ModifiableRecord
9625
RGL_VALUE_19553 class nl.tudelft.rdfgears.rgl.datamodel.value.impl.ModifiableRecord
9626
RGL_VALUE_19555 class nl.tudelft.rdfgears.rgl.datamodel.value.impl.ModifiableRecord
9627
RGL_VALUE_19557 class nl.tudelft.rdfgears.rgl.datamodel.value.impl.ModifiableRecord
9628
RGL_VALUE_19559 class nl.tudelft.rdfgears.rgl.datamodel.value.impl.ModifiableRecord
9629
RGL_VALUE_19561 class nl.tudelft.rdfgears.rgl.datamodel.value.impl.ModifiableRecord
9630
RGL_VALUE_19563 class nl.tudelft.rdfgears.rgl.datamodel.value.impl.ModifiableRecord
9631
RGL_VALUE_19565 class nl.tudelft.rdfgears.rgl.datamodel.value.impl.ModifiableRecord
9632
RGL_VALUE_19567 class nl.tudelft.rdfgears.rgl.datamodel.value.impl.ModifiableRecord
9633
RGL_VALUE_19569 class nl.tudelft.rdfgears.rgl.datamodel.value.impl.ModifiableRecord
9634
RGL_VALUE_19571 class nl.tudelft.rdfgears.rgl.datamodel.value.impl.ModifiableRecord
9635
RGL_VALUE_19573 class nl.tudelft.rdfgears.rgl.datamodel.value.impl.ModifiableRecord
9636
RGL_VALUE_19575 class nl.tudelft.rdfgears.rgl.datamodel.value.impl.ModifiableRecord
9637
RGL_VALUE_19577 class nl.tudelft.rdfgears.rgl.datamodel.value.impl.ModifiableRecord
9638
RGL_VALUE_19579 class nl.tudelft.rdfgears.rgl.datamodel.value.impl.ModifiableRecord
9639
RGL_VALUE_19581 class nl.tudelft.rdfgears.rgl.datamodel.value.impl.ModifiableRecord
9640
RGL_VALUE_19583 class nl.tudelft.rdfgears.rgl.datamodel.value.impl.ModifiableRecord
9641
RGL_VALUE_19585 class nl.tudelft.rdfgears.rgl.datamodel.value.impl.ModifiableRecord
9642
RGL_VALUE_19587 class nl.tudelft.rdfgears.rgl.datamodel.value.impl.ModifiableRecord
9643
RGL_VALUE_19589 class nl.tudelft.rdfgears.rgl.datamodel.value.impl.ModifiableRecord
9644
RGL_VALUE_19591 class nl.tudelft.rdfgears.rgl.datamodel.value.impl.ModifiableRecord
9645
RGL_VALUE_19593 class nl.tudelft.rdfgears.rgl.datamodel.value.impl.ModifiableRecord
9646
RGL_VALUE_19595 class nl.tudelft.rdfgears.rgl.datamodel.value.impl.ModifiableRecord
9647
RGL_VALUE_19597 class nl.tudelft.rdfgears.rgl.datamodel.value.impl.ModifiableRecord
9648
RGL_VALUE_19599 class nl.tudelft.rdfgears.rgl.datamodel.value.impl.ModifiableRecord
9649
RGL_VALUE_19601 class nl.tudelft.rdfgears.rgl.datamodel.value.impl.ModifiableRecord
9650
RGL_VALUE_19603 class nl.tudelft.rdfgears.rgl.datamodel.value.impl.ModifiableRecord
9651
RGL_VALUE_19605 class nl.tudelft.rdfgears.rgl.datamodel.value.impl.ModifiableRecord
9652
RGL_VALUE_19607 class nl.tudelft.rdfgears.rgl.datamodel.value.impl.ModifiableRecord
9653
RGL_VALUE_19609 class nl.tudelft.rdfgears.rgl.datamodel.value.impl.ModifiableRecord
9654
RGL_VALUE_19611 class nl.tudelft.rdfgears.rgl.datamodel.value.impl.ModifiableRecord
9655
RGL_VALUE_19613 class nl.tudelft.rdfgears.rgl.datamodel.value.impl.ModifiableRecord
9656
RGL_VALUE_19615 class nl.tudelft.rdfgears.rgl.datamodel.value.impl.ModifiableRecord
9657
RGL_VALUE_19617 class nl.tudelft.rdfgears.rgl.datamodel.value.impl.ModifiableRecord
9658
RGL_VALUE_19619 class nl.tudelft.rdfgears.rgl.datamodel.value.impl.ModifiableRecord
9659
RGL_VALUE_19621 class nl.tudelft.rdfgears.rgl.datamodel.value.impl.ModifiableRecord
9660
RGL_VALUE_19623 class nl.tudelft.rdfgears.rgl.datamodel.value.impl.ModifiableRecord
9661
RGL_VALUE_19625 class nl.tudelft.rdfgears.rgl.datamodel.value.impl.ModifiableRecord
9662
RGL_VALUE_19627 class nl.tudelft.rdfgears.rgl.datamodel.value.impl.ModifiableRecord
9663
RGL_VALUE_19629 class nl.tudelft.rdfgears.rgl.datamodel.value.impl.ModifiableRecord
9664
RGL_VALUE_19631 class nl.tudelft.rdfgears.rgl.datamodel.value.impl.ModifiableRecord
9665
RGL_VALUE_19633 class nl.tudelft.rdfgears.rgl.datamodel.value.impl.ModifiableRecord
9666
RGL_VALUE_19635 class nl.tudelft.rdfgears.rgl.datamodel.value.impl.ModifiableRecord
9667
RGL_VALUE_19637 class nl.tudelft.rdfgears.rgl.datamodel.value.impl.ModifiableRecord
9668
RGL_VALUE_19639 class nl.tudelft.rdfgears.rgl.datamodel.value.impl.ModifiableRecord
9669
RGL_VALUE_19641 class nl.tudelft.rdfgears.rgl.datamodel.value.impl.ModifiableRecord
9670
RGL_VALUE_19643 class nl.tudelft.rdfgears.rgl.datamodel.value.impl.ModifiableRecord
9671
RGL_VALUE_19645 class nl.tudelft.rdfgears.rgl.datamodel.value.impl.ModifiableRecord
9672
RGL_VALUE_19647 class nl.tudelft.rdfgears.rgl.datamodel.value.impl.ModifiableRecord
9673
RGL_VALUE_19649 class nl.tudelft.rdfgears.rgl.datamodel.value.impl.ModifiableRecord
9674
RGL_VALUE_19651 class nl.tudelft.rdfgears.rgl.datamodel.value.impl.ModifiableRecord
9675
RGL_VALUE_19653 class nl.tudelft.rdfgears.rgl.datamodel.value.impl.ModifiableRecord
9676
RGL_VALUE_19655 class nl.tudelft.rdfgears.rgl.datamodel.value.impl.ModifiableRecord
9677
RGL_VALUE_19657 class nl.tudelft.rdfgears.rgl.datamodel.value.impl.ModifiableRecord
9678
RGL_VALUE_19659 class nl.tudelft.rdfgears.rgl.datamodel.value.impl.ModifiableRecord
9679
RGL_VALUE_19661 class nl.tudelft.rdfgears.rgl.datamodel.value.impl.ModifiableRecord
9680
RGL_VALUE_19663 class nl.tudelft.rdfgears.rgl.datamodel.value.impl.ModifiableRecord
9681
RGL_VALUE_19665 class nl.tudelft.rdfgears.rgl.datamodel.value.impl.ModifiableRecord
9682
RGL_VALUE_19667 class nl.tudelft.rdfgears.rgl.datamodel.value.impl.ModifiableRecord
9683
RGL_VALUE_19669 class nl.tudelft.rdfgears.rgl.datamodel.value.impl.ModifiableRecord
9684
RGL_VALUE_19671 class nl.tudelft.rdfgears.rgl.datamodel.value.impl.ModifiableRecord
9685
RGL_VALUE_19673 class nl.tudelft.rdfgears.rgl.datamodel.value.impl.ModifiableRecord
9686
RGL_VALUE_19675 class nl.tudelft.rdfgears.rgl.datamodel.value.impl.ModifiableRecord
9687
RGL_VALUE_19677 class nl.tudelft.rdfgears.rgl.datamodel.value.impl.ModifiableRecord
9688
RGL_VALUE_19679 class nl.tudelft.rdfgears.rgl.datamodel.value.impl.ModifiableRecord
9689
RGL_VALUE_19681 class nl.tudelft.rdfgears.rgl.datamodel.value.impl.ModifiableRecord
9690
RGL_VALUE_19683 class nl.tudelft.rdfgears.rgl.datamodel.value.impl.ModifiableRecord
9691
RGL_VALUE_19685 class nl.tudelft.rdfgears.rgl.datamodel.value.impl.ModifiableRecord
9692
RGL_VALUE_19687 class nl.tudelft.rdfgears.rgl.datamodel.value.impl.ModifiableRecord
9693
RGL_VALUE_19689 class nl.tudelft.rdfgears.rgl.datamodel.value.impl.ModifiableRecord
9694
RGL_VALUE_19691 class nl.tudelft.rdfgears.rgl.datamodel.value.impl.ModifiableRecord
9695
RGL_VALUE_19693 class nl.tudelft.rdfgears.rgl.datamodel.value.impl.ModifiableRecord
9696
RGL_VALUE_19695 class nl.tudelft.rdfgears.rgl.datamodel.value.impl.ModifiableRecord
9697
RGL_VALUE_19697 class nl.tudelft.rdfgears.rgl.datamodel.value.impl.ModifiableRecord
9698
RGL_VALUE_19699 class nl.tudelft.rdfgears.rgl.datamodel.value.impl.ModifiableRecord
9699
RGL_VALUE_19701 class nl.tudelft.rdfgears.rgl.datamodel.value.impl.ModifiableRecord
9700
RGL_VALUE_19704 class nl.tudelft.rdfgears.rgl.datamodel.value.impl.ModifiableRecord
9701
RGL_VALUE_19706 class nl.tudelft.rdfgears.rgl.datamodel.value.impl.ModifiableRecord
9702
RGL_VALUE_19708 class nl.tudelft.rdfgears.rgl.datamodel.value.impl.ModifiableRecord
9703
RGL_VALUE_19710 class nl.tudelft.rdfgears.rgl.datamodel.value.impl.ModifiableRecord
9704
RGL_VALUE_19712 class nl.tudelft.rdfgears.rgl.datamodel.value.impl.ModifiableRecord
9705
RGL_VALUE_19714 class nl.tudelft.rdfgears.rgl.datamodel.value.impl.ModifiableRecord
9706
RGL_VALUE_19716 class nl.tudelft.rdfgears.rgl.datamodel.value.impl.ModifiableRecord
9707
RGL_VALUE_19718 class nl.tudelft.rdfgears.rgl.datamodel.value.impl.ModifiableRecord
9708
RGL_VALUE_19720 class nl.tudelft.rdfgears.rgl.datamodel.value.impl.ModifiableRecord
9709
RGL_VALUE_19722 class nl.tudelft.rdfgears.rgl.datamodel.value.impl.ModifiableRecord
9710
RGL_VALUE_19724 class nl.tudelft.rdfgears.rgl.datamodel.value.impl.ModifiableRecord
9711
RGL_VALUE_19726 class nl.tudelft.rdfgears.rgl.datamodel.value.impl.ModifiableRecord
9712
RGL_VALUE_19728 class nl.tudelft.rdfgears.rgl.datamodel.value.impl.ModifiableRecord
9713
RGL_VALUE_19730 class nl.tudelft.rdfgears.rgl.datamodel.value.impl.ModifiableRecord
9714
RGL_VALUE_19732 class nl.tudelft.rdfgears.rgl.datamodel.value.impl.ModifiableRecord
9715
RGL_VALUE_19734 class nl.tudelft.rdfgears.rgl.datamodel.value.impl.ModifiableRecord
9716
RGL_VALUE_19736 class nl.tudelft.rdfgears.rgl.datamodel.value.impl.ModifiableRecord
9717
RGL_VALUE_19738 class nl.tudelft.rdfgears.rgl.datamodel.value.impl.ModifiableRecord
9718
RGL_VALUE_19740 class nl.tudelft.rdfgears.rgl.datamodel.value.impl.ModifiableRecord
9719
RGL_VALUE_19742 class nl.tudelft.rdfgears.rgl.datamodel.value.impl.ModifiableRecord
9720
RGL_VALUE_19744 class nl.tudelft.rdfgears.rgl.datamodel.value.impl.ModifiableRecord
9721
RGL_VALUE_19746 class nl.tudelft.rdfgears.rgl.datamodel.value.impl.ModifiableRecord
9722
RGL_VALUE_19748 class nl.tudelft.rdfgears.rgl.datamodel.value.impl.ModifiableRecord
9723
RGL_VALUE_19750 class nl.tudelft.rdfgears.rgl.datamodel.value.impl.ModifiableRecord
9724
RGL_VALUE_19752 class nl.tudelft.rdfgears.rgl.datamodel.value.impl.ModifiableRecord
9725
RGL_VALUE_19754 class nl.tudelft.rdfgears.rgl.datamodel.value.impl.ModifiableRecord
9726
RGL_VALUE_19756 class nl.tudelft.rdfgears.rgl.datamodel.value.impl.ModifiableRecord
9727
RGL_VALUE_19758 class nl.tudelft.rdfgears.rgl.datamodel.value.impl.ModifiableRecord
9728
RGL_VALUE_19760 class nl.tudelft.rdfgears.rgl.datamodel.value.impl.ModifiableRecord
9729
RGL_VALUE_19762 class nl.tudelft.rdfgears.rgl.datamodel.value.impl.ModifiableRecord
9730
RGL_VALUE_19764 class nl.tudelft.rdfgears.rgl.datamodel.value.impl.ModifiableRecord
9731
RGL_VALUE_19766 class nl.tudelft.rdfgears.rgl.datamodel.value.impl.ModifiableRecord
9732
RGL_VALUE_19768 class nl.tudelft.rdfgears.rgl.datamodel.value.impl.ModifiableRecord
9733
RGL_VALUE_19770 class nl.tudelft.rdfgears.rgl.datamodel.value.impl.ModifiableRecord
9734
RGL_VALUE_19772 class nl.tudelft.rdfgears.rgl.datamodel.value.impl.ModifiableRecord
9735
RGL_VALUE_19774 class nl.tudelft.rdfgears.rgl.datamodel.value.impl.ModifiableRecord
9736
RGL_VALUE_19776 class nl.tudelft.rdfgears.rgl.datamodel.value.impl.ModifiableRecord
9737
RGL_VALUE_19778 class nl.tudelft.rdfgears.rgl.datamodel.value.impl.ModifiableRecord
9738
RGL_VALUE_19780 class nl.tudelft.rdfgears.rgl.datamodel.value.impl.ModifiableRecord
9739
RGL_VALUE_19782 class nl.tudelft.rdfgears.rgl.datamodel.value.impl.ModifiableRecord
9740
RGL_VALUE_19784 class nl.tudelft.rdfgears.rgl.datamodel.value.impl.ModifiableRecord
9741
RGL_VALUE_19786 class nl.tudelft.rdfgears.rgl.datamodel.value.impl.ModifiableRecord
9742
RGL_VALUE_19788 class nl.tudelft.rdfgears.rgl.datamodel.value.impl.ModifiableRecord
9743
RGL_VALUE_19790 class nl.tudelft.rdfgears.rgl.datamodel.value.impl.ModifiableRecord
9744
RGL_VALUE_19792 class nl.tudelft.rdfgears.rgl.datamodel.value.impl.ModifiableRecord
9745
RGL_VALUE_19794 class nl.tudelft.rdfgears.rgl.datamodel.value.impl.ModifiableRecord
9746
RGL_VALUE_19796 class nl.tudelft.rdfgears.rgl.datamodel.value.impl.ModifiableRecord
9747
RGL_VALUE_19798 class nl.tudelft.rdfgears.rgl.datamodel.value.impl.ModifiableRecord
9748
RGL_VALUE_19800 class nl.tudelft.rdfgears.rgl.datamodel.value.impl.ModifiableRecord
9749
RGL_VALUE_19802 class nl.tudelft.rdfgears.rgl.datamodel.value.impl.ModifiableRecord
9750
RGL_VALUE_19804 class nl.tudelft.rdfgears.rgl.datamodel.value.impl.ModifiableRecord
9751
RGL_VALUE_19806 class nl.tudelft.rdfgears.rgl.datamodel.value.impl.ModifiableRecord
9752
RGL_VALUE_19808 class nl.tudelft.rdfgears.rgl.datamodel.value.impl.ModifiableRecord
9753
RGL_VALUE_19810 class nl.tudelft.rdfgears.rgl.datamodel.value.impl.ModifiableRecord
9754
RGL_VALUE_19812 class nl.tudelft.rdfgears.rgl.datamodel.value.impl.ModifiableRecord
9755
RGL_VALUE_19814 class nl.tudelft.rdfgears.rgl.datamodel.value.impl.ModifiableRecord
9756
RGL_VALUE_19816 class nl.tudelft.rdfgears.rgl.datamodel.value.impl.ModifiableRecord
9757
RGL_VALUE_19818 class nl.tudelft.rdfgears.rgl.datamodel.value.impl.ModifiableRecord
9758
RGL_VALUE_19820 class nl.tudelft.rdfgears.rgl.datamodel.value.impl.ModifiableRecord
9759
RGL_VALUE_19822 class nl.tudelft.rdfgears.rgl.datamodel.value.impl.ModifiableRecord
9760
RGL_VALUE_19824 class nl.tudelft.rdfgears.rgl.datamodel.value.impl.ModifiableRecord
9761
RGL_VALUE_19826 class nl.tudelft.rdfgears.rgl.datamodel.value.impl.ModifiableRecord
9762
RGL_VALUE_19828 class nl.tudelft.rdfgears.rgl.datamodel.value.impl.ModifiableRecord
9763
RGL_VALUE_19830 class nl.tudelft.rdfgears.rgl.datamodel.value.impl.ModifiableRecord
9764
RGL_VALUE_19832 class nl.tudelft.rdfgears.rgl.datamodel.value.impl.ModifiableRecord
9765
RGL_VALUE_19834 class nl.tudelft.rdfgears.rgl.datamodel.value.impl.ModifiableRecord
9766
RGL_VALUE_19836 class nl.tudelft.rdfgears.rgl.datamodel.value.impl.ModifiableRecord
9767
RGL_VALUE_19838 class nl.tudelft.rdfgears.rgl.datamodel.value.impl.ModifiableRecord
9768
RGL_VALUE_19840 class nl.tudelft.rdfgears.rgl.datamodel.value.impl.ModifiableRecord
9769
RGL_VALUE_19842 class nl.tudelft.rdfgears.rgl.datamodel.value.impl.ModifiableRecord
9770
RGL_VALUE_19844 class nl.tudelft.rdfgears.rgl.datamodel.value.impl.ModifiableRecord
9771
RGL_VALUE_19846 class nl.tudelft.rdfgears.rgl.datamodel.value.impl.ModifiableRecord
9772
RGL_VALUE_19848 class nl.tudelft.rdfgears.rgl.datamodel.value.impl.ModifiableRecord
9773
RGL_VALUE_19850 class nl.tudelft.rdfgears.rgl.datamodel.value.impl.ModifiableRecord
9774
RGL_VALUE_19852 class nl.tudelft.rdfgears.rgl.datamodel.value.impl.ModifiableRecord
9775
RGL_VALUE_19854 class nl.tudelft.rdfgears.rgl.datamodel.value.impl.ModifiableRecord
9776
RGL_VALUE_19856 class nl.tudelft.rdfgears.rgl.datamodel.value.impl.ModifiableRecord
9777
RGL_VALUE_19858 class nl.tudelft.rdfgears.rgl.datamodel.value.impl.ModifiableRecord
9778
RGL_VALUE_19860 class nl.tudelft.rdfgears.rgl.datamodel.value.impl.ModifiableRecord
9779
RGL_VALUE_19862 class nl.tudelft.rdfgears.rgl.datamodel.value.impl.ModifiableRecord
9780
RGL_VALUE_19864 class nl.tudelft.rdfgears.rgl.datamodel.value.impl.ModifiableRecord
9781
RGL_VALUE_19866 class nl.tudelft.rdfgears.rgl.datamodel.value.impl.ModifiableRecord
9782
RGL_VALUE_19868 class nl.tudelft.rdfgears.rgl.datamodel.value.impl.ModifiableRecord
9783
RGL_VALUE_19870 class nl.tudelft.rdfgears.rgl.datamodel.value.impl.ModifiableRecord
9784
RGL_VALUE_19872 class nl.tudelft.rdfgears.rgl.datamodel.value.impl.ModifiableRecord
9785
RGL_VALUE_19874 class nl.tudelft.rdfgears.rgl.datamodel.value.impl.ModifiableRecord
9786
RGL_VALUE_19876 class nl.tudelft.rdfgears.rgl.datamodel.value.impl.ModifiableRecord
9787
RGL_VALUE_19878 class nl.tudelft.rdfgears.rgl.datamodel.value.impl.ModifiableRecord
9788
RGL_VALUE_19880 class nl.tudelft.rdfgears.rgl.datamodel.value.impl.ModifiableRecord
9789
RGL_VALUE_19882 class nl.tudelft.rdfgears.rgl.datamodel.value.impl.ModifiableRecord
9790
RGL_VALUE_19884 class nl.tudelft.rdfgears.rgl.datamodel.value.impl.ModifiableRecord
9791
RGL_VALUE_19886 class nl.tudelft.rdfgears.rgl.datamodel.value.impl.ModifiableRecord
9792
RGL_VALUE_19888 class nl.tudelft.rdfgears.rgl.datamodel.value.impl.ModifiableRecord
9793
RGL_VALUE_19890 class nl.tudelft.rdfgears.rgl.datamodel.value.impl.ModifiableRecord
9794
RGL_VALUE_19892 class nl.tudelft.rdfgears.rgl.datamodel.value.impl.ModifiableRecord
9795
RGL_VALUE_19894 class nl.tudelft.rdfgears.rgl.datamodel.value.impl.ModifiableRecord
9796
RGL_VALUE_19896 class nl.tudelft.rdfgears.rgl.datamodel.value.impl.ModifiableRecord
9797
RGL_VALUE_19898 class nl.tudelft.rdfgears.rgl.datamodel.value.impl.ModifiableRecord
9798
RGL_VALUE_19900 class nl.tudelft.rdfgears.rgl.datamodel.value.impl.ModifiableRecord
9799
RGL_VALUE_19902 class nl.tudelft.rdfgears.rgl.datamodel.value.impl.ModifiableRecord
9800
RGL_VALUE_19905 class nl.tudelft.rdfgears.rgl.datamodel.value.impl.ModifiableRecord
9801
RGL_VALUE_19907 class nl.tudelft.rdfgears.rgl.datamodel.value.impl.ModifiableRecord
9802
RGL_VALUE_19909 class nl.tudelft.rdfgears.rgl.datamodel.value.impl.ModifiableRecord
9803
RGL_VALUE_19911 class nl.tudelft.rdfgears.rgl.datamodel.value.impl.ModifiableRecord
9804
RGL_VALUE_19913 class nl.tudelft.rdfgears.rgl.datamodel.value.impl.ModifiableRecord
9805
RGL_VALUE_19915 class nl.tudelft.rdfgears.rgl.datamodel.value.impl.ModifiableRecord
9806
RGL_VALUE_19917 class nl.tudelft.rdfgears.rgl.datamodel.value.impl.ModifiableRecord
9807
RGL_VALUE_19919 class nl.tudelft.rdfgears.rgl.datamodel.value.impl.ModifiableRecord
9808
RGL_VALUE_19921 class nl.tudelft.rdfgears.rgl.datamodel.value.impl.ModifiableRecord
9809
RGL_VALUE_19923 class nl.tudelft.rdfgears.rgl.datamodel.value.impl.ModifiableRecord
9810
RGL_VALUE_19925 class nl.tudelft.rdfgears.rgl.datamodel.value.impl.ModifiableRecord
9811
RGL_VALUE_19927 class nl.tudelft.rdfgears.rgl.datamodel.value.impl.ModifiableRecord
9812
RGL_VALUE_19929 class nl.tudelft.rdfgears.rgl.datamodel.value.impl.ModifiableRecord
9813
RGL_VALUE_19931 class nl.tudelft.rdfgears.rgl.datamodel.value.impl.ModifiableRecord
9814
RGL_VALUE_19933 class nl.tudelft.rdfgears.rgl.datamodel.value.impl.ModifiableRecord
9815
RGL_VALUE_19935 class nl.tudelft.rdfgears.rgl.datamodel.value.impl.ModifiableRecord
9816
RGL_VALUE_19937 class nl.tudelft.rdfgears.rgl.datamodel.value.impl.ModifiableRecord
9817
RGL_VALUE_19939 class nl.tudelft.rdfgears.rgl.datamodel.value.impl.ModifiableRecord
9818
RGL_VALUE_19941 class nl.tudelft.rdfgears.rgl.datamodel.value.impl.ModifiableRecord
9819
RGL_VALUE_19943 class nl.tudelft.rdfgears.rgl.datamodel.value.impl.ModifiableRecord
9820
RGL_VALUE_19945 class nl.tudelft.rdfgears.rgl.datamodel.value.impl.ModifiableRecord
9821
RGL_VALUE_19947 class nl.tudelft.rdfgears.rgl.datamodel.value.impl.ModifiableRecord
9822
RGL_VALUE_19949 class nl.tudelft.rdfgears.rgl.datamodel.value.impl.ModifiableRecord
9823
RGL_VALUE_19951 class nl.tudelft.rdfgears.rgl.datamodel.value.impl.ModifiableRecord
9824
RGL_VALUE_19953 class nl.tudelft.rdfgears.rgl.datamodel.value.impl.ModifiableRecord
9825
RGL_VALUE_19955 class nl.tudelft.rdfgears.rgl.datamodel.value.impl.ModifiableRecord
9826
RGL_VALUE_19957 class nl.tudelft.rdfgears.rgl.datamodel.value.impl.ModifiableRecord
9827
RGL_VALUE_19959 class nl.tudelft.rdfgears.rgl.datamodel.value.impl.ModifiableRecord
9828
RGL_VALUE_19961 class nl.tudelft.rdfgears.rgl.datamodel.value.impl.ModifiableRecord
9829
RGL_VALUE_19963 class nl.tudelft.rdfgears.rgl.datamodel.value.impl.ModifiableRecord
9830
RGL_VALUE_19965 class nl.tudelft.rdfgears.rgl.datamodel.value.impl.ModifiableRecord
9831
RGL_VALUE_19967 class nl.tudelft.rdfgears.rgl.datamodel.value.impl.ModifiableRecord
9832
RGL_VALUE_19969 class nl.tudelft.rdfgears.rgl.datamodel.value.impl.ModifiableRecord
9833
RGL_VALUE_19971 class nl.tudelft.rdfgears.rgl.datamodel.value.impl.ModifiableRecord
9834
RGL_VALUE_19973 class nl.tudelft.rdfgears.rgl.datamodel.value.impl.ModifiableRecord
9835
RGL_VALUE_19975 class nl.tudelft.rdfgears.rgl.datamodel.value.impl.ModifiableRecord
9836
RGL_VALUE_19977 class nl.tudelft.rdfgears.rgl.datamodel.value.impl.ModifiableRecord
9837
RGL_VALUE_19979 class nl.tudelft.rdfgears.rgl.datamodel.value.impl.ModifiableRecord
9838
RGL_VALUE_19981 class nl.tudelft.rdfgears.rgl.datamodel.value.impl.ModifiableRecord
9839
RGL_VALUE_19983 class nl.tudelft.rdfgears.rgl.datamodel.value.impl.ModifiableRecord
9840
RGL_VALUE_19985 class nl.tudelft.rdfgears.rgl.datamodel.value.impl.ModifiableRecord
9841
RGL_VALUE_19987 class nl.tudelft.rdfgears.rgl.datamodel.value.impl.ModifiableRecord
9842
RGL_VALUE_19989 class nl.tudelft.rdfgears.rgl.datamodel.value.impl.ModifiableRecord
9843
RGL_VALUE_19991 class nl.tudelft.rdfgears.rgl.datamodel.value.impl.ModifiableRecord
9844
RGL_VALUE_19993 class nl.tudelft.rdfgears.rgl.datamodel.value.impl.ModifiableRecord
9845
RGL_VALUE_19995 class nl.tudelft.rdfgears.rgl.datamodel.value.impl.ModifiableRecord
9846
RGL_VALUE_19997 class nl.tudelft.rdfgears.rgl.datamodel.value.impl.ModifiableRecord
9847
RGL_VALUE_19999 class nl.tudelft.rdfgears.rgl.datamodel.value.impl.ModifiableRecord
9848
RGL_VALUE_20001 class nl.tudelft.rdfgears.rgl.datamodel.value.impl.ModifiableRecord
9849
RGL_VALUE_20003 class nl.tudelft.rdfgears.rgl.datamodel.value.impl.ModifiableRecord
9850
RGL_VALUE_20005 class nl.tudelft.rdfgears.rgl.datamodel.value.impl.ModifiableRecord
9851
RGL_VALUE_20007 class nl.tudelft.rdfgears.rgl.datamodel.value.impl.ModifiableRecord
9852
RGL_VALUE_20009 class nl.tudelft.rdfgears.rgl.datamodel.value.impl.ModifiableRecord
9853
RGL_VALUE_20011 class nl.tudelft.rdfgears.rgl.datamodel.value.impl.ModifiableRecord
9854
RGL_VALUE_20013 class nl.tudelft.rdfgears.rgl.datamodel.value.impl.ModifiableRecord
9855
RGL_VALUE_20015 class nl.tudelft.rdfgears.rgl.datamodel.value.impl.ModifiableRecord
9856
RGL_VALUE_20017 class nl.tudelft.rdfgears.rgl.datamodel.value.impl.ModifiableRecord
9857
RGL_VALUE_20019 class nl.tudelft.rdfgears.rgl.datamodel.value.impl.ModifiableRecord
9858
RGL_VALUE_20021 class nl.tudelft.rdfgears.rgl.datamodel.value.impl.ModifiableRecord
9859
RGL_VALUE_20023 class nl.tudelft.rdfgears.rgl.datamodel.value.impl.ModifiableRecord
9860
RGL_VALUE_20025 class nl.tudelft.rdfgears.rgl.datamodel.value.impl.ModifiableRecord
9861
RGL_VALUE_20027 class nl.tudelft.rdfgears.rgl.datamodel.value.impl.ModifiableRecord
9862
RGL_VALUE_20029 class nl.tudelft.rdfgears.rgl.datamodel.value.impl.ModifiableRecord
9863
RGL_VALUE_20031 class nl.tudelft.rdfgears.rgl.datamodel.value.impl.ModifiableRecord
9864
RGL_VALUE_20033 class nl.tudelft.rdfgears.rgl.datamodel.value.impl.ModifiableRecord
9865
RGL_VALUE_20035 class nl.tudelft.rdfgears.rgl.datamodel.value.impl.ModifiableRecord
9866
RGL_VALUE_20037 class nl.tudelft.rdfgears.rgl.datamodel.value.impl.ModifiableRecord
9867
RGL_VALUE_20039 class nl.tudelft.rdfgears.rgl.datamodel.value.impl.ModifiableRecord
9868
RGL_VALUE_20041 class nl.tudelft.rdfgears.rgl.datamodel.value.impl.ModifiableRecord
9869
RGL_VALUE_20043 class nl.tudelft.rdfgears.rgl.datamodel.value.impl.ModifiableRecord
9870
RGL_VALUE_20045 class nl.tudelft.rdfgears.rgl.datamodel.value.impl.ModifiableRecord
9871
RGL_VALUE_20047 class nl.tudelft.rdfgears.rgl.datamodel.value.impl.ModifiableRecord
9872
RGL_VALUE_20049 class nl.tudelft.rdfgears.rgl.datamodel.value.impl.ModifiableRecord
9873
RGL_VALUE_20051 class nl.tudelft.rdfgears.rgl.datamodel.value.impl.ModifiableRecord
9874
RGL_VALUE_20053 class nl.tudelft.rdfgears.rgl.datamodel.value.impl.ModifiableRecord
9875
RGL_VALUE_20055 class nl.tudelft.rdfgears.rgl.datamodel.value.impl.ModifiableRecord
9876
RGL_VALUE_20057 class nl.tudelft.rdfgears.rgl.datamodel.value.impl.ModifiableRecord
9877
RGL_VALUE_20059 class nl.tudelft.rdfgears.rgl.datamodel.value.impl.ModifiableRecord
9878
RGL_VALUE_20061 class nl.tudelft.rdfgears.rgl.datamodel.value.impl.ModifiableRecord
9879
RGL_VALUE_20063 class nl.tudelft.rdfgears.rgl.datamodel.value.impl.ModifiableRecord
9880
RGL_VALUE_20065 class nl.tudelft.rdfgears.rgl.datamodel.value.impl.ModifiableRecord
9881
RGL_VALUE_20067 class nl.tudelft.rdfgears.rgl.datamodel.value.impl.ModifiableRecord
9882
RGL_VALUE_20069 class nl.tudelft.rdfgears.rgl.datamodel.value.impl.ModifiableRecord
9883
RGL_VALUE_20071 class nl.tudelft.rdfgears.rgl.datamodel.value.impl.ModifiableRecord
9884
RGL_VALUE_20073 class nl.tudelft.rdfgears.rgl.datamodel.value.impl.ModifiableRecord
9885
RGL_VALUE_20075 class nl.tudelft.rdfgears.rgl.datamodel.value.impl.ModifiableRecord
9886
RGL_VALUE_20077 class nl.tudelft.rdfgears.rgl.datamodel.value.impl.ModifiableRecord
9887
RGL_VALUE_20079 class nl.tudelft.rdfgears.rgl.datamodel.value.impl.ModifiableRecord
9888
RGL_VALUE_20081 class nl.tudelft.rdfgears.rgl.datamodel.value.impl.ModifiableRecord
9889
RGL_VALUE_20083 class nl.tudelft.rdfgears.rgl.datamodel.value.impl.ModifiableRecord
9890
RGL_VALUE_20085 class nl.tudelft.rdfgears.rgl.datamodel.value.impl.ModifiableRecord
9891
RGL_VALUE_20087 class nl.tudelft.rdfgears.rgl.datamodel.value.impl.ModifiableRecord
9892
RGL_VALUE_20089 class nl.tudelft.rdfgears.rgl.datamodel.value.impl.ModifiableRecord
9893
RGL_VALUE_20091 class nl.tudelft.rdfgears.rgl.datamodel.value.impl.ModifiableRecord
9894
RGL_VALUE_20093 class nl.tudelft.rdfgears.rgl.datamodel.value.impl.ModifiableRecord
9895
RGL_VALUE_20095 class nl.tudelft.rdfgears.rgl.datamodel.value.impl.ModifiableRecord
9896
RGL_VALUE_20097 class nl.tudelft.rdfgears.rgl.datamodel.value.impl.ModifiableRecord
9897
RGL_VALUE_20099 class nl.tudelft.rdfgears.rgl.datamodel.value.impl.ModifiableRecord
9898
RGL_VALUE_20101 class nl.tudelft.rdfgears.rgl.datamodel.value.impl.ModifiableRecord
9899
RGL_VALUE_20103 class nl.tudelft.rdfgears.rgl.datamodel.value.impl.ModifiableRecord
9900
RGL_VALUE_20106 class nl.tudelft.rdfgears.rgl.datamodel.value.impl.ModifiableRecord
9901
RGL_VALUE_20108 class nl.tudelft.rdfgears.rgl.datamodel.value.impl.ModifiableRecord
9902
RGL_VALUE_20110 class nl.tudelft.rdfgears.rgl.datamodel.value.impl.ModifiableRecord
9903
RGL_VALUE_20112 class nl.tudelft.rdfgears.rgl.datamodel.value.impl.ModifiableRecord
9904
RGL_VALUE_20114 class nl.tudelft.rdfgears.rgl.datamodel.value.impl.ModifiableRecord
9905
RGL_VALUE_20116 class nl.tudelft.rdfgears.rgl.datamodel.value.impl.ModifiableRecord
9906
RGL_VALUE_20118 class nl.tudelft.rdfgears.rgl.datamodel.value.impl.ModifiableRecord
9907
RGL_VALUE_20120 class nl.tudelft.rdfgears.rgl.datamodel.value.impl.ModifiableRecord
9908
RGL_VALUE_20122 class nl.tudelft.rdfgears.rgl.datamodel.value.impl.ModifiableRecord
9909
RGL_VALUE_20124 class nl.tudelft.rdfgears.rgl.datamodel.value.impl.ModifiableRecord
9910
RGL_VALUE_20126 class nl.tudelft.rdfgears.rgl.datamodel.value.impl.ModifiableRecord
9911
RGL_VALUE_20128 class nl.tudelft.rdfgears.rgl.datamodel.value.impl.ModifiableRecord
9912
RGL_VALUE_20130 class nl.tudelft.rdfgears.rgl.datamodel.value.impl.ModifiableRecord
9913
RGL_VALUE_20132 class nl.tudelft.rdfgears.rgl.datamodel.value.impl.ModifiableRecord
9914
RGL_VALUE_20134 class nl.tudelft.rdfgears.rgl.datamodel.value.impl.ModifiableRecord
9915
RGL_VALUE_20136 class nl.tudelft.rdfgears.rgl.datamodel.value.impl.ModifiableRecord
9916
RGL_VALUE_20138 class nl.tudelft.rdfgears.rgl.datamodel.value.impl.ModifiableRecord
9917
RGL_VALUE_20140 class nl.tudelft.rdfgears.rgl.datamodel.value.impl.ModifiableRecord
9918
RGL_VALUE_20142 class nl.tudelft.rdfgears.rgl.datamodel.value.impl.ModifiableRecord
9919
RGL_VALUE_20144 class nl.tudelft.rdfgears.rgl.datamodel.value.impl.ModifiableRecord
9920
RGL_VALUE_20146 class nl.tudelft.rdfgears.rgl.datamodel.value.impl.ModifiableRecord
9921
RGL_VALUE_20148 class nl.tudelft.rdfgears.rgl.datamodel.value.impl.ModifiableRecord
9922
RGL_VALUE_20150 class nl.tudelft.rdfgears.rgl.datamodel.value.impl.ModifiableRecord
9923
RGL_VALUE_20152 class nl.tudelft.rdfgears.rgl.datamodel.value.impl.ModifiableRecord
9924
RGL_VALUE_20154 class nl.tudelft.rdfgears.rgl.datamodel.value.impl.ModifiableRecord
9925
RGL_VALUE_20156 class nl.tudelft.rdfgears.rgl.datamodel.value.impl.ModifiableRecord
9926
RGL_VALUE_20158 class nl.tudelft.rdfgears.rgl.datamodel.value.impl.ModifiableRecord
9927
RGL_VALUE_20160 class nl.tudelft.rdfgears.rgl.datamodel.value.impl.ModifiableRecord
9928
RGL_VALUE_20162 class nl.tudelft.rdfgears.rgl.datamodel.value.impl.ModifiableRecord
9929
RGL_VALUE_20164 class nl.tudelft.rdfgears.rgl.datamodel.value.impl.ModifiableRecord
9930
RGL_VALUE_20166 class nl.tudelft.rdfgears.rgl.datamodel.value.impl.ModifiableRecord
9931
RGL_VALUE_20168 class nl.tudelft.rdfgears.rgl.datamodel.value.impl.ModifiableRecord
9932
RGL_VALUE_20170 class nl.tudelft.rdfgears.rgl.datamodel.value.impl.ModifiableRecord
9933
RGL_VALUE_20172 class nl.tudelft.rdfgears.rgl.datamodel.value.impl.ModifiableRecord
9934
RGL_VALUE_20174 class nl.tudelft.rdfgears.rgl.datamodel.value.impl.ModifiableRecord
9935
RGL_VALUE_20176 class nl.tudelft.rdfgears.rgl.datamodel.value.impl.ModifiableRecord
9936
RGL_VALUE_20178 class nl.tudelft.rdfgears.rgl.datamodel.value.impl.ModifiableRecord
9937
RGL_VALUE_20180 class nl.tudelft.rdfgears.rgl.datamodel.value.impl.ModifiableRecord
9938
RGL_VALUE_20182 class nl.tudelft.rdfgears.rgl.datamodel.value.impl.ModifiableRecord
9939
RGL_VALUE_20184 class nl.tudelft.rdfgears.rgl.datamodel.value.impl.ModifiableRecord
9940
RGL_VALUE_20186 class nl.tudelft.rdfgears.rgl.datamodel.value.impl.ModifiableRecord
9941
RGL_VALUE_20188 class nl.tudelft.rdfgears.rgl.datamodel.value.impl.ModifiableRecord
9942
RGL_VALUE_20190 class nl.tudelft.rdfgears.rgl.datamodel.value.impl.ModifiableRecord
9943
RGL_VALUE_20192 class nl.tudelft.rdfgears.rgl.datamodel.value.impl.ModifiableRecord
9944
RGL_VALUE_20194 class nl.tudelft.rdfgears.rgl.datamodel.value.impl.ModifiableRecord
9945
RGL_VALUE_20196 class nl.tudelft.rdfgears.rgl.datamodel.value.impl.ModifiableRecord
9946
RGL_VALUE_20198 class nl.tudelft.rdfgears.rgl.datamodel.value.impl.ModifiableRecord
9947
RGL_VALUE_20200 class nl.tudelft.rdfgears.rgl.datamodel.value.impl.ModifiableRecord
9948
RGL_VALUE_20202 class nl.tudelft.rdfgears.rgl.datamodel.value.impl.ModifiableRecord
9949
RGL_VALUE_20204 class nl.tudelft.rdfgears.rgl.datamodel.value.impl.ModifiableRecord
9950
RGL_VALUE_20206 class nl.tudelft.rdfgears.rgl.datamodel.value.impl.ModifiableRecord
9951
RGL_VALUE_20208 class nl.tudelft.rdfgears.rgl.datamodel.value.impl.ModifiableRecord
9952
RGL_VALUE_20210 class nl.tudelft.rdfgears.rgl.datamodel.value.impl.ModifiableRecord
9953
RGL_VALUE_20212 class nl.tudelft.rdfgears.rgl.datamodel.value.impl.ModifiableRecord
9954
RGL_VALUE_20214 class nl.tudelft.rdfgears.rgl.datamodel.value.impl.ModifiableRecord
9955
RGL_VALUE_20216 class nl.tudelft.rdfgears.rgl.datamodel.value.impl.ModifiableRecord
9956
RGL_VALUE_20218 class nl.tudelft.rdfgears.rgl.datamodel.value.impl.ModifiableRecord
9957
RGL_VALUE_20220 class nl.tudelft.rdfgears.rgl.datamodel.value.impl.ModifiableRecord
9958
RGL_VALUE_20222 class nl.tudelft.rdfgears.rgl.datamodel.value.impl.ModifiableRecord
9959
RGL_VALUE_20224 class nl.tudelft.rdfgears.rgl.datamodel.value.impl.ModifiableRecord
9960
RGL_VALUE_20226 class nl.tudelft.rdfgears.rgl.datamodel.value.impl.ModifiableRecord
9961
RGL_VALUE_20228 class nl.tudelft.rdfgears.rgl.datamodel.value.impl.ModifiableRecord
9962
RGL_VALUE_20230 class nl.tudelft.rdfgears.rgl.datamodel.value.impl.ModifiableRecord
9963
RGL_VALUE_20232 class nl.tudelft.rdfgears.rgl.datamodel.value.impl.ModifiableRecord
9964
RGL_VALUE_20234 class nl.tudelft.rdfgears.rgl.datamodel.value.impl.ModifiableRecord
9965
RGL_VALUE_20236 class nl.tudelft.rdfgears.rgl.datamodel.value.impl.ModifiableRecord
9966
RGL_VALUE_20238 class nl.tudelft.rdfgears.rgl.datamodel.value.impl.ModifiableRecord
9967
RGL_VALUE_20240 class nl.tudelft.rdfgears.rgl.datamodel.value.impl.ModifiableRecord
9968
RGL_VALUE_20242 class nl.tudelft.rdfgears.rgl.datamodel.value.impl.ModifiableRecord
9969
RGL_VALUE_20244 class nl.tudelft.rdfgears.rgl.datamodel.value.impl.ModifiableRecord
9970
RGL_VALUE_20246 class nl.tudelft.rdfgears.rgl.datamodel.value.impl.ModifiableRecord
9971
RGL_VALUE_20248 class nl.tudelft.rdfgears.rgl.datamodel.value.impl.ModifiableRecord
9972
RGL_VALUE_20250 class nl.tudelft.rdfgears.rgl.datamodel.value.impl.ModifiableRecord
9973
RGL_VALUE_20252 class nl.tudelft.rdfgears.rgl.datamodel.value.impl.ModifiableRecord
9974
RGL_VALUE_20254 class nl.tudelft.rdfgears.rgl.datamodel.value.impl.ModifiableRecord
9975
RGL_VALUE_20256 class nl.tudelft.rdfgears.rgl.datamodel.value.impl.ModifiableRecord
9976
RGL_VALUE_20258 class nl.tudelft.rdfgears.rgl.datamodel.value.impl.ModifiableRecord
9977
RGL_VALUE_20260 class nl.tudelft.rdfgears.rgl.datamodel.value.impl.ModifiableRecord
9978
RGL_VALUE_20262 class nl.tudelft.rdfgears.rgl.datamodel.value.impl.ModifiableRecord
9979
RGL_VALUE_20264 class nl.tudelft.rdfgears.rgl.datamodel.value.impl.ModifiableRecord
9980
RGL_VALUE_20266 class nl.tudelft.rdfgears.rgl.datamodel.value.impl.ModifiableRecord
9981
RGL_VALUE_20268 class nl.tudelft.rdfgears.rgl.datamodel.value.impl.ModifiableRecord
9982
RGL_VALUE_20270 class nl.tudelft.rdfgears.rgl.datamodel.value.impl.ModifiableRecord
9983
RGL_VALUE_20272 class nl.tudelft.rdfgears.rgl.datamodel.value.impl.ModifiableRecord
9984
RGL_VALUE_20274 class nl.tudelft.rdfgears.rgl.datamodel.value.impl.ModifiableRecord
9985
RGL_VALUE_20276 class nl.tudelft.rdfgears.rgl.datamodel.value.impl.ModifiableRecord
9986
RGL_VALUE_20278 class nl.tudelft.rdfgears.rgl.datamodel.value.impl.ModifiableRecord
9987
RGL_VALUE_20280 class nl.tudelft.rdfgears.rgl.datamodel.value.impl.ModifiableRecord
9988
RGL_VALUE_20282 class nl.tudelft.rdfgears.rgl.datamodel.value.impl.ModifiableRecord
9989
RGL_VALUE_20284 class nl.tudelft.rdfgears.rgl.datamodel.value.impl.ModifiableRecord
9990
RGL_VALUE_20286 class nl.tudelft.rdfgears.rgl.datamodel.value.impl.ModifiableRecord
9991
RGL_VALUE_20288 class nl.tudelft.rdfgears.rgl.datamodel.value.impl.ModifiableRecord
9992
RGL_VALUE_20290 class nl.tudelft.rdfgears.rgl.datamodel.value.impl.ModifiableRecord
9993
RGL_VALUE_20292 class nl.tudelft.rdfgears.rgl.datamodel.value.impl.ModifiableRecord
9994
RGL_VALUE_20294 class nl.tudelft.rdfgears.rgl.datamodel.value.impl.ModifiableRecord
9995
RGL_VALUE_20296 class nl.tudelft.rdfgears.rgl.datamodel.value.impl.ModifiableRecord
9996
RGL_VALUE_20298 class nl.tudelft.rdfgears.rgl.datamodel.value.impl.ModifiableRecord
9997
RGL_VALUE_20300 class nl.tudelft.rdfgears.rgl.datamodel.value.impl.ModifiableRecord
9998
RGL_VALUE_20302 class nl.tudelft.rdfgears.rgl.datamodel.value.impl.ModifiableRecord
9999
RGL_VALUE_20304 class nl.tudelft.rdfgears.rgl.datamodel.value.impl.ModifiableRecord
10000
10000
0
RGL_VALUE_20308 class nl.tudelft.rdfgears.rgl.datamodel.value.impl.ModifiableRecord
1
RGL_VALUE_20310 class nl.tudelft.rdfgears.rgl.datamodel.value.impl.ModifiableRecord
2
RGL_VALUE_20312 class nl.tudelft.rdfgears.rgl.datamodel.value.impl.ModifiableRecord
3
RGL_VALUE_20314 class nl.tudelft.rdfgears.rgl.datamodel.value.impl.ModifiableRecord
4
RGL_VALUE_20316 class nl.tudelft.rdfgears.rgl.datamodel.value.impl.ModifiableRecord
5
RGL_VALUE_20318 class nl.tudelft.rdfgears.rgl.datamodel.value.impl.ModifiableRecord
6
RGL_VALUE_20320 class nl.tudelft.rdfgears.rgl.datamodel.value.impl.ModifiableRecord
7
RGL_VALUE_20322 class nl.tudelft.rdfgears.rgl.datamodel.value.impl.ModifiableRecord
8
RGL_VALUE_20324 class nl.tudelft.rdfgears.rgl.datamodel.value.impl.ModifiableRecord
9
RGL_VALUE_20326 class nl.tudelft.rdfgears.rgl.datamodel.value.impl.ModifiableRecord
10
RGL_VALUE_20328 class nl.tudelft.rdfgears.rgl.datamodel.value.impl.ModifiableRecord
11
RGL_VALUE_20330 class nl.tudelft.rdfgears.rgl.datamodel.value.impl.ModifiableRecord
12
RGL_VALUE_20332 class nl.tudelft.rdfgears.rgl.datamodel.value.impl.ModifiableRecord
13
RGL_VALUE_20334 class nl.tudelft.rdfgears.rgl.datamodel.value.impl.ModifiableRecord
14
RGL_VALUE_20336 class nl.tudelft.rdfgears.rgl.datamodel.value.impl.ModifiableRecord
15
RGL_VALUE_20338 class nl.tudelft.rdfgears.rgl.datamodel.value.impl.ModifiableRecord
16
RGL_VALUE_20340 class nl.tudelft.rdfgears.rgl.datamodel.value.impl.ModifiableRecord
17
RGL_VALUE_20342 class nl.tudelft.rdfgears.rgl.datamodel.value.impl.ModifiableRecord
18
RGL_VALUE_20344 class nl.tudelft.rdfgears.rgl.datamodel.value.impl.ModifiableRecord
19
RGL_VALUE_20346 class nl.tudelft.rdfgears.rgl.datamodel.value.impl.ModifiableRecord
20
RGL_VALUE_20348 class nl.tudelft.rdfgears.rgl.datamodel.value.impl.ModifiableRecord
21
RGL_VALUE_20350 class nl.tudelft.rdfgears.rgl.datamodel.value.impl.ModifiableRecord
22
RGL_VALUE_20352 class nl.tudelft.rdfgears.rgl.datamodel.value.impl.ModifiableRecord
23
RGL_VALUE_20354 class nl.tudelft.rdfgears.rgl.datamodel.value.impl.ModifiableRecord
24
RGL_VALUE_20356 class nl.tudelft.rdfgears.rgl.datamodel.value.impl.ModifiableRecord
25
RGL_VALUE_20358 class nl.tudelft.rdfgears.rgl.datamodel.value.impl.ModifiableRecord
26
RGL_VALUE_20360 class nl.tudelft.rdfgears.rgl.datamodel.value.impl.ModifiableRecord
27
RGL_VALUE_20362 class nl.tudelft.rdfgears.rgl.datamodel.value.impl.ModifiableRecord
28
RGL_VALUE_20364 class nl.tudelft.rdfgears.rgl.datamodel.value.impl.ModifiableRecord
29
RGL_VALUE_20366 class nl.tudelft.rdfgears.rgl.datamodel.value.impl.ModifiableRecord
30
RGL_VALUE_20368 class nl.tudelft.rdfgears.rgl.datamodel.value.impl.ModifiableRecord
31
RGL_VALUE_20370 class nl.tudelft.rdfgears.rgl.datamodel.value.impl.ModifiableRecord
32
RGL_VALUE_20372 class nl.tudelft.rdfgears.rgl.datamodel.value.impl.ModifiableRecord
33
RGL_VALUE_20374 class nl.tudelft.rdfgears.rgl.datamodel.value.impl.ModifiableRecord
34
RGL_VALUE_20376 class nl.tudelft.rdfgears.rgl.datamodel.value.impl.ModifiableRecord
35
RGL_VALUE_20378 class nl.tudelft.rdfgears.rgl.datamodel.value.impl.ModifiableRecord
36
RGL_VALUE_20380 class nl.tudelft.rdfgears.rgl.datamodel.value.impl.ModifiableRecord
37
RGL_VALUE_20382 class nl.tudelft.rdfgears.rgl.datamodel.value.impl.ModifiableRecord
38
RGL_VALUE_20384 class nl.tudelft.rdfgears.rgl.datamodel.value.impl.ModifiableRecord
39
RGL_VALUE_20386 class nl.tudelft.rdfgears.rgl.datamodel.value.impl.ModifiableRecord
40
RGL_VALUE_20388 class nl.tudelft.rdfgears.rgl.datamodel.value.impl.ModifiableRecord
41
RGL_VALUE_20390 class nl.tudelft.rdfgears.rgl.datamodel.value.impl.ModifiableRecord
42
RGL_VALUE_20392 class nl.tudelft.rdfgears.rgl.datamodel.value.impl.ModifiableRecord
43
RGL_VALUE_20394 class nl.tudelft.rdfgears.rgl.datamodel.value.impl.ModifiableRecord
44
RGL_VALUE_20396 class nl.tudelft.rdfgears.rgl.datamodel.value.impl.ModifiableRecord
45
RGL_VALUE_20398 class nl.tudelft.rdfgears.rgl.datamodel.value.impl.ModifiableRecord
46
RGL_VALUE_20400 class nl.tudelft.rdfgears.rgl.datamodel.value.impl.ModifiableRecord
47
RGL_VALUE_20402 class nl.tudelft.rdfgears.rgl.datamodel.value.impl.ModifiableRecord
48
RGL_VALUE_20404 class nl.tudelft.rdfgears.rgl.datamodel.value.impl.ModifiableRecord
49
RGL_VALUE_20406 class nl.tudelft.rdfgears.rgl.datamodel.value.impl.ModifiableRecord
50
RGL_VALUE_20408 class nl.tudelft.rdfgears.rgl.datamodel.value.impl.ModifiableRecord
51
RGL_VALUE_20410 class nl.tudelft.rdfgears.rgl.datamodel.value.impl.ModifiableRecord
52
RGL_VALUE_20412 class nl.tudelft.rdfgears.rgl.datamodel.value.impl.ModifiableRecord
53
RGL_VALUE_20414 class nl.tudelft.rdfgears.rgl.datamodel.value.impl.ModifiableRecord
54
RGL_VALUE_20416 class nl.tudelft.rdfgears.rgl.datamodel.value.impl.ModifiableRecord
55
RGL_VALUE_20418 class nl.tudelft.rdfgears.rgl.datamodel.value.impl.ModifiableRecord
56
RGL_VALUE_20420 class nl.tudelft.rdfgears.rgl.datamodel.value.impl.ModifiableRecord
57
RGL_VALUE_20422 class nl.tudelft.rdfgears.rgl.datamodel.value.impl.ModifiableRecord
58
RGL_VALUE_20424 class nl.tudelft.rdfgears.rgl.datamodel.value.impl.ModifiableRecord
59
RGL_VALUE_20426 class nl.tudelft.rdfgears.rgl.datamodel.value.impl.ModifiableRecord
60
RGL_VALUE_20428 class nl.tudelft.rdfgears.rgl.datamodel.value.impl.ModifiableRecord
61
RGL_VALUE_20430 class nl.tudelft.rdfgears.rgl.datamodel.value.impl.ModifiableRecord
62
RGL_VALUE_20432 class nl.tudelft.rdfgears.rgl.datamodel.value.impl.ModifiableRecord
63
RGL_VALUE_20434 class nl.tudelft.rdfgears.rgl.datamodel.value.impl.ModifiableRecord
64
RGL_VALUE_20436 class nl.tudelft.rdfgears.rgl.datamodel.value.impl.ModifiableRecord
65
RGL_VALUE_20438 class nl.tudelft.rdfgears.rgl.datamodel.value.impl.ModifiableRecord
66
RGL_VALUE_20440 class nl.tudelft.rdfgears.rgl.datamodel.value.impl.ModifiableRecord
67
RGL_VALUE_20442 class nl.tudelft.rdfgears.rgl.datamodel.value.impl.ModifiableRecord
68
RGL_VALUE_20444 class nl.tudelft.rdfgears.rgl.datamodel.value.impl.ModifiableRecord
69
RGL_VALUE_20446 class nl.tudelft.rdfgears.rgl.datamodel.value.impl.ModifiableRecord
70
RGL_VALUE_20448 class nl.tudelft.rdfgears.rgl.datamodel.value.impl.ModifiableRecord
71
RGL_VALUE_20450 class nl.tudelft.rdfgears.rgl.datamodel.value.impl.ModifiableRecord
72
RGL_VALUE_20452 class nl.tudelft.rdfgears.rgl.datamodel.value.impl.ModifiableRecord
73
RGL_VALUE_20454 class nl.tudelft.rdfgears.rgl.datamodel.value.impl.ModifiableRecord
74
RGL_VALUE_20456 class nl.tudelft.rdfgears.rgl.datamodel.value.impl.ModifiableRecord
75
RGL_VALUE_20458 class nl.tudelft.rdfgears.rgl.datamodel.value.impl.ModifiableRecord
76
RGL_VALUE_20460 class nl.tudelft.rdfgears.rgl.datamodel.value.impl.ModifiableRecord
77
RGL_VALUE_20462 class nl.tudelft.rdfgears.rgl.datamodel.value.impl.ModifiableRecord
78
RGL_VALUE_20464 class nl.tudelft.rdfgears.rgl.datamodel.value.impl.ModifiableRecord
79
RGL_VALUE_20466 class nl.tudelft.rdfgears.rgl.datamodel.value.impl.ModifiableRecord
80
RGL_VALUE_20468 class nl.tudelft.rdfgears.rgl.datamodel.value.impl.ModifiableRecord
81
RGL_VALUE_20470 class nl.tudelft.rdfgears.rgl.datamodel.value.impl.ModifiableRecord
82
RGL_VALUE_20472 class nl.tudelft.rdfgears.rgl.datamodel.value.impl.ModifiableRecord
83
RGL_VALUE_20474 class nl.tudelft.rdfgears.rgl.datamodel.value.impl.ModifiableRecord
84
RGL_VALUE_20476 class nl.tudelft.rdfgears.rgl.datamodel.value.impl.ModifiableRecord
85
RGL_VALUE_20478 class nl.tudelft.rdfgears.rgl.datamodel.value.impl.ModifiableRecord
86
RGL_VALUE_20480 class nl.tudelft.rdfgears.rgl.datamodel.value.impl.ModifiableRecord
87
RGL_VALUE_20482 class nl.tudelft.rdfgears.rgl.datamodel.value.impl.ModifiableRecord
88
RGL_VALUE_20484 class nl.tudelft.rdfgears.rgl.datamodel.value.impl.ModifiableRecord
89
RGL_VALUE_20486 class nl.tudelft.rdfgears.rgl.datamodel.value.impl.ModifiableRecord
90
RGL_VALUE_20488 class nl.tudelft.rdfgears.rgl.datamodel.value.impl.ModifiableRecord
91
RGL_VALUE_20490 class nl.tudelft.rdfgears.rgl.datamodel.value.impl.ModifiableRecord
92
RGL_VALUE_20492 class nl.tudelft.rdfgears.rgl.datamodel.value.impl.ModifiableRecord
93
RGL_VALUE_20494 class nl.tudelft.rdfgears.rgl.datamodel.value.impl.ModifiableRecord
94
RGL_VALUE_20496 class nl.tudelft.rdfgears.rgl.datamodel.value.impl.ModifiableRecord
95
RGL_VALUE_20498 class nl.tudelft.rdfgears.rgl.datamodel.value.impl.ModifiableRecord
96
RGL_VALUE_20500 class nl.tudelft.rdfgears.rgl.datamodel.value.impl.ModifiableRecord
97
RGL_VALUE_20502 class nl.tudelft.rdfgears.rgl.datamodel.value.impl.ModifiableRecord
98
RGL_VALUE_20504 class nl.tudelft.rdfgears.rgl.datamodel.value.impl.ModifiableRecord
99
RGL_VALUE_20506 class nl.tudelft.rdfgears.rgl.datamodel.value.impl.ModifiableRecord
100
RGL_VALUE_20509 class nl.tudelft.rdfgears.rgl.datamodel.value.impl.ModifiableRecord
101
RGL_VALUE_20511 class nl.tudelft.rdfgears.rgl.datamodel.value.impl.ModifiableRecord
102
RGL_VALUE_20513 class nl.tudelft.rdfgears.rgl.datamodel.value.impl.ModifiableRecord
103
RGL_VALUE_20515 class nl.tudelft.rdfgears.rgl.datamodel.value.impl.ModifiableRecord
104
RGL_VALUE_20517 class nl.tudelft.rdfgears.rgl.datamodel.value.impl.ModifiableRecord
105
RGL_VALUE_20519 class nl.tudelft.rdfgears.rgl.datamodel.value.impl.ModifiableRecord
106
RGL_VALUE_20521 class nl.tudelft.rdfgears.rgl.datamodel.value.impl.ModifiableRecord
107
RGL_VALUE_20523 class nl.tudelft.rdfgears.rgl.datamodel.value.impl.ModifiableRecord
108
RGL_VALUE_20525 class nl.tudelft.rdfgears.rgl.datamodel.value.impl.ModifiableRecord
109
RGL_VALUE_20527 class nl.tudelft.rdfgears.rgl.datamodel.value.impl.ModifiableRecord
110
RGL_VALUE_20529 class nl.tudelft.rdfgears.rgl.datamodel.value.impl.ModifiableRecord
111
RGL_VALUE_20531 class nl.tudelft.rdfgears.rgl.datamodel.value.impl.ModifiableRecord
112
RGL_VALUE_20533 class nl.tudelft.rdfgears.rgl.datamodel.value.impl.ModifiableRecord
113
RGL_VALUE_20535 class nl.tudelft.rdfgears.rgl.datamodel.value.impl.ModifiableRecord
114
RGL_VALUE_20537 class nl.tudelft.rdfgears.rgl.datamodel.value.impl.ModifiableRecord
115
RGL_VALUE_20539 class nl.tudelft.rdfgears.rgl.datamodel.value.impl.ModifiableRecord
116
RGL_VALUE_20541 class nl.tudelft.rdfgears.rgl.datamodel.value.impl.ModifiableRecord
117
RGL_VALUE_20543 class nl.tudelft.rdfgears.rgl.datamodel.value.impl.ModifiableRecord
118
RGL_VALUE_20545 class nl.tudelft.rdfgears.rgl.datamodel.value.impl.ModifiableRecord
119
RGL_VALUE_20547 class nl.tudelft.rdfgears.rgl.datamodel.value.impl.ModifiableRecord
120
RGL_VALUE_20549 class nl.tudelft.rdfgears.rgl.datamodel.value.impl.ModifiableRecord
121
RGL_VALUE_20551 class nl.tudelft.rdfgears.rgl.datamodel.value.impl.ModifiableRecord
122
RGL_VALUE_20553 class nl.tudelft.rdfgears.rgl.datamodel.value.impl.ModifiableRecord
123
RGL_VALUE_20555 class nl.tudelft.rdfgears.rgl.datamodel.value.impl.ModifiableRecord
124
RGL_VALUE_20557 class nl.tudelft.rdfgears.rgl.datamodel.value.impl.ModifiableRecord
125
RGL_VALUE_20559 class nl.tudelft.rdfgears.rgl.datamodel.value.impl.ModifiableRecord
126
RGL_VALUE_20561 class nl.tudelft.rdfgears.rgl.datamodel.value.impl.ModifiableRecord
127
RGL_VALUE_20563 class nl.tudelft.rdfgears.rgl.datamodel.value.impl.ModifiableRecord
128
RGL_VALUE_20565 class nl.tudelft.rdfgears.rgl.datamodel.value.impl.ModifiableRecord
129
RGL_VALUE_20567 class nl.tudelft.rdfgears.rgl.datamodel.value.impl.ModifiableRecord
130
RGL_VALUE_20569 class nl.tudelft.rdfgears.rgl.datamodel.value.impl.ModifiableRecord
131
RGL_VALUE_20571 class nl.tudelft.rdfgears.rgl.datamodel.value.impl.ModifiableRecord
132
RGL_VALUE_20573 class nl.tudelft.rdfgears.rgl.datamodel.value.impl.ModifiableRecord
133
RGL_VALUE_20575 class nl.tudelft.rdfgears.rgl.datamodel.value.impl.ModifiableRecord
134
RGL_VALUE_20577 class nl.tudelft.rdfgears.rgl.datamodel.value.impl.ModifiableRecord
135
RGL_VALUE_20579 class nl.tudelft.rdfgears.rgl.datamodel.value.impl.ModifiableRecord
136
RGL_VALUE_20581 class nl.tudelft.rdfgears.rgl.datamodel.value.impl.ModifiableRecord
137
RGL_VALUE_20583 class nl.tudelft.rdfgears.rgl.datamodel.value.impl.ModifiableRecord
138
RGL_VALUE_20585 class nl.tudelft.rdfgears.rgl.datamodel.value.impl.ModifiableRecord
139
RGL_VALUE_20587 class nl.tudelft.rdfgears.rgl.datamodel.value.impl.ModifiableRecord
140
RGL_VALUE_20589 class nl.tudelft.rdfgears.rgl.datamodel.value.impl.ModifiableRecord
141
RGL_VALUE_20591 class nl.tudelft.rdfgears.rgl.datamodel.value.impl.ModifiableRecord
142
RGL_VALUE_20593 class nl.tudelft.rdfgears.rgl.datamodel.value.impl.ModifiableRecord
143
RGL_VALUE_20595 class nl.tudelft.rdfgears.rgl.datamodel.value.impl.ModifiableRecord
144
RGL_VALUE_20597 class nl.tudelft.rdfgears.rgl.datamodel.value.impl.ModifiableRecord
145
RGL_VALUE_20599 class nl.tudelft.rdfgears.rgl.datamodel.value.impl.ModifiableRecord
146
RGL_VALUE_20601 class nl.tudelft.rdfgears.rgl.datamodel.value.impl.ModifiableRecord
147
RGL_VALUE_20603 class nl.tudelft.rdfgears.rgl.datamodel.value.impl.ModifiableRecord
148
RGL_VALUE_20605 class nl.tudelft.rdfgears.rgl.datamodel.value.impl.ModifiableRecord
149
RGL_VALUE_20607 class nl.tudelft.rdfgears.rgl.datamodel.value.impl.ModifiableRecord
150
RGL_VALUE_20609 class nl.tudelft.rdfgears.rgl.datamodel.value.impl.ModifiableRecord
151
RGL_VALUE_20611 class nl.tudelft.rdfgears.rgl.datamodel.value.impl.ModifiableRecord
152
RGL_VALUE_20613 class nl.tudelft.rdfgears.rgl.datamodel.value.impl.ModifiableRecord
153
RGL_VALUE_20615 class nl.tudelft.rdfgears.rgl.datamodel.value.impl.ModifiableRecord
154
RGL_VALUE_20617 class nl.tudelft.rdfgears.rgl.datamodel.value.impl.ModifiableRecord
155
RGL_VALUE_20619 class nl.tudelft.rdfgears.rgl.datamodel.value.impl.ModifiableRecord
156
RGL_VALUE_20621 class nl.tudelft.rdfgears.rgl.datamodel.value.impl.ModifiableRecord
157
RGL_VALUE_20623 class nl.tudelft.rdfgears.rgl.datamodel.value.impl.ModifiableRecord
158
RGL_VALUE_20625 class nl.tudelft.rdfgears.rgl.datamodel.value.impl.ModifiableRecord
159
RGL_VALUE_20627 class nl.tudelft.rdfgears.rgl.datamodel.value.impl.ModifiableRecord
160
RGL_VALUE_20629 class nl.tudelft.rdfgears.rgl.datamodel.value.impl.ModifiableRecord
161
RGL_VALUE_20631 class nl.tudelft.rdfgears.rgl.datamodel.value.impl.ModifiableRecord
162
RGL_VALUE_20633 class nl.tudelft.rdfgears.rgl.datamodel.value.impl.ModifiableRecord
163
RGL_VALUE_20635 class nl.tudelft.rdfgears.rgl.datamodel.value.impl.ModifiableRecord
164
RGL_VALUE_20637 class nl.tudelft.rdfgears.rgl.datamodel.value.impl.ModifiableRecord
165
RGL_VALUE_20639 class nl.tudelft.rdfgears.rgl.datamodel.value.impl.ModifiableRecord
166
RGL_VALUE_20641 class nl.tudelft.rdfgears.rgl.datamodel.value.impl.ModifiableRecord
167
RGL_VALUE_20643 class nl.tudelft.rdfgears.rgl.datamodel.value.impl.ModifiableRecord
168
RGL_VALUE_20645 class nl.tudelft.rdfgears.rgl.datamodel.value.impl.ModifiableRecord
169
RGL_VALUE_20647 class nl.tudelft.rdfgears.rgl.datamodel.value.impl.ModifiableRecord
170
RGL_VALUE_20649 class nl.tudelft.rdfgears.rgl.datamodel.value.impl.ModifiableRecord
171
RGL_VALUE_20651 class nl.tudelft.rdfgears.rgl.datamodel.value.impl.ModifiableRecord
172
RGL_VALUE_20653 class nl.tudelft.rdfgears.rgl.datamodel.value.impl.ModifiableRecord
173
RGL_VALUE_20655 class nl.tudelft.rdfgears.rgl.datamodel.value.impl.ModifiableRecord
174
RGL_VALUE_20657 class nl.tudelft.rdfgears.rgl.datamodel.value.impl.ModifiableRecord
175
RGL_VALUE_20659 class nl.tudelft.rdfgears.rgl.datamodel.value.impl.ModifiableRecord
176
RGL_VALUE_20661 class nl.tudelft.rdfgears.rgl.datamodel.value.impl.ModifiableRecord
177
RGL_VALUE_20663 class nl.tudelft.rdfgears.rgl.datamodel.value.impl.ModifiableRecord
178
RGL_VALUE_20665 class nl.tudelft.rdfgears.rgl.datamodel.value.impl.ModifiableRecord
179
RGL_VALUE_20667 class nl.tudelft.rdfgears.rgl.datamodel.value.impl.ModifiableRecord
180
RGL_VALUE_20669 class nl.tudelft.rdfgears.rgl.datamodel.value.impl.ModifiableRecord
181
RGL_VALUE_20671 class nl.tudelft.rdfgears.rgl.datamodel.value.impl.ModifiableRecord
182
RGL_VALUE_20673 class nl.tudelft.rdfgears.rgl.datamodel.value.impl.ModifiableRecord
183
RGL_VALUE_20675 class nl.tudelft.rdfgears.rgl.datamodel.value.impl.ModifiableRecord
184
RGL_VALUE_20677 class nl.tudelft.rdfgears.rgl.datamodel.value.impl.ModifiableRecord
185
RGL_VALUE_20679 class nl.tudelft.rdfgears.rgl.datamodel.value.impl.ModifiableRecord
186
RGL_VALUE_20681 class nl.tudelft.rdfgears.rgl.datamodel.value.impl.ModifiableRecord
187
RGL_VALUE_20683 class nl.tudelft.rdfgears.rgl.datamodel.value.impl.ModifiableRecord
188
RGL_VALUE_20685 class nl.tudelft.rdfgears.rgl.datamodel.value.impl.ModifiableRecord
189
RGL_VALUE_20687 class nl.tudelft.rdfgears.rgl.datamodel.value.impl.ModifiableRecord
190
RGL_VALUE_20689 class nl.tudelft.rdfgears.rgl.datamodel.value.impl.ModifiableRecord
191
RGL_VALUE_20691 class nl.tudelft.rdfgears.rgl.datamodel.value.impl.ModifiableRecord
192
RGL_VALUE_20693 class nl.tudelft.rdfgears.rgl.datamodel.value.impl.ModifiableRecord
193
RGL_VALUE_20695 class nl.tudelft.rdfgears.rgl.datamodel.value.impl.ModifiableRecord
194
RGL_VALUE_20697 class nl.tudelft.rdfgears.rgl.datamodel.value.impl.ModifiableRecord
195
RGL_VALUE_20699 class nl.tudelft.rdfgears.rgl.datamodel.value.impl.ModifiableRecord
196
RGL_VALUE_20701 class nl.tudelft.rdfgears.rgl.datamodel.value.impl.ModifiableRecord
197
RGL_VALUE_20703 class nl.tudelft.rdfgears.rgl.datamodel.value.impl.ModifiableRecord
198
RGL_VALUE_20705 class nl.tudelft.rdfgears.rgl.datamodel.value.impl.ModifiableRecord
199
RGL_VALUE_20707 class nl.tudelft.rdfgears.rgl.datamodel.value.impl.ModifiableRecord
200
RGL_VALUE_20710 class nl.tudelft.rdfgears.rgl.datamodel.value.impl.ModifiableRecord
201
RGL_VALUE_20712 class nl.tudelft.rdfgears.rgl.datamodel.value.impl.ModifiableRecord
202
RGL_VALUE_20714 class nl.tudelft.rdfgears.rgl.datamodel.value.impl.ModifiableRecord
203
RGL_VALUE_20716 class nl.tudelft.rdfgears.rgl.datamodel.value.impl.ModifiableRecord
204
RGL_VALUE_20718 class nl.tudelft.rdfgears.rgl.datamodel.value.impl.ModifiableRecord
205
RGL_VALUE_20720 class nl.tudelft.rdfgears.rgl.datamodel.value.impl.ModifiableRecord
206
RGL_VALUE_20722 class nl.tudelft.rdfgears.rgl.datamodel.value.impl.ModifiableRecord
207
RGL_VALUE_20724 class nl.tudelft.rdfgears.rgl.datamodel.value.impl.ModifiableRecord
208
RGL_VALUE_20726 class nl.tudelft.rdfgears.rgl.datamodel.value.impl.ModifiableRecord
209
RGL_VALUE_20728 class nl.tudelft.rdfgears.rgl.datamodel.value.impl.ModifiableRecord
210
RGL_VALUE_20730 class nl.tudelft.rdfgears.rgl.datamodel.value.impl.ModifiableRecord
211
RGL_VALUE_20732 class nl.tudelft.rdfgears.rgl.datamodel.value.impl.ModifiableRecord
212
RGL_VALUE_20734 class nl.tudelft.rdfgears.rgl.datamodel.value.impl.ModifiableRecord
213
RGL_VALUE_20736 class nl.tudelft.rdfgears.rgl.datamodel.value.impl.ModifiableRecord
214
RGL_VALUE_20738 class nl.tudelft.rdfgears.rgl.datamodel.value.impl.ModifiableRecord
215
RGL_VALUE_20740 class nl.tudelft.rdfgears.rgl.datamodel.value.impl.ModifiableRecord
216
RGL_VALUE_20742 class nl.tudelft.rdfgears.rgl.datamodel.value.impl.ModifiableRecord
217
RGL_VALUE_20744 class nl.tudelft.rdfgears.rgl.datamodel.value.impl.ModifiableRecord
218
RGL_VALUE_20746 class nl.tudelft.rdfgears.rgl.datamodel.value.impl.ModifiableRecord
219
RGL_VALUE_20748 class nl.tudelft.rdfgears.rgl.datamodel.value.impl.ModifiableRecord
220
RGL_VALUE_20750 class nl.tudelft.rdfgears.rgl.datamodel.value.impl.ModifiableRecord
221
RGL_VALUE_20752 class nl.tudelft.rdfgears.rgl.datamodel.value.impl.ModifiableRecord
222
RGL_VALUE_20754 class nl.tudelft.rdfgears.rgl.datamodel.value.impl.ModifiableRecord
223
RGL_VALUE_20756 class nl.tudelft.rdfgears.rgl.datamodel.value.impl.ModifiableRecord
224
RGL_VALUE_20758 class nl.tudelft.rdfgears.rgl.datamodel.value.impl.ModifiableRecord
225
RGL_VALUE_20760 class nl.tudelft.rdfgears.rgl.datamodel.value.impl.ModifiableRecord
226
RGL_VALUE_20762 class nl.tudelft.rdfgears.rgl.datamodel.value.impl.ModifiableRecord
227
RGL_VALUE_20764 class nl.tudelft.rdfgears.rgl.datamodel.value.impl.ModifiableRecord
228
RGL_VALUE_20766 class nl.tudelft.rdfgears.rgl.datamodel.value.impl.ModifiableRecord
229
RGL_VALUE_20768 class nl.tudelft.rdfgears.rgl.datamodel.value.impl.ModifiableRecord
230
RGL_VALUE_20770 class nl.tudelft.rdfgears.rgl.datamodel.value.impl.ModifiableRecord
231
RGL_VALUE_20772 class nl.tudelft.rdfgears.rgl.datamodel.value.impl.ModifiableRecord
232
RGL_VALUE_20774 class nl.tudelft.rdfgears.rgl.datamodel.value.impl.ModifiableRecord
233
RGL_VALUE_20776 class nl.tudelft.rdfgears.rgl.datamodel.value.impl.ModifiableRecord
234
RGL_VALUE_20778 class nl.tudelft.rdfgears.rgl.datamodel.value.impl.ModifiableRecord
235
RGL_VALUE_20780 class nl.tudelft.rdfgears.rgl.datamodel.value.impl.ModifiableRecord
236
RGL_VALUE_20782 class nl.tudelft.rdfgears.rgl.datamodel.value.impl.ModifiableRecord
237
RGL_VALUE_20784 class nl.tudelft.rdfgears.rgl.datamodel.value.impl.ModifiableRecord
238
RGL_VALUE_20786 class nl.tudelft.rdfgears.rgl.datamodel.value.impl.ModifiableRecord
239
RGL_VALUE_20788 class nl.tudelft.rdfgears.rgl.datamodel.value.impl.ModifiableRecord
240
RGL_VALUE_20790 class nl.tudelft.rdfgears.rgl.datamodel.value.impl.ModifiableRecord
241
RGL_VALUE_20792 class nl.tudelft.rdfgears.rgl.datamodel.value.impl.ModifiableRecord
242
RGL_VALUE_20794 class nl.tudelft.rdfgears.rgl.datamodel.value.impl.ModifiableRecord
243
RGL_VALUE_20796 class nl.tudelft.rdfgears.rgl.datamodel.value.impl.ModifiableRecord
244
RGL_VALUE_20798 class nl.tudelft.rdfgears.rgl.datamodel.value.impl.ModifiableRecord
245
RGL_VALUE_20800 class nl.tudelft.rdfgears.rgl.datamodel.value.impl.ModifiableRecord
246
RGL_VALUE_20802 class nl.tudelft.rdfgears.rgl.datamodel.value.impl.ModifiableRecord
247
RGL_VALUE_20804 class nl.tudelft.rdfgears.rgl.datamodel.value.impl.ModifiableRecord
248
RGL_VALUE_20806 class nl.tudelft.rdfgears.rgl.datamodel.value.impl.ModifiableRecord
249
RGL_VALUE_20808 class nl.tudelft.rdfgears.rgl.datamodel.value.impl.ModifiableRecord
250
RGL_VALUE_20810 class nl.tudelft.rdfgears.rgl.datamodel.value.impl.ModifiableRecord
251
RGL_VALUE_20812 class nl.tudelft.rdfgears.rgl.datamodel.value.impl.ModifiableRecord
252
RGL_VALUE_20814 class nl.tudelft.rdfgears.rgl.datamodel.value.impl.ModifiableRecord
253
RGL_VALUE_20816 class nl.tudelft.rdfgears.rgl.datamodel.value.impl.ModifiableRecord
254
RGL_VALUE_20818 class nl.tudelft.rdfgears.rgl.datamodel.value.impl.ModifiableRecord
255
RGL_VALUE_20820 class nl.tudelft.rdfgears.rgl.datamodel.value.impl.ModifiableRecord
256
RGL_VALUE_20822 class nl.tudelft.rdfgears.rgl.datamodel.value.impl.ModifiableRecord
257
RGL_VALUE_20824 class nl.tudelft.rdfgears.rgl.datamodel.value.impl.ModifiableRecord
258
RGL_VALUE_20826 class nl.tudelft.rdfgears.rgl.datamodel.value.impl.ModifiableRecord
259
RGL_VALUE_20828 class nl.tudelft.rdfgears.rgl.datamodel.value.impl.ModifiableRecord
260
RGL_VALUE_20830 class nl.tudelft.rdfgears.rgl.datamodel.value.impl.ModifiableRecord
261
RGL_VALUE_20832 class nl.tudelft.rdfgears.rgl.datamodel.value.impl.ModifiableRecord
262
RGL_VALUE_20834 class nl.tudelft.rdfgears.rgl.datamodel.value.impl.ModifiableRecord
263
RGL_VALUE_20836 class nl.tudelft.rdfgears.rgl.datamodel.value.impl.ModifiableRecord
264
RGL_VALUE_20838 class nl.tudelft.rdfgears.rgl.datamodel.value.impl.ModifiableRecord
265
RGL_VALUE_20840 class nl.tudelft.rdfgears.rgl.datamodel.value.impl.ModifiableRecord
266
RGL_VALUE_20842 class nl.tudelft.rdfgears.rgl.datamodel.value.impl.ModifiableRecord
267
RGL_VALUE_20844 class nl.tudelft.rdfgears.rgl.datamodel.value.impl.ModifiableRecord
268
RGL_VALUE_20846 class nl.tudelft.rdfgears.rgl.datamodel.value.impl.ModifiableRecord
269
RGL_VALUE_20848 class nl.tudelft.rdfgears.rgl.datamodel.value.impl.ModifiableRecord
270
RGL_VALUE_20850 class nl.tudelft.rdfgears.rgl.datamodel.value.impl.ModifiableRecord
271
RGL_VALUE_20852 class nl.tudelft.rdfgears.rgl.datamodel.value.impl.ModifiableRecord
272
RGL_VALUE_20854 class nl.tudelft.rdfgears.rgl.datamodel.value.impl.ModifiableRecord
273
RGL_VALUE_20856 class nl.tudelft.rdfgears.rgl.datamodel.value.impl.ModifiableRecord
274
RGL_VALUE_20858 class nl.tudelft.rdfgears.rgl.datamodel.value.impl.ModifiableRecord
275
RGL_VALUE_20860 class nl.tudelft.rdfgears.rgl.datamodel.value.impl.ModifiableRecord
276
RGL_VALUE_20862 class nl.tudelft.rdfgears.rgl.datamodel.value.impl.ModifiableRecord
277
RGL_VALUE_20864 class nl.tudelft.rdfgears.rgl.datamodel.value.impl.ModifiableRecord
278
RGL_VALUE_20866 class nl.tudelft.rdfgears.rgl.datamodel.value.impl.ModifiableRecord
279
RGL_VALUE_20868 class nl.tudelft.rdfgears.rgl.datamodel.value.impl.ModifiableRecord
280
RGL_VALUE_20870 class nl.tudelft.rdfgears.rgl.datamodel.value.impl.ModifiableRecord
281
RGL_VALUE_20872 class nl.tudelft.rdfgears.rgl.datamodel.value.impl.ModifiableRecord
282
RGL_VALUE_20874 class nl.tudelft.rdfgears.rgl.datamodel.value.impl.ModifiableRecord
283
RGL_VALUE_20876 class nl.tudelft.rdfgears.rgl.datamodel.value.impl.ModifiableRecord
284
RGL_VALUE_20878 class nl.tudelft.rdfgears.rgl.datamodel.value.impl.ModifiableRecord
285
RGL_VALUE_20880 class nl.tudelft.rdfgears.rgl.datamodel.value.impl.ModifiableRecord
286
RGL_VALUE_20882 class nl.tudelft.rdfgears.rgl.datamodel.value.impl.ModifiableRecord
287
RGL_VALUE_20884 class nl.tudelft.rdfgears.rgl.datamodel.value.impl.ModifiableRecord
288
RGL_VALUE_20886 class nl.tudelft.rdfgears.rgl.datamodel.value.impl.ModifiableRecord
289
RGL_VALUE_20888 class nl.tudelft.rdfgears.rgl.datamodel.value.impl.ModifiableRecord
290
RGL_VALUE_20890 class nl.tudelft.rdfgears.rgl.datamodel.value.impl.ModifiableRecord
291
RGL_VALUE_20892 class nl.tudelft.rdfgears.rgl.datamodel.value.impl.ModifiableRecord
292
RGL_VALUE_20894 class nl.tudelft.rdfgears.rgl.datamodel.value.impl.ModifiableRecord
293
RGL_VALUE_20896 class nl.tudelft.rdfgears.rgl.datamodel.value.impl.ModifiableRecord
294
RGL_VALUE_20898 class nl.tudelft.rdfgears.rgl.datamodel.value.impl.ModifiableRecord
295
RGL_VALUE_20900 class nl.tudelft.rdfgears.rgl.datamodel.value.impl.ModifiableRecord
296
RGL_VALUE_20902 class nl.tudelft.rdfgears.rgl.datamodel.value.impl.ModifiableRecord
297
RGL_VALUE_20904 class nl.tudelft.rdfgears.rgl.datamodel.value.impl.ModifiableRecord
298
RGL_VALUE_20906 class nl.tudelft.rdfgears.rgl.datamodel.value.impl.ModifiableRecord
299
RGL_VALUE_20908 class nl.tudelft.rdfgears.rgl.datamodel.value.impl.ModifiableRecord
300
RGL_VALUE_20911 class nl.tudelft.rdfgears.rgl.datamodel.value.impl.ModifiableRecord
301
RGL_VALUE_20913 class nl.tudelft.rdfgears.rgl.datamodel.value.impl.ModifiableRecord
302
RGL_VALUE_20915 class nl.tudelft.rdfgears.rgl.datamodel.value.impl.ModifiableRecord
303
RGL_VALUE_20917 class nl.tudelft.rdfgears.rgl.datamodel.value.impl.ModifiableRecord
304
RGL_VALUE_20919 class nl.tudelft.rdfgears.rgl.datamodel.value.impl.ModifiableRecord
305
RGL_VALUE_20921 class nl.tudelft.rdfgears.rgl.datamodel.value.impl.ModifiableRecord
306
RGL_VALUE_20923 class nl.tudelft.rdfgears.rgl.datamodel.value.impl.ModifiableRecord
307
RGL_VALUE_20925 class nl.tudelft.rdfgears.rgl.datamodel.value.impl.ModifiableRecord
308
RGL_VALUE_20927 class nl.tudelft.rdfgears.rgl.datamodel.value.impl.ModifiableRecord
309
RGL_VALUE_20929 class nl.tudelft.rdfgears.rgl.datamodel.value.impl.ModifiableRecord
310
RGL_VALUE_20931 class nl.tudelft.rdfgears.rgl.datamodel.value.impl.ModifiableRecord
311
RGL_VALUE_20933 class nl.tudelft.rdfgears.rgl.datamodel.value.impl.ModifiableRecord
312
RGL_VALUE_20935 class nl.tudelft.rdfgears.rgl.datamodel.value.impl.ModifiableRecord
313
RGL_VALUE_20937 class nl.tudelft.rdfgears.rgl.datamodel.value.impl.ModifiableRecord
314
RGL_VALUE_20939 class nl.tudelft.rdfgears.rgl.datamodel.value.impl.ModifiableRecord
315
RGL_VALUE_20941 class nl.tudelft.rdfgears.rgl.datamodel.value.impl.ModifiableRecord
316
RGL_VALUE_20943 class nl.tudelft.rdfgears.rgl.datamodel.value.impl.ModifiableRecord
317
RGL_VALUE_20945 class nl.tudelft.rdfgears.rgl.datamodel.value.impl.ModifiableRecord
318
RGL_VALUE_20947 class nl.tudelft.rdfgears.rgl.datamodel.value.impl.ModifiableRecord
319
RGL_VALUE_20949 class nl.tudelft.rdfgears.rgl.datamodel.value.impl.ModifiableRecord
320
RGL_VALUE_20951 class nl.tudelft.rdfgears.rgl.datamodel.value.impl.ModifiableRecord
321
RGL_VALUE_20953 class nl.tudelft.rdfgears.rgl.datamodel.value.impl.ModifiableRecord
322
RGL_VALUE_20955 class nl.tudelft.rdfgears.rgl.datamodel.value.impl.ModifiableRecord
323
RGL_VALUE_20957 class nl.tudelft.rdfgears.rgl.datamodel.value.impl.ModifiableRecord
324
RGL_VALUE_20959 class nl.tudelft.rdfgears.rgl.datamodel.value.impl.ModifiableRecord
325
RGL_VALUE_20961 class nl.tudelft.rdfgears.rgl.datamodel.value.impl.ModifiableRecord
326
RGL_VALUE_20963 class nl.tudelft.rdfgears.rgl.datamodel.value.impl.ModifiableRecord
327
RGL_VALUE_20965 class nl.tudelft.rdfgears.rgl.datamodel.value.impl.ModifiableRecord
328
RGL_VALUE_20967 class nl.tudelft.rdfgears.rgl.datamodel.value.impl.ModifiableRecord
329
RGL_VALUE_20969 class nl.tudelft.rdfgears.rgl.datamodel.value.impl.ModifiableRecord
330
RGL_VALUE_20971 class nl.tudelft.rdfgears.rgl.datamodel.value.impl.ModifiableRecord
331
RGL_VALUE_20973 class nl.tudelft.rdfgears.rgl.datamodel.value.impl.ModifiableRecord
332
RGL_VALUE_20975 class nl.tudelft.rdfgears.rgl.datamodel.value.impl.ModifiableRecord
333
RGL_VALUE_20977 class nl.tudelft.rdfgears.rgl.datamodel.value.impl.ModifiableRecord
334
RGL_VALUE_20979 class nl.tudelft.rdfgears.rgl.datamodel.value.impl.ModifiableRecord
335
RGL_VALUE_20981 class nl.tudelft.rdfgears.rgl.datamodel.value.impl.ModifiableRecord
336
RGL_VALUE_20983 class nl.tudelft.rdfgears.rgl.datamodel.value.impl.ModifiableRecord
337
RGL_VALUE_20985 class nl.tudelft.rdfgears.rgl.datamodel.value.impl.ModifiableRecord
338
RGL_VALUE_20987 class nl.tudelft.rdfgears.rgl.datamodel.value.impl.ModifiableRecord
339
RGL_VALUE_20989 class nl.tudelft.rdfgears.rgl.datamodel.value.impl.ModifiableRecord
340
RGL_VALUE_20991 class nl.tudelft.rdfgears.rgl.datamodel.value.impl.ModifiableRecord
341
RGL_VALUE_20993 class nl.tudelft.rdfgears.rgl.datamodel.value.impl.ModifiableRecord
342
RGL_VALUE_20995 class nl.tudelft.rdfgears.rgl.datamodel.value.impl.ModifiableRecord
343
RGL_VALUE_20997 class nl.tudelft.rdfgears.rgl.datamodel.value.impl.ModifiableRecord
344
RGL_VALUE_20999 class nl.tudelft.rdfgears.rgl.datamodel.value.impl.ModifiableRecord
345
RGL_VALUE_21001 class nl.tudelft.rdfgears.rgl.datamodel.value.impl.ModifiableRecord
346
RGL_VALUE_21003 class nl.tudelft.rdfgears.rgl.datamodel.value.impl.ModifiableRecord
347
RGL_VALUE_21005 class nl.tudelft.rdfgears.rgl.datamodel.value.impl.ModifiableRecord
348
RGL_VALUE_21007 class nl.tudelft.rdfgears.rgl.datamodel.value.impl.ModifiableRecord
349
RGL_VALUE_21009 class nl.tudelft.rdfgears.rgl.datamodel.value.impl.ModifiableRecord
350
RGL_VALUE_21011 class nl.tudelft.rdfgears.rgl.datamodel.value.impl.ModifiableRecord
351
RGL_VALUE_21013 class nl.tudelft.rdfgears.rgl.datamodel.value.impl.ModifiableRecord
352
RGL_VALUE_21015 class nl.tudelft.rdfgears.rgl.datamodel.value.impl.ModifiableRecord
353
RGL_VALUE_21017 class nl.tudelft.rdfgears.rgl.datamodel.value.impl.ModifiableRecord
354
RGL_VALUE_21019 class nl.tudelft.rdfgears.rgl.datamodel.value.impl.ModifiableRecord
355
RGL_VALUE_21021 class nl.tudelft.rdfgears.rgl.datamodel.value.impl.ModifiableRecord
356
RGL_VALUE_21023 class nl.tudelft.rdfgears.rgl.datamodel.value.impl.ModifiableRecord
357
RGL_VALUE_21025 class nl.tudelft.rdfgears.rgl.datamodel.value.impl.ModifiableRecord
358
RGL_VALUE_21027 class nl.tudelft.rdfgears.rgl.datamodel.value.impl.ModifiableRecord
359
RGL_VALUE_21029 class nl.tudelft.rdfgears.rgl.datamodel.value.impl.ModifiableRecord
360
RGL_VALUE_21031 class nl.tudelft.rdfgears.rgl.datamodel.value.impl.ModifiableRecord
361
RGL_VALUE_21033 class nl.tudelft.rdfgears.rgl.datamodel.value.impl.ModifiableRecord
362
RGL_VALUE_21035 class nl.tudelft.rdfgears.rgl.datamodel.value.impl.ModifiableRecord
363
RGL_VALUE_21037 class nl.tudelft.rdfgears.rgl.datamodel.value.impl.ModifiableRecord
364
RGL_VALUE_21039 class nl.tudelft.rdfgears.rgl.datamodel.value.impl.ModifiableRecord
365
RGL_VALUE_21041 class nl.tudelft.rdfgears.rgl.datamodel.value.impl.ModifiableRecord
366
RGL_VALUE_21043 class nl.tudelft.rdfgears.rgl.datamodel.value.impl.ModifiableRecord
367
RGL_VALUE_21045 class nl.tudelft.rdfgears.rgl.datamodel.value.impl.ModifiableRecord
368
RGL_VALUE_21047 class nl.tudelft.rdfgears.rgl.datamodel.value.impl.ModifiableRecord
369
RGL_VALUE_21049 class nl.tudelft.rdfgears.rgl.datamodel.value.impl.ModifiableRecord
370
RGL_VALUE_21051 class nl.tudelft.rdfgears.rgl.datamodel.value.impl.ModifiableRecord
371
RGL_VALUE_21053 class nl.tudelft.rdfgears.rgl.datamodel.value.impl.ModifiableRecord
372
RGL_VALUE_21055 class nl.tudelft.rdfgears.rgl.datamodel.value.impl.ModifiableRecord
373
RGL_VALUE_21057 class nl.tudelft.rdfgears.rgl.datamodel.value.impl.ModifiableRecord
374
RGL_VALUE_21059 class nl.tudelft.rdfgears.rgl.datamodel.value.impl.ModifiableRecord
375
RGL_VALUE_21061 class nl.tudelft.rdfgears.rgl.datamodel.value.impl.ModifiableRecord
376
RGL_VALUE_21063 class nl.tudelft.rdfgears.rgl.datamodel.value.impl.ModifiableRecord
377
RGL_VALUE_21065 class nl.tudelft.rdfgears.rgl.datamodel.value.impl.ModifiableRecord
378
RGL_VALUE_21067 class nl.tudelft.rdfgears.rgl.datamodel.value.impl.ModifiableRecord
379
RGL_VALUE_21069 class nl.tudelft.rdfgears.rgl.datamodel.value.impl.ModifiableRecord
380
RGL_VALUE_21071 class nl.tudelft.rdfgears.rgl.datamodel.value.impl.ModifiableRecord
381
RGL_VALUE_21073 class nl.tudelft.rdfgears.rgl.datamodel.value.impl.ModifiableRecord
382
RGL_VALUE_21075 class nl.tudelft.rdfgears.rgl.datamodel.value.impl.ModifiableRecord
383
RGL_VALUE_21077 class nl.tudelft.rdfgears.rgl.datamodel.value.impl.ModifiableRecord
384
RGL_VALUE_21079 class nl.tudelft.rdfgears.rgl.datamodel.value.impl.ModifiableRecord
385
RGL_VALUE_21081 class nl.tudelft.rdfgears.rgl.datamodel.value.impl.ModifiableRecord
386
RGL_VALUE_21083 class nl.tudelft.rdfgears.rgl.datamodel.value.impl.ModifiableRecord
387
RGL_VALUE_21085 class nl.tudelft.rdfgears.rgl.datamodel.value.impl.ModifiableRecord
388
RGL_VALUE_21087 class nl.tudelft.rdfgears.rgl.datamodel.value.impl.ModifiableRecord
389
RGL_VALUE_21089 class nl.tudelft.rdfgears.rgl.datamodel.value.impl.ModifiableRecord
390
RGL_VALUE_21091 class nl.tudelft.rdfgears.rgl.datamodel.value.impl.ModifiableRecord
391
RGL_VALUE_21093 class nl.tudelft.rdfgears.rgl.datamodel.value.impl.ModifiableRecord
392
RGL_VALUE_21095 class nl.tudelft.rdfgears.rgl.datamodel.value.impl.ModifiableRecord
393
RGL_VALUE_21097 class nl.tudelft.rdfgears.rgl.datamodel.value.impl.ModifiableRecord
394
RGL_VALUE_21099 class nl.tudelft.rdfgears.rgl.datamodel.value.impl.ModifiableRecord
395
RGL_VALUE_21101 class nl.tudelft.rdfgears.rgl.datamodel.value.impl.ModifiableRecord
396
RGL_VALUE_21103 class nl.tudelft.rdfgears.rgl.datamodel.value.impl.ModifiableRecord
397
RGL_VALUE_21105 class nl.tudelft.rdfgears.rgl.datamodel.value.impl.ModifiableRecord
398
RGL_VALUE_21107 class nl.tudelft.rdfgears.rgl.datamodel.value.impl.ModifiableRecord
399
RGL_VALUE_21109 class nl.tudelft.rdfgears.rgl.datamodel.value.impl.ModifiableRecord
400
RGL_VALUE_21112 class nl.tudelft.rdfgears.rgl.datamodel.value.impl.ModifiableRecord
401
RGL_VALUE_21114 class nl.tudelft.rdfgears.rgl.datamodel.value.impl.ModifiableRecord
402
RGL_VALUE_21116 class nl.tudelft.rdfgears.rgl.datamodel.value.impl.ModifiableRecord
403
RGL_VALUE_21118 class nl.tudelft.rdfgears.rgl.datamodel.value.impl.ModifiableRecord
404
RGL_VALUE_21120 class nl.tudelft.rdfgears.rgl.datamodel.value.impl.ModifiableRecord
405
RGL_VALUE_21122 class nl.tudelft.rdfgears.rgl.datamodel.value.impl.ModifiableRecord
406
RGL_VALUE_21124 class nl.tudelft.rdfgears.rgl.datamodel.value.impl.ModifiableRecord
407
RGL_VALUE_21126 class nl.tudelft.rdfgears.rgl.datamodel.value.impl.ModifiableRecord
408
RGL_VALUE_21128 class nl.tudelft.rdfgears.rgl.datamodel.value.impl.ModifiableRecord
409
RGL_VALUE_21130 class nl.tudelft.rdfgears.rgl.datamodel.value.impl.ModifiableRecord
410
RGL_VALUE_21132 class nl.tudelft.rdfgears.rgl.datamodel.value.impl.ModifiableRecord
411
RGL_VALUE_21134 class nl.tudelft.rdfgears.rgl.datamodel.value.impl.ModifiableRecord
412
RGL_VALUE_21136 class nl.tudelft.rdfgears.rgl.datamodel.value.impl.ModifiableRecord
413
RGL_VALUE_21138 class nl.tudelft.rdfgears.rgl.datamodel.value.impl.ModifiableRecord
414
RGL_VALUE_21140 class nl.tudelft.rdfgears.rgl.datamodel.value.impl.ModifiableRecord
415
RGL_VALUE_21142 class nl.tudelft.rdfgears.rgl.datamodel.value.impl.ModifiableRecord
416
RGL_VALUE_21144 class nl.tudelft.rdfgears.rgl.datamodel.value.impl.ModifiableRecord
417
RGL_VALUE_21146 class nl.tudelft.rdfgears.rgl.datamodel.value.impl.ModifiableRecord
418
RGL_VALUE_21148 class nl.tudelft.rdfgears.rgl.datamodel.value.impl.ModifiableRecord
419
RGL_VALUE_21150 class nl.tudelft.rdfgears.rgl.datamodel.value.impl.ModifiableRecord
420
RGL_VALUE_21152 class nl.tudelft.rdfgears.rgl.datamodel.value.impl.ModifiableRecord
421
RGL_VALUE_21154 class nl.tudelft.rdfgears.rgl.datamodel.value.impl.ModifiableRecord
422
RGL_VALUE_21156 class nl.tudelft.rdfgears.rgl.datamodel.value.impl.ModifiableRecord
423
RGL_VALUE_21158 class nl.tudelft.rdfgears.rgl.datamodel.value.impl.ModifiableRecord
424
RGL_VALUE_21160 class nl.tudelft.rdfgears.rgl.datamodel.value.impl.ModifiableRecord
425
RGL_VALUE_21162 class nl.tudelft.rdfgears.rgl.datamodel.value.impl.ModifiableRecord
426
RGL_VALUE_21164 class nl.tudelft.rdfgears.rgl.datamodel.value.impl.ModifiableRecord
427
RGL_VALUE_21166 class nl.tudelft.rdfgears.rgl.datamodel.value.impl.ModifiableRecord
428
RGL_VALUE_21168 class nl.tudelft.rdfgears.rgl.datamodel.value.impl.ModifiableRecord
429
RGL_VALUE_21170 class nl.tudelft.rdfgears.rgl.datamodel.value.impl.ModifiableRecord
430
RGL_VALUE_21172 class nl.tudelft.rdfgears.rgl.datamodel.value.impl.ModifiableRecord
431
RGL_VALUE_21174 class nl.tudelft.rdfgears.rgl.datamodel.value.impl.ModifiableRecord
432
RGL_VALUE_21176 class nl.tudelft.rdfgears.rgl.datamodel.value.impl.ModifiableRecord
433
RGL_VALUE_21178 class nl.tudelft.rdfgears.rgl.datamodel.value.impl.ModifiableRecord
434
RGL_VALUE_21180 class nl.tudelft.rdfgears.rgl.datamodel.value.impl.ModifiableRecord
435
RGL_VALUE_21182 class nl.tudelft.rdfgears.rgl.datamodel.value.impl.ModifiableRecord
436
RGL_VALUE_21184 class nl.tudelft.rdfgears.rgl.datamodel.value.impl.ModifiableRecord
437
RGL_VALUE_21186 class nl.tudelft.rdfgears.rgl.datamodel.value.impl.ModifiableRecord
438
RGL_VALUE_21188 class nl.tudelft.rdfgears.rgl.datamodel.value.impl.ModifiableRecord
439
RGL_VALUE_21190 class nl.tudelft.rdfgears.rgl.datamodel.value.impl.ModifiableRecord
440
RGL_VALUE_21192 class nl.tudelft.rdfgears.rgl.datamodel.value.impl.ModifiableRecord
441
RGL_VALUE_21194 class nl.tudelft.rdfgears.rgl.datamodel.value.impl.ModifiableRecord
442
RGL_VALUE_21196 class nl.tudelft.rdfgears.rgl.datamodel.value.impl.ModifiableRecord
443
RGL_VALUE_21198 class nl.tudelft.rdfgears.rgl.datamodel.value.impl.ModifiableRecord
444
RGL_VALUE_21200 class nl.tudelft.rdfgears.rgl.datamodel.value.impl.ModifiableRecord
445
RGL_VALUE_21202 class nl.tudelft.rdfgears.rgl.datamodel.value.impl.ModifiableRecord
446
RGL_VALUE_21204 class nl.tudelft.rdfgears.rgl.datamodel.value.impl.ModifiableRecord
447
RGL_VALUE_21206 class nl.tudelft.rdfgears.rgl.datamodel.value.impl.ModifiableRecord
448
RGL_VALUE_21208 class nl.tudelft.rdfgears.rgl.datamodel.value.impl.ModifiableRecord
449
RGL_VALUE_21210 class nl.tudelft.rdfgears.rgl.datamodel.value.impl.ModifiableRecord
450
RGL_VALUE_21212 class nl.tudelft.rdfgears.rgl.datamodel.value.impl.ModifiableRecord
451
RGL_VALUE_21214 class nl.tudelft.rdfgears.rgl.datamodel.value.impl.ModifiableRecord
452
RGL_VALUE_21216 class nl.tudelft.rdfgears.rgl.datamodel.value.impl.ModifiableRecord
453
RGL_VALUE_21218 class nl.tudelft.rdfgears.rgl.datamodel.value.impl.ModifiableRecord
454
RGL_VALUE_21220 class nl.tudelft.rdfgears.rgl.datamodel.value.impl.ModifiableRecord
455
RGL_VALUE_21222 class nl.tudelft.rdfgears.rgl.datamodel.value.impl.ModifiableRecord
456
RGL_VALUE_21224 class nl.tudelft.rdfgears.rgl.datamodel.value.impl.ModifiableRecord
457
RGL_VALUE_21226 class nl.tudelft.rdfgears.rgl.datamodel.value.impl.ModifiableRecord
458
RGL_VALUE_21228 class nl.tudelft.rdfgears.rgl.datamodel.value.impl.ModifiableRecord
459
RGL_VALUE_21230 class nl.tudelft.rdfgears.rgl.datamodel.value.impl.ModifiableRecord
460
RGL_VALUE_21232 class nl.tudelft.rdfgears.rgl.datamodel.value.impl.ModifiableRecord
461
RGL_VALUE_21234 class nl.tudelft.rdfgears.rgl.datamodel.value.impl.ModifiableRecord
462
RGL_VALUE_21236 class nl.tudelft.rdfgears.rgl.datamodel.value.impl.ModifiableRecord
463
RGL_VALUE_21238 class nl.tudelft.rdfgears.rgl.datamodel.value.impl.ModifiableRecord
464
RGL_VALUE_21240 class nl.tudelft.rdfgears.rgl.datamodel.value.impl.ModifiableRecord
465
RGL_VALUE_21242 class nl.tudelft.rdfgears.rgl.datamodel.value.impl.ModifiableRecord
466
RGL_VALUE_21244 class nl.tudelft.rdfgears.rgl.datamodel.value.impl.ModifiableRecord
467
RGL_VALUE_21246 class nl.tudelft.rdfgears.rgl.datamodel.value.impl.ModifiableRecord
468
RGL_VALUE_21248 class nl.tudelft.rdfgears.rgl.datamodel.value.impl.ModifiableRecord
469
RGL_VALUE_21250 class nl.tudelft.rdfgears.rgl.datamodel.value.impl.ModifiableRecord
470
RGL_VALUE_21252 class nl.tudelft.rdfgears.rgl.datamodel.value.impl.ModifiableRecord
471
RGL_VALUE_21254 class nl.tudelft.rdfgears.rgl.datamodel.value.impl.ModifiableRecord
472
RGL_VALUE_21256 class nl.tudelft.rdfgears.rgl.datamodel.value.impl.ModifiableRecord
473
RGL_VALUE_21258 class nl.tudelft.rdfgears.rgl.datamodel.value.impl.ModifiableRecord
474
RGL_VALUE_21260 class nl.tudelft.rdfgears.rgl.datamodel.value.impl.ModifiableRecord
475
RGL_VALUE_21262 class nl.tudelft.rdfgears.rgl.datamodel.value.impl.ModifiableRecord
476
RGL_VALUE_21264 class nl.tudelft.rdfgears.rgl.datamodel.value.impl.ModifiableRecord
477
RGL_VALUE_21266 class nl.tudelft.rdfgears.rgl.datamodel.value.impl.ModifiableRecord
478
RGL_VALUE_21268 class nl.tudelft.rdfgears.rgl.datamodel.value.impl.ModifiableRecord
479
RGL_VALUE_21270 class nl.tudelft.rdfgears.rgl.datamodel.value.impl.ModifiableRecord
480
RGL_VALUE_21272 class nl.tudelft.rdfgears.rgl.datamodel.value.impl.ModifiableRecord
481
RGL_VALUE_21274 class nl.tudelft.rdfgears.rgl.datamodel.value.impl.ModifiableRecord
482
RGL_VALUE_21276 class nl.tudelft.rdfgears.rgl.datamodel.value.impl.ModifiableRecord
483
RGL_VALUE_21278 class nl.tudelft.rdfgears.rgl.datamodel.value.impl.ModifiableRecord
484
RGL_VALUE_21280 class nl.tudelft.rdfgears.rgl.datamodel.value.impl.ModifiableRecord
485
RGL_VALUE_21282 class nl.tudelft.rdfgears.rgl.datamodel.value.impl.ModifiableRecord
486
RGL_VALUE_21284 class nl.tudelft.rdfgears.rgl.datamodel.value.impl.ModifiableRecord
487
RGL_VALUE_21286 class nl.tudelft.rdfgears.rgl.datamodel.value.impl.ModifiableRecord
488
RGL_VALUE_21288 class nl.tudelft.rdfgears.rgl.datamodel.value.impl.ModifiableRecord
489
RGL_VALUE_21290 class nl.tudelft.rdfgears.rgl.datamodel.value.impl.ModifiableRecord
490
RGL_VALUE_21292 class nl.tudelft.rdfgears.rgl.datamodel.value.impl.ModifiableRecord
491
RGL_VALUE_21294 class nl.tudelft.rdfgears.rgl.datamodel.value.impl.ModifiableRecord
492
RGL_VALUE_21296 class nl.tudelft.rdfgears.rgl.datamodel.value.impl.ModifiableRecord
493
RGL_VALUE_21298 class nl.tudelft.rdfgears.rgl.datamodel.value.impl.ModifiableRecord
494
RGL_VALUE_21300 class nl.tudelft.rdfgears.rgl.datamodel.value.impl.ModifiableRecord
495
RGL_VALUE_21302 class nl.tudelft.rdfgears.rgl.datamodel.value.impl.ModifiableRecord
496
RGL_VALUE_21304 class nl.tudelft.rdfgears.rgl.datamodel.value.impl.ModifiableRecord
497
RGL_VALUE_21306 class nl.tudelft.rdfgears.rgl.datamodel.value.impl.ModifiableRecord
498
RGL_VALUE_21308 class nl.tudelft.rdfgears.rgl.datamodel.value.impl.ModifiableRecord
499
RGL_VALUE_21310 class nl.tudelft.rdfgears.rgl.datamodel.value.impl.ModifiableRecord
500
RGL_VALUE_21313 class nl.tudelft.rdfgears.rgl.datamodel.value.impl.ModifiableRecord
501
RGL_VALUE_21315 class nl.tudelft.rdfgears.rgl.datamodel.value.impl.ModifiableRecord
502
RGL_VALUE_21317 class nl.tudelft.rdfgears.rgl.datamodel.value.impl.ModifiableRecord
503
RGL_VALUE_21319 class nl.tudelft.rdfgears.rgl.datamodel.value.impl.ModifiableRecord
504
RGL_VALUE_21321 class nl.tudelft.rdfgears.rgl.datamodel.value.impl.ModifiableRecord
505
RGL_VALUE_21323 class nl.tudelft.rdfgears.rgl.datamodel.value.impl.ModifiableRecord
506
RGL_VALUE_21325 class nl.tudelft.rdfgears.rgl.datamodel.value.impl.ModifiableRecord
507
RGL_VALUE_21327 class nl.tudelft.rdfgears.rgl.datamodel.value.impl.ModifiableRecord
508
RGL_VALUE_21329 class nl.tudelft.rdfgears.rgl.datamodel.value.impl.ModifiableRecord
509
RGL_VALUE_21331 class nl.tudelft.rdfgears.rgl.datamodel.value.impl.ModifiableRecord
510
RGL_VALUE_21333 class nl.tudelft.rdfgears.rgl.datamodel.value.impl.ModifiableRecord
511
RGL_VALUE_21335 class nl.tudelft.rdfgears.rgl.datamodel.value.impl.ModifiableRecord
512
RGL_VALUE_21337 class nl.tudelft.rdfgears.rgl.datamodel.value.impl.ModifiableRecord
513
RGL_VALUE_21339 class nl.tudelft.rdfgears.rgl.datamodel.value.impl.ModifiableRecord
514
RGL_VALUE_21341 class nl.tudelft.rdfgears.rgl.datamodel.value.impl.ModifiableRecord
515
RGL_VALUE_21343 class nl.tudelft.rdfgears.rgl.datamodel.value.impl.ModifiableRecord
516
RGL_VALUE_21345 class nl.tudelft.rdfgears.rgl.datamodel.value.impl.ModifiableRecord
517
RGL_VALUE_21347 class nl.tudelft.rdfgears.rgl.datamodel.value.impl.ModifiableRecord
518
RGL_VALUE_21349 class nl.tudelft.rdfgears.rgl.datamodel.value.impl.ModifiableRecord
519
RGL_VALUE_21351 class nl.tudelft.rdfgears.rgl.datamodel.value.impl.ModifiableRecord
520
RGL_VALUE_21353 class nl.tudelft.rdfgears.rgl.datamodel.value.impl.ModifiableRecord
521
RGL_VALUE_21355 class nl.tudelft.rdfgears.rgl.datamodel.value.impl.ModifiableRecord
522
RGL_VALUE_21357 class nl.tudelft.rdfgears.rgl.datamodel.value.impl.ModifiableRecord
523
RGL_VALUE_21359 class nl.tudelft.rdfgears.rgl.datamodel.value.impl.ModifiableRecord
524
RGL_VALUE_21361 class nl.tudelft.rdfgears.rgl.datamodel.value.impl.ModifiableRecord
525
RGL_VALUE_21363 class nl.tudelft.rdfgears.rgl.datamodel.value.impl.ModifiableRecord
526
RGL_VALUE_21365 class nl.tudelft.rdfgears.rgl.datamodel.value.impl.ModifiableRecord
527
RGL_VALUE_21367 class nl.tudelft.rdfgears.rgl.datamodel.value.impl.ModifiableRecord
528
RGL_VALUE_21369 class nl.tudelft.rdfgears.rgl.datamodel.value.impl.ModifiableRecord
529
RGL_VALUE_21371 class nl.tudelft.rdfgears.rgl.datamodel.value.impl.ModifiableRecord
530
RGL_VALUE_21373 class nl.tudelft.rdfgears.rgl.datamodel.value.impl.ModifiableRecord
531
RGL_VALUE_21375 class nl.tudelft.rdfgears.rgl.datamodel.value.impl.ModifiableRecord
532
RGL_VALUE_21377 class nl.tudelft.rdfgears.rgl.datamodel.value.impl.ModifiableRecord
533
RGL_VALUE_21379 class nl.tudelft.rdfgears.rgl.datamodel.value.impl.ModifiableRecord
534
RGL_VALUE_21381 class nl.tudelft.rdfgears.rgl.datamodel.value.impl.ModifiableRecord
535
RGL_VALUE_21383 class nl.tudelft.rdfgears.rgl.datamodel.value.impl.ModifiableRecord
536
RGL_VALUE_21385 class nl.tudelft.rdfgears.rgl.datamodel.value.impl.ModifiableRecord
537
RGL_VALUE_21387 class nl.tudelft.rdfgears.rgl.datamodel.value.impl.ModifiableRecord
538
RGL_VALUE_21389 class nl.tudelft.rdfgears.rgl.datamodel.value.impl.ModifiableRecord
539
RGL_VALUE_21391 class nl.tudelft.rdfgears.rgl.datamodel.value.impl.ModifiableRecord
540
RGL_VALUE_21393 class nl.tudelft.rdfgears.rgl.datamodel.value.impl.ModifiableRecord
541
RGL_VALUE_21395 class nl.tudelft.rdfgears.rgl.datamodel.value.impl.ModifiableRecord
542
RGL_VALUE_21397 class nl.tudelft.rdfgears.rgl.datamodel.value.impl.ModifiableRecord
543
RGL_VALUE_21399 class nl.tudelft.rdfgears.rgl.datamodel.value.impl.ModifiableRecord
544
RGL_VALUE_21401 class nl.tudelft.rdfgears.rgl.datamodel.value.impl.ModifiableRecord
545
RGL_VALUE_21403 class nl.tudelft.rdfgears.rgl.datamodel.value.impl.ModifiableRecord
546
RGL_VALUE_21405 class nl.tudelft.rdfgears.rgl.datamodel.value.impl.ModifiableRecord
547
RGL_VALUE_21407 class nl.tudelft.rdfgears.rgl.datamodel.value.impl.ModifiableRecord
548
RGL_VALUE_21409 class nl.tudelft.rdfgears.rgl.datamodel.value.impl.ModifiableRecord
549
RGL_VALUE_21411 class nl.tudelft.rdfgears.rgl.datamodel.value.impl.ModifiableRecord
550
RGL_VALUE_21413 class nl.tudelft.rdfgears.rgl.datamodel.value.impl.ModifiableRecord
551
RGL_VALUE_21415 class nl.tudelft.rdfgears.rgl.datamodel.value.impl.ModifiableRecord
552
RGL_VALUE_21417 class nl.tudelft.rdfgears.rgl.datamodel.value.impl.ModifiableRecord
553
RGL_VALUE_21419 class nl.tudelft.rdfgears.rgl.datamodel.value.impl.ModifiableRecord
554
RGL_VALUE_21421 class nl.tudelft.rdfgears.rgl.datamodel.value.impl.ModifiableRecord
555
RGL_VALUE_21423 class nl.tudelft.rdfgears.rgl.datamodel.value.impl.ModifiableRecord
556
RGL_VALUE_21425 class nl.tudelft.rdfgears.rgl.datamodel.value.impl.ModifiableRecord
557
RGL_VALUE_21427 class nl.tudelft.rdfgears.rgl.datamodel.value.impl.ModifiableRecord
558
RGL_VALUE_21429 class nl.tudelft.rdfgears.rgl.datamodel.value.impl.ModifiableRecord
559
RGL_VALUE_21431 class nl.tudelft.rdfgears.rgl.datamodel.value.impl.ModifiableRecord
560
RGL_VALUE_21433 class nl.tudelft.rdfgears.rgl.datamodel.value.impl.ModifiableRecord
561
RGL_VALUE_21435 class nl.tudelft.rdfgears.rgl.datamodel.value.impl.ModifiableRecord
562
RGL_VALUE_21437 class nl.tudelft.rdfgears.rgl.datamodel.value.impl.ModifiableRecord
563
RGL_VALUE_21439 class nl.tudelft.rdfgears.rgl.datamodel.value.impl.ModifiableRecord
564
RGL_VALUE_21441 class nl.tudelft.rdfgears.rgl.datamodel.value.impl.ModifiableRecord
565
RGL_VALUE_21443 class nl.tudelft.rdfgears.rgl.datamodel.value.impl.ModifiableRecord
566
RGL_VALUE_21445 class nl.tudelft.rdfgears.rgl.datamodel.value.impl.ModifiableRecord
567
RGL_VALUE_21447 class nl.tudelft.rdfgears.rgl.datamodel.value.impl.ModifiableRecord
568
RGL_VALUE_21449 class nl.tudelft.rdfgears.rgl.datamodel.value.impl.ModifiableRecord
569
RGL_VALUE_21451 class nl.tudelft.rdfgears.rgl.datamodel.value.impl.ModifiableRecord
570
RGL_VALUE_21453 class nl.tudelft.rdfgears.rgl.datamodel.value.impl.ModifiableRecord
571
RGL_VALUE_21455 class nl.tudelft.rdfgears.rgl.datamodel.value.impl.ModifiableRecord
572
RGL_VALUE_21457 class nl.tudelft.rdfgears.rgl.datamodel.value.impl.ModifiableRecord
573
RGL_VALUE_21459 class nl.tudelft.rdfgears.rgl.datamodel.value.impl.ModifiableRecord
574
RGL_VALUE_21461 class nl.tudelft.rdfgears.rgl.datamodel.value.impl.ModifiableRecord
575
RGL_VALUE_21463 class nl.tudelft.rdfgears.rgl.datamodel.value.impl.ModifiableRecord
576
RGL_VALUE_21465 class nl.tudelft.rdfgears.rgl.datamodel.value.impl.ModifiableRecord
577
RGL_VALUE_21467 class nl.tudelft.rdfgears.rgl.datamodel.value.impl.ModifiableRecord
578
RGL_VALUE_21469 class nl.tudelft.rdfgears.rgl.datamodel.value.impl.ModifiableRecord
579
RGL_VALUE_21471 class nl.tudelft.rdfgears.rgl.datamodel.value.impl.ModifiableRecord
580
RGL_VALUE_21473 class nl.tudelft.rdfgears.rgl.datamodel.value.impl.ModifiableRecord
581
RGL_VALUE_21475 class nl.tudelft.rdfgears.rgl.datamodel.value.impl.ModifiableRecord
582
RGL_VALUE_21477 class nl.tudelft.rdfgears.rgl.datamodel.value.impl.ModifiableRecord
583
RGL_VALUE_21479 class nl.tudelft.rdfgears.rgl.datamodel.value.impl.ModifiableRecord
584
RGL_VALUE_21481 class nl.tudelft.rdfgears.rgl.datamodel.value.impl.ModifiableRecord
585
RGL_VALUE_21483 class nl.tudelft.rdfgears.rgl.datamodel.value.impl.ModifiableRecord
586
RGL_VALUE_21485 class nl.tudelft.rdfgears.rgl.datamodel.value.impl.ModifiableRecord
587
RGL_VALUE_21487 class nl.tudelft.rdfgears.rgl.datamodel.value.impl.ModifiableRecord
588
RGL_VALUE_21489 class nl.tudelft.rdfgears.rgl.datamodel.value.impl.ModifiableRecord
589
RGL_VALUE_21491 class nl.tudelft.rdfgears.rgl.datamodel.value.impl.ModifiableRecord
590
RGL_VALUE_21493 class nl.tudelft.rdfgears.rgl.datamodel.value.impl.ModifiableRecord
591
RGL_VALUE_21495 class nl.tudelft.rdfgears.rgl.datamodel.value.impl.ModifiableRecord
592
RGL_VALUE_21497 class nl.tudelft.rdfgears.rgl.datamodel.value.impl.ModifiableRecord
593
RGL_VALUE_21499 class nl.tudelft.rdfgears.rgl.datamodel.value.impl.ModifiableRecord
594
RGL_VALUE_21501 class nl.tudelft.rdfgears.rgl.datamodel.value.impl.ModifiableRecord
595
RGL_VALUE_21503 class nl.tudelft.rdfgears.rgl.datamodel.value.impl.ModifiableRecord
596
RGL_VALUE_21505 class nl.tudelft.rdfgears.rgl.datamodel.value.impl.ModifiableRecord
597
RGL_VALUE_21507 class nl.tudelft.rdfgears.rgl.datamodel.value.impl.ModifiableRecord
598
RGL_VALUE_21509 class nl.tudelft.rdfgears.rgl.datamodel.value.impl.ModifiableRecord
599
RGL_VALUE_21511 class nl.tudelft.rdfgears.rgl.datamodel.value.impl.ModifiableRecord
600
RGL_VALUE_21514 class nl.tudelft.rdfgears.rgl.datamodel.value.impl.ModifiableRecord
601
RGL_VALUE_21516 class nl.tudelft.rdfgears.rgl.datamodel.value.impl.ModifiableRecord
602
RGL_VALUE_21518 class nl.tudelft.rdfgears.rgl.datamodel.value.impl.ModifiableRecord
603
RGL_VALUE_21520 class nl.tudelft.rdfgears.rgl.datamodel.value.impl.ModifiableRecord
604
RGL_VALUE_21522 class nl.tudelft.rdfgears.rgl.datamodel.value.impl.ModifiableRecord
605
RGL_VALUE_21524 class nl.tudelft.rdfgears.rgl.datamodel.value.impl.ModifiableRecord
606
RGL_VALUE_21526 class nl.tudelft.rdfgears.rgl.datamodel.value.impl.ModifiableRecord
607
RGL_VALUE_21528 class nl.tudelft.rdfgears.rgl.datamodel.value.impl.ModifiableRecord
608
RGL_VALUE_21530 class nl.tudelft.rdfgears.rgl.datamodel.value.impl.ModifiableRecord
609
RGL_VALUE_21532 class nl.tudelft.rdfgears.rgl.datamodel.value.impl.ModifiableRecord
610
RGL_VALUE_21534 class nl.tudelft.rdfgears.rgl.datamodel.value.impl.ModifiableRecord
611
RGL_VALUE_21536 class nl.tudelft.rdfgears.rgl.datamodel.value.impl.ModifiableRecord
612
RGL_VALUE_21538 class nl.tudelft.rdfgears.rgl.datamodel.value.impl.ModifiableRecord
613
RGL_VALUE_21540 class nl.tudelft.rdfgears.rgl.datamodel.value.impl.ModifiableRecord
614
RGL_VALUE_21542 class nl.tudelft.rdfgears.rgl.datamodel.value.impl.ModifiableRecord
615
RGL_VALUE_21544 class nl.tudelft.rdfgears.rgl.datamodel.value.impl.ModifiableRecord
616
RGL_VALUE_21546 class nl.tudelft.rdfgears.rgl.datamodel.value.impl.ModifiableRecord
617
RGL_VALUE_21548 class nl.tudelft.rdfgears.rgl.datamodel.value.impl.ModifiableRecord
618
RGL_VALUE_21550 class nl.tudelft.rdfgears.rgl.datamodel.value.impl.ModifiableRecord
619
RGL_VALUE_21552 class nl.tudelft.rdfgears.rgl.datamodel.value.impl.ModifiableRecord
620
RGL_VALUE_21554 class nl.tudelft.rdfgears.rgl.datamodel.value.impl.ModifiableRecord
621
RGL_VALUE_21556 class nl.tudelft.rdfgears.rgl.datamodel.value.impl.ModifiableRecord
622
RGL_VALUE_21558 class nl.tudelft.rdfgears.rgl.datamodel.value.impl.ModifiableRecord
623
RGL_VALUE_21560 class nl.tudelft.rdfgears.rgl.datamodel.value.impl.ModifiableRecord
624
RGL_VALUE_21562 class nl.tudelft.rdfgears.rgl.datamodel.value.impl.ModifiableRecord
625
RGL_VALUE_21564 class nl.tudelft.rdfgears.rgl.datamodel.value.impl.ModifiableRecord
626
RGL_VALUE_21566 class nl.tudelft.rdfgears.rgl.datamodel.value.impl.ModifiableRecord
627
RGL_VALUE_21568 class nl.tudelft.rdfgears.rgl.datamodel.value.impl.ModifiableRecord
628
RGL_VALUE_21570 class nl.tudelft.rdfgears.rgl.datamodel.value.impl.ModifiableRecord
629
RGL_VALUE_21572 class nl.tudelft.rdfgears.rgl.datamodel.value.impl.ModifiableRecord
630
RGL_VALUE_21574 class nl.tudelft.rdfgears.rgl.datamodel.value.impl.ModifiableRecord
631
RGL_VALUE_21576 class nl.tudelft.rdfgears.rgl.datamodel.value.impl.ModifiableRecord
632
RGL_VALUE_21578 class nl.tudelft.rdfgears.rgl.datamodel.value.impl.ModifiableRecord
633
RGL_VALUE_21580 class nl.tudelft.rdfgears.rgl.datamodel.value.impl.ModifiableRecord
634
RGL_VALUE_21582 class nl.tudelft.rdfgears.rgl.datamodel.value.impl.ModifiableRecord
635
RGL_VALUE_21584 class nl.tudelft.rdfgears.rgl.datamodel.value.impl.ModifiableRecord
636
RGL_VALUE_21586 class nl.tudelft.rdfgears.rgl.datamodel.value.impl.ModifiableRecord
637
RGL_VALUE_21588 class nl.tudelft.rdfgears.rgl.datamodel.value.impl.ModifiableRecord
638
RGL_VALUE_21590 class nl.tudelft.rdfgears.rgl.datamodel.value.impl.ModifiableRecord
639
RGL_VALUE_21592 class nl.tudelft.rdfgears.rgl.datamodel.value.impl.ModifiableRecord
640
RGL_VALUE_21594 class nl.tudelft.rdfgears.rgl.datamodel.value.impl.ModifiableRecord
641
RGL_VALUE_21596 class nl.tudelft.rdfgears.rgl.datamodel.value.impl.ModifiableRecord
642
RGL_VALUE_21598 class nl.tudelft.rdfgears.rgl.datamodel.value.impl.ModifiableRecord
643
RGL_VALUE_21600 class nl.tudelft.rdfgears.rgl.datamodel.value.impl.ModifiableRecord
644
RGL_VALUE_21602 class nl.tudelft.rdfgears.rgl.datamodel.value.impl.ModifiableRecord
645
RGL_VALUE_21604 class nl.tudelft.rdfgears.rgl.datamodel.value.impl.ModifiableRecord
646
RGL_VALUE_21606 class nl.tudelft.rdfgears.rgl.datamodel.value.impl.ModifiableRecord
647
RGL_VALUE_21608 class nl.tudelft.rdfgears.rgl.datamodel.value.impl.ModifiableRecord
648
RGL_VALUE_21610 class nl.tudelft.rdfgears.rgl.datamodel.value.impl.ModifiableRecord
649
RGL_VALUE_21612 class nl.tudelft.rdfgears.rgl.datamodel.value.impl.ModifiableRecord
650
RGL_VALUE_21614 class nl.tudelft.rdfgears.rgl.datamodel.value.impl.ModifiableRecord
651
RGL_VALUE_21616 class nl.tudelft.rdfgears.rgl.datamodel.value.impl.ModifiableRecord
652
RGL_VALUE_21618 class nl.tudelft.rdfgears.rgl.datamodel.value.impl.ModifiableRecord
653
RGL_VALUE_21620 class nl.tudelft.rdfgears.rgl.datamodel.value.impl.ModifiableRecord
654
RGL_VALUE_21622 class nl.tudelft.rdfgears.rgl.datamodel.value.impl.ModifiableRecord
655
RGL_VALUE_21624 class nl.tudelft.rdfgears.rgl.datamodel.value.impl.ModifiableRecord
656
RGL_VALUE_21626 class nl.tudelft.rdfgears.rgl.datamodel.value.impl.ModifiableRecord
657
RGL_VALUE_21628 class nl.tudelft.rdfgears.rgl.datamodel.value.impl.ModifiableRecord
658
RGL_VALUE_21630 class nl.tudelft.rdfgears.rgl.datamodel.value.impl.ModifiableRecord
659
RGL_VALUE_21632 class nl.tudelft.rdfgears.rgl.datamodel.value.impl.ModifiableRecord
660
RGL_VALUE_21634 class nl.tudelft.rdfgears.rgl.datamodel.value.impl.ModifiableRecord
661
RGL_VALUE_21636 class nl.tudelft.rdfgears.rgl.datamodel.value.impl.ModifiableRecord
662
RGL_VALUE_21638 class nl.tudelft.rdfgears.rgl.datamodel.value.impl.ModifiableRecord
663
RGL_VALUE_21640 class nl.tudelft.rdfgears.rgl.datamodel.value.impl.ModifiableRecord
664
RGL_VALUE_21642 class nl.tudelft.rdfgears.rgl.datamodel.value.impl.ModifiableRecord
665
RGL_VALUE_21644 class nl.tudelft.rdfgears.rgl.datamodel.value.impl.ModifiableRecord
666
RGL_VALUE_21646 class nl.tudelft.rdfgears.rgl.datamodel.value.impl.ModifiableRecord
667
RGL_VALUE_21648 class nl.tudelft.rdfgears.rgl.datamodel.value.impl.ModifiableRecord
668
RGL_VALUE_21650 class nl.tudelft.rdfgears.rgl.datamodel.value.impl.ModifiableRecord
669
RGL_VALUE_21652 class nl.tudelft.rdfgears.rgl.datamodel.value.impl.ModifiableRecord
670
RGL_VALUE_21654 class nl.tudelft.rdfgears.rgl.datamodel.value.impl.ModifiableRecord
671
RGL_VALUE_21656 class nl.tudelft.rdfgears.rgl.datamodel.value.impl.ModifiableRecord
672
RGL_VALUE_21658 class nl.tudelft.rdfgears.rgl.datamodel.value.impl.ModifiableRecord
673
RGL_VALUE_21660 class nl.tudelft.rdfgears.rgl.datamodel.value.impl.ModifiableRecord
674
RGL_VALUE_21662 class nl.tudelft.rdfgears.rgl.datamodel.value.impl.ModifiableRecord
675
RGL_VALUE_21664 class nl.tudelft.rdfgears.rgl.datamodel.value.impl.ModifiableRecord
676
RGL_VALUE_21666 class nl.tudelft.rdfgears.rgl.datamodel.value.impl.ModifiableRecord
677
RGL_VALUE_21668 class nl.tudelft.rdfgears.rgl.datamodel.value.impl.ModifiableRecord
678
RGL_VALUE_21670 class nl.tudelft.rdfgears.rgl.datamodel.value.impl.ModifiableRecord
679
RGL_VALUE_21672 class nl.tudelft.rdfgears.rgl.datamodel.value.impl.ModifiableRecord
680
RGL_VALUE_21674 class nl.tudelft.rdfgears.rgl.datamodel.value.impl.ModifiableRecord
681
RGL_VALUE_21676 class nl.tudelft.rdfgears.rgl.datamodel.value.impl.ModifiableRecord
682
RGL_VALUE_21678 class nl.tudelft.rdfgears.rgl.datamodel.value.impl.ModifiableRecord
683
RGL_VALUE_21680 class nl.tudelft.rdfgears.rgl.datamodel.value.impl.ModifiableRecord
684
RGL_VALUE_21682 class nl.tudelft.rdfgears.rgl.datamodel.value.impl.ModifiableRecord
685
RGL_VALUE_21684 class nl.tudelft.rdfgears.rgl.datamodel.value.impl.ModifiableRecord
686
RGL_VALUE_21686 class nl.tudelft.rdfgears.rgl.datamodel.value.impl.ModifiableRecord
687
RGL_VALUE_21688 class nl.tudelft.rdfgears.rgl.datamodel.value.impl.ModifiableRecord
688
RGL_VALUE_21690 class nl.tudelft.rdfgears.rgl.datamodel.value.impl.ModifiableRecord
689
RGL_VALUE_21692 class nl.tudelft.rdfgears.rgl.datamodel.value.impl.ModifiableRecord
690
RGL_VALUE_21694 class nl.tudelft.rdfgears.rgl.datamodel.value.impl.ModifiableRecord
691
RGL_VALUE_21696 class nl.tudelft.rdfgears.rgl.datamodel.value.impl.ModifiableRecord
692
RGL_VALUE_21698 class nl.tudelft.rdfgears.rgl.datamodel.value.impl.ModifiableRecord
693
RGL_VALUE_21700 class nl.tudelft.rdfgears.rgl.datamodel.value.impl.ModifiableRecord
694
RGL_VALUE_21702 class nl.tudelft.rdfgears.rgl.datamodel.value.impl.ModifiableRecord
695
RGL_VALUE_21704 class nl.tudelft.rdfgears.rgl.datamodel.value.impl.ModifiableRecord
696
RGL_VALUE_21706 class nl.tudelft.rdfgears.rgl.datamodel.value.impl.ModifiableRecord
697
RGL_VALUE_21708 class nl.tudelft.rdfgears.rgl.datamodel.value.impl.ModifiableRecord
698
RGL_VALUE_21710 class nl.tudelft.rdfgears.rgl.datamodel.value.impl.ModifiableRecord
699
RGL_VALUE_21712 class nl.tudelft.rdfgears.rgl.datamodel.value.impl.ModifiableRecord
700
RGL_VALUE_21715 class nl.tudelft.rdfgears.rgl.datamodel.value.impl.ModifiableRecord
701
RGL_VALUE_21717 class nl.tudelft.rdfgears.rgl.datamodel.value.impl.ModifiableRecord
702
RGL_VALUE_21719 class nl.tudelft.rdfgears.rgl.datamodel.value.impl.ModifiableRecord
703
RGL_VALUE_21721 class nl.tudelft.rdfgears.rgl.datamodel.value.impl.ModifiableRecord
704
RGL_VALUE_21723 class nl.tudelft.rdfgears.rgl.datamodel.value.impl.ModifiableRecord
705
RGL_VALUE_21725 class nl.tudelft.rdfgears.rgl.datamodel.value.impl.ModifiableRecord
706
RGL_VALUE_21727 class nl.tudelft.rdfgears.rgl.datamodel.value.impl.ModifiableRecord
707
RGL_VALUE_21729 class nl.tudelft.rdfgears.rgl.datamodel.value.impl.ModifiableRecord
708
RGL_VALUE_21731 class nl.tudelft.rdfgears.rgl.datamodel.value.impl.ModifiableRecord
709
RGL_VALUE_21733 class nl.tudelft.rdfgears.rgl.datamodel.value.impl.ModifiableRecord
710
RGL_VALUE_21735 class nl.tudelft.rdfgears.rgl.datamodel.value.impl.ModifiableRecord
711
RGL_VALUE_21737 class nl.tudelft.rdfgears.rgl.datamodel.value.impl.ModifiableRecord
712
RGL_VALUE_21739 class nl.tudelft.rdfgears.rgl.datamodel.value.impl.ModifiableRecord
713
RGL_VALUE_21741 class nl.tudelft.rdfgears.rgl.datamodel.value.impl.ModifiableRecord
714
RGL_VALUE_21743 class nl.tudelft.rdfgears.rgl.datamodel.value.impl.ModifiableRecord
715
RGL_VALUE_21745 class nl.tudelft.rdfgears.rgl.datamodel.value.impl.ModifiableRecord
716
RGL_VALUE_21747 class nl.tudelft.rdfgears.rgl.datamodel.value.impl.ModifiableRecord
717
RGL_VALUE_21749 class nl.tudelft.rdfgears.rgl.datamodel.value.impl.ModifiableRecord
718
RGL_VALUE_21751 class nl.tudelft.rdfgears.rgl.datamodel.value.impl.ModifiableRecord
719
RGL_VALUE_21753 class nl.tudelft.rdfgears.rgl.datamodel.value.impl.ModifiableRecord
720
RGL_VALUE_21755 class nl.tudelft.rdfgears.rgl.datamodel.value.impl.ModifiableRecord
721
RGL_VALUE_21757 class nl.tudelft.rdfgears.rgl.datamodel.value.impl.ModifiableRecord
722
RGL_VALUE_21759 class nl.tudelft.rdfgears.rgl.datamodel.value.impl.ModifiableRecord
723
RGL_VALUE_21761 class nl.tudelft.rdfgears.rgl.datamodel.value.impl.ModifiableRecord
724
RGL_VALUE_21763 class nl.tudelft.rdfgears.rgl.datamodel.value.impl.ModifiableRecord
725
RGL_VALUE_21765 class nl.tudelft.rdfgears.rgl.datamodel.value.impl.ModifiableRecord
726
RGL_VALUE_21767 class nl.tudelft.rdfgears.rgl.datamodel.value.impl.ModifiableRecord
727
RGL_VALUE_21769 class nl.tudelft.rdfgears.rgl.datamodel.value.impl.ModifiableRecord
728
RGL_VALUE_21771 class nl.tudelft.rdfgears.rgl.datamodel.value.impl.ModifiableRecord
729
RGL_VALUE_21773 class nl.tudelft.rdfgears.rgl.datamodel.value.impl.ModifiableRecord
730
RGL_VALUE_21775 class nl.tudelft.rdfgears.rgl.datamodel.value.impl.ModifiableRecord
731
RGL_VALUE_21777 class nl.tudelft.rdfgears.rgl.datamodel.value.impl.ModifiableRecord
732
RGL_VALUE_21779 class nl.tudelft.rdfgears.rgl.datamodel.value.impl.ModifiableRecord
733
RGL_VALUE_21781 class nl.tudelft.rdfgears.rgl.datamodel.value.impl.ModifiableRecord
734
RGL_VALUE_21783 class nl.tudelft.rdfgears.rgl.datamodel.value.impl.ModifiableRecord
735
RGL_VALUE_21785 class nl.tudelft.rdfgears.rgl.datamodel.value.impl.ModifiableRecord
736
RGL_VALUE_21787 class nl.tudelft.rdfgears.rgl.datamodel.value.impl.ModifiableRecord
737
RGL_VALUE_21789 class nl.tudelft.rdfgears.rgl.datamodel.value.impl.ModifiableRecord
738
RGL_VALUE_21791 class nl.tudelft.rdfgears.rgl.datamodel.value.impl.ModifiableRecord
739
RGL_VALUE_21793 class nl.tudelft.rdfgears.rgl.datamodel.value.impl.ModifiableRecord
740
RGL_VALUE_21795 class nl.tudelft.rdfgears.rgl.datamodel.value.impl.ModifiableRecord
741
RGL_VALUE_21797 class nl.tudelft.rdfgears.rgl.datamodel.value.impl.ModifiableRecord
742
RGL_VALUE_21799 class nl.tudelft.rdfgears.rgl.datamodel.value.impl.ModifiableRecord
743
RGL_VALUE_21801 class nl.tudelft.rdfgears.rgl.datamodel.value.impl.ModifiableRecord
744
RGL_VALUE_21803 class nl.tudelft.rdfgears.rgl.datamodel.value.impl.ModifiableRecord
745
RGL_VALUE_21805 class nl.tudelft.rdfgears.rgl.datamodel.value.impl.ModifiableRecord
746
RGL_VALUE_21807 class nl.tudelft.rdfgears.rgl.datamodel.value.impl.ModifiableRecord
747
RGL_VALUE_21809 class nl.tudelft.rdfgears.rgl.datamodel.value.impl.ModifiableRecord
748
RGL_VALUE_21811 class nl.tudelft.rdfgears.rgl.datamodel.value.impl.ModifiableRecord
749
RGL_VALUE_21813 class nl.tudelft.rdfgears.rgl.datamodel.value.impl.ModifiableRecord
750
RGL_VALUE_21815 class nl.tudelft.rdfgears.rgl.datamodel.value.impl.ModifiableRecord
751
RGL_VALUE_21817 class nl.tudelft.rdfgears.rgl.datamodel.value.impl.ModifiableRecord
752
RGL_VALUE_21819 class nl.tudelft.rdfgears.rgl.datamodel.value.impl.ModifiableRecord
753
RGL_VALUE_21821 class nl.tudelft.rdfgears.rgl.datamodel.value.impl.ModifiableRecord
754
RGL_VALUE_21823 class nl.tudelft.rdfgears.rgl.datamodel.value.impl.ModifiableRecord
755
RGL_VALUE_21825 class nl.tudelft.rdfgears.rgl.datamodel.value.impl.ModifiableRecord
756
RGL_VALUE_21827 class nl.tudelft.rdfgears.rgl.datamodel.value.impl.ModifiableRecord
757
RGL_VALUE_21829 class nl.tudelft.rdfgears.rgl.datamodel.value.impl.ModifiableRecord
758
RGL_VALUE_21831 class nl.tudelft.rdfgears.rgl.datamodel.value.impl.ModifiableRecord
759
RGL_VALUE_21833 class nl.tudelft.rdfgears.rgl.datamodel.value.impl.ModifiableRecord
760
RGL_VALUE_21835 class nl.tudelft.rdfgears.rgl.datamodel.value.impl.ModifiableRecord
761
RGL_VALUE_21837 class nl.tudelft.rdfgears.rgl.datamodel.value.impl.ModifiableRecord
762
RGL_VALUE_21839 class nl.tudelft.rdfgears.rgl.datamodel.value.impl.ModifiableRecord
763
RGL_VALUE_21841 class nl.tudelft.rdfgears.rgl.datamodel.value.impl.ModifiableRecord
764
RGL_VALUE_21843 class nl.tudelft.rdfgears.rgl.datamodel.value.impl.ModifiableRecord
765
RGL_VALUE_21845 class nl.tudelft.rdfgears.rgl.datamodel.value.impl.ModifiableRecord
766
RGL_VALUE_21847 class nl.tudelft.rdfgears.rgl.datamodel.value.impl.ModifiableRecord
767
RGL_VALUE_21849 class nl.tudelft.rdfgears.rgl.datamodel.value.impl.ModifiableRecord
768
RGL_VALUE_21851 class nl.tudelft.rdfgears.rgl.datamodel.value.impl.ModifiableRecord
769
RGL_VALUE_21853 class nl.tudelft.rdfgears.rgl.datamodel.value.impl.ModifiableRecord
770
RGL_VALUE_21855 class nl.tudelft.rdfgears.rgl.datamodel.value.impl.ModifiableRecord
771
RGL_VALUE_21857 class nl.tudelft.rdfgears.rgl.datamodel.value.impl.ModifiableRecord
772
RGL_VALUE_21859 class nl.tudelft.rdfgears.rgl.datamodel.value.impl.ModifiableRecord
773
RGL_VALUE_21861 class nl.tudelft.rdfgears.rgl.datamodel.value.impl.ModifiableRecord
774
RGL_VALUE_21863 class nl.tudelft.rdfgears.rgl.datamodel.value.impl.ModifiableRecord
775
RGL_VALUE_21865 class nl.tudelft.rdfgears.rgl.datamodel.value.impl.ModifiableRecord
776
RGL_VALUE_21867 class nl.tudelft.rdfgears.rgl.datamodel.value.impl.ModifiableRecord
777
RGL_VALUE_21869 class nl.tudelft.rdfgears.rgl.datamodel.value.impl.ModifiableRecord
778
RGL_VALUE_21871 class nl.tudelft.rdfgears.rgl.datamodel.value.impl.ModifiableRecord
779
RGL_VALUE_21873 class nl.tudelft.rdfgears.rgl.datamodel.value.impl.ModifiableRecord
780
RGL_VALUE_21875 class nl.tudelft.rdfgears.rgl.datamodel.value.impl.ModifiableRecord
781
RGL_VALUE_21877 class nl.tudelft.rdfgears.rgl.datamodel.value.impl.ModifiableRecord
782
RGL_VALUE_21879 class nl.tudelft.rdfgears.rgl.datamodel.value.impl.ModifiableRecord
783
RGL_VALUE_21881 class nl.tudelft.rdfgears.rgl.datamodel.value.impl.ModifiableRecord
784
RGL_VALUE_21883 class nl.tudelft.rdfgears.rgl.datamodel.value.impl.ModifiableRecord
785
RGL_VALUE_21885 class nl.tudelft.rdfgears.rgl.datamodel.value.impl.ModifiableRecord
786
RGL_VALUE_21887 class nl.tudelft.rdfgears.rgl.datamodel.value.impl.ModifiableRecord
787
RGL_VALUE_21889 class nl.tudelft.rdfgears.rgl.datamodel.value.impl.ModifiableRecord
788
RGL_VALUE_21891 class nl.tudelft.rdfgears.rgl.datamodel.value.impl.ModifiableRecord
789
RGL_VALUE_21893 class nl.tudelft.rdfgears.rgl.datamodel.value.impl.ModifiableRecord
790
RGL_VALUE_21895 class nl.tudelft.rdfgears.rgl.datamodel.value.impl.ModifiableRecord
791
RGL_VALUE_21897 class nl.tudelft.rdfgears.rgl.datamodel.value.impl.ModifiableRecord
792
RGL_VALUE_21899 class nl.tudelft.rdfgears.rgl.datamodel.value.impl.ModifiableRecord
793
RGL_VALUE_21901 class nl.tudelft.rdfgears.rgl.datamodel.value.impl.ModifiableRecord
794
RGL_VALUE_21903 class nl.tudelft.rdfgears.rgl.datamodel.value.impl.ModifiableRecord
795
RGL_VALUE_21905 class nl.tudelft.rdfgears.rgl.datamodel.value.impl.ModifiableRecord
796
RGL_VALUE_21907 class nl.tudelft.rdfgears.rgl.datamodel.value.impl.ModifiableRecord
797
RGL_VALUE_21909 class nl.tudelft.rdfgears.rgl.datamodel.value.impl.ModifiableRecord
798
RGL_VALUE_21911 class nl.tudelft.rdfgears.rgl.datamodel.value.impl.ModifiableRecord
799
RGL_VALUE_21913 class nl.tudelft.rdfgears.rgl.datamodel.value.impl.ModifiableRecord
800
RGL_VALUE_21916 class nl.tudelft.rdfgears.rgl.datamodel.value.impl.ModifiableRecord
801
RGL_VALUE_21918 class nl.tudelft.rdfgears.rgl.datamodel.value.impl.ModifiableRecord
802
RGL_VALUE_21920 class nl.tudelft.rdfgears.rgl.datamodel.value.impl.ModifiableRecord
803
RGL_VALUE_21922 class nl.tudelft.rdfgears.rgl.datamodel.value.impl.ModifiableRecord
804
RGL_VALUE_21924 class nl.tudelft.rdfgears.rgl.datamodel.value.impl.ModifiableRecord
805
RGL_VALUE_21926 class nl.tudelft.rdfgears.rgl.datamodel.value.impl.ModifiableRecord
806
RGL_VALUE_21928 class nl.tudelft.rdfgears.rgl.datamodel.value.impl.ModifiableRecord
807
RGL_VALUE_21930 class nl.tudelft.rdfgears.rgl.datamodel.value.impl.ModifiableRecord
808
RGL_VALUE_21932 class nl.tudelft.rdfgears.rgl.datamodel.value.impl.ModifiableRecord
809
RGL_VALUE_21934 class nl.tudelft.rdfgears.rgl.datamodel.value.impl.ModifiableRecord
810
RGL_VALUE_21936 class nl.tudelft.rdfgears.rgl.datamodel.value.impl.ModifiableRecord
811
RGL_VALUE_21938 class nl.tudelft.rdfgears.rgl.datamodel.value.impl.ModifiableRecord
812
RGL_VALUE_21940 class nl.tudelft.rdfgears.rgl.datamodel.value.impl.ModifiableRecord
813
RGL_VALUE_21942 class nl.tudelft.rdfgears.rgl.datamodel.value.impl.ModifiableRecord
814
RGL_VALUE_21944 class nl.tudelft.rdfgears.rgl.datamodel.value.impl.ModifiableRecord
815
RGL_VALUE_21946 class nl.tudelft.rdfgears.rgl.datamodel.value.impl.ModifiableRecord
816
RGL_VALUE_21948 class nl.tudelft.rdfgears.rgl.datamodel.value.impl.ModifiableRecord
817
RGL_VALUE_21950 class nl.tudelft.rdfgears.rgl.datamodel.value.impl.ModifiableRecord
818
RGL_VALUE_21952 class nl.tudelft.rdfgears.rgl.datamodel.value.impl.ModifiableRecord
819
RGL_VALUE_21954 class nl.tudelft.rdfgears.rgl.datamodel.value.impl.ModifiableRecord
820
RGL_VALUE_21956 class nl.tudelft.rdfgears.rgl.datamodel.value.impl.ModifiableRecord
821
RGL_VALUE_21958 class nl.tudelft.rdfgears.rgl.datamodel.value.impl.ModifiableRecord
822
RGL_VALUE_21960 class nl.tudelft.rdfgears.rgl.datamodel.value.impl.ModifiableRecord
823
RGL_VALUE_21962 class nl.tudelft.rdfgears.rgl.datamodel.value.impl.ModifiableRecord
824
RGL_VALUE_21964 class nl.tudelft.rdfgears.rgl.datamodel.value.impl.ModifiableRecord
825
RGL_VALUE_21966 class nl.tudelft.rdfgears.rgl.datamodel.value.impl.ModifiableRecord
826
RGL_VALUE_21968 class nl.tudelft.rdfgears.rgl.datamodel.value.impl.ModifiableRecord
827
RGL_VALUE_21970 class nl.tudelft.rdfgears.rgl.datamodel.value.impl.ModifiableRecord
828
RGL_VALUE_21972 class nl.tudelft.rdfgears.rgl.datamodel.value.impl.ModifiableRecord
829
RGL_VALUE_21974 class nl.tudelft.rdfgears.rgl.datamodel.value.impl.ModifiableRecord
830
RGL_VALUE_21976 class nl.tudelft.rdfgears.rgl.datamodel.value.impl.ModifiableRecord
831
RGL_VALUE_21978 class nl.tudelft.rdfgears.rgl.datamodel.value.impl.ModifiableRecord
832
RGL_VALUE_21980 class nl.tudelft.rdfgears.rgl.datamodel.value.impl.ModifiableRecord
833
RGL_VALUE_21982 class nl.tudelft.rdfgears.rgl.datamodel.value.impl.ModifiableRecord
834
RGL_VALUE_21984 class nl.tudelft.rdfgears.rgl.datamodel.value.impl.ModifiableRecord
835
RGL_VALUE_21986 class nl.tudelft.rdfgears.rgl.datamodel.value.impl.ModifiableRecord
836
RGL_VALUE_21988 class nl.tudelft.rdfgears.rgl.datamodel.value.impl.ModifiableRecord
837
RGL_VALUE_21990 class nl.tudelft.rdfgears.rgl.datamodel.value.impl.ModifiableRecord
838
RGL_VALUE_21992 class nl.tudelft.rdfgears.rgl.datamodel.value.impl.ModifiableRecord
839
RGL_VALUE_21994 class nl.tudelft.rdfgears.rgl.datamodel.value.impl.ModifiableRecord
840
RGL_VALUE_21996 class nl.tudelft.rdfgears.rgl.datamodel.value.impl.ModifiableRecord
841
RGL_VALUE_21998 class nl.tudelft.rdfgears.rgl.datamodel.value.impl.ModifiableRecord
842
RGL_VALUE_22000 class nl.tudelft.rdfgears.rgl.datamodel.value.impl.ModifiableRecord
843
RGL_VALUE_22002 class nl.tudelft.rdfgears.rgl.datamodel.value.impl.ModifiableRecord
844
RGL_VALUE_22004 class nl.tudelft.rdfgears.rgl.datamodel.value.impl.ModifiableRecord
845
RGL_VALUE_22006 class nl.tudelft.rdfgears.rgl.datamodel.value.impl.ModifiableRecord
846
RGL_VALUE_22008 class nl.tudelft.rdfgears.rgl.datamodel.value.impl.ModifiableRecord
847
RGL_VALUE_22010 class nl.tudelft.rdfgears.rgl.datamodel.value.impl.ModifiableRecord
848
RGL_VALUE_22012 class nl.tudelft.rdfgears.rgl.datamodel.value.impl.ModifiableRecord
849
RGL_VALUE_22014 class nl.tudelft.rdfgears.rgl.datamodel.value.impl.ModifiableRecord
850
RGL_VALUE_22016 class nl.tudelft.rdfgears.rgl.datamodel.value.impl.ModifiableRecord
851
RGL_VALUE_22018 class nl.tudelft.rdfgears.rgl.datamodel.value.impl.ModifiableRecord
852
RGL_VALUE_22020 class nl.tudelft.rdfgears.rgl.datamodel.value.impl.ModifiableRecord
853
RGL_VALUE_22022 class nl.tudelft.rdfgears.rgl.datamodel.value.impl.ModifiableRecord
854
RGL_VALUE_22024 class nl.tudelft.rdfgears.rgl.datamodel.value.impl.ModifiableRecord
855
RGL_VALUE_22026 class nl.tudelft.rdfgears.rgl.datamodel.value.impl.ModifiableRecord
856
RGL_VALUE_22028 class nl.tudelft.rdfgears.rgl.datamodel.value.impl.ModifiableRecord
857
RGL_VALUE_22030 class nl.tudelft.rdfgears.rgl.datamodel.value.impl.ModifiableRecord
858
RGL_VALUE_22032 class nl.tudelft.rdfgears.rgl.datamodel.value.impl.ModifiableRecord
859
RGL_VALUE_22034 class nl.tudelft.rdfgears.rgl.datamodel.value.impl.ModifiableRecord
860
RGL_VALUE_22036 class nl.tudelft.rdfgears.rgl.datamodel.value.impl.ModifiableRecord
861
RGL_VALUE_22038 class nl.tudelft.rdfgears.rgl.datamodel.value.impl.ModifiableRecord
862
RGL_VALUE_22040 class nl.tudelft.rdfgears.rgl.datamodel.value.impl.ModifiableRecord
863
RGL_VALUE_22042 class nl.tudelft.rdfgears.rgl.datamodel.value.impl.ModifiableRecord
864
RGL_VALUE_22044 class nl.tudelft.rdfgears.rgl.datamodel.value.impl.ModifiableRecord
865
RGL_VALUE_22046 class nl.tudelft.rdfgears.rgl.datamodel.value.impl.ModifiableRecord
866
RGL_VALUE_22048 class nl.tudelft.rdfgears.rgl.datamodel.value.impl.ModifiableRecord
867
RGL_VALUE_22050 class nl.tudelft.rdfgears.rgl.datamodel.value.impl.ModifiableRecord
868
RGL_VALUE_22052 class nl.tudelft.rdfgears.rgl.datamodel.value.impl.ModifiableRecord
869
RGL_VALUE_22054 class nl.tudelft.rdfgears.rgl.datamodel.value.impl.ModifiableRecord
870
RGL_VALUE_22056 class nl.tudelft.rdfgears.rgl.datamodel.value.impl.ModifiableRecord
871
RGL_VALUE_22058 class nl.tudelft.rdfgears.rgl.datamodel.value.impl.ModifiableRecord
872
RGL_VALUE_22060 class nl.tudelft.rdfgears.rgl.datamodel.value.impl.ModifiableRecord
873
RGL_VALUE_22062 class nl.tudelft.rdfgears.rgl.datamodel.value.impl.ModifiableRecord
874
RGL_VALUE_22064 class nl.tudelft.rdfgears.rgl.datamodel.value.impl.ModifiableRecord
875
RGL_VALUE_22066 class nl.tudelft.rdfgears.rgl.datamodel.value.impl.ModifiableRecord
876
RGL_VALUE_22068 class nl.tudelft.rdfgears.rgl.datamodel.value.impl.ModifiableRecord
877
RGL_VALUE_22070 class nl.tudelft.rdfgears.rgl.datamodel.value.impl.ModifiableRecord
878
RGL_VALUE_22072 class nl.tudelft.rdfgears.rgl.datamodel.value.impl.ModifiableRecord
879
RGL_VALUE_22074 class nl.tudelft.rdfgears.rgl.datamodel.value.impl.ModifiableRecord
880
RGL_VALUE_22076 class nl.tudelft.rdfgears.rgl.datamodel.value.impl.ModifiableRecord
881
RGL_VALUE_22078 class nl.tudelft.rdfgears.rgl.datamodel.value.impl.ModifiableRecord
882
RGL_VALUE_22080 class nl.tudelft.rdfgears.rgl.datamodel.value.impl.ModifiableRecord
883
RGL_VALUE_22082 class nl.tudelft.rdfgears.rgl.datamodel.value.impl.ModifiableRecord
884
RGL_VALUE_22084 class nl.tudelft.rdfgears.rgl.datamodel.value.impl.ModifiableRecord
885
RGL_VALUE_22086 class nl.tudelft.rdfgears.rgl.datamodel.value.impl.ModifiableRecord
886
RGL_VALUE_22088 class nl.tudelft.rdfgears.rgl.datamodel.value.impl.ModifiableRecord
887
RGL_VALUE_22090 class nl.tudelft.rdfgears.rgl.datamodel.value.impl.ModifiableRecord
888
RGL_VALUE_22092 class nl.tudelft.rdfgears.rgl.datamodel.value.impl.ModifiableRecord
889
RGL_VALUE_22094 class nl.tudelft.rdfgears.rgl.datamodel.value.impl.ModifiableRecord
890
RGL_VALUE_22096 class nl.tudelft.rdfgears.rgl.datamodel.value.impl.ModifiableRecord
891
RGL_VALUE_22098 class nl.tudelft.rdfgears.rgl.datamodel.value.impl.ModifiableRecord
892
RGL_VALUE_22100 class nl.tudelft.rdfgears.rgl.datamodel.value.impl.ModifiableRecord
893
RGL_VALUE_22102 class nl.tudelft.rdfgears.rgl.datamodel.value.impl.ModifiableRecord
894
RGL_VALUE_22104 class nl.tudelft.rdfgears.rgl.datamodel.value.impl.ModifiableRecord
895
RGL_VALUE_22106 class nl.tudelft.rdfgears.rgl.datamodel.value.impl.ModifiableRecord
896
RGL_VALUE_22108 class nl.tudelft.rdfgears.rgl.datamodel.value.impl.ModifiableRecord
897
RGL_VALUE_22110 class nl.tudelft.rdfgears.rgl.datamodel.value.impl.ModifiableRecord
898
RGL_VALUE_22112 class nl.tudelft.rdfgears.rgl.datamodel.value.impl.ModifiableRecord
899
RGL_VALUE_22114 class nl.tudelft.rdfgears.rgl.datamodel.value.impl.ModifiableRecord
900
RGL_VALUE_22117 class nl.tudelft.rdfgears.rgl.datamodel.value.impl.ModifiableRecord
901
RGL_VALUE_22119 class nl.tudelft.rdfgears.rgl.datamodel.value.impl.ModifiableRecord
902
RGL_VALUE_22121 class nl.tudelft.rdfgears.rgl.datamodel.value.impl.ModifiableRecord
903
RGL_VALUE_22123 class nl.tudelft.rdfgears.rgl.datamodel.value.impl.ModifiableRecord
904
RGL_VALUE_22125 class nl.tudelft.rdfgears.rgl.datamodel.value.impl.ModifiableRecord
905
RGL_VALUE_22127 class nl.tudelft.rdfgears.rgl.datamodel.value.impl.ModifiableRecord
906
RGL_VALUE_22129 class nl.tudelft.rdfgears.rgl.datamodel.value.impl.ModifiableRecord
907
RGL_VALUE_22131 class nl.tudelft.rdfgears.rgl.datamodel.value.impl.ModifiableRecord
908
RGL_VALUE_22133 class nl.tudelft.rdfgears.rgl.datamodel.value.impl.ModifiableRecord
909
RGL_VALUE_22135 class nl.tudelft.rdfgears.rgl.datamodel.value.impl.ModifiableRecord
910
RGL_VALUE_22137 class nl.tudelft.rdfgears.rgl.datamodel.value.impl.ModifiableRecord
911
RGL_VALUE_22139 class nl.tudelft.rdfgears.rgl.datamodel.value.impl.ModifiableRecord
912
RGL_VALUE_22141 class nl.tudelft.rdfgears.rgl.datamodel.value.impl.ModifiableRecord
913
RGL_VALUE_22143 class nl.tudelft.rdfgears.rgl.datamodel.value.impl.ModifiableRecord
914
RGL_VALUE_22145 class nl.tudelft.rdfgears.rgl.datamodel.value.impl.ModifiableRecord
915
RGL_VALUE_22147 class nl.tudelft.rdfgears.rgl.datamodel.value.impl.ModifiableRecord
916
RGL_VALUE_22149 class nl.tudelft.rdfgears.rgl.datamodel.value.impl.ModifiableRecord
917
RGL_VALUE_22151 class nl.tudelft.rdfgears.rgl.datamodel.value.impl.ModifiableRecord
918
RGL_VALUE_22153 class nl.tudelft.rdfgears.rgl.datamodel.value.impl.ModifiableRecord
919
RGL_VALUE_22155 class nl.tudelft.rdfgears.rgl.datamodel.value.impl.ModifiableRecord
920
RGL_VALUE_22157 class nl.tudelft.rdfgears.rgl.datamodel.value.impl.ModifiableRecord
921
RGL_VALUE_22159 class nl.tudelft.rdfgears.rgl.datamodel.value.impl.ModifiableRecord
922
RGL_VALUE_22161 class nl.tudelft.rdfgears.rgl.datamodel.value.impl.ModifiableRecord
923
RGL_VALUE_22163 class nl.tudelft.rdfgears.rgl.datamodel.value.impl.ModifiableRecord
924
RGL_VALUE_22165 class nl.tudelft.rdfgears.rgl.datamodel.value.impl.ModifiableRecord
925
RGL_VALUE_22167 class nl.tudelft.rdfgears.rgl.datamodel.value.impl.ModifiableRecord
926
RGL_VALUE_22169 class nl.tudelft.rdfgears.rgl.datamodel.value.impl.ModifiableRecord
927
RGL_VALUE_22171 class nl.tudelft.rdfgears.rgl.datamodel.value.impl.ModifiableRecord
928
RGL_VALUE_22173 class nl.tudelft.rdfgears.rgl.datamodel.value.impl.ModifiableRecord
929
RGL_VALUE_22175 class nl.tudelft.rdfgears.rgl.datamodel.value.impl.ModifiableRecord
930
RGL_VALUE_22177 class nl.tudelft.rdfgears.rgl.datamodel.value.impl.ModifiableRecord
931
RGL_VALUE_22179 class nl.tudelft.rdfgears.rgl.datamodel.value.impl.ModifiableRecord
932
RGL_VALUE_22181 class nl.tudelft.rdfgears.rgl.datamodel.value.impl.ModifiableRecord
933
RGL_VALUE_22183 class nl.tudelft.rdfgears.rgl.datamodel.value.impl.ModifiableRecord
934
RGL_VALUE_22185 class nl.tudelft.rdfgears.rgl.datamodel.value.impl.ModifiableRecord
935
RGL_VALUE_22187 class nl.tudelft.rdfgears.rgl.datamodel.value.impl.ModifiableRecord
936
RGL_VALUE_22189 class nl.tudelft.rdfgears.rgl.datamodel.value.impl.ModifiableRecord
937
RGL_VALUE_22191 class nl.tudelft.rdfgears.rgl.datamodel.value.impl.ModifiableRecord
938
RGL_VALUE_22193 class nl.tudelft.rdfgears.rgl.datamodel.value.impl.ModifiableRecord
939
RGL_VALUE_22195 class nl.tudelft.rdfgears.rgl.datamodel.value.impl.ModifiableRecord
940
RGL_VALUE_22197 class nl.tudelft.rdfgears.rgl.datamodel.value.impl.ModifiableRecord
941
RGL_VALUE_22199 class nl.tudelft.rdfgears.rgl.datamodel.value.impl.ModifiableRecord
942
RGL_VALUE_22201 class nl.tudelft.rdfgears.rgl.datamodel.value.impl.ModifiableRecord
943
RGL_VALUE_22203 class nl.tudelft.rdfgears.rgl.datamodel.value.impl.ModifiableRecord
944
RGL_VALUE_22205 class nl.tudelft.rdfgears.rgl.datamodel.value.impl.ModifiableRecord
945
RGL_VALUE_22207 class nl.tudelft.rdfgears.rgl.datamodel.value.impl.ModifiableRecord
946
RGL_VALUE_22209 class nl.tudelft.rdfgears.rgl.datamodel.value.impl.ModifiableRecord
947
RGL_VALUE_22211 class nl.tudelft.rdfgears.rgl.datamodel.value.impl.ModifiableRecord
948
RGL_VALUE_22213 class nl.tudelft.rdfgears.rgl.datamodel.value.impl.ModifiableRecord
949
RGL_VALUE_22215 class nl.tudelft.rdfgears.rgl.datamodel.value.impl.ModifiableRecord
950
RGL_VALUE_22217 class nl.tudelft.rdfgears.rgl.datamodel.value.impl.ModifiableRecord
951
RGL_VALUE_22219 class nl.tudelft.rdfgears.rgl.datamodel.value.impl.ModifiableRecord
952
RGL_VALUE_22221 class nl.tudelft.rdfgears.rgl.datamodel.value.impl.ModifiableRecord
953
RGL_VALUE_22223 class nl.tudelft.rdfgears.rgl.datamodel.value.impl.ModifiableRecord
954
RGL_VALUE_22225 class nl.tudelft.rdfgears.rgl.datamodel.value.impl.ModifiableRecord
955
RGL_VALUE_22227 class nl.tudelft.rdfgears.rgl.datamodel.value.impl.ModifiableRecord
956
RGL_VALUE_22229 class nl.tudelft.rdfgears.rgl.datamodel.value.impl.ModifiableRecord
957
RGL_VALUE_22231 class nl.tudelft.rdfgears.rgl.datamodel.value.impl.ModifiableRecord
958
RGL_VALUE_22233 class nl.tudelft.rdfgears.rgl.datamodel.value.impl.ModifiableRecord
959
RGL_VALUE_22235 class nl.tudelft.rdfgears.rgl.datamodel.value.impl.ModifiableRecord
960
RGL_VALUE_22237 class nl.tudelft.rdfgears.rgl.datamodel.value.impl.ModifiableRecord
961
RGL_VALUE_22239 class nl.tudelft.rdfgears.rgl.datamodel.value.impl.ModifiableRecord
962
RGL_VALUE_22241 class nl.tudelft.rdfgears.rgl.datamodel.value.impl.ModifiableRecord
963
RGL_VALUE_22243 class nl.tudelft.rdfgears.rgl.datamodel.value.impl.ModifiableRecord
964
RGL_VALUE_22245 class nl.tudelft.rdfgears.rgl.datamodel.value.impl.ModifiableRecord
965
RGL_VALUE_22247 class nl.tudelft.rdfgears.rgl.datamodel.value.impl.ModifiableRecord
966
RGL_VALUE_22249 class nl.tudelft.rdfgears.rgl.datamodel.value.impl.ModifiableRecord
967
RGL_VALUE_22251 class nl.tudelft.rdfgears.rgl.datamodel.value.impl.ModifiableRecord
968
RGL_VALUE_22253 class nl.tudelft.rdfgears.rgl.datamodel.value.impl.ModifiableRecord
969
RGL_VALUE_22255 class nl.tudelft.rdfgears.rgl.datamodel.value.impl.ModifiableRecord
970
RGL_VALUE_22257 class nl.tudelft.rdfgears.rgl.datamodel.value.impl.ModifiableRecord
971
RGL_VALUE_22259 class nl.tudelft.rdfgears.rgl.datamodel.value.impl.ModifiableRecord
972
RGL_VALUE_22261 class nl.tudelft.rdfgears.rgl.datamodel.value.impl.ModifiableRecord
973
RGL_VALUE_22263 class nl.tudelft.rdfgears.rgl.datamodel.value.impl.ModifiableRecord
974
RGL_VALUE_22265 class nl.tudelft.rdfgears.rgl.datamodel.value.impl.ModifiableRecord
975
RGL_VALUE_22267 class nl.tudelft.rdfgears.rgl.datamodel.value.impl.ModifiableRecord
976
RGL_VALUE_22269 class nl.tudelft.rdfgears.rgl.datamodel.value.impl.ModifiableRecord
977
RGL_VALUE_22271 class nl.tudelft.rdfgears.rgl.datamodel.value.impl.ModifiableRecord
978
RGL_VALUE_22273 class nl.tudelft.rdfgears.rgl.datamodel.value.impl.ModifiableRecord
979
RGL_VALUE_22275 class nl.tudelft.rdfgears.rgl.datamodel.value.impl.ModifiableRecord
980
RGL_VALUE_22277 class nl.tudelft.rdfgears.rgl.datamodel.value.impl.ModifiableRecord
981
RGL_VALUE_22279 class nl.tudelft.rdfgears.rgl.datamodel.value.impl.ModifiableRecord
982
RGL_VALUE_22281 class nl.tudelft.rdfgears.rgl.datamodel.value.impl.ModifiableRecord
983
RGL_VALUE_22283 class nl.tudelft.rdfgears.rgl.datamodel.value.impl.ModifiableRecord
984
RGL_VALUE_22285 class nl.tudelft.rdfgears.rgl.datamodel.value.impl.ModifiableRecord
985
RGL_VALUE_22287 class nl.tudelft.rdfgears.rgl.datamodel.value.impl.ModifiableRecord
986
RGL_VALUE_22289 class nl.tudelft.rdfgears.rgl.datamodel.value.impl.ModifiableRecord
987
RGL_VALUE_22291 class nl.tudelft.rdfgears.rgl.datamodel.value.impl.ModifiableRecord
988
RGL_VALUE_22293 class nl.tudelft.rdfgears.rgl.datamodel.value.impl.ModifiableRecord
989
RGL_VALUE_22295 class nl.tudelft.rdfgears.rgl.datamodel.value.impl.ModifiableRecord
990
RGL_VALUE_22297 class nl.tudelft.rdfgears.rgl.datamodel.value.impl.ModifiableRecord
991
RGL_VALUE_22299 class nl.tudelft.rdfgears.rgl.datamodel.value.impl.ModifiableRecord
992
RGL_VALUE_22301 class nl.tudelft.rdfgears.rgl.datamodel.value.impl.ModifiableRecord
993
RGL_VALUE_22303 class nl.tudelft.rdfgears.rgl.datamodel.value.impl.ModifiableRecord
994
RGL_VALUE_22305 class nl.tudelft.rdfgears.rgl.datamodel.value.impl.ModifiableRecord
995
RGL_VALUE_22307 class nl.tudelft.rdfgears.rgl.datamodel.value.impl.ModifiableRecord
996
RGL_VALUE_22309 class nl.tudelft.rdfgears.rgl.datamodel.value.impl.ModifiableRecord
997
RGL_VALUE_22311 class nl.tudelft.rdfgears.rgl.datamodel.value.impl.ModifiableRecord
998
RGL_VALUE_22313 class nl.tudelft.rdfgears.rgl.datamodel.value.impl.ModifiableRecord
999
RGL_VALUE_22315 class nl.tudelft.rdfgears.rgl.datamodel.value.impl.ModifiableRecord
1000
RGL_VALUE_22318 class nl.tudelft.rdfgears.rgl.datamodel.value.impl.ModifiableRecord
1001
RGL_VALUE_22320 class nl.tudelft.rdfgears.rgl.datamodel.value.impl.ModifiableRecord
1002
RGL_VALUE_22322 class nl.tudelft.rdfgears.rgl.datamodel.value.impl.ModifiableRecord
1003
RGL_VALUE_22324 class nl.tudelft.rdfgears.rgl.datamodel.value.impl.ModifiableRecord
1004
RGL_VALUE_22326 class nl.tudelft.rdfgears.rgl.datamodel.value.impl.ModifiableRecord
1005
RGL_VALUE_22328 class nl.tudelft.rdfgears.rgl.datamodel.value.impl.ModifiableRecord
1006
RGL_VALUE_22330 class nl.tudelft.rdfgears.rgl.datamodel.value.impl.ModifiableRecord
1007
RGL_VALUE_22332 class nl.tudelft.rdfgears.rgl.datamodel.value.impl.ModifiableRecord
1008
RGL_VALUE_22334 class nl.tudelft.rdfgears.rgl.datamodel.value.impl.ModifiableRecord
1009
RGL_VALUE_22336 class nl.tudelft.rdfgears.rgl.datamodel.value.impl.ModifiableRecord
1010
RGL_VALUE_22338 class nl.tudelft.rdfgears.rgl.datamodel.value.impl.ModifiableRecord
1011
RGL_VALUE_22340 class nl.tudelft.rdfgears.rgl.datamodel.value.impl.ModifiableRecord
1012
RGL_VALUE_22342 class nl.tudelft.rdfgears.rgl.datamodel.value.impl.ModifiableRecord
1013
RGL_VALUE_22344 class nl.tudelft.rdfgears.rgl.datamodel.value.impl.ModifiableRecord
1014
RGL_VALUE_22346 class nl.tudelft.rdfgears.rgl.datamodel.value.impl.ModifiableRecord
1015
RGL_VALUE_22348 class nl.tudelft.rdfgears.rgl.datamodel.value.impl.ModifiableRecord
1016
RGL_VALUE_22350 class nl.tudelft.rdfgears.rgl.datamodel.value.impl.ModifiableRecord
1017
RGL_VALUE_22352 class nl.tudelft.rdfgears.rgl.datamodel.value.impl.ModifiableRecord
1018
RGL_VALUE_22354 class nl.tudelft.rdfgears.rgl.datamodel.value.impl.ModifiableRecord
1019
RGL_VALUE_22356 class nl.tudelft.rdfgears.rgl.datamodel.value.impl.ModifiableRecord
1020
RGL_VALUE_22358 class nl.tudelft.rdfgears.rgl.datamodel.value.impl.ModifiableRecord
1021
RGL_VALUE_22360 class nl.tudelft.rdfgears.rgl.datamodel.value.impl.ModifiableRecord
1022
RGL_VALUE_22362 class nl.tudelft.rdfgears.rgl.datamodel.value.impl.ModifiableRecord
1023
RGL_VALUE_22364 class nl.tudelft.rdfgears.rgl.datamodel.value.impl.ModifiableRecord
1024
RGL_VALUE_22366 class nl.tudelft.rdfgears.rgl.datamodel.value.impl.ModifiableRecord
1025
RGL_VALUE_22368 class nl.tudelft.rdfgears.rgl.datamodel.value.impl.ModifiableRecord
1026
RGL_VALUE_22370 class nl.tudelft.rdfgears.rgl.datamodel.value.impl.ModifiableRecord
1027
RGL_VALUE_22372 class nl.tudelft.rdfgears.rgl.datamodel.value.impl.ModifiableRecord
1028
RGL_VALUE_22374 class nl.tudelft.rdfgears.rgl.datamodel.value.impl.ModifiableRecord
1029
RGL_VALUE_22376 class nl.tudelft.rdfgears.rgl.datamodel.value.impl.ModifiableRecord
1030
RGL_VALUE_22378 class nl.tudelft.rdfgears.rgl.datamodel.value.impl.ModifiableRecord
1031
RGL_VALUE_22380 class nl.tudelft.rdfgears.rgl.datamodel.value.impl.ModifiableRecord
1032
RGL_VALUE_22382 class nl.tudelft.rdfgears.rgl.datamodel.value.impl.ModifiableRecord
1033
RGL_VALUE_22384 class nl.tudelft.rdfgears.rgl.datamodel.value.impl.ModifiableRecord
1034
RGL_VALUE_22386 class nl.tudelft.rdfgears.rgl.datamodel.value.impl.ModifiableRecord
1035
RGL_VALUE_22388 class nl.tudelft.rdfgears.rgl.datamodel.value.impl.ModifiableRecord
1036
RGL_VALUE_22390 class nl.tudelft.rdfgears.rgl.datamodel.value.impl.ModifiableRecord
1037
RGL_VALUE_22392 class nl.tudelft.rdfgears.rgl.datamodel.value.impl.ModifiableRecord
1038
RGL_VALUE_22394 class nl.tudelft.rdfgears.rgl.datamodel.value.impl.ModifiableRecord
1039
RGL_VALUE_22396 class nl.tudelft.rdfgears.rgl.datamodel.value.impl.ModifiableRecord
1040
RGL_VALUE_22398 class nl.tudelft.rdfgears.rgl.datamodel.value.impl.ModifiableRecord
1041
RGL_VALUE_22400 class nl.tudelft.rdfgears.rgl.datamodel.value.impl.ModifiableRecord
1042
RGL_VALUE_22402 class nl.tudelft.rdfgears.rgl.datamodel.value.impl.ModifiableRecord
1043
RGL_VALUE_22404 class nl.tudelft.rdfgears.rgl.datamodel.value.impl.ModifiableRecord
1044
RGL_VALUE_22406 class nl.tudelft.rdfgears.rgl.datamodel.value.impl.ModifiableRecord
1045
RGL_VALUE_22408 class nl.tudelft.rdfgears.rgl.datamodel.value.impl.ModifiableRecord
1046
RGL_VALUE_22410 class nl.tudelft.rdfgears.rgl.datamodel.value.impl.ModifiableRecord
1047
RGL_VALUE_22412 class nl.tudelft.rdfgears.rgl.datamodel.value.impl.ModifiableRecord
1048
RGL_VALUE_22414 class nl.tudelft.rdfgears.rgl.datamodel.value.impl.ModifiableRecord
1049
RGL_VALUE_22416 class nl.tudelft.rdfgears.rgl.datamodel.value.impl.ModifiableRecord
1050
RGL_VALUE_22418 class nl.tudelft.rdfgears.rgl.datamodel.value.impl.ModifiableRecord
1051
RGL_VALUE_22420 class nl.tudelft.rdfgears.rgl.datamodel.value.impl.ModifiableRecord
1052
RGL_VALUE_22422 class nl.tudelft.rdfgears.rgl.datamodel.value.impl.ModifiableRecord
1053
RGL_VALUE_22424 class nl.tudelft.rdfgears.rgl.datamodel.value.impl.ModifiableRecord
1054
RGL_VALUE_22426 class nl.tudelft.rdfgears.rgl.datamodel.value.impl.ModifiableRecord
1055
RGL_VALUE_22428 class nl.tudelft.rdfgears.rgl.datamodel.value.impl.ModifiableRecord
1056
RGL_VALUE_22430 class nl.tudelft.rdfgears.rgl.datamodel.value.impl.ModifiableRecord
1057
RGL_VALUE_22432 class nl.tudelft.rdfgears.rgl.datamodel.value.impl.ModifiableRecord
1058
RGL_VALUE_22434 class nl.tudelft.rdfgears.rgl.datamodel.value.impl.ModifiableRecord
1059
RGL_VALUE_22436 class nl.tudelft.rdfgears.rgl.datamodel.value.impl.ModifiableRecord
1060
RGL_VALUE_22438 class nl.tudelft.rdfgears.rgl.datamodel.value.impl.ModifiableRecord
1061
RGL_VALUE_22440 class nl.tudelft.rdfgears.rgl.datamodel.value.impl.ModifiableRecord
1062
RGL_VALUE_22442 class nl.tudelft.rdfgears.rgl.datamodel.value.impl.ModifiableRecord
1063
RGL_VALUE_22444 class nl.tudelft.rdfgears.rgl.datamodel.value.impl.ModifiableRecord
1064
RGL_VALUE_22446 class nl.tudelft.rdfgears.rgl.datamodel.value.impl.ModifiableRecord
1065
RGL_VALUE_22448 class nl.tudelft.rdfgears.rgl.datamodel.value.impl.ModifiableRecord
1066
RGL_VALUE_22450 class nl.tudelft.rdfgears.rgl.datamodel.value.impl.ModifiableRecord
1067
RGL_VALUE_22452 class nl.tudelft.rdfgears.rgl.datamodel.value.impl.ModifiableRecord
1068
RGL_VALUE_22454 class nl.tudelft.rdfgears.rgl.datamodel.value.impl.ModifiableRecord
1069
RGL_VALUE_22456 class nl.tudelft.rdfgears.rgl.datamodel.value.impl.ModifiableRecord
1070
RGL_VALUE_22458 class nl.tudelft.rdfgears.rgl.datamodel.value.impl.ModifiableRecord
1071
RGL_VALUE_22460 class nl.tudelft.rdfgears.rgl.datamodel.value.impl.ModifiableRecord
1072
RGL_VALUE_22462 class nl.tudelft.rdfgears.rgl.datamodel.value.impl.ModifiableRecord
1073
RGL_VALUE_22464 class nl.tudelft.rdfgears.rgl.datamodel.value.impl.ModifiableRecord
1074
RGL_VALUE_22466 class nl.tudelft.rdfgears.rgl.datamodel.value.impl.ModifiableRecord
1075
RGL_VALUE_22468 class nl.tudelft.rdfgears.rgl.datamodel.value.impl.ModifiableRecord
1076
RGL_VALUE_22470 class nl.tudelft.rdfgears.rgl.datamodel.value.impl.ModifiableRecord
1077
RGL_VALUE_22472 class nl.tudelft.rdfgears.rgl.datamodel.value.impl.ModifiableRecord
1078
RGL_VALUE_22474 class nl.tudelft.rdfgears.rgl.datamodel.value.impl.ModifiableRecord
1079
RGL_VALUE_22476 class nl.tudelft.rdfgears.rgl.datamodel.value.impl.ModifiableRecord
1080
RGL_VALUE_22478 class nl.tudelft.rdfgears.rgl.datamodel.value.impl.ModifiableRecord
1081
RGL_VALUE_22480 class nl.tudelft.rdfgears.rgl.datamodel.value.impl.ModifiableRecord
1082
RGL_VALUE_22482 class nl.tudelft.rdfgears.rgl.datamodel.value.impl.ModifiableRecord
1083
RGL_VALUE_22484 class nl.tudelft.rdfgears.rgl.datamodel.value.impl.ModifiableRecord
1084
RGL_VALUE_22486 class nl.tudelft.rdfgears.rgl.datamodel.value.impl.ModifiableRecord
1085
RGL_VALUE_22488 class nl.tudelft.rdfgears.rgl.datamodel.value.impl.ModifiableRecord
1086
RGL_VALUE_22490 class nl.tudelft.rdfgears.rgl.datamodel.value.impl.ModifiableRecord
1087
RGL_VALUE_22492 class nl.tudelft.rdfgears.rgl.datamodel.value.impl.ModifiableRecord
1088
RGL_VALUE_22494 class nl.tudelft.rdfgears.rgl.datamodel.value.impl.ModifiableRecord
1089
RGL_VALUE_22496 class nl.tudelft.rdfgears.rgl.datamodel.value.impl.ModifiableRecord
1090
RGL_VALUE_22498 class nl.tudelft.rdfgears.rgl.datamodel.value.impl.ModifiableRecord
1091
RGL_VALUE_22500 class nl.tudelft.rdfgears.rgl.datamodel.value.impl.ModifiableRecord
1092
RGL_VALUE_22502 class nl.tudelft.rdfgears.rgl.datamodel.value.impl.ModifiableRecord
1093
RGL_VALUE_22504 class nl.tudelft.rdfgears.rgl.datamodel.value.impl.ModifiableRecord
1094
RGL_VALUE_22506 class nl.tudelft.rdfgears.rgl.datamodel.value.impl.ModifiableRecord
1095
RGL_VALUE_22508 class nl.tudelft.rdfgears.rgl.datamodel.value.impl.ModifiableRecord
1096
RGL_VALUE_22510 class nl.tudelft.rdfgears.rgl.datamodel.value.impl.ModifiableRecord
1097
RGL_VALUE_22512 class nl.tudelft.rdfgears.rgl.datamodel.value.impl.ModifiableRecord
1098
RGL_VALUE_22514 class nl.tudelft.rdfgears.rgl.datamodel.value.impl.ModifiableRecord
1099
RGL_VALUE_22516 class nl.tudelft.rdfgears.rgl.datamodel.value.impl.ModifiableRecord
1100
RGL_VALUE_22519 class nl.tudelft.rdfgears.rgl.datamodel.value.impl.ModifiableRecord
1101
RGL_VALUE_22521 class nl.tudelft.rdfgears.rgl.datamodel.value.impl.ModifiableRecord
1102
RGL_VALUE_22523 class nl.tudelft.rdfgears.rgl.datamodel.value.impl.ModifiableRecord
1103
RGL_VALUE_22525 class nl.tudelft.rdfgears.rgl.datamodel.value.impl.ModifiableRecord
1104
RGL_VALUE_22527 class nl.tudelft.rdfgears.rgl.datamodel.value.impl.ModifiableRecord
1105
RGL_VALUE_22529 class nl.tudelft.rdfgears.rgl.datamodel.value.impl.ModifiableRecord
1106
RGL_VALUE_22531 class nl.tudelft.rdfgears.rgl.datamodel.value.impl.ModifiableRecord
1107
RGL_VALUE_22533 class nl.tudelft.rdfgears.rgl.datamodel.value.impl.ModifiableRecord
1108
RGL_VALUE_22535 class nl.tudelft.rdfgears.rgl.datamodel.value.impl.ModifiableRecord
1109
RGL_VALUE_22537 class nl.tudelft.rdfgears.rgl.datamodel.value.impl.ModifiableRecord
1110
RGL_VALUE_22539 class nl.tudelft.rdfgears.rgl.datamodel.value.impl.ModifiableRecord
1111
RGL_VALUE_22541 class nl.tudelft.rdfgears.rgl.datamodel.value.impl.ModifiableRecord
1112
RGL_VALUE_22543 class nl.tudelft.rdfgears.rgl.datamodel.value.impl.ModifiableRecord
1113
RGL_VALUE_22545 class nl.tudelft.rdfgears.rgl.datamodel.value.impl.ModifiableRecord
1114
RGL_VALUE_22547 class nl.tudelft.rdfgears.rgl.datamodel.value.impl.ModifiableRecord
1115
RGL_VALUE_22549 class nl.tudelft.rdfgears.rgl.datamodel.value.impl.ModifiableRecord
1116
RGL_VALUE_22551 class nl.tudelft.rdfgears.rgl.datamodel.value.impl.ModifiableRecord
1117
RGL_VALUE_22553 class nl.tudelft.rdfgears.rgl.datamodel.value.impl.ModifiableRecord
1118
RGL_VALUE_22555 class nl.tudelft.rdfgears.rgl.datamodel.value.impl.ModifiableRecord
1119
RGL_VALUE_22557 class nl.tudelft.rdfgears.rgl.datamodel.value.impl.ModifiableRecord
1120
RGL_VALUE_22559 class nl.tudelft.rdfgears.rgl.datamodel.value.impl.ModifiableRecord
1121
RGL_VALUE_22561 class nl.tudelft.rdfgears.rgl.datamodel.value.impl.ModifiableRecord
1122
RGL_VALUE_22563 class nl.tudelft.rdfgears.rgl.datamodel.value.impl.ModifiableRecord
1123
RGL_VALUE_22565 class nl.tudelft.rdfgears.rgl.datamodel.value.impl.ModifiableRecord
1124
RGL_VALUE_22567 class nl.tudelft.rdfgears.rgl.datamodel.value.impl.ModifiableRecord
1125
RGL_VALUE_22569 class nl.tudelft.rdfgears.rgl.datamodel.value.impl.ModifiableRecord
1126
RGL_VALUE_22571 class nl.tudelft.rdfgears.rgl.datamodel.value.impl.ModifiableRecord
1127
RGL_VALUE_22573 class nl.tudelft.rdfgears.rgl.datamodel.value.impl.ModifiableRecord
1128
RGL_VALUE_22575 class nl.tudelft.rdfgears.rgl.datamodel.value.impl.ModifiableRecord
1129
RGL_VALUE_22577 class nl.tudelft.rdfgears.rgl.datamodel.value.impl.ModifiableRecord
1130
RGL_VALUE_22579 class nl.tudelft.rdfgears.rgl.datamodel.value.impl.ModifiableRecord
1131
RGL_VALUE_22581 class nl.tudelft.rdfgears.rgl.datamodel.value.impl.ModifiableRecord
1132
RGL_VALUE_22583 class nl.tudelft.rdfgears.rgl.datamodel.value.impl.ModifiableRecord
1133
RGL_VALUE_22585 class nl.tudelft.rdfgears.rgl.datamodel.value.impl.ModifiableRecord
1134
RGL_VALUE_22587 class nl.tudelft.rdfgears.rgl.datamodel.value.impl.ModifiableRecord
1135
RGL_VALUE_22589 class nl.tudelft.rdfgears.rgl.datamodel.value.impl.ModifiableRecord
1136
RGL_VALUE_22591 class nl.tudelft.rdfgears.rgl.datamodel.value.impl.ModifiableRecord
1137
RGL_VALUE_22593 class nl.tudelft.rdfgears.rgl.datamodel.value.impl.ModifiableRecord
1138
RGL_VALUE_22595 class nl.tudelft.rdfgears.rgl.datamodel.value.impl.ModifiableRecord
1139
RGL_VALUE_22597 class nl.tudelft.rdfgears.rgl.datamodel.value.impl.ModifiableRecord
1140
RGL_VALUE_22599 class nl.tudelft.rdfgears.rgl.datamodel.value.impl.ModifiableRecord
1141
RGL_VALUE_22601 class nl.tudelft.rdfgears.rgl.datamodel.value.impl.ModifiableRecord
1142
RGL_VALUE_22603 class nl.tudelft.rdfgears.rgl.datamodel.value.impl.ModifiableRecord
1143
RGL_VALUE_22605 class nl.tudelft.rdfgears.rgl.datamodel.value.impl.ModifiableRecord
1144
RGL_VALUE_22607 class nl.tudelft.rdfgears.rgl.datamodel.value.impl.ModifiableRecord
1145
RGL_VALUE_22609 class nl.tudelft.rdfgears.rgl.datamodel.value.impl.ModifiableRecord
1146
RGL_VALUE_22611 class nl.tudelft.rdfgears.rgl.datamodel.value.impl.ModifiableRecord
1147
RGL_VALUE_22613 class nl.tudelft.rdfgears.rgl.datamodel.value.impl.ModifiableRecord
1148
RGL_VALUE_22615 class nl.tudelft.rdfgears.rgl.datamodel.value.impl.ModifiableRecord
1149
RGL_VALUE_22617 class nl.tudelft.rdfgears.rgl.datamodel.value.impl.ModifiableRecord
1150
RGL_VALUE_22619 class nl.tudelft.rdfgears.rgl.datamodel.value.impl.ModifiableRecord
1151
RGL_VALUE_22621 class nl.tudelft.rdfgears.rgl.datamodel.value.impl.ModifiableRecord
1152
RGL_VALUE_22623 class nl.tudelft.rdfgears.rgl.datamodel.value.impl.ModifiableRecord
1153
RGL_VALUE_22625 class nl.tudelft.rdfgears.rgl.datamodel.value.impl.ModifiableRecord
1154
RGL_VALUE_22627 class nl.tudelft.rdfgears.rgl.datamodel.value.impl.ModifiableRecord
1155
RGL_VALUE_22629 class nl.tudelft.rdfgears.rgl.datamodel.value.impl.ModifiableRecord
1156
RGL_VALUE_22631 class nl.tudelft.rdfgears.rgl.datamodel.value.impl.ModifiableRecord
1157
RGL_VALUE_22633 class nl.tudelft.rdfgears.rgl.datamodel.value.impl.ModifiableRecord
1158
RGL_VALUE_22635 class nl.tudelft.rdfgears.rgl.datamodel.value.impl.ModifiableRecord
1159
RGL_VALUE_22637 class nl.tudelft.rdfgears.rgl.datamodel.value.impl.ModifiableRecord
1160
RGL_VALUE_22639 class nl.tudelft.rdfgears.rgl.datamodel.value.impl.ModifiableRecord
1161
RGL_VALUE_22641 class nl.tudelft.rdfgears.rgl.datamodel.value.impl.ModifiableRecord
1162
RGL_VALUE_22643 class nl.tudelft.rdfgears.rgl.datamodel.value.impl.ModifiableRecord
1163
RGL_VALUE_22645 class nl.tudelft.rdfgears.rgl.datamodel.value.impl.ModifiableRecord
1164
RGL_VALUE_22647 class nl.tudelft.rdfgears.rgl.datamodel.value.impl.ModifiableRecord
1165
RGL_VALUE_22649 class nl.tudelft.rdfgears.rgl.datamodel.value.impl.ModifiableRecord
1166
RGL_VALUE_22651 class nl.tudelft.rdfgears.rgl.datamodel.value.impl.ModifiableRecord
1167
RGL_VALUE_22653 class nl.tudelft.rdfgears.rgl.datamodel.value.impl.ModifiableRecord
1168
RGL_VALUE_22655 class nl.tudelft.rdfgears.rgl.datamodel.value.impl.ModifiableRecord
1169
RGL_VALUE_22657 class nl.tudelft.rdfgears.rgl.datamodel.value.impl.ModifiableRecord
1170
RGL_VALUE_22659 class nl.tudelft.rdfgears.rgl.datamodel.value.impl.ModifiableRecord
1171
RGL_VALUE_22661 class nl.tudelft.rdfgears.rgl.datamodel.value.impl.ModifiableRecord
1172
RGL_VALUE_22663 class nl.tudelft.rdfgears.rgl.datamodel.value.impl.ModifiableRecord
1173
RGL_VALUE_22665 class nl.tudelft.rdfgears.rgl.datamodel.value.impl.ModifiableRecord
1174
RGL_VALUE_22667 class nl.tudelft.rdfgears.rgl.datamodel.value.impl.ModifiableRecord
1175
RGL_VALUE_22669 class nl.tudelft.rdfgears.rgl.datamodel.value.impl.ModifiableRecord
1176
RGL_VALUE_22671 class nl.tudelft.rdfgears.rgl.datamodel.value.impl.ModifiableRecord
1177
RGL_VALUE_22673 class nl.tudelft.rdfgears.rgl.datamodel.value.impl.ModifiableRecord
1178
RGL_VALUE_22675 class nl.tudelft.rdfgears.rgl.datamodel.value.impl.ModifiableRecord
1179
RGL_VALUE_22677 class nl.tudelft.rdfgears.rgl.datamodel.value.impl.ModifiableRecord
1180
RGL_VALUE_22679 class nl.tudelft.rdfgears.rgl.datamodel.value.impl.ModifiableRecord
1181
RGL_VALUE_22681 class nl.tudelft.rdfgears.rgl.datamodel.value.impl.ModifiableRecord
1182
RGL_VALUE_22683 class nl.tudelft.rdfgears.rgl.datamodel.value.impl.ModifiableRecord
1183
RGL_VALUE_22685 class nl.tudelft.rdfgears.rgl.datamodel.value.impl.ModifiableRecord
1184
RGL_VALUE_22687 class nl.tudelft.rdfgears.rgl.datamodel.value.impl.ModifiableRecord
1185
RGL_VALUE_22689 class nl.tudelft.rdfgears.rgl.datamodel.value.impl.ModifiableRecord
1186
RGL_VALUE_22691 class nl.tudelft.rdfgears.rgl.datamodel.value.impl.ModifiableRecord
1187
RGL_VALUE_22693 class nl.tudelft.rdfgears.rgl.datamodel.value.impl.ModifiableRecord
1188
RGL_VALUE_22695 class nl.tudelft.rdfgears.rgl.datamodel.value.impl.ModifiableRecord
1189
RGL_VALUE_22697 class nl.tudelft.rdfgears.rgl.datamodel.value.impl.ModifiableRecord
1190
RGL_VALUE_22699 class nl.tudelft.rdfgears.rgl.datamodel.value.impl.ModifiableRecord
1191
RGL_VALUE_22701 class nl.tudelft.rdfgears.rgl.datamodel.value.impl.ModifiableRecord
1192
RGL_VALUE_22703 class nl.tudelft.rdfgears.rgl.datamodel.value.impl.ModifiableRecord
1193
RGL_VALUE_22705 class nl.tudelft.rdfgears.rgl.datamodel.value.impl.ModifiableRecord
1194
RGL_VALUE_22707 class nl.tudelft.rdfgears.rgl.datamodel.value.impl.ModifiableRecord
1195
RGL_VALUE_22709 class nl.tudelft.rdfgears.rgl.datamodel.value.impl.ModifiableRecord
1196
RGL_VALUE_22711 class nl.tudelft.rdfgears.rgl.datamodel.value.impl.ModifiableRecord
1197
RGL_VALUE_22713 class nl.tudelft.rdfgears.rgl.datamodel.value.impl.ModifiableRecord
1198
RGL_VALUE_22715 class nl.tudelft.rdfgears.rgl.datamodel.value.impl.ModifiableRecord
1199
RGL_VALUE_22717 class nl.tudelft.rdfgears.rgl.datamodel.value.impl.ModifiableRecord
1200
RGL_VALUE_22720 class nl.tudelft.rdfgears.rgl.datamodel.value.impl.ModifiableRecord
1201
RGL_VALUE_22722 class nl.tudelft.rdfgears.rgl.datamodel.value.impl.ModifiableRecord
1202
RGL_VALUE_22724 class nl.tudelft.rdfgears.rgl.datamodel.value.impl.ModifiableRecord
1203
RGL_VALUE_22726 class nl.tudelft.rdfgears.rgl.datamodel.value.impl.ModifiableRecord
1204
RGL_VALUE_22728 class nl.tudelft.rdfgears.rgl.datamodel.value.impl.ModifiableRecord
1205
RGL_VALUE_22730 class nl.tudelft.rdfgears.rgl.datamodel.value.impl.ModifiableRecord
1206
RGL_VALUE_22732 class nl.tudelft.rdfgears.rgl.datamodel.value.impl.ModifiableRecord
1207
RGL_VALUE_22734 class nl.tudelft.rdfgears.rgl.datamodel.value.impl.ModifiableRecord
1208
RGL_VALUE_22736 class nl.tudelft.rdfgears.rgl.datamodel.value.impl.ModifiableRecord
1209
RGL_VALUE_22738 class nl.tudelft.rdfgears.rgl.datamodel.value.impl.ModifiableRecord
1210
RGL_VALUE_22740 class nl.tudelft.rdfgears.rgl.datamodel.value.impl.ModifiableRecord
1211
RGL_VALUE_22742 class nl.tudelft.rdfgears.rgl.datamodel.value.impl.ModifiableRecord
1212
RGL_VALUE_22744 class nl.tudelft.rdfgears.rgl.datamodel.value.impl.ModifiableRecord
1213
RGL_VALUE_22746 class nl.tudelft.rdfgears.rgl.datamodel.value.impl.ModifiableRecord
1214
RGL_VALUE_22748 class nl.tudelft.rdfgears.rgl.datamodel.value.impl.ModifiableRecord
1215
RGL_VALUE_22750 class nl.tudelft.rdfgears.rgl.datamodel.value.impl.ModifiableRecord
1216
RGL_VALUE_22752 class nl.tudelft.rdfgears.rgl.datamodel.value.impl.ModifiableRecord
1217
RGL_VALUE_22754 class nl.tudelft.rdfgears.rgl.datamodel.value.impl.ModifiableRecord
1218
RGL_VALUE_22756 class nl.tudelft.rdfgears.rgl.datamodel.value.impl.ModifiableRecord
1219
RGL_VALUE_22758 class nl.tudelft.rdfgears.rgl.datamodel.value.impl.ModifiableRecord
1220
RGL_VALUE_22760 class nl.tudelft.rdfgears.rgl.datamodel.value.impl.ModifiableRecord
1221
RGL_VALUE_22762 class nl.tudelft.rdfgears.rgl.datamodel.value.impl.ModifiableRecord
1222
RGL_VALUE_22764 class nl.tudelft.rdfgears.rgl.datamodel.value.impl.ModifiableRecord
1223
RGL_VALUE_22766 class nl.tudelft.rdfgears.rgl.datamodel.value.impl.ModifiableRecord
1224
RGL_VALUE_22768 class nl.tudelft.rdfgears.rgl.datamodel.value.impl.ModifiableRecord
1225
RGL_VALUE_22770 class nl.tudelft.rdfgears.rgl.datamodel.value.impl.ModifiableRecord
1226
RGL_VALUE_22772 class nl.tudelft.rdfgears.rgl.datamodel.value.impl.ModifiableRecord
1227
RGL_VALUE_22774 class nl.tudelft.rdfgears.rgl.datamodel.value.impl.ModifiableRecord
1228
RGL_VALUE_22776 class nl.tudelft.rdfgears.rgl.datamodel.value.impl.ModifiableRecord
1229
RGL_VALUE_22778 class nl.tudelft.rdfgears.rgl.datamodel.value.impl.ModifiableRecord
1230
RGL_VALUE_22780 class nl.tudelft.rdfgears.rgl.datamodel.value.impl.ModifiableRecord
1231
RGL_VALUE_22782 class nl.tudelft.rdfgears.rgl.datamodel.value.impl.ModifiableRecord
1232
RGL_VALUE_22784 class nl.tudelft.rdfgears.rgl.datamodel.value.impl.ModifiableRecord
1233
RGL_VALUE_22786 class nl.tudelft.rdfgears.rgl.datamodel.value.impl.ModifiableRecord
1234
RGL_VALUE_22788 class nl.tudelft.rdfgears.rgl.datamodel.value.impl.ModifiableRecord
1235
RGL_VALUE_22790 class nl.tudelft.rdfgears.rgl.datamodel.value.impl.ModifiableRecord
1236
RGL_VALUE_22792 class nl.tudelft.rdfgears.rgl.datamodel.value.impl.ModifiableRecord
1237
RGL_VALUE_22794 class nl.tudelft.rdfgears.rgl.datamodel.value.impl.ModifiableRecord
1238
RGL_VALUE_22796 class nl.tudelft.rdfgears.rgl.datamodel.value.impl.ModifiableRecord
1239
RGL_VALUE_22798 class nl.tudelft.rdfgears.rgl.datamodel.value.impl.ModifiableRecord
1240
RGL_VALUE_22800 class nl.tudelft.rdfgears.rgl.datamodel.value.impl.ModifiableRecord
1241
RGL_VALUE_22802 class nl.tudelft.rdfgears.rgl.datamodel.value.impl.ModifiableRecord
1242
RGL_VALUE_22804 class nl.tudelft.rdfgears.rgl.datamodel.value.impl.ModifiableRecord
1243
RGL_VALUE_22806 class nl.tudelft.rdfgears.rgl.datamodel.value.impl.ModifiableRecord
1244
RGL_VALUE_22808 class nl.tudelft.rdfgears.rgl.datamodel.value.impl.ModifiableRecord
1245
RGL_VALUE_22810 class nl.tudelft.rdfgears.rgl.datamodel.value.impl.ModifiableRecord
1246
RGL_VALUE_22812 class nl.tudelft.rdfgears.rgl.datamodel.value.impl.ModifiableRecord
1247
RGL_VALUE_22814 class nl.tudelft.rdfgears.rgl.datamodel.value.impl.ModifiableRecord
1248
RGL_VALUE_22816 class nl.tudelft.rdfgears.rgl.datamodel.value.impl.ModifiableRecord
1249
RGL_VALUE_22818 class nl.tudelft.rdfgears.rgl.datamodel.value.impl.ModifiableRecord
1250
RGL_VALUE_22820 class nl.tudelft.rdfgears.rgl.datamodel.value.impl.ModifiableRecord
1251
RGL_VALUE_22822 class nl.tudelft.rdfgears.rgl.datamodel.value.impl.ModifiableRecord
1252
RGL_VALUE_22824 class nl.tudelft.rdfgears.rgl.datamodel.value.impl.ModifiableRecord
1253
RGL_VALUE_22826 class nl.tudelft.rdfgears.rgl.datamodel.value.impl.ModifiableRecord
1254
RGL_VALUE_22828 class nl.tudelft.rdfgears.rgl.datamodel.value.impl.ModifiableRecord
1255
RGL_VALUE_22830 class nl.tudelft.rdfgears.rgl.datamodel.value.impl.ModifiableRecord
1256
RGL_VALUE_22832 class nl.tudelft.rdfgears.rgl.datamodel.value.impl.ModifiableRecord
1257
RGL_VALUE_22834 class nl.tudelft.rdfgears.rgl.datamodel.value.impl.ModifiableRecord
1258
RGL_VALUE_22836 class nl.tudelft.rdfgears.rgl.datamodel.value.impl.ModifiableRecord
1259
RGL_VALUE_22838 class nl.tudelft.rdfgears.rgl.datamodel.value.impl.ModifiableRecord
1260
RGL_VALUE_22840 class nl.tudelft.rdfgears.rgl.datamodel.value.impl.ModifiableRecord
1261
RGL_VALUE_22842 class nl.tudelft.rdfgears.rgl.datamodel.value.impl.ModifiableRecord
1262
RGL_VALUE_22844 class nl.tudelft.rdfgears.rgl.datamodel.value.impl.ModifiableRecord
1263
RGL_VALUE_22846 class nl.tudelft.rdfgears.rgl.datamodel.value.impl.ModifiableRecord
1264
RGL_VALUE_22848 class nl.tudelft.rdfgears.rgl.datamodel.value.impl.ModifiableRecord
1265
RGL_VALUE_22850 class nl.tudelft.rdfgears.rgl.datamodel.value.impl.ModifiableRecord
1266
RGL_VALUE_22852 class nl.tudelft.rdfgears.rgl.datamodel.value.impl.ModifiableRecord
1267
RGL_VALUE_22854 class nl.tudelft.rdfgears.rgl.datamodel.value.impl.ModifiableRecord
1268
RGL_VALUE_22856 class nl.tudelft.rdfgears.rgl.datamodel.value.impl.ModifiableRecord
1269
RGL_VALUE_22858 class nl.tudelft.rdfgears.rgl.datamodel.value.impl.ModifiableRecord
1270
RGL_VALUE_22860 class nl.tudelft.rdfgears.rgl.datamodel.value.impl.ModifiableRecord
1271
RGL_VALUE_22862 class nl.tudelft.rdfgears.rgl.datamodel.value.impl.ModifiableRecord
1272
RGL_VALUE_22864 class nl.tudelft.rdfgears.rgl.datamodel.value.impl.ModifiableRecord
1273
RGL_VALUE_22866 class nl.tudelft.rdfgears.rgl.datamodel.value.impl.ModifiableRecord
1274
RGL_VALUE_22868 class nl.tudelft.rdfgears.rgl.datamodel.value.impl.ModifiableRecord
1275
RGL_VALUE_22870 class nl.tudelft.rdfgears.rgl.datamodel.value.impl.ModifiableRecord
1276
RGL_VALUE_22872 class nl.tudelft.rdfgears.rgl.datamodel.value.impl.ModifiableRecord
1277
RGL_VALUE_22874 class nl.tudelft.rdfgears.rgl.datamodel.value.impl.ModifiableRecord
1278
RGL_VALUE_22876 class nl.tudelft.rdfgears.rgl.datamodel.value.impl.ModifiableRecord
1279
RGL_VALUE_22878 class nl.tudelft.rdfgears.rgl.datamodel.value.impl.ModifiableRecord
1280
RGL_VALUE_22880 class nl.tudelft.rdfgears.rgl.datamodel.value.impl.ModifiableRecord
1281
RGL_VALUE_22882 class nl.tudelft.rdfgears.rgl.datamodel.value.impl.ModifiableRecord
1282
RGL_VALUE_22884 class nl.tudelft.rdfgears.rgl.datamodel.value.impl.ModifiableRecord
1283
RGL_VALUE_22886 class nl.tudelft.rdfgears.rgl.datamodel.value.impl.ModifiableRecord
1284
RGL_VALUE_22888 class nl.tudelft.rdfgears.rgl.datamodel.value.impl.ModifiableRecord
1285
RGL_VALUE_22890 class nl.tudelft.rdfgears.rgl.datamodel.value.impl.ModifiableRecord
1286
RGL_VALUE_22892 class nl.tudelft.rdfgears.rgl.datamodel.value.impl.ModifiableRecord
1287
RGL_VALUE_22894 class nl.tudelft.rdfgears.rgl.datamodel.value.impl.ModifiableRecord
1288
RGL_VALUE_22896 class nl.tudelft.rdfgears.rgl.datamodel.value.impl.ModifiableRecord
1289
RGL_VALUE_22898 class nl.tudelft.rdfgears.rgl.datamodel.value.impl.ModifiableRecord
1290
RGL_VALUE_22900 class nl.tudelft.rdfgears.rgl.datamodel.value.impl.ModifiableRecord
1291
RGL_VALUE_22902 class nl.tudelft.rdfgears.rgl.datamodel.value.impl.ModifiableRecord
1292
RGL_VALUE_22904 class nl.tudelft.rdfgears.rgl.datamodel.value.impl.ModifiableRecord
1293
RGL_VALUE_22906 class nl.tudelft.rdfgears.rgl.datamodel.value.impl.ModifiableRecord
1294
RGL_VALUE_22908 class nl.tudelft.rdfgears.rgl.datamodel.value.impl.ModifiableRecord
1295
RGL_VALUE_22910 class nl.tudelft.rdfgears.rgl.datamodel.value.impl.ModifiableRecord
1296
RGL_VALUE_22912 class nl.tudelft.rdfgears.rgl.datamodel.value.impl.ModifiableRecord
1297
RGL_VALUE_22914 class nl.tudelft.rdfgears.rgl.datamodel.value.impl.ModifiableRecord
1298
RGL_VALUE_22916 class nl.tudelft.rdfgears.rgl.datamodel.value.impl.ModifiableRecord
1299
RGL_VALUE_22918 class nl.tudelft.rdfgears.rgl.datamodel.value.impl.ModifiableRecord
1300
RGL_VALUE_22921 class nl.tudelft.rdfgears.rgl.datamodel.value.impl.ModifiableRecord
1301
RGL_VALUE_22923 class nl.tudelft.rdfgears.rgl.datamodel.value.impl.ModifiableRecord
1302
RGL_VALUE_22925 class nl.tudelft.rdfgears.rgl.datamodel.value.impl.ModifiableRecord
1303
RGL_VALUE_22927 class nl.tudelft.rdfgears.rgl.datamodel.value.impl.ModifiableRecord
1304
RGL_VALUE_22929 class nl.tudelft.rdfgears.rgl.datamodel.value.impl.ModifiableRecord
1305
RGL_VALUE_22931 class nl.tudelft.rdfgears.rgl.datamodel.value.impl.ModifiableRecord
1306
RGL_VALUE_22933 class nl.tudelft.rdfgears.rgl.datamodel.value.impl.ModifiableRecord
1307
RGL_VALUE_22935 class nl.tudelft.rdfgears.rgl.datamodel.value.impl.ModifiableRecord
1308
RGL_VALUE_22937 class nl.tudelft.rdfgears.rgl.datamodel.value.impl.ModifiableRecord
1309
RGL_VALUE_22939 class nl.tudelft.rdfgears.rgl.datamodel.value.impl.ModifiableRecord
1310
RGL_VALUE_22941 class nl.tudelft.rdfgears.rgl.datamodel.value.impl.ModifiableRecord
1311
RGL_VALUE_22943 class nl.tudelft.rdfgears.rgl.datamodel.value.impl.ModifiableRecord
1312
RGL_VALUE_22945 class nl.tudelft.rdfgears.rgl.datamodel.value.impl.ModifiableRecord
1313
RGL_VALUE_22947 class nl.tudelft.rdfgears.rgl.datamodel.value.impl.ModifiableRecord
1314
RGL_VALUE_22949 class nl.tudelft.rdfgears.rgl.datamodel.value.impl.ModifiableRecord
1315
RGL_VALUE_22951 class nl.tudelft.rdfgears.rgl.datamodel.value.impl.ModifiableRecord
1316
RGL_VALUE_22953 class nl.tudelft.rdfgears.rgl.datamodel.value.impl.ModifiableRecord
1317
RGL_VALUE_22955 class nl.tudelft.rdfgears.rgl.datamodel.value.impl.ModifiableRecord
1318
RGL_VALUE_22957 class nl.tudelft.rdfgears.rgl.datamodel.value.impl.ModifiableRecord
1319
RGL_VALUE_22959 class nl.tudelft.rdfgears.rgl.datamodel.value.impl.ModifiableRecord
1320
RGL_VALUE_22961 class nl.tudelft.rdfgears.rgl.datamodel.value.impl.ModifiableRecord
1321
RGL_VALUE_22963 class nl.tudelft.rdfgears.rgl.datamodel.value.impl.ModifiableRecord
1322
RGL_VALUE_22965 class nl.tudelft.rdfgears.rgl.datamodel.value.impl.ModifiableRecord
1323
RGL_VALUE_22967 class nl.tudelft.rdfgears.rgl.datamodel.value.impl.ModifiableRecord
1324
RGL_VALUE_22969 class nl.tudelft.rdfgears.rgl.datamodel.value.impl.ModifiableRecord
1325
RGL_VALUE_22971 class nl.tudelft.rdfgears.rgl.datamodel.value.impl.ModifiableRecord
1326
RGL_VALUE_22973 class nl.tudelft.rdfgears.rgl.datamodel.value.impl.ModifiableRecord
1327
RGL_VALUE_22975 class nl.tudelft.rdfgears.rgl.datamodel.value.impl.ModifiableRecord
1328
RGL_VALUE_22977 class nl.tudelft.rdfgears.rgl.datamodel.value.impl.ModifiableRecord
1329
RGL_VALUE_22979 class nl.tudelft.rdfgears.rgl.datamodel.value.impl.ModifiableRecord
1330
RGL_VALUE_22981 class nl.tudelft.rdfgears.rgl.datamodel.value.impl.ModifiableRecord
1331
RGL_VALUE_22983 class nl.tudelft.rdfgears.rgl.datamodel.value.impl.ModifiableRecord
1332
RGL_VALUE_22985 class nl.tudelft.rdfgears.rgl.datamodel.value.impl.ModifiableRecord
1333
RGL_VALUE_22987 class nl.tudelft.rdfgears.rgl.datamodel.value.impl.ModifiableRecord
1334
RGL_VALUE_22989 class nl.tudelft.rdfgears.rgl.datamodel.value.impl.ModifiableRecord
1335
RGL_VALUE_22991 class nl.tudelft.rdfgears.rgl.datamodel.value.impl.ModifiableRecord
1336
RGL_VALUE_22993 class nl.tudelft.rdfgears.rgl.datamodel.value.impl.ModifiableRecord
1337
RGL_VALUE_22995 class nl.tudelft.rdfgears.rgl.datamodel.value.impl.ModifiableRecord
1338
RGL_VALUE_22997 class nl.tudelft.rdfgears.rgl.datamodel.value.impl.ModifiableRecord
1339
RGL_VALUE_22999 class nl.tudelft.rdfgears.rgl.datamodel.value.impl.ModifiableRecord
1340
RGL_VALUE_23001 class nl.tudelft.rdfgears.rgl.datamodel.value.impl.ModifiableRecord
1341
RGL_VALUE_23003 class nl.tudelft.rdfgears.rgl.datamodel.value.impl.ModifiableRecord
1342
RGL_VALUE_23005 class nl.tudelft.rdfgears.rgl.datamodel.value.impl.ModifiableRecord
1343
RGL_VALUE_23007 class nl.tudelft.rdfgears.rgl.datamodel.value.impl.ModifiableRecord
1344
RGL_VALUE_23009 class nl.tudelft.rdfgears.rgl.datamodel.value.impl.ModifiableRecord
1345
RGL_VALUE_23011 class nl.tudelft.rdfgears.rgl.datamodel.value.impl.ModifiableRecord
1346
RGL_VALUE_23013 class nl.tudelft.rdfgears.rgl.datamodel.value.impl.ModifiableRecord
1347
RGL_VALUE_23015 class nl.tudelft.rdfgears.rgl.datamodel.value.impl.ModifiableRecord
1348
RGL_VALUE_23017 class nl.tudelft.rdfgears.rgl.datamodel.value.impl.ModifiableRecord
1349
RGL_VALUE_23019 class nl.tudelft.rdfgears.rgl.datamodel.value.impl.ModifiableRecord
1350
RGL_VALUE_23021 class nl.tudelft.rdfgears.rgl.datamodel.value.impl.ModifiableRecord
1351
RGL_VALUE_23023 class nl.tudelft.rdfgears.rgl.datamodel.value.impl.ModifiableRecord
1352
RGL_VALUE_23025 class nl.tudelft.rdfgears.rgl.datamodel.value.impl.ModifiableRecord
1353
RGL_VALUE_23027 class nl.tudelft.rdfgears.rgl.datamodel.value.impl.ModifiableRecord
1354
RGL_VALUE_23029 class nl.tudelft.rdfgears.rgl.datamodel.value.impl.ModifiableRecord
1355
RGL_VALUE_23031 class nl.tudelft.rdfgears.rgl.datamodel.value.impl.ModifiableRecord
1356
RGL_VALUE_23033 class nl.tudelft.rdfgears.rgl.datamodel.value.impl.ModifiableRecord
1357
RGL_VALUE_23035 class nl.tudelft.rdfgears.rgl.datamodel.value.impl.ModifiableRecord
1358
RGL_VALUE_23037 class nl.tudelft.rdfgears.rgl.datamodel.value.impl.ModifiableRecord
1359
RGL_VALUE_23039 class nl.tudelft.rdfgears.rgl.datamodel.value.impl.ModifiableRecord
1360
RGL_VALUE_23041 class nl.tudelft.rdfgears.rgl.datamodel.value.impl.ModifiableRecord
1361
RGL_VALUE_23043 class nl.tudelft.rdfgears.rgl.datamodel.value.impl.ModifiableRecord
1362
RGL_VALUE_23045 class nl.tudelft.rdfgears.rgl.datamodel.value.impl.ModifiableRecord
1363
RGL_VALUE_23047 class nl.tudelft.rdfgears.rgl.datamodel.value.impl.ModifiableRecord
1364
RGL_VALUE_23049 class nl.tudelft.rdfgears.rgl.datamodel.value.impl.ModifiableRecord
1365
RGL_VALUE_23051 class nl.tudelft.rdfgears.rgl.datamodel.value.impl.ModifiableRecord
1366
RGL_VALUE_23053 class nl.tudelft.rdfgears.rgl.datamodel.value.impl.ModifiableRecord
1367
RGL_VALUE_23055 class nl.tudelft.rdfgears.rgl.datamodel.value.impl.ModifiableRecord
1368
RGL_VALUE_23057 class nl.tudelft.rdfgears.rgl.datamodel.value.impl.ModifiableRecord
1369
RGL_VALUE_23059 class nl.tudelft.rdfgears.rgl.datamodel.value.impl.ModifiableRecord
1370
RGL_VALUE_23061 class nl.tudelft.rdfgears.rgl.datamodel.value.impl.ModifiableRecord
1371
RGL_VALUE_23063 class nl.tudelft.rdfgears.rgl.datamodel.value.impl.ModifiableRecord
1372
RGL_VALUE_23065 class nl.tudelft.rdfgears.rgl.datamodel.value.impl.ModifiableRecord
1373
RGL_VALUE_23067 class nl.tudelft.rdfgears.rgl.datamodel.value.impl.ModifiableRecord
1374
RGL_VALUE_23069 class nl.tudelft.rdfgears.rgl.datamodel.value.impl.ModifiableRecord
1375
RGL_VALUE_23071 class nl.tudelft.rdfgears.rgl.datamodel.value.impl.ModifiableRecord
1376
RGL_VALUE_23073 class nl.tudelft.rdfgears.rgl.datamodel.value.impl.ModifiableRecord
1377
RGL_VALUE_23075 class nl.tudelft.rdfgears.rgl.datamodel.value.impl.ModifiableRecord
1378
RGL_VALUE_23077 class nl.tudelft.rdfgears.rgl.datamodel.value.impl.ModifiableRecord
1379
RGL_VALUE_23079 class nl.tudelft.rdfgears.rgl.datamodel.value.impl.ModifiableRecord
1380
RGL_VALUE_23081 class nl.tudelft.rdfgears.rgl.datamodel.value.impl.ModifiableRecord
1381
RGL_VALUE_23083 class nl.tudelft.rdfgears.rgl.datamodel.value.impl.ModifiableRecord
1382
RGL_VALUE_23085 class nl.tudelft.rdfgears.rgl.datamodel.value.impl.ModifiableRecord
1383
RGL_VALUE_23087 class nl.tudelft.rdfgears.rgl.datamodel.value.impl.ModifiableRecord
1384
RGL_VALUE_23089 class nl.tudelft.rdfgears.rgl.datamodel.value.impl.ModifiableRecord
1385
RGL_VALUE_23091 class nl.tudelft.rdfgears.rgl.datamodel.value.impl.ModifiableRecord
1386
RGL_VALUE_23093 class nl.tudelft.rdfgears.rgl.datamodel.value.impl.ModifiableRecord
1387
RGL_VALUE_23095 class nl.tudelft.rdfgears.rgl.datamodel.value.impl.ModifiableRecord
1388
RGL_VALUE_23097 class nl.tudelft.rdfgears.rgl.datamodel.value.impl.ModifiableRecord
1389
RGL_VALUE_23099 class nl.tudelft.rdfgears.rgl.datamodel.value.impl.ModifiableRecord
1390
RGL_VALUE_23101 class nl.tudelft.rdfgears.rgl.datamodel.value.impl.ModifiableRecord
1391
RGL_VALUE_23103 class nl.tudelft.rdfgears.rgl.datamodel.value.impl.ModifiableRecord
1392
RGL_VALUE_23105 class nl.tudelft.rdfgears.rgl.datamodel.value.impl.ModifiableRecord
1393
RGL_VALUE_23107 class nl.tudelft.rdfgears.rgl.datamodel.value.impl.ModifiableRecord
1394
RGL_VALUE_23109 class nl.tudelft.rdfgears.rgl.datamodel.value.impl.ModifiableRecord
1395
RGL_VALUE_23111 class nl.tudelft.rdfgears.rgl.datamodel.value.impl.ModifiableRecord
1396
RGL_VALUE_23113 class nl.tudelft.rdfgears.rgl.datamodel.value.impl.ModifiableRecord
1397
RGL_VALUE_23115 class nl.tudelft.rdfgears.rgl.datamodel.value.impl.ModifiableRecord
1398
RGL_VALUE_23117 class nl.tudelft.rdfgears.rgl.datamodel.value.impl.ModifiableRecord
1399
RGL_VALUE_23119 class nl.tudelft.rdfgears.rgl.datamodel.value.impl.ModifiableRecord
1400
RGL_VALUE_23122 class nl.tudelft.rdfgears.rgl.datamodel.value.impl.ModifiableRecord
1401
RGL_VALUE_23124 class nl.tudelft.rdfgears.rgl.datamodel.value.impl.ModifiableRecord
1402
RGL_VALUE_23126 class nl.tudelft.rdfgears.rgl.datamodel.value.impl.ModifiableRecord
1403
RGL_VALUE_23128 class nl.tudelft.rdfgears.rgl.datamodel.value.impl.ModifiableRecord
1404
RGL_VALUE_23130 class nl.tudelft.rdfgears.rgl.datamodel.value.impl.ModifiableRecord
1405
RGL_VALUE_23132 class nl.tudelft.rdfgears.rgl.datamodel.value.impl.ModifiableRecord
1406
RGL_VALUE_23134 class nl.tudelft.rdfgears.rgl.datamodel.value.impl.ModifiableRecord
1407
RGL_VALUE_23136 class nl.tudelft.rdfgears.rgl.datamodel.value.impl.ModifiableRecord
1408
RGL_VALUE_23138 class nl.tudelft.rdfgears.rgl.datamodel.value.impl.ModifiableRecord
1409
RGL_VALUE_23140 class nl.tudelft.rdfgears.rgl.datamodel.value.impl.ModifiableRecord
1410
RGL_VALUE_23142 class nl.tudelft.rdfgears.rgl.datamodel.value.impl.ModifiableRecord
1411
RGL_VALUE_23144 class nl.tudelft.rdfgears.rgl.datamodel.value.impl.ModifiableRecord
1412
RGL_VALUE_23146 class nl.tudelft.rdfgears.rgl.datamodel.value.impl.ModifiableRecord
1413
RGL_VALUE_23148 class nl.tudelft.rdfgears.rgl.datamodel.value.impl.ModifiableRecord
1414
RGL_VALUE_23150 class nl.tudelft.rdfgears.rgl.datamodel.value.impl.ModifiableRecord
1415
RGL_VALUE_23152 class nl.tudelft.rdfgears.rgl.datamodel.value.impl.ModifiableRecord
1416
RGL_VALUE_23154 class nl.tudelft.rdfgears.rgl.datamodel.value.impl.ModifiableRecord
1417
RGL_VALUE_23156 class nl.tudelft.rdfgears.rgl.datamodel.value.impl.ModifiableRecord
1418
RGL_VALUE_23158 class nl.tudelft.rdfgears.rgl.datamodel.value.impl.ModifiableRecord
1419
RGL_VALUE_23160 class nl.tudelft.rdfgears.rgl.datamodel.value.impl.ModifiableRecord
1420
RGL_VALUE_23162 class nl.tudelft.rdfgears.rgl.datamodel.value.impl.ModifiableRecord
1421
RGL_VALUE_23164 class nl.tudelft.rdfgears.rgl.datamodel.value.impl.ModifiableRecord
1422
RGL_VALUE_23166 class nl.tudelft.rdfgears.rgl.datamodel.value.impl.ModifiableRecord
1423
RGL_VALUE_23168 class nl.tudelft.rdfgears.rgl.datamodel.value.impl.ModifiableRecord
1424
RGL_VALUE_23170 class nl.tudelft.rdfgears.rgl.datamodel.value.impl.ModifiableRecord
1425
RGL_VALUE_23172 class nl.tudelft.rdfgears.rgl.datamodel.value.impl.ModifiableRecord
1426
RGL_VALUE_23174 class nl.tudelft.rdfgears.rgl.datamodel.value.impl.ModifiableRecord
1427
RGL_VALUE_23176 class nl.tudelft.rdfgears.rgl.datamodel.value.impl.ModifiableRecord
1428
RGL_VALUE_23178 class nl.tudelft.rdfgears.rgl.datamodel.value.impl.ModifiableRecord
1429
RGL_VALUE_23180 class nl.tudelft.rdfgears.rgl.datamodel.value.impl.ModifiableRecord
1430
RGL_VALUE_23182 class nl.tudelft.rdfgears.rgl.datamodel.value.impl.ModifiableRecord
1431
RGL_VALUE_23184 class nl.tudelft.rdfgears.rgl.datamodel.value.impl.ModifiableRecord
1432
RGL_VALUE_23186 class nl.tudelft.rdfgears.rgl.datamodel.value.impl.ModifiableRecord
1433
RGL_VALUE_23188 class nl.tudelft.rdfgears.rgl.datamodel.value.impl.ModifiableRecord
1434
RGL_VALUE_23190 class nl.tudelft.rdfgears.rgl.datamodel.value.impl.ModifiableRecord
1435
RGL_VALUE_23192 class nl.tudelft.rdfgears.rgl.datamodel.value.impl.ModifiableRecord
1436
RGL_VALUE_23194 class nl.tudelft.rdfgears.rgl.datamodel.value.impl.ModifiableRecord
1437
RGL_VALUE_23196 class nl.tudelft.rdfgears.rgl.datamodel.value.impl.ModifiableRecord
1438
RGL_VALUE_23198 class nl.tudelft.rdfgears.rgl.datamodel.value.impl.ModifiableRecord
1439
RGL_VALUE_23200 class nl.tudelft.rdfgears.rgl.datamodel.value.impl.ModifiableRecord
1440
RGL_VALUE_23202 class nl.tudelft.rdfgears.rgl.datamodel.value.impl.ModifiableRecord
1441
RGL_VALUE_23204 class nl.tudelft.rdfgears.rgl.datamodel.value.impl.ModifiableRecord
1442
RGL_VALUE_23206 class nl.tudelft.rdfgears.rgl.datamodel.value.impl.ModifiableRecord
1443
RGL_VALUE_23208 class nl.tudelft.rdfgears.rgl.datamodel.value.impl.ModifiableRecord
1444
RGL_VALUE_23210 class nl.tudelft.rdfgears.rgl.datamodel.value.impl.ModifiableRecord
1445
RGL_VALUE_23212 class nl.tudelft.rdfgears.rgl.datamodel.value.impl.ModifiableRecord
1446
RGL_VALUE_23214 class nl.tudelft.rdfgears.rgl.datamodel.value.impl.ModifiableRecord
1447
RGL_VALUE_23216 class nl.tudelft.rdfgears.rgl.datamodel.value.impl.ModifiableRecord
1448
RGL_VALUE_23218 class nl.tudelft.rdfgears.rgl.datamodel.value.impl.ModifiableRecord
1449
RGL_VALUE_23220 class nl.tudelft.rdfgears.rgl.datamodel.value.impl.ModifiableRecord
1450
RGL_VALUE_23222 class nl.tudelft.rdfgears.rgl.datamodel.value.impl.ModifiableRecord
1451
RGL_VALUE_23224 class nl.tudelft.rdfgears.rgl.datamodel.value.impl.ModifiableRecord
1452
RGL_VALUE_23226 class nl.tudelft.rdfgears.rgl.datamodel.value.impl.ModifiableRecord
1453
RGL_VALUE_23228 class nl.tudelft.rdfgears.rgl.datamodel.value.impl.ModifiableRecord
1454
RGL_VALUE_23230 class nl.tudelft.rdfgears.rgl.datamodel.value.impl.ModifiableRecord
1455
RGL_VALUE_23232 class nl.tudelft.rdfgears.rgl.datamodel.value.impl.ModifiableRecord
1456
RGL_VALUE_23234 class nl.tudelft.rdfgears.rgl.datamodel.value.impl.ModifiableRecord
1457
RGL_VALUE_23236 class nl.tudelft.rdfgears.rgl.datamodel.value.impl.ModifiableRecord
1458
RGL_VALUE_23238 class nl.tudelft.rdfgears.rgl.datamodel.value.impl.ModifiableRecord
1459
RGL_VALUE_23240 class nl.tudelft.rdfgears.rgl.datamodel.value.impl.ModifiableRecord
1460
RGL_VALUE_23242 class nl.tudelft.rdfgears.rgl.datamodel.value.impl.ModifiableRecord
1461
RGL_VALUE_23244 class nl.tudelft.rdfgears.rgl.datamodel.value.impl.ModifiableRecord
1462
RGL_VALUE_23246 class nl.tudelft.rdfgears.rgl.datamodel.value.impl.ModifiableRecord
1463
RGL_VALUE_23248 class nl.tudelft.rdfgears.rgl.datamodel.value.impl.ModifiableRecord
1464
RGL_VALUE_23250 class nl.tudelft.rdfgears.rgl.datamodel.value.impl.ModifiableRecord
1465
RGL_VALUE_23252 class nl.tudelft.rdfgears.rgl.datamodel.value.impl.ModifiableRecord
1466
RGL_VALUE_23254 class nl.tudelft.rdfgears.rgl.datamodel.value.impl.ModifiableRecord
1467
RGL_VALUE_23256 class nl.tudelft.rdfgears.rgl.datamodel.value.impl.ModifiableRecord
1468
RGL_VALUE_23258 class nl.tudelft.rdfgears.rgl.datamodel.value.impl.ModifiableRecord
1469
RGL_VALUE_23260 class nl.tudelft.rdfgears.rgl.datamodel.value.impl.ModifiableRecord
1470
RGL_VALUE_23262 class nl.tudelft.rdfgears.rgl.datamodel.value.impl.ModifiableRecord
1471
RGL_VALUE_23264 class nl.tudelft.rdfgears.rgl.datamodel.value.impl.ModifiableRecord
1472
RGL_VALUE_23266 class nl.tudelft.rdfgears.rgl.datamodel.value.impl.ModifiableRecord
1473
RGL_VALUE_23268 class nl.tudelft.rdfgears.rgl.datamodel.value.impl.ModifiableRecord
1474
RGL_VALUE_23270 class nl.tudelft.rdfgears.rgl.datamodel.value.impl.ModifiableRecord
1475
RGL_VALUE_23272 class nl.tudelft.rdfgears.rgl.datamodel.value.impl.ModifiableRecord
1476
RGL_VALUE_23274 class nl.tudelft.rdfgears.rgl.datamodel.value.impl.ModifiableRecord
1477
RGL_VALUE_23276 class nl.tudelft.rdfgears.rgl.datamodel.value.impl.ModifiableRecord
1478
RGL_VALUE_23278 class nl.tudelft.rdfgears.rgl.datamodel.value.impl.ModifiableRecord
1479
RGL_VALUE_23280 class nl.tudelft.rdfgears.rgl.datamodel.value.impl.ModifiableRecord
1480
RGL_VALUE_23282 class nl.tudelft.rdfgears.rgl.datamodel.value.impl.ModifiableRecord
1481
RGL_VALUE_23284 class nl.tudelft.rdfgears.rgl.datamodel.value.impl.ModifiableRecord
1482
RGL_VALUE_23286 class nl.tudelft.rdfgears.rgl.datamodel.value.impl.ModifiableRecord
1483
RGL_VALUE_23288 class nl.tudelft.rdfgears.rgl.datamodel.value.impl.ModifiableRecord
1484
RGL_VALUE_23290 class nl.tudelft.rdfgears.rgl.datamodel.value.impl.ModifiableRecord
1485
RGL_VALUE_23292 class nl.tudelft.rdfgears.rgl.datamodel.value.impl.ModifiableRecord
1486
RGL_VALUE_23294 class nl.tudelft.rdfgears.rgl.datamodel.value.impl.ModifiableRecord
1487
RGL_VALUE_23296 class nl.tudelft.rdfgears.rgl.datamodel.value.impl.ModifiableRecord
1488
RGL_VALUE_23298 class nl.tudelft.rdfgears.rgl.datamodel.value.impl.ModifiableRecord
1489
RGL_VALUE_23300 class nl.tudelft.rdfgears.rgl.datamodel.value.impl.ModifiableRecord
1490
RGL_VALUE_23302 class nl.tudelft.rdfgears.rgl.datamodel.value.impl.ModifiableRecord
1491
RGL_VALUE_23304 class nl.tudelft.rdfgears.rgl.datamodel.value.impl.ModifiableRecord
1492
RGL_VALUE_23306 class nl.tudelft.rdfgears.rgl.datamodel.value.impl.ModifiableRecord
1493
RGL_VALUE_23308 class nl.tudelft.rdfgears.rgl.datamodel.value.impl.ModifiableRecord
1494
RGL_VALUE_23310 class nl.tudelft.rdfgears.rgl.datamodel.value.impl.ModifiableRecord
1495
RGL_VALUE_23312 class nl.tudelft.rdfgears.rgl.datamodel.value.impl.ModifiableRecord
1496
RGL_VALUE_23314 class nl.tudelft.rdfgears.rgl.datamodel.value.impl.ModifiableRecord
1497
RGL_VALUE_23316 class nl.tudelft.rdfgears.rgl.datamodel.value.impl.ModifiableRecord
1498
RGL_VALUE_23318 class nl.tudelft.rdfgears.rgl.datamodel.value.impl.ModifiableRecord
1499
RGL_VALUE_23320 class nl.tudelft.rdfgears.rgl.datamodel.value.impl.ModifiableRecord
1500
RGL_VALUE_23323 class nl.tudelft.rdfgears.rgl.datamodel.value.impl.ModifiableRecord
1501
RGL_VALUE_23325 class nl.tudelft.rdfgears.rgl.datamodel.value.impl.ModifiableRecord
1502
RGL_VALUE_23327 class nl.tudelft.rdfgears.rgl.datamodel.value.impl.ModifiableRecord
1503
RGL_VALUE_23329 class nl.tudelft.rdfgears.rgl.datamodel.value.impl.ModifiableRecord
1504
RGL_VALUE_23331 class nl.tudelft.rdfgears.rgl.datamodel.value.impl.ModifiableRecord
1505
RGL_VALUE_23333 class nl.tudelft.rdfgears.rgl.datamodel.value.impl.ModifiableRecord
1506
RGL_VALUE_23335 class nl.tudelft.rdfgears.rgl.datamodel.value.impl.ModifiableRecord
1507
RGL_VALUE_23337 class nl.tudelft.rdfgears.rgl.datamodel.value.impl.ModifiableRecord
1508
RGL_VALUE_23339 class nl.tudelft.rdfgears.rgl.datamodel.value.impl.ModifiableRecord
1509
RGL_VALUE_23341 class nl.tudelft.rdfgears.rgl.datamodel.value.impl.ModifiableRecord
1510
RGL_VALUE_23343 class nl.tudelft.rdfgears.rgl.datamodel.value.impl.ModifiableRecord
1511
RGL_VALUE_23345 class nl.tudelft.rdfgears.rgl.datamodel.value.impl.ModifiableRecord
1512
RGL_VALUE_23347 class nl.tudelft.rdfgears.rgl.datamodel.value.impl.ModifiableRecord
1513
RGL_VALUE_23349 class nl.tudelft.rdfgears.rgl.datamodel.value.impl.ModifiableRecord
1514
RGL_VALUE_23351 class nl.tudelft.rdfgears.rgl.datamodel.value.impl.ModifiableRecord
1515
RGL_VALUE_23353 class nl.tudelft.rdfgears.rgl.datamodel.value.impl.ModifiableRecord
1516
RGL_VALUE_23355 class nl.tudelft.rdfgears.rgl.datamodel.value.impl.ModifiableRecord
1517
RGL_VALUE_23357 class nl.tudelft.rdfgears.rgl.datamodel.value.impl.ModifiableRecord
1518
RGL_VALUE_23359 class nl.tudelft.rdfgears.rgl.datamodel.value.impl.ModifiableRecord
1519
RGL_VALUE_23361 class nl.tudelft.rdfgears.rgl.datamodel.value.impl.ModifiableRecord
1520
RGL_VALUE_23363 class nl.tudelft.rdfgears.rgl.datamodel.value.impl.ModifiableRecord
1521
RGL_VALUE_23365 class nl.tudelft.rdfgears.rgl.datamodel.value.impl.ModifiableRecord
1522
RGL_VALUE_23367 class nl.tudelft.rdfgears.rgl.datamodel.value.impl.ModifiableRecord
1523
RGL_VALUE_23369 class nl.tudelft.rdfgears.rgl.datamodel.value.impl.ModifiableRecord
1524
RGL_VALUE_23371 class nl.tudelft.rdfgears.rgl.datamodel.value.impl.ModifiableRecord
1525
RGL_VALUE_23373 class nl.tudelft.rdfgears.rgl.datamodel.value.impl.ModifiableRecord
1526
RGL_VALUE_23375 class nl.tudelft.rdfgears.rgl.datamodel.value.impl.ModifiableRecord
1527
RGL_VALUE_23377 class nl.tudelft.rdfgears.rgl.datamodel.value.impl.ModifiableRecord
1528
RGL_VALUE_23379 class nl.tudelft.rdfgears.rgl.datamodel.value.impl.ModifiableRecord
1529
RGL_VALUE_23381 class nl.tudelft.rdfgears.rgl.datamodel.value.impl.ModifiableRecord
1530
RGL_VALUE_23383 class nl.tudelft.rdfgears.rgl.datamodel.value.impl.ModifiableRecord
1531
RGL_VALUE_23385 class nl.tudelft.rdfgears.rgl.datamodel.value.impl.ModifiableRecord
1532
RGL_VALUE_23387 class nl.tudelft.rdfgears.rgl.datamodel.value.impl.ModifiableRecord
1533
RGL_VALUE_23389 class nl.tudelft.rdfgears.rgl.datamodel.value.impl.ModifiableRecord
1534
RGL_VALUE_23391 class nl.tudelft.rdfgears.rgl.datamodel.value.impl.ModifiableRecord
1535
RGL_VALUE_23393 class nl.tudelft.rdfgears.rgl.datamodel.value.impl.ModifiableRecord
1536
RGL_VALUE_23395 class nl.tudelft.rdfgears.rgl.datamodel.value.impl.ModifiableRecord
1537
RGL_VALUE_23397 class nl.tudelft.rdfgears.rgl.datamodel.value.impl.ModifiableRecord
1538
RGL_VALUE_23399 class nl.tudelft.rdfgears.rgl.datamodel.value.impl.ModifiableRecord
1539
RGL_VALUE_23401 class nl.tudelft.rdfgears.rgl.datamodel.value.impl.ModifiableRecord
1540
RGL_VALUE_23403 class nl.tudelft.rdfgears.rgl.datamodel.value.impl.ModifiableRecord
1541
RGL_VALUE_23405 class nl.tudelft.rdfgears.rgl.datamodel.value.impl.ModifiableRecord
1542
RGL_VALUE_23407 class nl.tudelft.rdfgears.rgl.datamodel.value.impl.ModifiableRecord
1543
RGL_VALUE_23409 class nl.tudelft.rdfgears.rgl.datamodel.value.impl.ModifiableRecord
1544
RGL_VALUE_23411 class nl.tudelft.rdfgears.rgl.datamodel.value.impl.ModifiableRecord
1545
RGL_VALUE_23413 class nl.tudelft.rdfgears.rgl.datamodel.value.impl.ModifiableRecord
1546
RGL_VALUE_23415 class nl.tudelft.rdfgears.rgl.datamodel.value.impl.ModifiableRecord
1547
RGL_VALUE_23417 class nl.tudelft.rdfgears.rgl.datamodel.value.impl.ModifiableRecord
1548
RGL_VALUE_23419 class nl.tudelft.rdfgears.rgl.datamodel.value.impl.ModifiableRecord
1549
RGL_VALUE_23421 class nl.tudelft.rdfgears.rgl.datamodel.value.impl.ModifiableRecord
1550
RGL_VALUE_23423 class nl.tudelft.rdfgears.rgl.datamodel.value.impl.ModifiableRecord
1551
RGL_VALUE_23425 class nl.tudelft.rdfgears.rgl.datamodel.value.impl.ModifiableRecord
1552
RGL_VALUE_23427 class nl.tudelft.rdfgears.rgl.datamodel.value.impl.ModifiableRecord
1553
RGL_VALUE_23429 class nl.tudelft.rdfgears.rgl.datamodel.value.impl.ModifiableRecord
1554
RGL_VALUE_23431 class nl.tudelft.rdfgears.rgl.datamodel.value.impl.ModifiableRecord
1555
RGL_VALUE_23433 class nl.tudelft.rdfgears.rgl.datamodel.value.impl.ModifiableRecord
1556
RGL_VALUE_23435 class nl.tudelft.rdfgears.rgl.datamodel.value.impl.ModifiableRecord
1557
RGL_VALUE_23437 class nl.tudelft.rdfgears.rgl.datamodel.value.impl.ModifiableRecord
1558
RGL_VALUE_23439 class nl.tudelft.rdfgears.rgl.datamodel.value.impl.ModifiableRecord
1559
RGL_VALUE_23441 class nl.tudelft.rdfgears.rgl.datamodel.value.impl.ModifiableRecord
1560
RGL_VALUE_23443 class nl.tudelft.rdfgears.rgl.datamodel.value.impl.ModifiableRecord
1561
RGL_VALUE_23445 class nl.tudelft.rdfgears.rgl.datamodel.value.impl.ModifiableRecord
1562
RGL_VALUE_23447 class nl.tudelft.rdfgears.rgl.datamodel.value.impl.ModifiableRecord
1563
RGL_VALUE_23449 class nl.tudelft.rdfgears.rgl.datamodel.value.impl.ModifiableRecord
1564
RGL_VALUE_23451 class nl.tudelft.rdfgears.rgl.datamodel.value.impl.ModifiableRecord
1565
RGL_VALUE_23453 class nl.tudelft.rdfgears.rgl.datamodel.value.impl.ModifiableRecord
1566
RGL_VALUE_23455 class nl.tudelft.rdfgears.rgl.datamodel.value.impl.ModifiableRecord
1567
RGL_VALUE_23457 class nl.tudelft.rdfgears.rgl.datamodel.value.impl.ModifiableRecord
1568
RGL_VALUE_23459 class nl.tudelft.rdfgears.rgl.datamodel.value.impl.ModifiableRecord
1569
RGL_VALUE_23461 class nl.tudelft.rdfgears.rgl.datamodel.value.impl.ModifiableRecord
1570
RGL_VALUE_23463 class nl.tudelft.rdfgears.rgl.datamodel.value.impl.ModifiableRecord
1571
RGL_VALUE_23465 class nl.tudelft.rdfgears.rgl.datamodel.value.impl.ModifiableRecord
1572
RGL_VALUE_23467 class nl.tudelft.rdfgears.rgl.datamodel.value.impl.ModifiableRecord
1573
RGL_VALUE_23469 class nl.tudelft.rdfgears.rgl.datamodel.value.impl.ModifiableRecord
1574
RGL_VALUE_23471 class nl.tudelft.rdfgears.rgl.datamodel.value.impl.ModifiableRecord
1575
RGL_VALUE_23473 class nl.tudelft.rdfgears.rgl.datamodel.value.impl.ModifiableRecord
1576
RGL_VALUE_23475 class nl.tudelft.rdfgears.rgl.datamodel.value.impl.ModifiableRecord
1577
RGL_VALUE_23477 class nl.tudelft.rdfgears.rgl.datamodel.value.impl.ModifiableRecord
1578
RGL_VALUE_23479 class nl.tudelft.rdfgears.rgl.datamodel.value.impl.ModifiableRecord
1579
RGL_VALUE_23481 class nl.tudelft.rdfgears.rgl.datamodel.value.impl.ModifiableRecord
1580
RGL_VALUE_23483 class nl.tudelft.rdfgears.rgl.datamodel.value.impl.ModifiableRecord
1581
RGL_VALUE_23485 class nl.tudelft.rdfgears.rgl.datamodel.value.impl.ModifiableRecord
1582
RGL_VALUE_23487 class nl.tudelft.rdfgears.rgl.datamodel.value.impl.ModifiableRecord
1583
RGL_VALUE_23489 class nl.tudelft.rdfgears.rgl.datamodel.value.impl.ModifiableRecord
1584
RGL_VALUE_23491 class nl.tudelft.rdfgears.rgl.datamodel.value.impl.ModifiableRecord
1585
RGL_VALUE_23493 class nl.tudelft.rdfgears.rgl.datamodel.value.impl.ModifiableRecord
1586
RGL_VALUE_23495 class nl.tudelft.rdfgears.rgl.datamodel.value.impl.ModifiableRecord
1587
RGL_VALUE_23497 class nl.tudelft.rdfgears.rgl.datamodel.value.impl.ModifiableRecord
1588
RGL_VALUE_23499 class nl.tudelft.rdfgears.rgl.datamodel.value.impl.ModifiableRecord
1589
RGL_VALUE_23501 class nl.tudelft.rdfgears.rgl.datamodel.value.impl.ModifiableRecord
1590
RGL_VALUE_23503 class nl.tudelft.rdfgears.rgl.datamodel.value.impl.ModifiableRecord
1591
RGL_VALUE_23505 class nl.tudelft.rdfgears.rgl.datamodel.value.impl.ModifiableRecord
1592
RGL_VALUE_23507 class nl.tudelft.rdfgears.rgl.datamodel.value.impl.ModifiableRecord
1593
RGL_VALUE_23509 class nl.tudelft.rdfgears.rgl.datamodel.value.impl.ModifiableRecord
1594
RGL_VALUE_23511 class nl.tudelft.rdfgears.rgl.datamodel.value.impl.ModifiableRecord
1595
RGL_VALUE_23513 class nl.tudelft.rdfgears.rgl.datamodel.value.impl.ModifiableRecord
1596
RGL_VALUE_23515 class nl.tudelft.rdfgears.rgl.datamodel.value.impl.ModifiableRecord
1597
RGL_VALUE_23517 class nl.tudelft.rdfgears.rgl.datamodel.value.impl.ModifiableRecord
1598
RGL_VALUE_23519 class nl.tudelft.rdfgears.rgl.datamodel.value.impl.ModifiableRecord
1599
RGL_VALUE_23521 class nl.tudelft.rdfgears.rgl.datamodel.value.impl.ModifiableRecord
1600
RGL_VALUE_23524 class nl.tudelft.rdfgears.rgl.datamodel.value.impl.ModifiableRecord
1601
RGL_VALUE_23526 class nl.tudelft.rdfgears.rgl.datamodel.value.impl.ModifiableRecord
1602
RGL_VALUE_23528 class nl.tudelft.rdfgears.rgl.datamodel.value.impl.ModifiableRecord
1603
RGL_VALUE_23530 class nl.tudelft.rdfgears.rgl.datamodel.value.impl.ModifiableRecord
1604
RGL_VALUE_23532 class nl.tudelft.rdfgears.rgl.datamodel.value.impl.ModifiableRecord
1605
RGL_VALUE_23534 class nl.tudelft.rdfgears.rgl.datamodel.value.impl.ModifiableRecord
1606
RGL_VALUE_23536 class nl.tudelft.rdfgears.rgl.datamodel.value.impl.ModifiableRecord
1607
RGL_VALUE_23538 class nl.tudelft.rdfgears.rgl.datamodel.value.impl.ModifiableRecord
1608
RGL_VALUE_23540 class nl.tudelft.rdfgears.rgl.datamodel.value.impl.ModifiableRecord
1609
RGL_VALUE_23542 class nl.tudelft.rdfgears.rgl.datamodel.value.impl.ModifiableRecord
1610
RGL_VALUE_23544 class nl.tudelft.rdfgears.rgl.datamodel.value.impl.ModifiableRecord
1611
RGL_VALUE_23546 class nl.tudelft.rdfgears.rgl.datamodel.value.impl.ModifiableRecord
1612
RGL_VALUE_23548 class nl.tudelft.rdfgears.rgl.datamodel.value.impl.ModifiableRecord
1613
RGL_VALUE_23550 class nl.tudelft.rdfgears.rgl.datamodel.value.impl.ModifiableRecord
1614
RGL_VALUE_23552 class nl.tudelft.rdfgears.rgl.datamodel.value.impl.ModifiableRecord
1615
RGL_VALUE_23554 class nl.tudelft.rdfgears.rgl.datamodel.value.impl.ModifiableRecord
1616
RGL_VALUE_23556 class nl.tudelft.rdfgears.rgl.datamodel.value.impl.ModifiableRecord
1617
RGL_VALUE_23558 class nl.tudelft.rdfgears.rgl.datamodel.value.impl.ModifiableRecord
1618
RGL_VALUE_23560 class nl.tudelft.rdfgears.rgl.datamodel.value.impl.ModifiableRecord
1619
RGL_VALUE_23562 class nl.tudelft.rdfgears.rgl.datamodel.value.impl.ModifiableRecord
1620
RGL_VALUE_23564 class nl.tudelft.rdfgears.rgl.datamodel.value.impl.ModifiableRecord
1621
RGL_VALUE_23566 class nl.tudelft.rdfgears.rgl.datamodel.value.impl.ModifiableRecord
1622
RGL_VALUE_23568 class nl.tudelft.rdfgears.rgl.datamodel.value.impl.ModifiableRecord
1623
RGL_VALUE_23570 class nl.tudelft.rdfgears.rgl.datamodel.value.impl.ModifiableRecord
1624
RGL_VALUE_23572 class nl.tudelft.rdfgears.rgl.datamodel.value.impl.ModifiableRecord
1625
RGL_VALUE_23574 class nl.tudelft.rdfgears.rgl.datamodel.value.impl.ModifiableRecord
1626
RGL_VALUE_23576 class nl.tudelft.rdfgears.rgl.datamodel.value.impl.ModifiableRecord
1627
RGL_VALUE_23578 class nl.tudelft.rdfgears.rgl.datamodel.value.impl.ModifiableRecord
1628
RGL_VALUE_23580 class nl.tudelft.rdfgears.rgl.datamodel.value.impl.ModifiableRecord
1629
RGL_VALUE_23582 class nl.tudelft.rdfgears.rgl.datamodel.value.impl.ModifiableRecord
1630
RGL_VALUE_23584 class nl.tudelft.rdfgears.rgl.datamodel.value.impl.ModifiableRecord
1631
RGL_VALUE_23586 class nl.tudelft.rdfgears.rgl.datamodel.value.impl.ModifiableRecord
1632
RGL_VALUE_23588 class nl.tudelft.rdfgears.rgl.datamodel.value.impl.ModifiableRecord
1633
RGL_VALUE_23590 class nl.tudelft.rdfgears.rgl.datamodel.value.impl.ModifiableRecord
1634
RGL_VALUE_23592 class nl.tudelft.rdfgears.rgl.datamodel.value.impl.ModifiableRecord
1635
RGL_VALUE_23594 class nl.tudelft.rdfgears.rgl.datamodel.value.impl.ModifiableRecord
1636
RGL_VALUE_23596 class nl.tudelft.rdfgears.rgl.datamodel.value.impl.ModifiableRecord
1637
RGL_VALUE_23598 class nl.tudelft.rdfgears.rgl.datamodel.value.impl.ModifiableRecord
1638
RGL_VALUE_23600 class nl.tudelft.rdfgears.rgl.datamodel.value.impl.ModifiableRecord
1639
RGL_VALUE_23602 class nl.tudelft.rdfgears.rgl.datamodel.value.impl.ModifiableRecord
1640
RGL_VALUE_23604 class nl.tudelft.rdfgears.rgl.datamodel.value.impl.ModifiableRecord
1641
RGL_VALUE_23606 class nl.tudelft.rdfgears.rgl.datamodel.value.impl.ModifiableRecord
1642
RGL_VALUE_23608 class nl.tudelft.rdfgears.rgl.datamodel.value.impl.ModifiableRecord
1643
RGL_VALUE_23610 class nl.tudelft.rdfgears.rgl.datamodel.value.impl.ModifiableRecord
1644
RGL_VALUE_23612 class nl.tudelft.rdfgears.rgl.datamodel.value.impl.ModifiableRecord
1645
RGL_VALUE_23614 class nl.tudelft.rdfgears.rgl.datamodel.value.impl.ModifiableRecord
1646
RGL_VALUE_23616 class nl.tudelft.rdfgears.rgl.datamodel.value.impl.ModifiableRecord
1647
RGL_VALUE_23618 class nl.tudelft.rdfgears.rgl.datamodel.value.impl.ModifiableRecord
1648
RGL_VALUE_23620 class nl.tudelft.rdfgears.rgl.datamodel.value.impl.ModifiableRecord
1649
RGL_VALUE_23622 class nl.tudelft.rdfgears.rgl.datamodel.value.impl.ModifiableRecord
1650
RGL_VALUE_23624 class nl.tudelft.rdfgears.rgl.datamodel.value.impl.ModifiableRecord
1651
RGL_VALUE_23626 class nl.tudelft.rdfgears.rgl.datamodel.value.impl.ModifiableRecord
1652
RGL_VALUE_23628 class nl.tudelft.rdfgears.rgl.datamodel.value.impl.ModifiableRecord
1653
RGL_VALUE_23630 class nl.tudelft.rdfgears.rgl.datamodel.value.impl.ModifiableRecord
1654
RGL_VALUE_23632 class nl.tudelft.rdfgears.rgl.datamodel.value.impl.ModifiableRecord
1655
RGL_VALUE_23634 class nl.tudelft.rdfgears.rgl.datamodel.value.impl.ModifiableRecord
1656
RGL_VALUE_23636 class nl.tudelft.rdfgears.rgl.datamodel.value.impl.ModifiableRecord
1657
RGL_VALUE_23638 class nl.tudelft.rdfgears.rgl.datamodel.value.impl.ModifiableRecord
1658
RGL_VALUE_23640 class nl.tudelft.rdfgears.rgl.datamodel.value.impl.ModifiableRecord
1659
RGL_VALUE_23642 class nl.tudelft.rdfgears.rgl.datamodel.value.impl.ModifiableRecord
1660
RGL_VALUE_23644 class nl.tudelft.rdfgears.rgl.datamodel.value.impl.ModifiableRecord
1661
RGL_VALUE_23646 class nl.tudelft.rdfgears.rgl.datamodel.value.impl.ModifiableRecord
1662
RGL_VALUE_23648 class nl.tudelft.rdfgears.rgl.datamodel.value.impl.ModifiableRecord
1663
RGL_VALUE_23650 class nl.tudelft.rdfgears.rgl.datamodel.value.impl.ModifiableRecord
1664
RGL_VALUE_23652 class nl.tudelft.rdfgears.rgl.datamodel.value.impl.ModifiableRecord
1665
RGL_VALUE_23654 class nl.tudelft.rdfgears.rgl.datamodel.value.impl.ModifiableRecord
1666
RGL_VALUE_23656 class nl.tudelft.rdfgears.rgl.datamodel.value.impl.ModifiableRecord
1667
RGL_VALUE_23658 class nl.tudelft.rdfgears.rgl.datamodel.value.impl.ModifiableRecord
1668
RGL_VALUE_23660 class nl.tudelft.rdfgears.rgl.datamodel.value.impl.ModifiableRecord
1669
RGL_VALUE_23662 class nl.tudelft.rdfgears.rgl.datamodel.value.impl.ModifiableRecord
1670
RGL_VALUE_23664 class nl.tudelft.rdfgears.rgl.datamodel.value.impl.ModifiableRecord
1671
RGL_VALUE_23666 class nl.tudelft.rdfgears.rgl.datamodel.value.impl.ModifiableRecord
1672
RGL_VALUE_23668 class nl.tudelft.rdfgears.rgl.datamodel.value.impl.ModifiableRecord
1673
RGL_VALUE_23670 class nl.tudelft.rdfgears.rgl.datamodel.value.impl.ModifiableRecord
1674
RGL_VALUE_23672 class nl.tudelft.rdfgears.rgl.datamodel.value.impl.ModifiableRecord
1675
RGL_VALUE_23674 class nl.tudelft.rdfgears.rgl.datamodel.value.impl.ModifiableRecord
1676
RGL_VALUE_23676 class nl.tudelft.rdfgears.rgl.datamodel.value.impl.ModifiableRecord
1677
RGL_VALUE_23678 class nl.tudelft.rdfgears.rgl.datamodel.value.impl.ModifiableRecord
1678
RGL_VALUE_23680 class nl.tudelft.rdfgears.rgl.datamodel.value.impl.ModifiableRecord
1679
RGL_VALUE_23682 class nl.tudelft.rdfgears.rgl.datamodel.value.impl.ModifiableRecord
1680
RGL_VALUE_23684 class nl.tudelft.rdfgears.rgl.datamodel.value.impl.ModifiableRecord
1681
RGL_VALUE_23686 class nl.tudelft.rdfgears.rgl.datamodel.value.impl.ModifiableRecord
1682
RGL_VALUE_23688 class nl.tudelft.rdfgears.rgl.datamodel.value.impl.ModifiableRecord
1683
RGL_VALUE_23690 class nl.tudelft.rdfgears.rgl.datamodel.value.impl.ModifiableRecord
1684
RGL_VALUE_23692 class nl.tudelft.rdfgears.rgl.datamodel.value.impl.ModifiableRecord
1685
RGL_VALUE_23694 class nl.tudelft.rdfgears.rgl.datamodel.value.impl.ModifiableRecord
1686
RGL_VALUE_23696 class nl.tudelft.rdfgears.rgl.datamodel.value.impl.ModifiableRecord
1687
RGL_VALUE_23698 class nl.tudelft.rdfgears.rgl.datamodel.value.impl.ModifiableRecord
1688
RGL_VALUE_23700 class nl.tudelft.rdfgears.rgl.datamodel.value.impl.ModifiableRecord
1689
RGL_VALUE_23702 class nl.tudelft.rdfgears.rgl.datamodel.value.impl.ModifiableRecord
1690
RGL_VALUE_23704 class nl.tudelft.rdfgears.rgl.datamodel.value.impl.ModifiableRecord
1691
RGL_VALUE_23706 class nl.tudelft.rdfgears.rgl.datamodel.value.impl.ModifiableRecord
1692
RGL_VALUE_23708 class nl.tudelft.rdfgears.rgl.datamodel.value.impl.ModifiableRecord
1693
RGL_VALUE_23710 class nl.tudelft.rdfgears.rgl.datamodel.value.impl.ModifiableRecord
1694
RGL_VALUE_23712 class nl.tudelft.rdfgears.rgl.datamodel.value.impl.ModifiableRecord
1695
RGL_VALUE_23714 class nl.tudelft.rdfgears.rgl.datamodel.value.impl.ModifiableRecord
1696
RGL_VALUE_23716 class nl.tudelft.rdfgears.rgl.datamodel.value.impl.ModifiableRecord
1697
RGL_VALUE_23718 class nl.tudelft.rdfgears.rgl.datamodel.value.impl.ModifiableRecord
1698
RGL_VALUE_23720 class nl.tudelft.rdfgears.rgl.datamodel.value.impl.ModifiableRecord
1699
RGL_VALUE_23722 class nl.tudelft.rdfgears.rgl.datamodel.value.impl.ModifiableRecord
1700
RGL_VALUE_23725 class nl.tudelft.rdfgears.rgl.datamodel.value.impl.ModifiableRecord
1701
RGL_VALUE_23727 class nl.tudelft.rdfgears.rgl.datamodel.value.impl.ModifiableRecord
1702
RGL_VALUE_23729 class nl.tudelft.rdfgears.rgl.datamodel.value.impl.ModifiableRecord
1703
RGL_VALUE_23731 class nl.tudelft.rdfgears.rgl.datamodel.value.impl.ModifiableRecord
1704
RGL_VALUE_23733 class nl.tudelft.rdfgears.rgl.datamodel.value.impl.ModifiableRecord
1705
RGL_VALUE_23735 class nl.tudelft.rdfgears.rgl.datamodel.value.impl.ModifiableRecord
1706
RGL_VALUE_23737 class nl.tudelft.rdfgears.rgl.datamodel.value.impl.ModifiableRecord
1707
RGL_VALUE_23739 class nl.tudelft.rdfgears.rgl.datamodel.value.impl.ModifiableRecord
1708
RGL_VALUE_23741 class nl.tudelft.rdfgears.rgl.datamodel.value.impl.ModifiableRecord
1709
RGL_VALUE_23743 class nl.tudelft.rdfgears.rgl.datamodel.value.impl.ModifiableRecord
1710
RGL_VALUE_23745 class nl.tudelft.rdfgears.rgl.datamodel.value.impl.ModifiableRecord
1711
RGL_VALUE_23747 class nl.tudelft.rdfgears.rgl.datamodel.value.impl.ModifiableRecord
1712
RGL_VALUE_23749 class nl.tudelft.rdfgears.rgl.datamodel.value.impl.ModifiableRecord
1713
RGL_VALUE_23751 class nl.tudelft.rdfgears.rgl.datamodel.value.impl.ModifiableRecord
1714
RGL_VALUE_23753 class nl.tudelft.rdfgears.rgl.datamodel.value.impl.ModifiableRecord
1715
RGL_VALUE_23755 class nl.tudelft.rdfgears.rgl.datamodel.value.impl.ModifiableRecord
1716
RGL_VALUE_23757 class nl.tudelft.rdfgears.rgl.datamodel.value.impl.ModifiableRecord
1717
RGL_VALUE_23759 class nl.tudelft.rdfgears.rgl.datamodel.value.impl.ModifiableRecord
1718
RGL_VALUE_23761 class nl.tudelft.rdfgears.rgl.datamodel.value.impl.ModifiableRecord
1719
RGL_VALUE_23763 class nl.tudelft.rdfgears.rgl.datamodel.value.impl.ModifiableRecord
1720
RGL_VALUE_23765 class nl.tudelft.rdfgears.rgl.datamodel.value.impl.ModifiableRecord
1721
RGL_VALUE_23767 class nl.tudelft.rdfgears.rgl.datamodel.value.impl.ModifiableRecord
1722
RGL_VALUE_23769 class nl.tudelft.rdfgears.rgl.datamodel.value.impl.ModifiableRecord
1723
RGL_VALUE_23771 class nl.tudelft.rdfgears.rgl.datamodel.value.impl.ModifiableRecord
1724
RGL_VALUE_23773 class nl.tudelft.rdfgears.rgl.datamodel.value.impl.ModifiableRecord
1725
RGL_VALUE_23775 class nl.tudelft.rdfgears.rgl.datamodel.value.impl.ModifiableRecord
1726
RGL_VALUE_23777 class nl.tudelft.rdfgears.rgl.datamodel.value.impl.ModifiableRecord
1727
RGL_VALUE_23779 class nl.tudelft.rdfgears.rgl.datamodel.value.impl.ModifiableRecord
1728
RGL_VALUE_23781 class nl.tudelft.rdfgears.rgl.datamodel.value.impl.ModifiableRecord
1729
RGL_VALUE_23783 class nl.tudelft.rdfgears.rgl.datamodel.value.impl.ModifiableRecord
1730
RGL_VALUE_23785 class nl.tudelft.rdfgears.rgl.datamodel.value.impl.ModifiableRecord
1731
RGL_VALUE_23787 class nl.tudelft.rdfgears.rgl.datamodel.value.impl.ModifiableRecord
1732
RGL_VALUE_23789 class nl.tudelft.rdfgears.rgl.datamodel.value.impl.ModifiableRecord
1733
RGL_VALUE_23791 class nl.tudelft.rdfgears.rgl.datamodel.value.impl.ModifiableRecord
1734
RGL_VALUE_23793 class nl.tudelft.rdfgears.rgl.datamodel.value.impl.ModifiableRecord
1735
RGL_VALUE_23795 class nl.tudelft.rdfgears.rgl.datamodel.value.impl.ModifiableRecord
1736
RGL_VALUE_23797 class nl.tudelft.rdfgears.rgl.datamodel.value.impl.ModifiableRecord
1737
RGL_VALUE_23799 class nl.tudelft.rdfgears.rgl.datamodel.value.impl.ModifiableRecord
1738
RGL_VALUE_23801 class nl.tudelft.rdfgears.rgl.datamodel.value.impl.ModifiableRecord
1739
RGL_VALUE_23803 class nl.tudelft.rdfgears.rgl.datamodel.value.impl.ModifiableRecord
1740
RGL_VALUE_23805 class nl.tudelft.rdfgears.rgl.datamodel.value.impl.ModifiableRecord
1741
RGL_VALUE_23807 class nl.tudelft.rdfgears.rgl.datamodel.value.impl.ModifiableRecord
1742
RGL_VALUE_23809 class nl.tudelft.rdfgears.rgl.datamodel.value.impl.ModifiableRecord
1743
RGL_VALUE_23811 class nl.tudelft.rdfgears.rgl.datamodel.value.impl.ModifiableRecord
1744
RGL_VALUE_23813 class nl.tudelft.rdfgears.rgl.datamodel.value.impl.ModifiableRecord
1745
RGL_VALUE_23815 class nl.tudelft.rdfgears.rgl.datamodel.value.impl.ModifiableRecord
1746
RGL_VALUE_23817 class nl.tudelft.rdfgears.rgl.datamodel.value.impl.ModifiableRecord
1747
RGL_VALUE_23819 class nl.tudelft.rdfgears.rgl.datamodel.value.impl.ModifiableRecord
1748
RGL_VALUE_23821 class nl.tudelft.rdfgears.rgl.datamodel.value.impl.ModifiableRecord
1749
RGL_VALUE_23823 class nl.tudelft.rdfgears.rgl.datamodel.value.impl.ModifiableRecord
1750
RGL_VALUE_23825 class nl.tudelft.rdfgears.rgl.datamodel.value.impl.ModifiableRecord
1751
RGL_VALUE_23827 class nl.tudelft.rdfgears.rgl.datamodel.value.impl.ModifiableRecord
1752
RGL_VALUE_23829 class nl.tudelft.rdfgears.rgl.datamodel.value.impl.ModifiableRecord
1753
RGL_VALUE_23831 class nl.tudelft.rdfgears.rgl.datamodel.value.impl.ModifiableRecord
1754
RGL_VALUE_23833 class nl.tudelft.rdfgears.rgl.datamodel.value.impl.ModifiableRecord
1755
RGL_VALUE_23835 class nl.tudelft.rdfgears.rgl.datamodel.value.impl.ModifiableRecord
1756
RGL_VALUE_23837 class nl.tudelft.rdfgears.rgl.datamodel.value.impl.ModifiableRecord
1757
RGL_VALUE_23839 class nl.tudelft.rdfgears.rgl.datamodel.value.impl.ModifiableRecord
1758
RGL_VALUE_23841 class nl.tudelft.rdfgears.rgl.datamodel.value.impl.ModifiableRecord
1759
RGL_VALUE_23843 class nl.tudelft.rdfgears.rgl.datamodel.value.impl.ModifiableRecord
1760
RGL_VALUE_23845 class nl.tudelft.rdfgears.rgl.datamodel.value.impl.ModifiableRecord
1761
RGL_VALUE_23847 class nl.tudelft.rdfgears.rgl.datamodel.value.impl.ModifiableRecord
1762
RGL_VALUE_23849 class nl.tudelft.rdfgears.rgl.datamodel.value.impl.ModifiableRecord
1763
RGL_VALUE_23851 class nl.tudelft.rdfgears.rgl.datamodel.value.impl.ModifiableRecord
1764
RGL_VALUE_23853 class nl.tudelft.rdfgears.rgl.datamodel.value.impl.ModifiableRecord
1765
RGL_VALUE_23855 class nl.tudelft.rdfgears.rgl.datamodel.value.impl.ModifiableRecord
1766
RGL_VALUE_23857 class nl.tudelft.rdfgears.rgl.datamodel.value.impl.ModifiableRecord
1767
RGL_VALUE_23859 class nl.tudelft.rdfgears.rgl.datamodel.value.impl.ModifiableRecord
1768
RGL_VALUE_23861 class nl.tudelft.rdfgears.rgl.datamodel.value.impl.ModifiableRecord
1769
RGL_VALUE_23863 class nl.tudelft.rdfgears.rgl.datamodel.value.impl.ModifiableRecord
1770
RGL_VALUE_23865 class nl.tudelft.rdfgears.rgl.datamodel.value.impl.ModifiableRecord
1771
RGL_VALUE_23867 class nl.tudelft.rdfgears.rgl.datamodel.value.impl.ModifiableRecord
1772
RGL_VALUE_23869 class nl.tudelft.rdfgears.rgl.datamodel.value.impl.ModifiableRecord
1773
RGL_VALUE_23871 class nl.tudelft.rdfgears.rgl.datamodel.value.impl.ModifiableRecord
1774
RGL_VALUE_23873 class nl.tudelft.rdfgears.rgl.datamodel.value.impl.ModifiableRecord
1775
RGL_VALUE_23875 class nl.tudelft.rdfgears.rgl.datamodel.value.impl.ModifiableRecord
1776
RGL_VALUE_23877 class nl.tudelft.rdfgears.rgl.datamodel.value.impl.ModifiableRecord
1777
RGL_VALUE_23879 class nl.tudelft.rdfgears.rgl.datamodel.value.impl.ModifiableRecord
1778
RGL_VALUE_23881 class nl.tudelft.rdfgears.rgl.datamodel.value.impl.ModifiableRecord
1779
RGL_VALUE_23883 class nl.tudelft.rdfgears.rgl.datamodel.value.impl.ModifiableRecord
1780
RGL_VALUE_23885 class nl.tudelft.rdfgears.rgl.datamodel.value.impl.ModifiableRecord
1781
RGL_VALUE_23887 class nl.tudelft.rdfgears.rgl.datamodel.value.impl.ModifiableRecord
1782
RGL_VALUE_23889 class nl.tudelft.rdfgears.rgl.datamodel.value.impl.ModifiableRecord
1783
RGL_VALUE_23891 class nl.tudelft.rdfgears.rgl.datamodel.value.impl.ModifiableRecord
1784
RGL_VALUE_23893 class nl.tudelft.rdfgears.rgl.datamodel.value.impl.ModifiableRecord
1785
RGL_VALUE_23895 class nl.tudelft.rdfgears.rgl.datamodel.value.impl.ModifiableRecord
1786
RGL_VALUE_23897 class nl.tudelft.rdfgears.rgl.datamodel.value.impl.ModifiableRecord
1787
RGL_VALUE_23899 class nl.tudelft.rdfgears.rgl.datamodel.value.impl.ModifiableRecord
1788
RGL_VALUE_23901 class nl.tudelft.rdfgears.rgl.datamodel.value.impl.ModifiableRecord
1789
RGL_VALUE_23903 class nl.tudelft.rdfgears.rgl.datamodel.value.impl.ModifiableRecord
1790
RGL_VALUE_23905 class nl.tudelft.rdfgears.rgl.datamodel.value.impl.ModifiableRecord
1791
RGL_VALUE_23907 class nl.tudelft.rdfgears.rgl.datamodel.value.impl.ModifiableRecord
1792
RGL_VALUE_23909 class nl.tudelft.rdfgears.rgl.datamodel.value.impl.ModifiableRecord
1793
RGL_VALUE_23911 class nl.tudelft.rdfgears.rgl.datamodel.value.impl.ModifiableRecord
1794
RGL_VALUE_23913 class nl.tudelft.rdfgears.rgl.datamodel.value.impl.ModifiableRecord
1795
RGL_VALUE_23915 class nl.tudelft.rdfgears.rgl.datamodel.value.impl.ModifiableRecord
1796
RGL_VALUE_23917 class nl.tudelft.rdfgears.rgl.datamodel.value.impl.ModifiableRecord
1797
RGL_VALUE_23919 class nl.tudelft.rdfgears.rgl.datamodel.value.impl.ModifiableRecord
1798
RGL_VALUE_23921 class nl.tudelft.rdfgears.rgl.datamodel.value.impl.ModifiableRecord
1799
RGL_VALUE_23923 class nl.tudelft.rdfgears.rgl.datamodel.value.impl.ModifiableRecord
1800
RGL_VALUE_23926 class nl.tudelft.rdfgears.rgl.datamodel.value.impl.ModifiableRecord
1801
RGL_VALUE_23928 class nl.tudelft.rdfgears.rgl.datamodel.value.impl.ModifiableRecord
1802
RGL_VALUE_23930 class nl.tudelft.rdfgears.rgl.datamodel.value.impl.ModifiableRecord
1803
RGL_VALUE_23932 class nl.tudelft.rdfgears.rgl.datamodel.value.impl.ModifiableRecord
1804
RGL_VALUE_23934 class nl.tudelft.rdfgears.rgl.datamodel.value.impl.ModifiableRecord
1805
RGL_VALUE_23936 class nl.tudelft.rdfgears.rgl.datamodel.value.impl.ModifiableRecord
1806
RGL_VALUE_23938 class nl.tudelft.rdfgears.rgl.datamodel.value.impl.ModifiableRecord
1807
RGL_VALUE_23940 class nl.tudelft.rdfgears.rgl.datamodel.value.impl.ModifiableRecord
1808
RGL_VALUE_23942 class nl.tudelft.rdfgears.rgl.datamodel.value.impl.ModifiableRecord
1809
RGL_VALUE_23944 class nl.tudelft.rdfgears.rgl.datamodel.value.impl.ModifiableRecord
1810
RGL_VALUE_23946 class nl.tudelft.rdfgears.rgl.datamodel.value.impl.ModifiableRecord
1811
RGL_VALUE_23948 class nl.tudelft.rdfgears.rgl.datamodel.value.impl.ModifiableRecord
1812
RGL_VALUE_23950 class nl.tudelft.rdfgears.rgl.datamodel.value.impl.ModifiableRecord
1813
RGL_VALUE_23952 class nl.tudelft.rdfgears.rgl.datamodel.value.impl.ModifiableRecord
1814
RGL_VALUE_23954 class nl.tudelft.rdfgears.rgl.datamodel.value.impl.ModifiableRecord
1815
RGL_VALUE_23956 class nl.tudelft.rdfgears.rgl.datamodel.value.impl.ModifiableRecord
1816
RGL_VALUE_23958 class nl.tudelft.rdfgears.rgl.datamodel.value.impl.ModifiableRecord
1817
RGL_VALUE_23960 class nl.tudelft.rdfgears.rgl.datamodel.value.impl.ModifiableRecord
1818
RGL_VALUE_23962 class nl.tudelft.rdfgears.rgl.datamodel.value.impl.ModifiableRecord
1819
RGL_VALUE_23964 class nl.tudelft.rdfgears.rgl.datamodel.value.impl.ModifiableRecord
1820
RGL_VALUE_23966 class nl.tudelft.rdfgears.rgl.datamodel.value.impl.ModifiableRecord
1821
RGL_VALUE_23968 class nl.tudelft.rdfgears.rgl.datamodel.value.impl.ModifiableRecord
1822
RGL_VALUE_23970 class nl.tudelft.rdfgears.rgl.datamodel.value.impl.ModifiableRecord
1823
RGL_VALUE_23972 class nl.tudelft.rdfgears.rgl.datamodel.value.impl.ModifiableRecord
1824
RGL_VALUE_23974 class nl.tudelft.rdfgears.rgl.datamodel.value.impl.ModifiableRecord
1825
RGL_VALUE_23976 class nl.tudelft.rdfgears.rgl.datamodel.value.impl.ModifiableRecord
1826
RGL_VALUE_23978 class nl.tudelft.rdfgears.rgl.datamodel.value.impl.ModifiableRecord
1827
RGL_VALUE_23980 class nl.tudelft.rdfgears.rgl.datamodel.value.impl.ModifiableRecord
1828
RGL_VALUE_23982 class nl.tudelft.rdfgears.rgl.datamodel.value.impl.ModifiableRecord
1829
RGL_VALUE_23984 class nl.tudelft.rdfgears.rgl.datamodel.value.impl.ModifiableRecord
1830
RGL_VALUE_23986 class nl.tudelft.rdfgears.rgl.datamodel.value.impl.ModifiableRecord
1831
RGL_VALUE_23988 class nl.tudelft.rdfgears.rgl.datamodel.value.impl.ModifiableRecord
1832
RGL_VALUE_23990 class nl.tudelft.rdfgears.rgl.datamodel.value.impl.ModifiableRecord
1833
RGL_VALUE_23992 class nl.tudelft.rdfgears.rgl.datamodel.value.impl.ModifiableRecord
1834
RGL_VALUE_23994 class nl.tudelft.rdfgears.rgl.datamodel.value.impl.ModifiableRecord
1835
RGL_VALUE_23996 class nl.tudelft.rdfgears.rgl.datamodel.value.impl.ModifiableRecord
1836
RGL_VALUE_23998 class nl.tudelft.rdfgears.rgl.datamodel.value.impl.ModifiableRecord
1837
RGL_VALUE_24000 class nl.tudelft.rdfgears.rgl.datamodel.value.impl.ModifiableRecord
1838
RGL_VALUE_24002 class nl.tudelft.rdfgears.rgl.datamodel.value.impl.ModifiableRecord
1839
RGL_VALUE_24004 class nl.tudelft.rdfgears.rgl.datamodel.value.impl.ModifiableRecord
1840
RGL_VALUE_24006 class nl.tudelft.rdfgears.rgl.datamodel.value.impl.ModifiableRecord
1841
RGL_VALUE_24008 class nl.tudelft.rdfgears.rgl.datamodel.value.impl.ModifiableRecord
1842
RGL_VALUE_24010 class nl.tudelft.rdfgears.rgl.datamodel.value.impl.ModifiableRecord
1843
RGL_VALUE_24012 class nl.tudelft.rdfgears.rgl.datamodel.value.impl.ModifiableRecord
1844
RGL_VALUE_24014 class nl.tudelft.rdfgears.rgl.datamodel.value.impl.ModifiableRecord
1845
RGL_VALUE_24016 class nl.tudelft.rdfgears.rgl.datamodel.value.impl.ModifiableRecord
1846
RGL_VALUE_24018 class nl.tudelft.rdfgears.rgl.datamodel.value.impl.ModifiableRecord
1847
RGL_VALUE_24020 class nl.tudelft.rdfgears.rgl.datamodel.value.impl.ModifiableRecord
1848
RGL_VALUE_24022 class nl.tudelft.rdfgears.rgl.datamodel.value.impl.ModifiableRecord
1849
RGL_VALUE_24024 class nl.tudelft.rdfgears.rgl.datamodel.value.impl.ModifiableRecord
1850
RGL_VALUE_24026 class nl.tudelft.rdfgears.rgl.datamodel.value.impl.ModifiableRecord
1851
RGL_VALUE_24028 class nl.tudelft.rdfgears.rgl.datamodel.value.impl.ModifiableRecord
1852
RGL_VALUE_24030 class nl.tudelft.rdfgears.rgl.datamodel.value.impl.ModifiableRecord
1853
RGL_VALUE_24032 class nl.tudelft.rdfgears.rgl.datamodel.value.impl.ModifiableRecord
1854
RGL_VALUE_24034 class nl.tudelft.rdfgears.rgl.datamodel.value.impl.ModifiableRecord
1855
RGL_VALUE_24036 class nl.tudelft.rdfgears.rgl.datamodel.value.impl.ModifiableRecord
1856
RGL_VALUE_24038 class nl.tudelft.rdfgears.rgl.datamodel.value.impl.ModifiableRecord
1857
RGL_VALUE_24040 class nl.tudelft.rdfgears.rgl.datamodel.value.impl.ModifiableRecord
1858
RGL_VALUE_24042 class nl.tudelft.rdfgears.rgl.datamodel.value.impl.ModifiableRecord
1859
RGL_VALUE_24044 class nl.tudelft.rdfgears.rgl.datamodel.value.impl.ModifiableRecord
1860
RGL_VALUE_24046 class nl.tudelft.rdfgears.rgl.datamodel.value.impl.ModifiableRecord
1861
RGL_VALUE_24048 class nl.tudelft.rdfgears.rgl.datamodel.value.impl.ModifiableRecord
1862
RGL_VALUE_24050 class nl.tudelft.rdfgears.rgl.datamodel.value.impl.ModifiableRecord
1863
RGL_VALUE_24052 class nl.tudelft.rdfgears.rgl.datamodel.value.impl.ModifiableRecord
1864
RGL_VALUE_24054 class nl.tudelft.rdfgears.rgl.datamodel.value.impl.ModifiableRecord
1865
RGL_VALUE_24056 class nl.tudelft.rdfgears.rgl.datamodel.value.impl.ModifiableRecord
1866
RGL_VALUE_24058 class nl.tudelft.rdfgears.rgl.datamodel.value.impl.ModifiableRecord
1867
RGL_VALUE_24060 class nl.tudelft.rdfgears.rgl.datamodel.value.impl.ModifiableRecord
1868
RGL_VALUE_24062 class nl.tudelft.rdfgears.rgl.datamodel.value.impl.ModifiableRecord
1869
RGL_VALUE_24064 class nl.tudelft.rdfgears.rgl.datamodel.value.impl.ModifiableRecord
1870
RGL_VALUE_24066 class nl.tudelft.rdfgears.rgl.datamodel.value.impl.ModifiableRecord
1871
RGL_VALUE_24068 class nl.tudelft.rdfgears.rgl.datamodel.value.impl.ModifiableRecord
1872
RGL_VALUE_24070 class nl.tudelft.rdfgears.rgl.datamodel.value.impl.ModifiableRecord
1873
RGL_VALUE_24072 class nl.tudelft.rdfgears.rgl.datamodel.value.impl.ModifiableRecord
1874
RGL_VALUE_24074 class nl.tudelft.rdfgears.rgl.datamodel.value.impl.ModifiableRecord
1875
RGL_VALUE_24076 class nl.tudelft.rdfgears.rgl.datamodel.value.impl.ModifiableRecord
1876
RGL_VALUE_24078 class nl.tudelft.rdfgears.rgl.datamodel.value.impl.ModifiableRecord
1877
RGL_VALUE_24080 class nl.tudelft.rdfgears.rgl.datamodel.value.impl.ModifiableRecord
1878
RGL_VALUE_24082 class nl.tudelft.rdfgears.rgl.datamodel.value.impl.ModifiableRecord
1879
RGL_VALUE_24084 class nl.tudelft.rdfgears.rgl.datamodel.value.impl.ModifiableRecord
1880
RGL_VALUE_24086 class nl.tudelft.rdfgears.rgl.datamodel.value.impl.ModifiableRecord
1881
RGL_VALUE_24088 class nl.tudelft.rdfgears.rgl.datamodel.value.impl.ModifiableRecord
1882
RGL_VALUE_24090 class nl.tudelft.rdfgears.rgl.datamodel.value.impl.ModifiableRecord
1883
RGL_VALUE_24092 class nl.tudelft.rdfgears.rgl.datamodel.value.impl.ModifiableRecord
1884
RGL_VALUE_24094 class nl.tudelft.rdfgears.rgl.datamodel.value.impl.ModifiableRecord
1885
RGL_VALUE_24096 class nl.tudelft.rdfgears.rgl.datamodel.value.impl.ModifiableRecord
1886
RGL_VALUE_24098 class nl.tudelft.rdfgears.rgl.datamodel.value.impl.ModifiableRecord
1887
RGL_VALUE_24100 class nl.tudelft.rdfgears.rgl.datamodel.value.impl.ModifiableRecord
1888
RGL_VALUE_24102 class nl.tudelft.rdfgears.rgl.datamodel.value.impl.ModifiableRecord
1889
RGL_VALUE_24104 class nl.tudelft.rdfgears.rgl.datamodel.value.impl.ModifiableRecord
1890
RGL_VALUE_24106 class nl.tudelft.rdfgears.rgl.datamodel.value.impl.ModifiableRecord
1891
RGL_VALUE_24108 class nl.tudelft.rdfgears.rgl.datamodel.value.impl.ModifiableRecord
1892
RGL_VALUE_24110 class nl.tudelft.rdfgears.rgl.datamodel.value.impl.ModifiableRecord
1893
RGL_VALUE_24112 class nl.tudelft.rdfgears.rgl.datamodel.value.impl.ModifiableRecord
1894
RGL_VALUE_24114 class nl.tudelft.rdfgears.rgl.datamodel.value.impl.ModifiableRecord
1895
RGL_VALUE_24116 class nl.tudelft.rdfgears.rgl.datamodel.value.impl.ModifiableRecord
1896
RGL_VALUE_24118 class nl.tudelft.rdfgears.rgl.datamodel.value.impl.ModifiableRecord
1897
RGL_VALUE_24120 class nl.tudelft.rdfgears.rgl.datamodel.value.impl.ModifiableRecord
1898
RGL_VALUE_24122 class nl.tudelft.rdfgears.rgl.datamodel.value.impl.ModifiableRecord
1899
RGL_VALUE_24124 class nl.tudelft.rdfgears.rgl.datamodel.value.impl.ModifiableRecord
1900
RGL_VALUE_24127 class nl.tudelft.rdfgears.rgl.datamodel.value.impl.ModifiableRecord
1901
RGL_VALUE_24129 class nl.tudelft.rdfgears.rgl.datamodel.value.impl.ModifiableRecord
1902
RGL_VALUE_24131 class nl.tudelft.rdfgears.rgl.datamodel.value.impl.ModifiableRecord
1903
RGL_VALUE_24133 class nl.tudelft.rdfgears.rgl.datamodel.value.impl.ModifiableRecord
1904
RGL_VALUE_24135 class nl.tudelft.rdfgears.rgl.datamodel.value.impl.ModifiableRecord
1905
RGL_VALUE_24137 class nl.tudelft.rdfgears.rgl.datamodel.value.impl.ModifiableRecord
1906
RGL_VALUE_24139 class nl.tudelft.rdfgears.rgl.datamodel.value.impl.ModifiableRecord
1907
RGL_VALUE_24141 class nl.tudelft.rdfgears.rgl.datamodel.value.impl.ModifiableRecord
1908
RGL_VALUE_24143 class nl.tudelft.rdfgears.rgl.datamodel.value.impl.ModifiableRecord
1909
RGL_VALUE_24145 class nl.tudelft.rdfgears.rgl.datamodel.value.impl.ModifiableRecord
1910
RGL_VALUE_24147 class nl.tudelft.rdfgears.rgl.datamodel.value.impl.ModifiableRecord
1911
RGL_VALUE_24149 class nl.tudelft.rdfgears.rgl.datamodel.value.impl.ModifiableRecord
1912
RGL_VALUE_24151 class nl.tudelft.rdfgears.rgl.datamodel.value.impl.ModifiableRecord
1913
RGL_VALUE_24153 class nl.tudelft.rdfgears.rgl.datamodel.value.impl.ModifiableRecord
1914
RGL_VALUE_24155 class nl.tudelft.rdfgears.rgl.datamodel.value.impl.ModifiableRecord
1915
RGL_VALUE_24157 class nl.tudelft.rdfgears.rgl.datamodel.value.impl.ModifiableRecord
1916
RGL_VALUE_24159 class nl.tudelft.rdfgears.rgl.datamodel.value.impl.ModifiableRecord
1917
RGL_VALUE_24161 class nl.tudelft.rdfgears.rgl.datamodel.value.impl.ModifiableRecord
1918
RGL_VALUE_24163 class nl.tudelft.rdfgears.rgl.datamodel.value.impl.ModifiableRecord
1919
RGL_VALUE_24165 class nl.tudelft.rdfgears.rgl.datamodel.value.impl.ModifiableRecord
1920
RGL_VALUE_24167 class nl.tudelft.rdfgears.rgl.datamodel.value.impl.ModifiableRecord
1921
RGL_VALUE_24169 class nl.tudelft.rdfgears.rgl.datamodel.value.impl.ModifiableRecord
1922
RGL_VALUE_24171 class nl.tudelft.rdfgears.rgl.datamodel.value.impl.ModifiableRecord
1923
RGL_VALUE_24173 class nl.tudelft.rdfgears.rgl.datamodel.value.impl.ModifiableRecord
1924
RGL_VALUE_24175 class nl.tudelft.rdfgears.rgl.datamodel.value.impl.ModifiableRecord
1925
RGL_VALUE_24177 class nl.tudelft.rdfgears.rgl.datamodel.value.impl.ModifiableRecord
1926
RGL_VALUE_24179 class nl.tudelft.rdfgears.rgl.datamodel.value.impl.ModifiableRecord
1927
RGL_VALUE_24181 class nl.tudelft.rdfgears.rgl.datamodel.value.impl.ModifiableRecord
1928
RGL_VALUE_24183 class nl.tudelft.rdfgears.rgl.datamodel.value.impl.ModifiableRecord
1929
RGL_VALUE_24185 class nl.tudelft.rdfgears.rgl.datamodel.value.impl.ModifiableRecord
1930
RGL_VALUE_24187 class nl.tudelft.rdfgears.rgl.datamodel.value.impl.ModifiableRecord
1931
RGL_VALUE_24189 class nl.tudelft.rdfgears.rgl.datamodel.value.impl.ModifiableRecord
1932
RGL_VALUE_24191 class nl.tudelft.rdfgears.rgl.datamodel.value.impl.ModifiableRecord
1933
RGL_VALUE_24193 class nl.tudelft.rdfgears.rgl.datamodel.value.impl.ModifiableRecord
1934
RGL_VALUE_24195 class nl.tudelft.rdfgears.rgl.datamodel.value.impl.ModifiableRecord
1935
RGL_VALUE_24197 class nl.tudelft.rdfgears.rgl.datamodel.value.impl.ModifiableRecord
1936
RGL_VALUE_24199 class nl.tudelft.rdfgears.rgl.datamodel.value.impl.ModifiableRecord
1937
RGL_VALUE_24201 class nl.tudelft.rdfgears.rgl.datamodel.value.impl.ModifiableRecord
1938
RGL_VALUE_24203 class nl.tudelft.rdfgears.rgl.datamodel.value.impl.ModifiableRecord
1939
RGL_VALUE_24205 class nl.tudelft.rdfgears.rgl.datamodel.value.impl.ModifiableRecord
1940
RGL_VALUE_24207 class nl.tudelft.rdfgears.rgl.datamodel.value.impl.ModifiableRecord
1941
RGL_VALUE_24209 class nl.tudelft.rdfgears.rgl.datamodel.value.impl.ModifiableRecord
1942
RGL_VALUE_24211 class nl.tudelft.rdfgears.rgl.datamodel.value.impl.ModifiableRecord
1943
RGL_VALUE_24213 class nl.tudelft.rdfgears.rgl.datamodel.value.impl.ModifiableRecord
1944
RGL_VALUE_24215 class nl.tudelft.rdfgears.rgl.datamodel.value.impl.ModifiableRecord
1945
RGL_VALUE_24217 class nl.tudelft.rdfgears.rgl.datamodel.value.impl.ModifiableRecord
1946
RGL_VALUE_24219 class nl.tudelft.rdfgears.rgl.datamodel.value.impl.ModifiableRecord
1947
RGL_VALUE_24221 class nl.tudelft.rdfgears.rgl.datamodel.value.impl.ModifiableRecord
1948
RGL_VALUE_24223 class nl.tudelft.rdfgears.rgl.datamodel.value.impl.ModifiableRecord
1949
RGL_VALUE_24225 class nl.tudelft.rdfgears.rgl.datamodel.value.impl.ModifiableRecord
1950
RGL_VALUE_24227 class nl.tudelft.rdfgears.rgl.datamodel.value.impl.ModifiableRecord
1951
RGL_VALUE_24229 class nl.tudelft.rdfgears.rgl.datamodel.value.impl.ModifiableRecord
1952
RGL_VALUE_24231 class nl.tudelft.rdfgears.rgl.datamodel.value.impl.ModifiableRecord
1953
RGL_VALUE_24233 class nl.tudelft.rdfgears.rgl.datamodel.value.impl.ModifiableRecord
1954
RGL_VALUE_24235 class nl.tudelft.rdfgears.rgl.datamodel.value.impl.ModifiableRecord
1955
RGL_VALUE_24237 class nl.tudelft.rdfgears.rgl.datamodel.value.impl.ModifiableRecord
1956
RGL_VALUE_24239 class nl.tudelft.rdfgears.rgl.datamodel.value.impl.ModifiableRecord
1957
RGL_VALUE_24241 class nl.tudelft.rdfgears.rgl.datamodel.value.impl.ModifiableRecord
1958
RGL_VALUE_24243 class nl.tudelft.rdfgears.rgl.datamodel.value.impl.ModifiableRecord
1959
RGL_VALUE_24245 class nl.tudelft.rdfgears.rgl.datamodel.value.impl.ModifiableRecord
1960
RGL_VALUE_24247 class nl.tudelft.rdfgears.rgl.datamodel.value.impl.ModifiableRecord
1961
RGL_VALUE_24249 class nl.tudelft.rdfgears.rgl.datamodel.value.impl.ModifiableRecord
1962
RGL_VALUE_24251 class nl.tudelft.rdfgears.rgl.datamodel.value.impl.ModifiableRecord
1963
RGL_VALUE_24253 class nl.tudelft.rdfgears.rgl.datamodel.value.impl.ModifiableRecord
1964
RGL_VALUE_24255 class nl.tudelft.rdfgears.rgl.datamodel.value.impl.ModifiableRecord
1965
RGL_VALUE_24257 class nl.tudelft.rdfgears.rgl.datamodel.value.impl.ModifiableRecord
1966
RGL_VALUE_24259 class nl.tudelft.rdfgears.rgl.datamodel.value.impl.ModifiableRecord
1967
RGL_VALUE_24261 class nl.tudelft.rdfgears.rgl.datamodel.value.impl.ModifiableRecord
1968
RGL_VALUE_24263 class nl.tudelft.rdfgears.rgl.datamodel.value.impl.ModifiableRecord
1969
RGL_VALUE_24265 class nl.tudelft.rdfgears.rgl.datamodel.value.impl.ModifiableRecord
1970
RGL_VALUE_24267 class nl.tudelft.rdfgears.rgl.datamodel.value.impl.ModifiableRecord
1971
RGL_VALUE_24269 class nl.tudelft.rdfgears.rgl.datamodel.value.impl.ModifiableRecord
1972
RGL_VALUE_24271 class nl.tudelft.rdfgears.rgl.datamodel.value.impl.ModifiableRecord
1973
RGL_VALUE_24273 class nl.tudelft.rdfgears.rgl.datamodel.value.impl.ModifiableRecord
1974
RGL_VALUE_24275 class nl.tudelft.rdfgears.rgl.datamodel.value.impl.ModifiableRecord
1975
RGL_VALUE_24277 class nl.tudelft.rdfgears.rgl.datamodel.value.impl.ModifiableRecord
1976
RGL_VALUE_24279 class nl.tudelft.rdfgears.rgl.datamodel.value.impl.ModifiableRecord
1977
RGL_VALUE_24281 class nl.tudelft.rdfgears.rgl.datamodel.value.impl.ModifiableRecord
1978
RGL_VALUE_24283 class nl.tudelft.rdfgears.rgl.datamodel.value.impl.ModifiableRecord
1979
RGL_VALUE_24285 class nl.tudelft.rdfgears.rgl.datamodel.value.impl.ModifiableRecord
1980
RGL_VALUE_24287 class nl.tudelft.rdfgears.rgl.datamodel.value.impl.ModifiableRecord
1981
RGL_VALUE_24289 class nl.tudelft.rdfgears.rgl.datamodel.value.impl.ModifiableRecord
1982
RGL_VALUE_24291 class nl.tudelft.rdfgears.rgl.datamodel.value.impl.ModifiableRecord
1983
RGL_VALUE_24293 class nl.tudelft.rdfgears.rgl.datamodel.value.impl.ModifiableRecord
1984
RGL_VALUE_24295 class nl.tudelft.rdfgears.rgl.datamodel.value.impl.ModifiableRecord
1985
RGL_VALUE_24297 class nl.tudelft.rdfgears.rgl.datamodel.value.impl.ModifiableRecord
1986
RGL_VALUE_24299 class nl.tudelft.rdfgears.rgl.datamodel.value.impl.ModifiableRecord
1987
RGL_VALUE_24301 class nl.tudelft.rdfgears.rgl.datamodel.value.impl.ModifiableRecord
1988
RGL_VALUE_24303 class nl.tudelft.rdfgears.rgl.datamodel.value.impl.ModifiableRecord
1989
RGL_VALUE_24305 class nl.tudelft.rdfgears.rgl.datamodel.value.impl.ModifiableRecord
1990
RGL_VALUE_24307 class nl.tudelft.rdfgears.rgl.datamodel.value.impl.ModifiableRecord
1991
RGL_VALUE_24309 class nl.tudelft.rdfgears.rgl.datamodel.value.impl.ModifiableRecord
1992
RGL_VALUE_24311 class nl.tudelft.rdfgears.rgl.datamodel.value.impl.ModifiableRecord
1993
RGL_VALUE_24313 class nl.tudelft.rdfgears.rgl.datamodel.value.impl.ModifiableRecord
1994
RGL_VALUE_24315 class nl.tudelft.rdfgears.rgl.datamodel.value.impl.ModifiableRecord
1995
RGL_VALUE_24317 class nl.tudelft.rdfgears.rgl.datamodel.value.impl.ModifiableRecord
1996
RGL_VALUE_24319 class nl.tudelft.rdfgears.rgl.datamodel.value.impl.ModifiableRecord
1997
RGL_VALUE_24321 class nl.tudelft.rdfgears.rgl.datamodel.value.impl.ModifiableRecord
1998
RGL_VALUE_24323 class nl.tudelft.rdfgears.rgl.datamodel.value.impl.ModifiableRecord
1999
RGL_VALUE_24325 class nl.tudelft.rdfgears.rgl.datamodel.value.impl.ModifiableRecord
2000
RGL_VALUE_24328 class nl.tudelft.rdfgears.rgl.datamodel.value.impl.ModifiableRecord
2001
RGL_VALUE_24330 class nl.tudelft.rdfgears.rgl.datamodel.value.impl.ModifiableRecord
2002
RGL_VALUE_24332 class nl.tudelft.rdfgears.rgl.datamodel.value.impl.ModifiableRecord
2003
RGL_VALUE_24334 class nl.tudelft.rdfgears.rgl.datamodel.value.impl.ModifiableRecord
2004
RGL_VALUE_24336 class nl.tudelft.rdfgears.rgl.datamodel.value.impl.ModifiableRecord
2005
RGL_VALUE_24338 class nl.tudelft.rdfgears.rgl.datamodel.value.impl.ModifiableRecord
2006
RGL_VALUE_24340 class nl.tudelft.rdfgears.rgl.datamodel.value.impl.ModifiableRecord
2007
RGL_VALUE_24342 class nl.tudelft.rdfgears.rgl.datamodel.value.impl.ModifiableRecord
2008
RGL_VALUE_24344 class nl.tudelft.rdfgears.rgl.datamodel.value.impl.ModifiableRecord
2009
RGL_VALUE_24346 class nl.tudelft.rdfgears.rgl.datamodel.value.impl.ModifiableRecord
2010
RGL_VALUE_24348 class nl.tudelft.rdfgears.rgl.datamodel.value.impl.ModifiableRecord
2011
RGL_VALUE_24350 class nl.tudelft.rdfgears.rgl.datamodel.value.impl.ModifiableRecord
2012
RGL_VALUE_24352 class nl.tudelft.rdfgears.rgl.datamodel.value.impl.ModifiableRecord
2013
RGL_VALUE_24354 class nl.tudelft.rdfgears.rgl.datamodel.value.impl.ModifiableRecord
2014
RGL_VALUE_24356 class nl.tudelft.rdfgears.rgl.datamodel.value.impl.ModifiableRecord
2015
RGL_VALUE_24358 class nl.tudelft.rdfgears.rgl.datamodel.value.impl.ModifiableRecord
2016
RGL_VALUE_24360 class nl.tudelft.rdfgears.rgl.datamodel.value.impl.ModifiableRecord
2017
RGL_VALUE_24362 class nl.tudelft.rdfgears.rgl.datamodel.value.impl.ModifiableRecord
2018
RGL_VALUE_24364 class nl.tudelft.rdfgears.rgl.datamodel.value.impl.ModifiableRecord
2019
RGL_VALUE_24366 class nl.tudelft.rdfgears.rgl.datamodel.value.impl.ModifiableRecord
2020
RGL_VALUE_24368 class nl.tudelft.rdfgears.rgl.datamodel.value.impl.ModifiableRecord
2021
RGL_VALUE_24370 class nl.tudelft.rdfgears.rgl.datamodel.value.impl.ModifiableRecord
2022
RGL_VALUE_24372 class nl.tudelft.rdfgears.rgl.datamodel.value.impl.ModifiableRecord
2023
RGL_VALUE_24374 class nl.tudelft.rdfgears.rgl.datamodel.value.impl.ModifiableRecord
2024
RGL_VALUE_24376 class nl.tudelft.rdfgears.rgl.datamodel.value.impl.ModifiableRecord
2025
RGL_VALUE_24378 class nl.tudelft.rdfgears.rgl.datamodel.value.impl.ModifiableRecord
2026
RGL_VALUE_24380 class nl.tudelft.rdfgears.rgl.datamodel.value.impl.ModifiableRecord
2027
RGL_VALUE_24382 class nl.tudelft.rdfgears.rgl.datamodel.value.impl.ModifiableRecord
2028
RGL_VALUE_24384 class nl.tudelft.rdfgears.rgl.datamodel.value.impl.ModifiableRecord
2029
RGL_VALUE_24386 class nl.tudelft.rdfgears.rgl.datamodel.value.impl.ModifiableRecord
2030
RGL_VALUE_24388 class nl.tudelft.rdfgears.rgl.datamodel.value.impl.ModifiableRecord
2031
RGL_VALUE_24390 class nl.tudelft.rdfgears.rgl.datamodel.value.impl.ModifiableRecord
2032
RGL_VALUE_24392 class nl.tudelft.rdfgears.rgl.datamodel.value.impl.ModifiableRecord
2033
RGL_VALUE_24394 class nl.tudelft.rdfgears.rgl.datamodel.value.impl.ModifiableRecord
2034
RGL_VALUE_24396 class nl.tudelft.rdfgears.rgl.datamodel.value.impl.ModifiableRecord
2035
RGL_VALUE_24398 class nl.tudelft.rdfgears.rgl.datamodel.value.impl.ModifiableRecord
2036
RGL_VALUE_24400 class nl.tudelft.rdfgears.rgl.datamodel.value.impl.ModifiableRecord
2037
RGL_VALUE_24402 class nl.tudelft.rdfgears.rgl.datamodel.value.impl.ModifiableRecord
2038
RGL_VALUE_24404 class nl.tudelft.rdfgears.rgl.datamodel.value.impl.ModifiableRecord
2039
RGL_VALUE_24406 class nl.tudelft.rdfgears.rgl.datamodel.value.impl.ModifiableRecord
2040
RGL_VALUE_24408 class nl.tudelft.rdfgears.rgl.datamodel.value.impl.ModifiableRecord
2041
RGL_VALUE_24410 class nl.tudelft.rdfgears.rgl.datamodel.value.impl.ModifiableRecord
2042
RGL_VALUE_24412 class nl.tudelft.rdfgears.rgl.datamodel.value.impl.ModifiableRecord
2043
RGL_VALUE_24414 class nl.tudelft.rdfgears.rgl.datamodel.value.impl.ModifiableRecord
2044
RGL_VALUE_24416 class nl.tudelft.rdfgears.rgl.datamodel.value.impl.ModifiableRecord
2045
RGL_VALUE_24418 class nl.tudelft.rdfgears.rgl.datamodel.value.impl.ModifiableRecord
2046
RGL_VALUE_24420 class nl.tudelft.rdfgears.rgl.datamodel.value.impl.ModifiableRecord
2047
RGL_VALUE_24422 class nl.tudelft.rdfgears.rgl.datamodel.value.impl.ModifiableRecord
2048
RGL_VALUE_24424 class nl.tudelft.rdfgears.rgl.datamodel.value.impl.ModifiableRecord
2049
RGL_VALUE_24426 class nl.tudelft.rdfgears.rgl.datamodel.value.impl.ModifiableRecord
2050
RGL_VALUE_24428 class nl.tudelft.rdfgears.rgl.datamodel.value.impl.ModifiableRecord
2051
RGL_VALUE_24430 class nl.tudelft.rdfgears.rgl.datamodel.value.impl.ModifiableRecord
2052
RGL_VALUE_24432 class nl.tudelft.rdfgears.rgl.datamodel.value.impl.ModifiableRecord
2053
RGL_VALUE_24434 class nl.tudelft.rdfgears.rgl.datamodel.value.impl.ModifiableRecord
2054
RGL_VALUE_24436 class nl.tudelft.rdfgears.rgl.datamodel.value.impl.ModifiableRecord
2055
RGL_VALUE_24438 class nl.tudelft.rdfgears.rgl.datamodel.value.impl.ModifiableRecord
2056
RGL_VALUE_24440 class nl.tudelft.rdfgears.rgl.datamodel.value.impl.ModifiableRecord
2057
RGL_VALUE_24442 class nl.tudelft.rdfgears.rgl.datamodel.value.impl.ModifiableRecord
2058
RGL_VALUE_24444 class nl.tudelft.rdfgears.rgl.datamodel.value.impl.ModifiableRecord
2059
RGL_VALUE_24446 class nl.tudelft.rdfgears.rgl.datamodel.value.impl.ModifiableRecord
2060
RGL_VALUE_24448 class nl.tudelft.rdfgears.rgl.datamodel.value.impl.ModifiableRecord
2061
RGL_VALUE_24450 class nl.tudelft.rdfgears.rgl.datamodel.value.impl.ModifiableRecord
2062
RGL_VALUE_24452 class nl.tudelft.rdfgears.rgl.datamodel.value.impl.ModifiableRecord
2063
RGL_VALUE_24454 class nl.tudelft.rdfgears.rgl.datamodel.value.impl.ModifiableRecord
2064
RGL_VALUE_24456 class nl.tudelft.rdfgears.rgl.datamodel.value.impl.ModifiableRecord
2065
RGL_VALUE_24458 class nl.tudelft.rdfgears.rgl.datamodel.value.impl.ModifiableRecord
2066
RGL_VALUE_24460 class nl.tudelft.rdfgears.rgl.datamodel.value.impl.ModifiableRecord
2067
RGL_VALUE_24462 class nl.tudelft.rdfgears.rgl.datamodel.value.impl.ModifiableRecord
2068
RGL_VALUE_24464 class nl.tudelft.rdfgears.rgl.datamodel.value.impl.ModifiableRecord
2069
RGL_VALUE_24466 class nl.tudelft.rdfgears.rgl.datamodel.value.impl.ModifiableRecord
2070
RGL_VALUE_24468 class nl.tudelft.rdfgears.rgl.datamodel.value.impl.ModifiableRecord
2071
RGL_VALUE_24470 class nl.tudelft.rdfgears.rgl.datamodel.value.impl.ModifiableRecord
2072
RGL_VALUE_24472 class nl.tudelft.rdfgears.rgl.datamodel.value.impl.ModifiableRecord
2073
RGL_VALUE_24474 class nl.tudelft.rdfgears.rgl.datamodel.value.impl.ModifiableRecord
2074
RGL_VALUE_24476 class nl.tudelft.rdfgears.rgl.datamodel.value.impl.ModifiableRecord
2075
RGL_VALUE_24478 class nl.tudelft.rdfgears.rgl.datamodel.value.impl.ModifiableRecord
2076
RGL_VALUE_24480 class nl.tudelft.rdfgears.rgl.datamodel.value.impl.ModifiableRecord
2077
RGL_VALUE_24482 class nl.tudelft.rdfgears.rgl.datamodel.value.impl.ModifiableRecord
2078
RGL_VALUE_24484 class nl.tudelft.rdfgears.rgl.datamodel.value.impl.ModifiableRecord
2079
RGL_VALUE_24486 class nl.tudelft.rdfgears.rgl.datamodel.value.impl.ModifiableRecord
2080
RGL_VALUE_24488 class nl.tudelft.rdfgears.rgl.datamodel.value.impl.ModifiableRecord
2081
RGL_VALUE_24490 class nl.tudelft.rdfgears.rgl.datamodel.value.impl.ModifiableRecord
2082
RGL_VALUE_24492 class nl.tudelft.rdfgears.rgl.datamodel.value.impl.ModifiableRecord
2083
RGL_VALUE_24494 class nl.tudelft.rdfgears.rgl.datamodel.value.impl.ModifiableRecord
2084
RGL_VALUE_24496 class nl.tudelft.rdfgears.rgl.datamodel.value.impl.ModifiableRecord
2085
RGL_VALUE_24498 class nl.tudelft.rdfgears.rgl.datamodel.value.impl.ModifiableRecord
2086
RGL_VALUE_24500 class nl.tudelft.rdfgears.rgl.datamodel.value.impl.ModifiableRecord
2087
RGL_VALUE_24502 class nl.tudelft.rdfgears.rgl.datamodel.value.impl.ModifiableRecord
2088
RGL_VALUE_24504 class nl.tudelft.rdfgears.rgl.datamodel.value.impl.ModifiableRecord
2089
RGL_VALUE_24506 class nl.tudelft.rdfgears.rgl.datamodel.value.impl.ModifiableRecord
2090
RGL_VALUE_24508 class nl.tudelft.rdfgears.rgl.datamodel.value.impl.ModifiableRecord
2091
RGL_VALUE_24510 class nl.tudelft.rdfgears.rgl.datamodel.value.impl.ModifiableRecord
2092
RGL_VALUE_24512 class nl.tudelft.rdfgears.rgl.datamodel.value.impl.ModifiableRecord
2093
RGL_VALUE_24514 class nl.tudelft.rdfgears.rgl.datamodel.value.impl.ModifiableRecord
2094
RGL_VALUE_24516 class nl.tudelft.rdfgears.rgl.datamodel.value.impl.ModifiableRecord
2095
RGL_VALUE_24518 class nl.tudelft.rdfgears.rgl.datamodel.value.impl.ModifiableRecord
2096
RGL_VALUE_24520 class nl.tudelft.rdfgears.rgl.datamodel.value.impl.ModifiableRecord
2097
RGL_VALUE_24522 class nl.tudelft.rdfgears.rgl.datamodel.value.impl.ModifiableRecord
2098
RGL_VALUE_24524 class nl.tudelft.rdfgears.rgl.datamodel.value.impl.ModifiableRecord
2099
RGL_VALUE_24526 class nl.tudelft.rdfgears.rgl.datamodel.value.impl.ModifiableRecord
2100
RGL_VALUE_24529 class nl.tudelft.rdfgears.rgl.datamodel.value.impl.ModifiableRecord
2101
RGL_VALUE_24531 class nl.tudelft.rdfgears.rgl.datamodel.value.impl.ModifiableRecord
2102
RGL_VALUE_24533 class nl.tudelft.rdfgears.rgl.datamodel.value.impl.ModifiableRecord
2103
RGL_VALUE_24535 class nl.tudelft.rdfgears.rgl.datamodel.value.impl.ModifiableRecord
2104
RGL_VALUE_24537 class nl.tudelft.rdfgears.rgl.datamodel.value.impl.ModifiableRecord
2105
RGL_VALUE_24539 class nl.tudelft.rdfgears.rgl.datamodel.value.impl.ModifiableRecord
2106
RGL_VALUE_24541 class nl.tudelft.rdfgears.rgl.datamodel.value.impl.ModifiableRecord
2107
RGL_VALUE_24543 class nl.tudelft.rdfgears.rgl.datamodel.value.impl.ModifiableRecord
2108
RGL_VALUE_24545 class nl.tudelft.rdfgears.rgl.datamodel.value.impl.ModifiableRecord
2109
RGL_VALUE_24547 class nl.tudelft.rdfgears.rgl.datamodel.value.impl.ModifiableRecord
2110
RGL_VALUE_24549 class nl.tudelft.rdfgears.rgl.datamodel.value.impl.ModifiableRecord
2111
RGL_VALUE_24551 class nl.tudelft.rdfgears.rgl.datamodel.value.impl.ModifiableRecord
2112
RGL_VALUE_24553 class nl.tudelft.rdfgears.rgl.datamodel.value.impl.ModifiableRecord
2113
RGL_VALUE_24555 class nl.tudelft.rdfgears.rgl.datamodel.value.impl.ModifiableRecord
2114
RGL_VALUE_24557 class nl.tudelft.rdfgears.rgl.datamodel.value.impl.ModifiableRecord
2115
RGL_VALUE_24559 class nl.tudelft.rdfgears.rgl.datamodel.value.impl.ModifiableRecord
2116
RGL_VALUE_24561 class nl.tudelft.rdfgears.rgl.datamodel.value.impl.ModifiableRecord
2117
RGL_VALUE_24563 class nl.tudelft.rdfgears.rgl.datamodel.value.impl.ModifiableRecord
2118
RGL_VALUE_24565 class nl.tudelft.rdfgears.rgl.datamodel.value.impl.ModifiableRecord
2119
RGL_VALUE_24567 class nl.tudelft.rdfgears.rgl.datamodel.value.impl.ModifiableRecord
2120
RGL_VALUE_24569 class nl.tudelft.rdfgears.rgl.datamodel.value.impl.ModifiableRecord
2121
RGL_VALUE_24571 class nl.tudelft.rdfgears.rgl.datamodel.value.impl.ModifiableRecord
2122
RGL_VALUE_24573 class nl.tudelft.rdfgears.rgl.datamodel.value.impl.ModifiableRecord
2123
RGL_VALUE_24575 class nl.tudelft.rdfgears.rgl.datamodel.value.impl.ModifiableRecord
2124
RGL_VALUE_24577 class nl.tudelft.rdfgears.rgl.datamodel.value.impl.ModifiableRecord
2125
RGL_VALUE_24579 class nl.tudelft.rdfgears.rgl.datamodel.value.impl.ModifiableRecord
2126
RGL_VALUE_24581 class nl.tudelft.rdfgears.rgl.datamodel.value.impl.ModifiableRecord
2127
RGL_VALUE_24583 class nl.tudelft.rdfgears.rgl.datamodel.value.impl.ModifiableRecord
2128
RGL_VALUE_24585 class nl.tudelft.rdfgears.rgl.datamodel.value.impl.ModifiableRecord
2129
RGL_VALUE_24587 class nl.tudelft.rdfgears.rgl.datamodel.value.impl.ModifiableRecord
2130
RGL_VALUE_24589 class nl.tudelft.rdfgears.rgl.datamodel.value.impl.ModifiableRecord
2131
RGL_VALUE_24591 class nl.tudelft.rdfgears.rgl.datamodel.value.impl.ModifiableRecord
2132
RGL_VALUE_24593 class nl.tudelft.rdfgears.rgl.datamodel.value.impl.ModifiableRecord
2133
RGL_VALUE_24595 class nl.tudelft.rdfgears.rgl.datamodel.value.impl.ModifiableRecord
2134
RGL_VALUE_24597 class nl.tudelft.rdfgears.rgl.datamodel.value.impl.ModifiableRecord
2135
RGL_VALUE_24599 class nl.tudelft.rdfgears.rgl.datamodel.value.impl.ModifiableRecord
2136
RGL_VALUE_24601 class nl.tudelft.rdfgears.rgl.datamodel.value.impl.ModifiableRecord
2137
RGL_VALUE_24603 class nl.tudelft.rdfgears.rgl.datamodel.value.impl.ModifiableRecord
2138
RGL_VALUE_24605 class nl.tudelft.rdfgears.rgl.datamodel.value.impl.ModifiableRecord
2139
RGL_VALUE_24607 class nl.tudelft.rdfgears.rgl.datamodel.value.impl.ModifiableRecord
2140
RGL_VALUE_24609 class nl.tudelft.rdfgears.rgl.datamodel.value.impl.ModifiableRecord
2141
RGL_VALUE_24611 class nl.tudelft.rdfgears.rgl.datamodel.value.impl.ModifiableRecord
2142
RGL_VALUE_24613 class nl.tudelft.rdfgears.rgl.datamodel.value.impl.ModifiableRecord
2143
RGL_VALUE_24615 class nl.tudelft.rdfgears.rgl.datamodel.value.impl.ModifiableRecord
2144
RGL_VALUE_24617 class nl.tudelft.rdfgears.rgl.datamodel.value.impl.ModifiableRecord
2145
RGL_VALUE_24619 class nl.tudelft.rdfgears.rgl.datamodel.value.impl.ModifiableRecord
2146
RGL_VALUE_24621 class nl.tudelft.rdfgears.rgl.datamodel.value.impl.ModifiableRecord
2147
RGL_VALUE_24623 class nl.tudelft.rdfgears.rgl.datamodel.value.impl.ModifiableRecord
2148
RGL_VALUE_24625 class nl.tudelft.rdfgears.rgl.datamodel.value.impl.ModifiableRecord
2149
RGL_VALUE_24627 class nl.tudelft.rdfgears.rgl.datamodel.value.impl.ModifiableRecord
2150
RGL_VALUE_24629 class nl.tudelft.rdfgears.rgl.datamodel.value.impl.ModifiableRecord
2151
RGL_VALUE_24631 class nl.tudelft.rdfgears.rgl.datamodel.value.impl.ModifiableRecord
2152
RGL_VALUE_24633 class nl.tudelft.rdfgears.rgl.datamodel.value.impl.ModifiableRecord
2153
RGL_VALUE_24635 class nl.tudelft.rdfgears.rgl.datamodel.value.impl.ModifiableRecord
2154
RGL_VALUE_24637 class nl.tudelft.rdfgears.rgl.datamodel.value.impl.ModifiableRecord
2155
RGL_VALUE_24639 class nl.tudelft.rdfgears.rgl.datamodel.value.impl.ModifiableRecord
2156
RGL_VALUE_24641 class nl.tudelft.rdfgears.rgl.datamodel.value.impl.ModifiableRecord
2157
RGL_VALUE_24643 class nl.tudelft.rdfgears.rgl.datamodel.value.impl.ModifiableRecord
2158
RGL_VALUE_24645 class nl.tudelft.rdfgears.rgl.datamodel.value.impl.ModifiableRecord
2159
RGL_VALUE_24647 class nl.tudelft.rdfgears.rgl.datamodel.value.impl.ModifiableRecord
2160
RGL_VALUE_24649 class nl.tudelft.rdfgears.rgl.datamodel.value.impl.ModifiableRecord
2161
RGL_VALUE_24651 class nl.tudelft.rdfgears.rgl.datamodel.value.impl.ModifiableRecord
2162
RGL_VALUE_24653 class nl.tudelft.rdfgears.rgl.datamodel.value.impl.ModifiableRecord
2163
RGL_VALUE_24655 class nl.tudelft.rdfgears.rgl.datamodel.value.impl.ModifiableRecord
2164
RGL_VALUE_24657 class nl.tudelft.rdfgears.rgl.datamodel.value.impl.ModifiableRecord
2165
RGL_VALUE_24659 class nl.tudelft.rdfgears.rgl.datamodel.value.impl.ModifiableRecord
2166
RGL_VALUE_24661 class nl.tudelft.rdfgears.rgl.datamodel.value.impl.ModifiableRecord
2167
RGL_VALUE_24663 class nl.tudelft.rdfgears.rgl.datamodel.value.impl.ModifiableRecord
2168
RGL_VALUE_24665 class nl.tudelft.rdfgears.rgl.datamodel.value.impl.ModifiableRecord
2169
RGL_VALUE_24667 class nl.tudelft.rdfgears.rgl.datamodel.value.impl.ModifiableRecord
2170
RGL_VALUE_24669 class nl.tudelft.rdfgears.rgl.datamodel.value.impl.ModifiableRecord
2171
RGL_VALUE_24671 class nl.tudelft.rdfgears.rgl.datamodel.value.impl.ModifiableRecord
2172
RGL_VALUE_24673 class nl.tudelft.rdfgears.rgl.datamodel.value.impl.ModifiableRecord
2173
RGL_VALUE_24675 class nl.tudelft.rdfgears.rgl.datamodel.value.impl.ModifiableRecord
2174
RGL_VALUE_24677 class nl.tudelft.rdfgears.rgl.datamodel.value.impl.ModifiableRecord
2175
RGL_VALUE_24679 class nl.tudelft.rdfgears.rgl.datamodel.value.impl.ModifiableRecord
2176
RGL_VALUE_24681 class nl.tudelft.rdfgears.rgl.datamodel.value.impl.ModifiableRecord
2177
RGL_VALUE_24683 class nl.tudelft.rdfgears.rgl.datamodel.value.impl.ModifiableRecord
2178
RGL_VALUE_24685 class nl.tudelft.rdfgears.rgl.datamodel.value.impl.ModifiableRecord
2179
RGL_VALUE_24687 class nl.tudelft.rdfgears.rgl.datamodel.value.impl.ModifiableRecord
2180
RGL_VALUE_24689 class nl.tudelft.rdfgears.rgl.datamodel.value.impl.ModifiableRecord
2181
RGL_VALUE_24691 class nl.tudelft.rdfgears.rgl.datamodel.value.impl.ModifiableRecord
2182
RGL_VALUE_24693 class nl.tudelft.rdfgears.rgl.datamodel.value.impl.ModifiableRecord
2183
RGL_VALUE_24695 class nl.tudelft.rdfgears.rgl.datamodel.value.impl.ModifiableRecord
2184
RGL_VALUE_24697 class nl.tudelft.rdfgears.rgl.datamodel.value.impl.ModifiableRecord
2185
RGL_VALUE_24699 class nl.tudelft.rdfgears.rgl.datamodel.value.impl.ModifiableRecord
2186
RGL_VALUE_24701 class nl.tudelft.rdfgears.rgl.datamodel.value.impl.ModifiableRecord
2187
RGL_VALUE_24703 class nl.tudelft.rdfgears.rgl.datamodel.value.impl.ModifiableRecord
2188
RGL_VALUE_24705 class nl.tudelft.rdfgears.rgl.datamodel.value.impl.ModifiableRecord
2189
RGL_VALUE_24707 class nl.tudelft.rdfgears.rgl.datamodel.value.impl.ModifiableRecord
2190
RGL_VALUE_24709 class nl.tudelft.rdfgears.rgl.datamodel.value.impl.ModifiableRecord
2191
RGL_VALUE_24711 class nl.tudelft.rdfgears.rgl.datamodel.value.impl.ModifiableRecord
2192
RGL_VALUE_24713 class nl.tudelft.rdfgears.rgl.datamodel.value.impl.ModifiableRecord
2193
RGL_VALUE_24715 class nl.tudelft.rdfgears.rgl.datamodel.value.impl.ModifiableRecord
2194
RGL_VALUE_24717 class nl.tudelft.rdfgears.rgl.datamodel.value.impl.ModifiableRecord
2195
RGL_VALUE_24719 class nl.tudelft.rdfgears.rgl.datamodel.value.impl.ModifiableRecord
2196
RGL_VALUE_24721 class nl.tudelft.rdfgears.rgl.datamodel.value.impl.ModifiableRecord
2197
RGL_VALUE_24723 class nl.tudelft.rdfgears.rgl.datamodel.value.impl.ModifiableRecord
2198
RGL_VALUE_24725 class nl.tudelft.rdfgears.rgl.datamodel.value.impl.ModifiableRecord
2199
RGL_VALUE_24727 class nl.tudelft.rdfgears.rgl.datamodel.value.impl.ModifiableRecord
2200
RGL_VALUE_24730 class nl.tudelft.rdfgears.rgl.datamodel.value.impl.ModifiableRecord
2201
RGL_VALUE_24732 class nl.tudelft.rdfgears.rgl.datamodel.value.impl.ModifiableRecord
2202
RGL_VALUE_24734 class nl.tudelft.rdfgears.rgl.datamodel.value.impl.ModifiableRecord
2203
RGL_VALUE_24736 class nl.tudelft.rdfgears.rgl.datamodel.value.impl.ModifiableRecord
2204
RGL_VALUE_24738 class nl.tudelft.rdfgears.rgl.datamodel.value.impl.ModifiableRecord
2205
RGL_VALUE_24740 class nl.tudelft.rdfgears.rgl.datamodel.value.impl.ModifiableRecord
2206
RGL_VALUE_24742 class nl.tudelft.rdfgears.rgl.datamodel.value.impl.ModifiableRecord
2207
RGL_VALUE_24744 class nl.tudelft.rdfgears.rgl.datamodel.value.impl.ModifiableRecord
2208
RGL_VALUE_24746 class nl.tudelft.rdfgears.rgl.datamodel.value.impl.ModifiableRecord
2209
RGL_VALUE_24748 class nl.tudelft.rdfgears.rgl.datamodel.value.impl.ModifiableRecord
2210
RGL_VALUE_24750 class nl.tudelft.rdfgears.rgl.datamodel.value.impl.ModifiableRecord
2211
RGL_VALUE_24752 class nl.tudelft.rdfgears.rgl.datamodel.value.impl.ModifiableRecord
2212
RGL_VALUE_24754 class nl.tudelft.rdfgears.rgl.datamodel.value.impl.ModifiableRecord
2213
RGL_VALUE_24756 class nl.tudelft.rdfgears.rgl.datamodel.value.impl.ModifiableRecord
2214
RGL_VALUE_24758 class nl.tudelft.rdfgears.rgl.datamodel.value.impl.ModifiableRecord
2215
RGL_VALUE_24760 class nl.tudelft.rdfgears.rgl.datamodel.value.impl.ModifiableRecord
2216
RGL_VALUE_24762 class nl.tudelft.rdfgears.rgl.datamodel.value.impl.ModifiableRecord
2217
RGL_VALUE_24764 class nl.tudelft.rdfgears.rgl.datamodel.value.impl.ModifiableRecord
2218
RGL_VALUE_24766 class nl.tudelft.rdfgears.rgl.datamodel.value.impl.ModifiableRecord
2219
RGL_VALUE_24768 class nl.tudelft.rdfgears.rgl.datamodel.value.impl.ModifiableRecord
2220
RGL_VALUE_24770 class nl.tudelft.rdfgears.rgl.datamodel.value.impl.ModifiableRecord
2221
RGL_VALUE_24772 class nl.tudelft.rdfgears.rgl.datamodel.value.impl.ModifiableRecord
2222
RGL_VALUE_24774 class nl.tudelft.rdfgears.rgl.datamodel.value.impl.ModifiableRecord
2223
RGL_VALUE_24776 class nl.tudelft.rdfgears.rgl.datamodel.value.impl.ModifiableRecord
2224
RGL_VALUE_24778 class nl.tudelft.rdfgears.rgl.datamodel.value.impl.ModifiableRecord
2225
RGL_VALUE_24780 class nl.tudelft.rdfgears.rgl.datamodel.value.impl.ModifiableRecord
2226
RGL_VALUE_24782 class nl.tudelft.rdfgears.rgl.datamodel.value.impl.ModifiableRecord
2227
RGL_VALUE_24784 class nl.tudelft.rdfgears.rgl.datamodel.value.impl.ModifiableRecord
2228
RGL_VALUE_24786 class nl.tudelft.rdfgears.rgl.datamodel.value.impl.ModifiableRecord
2229
RGL_VALUE_24788 class nl.tudelft.rdfgears.rgl.datamodel.value.impl.ModifiableRecord
2230
RGL_VALUE_24790 class nl.tudelft.rdfgears.rgl.datamodel.value.impl.ModifiableRecord
2231
RGL_VALUE_24792 class nl.tudelft.rdfgears.rgl.datamodel.value.impl.ModifiableRecord
2232
RGL_VALUE_24794 class nl.tudelft.rdfgears.rgl.datamodel.value.impl.ModifiableRecord
2233
RGL_VALUE_24796 class nl.tudelft.rdfgears.rgl.datamodel.value.impl.ModifiableRecord
2234
RGL_VALUE_24798 class nl.tudelft.rdfgears.rgl.datamodel.value.impl.ModifiableRecord
2235
RGL_VALUE_24800 class nl.tudelft.rdfgears.rgl.datamodel.value.impl.ModifiableRecord
2236
RGL_VALUE_24802 class nl.tudelft.rdfgears.rgl.datamodel.value.impl.ModifiableRecord
2237
RGL_VALUE_24804 class nl.tudelft.rdfgears.rgl.datamodel.value.impl.ModifiableRecord
2238
RGL_VALUE_24806 class nl.tudelft.rdfgears.rgl.datamodel.value.impl.ModifiableRecord
2239
RGL_VALUE_24808 class nl.tudelft.rdfgears.rgl.datamodel.value.impl.ModifiableRecord
2240
RGL_VALUE_24810 class nl.tudelft.rdfgears.rgl.datamodel.value.impl.ModifiableRecord
2241
RGL_VALUE_24812 class nl.tudelft.rdfgears.rgl.datamodel.value.impl.ModifiableRecord
2242
RGL_VALUE_24814 class nl.tudelft.rdfgears.rgl.datamodel.value.impl.ModifiableRecord
2243
RGL_VALUE_24816 class nl.tudelft.rdfgears.rgl.datamodel.value.impl.ModifiableRecord
2244
RGL_VALUE_24818 class nl.tudelft.rdfgears.rgl.datamodel.value.impl.ModifiableRecord
2245
RGL_VALUE_24820 class nl.tudelft.rdfgears.rgl.datamodel.value.impl.ModifiableRecord
2246
RGL_VALUE_24822 class nl.tudelft.rdfgears.rgl.datamodel.value.impl.ModifiableRecord
2247
RGL_VALUE_24824 class nl.tudelft.rdfgears.rgl.datamodel.value.impl.ModifiableRecord
2248
RGL_VALUE_24826 class nl.tudelft.rdfgears.rgl.datamodel.value.impl.ModifiableRecord
2249
RGL_VALUE_24828 class nl.tudelft.rdfgears.rgl.datamodel.value.impl.ModifiableRecord
2250
RGL_VALUE_24830 class nl.tudelft.rdfgears.rgl.datamodel.value.impl.ModifiableRecord
2251
RGL_VALUE_24832 class nl.tudelft.rdfgears.rgl.datamodel.value.impl.ModifiableRecord
2252
RGL_VALUE_24834 class nl.tudelft.rdfgears.rgl.datamodel.value.impl.ModifiableRecord
2253
RGL_VALUE_24836 class nl.tudelft.rdfgears.rgl.datamodel.value.impl.ModifiableRecord
2254
RGL_VALUE_24838 class nl.tudelft.rdfgears.rgl.datamodel.value.impl.ModifiableRecord
2255
RGL_VALUE_24840 class nl.tudelft.rdfgears.rgl.datamodel.value.impl.ModifiableRecord
2256
RGL_VALUE_24842 class nl.tudelft.rdfgears.rgl.datamodel.value.impl.ModifiableRecord
2257
RGL_VALUE_24844 class nl.tudelft.rdfgears.rgl.datamodel.value.impl.ModifiableRecord
2258
RGL_VALUE_24846 class nl.tudelft.rdfgears.rgl.datamodel.value.impl.ModifiableRecord
2259
RGL_VALUE_24848 class nl.tudelft.rdfgears.rgl.datamodel.value.impl.ModifiableRecord
2260
RGL_VALUE_24850 class nl.tudelft.rdfgears.rgl.datamodel.value.impl.ModifiableRecord
2261
RGL_VALUE_24852 class nl.tudelft.rdfgears.rgl.datamodel.value.impl.ModifiableRecord
2262
RGL_VALUE_24854 class nl.tudelft.rdfgears.rgl.datamodel.value.impl.ModifiableRecord
2263
RGL_VALUE_24856 class nl.tudelft.rdfgears.rgl.datamodel.value.impl.ModifiableRecord
2264
RGL_VALUE_24858 class nl.tudelft.rdfgears.rgl.datamodel.value.impl.ModifiableRecord
2265
RGL_VALUE_24860 class nl.tudelft.rdfgears.rgl.datamodel.value.impl.ModifiableRecord
2266
RGL_VALUE_24862 class nl.tudelft.rdfgears.rgl.datamodel.value.impl.ModifiableRecord
2267
RGL_VALUE_24864 class nl.tudelft.rdfgears.rgl.datamodel.value.impl.ModifiableRecord
2268
RGL_VALUE_24866 class nl.tudelft.rdfgears.rgl.datamodel.value.impl.ModifiableRecord
2269
RGL_VALUE_24868 class nl.tudelft.rdfgears.rgl.datamodel.value.impl.ModifiableRecord
2270
RGL_VALUE_24870 class nl.tudelft.rdfgears.rgl.datamodel.value.impl.ModifiableRecord
2271
RGL_VALUE_24872 class nl.tudelft.rdfgears.rgl.datamodel.value.impl.ModifiableRecord
2272
RGL_VALUE_24874 class nl.tudelft.rdfgears.rgl.datamodel.value.impl.ModifiableRecord
2273
RGL_VALUE_24876 class nl.tudelft.rdfgears.rgl.datamodel.value.impl.ModifiableRecord
2274
RGL_VALUE_24878 class nl.tudelft.rdfgears.rgl.datamodel.value.impl.ModifiableRecord
2275
RGL_VALUE_24880 class nl.tudelft.rdfgears.rgl.datamodel.value.impl.ModifiableRecord
2276
RGL_VALUE_24882 class nl.tudelft.rdfgears.rgl.datamodel.value.impl.ModifiableRecord
2277
RGL_VALUE_24884 class nl.tudelft.rdfgears.rgl.datamodel.value.impl.ModifiableRecord
2278
RGL_VALUE_24886 class nl.tudelft.rdfgears.rgl.datamodel.value.impl.ModifiableRecord
2279
RGL_VALUE_24888 class nl.tudelft.rdfgears.rgl.datamodel.value.impl.ModifiableRecord
2280
RGL_VALUE_24890 class nl.tudelft.rdfgears.rgl.datamodel.value.impl.ModifiableRecord
2281
RGL_VALUE_24892 class nl.tudelft.rdfgears.rgl.datamodel.value.impl.ModifiableRecord
2282
RGL_VALUE_24894 class nl.tudelft.rdfgears.rgl.datamodel.value.impl.ModifiableRecord
2283
RGL_VALUE_24896 class nl.tudelft.rdfgears.rgl.datamodel.value.impl.ModifiableRecord
2284
RGL_VALUE_24898 class nl.tudelft.rdfgears.rgl.datamodel.value.impl.ModifiableRecord
2285
RGL_VALUE_24900 class nl.tudelft.rdfgears.rgl.datamodel.value.impl.ModifiableRecord
2286
RGL_VALUE_24902 class nl.tudelft.rdfgears.rgl.datamodel.value.impl.ModifiableRecord
2287
RGL_VALUE_24904 class nl.tudelft.rdfgears.rgl.datamodel.value.impl.ModifiableRecord
2288
RGL_VALUE_24906 class nl.tudelft.rdfgears.rgl.datamodel.value.impl.ModifiableRecord
2289
RGL_VALUE_24908 class nl.tudelft.rdfgears.rgl.datamodel.value.impl.ModifiableRecord
2290
RGL_VALUE_24910 class nl.tudelft.rdfgears.rgl.datamodel.value.impl.ModifiableRecord
2291
RGL_VALUE_24912 class nl.tudelft.rdfgears.rgl.datamodel.value.impl.ModifiableRecord
2292
RGL_VALUE_24914 class nl.tudelft.rdfgears.rgl.datamodel.value.impl.ModifiableRecord
2293
RGL_VALUE_24916 class nl.tudelft.rdfgears.rgl.datamodel.value.impl.ModifiableRecord
2294
RGL_VALUE_24918 class nl.tudelft.rdfgears.rgl.datamodel.value.impl.ModifiableRecord
2295
RGL_VALUE_24920 class nl.tudelft.rdfgears.rgl.datamodel.value.impl.ModifiableRecord
2296
RGL_VALUE_24922 class nl.tudelft.rdfgears.rgl.datamodel.value.impl.ModifiableRecord
2297
RGL_VALUE_24924 class nl.tudelft.rdfgears.rgl.datamodel.value.impl.ModifiableRecord
2298
RGL_VALUE_24926 class nl.tudelft.rdfgears.rgl.datamodel.value.impl.ModifiableRecord
2299
RGL_VALUE_24928 class nl.tudelft.rdfgears.rgl.datamodel.value.impl.ModifiableRecord
2300
RGL_VALUE_24931 class nl.tudelft.rdfgears.rgl.datamodel.value.impl.ModifiableRecord
2301
RGL_VALUE_24933 class nl.tudelft.rdfgears.rgl.datamodel.value.impl.ModifiableRecord
2302
RGL_VALUE_24935 class nl.tudelft.rdfgears.rgl.datamodel.value.impl.ModifiableRecord
2303
RGL_VALUE_24937 class nl.tudelft.rdfgears.rgl.datamodel.value.impl.ModifiableRecord
2304
RGL_VALUE_24939 class nl.tudelft.rdfgears.rgl.datamodel.value.impl.ModifiableRecord
2305
RGL_VALUE_24941 class nl.tudelft.rdfgears.rgl.datamodel.value.impl.ModifiableRecord
2306
RGL_VALUE_24943 class nl.tudelft.rdfgears.rgl.datamodel.value.impl.ModifiableRecord
2307
RGL_VALUE_24945 class nl.tudelft.rdfgears.rgl.datamodel.value.impl.ModifiableRecord
2308
RGL_VALUE_24947 class nl.tudelft.rdfgears.rgl.datamodel.value.impl.ModifiableRecord
2309
RGL_VALUE_24949 class nl.tudelft.rdfgears.rgl.datamodel.value.impl.ModifiableRecord
2310
RGL_VALUE_24951 class nl.tudelft.rdfgears.rgl.datamodel.value.impl.ModifiableRecord
2311
RGL_VALUE_24953 class nl.tudelft.rdfgears.rgl.datamodel.value.impl.ModifiableRecord
2312
RGL_VALUE_24955 class nl.tudelft.rdfgears.rgl.datamodel.value.impl.ModifiableRecord
2313
RGL_VALUE_24957 class nl.tudelft.rdfgears.rgl.datamodel.value.impl.ModifiableRecord
2314
RGL_VALUE_24959 class nl.tudelft.rdfgears.rgl.datamodel.value.impl.ModifiableRecord
2315
RGL_VALUE_24961 class nl.tudelft.rdfgears.rgl.datamodel.value.impl.ModifiableRecord
2316
RGL_VALUE_24963 class nl.tudelft.rdfgears.rgl.datamodel.value.impl.ModifiableRecord
2317
RGL_VALUE_24965 class nl.tudelft.rdfgears.rgl.datamodel.value.impl.ModifiableRecord
2318
RGL_VALUE_24967 class nl.tudelft.rdfgears.rgl.datamodel.value.impl.ModifiableRecord
2319
RGL_VALUE_24969 class nl.tudelft.rdfgears.rgl.datamodel.value.impl.ModifiableRecord
2320
RGL_VALUE_24971 class nl.tudelft.rdfgears.rgl.datamodel.value.impl.ModifiableRecord
2321
RGL_VALUE_24973 class nl.tudelft.rdfgears.rgl.datamodel.value.impl.ModifiableRecord
2322
RGL_VALUE_24975 class nl.tudelft.rdfgears.rgl.datamodel.value.impl.ModifiableRecord
2323
RGL_VALUE_24977 class nl.tudelft.rdfgears.rgl.datamodel.value.impl.ModifiableRecord
2324
RGL_VALUE_24979 class nl.tudelft.rdfgears.rgl.datamodel.value.impl.ModifiableRecord
2325
RGL_VALUE_24981 class nl.tudelft.rdfgears.rgl.datamodel.value.impl.ModifiableRecord
2326
RGL_VALUE_24983 class nl.tudelft.rdfgears.rgl.datamodel.value.impl.ModifiableRecord
2327
RGL_VALUE_24985 class nl.tudelft.rdfgears.rgl.datamodel.value.impl.ModifiableRecord
2328
RGL_VALUE_24987 class nl.tudelft.rdfgears.rgl.datamodel.value.impl.ModifiableRecord
2329
RGL_VALUE_24989 class nl.tudelft.rdfgears.rgl.datamodel.value.impl.ModifiableRecord
2330
RGL_VALUE_24991 class nl.tudelft.rdfgears.rgl.datamodel.value.impl.ModifiableRecord
2331
RGL_VALUE_24993 class nl.tudelft.rdfgears.rgl.datamodel.value.impl.ModifiableRecord
2332
RGL_VALUE_24995 class nl.tudelft.rdfgears.rgl.datamodel.value.impl.ModifiableRecord
2333
RGL_VALUE_24997 class nl.tudelft.rdfgears.rgl.datamodel.value.impl.ModifiableRecord
2334
RGL_VALUE_24999 class nl.tudelft.rdfgears.rgl.datamodel.value.impl.ModifiableRecord
2335
RGL_VALUE_25001 class nl.tudelft.rdfgears.rgl.datamodel.value.impl.ModifiableRecord
2336
RGL_VALUE_25003 class nl.tudelft.rdfgears.rgl.datamodel.value.impl.ModifiableRecord
2337
RGL_VALUE_25005 class nl.tudelft.rdfgears.rgl.datamodel.value.impl.ModifiableRecord
2338
RGL_VALUE_25007 class nl.tudelft.rdfgears.rgl.datamodel.value.impl.ModifiableRecord
2339
RGL_VALUE_25009 class nl.tudelft.rdfgears.rgl.datamodel.value.impl.ModifiableRecord
2340
RGL_VALUE_25011 class nl.tudelft.rdfgears.rgl.datamodel.value.impl.ModifiableRecord
2341
RGL_VALUE_25013 class nl.tudelft.rdfgears.rgl.datamodel.value.impl.ModifiableRecord
2342
RGL_VALUE_25015 class nl.tudelft.rdfgears.rgl.datamodel.value.impl.ModifiableRecord
2343
RGL_VALUE_25017 class nl.tudelft.rdfgears.rgl.datamodel.value.impl.ModifiableRecord
2344
RGL_VALUE_25019 class nl.tudelft.rdfgears.rgl.datamodel.value.impl.ModifiableRecord
2345
RGL_VALUE_25021 class nl.tudelft.rdfgears.rgl.datamodel.value.impl.ModifiableRecord
2346
RGL_VALUE_25023 class nl.tudelft.rdfgears.rgl.datamodel.value.impl.ModifiableRecord
2347
RGL_VALUE_25025 class nl.tudelft.rdfgears.rgl.datamodel.value.impl.ModifiableRecord
2348
RGL_VALUE_25027 class nl.tudelft.rdfgears.rgl.datamodel.value.impl.ModifiableRecord
2349
RGL_VALUE_25029 class nl.tudelft.rdfgears.rgl.datamodel.value.impl.ModifiableRecord
2350
RGL_VALUE_25031 class nl.tudelft.rdfgears.rgl.datamodel.value.impl.ModifiableRecord
2351
RGL_VALUE_25033 class nl.tudelft.rdfgears.rgl.datamodel.value.impl.ModifiableRecord
2352
RGL_VALUE_25035 class nl.tudelft.rdfgears.rgl.datamodel.value.impl.ModifiableRecord
2353
RGL_VALUE_25037 class nl.tudelft.rdfgears.rgl.datamodel.value.impl.ModifiableRecord
2354
RGL_VALUE_25039 class nl.tudelft.rdfgears.rgl.datamodel.value.impl.ModifiableRecord
2355
RGL_VALUE_25041 class nl.tudelft.rdfgears.rgl.datamodel.value.impl.ModifiableRecord
2356
RGL_VALUE_25043 class nl.tudelft.rdfgears.rgl.datamodel.value.impl.ModifiableRecord
2357
RGL_VALUE_25045 class nl.tudelft.rdfgears.rgl.datamodel.value.impl.ModifiableRecord
2358
RGL_VALUE_25047 class nl.tudelft.rdfgears.rgl.datamodel.value.impl.ModifiableRecord
2359
RGL_VALUE_25049 class nl.tudelft.rdfgears.rgl.datamodel.value.impl.ModifiableRecord
2360
RGL_VALUE_25051 class nl.tudelft.rdfgears.rgl.datamodel.value.impl.ModifiableRecord
2361
RGL_VALUE_25053 class nl.tudelft.rdfgears.rgl.datamodel.value.impl.ModifiableRecord
2362
RGL_VALUE_25055 class nl.tudelft.rdfgears.rgl.datamodel.value.impl.ModifiableRecord
2363
RGL_VALUE_25057 class nl.tudelft.rdfgears.rgl.datamodel.value.impl.ModifiableRecord
2364
RGL_VALUE_25059 class nl.tudelft.rdfgears.rgl.datamodel.value.impl.ModifiableRecord
2365
RGL_VALUE_25061 class nl.tudelft.rdfgears.rgl.datamodel.value.impl.ModifiableRecord
2366
RGL_VALUE_25063 class nl.tudelft.rdfgears.rgl.datamodel.value.impl.ModifiableRecord
2367
RGL_VALUE_25065 class nl.tudelft.rdfgears.rgl.datamodel.value.impl.ModifiableRecord
2368
RGL_VALUE_25067 class nl.tudelft.rdfgears.rgl.datamodel.value.impl.ModifiableRecord
2369
RGL_VALUE_25069 class nl.tudelft.rdfgears.rgl.datamodel.value.impl.ModifiableRecord
2370
RGL_VALUE_25071 class nl.tudelft.rdfgears.rgl.datamodel.value.impl.ModifiableRecord
2371
RGL_VALUE_25073 class nl.tudelft.rdfgears.rgl.datamodel.value.impl.ModifiableRecord
2372
RGL_VALUE_25075 class nl.tudelft.rdfgears.rgl.datamodel.value.impl.ModifiableRecord
2373
RGL_VALUE_25077 class nl.tudelft.rdfgears.rgl.datamodel.value.impl.ModifiableRecord
2374
RGL_VALUE_25079 class nl.tudelft.rdfgears.rgl.datamodel.value.impl.ModifiableRecord
2375
RGL_VALUE_25081 class nl.tudelft.rdfgears.rgl.datamodel.value.impl.ModifiableRecord
2376
RGL_VALUE_25083 class nl.tudelft.rdfgears.rgl.datamodel.value.impl.ModifiableRecord
2377
RGL_VALUE_25085 class nl.tudelft.rdfgears.rgl.datamodel.value.impl.ModifiableRecord
2378
RGL_VALUE_25087 class nl.tudelft.rdfgears.rgl.datamodel.value.impl.ModifiableRecord
2379
RGL_VALUE_25089 class nl.tudelft.rdfgears.rgl.datamodel.value.impl.ModifiableRecord
2380
RGL_VALUE_25091 class nl.tudelft.rdfgears.rgl.datamodel.value.impl.ModifiableRecord
2381
RGL_VALUE_25093 class nl.tudelft.rdfgears.rgl.datamodel.value.impl.ModifiableRecord
2382
RGL_VALUE_25095 class nl.tudelft.rdfgears.rgl.datamodel.value.impl.ModifiableRecord
2383
RGL_VALUE_25097 class nl.tudelft.rdfgears.rgl.datamodel.value.impl.ModifiableRecord
2384
RGL_VALUE_25099 class nl.tudelft.rdfgears.rgl.datamodel.value.impl.ModifiableRecord
2385
RGL_VALUE_25101 class nl.tudelft.rdfgears.rgl.datamodel.value.impl.ModifiableRecord
2386
RGL_VALUE_25103 class nl.tudelft.rdfgears.rgl.datamodel.value.impl.ModifiableRecord
2387
RGL_VALUE_25105 class nl.tudelft.rdfgears.rgl.datamodel.value.impl.ModifiableRecord
2388
RGL_VALUE_25107 class nl.tudelft.rdfgears.rgl.datamodel.value.impl.ModifiableRecord
2389
RGL_VALUE_25109 class nl.tudelft.rdfgears.rgl.datamodel.value.impl.ModifiableRecord
2390
RGL_VALUE_25111 class nl.tudelft.rdfgears.rgl.datamodel.value.impl.ModifiableRecord
2391
RGL_VALUE_25113 class nl.tudelft.rdfgears.rgl.datamodel.value.impl.ModifiableRecord
2392
RGL_VALUE_25115 class nl.tudelft.rdfgears.rgl.datamodel.value.impl.ModifiableRecord
2393
RGL_VALUE_25117 class nl.tudelft.rdfgears.rgl.datamodel.value.impl.ModifiableRecord
2394
RGL_VALUE_25119 class nl.tudelft.rdfgears.rgl.datamodel.value.impl.ModifiableRecord
2395
RGL_VALUE_25121 class nl.tudelft.rdfgears.rgl.datamodel.value.impl.ModifiableRecord
2396
RGL_VALUE_25123 class nl.tudelft.rdfgears.rgl.datamodel.value.impl.ModifiableRecord
2397
RGL_VALUE_25125 class nl.tudelft.rdfgears.rgl.datamodel.value.impl.ModifiableRecord
2398
RGL_VALUE_25127 class nl.tudelft.rdfgears.rgl.datamodel.value.impl.ModifiableRecord
2399
RGL_VALUE_25129 class nl.tudelft.rdfgears.rgl.datamodel.value.impl.ModifiableRecord
2400
RGL_VALUE_25132 class nl.tudelft.rdfgears.rgl.datamodel.value.impl.ModifiableRecord
2401
RGL_VALUE_25134 class nl.tudelft.rdfgears.rgl.datamodel.value.impl.ModifiableRecord
2402
RGL_VALUE_25136 class nl.tudelft.rdfgears.rgl.datamodel.value.impl.ModifiableRecord
2403
RGL_VALUE_25138 class nl.tudelft.rdfgears.rgl.datamodel.value.impl.ModifiableRecord
2404
RGL_VALUE_25140 class nl.tudelft.rdfgears.rgl.datamodel.value.impl.ModifiableRecord
2405
RGL_VALUE_25142 class nl.tudelft.rdfgears.rgl.datamodel.value.impl.ModifiableRecord
2406
RGL_VALUE_25144 class nl.tudelft.rdfgears.rgl.datamodel.value.impl.ModifiableRecord
2407
RGL_VALUE_25146 class nl.tudelft.rdfgears.rgl.datamodel.value.impl.ModifiableRecord
2408
RGL_VALUE_25148 class nl.tudelft.rdfgears.rgl.datamodel.value.impl.ModifiableRecord
2409
RGL_VALUE_25150 class nl.tudelft.rdfgears.rgl.datamodel.value.impl.ModifiableRecord
2410
RGL_VALUE_25152 class nl.tudelft.rdfgears.rgl.datamodel.value.impl.ModifiableRecord
2411
RGL_VALUE_25154 class nl.tudelft.rdfgears.rgl.datamodel.value.impl.ModifiableRecord
2412
RGL_VALUE_25156 class nl.tudelft.rdfgears.rgl.datamodel.value.impl.ModifiableRecord
2413
RGL_VALUE_25158 class nl.tudelft.rdfgears.rgl.datamodel.value.impl.ModifiableRecord
2414
RGL_VALUE_25160 class nl.tudelft.rdfgears.rgl.datamodel.value.impl.ModifiableRecord
2415
RGL_VALUE_25162 class nl.tudelft.rdfgears.rgl.datamodel.value.impl.ModifiableRecord
2416
RGL_VALUE_25164 class nl.tudelft.rdfgears.rgl.datamodel.value.impl.ModifiableRecord
2417
RGL_VALUE_25166 class nl.tudelft.rdfgears.rgl.datamodel.value.impl.ModifiableRecord
2418
RGL_VALUE_25168 class nl.tudelft.rdfgears.rgl.datamodel.value.impl.ModifiableRecord
2419
RGL_VALUE_25170 class nl.tudelft.rdfgears.rgl.datamodel.value.impl.ModifiableRecord
2420
RGL_VALUE_25172 class nl.tudelft.rdfgears.rgl.datamodel.value.impl.ModifiableRecord
2421
RGL_VALUE_25174 class nl.tudelft.rdfgears.rgl.datamodel.value.impl.ModifiableRecord
2422
RGL_VALUE_25176 class nl.tudelft.rdfgears.rgl.datamodel.value.impl.ModifiableRecord
2423
RGL_VALUE_25178 class nl.tudelft.rdfgears.rgl.datamodel.value.impl.ModifiableRecord
2424
RGL_VALUE_25180 class nl.tudelft.rdfgears.rgl.datamodel.value.impl.ModifiableRecord
2425
RGL_VALUE_25182 class nl.tudelft.rdfgears.rgl.datamodel.value.impl.ModifiableRecord
2426
RGL_VALUE_25184 class nl.tudelft.rdfgears.rgl.datamodel.value.impl.ModifiableRecord
2427
RGL_VALUE_25186 class nl.tudelft.rdfgears.rgl.datamodel.value.impl.ModifiableRecord
2428
RGL_VALUE_25188 class nl.tudelft.rdfgears.rgl.datamodel.value.impl.ModifiableRecord
2429
RGL_VALUE_25190 class nl.tudelft.rdfgears.rgl.datamodel.value.impl.ModifiableRecord
2430
RGL_VALUE_25192 class nl.tudelft.rdfgears.rgl.datamodel.value.impl.ModifiableRecord
2431
RGL_VALUE_25194 class nl.tudelft.rdfgears.rgl.datamodel.value.impl.ModifiableRecord
2432
RGL_VALUE_25196 class nl.tudelft.rdfgears.rgl.datamodel.value.impl.ModifiableRecord
2433
RGL_VALUE_25198 class nl.tudelft.rdfgears.rgl.datamodel.value.impl.ModifiableRecord
2434
RGL_VALUE_25200 class nl.tudelft.rdfgears.rgl.datamodel.value.impl.ModifiableRecord
2435
RGL_VALUE_25202 class nl.tudelft.rdfgears.rgl.datamodel.value.impl.ModifiableRecord
2436
RGL_VALUE_25204 class nl.tudelft.rdfgears.rgl.datamodel.value.impl.ModifiableRecord
2437
RGL_VALUE_25206 class nl.tudelft.rdfgears.rgl.datamodel.value.impl.ModifiableRecord
2438
RGL_VALUE_25208 class nl.tudelft.rdfgears.rgl.datamodel.value.impl.ModifiableRecord
2439
RGL_VALUE_25210 class nl.tudelft.rdfgears.rgl.datamodel.value.impl.ModifiableRecord
2440
RGL_VALUE_25212 class nl.tudelft.rdfgears.rgl.datamodel.value.impl.ModifiableRecord
2441
RGL_VALUE_25214 class nl.tudelft.rdfgears.rgl.datamodel.value.impl.ModifiableRecord
2442
RGL_VALUE_25216 class nl.tudelft.rdfgears.rgl.datamodel.value.impl.ModifiableRecord
2443
RGL_VALUE_25218 class nl.tudelft.rdfgears.rgl.datamodel.value.impl.ModifiableRecord
2444
RGL_VALUE_25220 class nl.tudelft.rdfgears.rgl.datamodel.value.impl.ModifiableRecord
2445
RGL_VALUE_25222 class nl.tudelft.rdfgears.rgl.datamodel.value.impl.ModifiableRecord
2446
RGL_VALUE_25224 class nl.tudelft.rdfgears.rgl.datamodel.value.impl.ModifiableRecord
2447
RGL_VALUE_25226 class nl.tudelft.rdfgears.rgl.datamodel.value.impl.ModifiableRecord
2448
RGL_VALUE_25228 class nl.tudelft.rdfgears.rgl.datamodel.value.impl.ModifiableRecord
2449
RGL_VALUE_25230 class nl.tudelft.rdfgears.rgl.datamodel.value.impl.ModifiableRecord
2450
RGL_VALUE_25232 class nl.tudelft.rdfgears.rgl.datamodel.value.impl.ModifiableRecord
2451
RGL_VALUE_25234 class nl.tudelft.rdfgears.rgl.datamodel.value.impl.ModifiableRecord
2452
RGL_VALUE_25236 class nl.tudelft.rdfgears.rgl.datamodel.value.impl.ModifiableRecord
2453
RGL_VALUE_25238 class nl.tudelft.rdfgears.rgl.datamodel.value.impl.ModifiableRecord
2454
RGL_VALUE_25240 class nl.tudelft.rdfgears.rgl.datamodel.value.impl.ModifiableRecord
2455
RGL_VALUE_25242 class nl.tudelft.rdfgears.rgl.datamodel.value.impl.ModifiableRecord
2456
RGL_VALUE_25244 class nl.tudelft.rdfgears.rgl.datamodel.value.impl.ModifiableRecord
2457
RGL_VALUE_25246 class nl.tudelft.rdfgears.rgl.datamodel.value.impl.ModifiableRecord
2458
RGL_VALUE_25248 class nl.tudelft.rdfgears.rgl.datamodel.value.impl.ModifiableRecord
2459
RGL_VALUE_25250 class nl.tudelft.rdfgears.rgl.datamodel.value.impl.ModifiableRecord
2460
RGL_VALUE_25252 class nl.tudelft.rdfgears.rgl.datamodel.value.impl.ModifiableRecord
2461
RGL_VALUE_25254 class nl.tudelft.rdfgears.rgl.datamodel.value.impl.ModifiableRecord
2462
RGL_VALUE_25256 class nl.tudelft.rdfgears.rgl.datamodel.value.impl.ModifiableRecord
2463
RGL_VALUE_25258 class nl.tudelft.rdfgears.rgl.datamodel.value.impl.ModifiableRecord
2464
RGL_VALUE_25260 class nl.tudelft.rdfgears.rgl.datamodel.value.impl.ModifiableRecord
2465
RGL_VALUE_25262 class nl.tudelft.rdfgears.rgl.datamodel.value.impl.ModifiableRecord
2466
RGL_VALUE_25264 class nl.tudelft.rdfgears.rgl.datamodel.value.impl.ModifiableRecord
2467
RGL_VALUE_25266 class nl.tudelft.rdfgears.rgl.datamodel.value.impl.ModifiableRecord
2468
RGL_VALUE_25268 class nl.tudelft.rdfgears.rgl.datamodel.value.impl.ModifiableRecord
2469
RGL_VALUE_25270 class nl.tudelft.rdfgears.rgl.datamodel.value.impl.ModifiableRecord
2470
RGL_VALUE_25272 class nl.tudelft.rdfgears.rgl.datamodel.value.impl.ModifiableRecord
2471
RGL_VALUE_25274 class nl.tudelft.rdfgears.rgl.datamodel.value.impl.ModifiableRecord
2472
RGL_VALUE_25276 class nl.tudelft.rdfgears.rgl.datamodel.value.impl.ModifiableRecord
2473
RGL_VALUE_25278 class nl.tudelft.rdfgears.rgl.datamodel.value.impl.ModifiableRecord
2474
RGL_VALUE_25280 class nl.tudelft.rdfgears.rgl.datamodel.value.impl.ModifiableRecord
2475
RGL_VALUE_25282 class nl.tudelft.rdfgears.rgl.datamodel.value.impl.ModifiableRecord
2476
RGL_VALUE_25284 class nl.tudelft.rdfgears.rgl.datamodel.value.impl.ModifiableRecord
2477
RGL_VALUE_25286 class nl.tudelft.rdfgears.rgl.datamodel.value.impl.ModifiableRecord
2478
RGL_VALUE_25288 class nl.tudelft.rdfgears.rgl.datamodel.value.impl.ModifiableRecord
2479
RGL_VALUE_25290 class nl.tudelft.rdfgears.rgl.datamodel.value.impl.ModifiableRecord
2480
RGL_VALUE_25292 class nl.tudelft.rdfgears.rgl.datamodel.value.impl.ModifiableRecord
2481
RGL_VALUE_25294 class nl.tudelft.rdfgears.rgl.datamodel.value.impl.ModifiableRecord
2482
RGL_VALUE_25296 class nl.tudelft.rdfgears.rgl.datamodel.value.impl.ModifiableRecord
2483
RGL_VALUE_25298 class nl.tudelft.rdfgears.rgl.datamodel.value.impl.ModifiableRecord
2484
RGL_VALUE_25300 class nl.tudelft.rdfgears.rgl.datamodel.value.impl.ModifiableRecord
2485
RGL_VALUE_25302 class nl.tudelft.rdfgears.rgl.datamodel.value.impl.ModifiableRecord
2486
RGL_VALUE_25304 class nl.tudelft.rdfgears.rgl.datamodel.value.impl.ModifiableRecord
2487
RGL_VALUE_25306 class nl.tudelft.rdfgears.rgl.datamodel.value.impl.ModifiableRecord
2488
RGL_VALUE_25308 class nl.tudelft.rdfgears.rgl.datamodel.value.impl.ModifiableRecord
2489
RGL_VALUE_25310 class nl.tudelft.rdfgears.rgl.datamodel.value.impl.ModifiableRecord
2490
RGL_VALUE_25312 class nl.tudelft.rdfgears.rgl.datamodel.value.impl.ModifiableRecord
2491
RGL_VALUE_25314 class nl.tudelft.rdfgears.rgl.datamodel.value.impl.ModifiableRecord
2492
RGL_VALUE_25316 class nl.tudelft.rdfgears.rgl.datamodel.value.impl.ModifiableRecord
2493
RGL_VALUE_25318 class nl.tudelft.rdfgears.rgl.datamodel.value.impl.ModifiableRecord
2494
RGL_VALUE_25320 class nl.tudelft.rdfgears.rgl.datamodel.value.impl.ModifiableRecord
2495
RGL_VALUE_25322 class nl.tudelft.rdfgears.rgl.datamodel.value.impl.ModifiableRecord
2496
RGL_VALUE_25324 class nl.tudelft.rdfgears.rgl.datamodel.value.impl.ModifiableRecord
2497
RGL_VALUE_25326 class nl.tudelft.rdfgears.rgl.datamodel.value.impl.ModifiableRecord
2498
RGL_VALUE_25328 class nl.tudelft.rdfgears.rgl.datamodel.value.impl.ModifiableRecord
2499
RGL_VALUE_25330 class nl.tudelft.rdfgears.rgl.datamodel.value.impl.ModifiableRecord
2500
RGL_VALUE_25333 class nl.tudelft.rdfgears.rgl.datamodel.value.impl.ModifiableRecord
2501
RGL_VALUE_25335 class nl.tudelft.rdfgears.rgl.datamodel.value.impl.ModifiableRecord
2502
RGL_VALUE_25337 class nl.tudelft.rdfgears.rgl.datamodel.value.impl.ModifiableRecord
2503
RGL_VALUE_25339 class nl.tudelft.rdfgears.rgl.datamodel.value.impl.ModifiableRecord
2504
RGL_VALUE_25341 class nl.tudelft.rdfgears.rgl.datamodel.value.impl.ModifiableRecord
2505
RGL_VALUE_25343 class nl.tudelft.rdfgears.rgl.datamodel.value.impl.ModifiableRecord
2506
RGL_VALUE_25345 class nl.tudelft.rdfgears.rgl.datamodel.value.impl.ModifiableRecord
2507
RGL_VALUE_25347 class nl.tudelft.rdfgears.rgl.datamodel.value.impl.ModifiableRecord
2508
RGL_VALUE_25349 class nl.tudelft.rdfgears.rgl.datamodel.value.impl.ModifiableRecord
2509
RGL_VALUE_25351 class nl.tudelft.rdfgears.rgl.datamodel.value.impl.ModifiableRecord
2510
RGL_VALUE_25353 class nl.tudelft.rdfgears.rgl.datamodel.value.impl.ModifiableRecord
2511
RGL_VALUE_25355 class nl.tudelft.rdfgears.rgl.datamodel.value.impl.ModifiableRecord
2512
RGL_VALUE_25357 class nl.tudelft.rdfgears.rgl.datamodel.value.impl.ModifiableRecord
2513
RGL_VALUE_25359 class nl.tudelft.rdfgears.rgl.datamodel.value.impl.ModifiableRecord
2514
RGL_VALUE_25361 class nl.tudelft.rdfgears.rgl.datamodel.value.impl.ModifiableRecord
2515
RGL_VALUE_25363 class nl.tudelft.rdfgears.rgl.datamodel.value.impl.ModifiableRecord
2516
RGL_VALUE_25365 class nl.tudelft.rdfgears.rgl.datamodel.value.impl.ModifiableRecord
2517
RGL_VALUE_25367 class nl.tudelft.rdfgears.rgl.datamodel.value.impl.ModifiableRecord
2518
RGL_VALUE_25369 class nl.tudelft.rdfgears.rgl.datamodel.value.impl.ModifiableRecord
2519
RGL_VALUE_25371 class nl.tudelft.rdfgears.rgl.datamodel.value.impl.ModifiableRecord
2520
RGL_VALUE_25373 class nl.tudelft.rdfgears.rgl.datamodel.value.impl.ModifiableRecord
2521
RGL_VALUE_25375 class nl.tudelft.rdfgears.rgl.datamodel.value.impl.ModifiableRecord
2522
RGL_VALUE_25377 class nl.tudelft.rdfgears.rgl.datamodel.value.impl.ModifiableRecord
2523
RGL_VALUE_25379 class nl.tudelft.rdfgears.rgl.datamodel.value.impl.ModifiableRecord
2524
RGL_VALUE_25381 class nl.tudelft.rdfgears.rgl.datamodel.value.impl.ModifiableRecord
2525
RGL_VALUE_25383 class nl.tudelft.rdfgears.rgl.datamodel.value.impl.ModifiableRecord
2526
RGL_VALUE_25385 class nl.tudelft.rdfgears.rgl.datamodel.value.impl.ModifiableRecord
2527
RGL_VALUE_25387 class nl.tudelft.rdfgears.rgl.datamodel.value.impl.ModifiableRecord
2528
RGL_VALUE_25389 class nl.tudelft.rdfgears.rgl.datamodel.value.impl.ModifiableRecord
2529
RGL_VALUE_25391 class nl.tudelft.rdfgears.rgl.datamodel.value.impl.ModifiableRecord
2530
RGL_VALUE_25393 class nl.tudelft.rdfgears.rgl.datamodel.value.impl.ModifiableRecord
2531
RGL_VALUE_25395 class nl.tudelft.rdfgears.rgl.datamodel.value.impl.ModifiableRecord
2532
RGL_VALUE_25397 class nl.tudelft.rdfgears.rgl.datamodel.value.impl.ModifiableRecord
2533
RGL_VALUE_25399 class nl.tudelft.rdfgears.rgl.datamodel.value.impl.ModifiableRecord
2534
RGL_VALUE_25401 class nl.tudelft.rdfgears.rgl.datamodel.value.impl.ModifiableRecord
2535
RGL_VALUE_25403 class nl.tudelft.rdfgears.rgl.datamodel.value.impl.ModifiableRecord
2536
RGL_VALUE_25405 class nl.tudelft.rdfgears.rgl.datamodel.value.impl.ModifiableRecord
2537
RGL_VALUE_25407 class nl.tudelft.rdfgears.rgl.datamodel.value.impl.ModifiableRecord
2538
RGL_VALUE_25409 class nl.tudelft.rdfgears.rgl.datamodel.value.impl.ModifiableRecord
2539
RGL_VALUE_25411 class nl.tudelft.rdfgears.rgl.datamodel.value.impl.ModifiableRecord
2540
RGL_VALUE_25413 class nl.tudelft.rdfgears.rgl.datamodel.value.impl.ModifiableRecord
2541
RGL_VALUE_25415 class nl.tudelft.rdfgears.rgl.datamodel.value.impl.ModifiableRecord
2542
RGL_VALUE_25417 class nl.tudelft.rdfgears.rgl.datamodel.value.impl.ModifiableRecord
2543
RGL_VALUE_25419 class nl.tudelft.rdfgears.rgl.datamodel.value.impl.ModifiableRecord
2544
RGL_VALUE_25421 class nl.tudelft.rdfgears.rgl.datamodel.value.impl.ModifiableRecord
2545
RGL_VALUE_25423 class nl.tudelft.rdfgears.rgl.datamodel.value.impl.ModifiableRecord
2546
RGL_VALUE_25425 class nl.tudelft.rdfgears.rgl.datamodel.value.impl.ModifiableRecord
2547
RGL_VALUE_25427 class nl.tudelft.rdfgears.rgl.datamodel.value.impl.ModifiableRecord
2548
RGL_VALUE_25429 class nl.tudelft.rdfgears.rgl.datamodel.value.impl.ModifiableRecord
2549
RGL_VALUE_25431 class nl.tudelft.rdfgears.rgl.datamodel.value.impl.ModifiableRecord
2550
RGL_VALUE_25433 class nl.tudelft.rdfgears.rgl.datamodel.value.impl.ModifiableRecord
2551
RGL_VALUE_25435 class nl.tudelft.rdfgears.rgl.datamodel.value.impl.ModifiableRecord
2552
RGL_VALUE_25437 class nl.tudelft.rdfgears.rgl.datamodel.value.impl.ModifiableRecord
2553
RGL_VALUE_25439 class nl.tudelft.rdfgears.rgl.datamodel.value.impl.ModifiableRecord
2554
RGL_VALUE_25441 class nl.tudelft.rdfgears.rgl.datamodel.value.impl.ModifiableRecord
2555
RGL_VALUE_25443 class nl.tudelft.rdfgears.rgl.datamodel.value.impl.ModifiableRecord
2556
RGL_VALUE_25445 class nl.tudelft.rdfgears.rgl.datamodel.value.impl.ModifiableRecord
2557
RGL_VALUE_25447 class nl.tudelft.rdfgears.rgl.datamodel.value.impl.ModifiableRecord
2558
RGL_VALUE_25449 class nl.tudelft.rdfgears.rgl.datamodel.value.impl.ModifiableRecord
2559
RGL_VALUE_25451 class nl.tudelft.rdfgears.rgl.datamodel.value.impl.ModifiableRecord
2560
RGL_VALUE_25453 class nl.tudelft.rdfgears.rgl.datamodel.value.impl.ModifiableRecord
2561
RGL_VALUE_25455 class nl.tudelft.rdfgears.rgl.datamodel.value.impl.ModifiableRecord
2562
RGL_VALUE_25457 class nl.tudelft.rdfgears.rgl.datamodel.value.impl.ModifiableRecord
2563
RGL_VALUE_25459 class nl.tudelft.rdfgears.rgl.datamodel.value.impl.ModifiableRecord
2564
RGL_VALUE_25461 class nl.tudelft.rdfgears.rgl.datamodel.value.impl.ModifiableRecord
2565
RGL_VALUE_25463 class nl.tudelft.rdfgears.rgl.datamodel.value.impl.ModifiableRecord
2566
RGL_VALUE_25465 class nl.tudelft.rdfgears.rgl.datamodel.value.impl.ModifiableRecord
2567
RGL_VALUE_25467 class nl.tudelft.rdfgears.rgl.datamodel.value.impl.ModifiableRecord
2568
RGL_VALUE_25469 class nl.tudelft.rdfgears.rgl.datamodel.value.impl.ModifiableRecord
2569
RGL_VALUE_25471 class nl.tudelft.rdfgears.rgl.datamodel.value.impl.ModifiableRecord
2570
RGL_VALUE_25473 class nl.tudelft.rdfgears.rgl.datamodel.value.impl.ModifiableRecord
2571
RGL_VALUE_25475 class nl.tudelft.rdfgears.rgl.datamodel.value.impl.ModifiableRecord
2572
RGL_VALUE_25477 class nl.tudelft.rdfgears.rgl.datamodel.value.impl.ModifiableRecord
2573
RGL_VALUE_25479 class nl.tudelft.rdfgears.rgl.datamodel.value.impl.ModifiableRecord
2574
RGL_VALUE_25481 class nl.tudelft.rdfgears.rgl.datamodel.value.impl.ModifiableRecord
2575
RGL_VALUE_25483 class nl.tudelft.rdfgears.rgl.datamodel.value.impl.ModifiableRecord
2576
RGL_VALUE_25485 class nl.tudelft.rdfgears.rgl.datamodel.value.impl.ModifiableRecord
2577
RGL_VALUE_25487 class nl.tudelft.rdfgears.rgl.datamodel.value.impl.ModifiableRecord
2578
RGL_VALUE_25489 class nl.tudelft.rdfgears.rgl.datamodel.value.impl.ModifiableRecord
2579
RGL_VALUE_25491 class nl.tudelft.rdfgears.rgl.datamodel.value.impl.ModifiableRecord
2580
RGL_VALUE_25493 class nl.tudelft.rdfgears.rgl.datamodel.value.impl.ModifiableRecord
2581
RGL_VALUE_25495 class nl.tudelft.rdfgears.rgl.datamodel.value.impl.ModifiableRecord
2582
RGL_VALUE_25497 class nl.tudelft.rdfgears.rgl.datamodel.value.impl.ModifiableRecord
2583
RGL_VALUE_25499 class nl.tudelft.rdfgears.rgl.datamodel.value.impl.ModifiableRecord
2584
RGL_VALUE_25501 class nl.tudelft.rdfgears.rgl.datamodel.value.impl.ModifiableRecord
2585
RGL_VALUE_25503 class nl.tudelft.rdfgears.rgl.datamodel.value.impl.ModifiableRecord
2586
RGL_VALUE_25505 class nl.tudelft.rdfgears.rgl.datamodel.value.impl.ModifiableRecord
2587
RGL_VALUE_25507 class nl.tudelft.rdfgears.rgl.datamodel.value.impl.ModifiableRecord
2588
RGL_VALUE_25509 class nl.tudelft.rdfgears.rgl.datamodel.value.impl.ModifiableRecord
2589
RGL_VALUE_25511 class nl.tudelft.rdfgears.rgl.datamodel.value.impl.ModifiableRecord
2590
RGL_VALUE_25513 class nl.tudelft.rdfgears.rgl.datamodel.value.impl.ModifiableRecord
2591
RGL_VALUE_25515 class nl.tudelft.rdfgears.rgl.datamodel.value.impl.ModifiableRecord
2592
RGL_VALUE_25517 class nl.tudelft.rdfgears.rgl.datamodel.value.impl.ModifiableRecord
2593
RGL_VALUE_25519 class nl.tudelft.rdfgears.rgl.datamodel.value.impl.ModifiableRecord
2594
RGL_VALUE_25521 class nl.tudelft.rdfgears.rgl.datamodel.value.impl.ModifiableRecord
2595
RGL_VALUE_25523 class nl.tudelft.rdfgears.rgl.datamodel.value.impl.ModifiableRecord
2596
RGL_VALUE_25525 class nl.tudelft.rdfgears.rgl.datamodel.value.impl.ModifiableRecord
2597
RGL_VALUE_25527 class nl.tudelft.rdfgears.rgl.datamodel.value.impl.ModifiableRecord
2598
RGL_VALUE_25529 class nl.tudelft.rdfgears.rgl.datamodel.value.impl.ModifiableRecord
2599
RGL_VALUE_25531 class nl.tudelft.rdfgears.rgl.datamodel.value.impl.ModifiableRecord
2600
RGL_VALUE_25534 class nl.tudelft.rdfgears.rgl.datamodel.value.impl.ModifiableRecord
2601
RGL_VALUE_25536 class nl.tudelft.rdfgears.rgl.datamodel.value.impl.ModifiableRecord
2602
RGL_VALUE_25538 class nl.tudelft.rdfgears.rgl.datamodel.value.impl.ModifiableRecord
2603
RGL_VALUE_25540 class nl.tudelft.rdfgears.rgl.datamodel.value.impl.ModifiableRecord
2604
RGL_VALUE_25542 class nl.tudelft.rdfgears.rgl.datamodel.value.impl.ModifiableRecord
2605
RGL_VALUE_25544 class nl.tudelft.rdfgears.rgl.datamodel.value.impl.ModifiableRecord
2606
RGL_VALUE_25546 class nl.tudelft.rdfgears.rgl.datamodel.value.impl.ModifiableRecord
2607
RGL_VALUE_25548 class nl.tudelft.rdfgears.rgl.datamodel.value.impl.ModifiableRecord
2608
RGL_VALUE_25550 class nl.tudelft.rdfgears.rgl.datamodel.value.impl.ModifiableRecord
2609
RGL_VALUE_25552 class nl.tudelft.rdfgears.rgl.datamodel.value.impl.ModifiableRecord
2610
RGL_VALUE_25554 class nl.tudelft.rdfgears.rgl.datamodel.value.impl.ModifiableRecord
2611
RGL_VALUE_25556 class nl.tudelft.rdfgears.rgl.datamodel.value.impl.ModifiableRecord
2612
RGL_VALUE_25558 class nl.tudelft.rdfgears.rgl.datamodel.value.impl.ModifiableRecord
2613
RGL_VALUE_25560 class nl.tudelft.rdfgears.rgl.datamodel.value.impl.ModifiableRecord
2614
RGL_VALUE_25562 class nl.tudelft.rdfgears.rgl.datamodel.value.impl.ModifiableRecord
2615
RGL_VALUE_25564 class nl.tudelft.rdfgears.rgl.datamodel.value.impl.ModifiableRecord
2616
RGL_VALUE_25566 class nl.tudelft.rdfgears.rgl.datamodel.value.impl.ModifiableRecord
2617
RGL_VALUE_25568 class nl.tudelft.rdfgears.rgl.datamodel.value.impl.ModifiableRecord
2618
RGL_VALUE_25570 class nl.tudelft.rdfgears.rgl.datamodel.value.impl.ModifiableRecord
2619
RGL_VALUE_25572 class nl.tudelft.rdfgears.rgl.datamodel.value.impl.ModifiableRecord
2620
RGL_VALUE_25574 class nl.tudelft.rdfgears.rgl.datamodel.value.impl.ModifiableRecord
2621
RGL_VALUE_25576 class nl.tudelft.rdfgears.rgl.datamodel.value.impl.ModifiableRecord
2622
RGL_VALUE_25578 class nl.tudelft.rdfgears.rgl.datamodel.value.impl.ModifiableRecord
2623
RGL_VALUE_25580 class nl.tudelft.rdfgears.rgl.datamodel.value.impl.ModifiableRecord
2624
RGL_VALUE_25582 class nl.tudelft.rdfgears.rgl.datamodel.value.impl.ModifiableRecord
2625
RGL_VALUE_25584 class nl.tudelft.rdfgears.rgl.datamodel.value.impl.ModifiableRecord
2626
RGL_VALUE_25586 class nl.tudelft.rdfgears.rgl.datamodel.value.impl.ModifiableRecord
2627
RGL_VALUE_25588 class nl.tudelft.rdfgears.rgl.datamodel.value.impl.ModifiableRecord
2628
RGL_VALUE_25590 class nl.tudelft.rdfgears.rgl.datamodel.value.impl.ModifiableRecord
2629
RGL_VALUE_25592 class nl.tudelft.rdfgears.rgl.datamodel.value.impl.ModifiableRecord
2630
RGL_VALUE_25594 class nl.tudelft.rdfgears.rgl.datamodel.value.impl.ModifiableRecord
2631
RGL_VALUE_25596 class nl.tudelft.rdfgears.rgl.datamodel.value.impl.ModifiableRecord
2632
RGL_VALUE_25598 class nl.tudelft.rdfgears.rgl.datamodel.value.impl.ModifiableRecord
2633
RGL_VALUE_25600 class nl.tudelft.rdfgears.rgl.datamodel.value.impl.ModifiableRecord
2634
RGL_VALUE_25602 class nl.tudelft.rdfgears.rgl.datamodel.value.impl.ModifiableRecord
2635
RGL_VALUE_25604 class nl.tudelft.rdfgears.rgl.datamodel.value.impl.ModifiableRecord
2636
RGL_VALUE_25606 class nl.tudelft.rdfgears.rgl.datamodel.value.impl.ModifiableRecord
2637
RGL_VALUE_25608 class nl.tudelft.rdfgears.rgl.datamodel.value.impl.ModifiableRecord
2638
RGL_VALUE_25610 class nl.tudelft.rdfgears.rgl.datamodel.value.impl.ModifiableRecord
2639
RGL_VALUE_25612 class nl.tudelft.rdfgears.rgl.datamodel.value.impl.ModifiableRecord
2640
RGL_VALUE_25614 class nl.tudelft.rdfgears.rgl.datamodel.value.impl.ModifiableRecord
2641
RGL_VALUE_25616 class nl.tudelft.rdfgears.rgl.datamodel.value.impl.ModifiableRecord
2642
RGL_VALUE_25618 class nl.tudelft.rdfgears.rgl.datamodel.value.impl.ModifiableRecord
2643
RGL_VALUE_25620 class nl.tudelft.rdfgears.rgl.datamodel.value.impl.ModifiableRecord
2644
RGL_VALUE_25622 class nl.tudelft.rdfgears.rgl.datamodel.value.impl.ModifiableRecord
2645
RGL_VALUE_25624 class nl.tudelft.rdfgears.rgl.datamodel.value.impl.ModifiableRecord
2646
RGL_VALUE_25626 class nl.tudelft.rdfgears.rgl.datamodel.value.impl.ModifiableRecord
2647
RGL_VALUE_25628 class nl.tudelft.rdfgears.rgl.datamodel.value.impl.ModifiableRecord
2648
RGL_VALUE_25630 class nl.tudelft.rdfgears.rgl.datamodel.value.impl.ModifiableRecord
2649
RGL_VALUE_25632 class nl.tudelft.rdfgears.rgl.datamodel.value.impl.ModifiableRecord
2650
RGL_VALUE_25634 class nl.tudelft.rdfgears.rgl.datamodel.value.impl.ModifiableRecord
2651
RGL_VALUE_25636 class nl.tudelft.rdfgears.rgl.datamodel.value.impl.ModifiableRecord
2652
RGL_VALUE_25638 class nl.tudelft.rdfgears.rgl.datamodel.value.impl.ModifiableRecord
2653
RGL_VALUE_25640 class nl.tudelft.rdfgears.rgl.datamodel.value.impl.ModifiableRecord
2654
RGL_VALUE_25642 class nl.tudelft.rdfgears.rgl.datamodel.value.impl.ModifiableRecord
2655
RGL_VALUE_25644 class nl.tudelft.rdfgears.rgl.datamodel.value.impl.ModifiableRecord
2656
RGL_VALUE_25646 class nl.tudelft.rdfgears.rgl.datamodel.value.impl.ModifiableRecord
2657
RGL_VALUE_25648 class nl.tudelft.rdfgears.rgl.datamodel.value.impl.ModifiableRecord
2658
RGL_VALUE_25650 class nl.tudelft.rdfgears.rgl.datamodel.value.impl.ModifiableRecord
2659
RGL_VALUE_25652 class nl.tudelft.rdfgears.rgl.datamodel.value.impl.ModifiableRecord
2660
RGL_VALUE_25654 class nl.tudelft.rdfgears.rgl.datamodel.value.impl.ModifiableRecord
2661
RGL_VALUE_25656 class nl.tudelft.rdfgears.rgl.datamodel.value.impl.ModifiableRecord
2662
RGL_VALUE_25658 class nl.tudelft.rdfgears.rgl.datamodel.value.impl.ModifiableRecord
2663
RGL_VALUE_25660 class nl.tudelft.rdfgears.rgl.datamodel.value.impl.ModifiableRecord
2664
RGL_VALUE_25662 class nl.tudelft.rdfgears.rgl.datamodel.value.impl.ModifiableRecord
2665
RGL_VALUE_25664 class nl.tudelft.rdfgears.rgl.datamodel.value.impl.ModifiableRecord
2666
RGL_VALUE_25666 class nl.tudelft.rdfgears.rgl.datamodel.value.impl.ModifiableRecord
2667
RGL_VALUE_25668 class nl.tudelft.rdfgears.rgl.datamodel.value.impl.ModifiableRecord
2668
RGL_VALUE_25670 class nl.tudelft.rdfgears.rgl.datamodel.value.impl.ModifiableRecord
2669
RGL_VALUE_25672 class nl.tudelft.rdfgears.rgl.datamodel.value.impl.ModifiableRecord
2670
RGL_VALUE_25674 class nl.tudelft.rdfgears.rgl.datamodel.value.impl.ModifiableRecord
2671
RGL_VALUE_25676 class nl.tudelft.rdfgears.rgl.datamodel.value.impl.ModifiableRecord
2672
RGL_VALUE_25678 class nl.tudelft.rdfgears.rgl.datamodel.value.impl.ModifiableRecord
2673
RGL_VALUE_25680 class nl.tudelft.rdfgears.rgl.datamodel.value.impl.ModifiableRecord
2674
RGL_VALUE_25682 class nl.tudelft.rdfgears.rgl.datamodel.value.impl.ModifiableRecord
2675
RGL_VALUE_25684 class nl.tudelft.rdfgears.rgl.datamodel.value.impl.ModifiableRecord
2676
RGL_VALUE_25686 class nl.tudelft.rdfgears.rgl.datamodel.value.impl.ModifiableRecord
2677
RGL_VALUE_25688 class nl.tudelft.rdfgears.rgl.datamodel.value.impl.ModifiableRecord
2678
RGL_VALUE_25690 class nl.tudelft.rdfgears.rgl.datamodel.value.impl.ModifiableRecord
2679
RGL_VALUE_25692 class nl.tudelft.rdfgears.rgl.datamodel.value.impl.ModifiableRecord
2680
RGL_VALUE_25694 class nl.tudelft.rdfgears.rgl.datamodel.value.impl.ModifiableRecord
2681
RGL_VALUE_25696 class nl.tudelft.rdfgears.rgl.datamodel.value.impl.ModifiableRecord
2682
RGL_VALUE_25698 class nl.tudelft.rdfgears.rgl.datamodel.value.impl.ModifiableRecord
2683
RGL_VALUE_25700 class nl.tudelft.rdfgears.rgl.datamodel.value.impl.ModifiableRecord
2684
RGL_VALUE_25702 class nl.tudelft.rdfgears.rgl.datamodel.value.impl.ModifiableRecord
2685
RGL_VALUE_25704 class nl.tudelft.rdfgears.rgl.datamodel.value.impl.ModifiableRecord
2686
RGL_VALUE_25706 class nl.tudelft.rdfgears.rgl.datamodel.value.impl.ModifiableRecord
2687
RGL_VALUE_25708 class nl.tudelft.rdfgears.rgl.datamodel.value.impl.ModifiableRecord
2688
RGL_VALUE_25710 class nl.tudelft.rdfgears.rgl.datamodel.value.impl.ModifiableRecord
2689
RGL_VALUE_25712 class nl.tudelft.rdfgears.rgl.datamodel.value.impl.ModifiableRecord
2690
RGL_VALUE_25714 class nl.tudelft.rdfgears.rgl.datamodel.value.impl.ModifiableRecord
2691
RGL_VALUE_25716 class nl.tudelft.rdfgears.rgl.datamodel.value.impl.ModifiableRecord
2692
RGL_VALUE_25718 class nl.tudelft.rdfgears.rgl.datamodel.value.impl.ModifiableRecord
2693
RGL_VALUE_25720 class nl.tudelft.rdfgears.rgl.datamodel.value.impl.ModifiableRecord
2694
RGL_VALUE_25722 class nl.tudelft.rdfgears.rgl.datamodel.value.impl.ModifiableRecord
2695
RGL_VALUE_25724 class nl.tudelft.rdfgears.rgl.datamodel.value.impl.ModifiableRecord
2696
RGL_VALUE_25726 class nl.tudelft.rdfgears.rgl.datamodel.value.impl.ModifiableRecord
2697
RGL_VALUE_25728 class nl.tudelft.rdfgears.rgl.datamodel.value.impl.ModifiableRecord
2698
RGL_VALUE_25730 class nl.tudelft.rdfgears.rgl.datamodel.value.impl.ModifiableRecord
2699
RGL_VALUE_25732 class nl.tudelft.rdfgears.rgl.datamodel.value.impl.ModifiableRecord
2700
RGL_VALUE_25735 class nl.tudelft.rdfgears.rgl.datamodel.value.impl.ModifiableRecord
2701
RGL_VALUE_25737 class nl.tudelft.rdfgears.rgl.datamodel.value.impl.ModifiableRecord
2702
RGL_VALUE_25739 class nl.tudelft.rdfgears.rgl.datamodel.value.impl.ModifiableRecord
2703
RGL_VALUE_25741 class nl.tudelft.rdfgears.rgl.datamodel.value.impl.ModifiableRecord
2704
RGL_VALUE_25743 class nl.tudelft.rdfgears.rgl.datamodel.value.impl.ModifiableRecord
2705
RGL_VALUE_25745 class nl.tudelft.rdfgears.rgl.datamodel.value.impl.ModifiableRecord
2706
RGL_VALUE_25747 class nl.tudelft.rdfgears.rgl.datamodel.value.impl.ModifiableRecord
2707
RGL_VALUE_25749 class nl.tudelft.rdfgears.rgl.datamodel.value.impl.ModifiableRecord
2708
RGL_VALUE_25751 class nl.tudelft.rdfgears.rgl.datamodel.value.impl.ModifiableRecord
2709
RGL_VALUE_25753 class nl.tudelft.rdfgears.rgl.datamodel.value.impl.ModifiableRecord
2710
RGL_VALUE_25755 class nl.tudelft.rdfgears.rgl.datamodel.value.impl.ModifiableRecord
2711
RGL_VALUE_25757 class nl.tudelft.rdfgears.rgl.datamodel.value.impl.ModifiableRecord
2712
RGL_VALUE_25759 class nl.tudelft.rdfgears.rgl.datamodel.value.impl.ModifiableRecord
2713
RGL_VALUE_25761 class nl.tudelft.rdfgears.rgl.datamodel.value.impl.ModifiableRecord
2714
RGL_VALUE_25763 class nl.tudelft.rdfgears.rgl.datamodel.value.impl.ModifiableRecord
2715
RGL_VALUE_25765 class nl.tudelft.rdfgears.rgl.datamodel.value.impl.ModifiableRecord
2716
RGL_VALUE_25767 class nl.tudelft.rdfgears.rgl.datamodel.value.impl.ModifiableRecord
2717
RGL_VALUE_25769 class nl.tudelft.rdfgears.rgl.datamodel.value.impl.ModifiableRecord
2718
RGL_VALUE_25771 class nl.tudelft.rdfgears.rgl.datamodel.value.impl.ModifiableRecord
2719
RGL_VALUE_25773 class nl.tudelft.rdfgears.rgl.datamodel.value.impl.ModifiableRecord
2720
RGL_VALUE_25775 class nl.tudelft.rdfgears.rgl.datamodel.value.impl.ModifiableRecord
2721
RGL_VALUE_25777 class nl.tudelft.rdfgears.rgl.datamodel.value.impl.ModifiableRecord
2722
RGL_VALUE_25779 class nl.tudelft.rdfgears.rgl.datamodel.value.impl.ModifiableRecord
2723
RGL_VALUE_25781 class nl.tudelft.rdfgears.rgl.datamodel.value.impl.ModifiableRecord
2724
RGL_VALUE_25783 class nl.tudelft.rdfgears.rgl.datamodel.value.impl.ModifiableRecord
2725
RGL_VALUE_25785 class nl.tudelft.rdfgears.rgl.datamodel.value.impl.ModifiableRecord
2726
RGL_VALUE_25787 class nl.tudelft.rdfgears.rgl.datamodel.value.impl.ModifiableRecord
2727
RGL_VALUE_25789 class nl.tudelft.rdfgears.rgl.datamodel.value.impl.ModifiableRecord
2728
RGL_VALUE_25791 class nl.tudelft.rdfgears.rgl.datamodel.value.impl.ModifiableRecord
2729
RGL_VALUE_25793 class nl.tudelft.rdfgears.rgl.datamodel.value.impl.ModifiableRecord
2730
RGL_VALUE_25795 class nl.tudelft.rdfgears.rgl.datamodel.value.impl.ModifiableRecord
2731
RGL_VALUE_25797 class nl.tudelft.rdfgears.rgl.datamodel.value.impl.ModifiableRecord
2732
RGL_VALUE_25799 class nl.tudelft.rdfgears.rgl.datamodel.value.impl.ModifiableRecord
2733
RGL_VALUE_25801 class nl.tudelft.rdfgears.rgl.datamodel.value.impl.ModifiableRecord
2734
RGL_VALUE_25803 class nl.tudelft.rdfgears.rgl.datamodel.value.impl.ModifiableRecord
2735
RGL_VALUE_25805 class nl.tudelft.rdfgears.rgl.datamodel.value.impl.ModifiableRecord
2736
RGL_VALUE_25807 class nl.tudelft.rdfgears.rgl.datamodel.value.impl.ModifiableRecord
2737
RGL_VALUE_25809 class nl.tudelft.rdfgears.rgl.datamodel.value.impl.ModifiableRecord
2738
RGL_VALUE_25811 class nl.tudelft.rdfgears.rgl.datamodel.value.impl.ModifiableRecord
2739
RGL_VALUE_25813 class nl.tudelft.rdfgears.rgl.datamodel.value.impl.ModifiableRecord
2740
RGL_VALUE_25815 class nl.tudelft.rdfgears.rgl.datamodel.value.impl.ModifiableRecord
2741
RGL_VALUE_25817 class nl.tudelft.rdfgears.rgl.datamodel.value.impl.ModifiableRecord
2742
RGL_VALUE_25819 class nl.tudelft.rdfgears.rgl.datamodel.value.impl.ModifiableRecord
2743
RGL_VALUE_25821 class nl.tudelft.rdfgears.rgl.datamodel.value.impl.ModifiableRecord
2744
RGL_VALUE_25823 class nl.tudelft.rdfgears.rgl.datamodel.value.impl.ModifiableRecord
2745
RGL_VALUE_25825 class nl.tudelft.rdfgears.rgl.datamodel.value.impl.ModifiableRecord
2746
RGL_VALUE_25827 class nl.tudelft.rdfgears.rgl.datamodel.value.impl.ModifiableRecord
2747
RGL_VALUE_25829 class nl.tudelft.rdfgears.rgl.datamodel.value.impl.ModifiableRecord
2748
RGL_VALUE_25831 class nl.tudelft.rdfgears.rgl.datamodel.value.impl.ModifiableRecord
2749
RGL_VALUE_25833 class nl.tudelft.rdfgears.rgl.datamodel.value.impl.ModifiableRecord
2750
RGL_VALUE_25835 class nl.tudelft.rdfgears.rgl.datamodel.value.impl.ModifiableRecord
2751
RGL_VALUE_25837 class nl.tudelft.rdfgears.rgl.datamodel.value.impl.ModifiableRecord
2752
RGL_VALUE_25839 class nl.tudelft.rdfgears.rgl.datamodel.value.impl.ModifiableRecord
2753
RGL_VALUE_25841 class nl.tudelft.rdfgears.rgl.datamodel.value.impl.ModifiableRecord
2754
RGL_VALUE_25843 class nl.tudelft.rdfgears.rgl.datamodel.value.impl.ModifiableRecord
2755
RGL_VALUE_25845 class nl.tudelft.rdfgears.rgl.datamodel.value.impl.ModifiableRecord
2756
RGL_VALUE_25847 class nl.tudelft.rdfgears.rgl.datamodel.value.impl.ModifiableRecord
2757
RGL_VALUE_25849 class nl.tudelft.rdfgears.rgl.datamodel.value.impl.ModifiableRecord
2758
RGL_VALUE_25851 class nl.tudelft.rdfgears.rgl.datamodel.value.impl.ModifiableRecord
2759
RGL_VALUE_25853 class nl.tudelft.rdfgears.rgl.datamodel.value.impl.ModifiableRecord
2760
RGL_VALUE_25855 class nl.tudelft.rdfgears.rgl.datamodel.value.impl.ModifiableRecord
2761
RGL_VALUE_25857 class nl.tudelft.rdfgears.rgl.datamodel.value.impl.ModifiableRecord
2762
RGL_VALUE_25859 class nl.tudelft.rdfgears.rgl.datamodel.value.impl.ModifiableRecord
2763
RGL_VALUE_25861 class nl.tudelft.rdfgears.rgl.datamodel.value.impl.ModifiableRecord
2764
RGL_VALUE_25863 class nl.tudelft.rdfgears.rgl.datamodel.value.impl.ModifiableRecord
2765
RGL_VALUE_25865 class nl.tudelft.rdfgears.rgl.datamodel.value.impl.ModifiableRecord
2766
RGL_VALUE_25867 class nl.tudelft.rdfgears.rgl.datamodel.value.impl.ModifiableRecord
2767
RGL_VALUE_25869 class nl.tudelft.rdfgears.rgl.datamodel.value.impl.ModifiableRecord
2768
RGL_VALUE_25871 class nl.tudelft.rdfgears.rgl.datamodel.value.impl.ModifiableRecord
2769
RGL_VALUE_25873 class nl.tudelft.rdfgears.rgl.datamodel.value.impl.ModifiableRecord
2770
RGL_VALUE_25875 class nl.tudelft.rdfgears.rgl.datamodel.value.impl.ModifiableRecord
2771
RGL_VALUE_25877 class nl.tudelft.rdfgears.rgl.datamodel.value.impl.ModifiableRecord
2772
RGL_VALUE_25879 class nl.tudelft.rdfgears.rgl.datamodel.value.impl.ModifiableRecord
2773
RGL_VALUE_25881 class nl.tudelft.rdfgears.rgl.datamodel.value.impl.ModifiableRecord
2774
RGL_VALUE_25883 class nl.tudelft.rdfgears.rgl.datamodel.value.impl.ModifiableRecord
2775
RGL_VALUE_25885 class nl.tudelft.rdfgears.rgl.datamodel.value.impl.ModifiableRecord
2776
RGL_VALUE_25887 class nl.tudelft.rdfgears.rgl.datamodel.value.impl.ModifiableRecord
2777
RGL_VALUE_25889 class nl.tudelft.rdfgears.rgl.datamodel.value.impl.ModifiableRecord
2778
RGL_VALUE_25891 class nl.tudelft.rdfgears.rgl.datamodel.value.impl.ModifiableRecord
2779
RGL_VALUE_25893 class nl.tudelft.rdfgears.rgl.datamodel.value.impl.ModifiableRecord
2780
RGL_VALUE_25895 class nl.tudelft.rdfgears.rgl.datamodel.value.impl.ModifiableRecord
2781
RGL_VALUE_25897 class nl.tudelft.rdfgears.rgl.datamodel.value.impl.ModifiableRecord
2782
RGL_VALUE_25899 class nl.tudelft.rdfgears.rgl.datamodel.value.impl.ModifiableRecord
2783
RGL_VALUE_25901 class nl.tudelft.rdfgears.rgl.datamodel.value.impl.ModifiableRecord
2784
RGL_VALUE_25903 class nl.tudelft.rdfgears.rgl.datamodel.value.impl.ModifiableRecord
2785
RGL_VALUE_25905 class nl.tudelft.rdfgears.rgl.datamodel.value.impl.ModifiableRecord
2786
RGL_VALUE_25907 class nl.tudelft.rdfgears.rgl.datamodel.value.impl.ModifiableRecord
2787
RGL_VALUE_25909 class nl.tudelft.rdfgears.rgl.datamodel.value.impl.ModifiableRecord
2788
RGL_VALUE_25911 class nl.tudelft.rdfgears.rgl.datamodel.value.impl.ModifiableRecord
2789
RGL_VALUE_25913 class nl.tudelft.rdfgears.rgl.datamodel.value.impl.ModifiableRecord
2790
RGL_VALUE_25915 class nl.tudelft.rdfgears.rgl.datamodel.value.impl.ModifiableRecord
2791
RGL_VALUE_25917 class nl.tudelft.rdfgears.rgl.datamodel.value.impl.ModifiableRecord
2792
RGL_VALUE_25919 class nl.tudelft.rdfgears.rgl.datamodel.value.impl.ModifiableRecord
2793
RGL_VALUE_25921 class nl.tudelft.rdfgears.rgl.datamodel.value.impl.ModifiableRecord
2794
RGL_VALUE_25923 class nl.tudelft.rdfgears.rgl.datamodel.value.impl.ModifiableRecord
2795
RGL_VALUE_25925 class nl.tudelft.rdfgears.rgl.datamodel.value.impl.ModifiableRecord
2796
RGL_VALUE_25927 class nl.tudelft.rdfgears.rgl.datamodel.value.impl.ModifiableRecord
2797
RGL_VALUE_25929 class nl.tudelft.rdfgears.rgl.datamodel.value.impl.ModifiableRecord
2798
RGL_VALUE_25931 class nl.tudelft.rdfgears.rgl.datamodel.value.impl.ModifiableRecord
2799
RGL_VALUE_25933 class nl.tudelft.rdfgears.rgl.datamodel.value.impl.ModifiableRecord
2800
RGL_VALUE_25936 class nl.tudelft.rdfgears.rgl.datamodel.value.impl.ModifiableRecord
2801
RGL_VALUE_25938 class nl.tudelft.rdfgears.rgl.datamodel.value.impl.ModifiableRecord
2802
RGL_VALUE_25940 class nl.tudelft.rdfgears.rgl.datamodel.value.impl.ModifiableRecord
2803
RGL_VALUE_25942 class nl.tudelft.rdfgears.rgl.datamodel.value.impl.ModifiableRecord
2804
RGL_VALUE_25944 class nl.tudelft.rdfgears.rgl.datamodel.value.impl.ModifiableRecord
2805
RGL_VALUE_25946 class nl.tudelft.rdfgears.rgl.datamodel.value.impl.ModifiableRecord
2806
RGL_VALUE_25948 class nl.tudelft.rdfgears.rgl.datamodel.value.impl.ModifiableRecord
2807
RGL_VALUE_25950 class nl.tudelft.rdfgears.rgl.datamodel.value.impl.ModifiableRecord
2808
RGL_VALUE_25952 class nl.tudelft.rdfgears.rgl.datamodel.value.impl.ModifiableRecord
2809
RGL_VALUE_25954 class nl.tudelft.rdfgears.rgl.datamodel.value.impl.ModifiableRecord
2810
RGL_VALUE_25956 class nl.tudelft.rdfgears.rgl.datamodel.value.impl.ModifiableRecord
2811
RGL_VALUE_25958 class nl.tudelft.rdfgears.rgl.datamodel.value.impl.ModifiableRecord
2812
RGL_VALUE_25960 class nl.tudelft.rdfgears.rgl.datamodel.value.impl.ModifiableRecord
2813
RGL_VALUE_25962 class nl.tudelft.rdfgears.rgl.datamodel.value.impl.ModifiableRecord
2814
RGL_VALUE_25964 class nl.tudelft.rdfgears.rgl.datamodel.value.impl.ModifiableRecord
2815
RGL_VALUE_25966 class nl.tudelft.rdfgears.rgl.datamodel.value.impl.ModifiableRecord
2816
RGL_VALUE_25968 class nl.tudelft.rdfgears.rgl.datamodel.value.impl.ModifiableRecord
2817
RGL_VALUE_25970 class nl.tudelft.rdfgears.rgl.datamodel.value.impl.ModifiableRecord
2818
RGL_VALUE_25972 class nl.tudelft.rdfgears.rgl.datamodel.value.impl.ModifiableRecord
2819
RGL_VALUE_25974 class nl.tudelft.rdfgears.rgl.datamodel.value.impl.ModifiableRecord
2820
RGL_VALUE_25976 class nl.tudelft.rdfgears.rgl.datamodel.value.impl.ModifiableRecord
2821
RGL_VALUE_25978 class nl.tudelft.rdfgears.rgl.datamodel.value.impl.ModifiableRecord
2822
RGL_VALUE_25980 class nl.tudelft.rdfgears.rgl.datamodel.value.impl.ModifiableRecord
2823
RGL_VALUE_25982 class nl.tudelft.rdfgears.rgl.datamodel.value.impl.ModifiableRecord
2824
RGL_VALUE_25984 class nl.tudelft.rdfgears.rgl.datamodel.value.impl.ModifiableRecord
2825
RGL_VALUE_25986 class nl.tudelft.rdfgears.rgl.datamodel.value.impl.ModifiableRecord
2826
RGL_VALUE_25988 class nl.tudelft.rdfgears.rgl.datamodel.value.impl.ModifiableRecord
2827
RGL_VALUE_25990 class nl.tudelft.rdfgears.rgl.datamodel.value.impl.ModifiableRecord
2828
RGL_VALUE_25992 class nl.tudelft.rdfgears.rgl.datamodel.value.impl.ModifiableRecord
2829
RGL_VALUE_25994 class nl.tudelft.rdfgears.rgl.datamodel.value.impl.ModifiableRecord
2830
RGL_VALUE_25996 class nl.tudelft.rdfgears.rgl.datamodel.value.impl.ModifiableRecord
2831
RGL_VALUE_25998 class nl.tudelft.rdfgears.rgl.datamodel.value.impl.ModifiableRecord
2832
RGL_VALUE_26000 class nl.tudelft.rdfgears.rgl.datamodel.value.impl.ModifiableRecord
2833
RGL_VALUE_26002 class nl.tudelft.rdfgears.rgl.datamodel.value.impl.ModifiableRecord
2834
RGL_VALUE_26004 class nl.tudelft.rdfgears.rgl.datamodel.value.impl.ModifiableRecord
2835
RGL_VALUE_26006 class nl.tudelft.rdfgears.rgl.datamodel.value.impl.ModifiableRecord
2836
RGL_VALUE_26008 class nl.tudelft.rdfgears.rgl.datamodel.value.impl.ModifiableRecord
2837
RGL_VALUE_26010 class nl.tudelft.rdfgears.rgl.datamodel.value.impl.ModifiableRecord
2838
RGL_VALUE_26012 class nl.tudelft.rdfgears.rgl.datamodel.value.impl.ModifiableRecord
2839
RGL_VALUE_26014 class nl.tudelft.rdfgears.rgl.datamodel.value.impl.ModifiableRecord
2840
RGL_VALUE_26016 class nl.tudelft.rdfgears.rgl.datamodel.value.impl.ModifiableRecord
2841
RGL_VALUE_26018 class nl.tudelft.rdfgears.rgl.datamodel.value.impl.ModifiableRecord
2842
RGL_VALUE_26020 class nl.tudelft.rdfgears.rgl.datamodel.value.impl.ModifiableRecord
2843
RGL_VALUE_26022 class nl.tudelft.rdfgears.rgl.datamodel.value.impl.ModifiableRecord
2844
RGL_VALUE_26024 class nl.tudelft.rdfgears.rgl.datamodel.value.impl.ModifiableRecord
2845
RGL_VALUE_26026 class nl.tudelft.rdfgears.rgl.datamodel.value.impl.ModifiableRecord
2846
RGL_VALUE_26028 class nl.tudelft.rdfgears.rgl.datamodel.value.impl.ModifiableRecord
2847
RGL_VALUE_26030 class nl.tudelft.rdfgears.rgl.datamodel.value.impl.ModifiableRecord
2848
RGL_VALUE_26032 class nl.tudelft.rdfgears.rgl.datamodel.value.impl.ModifiableRecord
2849
RGL_VALUE_26034 class nl.tudelft.rdfgears.rgl.datamodel.value.impl.ModifiableRecord
2850
RGL_VALUE_26036 class nl.tudelft.rdfgears.rgl.datamodel.value.impl.ModifiableRecord
2851
RGL_VALUE_26038 class nl.tudelft.rdfgears.rgl.datamodel.value.impl.ModifiableRecord
2852
RGL_VALUE_26040 class nl.tudelft.rdfgears.rgl.datamodel.value.impl.ModifiableRecord
2853
RGL_VALUE_26042 class nl.tudelft.rdfgears.rgl.datamodel.value.impl.ModifiableRecord
2854
RGL_VALUE_26044 class nl.tudelft.rdfgears.rgl.datamodel.value.impl.ModifiableRecord
2855
RGL_VALUE_26046 class nl.tudelft.rdfgears.rgl.datamodel.value.impl.ModifiableRecord
2856
RGL_VALUE_26048 class nl.tudelft.rdfgears.rgl.datamodel.value.impl.ModifiableRecord
2857
RGL_VALUE_26050 class nl.tudelft.rdfgears.rgl.datamodel.value.impl.ModifiableRecord
2858
RGL_VALUE_26052 class nl.tudelft.rdfgears.rgl.datamodel.value.impl.ModifiableRecord
2859
RGL_VALUE_26054 class nl.tudelft.rdfgears.rgl.datamodel.value.impl.ModifiableRecord
2860
RGL_VALUE_26056 class nl.tudelft.rdfgears.rgl.datamodel.value.impl.ModifiableRecord
2861
RGL_VALUE_26058 class nl.tudelft.rdfgears.rgl.datamodel.value.impl.ModifiableRecord
2862
RGL_VALUE_26060 class nl.tudelft.rdfgears.rgl.datamodel.value.impl.ModifiableRecord
2863
RGL_VALUE_26062 class nl.tudelft.rdfgears.rgl.datamodel.value.impl.ModifiableRecord
2864
RGL_VALUE_26064 class nl.tudelft.rdfgears.rgl.datamodel.value.impl.ModifiableRecord
2865
RGL_VALUE_26066 class nl.tudelft.rdfgears.rgl.datamodel.value.impl.ModifiableRecord
2866
RGL_VALUE_26068 class nl.tudelft.rdfgears.rgl.datamodel.value.impl.ModifiableRecord
2867
RGL_VALUE_26070 class nl.tudelft.rdfgears.rgl.datamodel.value.impl.ModifiableRecord
2868
RGL_VALUE_26072 class nl.tudelft.rdfgears.rgl.datamodel.value.impl.ModifiableRecord
2869
RGL_VALUE_26074 class nl.tudelft.rdfgears.rgl.datamodel.value.impl.ModifiableRecord
2870
RGL_VALUE_26076 class nl.tudelft.rdfgears.rgl.datamodel.value.impl.ModifiableRecord
2871
RGL_VALUE_26078 class nl.tudelft.rdfgears.rgl.datamodel.value.impl.ModifiableRecord
2872
RGL_VALUE_26080 class nl.tudelft.rdfgears.rgl.datamodel.value.impl.ModifiableRecord
2873
RGL_VALUE_26082 class nl.tudelft.rdfgears.rgl.datamodel.value.impl.ModifiableRecord
2874
RGL_VALUE_26084 class nl.tudelft.rdfgears.rgl.datamodel.value.impl.ModifiableRecord
2875
RGL_VALUE_26086 class nl.tudelft.rdfgears.rgl.datamodel.value.impl.ModifiableRecord
2876
RGL_VALUE_26088 class nl.tudelft.rdfgears.rgl.datamodel.value.impl.ModifiableRecord
2877
RGL_VALUE_26090 class nl.tudelft.rdfgears.rgl.datamodel.value.impl.ModifiableRecord
2878
RGL_VALUE_26092 class nl.tudelft.rdfgears.rgl.datamodel.value.impl.ModifiableRecord
2879
RGL_VALUE_26094 class nl.tudelft.rdfgears.rgl.datamodel.value.impl.ModifiableRecord
2880
RGL_VALUE_26096 class nl.tudelft.rdfgears.rgl.datamodel.value.impl.ModifiableRecord
2881
RGL_VALUE_26098 class nl.tudelft.rdfgears.rgl.datamodel.value.impl.ModifiableRecord
2882
RGL_VALUE_26100 class nl.tudelft.rdfgears.rgl.datamodel.value.impl.ModifiableRecord
2883
RGL_VALUE_26102 class nl.tudelft.rdfgears.rgl.datamodel.value.impl.ModifiableRecord
2884
RGL_VALUE_26104 class nl.tudelft.rdfgears.rgl.datamodel.value.impl.ModifiableRecord
2885
RGL_VALUE_26106 class nl.tudelft.rdfgears.rgl.datamodel.value.impl.ModifiableRecord
2886
RGL_VALUE_26108 class nl.tudelft.rdfgears.rgl.datamodel.value.impl.ModifiableRecord
2887
RGL_VALUE_26110 class nl.tudelft.rdfgears.rgl.datamodel.value.impl.ModifiableRecord
2888
RGL_VALUE_26112 class nl.tudelft.rdfgears.rgl.datamodel.value.impl.ModifiableRecord
2889
RGL_VALUE_26114 class nl.tudelft.rdfgears.rgl.datamodel.value.impl.ModifiableRecord
2890
RGL_VALUE_26116 class nl.tudelft.rdfgears.rgl.datamodel.value.impl.ModifiableRecord
2891
RGL_VALUE_26118 class nl.tudelft.rdfgears.rgl.datamodel.value.impl.ModifiableRecord
2892
RGL_VALUE_26120 class nl.tudelft.rdfgears.rgl.datamodel.value.impl.ModifiableRecord
2893
RGL_VALUE_26122 class nl.tudelft.rdfgears.rgl.datamodel.value.impl.ModifiableRecord
2894
RGL_VALUE_26124 class nl.tudelft.rdfgears.rgl.datamodel.value.impl.ModifiableRecord
2895
RGL_VALUE_26126 class nl.tudelft.rdfgears.rgl.datamodel.value.impl.ModifiableRecord
2896
RGL_VALUE_26128 class nl.tudelft.rdfgears.rgl.datamodel.value.impl.ModifiableRecord
2897
RGL_VALUE_26130 class nl.tudelft.rdfgears.rgl.datamodel.value.impl.ModifiableRecord
2898
RGL_VALUE_26132 class nl.tudelft.rdfgears.rgl.datamodel.value.impl.ModifiableRecord
2899
RGL_VALUE_26134 class nl.tudelft.rdfgears.rgl.datamodel.value.impl.ModifiableRecord
2900
RGL_VALUE_26137 class nl.tudelft.rdfgears.rgl.datamodel.value.impl.ModifiableRecord
2901
RGL_VALUE_26139 class nl.tudelft.rdfgears.rgl.datamodel.value.impl.ModifiableRecord
2902
RGL_VALUE_26141 class nl.tudelft.rdfgears.rgl.datamodel.value.impl.ModifiableRecord
2903
RGL_VALUE_26143 class nl.tudelft.rdfgears.rgl.datamodel.value.impl.ModifiableRecord
2904
RGL_VALUE_26145 class nl.tudelft.rdfgears.rgl.datamodel.value.impl.ModifiableRecord
2905
RGL_VALUE_26147 class nl.tudelft.rdfgears.rgl.datamodel.value.impl.ModifiableRecord
2906
RGL_VALUE_26149 class nl.tudelft.rdfgears.rgl.datamodel.value.impl.ModifiableRecord
2907
RGL_VALUE_26151 class nl.tudelft.rdfgears.rgl.datamodel.value.impl.ModifiableRecord
2908
RGL_VALUE_26153 class nl.tudelft.rdfgears.rgl.datamodel.value.impl.ModifiableRecord
2909
RGL_VALUE_26155 class nl.tudelft.rdfgears.rgl.datamodel.value.impl.ModifiableRecord
2910
RGL_VALUE_26157 class nl.tudelft.rdfgears.rgl.datamodel.value.impl.ModifiableRecord
2911
RGL_VALUE_26159 class nl.tudelft.rdfgears.rgl.datamodel.value.impl.ModifiableRecord
2912
RGL_VALUE_26161 class nl.tudelft.rdfgears.rgl.datamodel.value.impl.ModifiableRecord
2913
RGL_VALUE_26163 class nl.tudelft.rdfgears.rgl.datamodel.value.impl.ModifiableRecord
2914
RGL_VALUE_26165 class nl.tudelft.rdfgears.rgl.datamodel.value.impl.ModifiableRecord
2915
RGL_VALUE_26167 class nl.tudelft.rdfgears.rgl.datamodel.value.impl.ModifiableRecord
2916
RGL_VALUE_26169 class nl.tudelft.rdfgears.rgl.datamodel.value.impl.ModifiableRecord
2917
RGL_VALUE_26171 class nl.tudelft.rdfgears.rgl.datamodel.value.impl.ModifiableRecord
2918
RGL_VALUE_26173 class nl.tudelft.rdfgears.rgl.datamodel.value.impl.ModifiableRecord
2919
RGL_VALUE_26175 class nl.tudelft.rdfgears.rgl.datamodel.value.impl.ModifiableRecord
2920
RGL_VALUE_26177 class nl.tudelft.rdfgears.rgl.datamodel.value.impl.ModifiableRecord
2921
RGL_VALUE_26179 class nl.tudelft.rdfgears.rgl.datamodel.value.impl.ModifiableRecord
2922
RGL_VALUE_26181 class nl.tudelft.rdfgears.rgl.datamodel.value.impl.ModifiableRecord
2923
RGL_VALUE_26183 class nl.tudelft.rdfgears.rgl.datamodel.value.impl.ModifiableRecord
2924
RGL_VALUE_26185 class nl.tudelft.rdfgears.rgl.datamodel.value.impl.ModifiableRecord
2925
RGL_VALUE_26187 class nl.tudelft.rdfgears.rgl.datamodel.value.impl.ModifiableRecord
2926
RGL_VALUE_26189 class nl.tudelft.rdfgears.rgl.datamodel.value.impl.ModifiableRecord
2927
RGL_VALUE_26191 class nl.tudelft.rdfgears.rgl.datamodel.value.impl.ModifiableRecord
2928
RGL_VALUE_26193 class nl.tudelft.rdfgears.rgl.datamodel.value.impl.ModifiableRecord
2929
RGL_VALUE_26195 class nl.tudelft.rdfgears.rgl.datamodel.value.impl.ModifiableRecord
2930
RGL_VALUE_26197 class nl.tudelft.rdfgears.rgl.datamodel.value.impl.ModifiableRecord
2931
RGL_VALUE_26199 class nl.tudelft.rdfgears.rgl.datamodel.value.impl.ModifiableRecord
2932
RGL_VALUE_26201 class nl.tudelft.rdfgears.rgl.datamodel.value.impl.ModifiableRecord
2933
RGL_VALUE_26203 class nl.tudelft.rdfgears.rgl.datamodel.value.impl.ModifiableRecord
2934
RGL_VALUE_26205 class nl.tudelft.rdfgears.rgl.datamodel.value.impl.ModifiableRecord
2935
RGL_VALUE_26207 class nl.tudelft.rdfgears.rgl.datamodel.value.impl.ModifiableRecord
2936
RGL_VALUE_26209 class nl.tudelft.rdfgears.rgl.datamodel.value.impl.ModifiableRecord
2937
RGL_VALUE_26211 class nl.tudelft.rdfgears.rgl.datamodel.value.impl.ModifiableRecord
2938
RGL_VALUE_26213 class nl.tudelft.rdfgears.rgl.datamodel.value.impl.ModifiableRecord
2939
RGL_VALUE_26215 class nl.tudelft.rdfgears.rgl.datamodel.value.impl.ModifiableRecord
2940
RGL_VALUE_26217 class nl.tudelft.rdfgears.rgl.datamodel.value.impl.ModifiableRecord
2941
RGL_VALUE_26219 class nl.tudelft.rdfgears.rgl.datamodel.value.impl.ModifiableRecord
2942
RGL_VALUE_26221 class nl.tudelft.rdfgears.rgl.datamodel.value.impl.ModifiableRecord
2943
RGL_VALUE_26223 class nl.tudelft.rdfgears.rgl.datamodel.value.impl.ModifiableRecord
2944
RGL_VALUE_26225 class nl.tudelft.rdfgears.rgl.datamodel.value.impl.ModifiableRecord
2945
RGL_VALUE_26227 class nl.tudelft.rdfgears.rgl.datamodel.value.impl.ModifiableRecord
2946
RGL_VALUE_26229 class nl.tudelft.rdfgears.rgl.datamodel.value.impl.ModifiableRecord
2947
RGL_VALUE_26231 class nl.tudelft.rdfgears.rgl.datamodel.value.impl.ModifiableRecord
2948
RGL_VALUE_26233 class nl.tudelft.rdfgears.rgl.datamodel.value.impl.ModifiableRecord
2949
RGL_VALUE_26235 class nl.tudelft.rdfgears.rgl.datamodel.value.impl.ModifiableRecord
2950
RGL_VALUE_26237 class nl.tudelft.rdfgears.rgl.datamodel.value.impl.ModifiableRecord
2951
RGL_VALUE_26239 class nl.tudelft.rdfgears.rgl.datamodel.value.impl.ModifiableRecord
2952
RGL_VALUE_26241 class nl.tudelft.rdfgears.rgl.datamodel.value.impl.ModifiableRecord
2953
RGL_VALUE_26243 class nl.tudelft.rdfgears.rgl.datamodel.value.impl.ModifiableRecord
2954
RGL_VALUE_26245 class nl.tudelft.rdfgears.rgl.datamodel.value.impl.ModifiableRecord
2955
RGL_VALUE_26247 class nl.tudelft.rdfgears.rgl.datamodel.value.impl.ModifiableRecord
2956
RGL_VALUE_26249 class nl.tudelft.rdfgears.rgl.datamodel.value.impl.ModifiableRecord
2957
RGL_VALUE_26251 class nl.tudelft.rdfgears.rgl.datamodel.value.impl.ModifiableRecord
2958
RGL_VALUE_26253 class nl.tudelft.rdfgears.rgl.datamodel.value.impl.ModifiableRecord
2959
RGL_VALUE_26255 class nl.tudelft.rdfgears.rgl.datamodel.value.impl.ModifiableRecord
2960
RGL_VALUE_26257 class nl.tudelft.rdfgears.rgl.datamodel.value.impl.ModifiableRecord
2961
RGL_VALUE_26259 class nl.tudelft.rdfgears.rgl.datamodel.value.impl.ModifiableRecord
2962
RGL_VALUE_26261 class nl.tudelft.rdfgears.rgl.datamodel.value.impl.ModifiableRecord
2963
RGL_VALUE_26263 class nl.tudelft.rdfgears.rgl.datamodel.value.impl.ModifiableRecord
2964
RGL_VALUE_26265 class nl.tudelft.rdfgears.rgl.datamodel.value.impl.ModifiableRecord
2965
RGL_VALUE_26267 class nl.tudelft.rdfgears.rgl.datamodel.value.impl.ModifiableRecord
2966
RGL_VALUE_26269 class nl.tudelft.rdfgears.rgl.datamodel.value.impl.ModifiableRecord
2967
RGL_VALUE_26271 class nl.tudelft.rdfgears.rgl.datamodel.value.impl.ModifiableRecord
2968
RGL_VALUE_26273 class nl.tudelft.rdfgears.rgl.datamodel.value.impl.ModifiableRecord
2969
RGL_VALUE_26275 class nl.tudelft.rdfgears.rgl.datamodel.value.impl.ModifiableRecord
2970
RGL_VALUE_26277 class nl.tudelft.rdfgears.rgl.datamodel.value.impl.ModifiableRecord
2971
RGL_VALUE_26279 class nl.tudelft.rdfgears.rgl.datamodel.value.impl.ModifiableRecord
2972
RGL_VALUE_26281 class nl.tudelft.rdfgears.rgl.datamodel.value.impl.ModifiableRecord
2973
RGL_VALUE_26283 class nl.tudelft.rdfgears.rgl.datamodel.value.impl.ModifiableRecord
2974
RGL_VALUE_26285 class nl.tudelft.rdfgears.rgl.datamodel.value.impl.ModifiableRecord
2975
RGL_VALUE_26287 class nl.tudelft.rdfgears.rgl.datamodel.value.impl.ModifiableRecord
2976
RGL_VALUE_26289 class nl.tudelft.rdfgears.rgl.datamodel.value.impl.ModifiableRecord
2977
RGL_VALUE_26291 class nl.tudelft.rdfgears.rgl.datamodel.value.impl.ModifiableRecord
2978
RGL_VALUE_26293 class nl.tudelft.rdfgears.rgl.datamodel.value.impl.ModifiableRecord
2979
RGL_VALUE_26295 class nl.tudelft.rdfgears.rgl.datamodel.value.impl.ModifiableRecord
2980
RGL_VALUE_26297 class nl.tudelft.rdfgears.rgl.datamodel.value.impl.ModifiableRecord
2981
RGL_VALUE_26299 class nl.tudelft.rdfgears.rgl.datamodel.value.impl.ModifiableRecord
2982
RGL_VALUE_26301 class nl.tudelft.rdfgears.rgl.datamodel.value.impl.ModifiableRecord
2983
RGL_VALUE_26303 class nl.tudelft.rdfgears.rgl.datamodel.value.impl.ModifiableRecord
2984
RGL_VALUE_26305 class nl.tudelft.rdfgears.rgl.datamodel.value.impl.ModifiableRecord
2985
RGL_VALUE_26307 class nl.tudelft.rdfgears.rgl.datamodel.value.impl.ModifiableRecord
2986
RGL_VALUE_26309 class nl.tudelft.rdfgears.rgl.datamodel.value.impl.ModifiableRecord
2987
RGL_VALUE_26311 class nl.tudelft.rdfgears.rgl.datamodel.value.impl.ModifiableRecord
2988
RGL_VALUE_26313 class nl.tudelft.rdfgears.rgl.datamodel.value.impl.ModifiableRecord
2989
RGL_VALUE_26315 class nl.tudelft.rdfgears.rgl.datamodel.value.impl.ModifiableRecord
2990
RGL_VALUE_26317 class nl.tudelft.rdfgears.rgl.datamodel.value.impl.ModifiableRecord
2991
RGL_VALUE_26319 class nl.tudelft.rdfgears.rgl.datamodel.value.impl.ModifiableRecord
2992
RGL_VALUE_26321 class nl.tudelft.rdfgears.rgl.datamodel.value.impl.ModifiableRecord
2993
RGL_VALUE_26323 class nl.tudelft.rdfgears.rgl.datamodel.value.impl.ModifiableRecord
2994
RGL_VALUE_26325 class nl.tudelft.rdfgears.rgl.datamodel.value.impl.ModifiableRecord
2995
RGL_VALUE_26327 class nl.tudelft.rdfgears.rgl.datamodel.value.impl.ModifiableRecord
2996
RGL_VALUE_26329 class nl.tudelft.rdfgears.rgl.datamodel.value.impl.ModifiableRecord
2997
RGL_VALUE_26331 class nl.tudelft.rdfgears.rgl.datamodel.value.impl.ModifiableRecord
2998
RGL_VALUE_26333 class nl.tudelft.rdfgears.rgl.datamodel.value.impl.ModifiableRecord
2999
RGL_VALUE_26335 class nl.tudelft.rdfgears.rgl.datamodel.value.impl.ModifiableRecord
3000
RGL_VALUE_26338 class nl.tudelft.rdfgears.rgl.datamodel.value.impl.ModifiableRecord
3001
RGL_VALUE_26340 class nl.tudelft.rdfgears.rgl.datamodel.value.impl.ModifiableRecord
3002
RGL_VALUE_26342 class nl.tudelft.rdfgears.rgl.datamodel.value.impl.ModifiableRecord
3003
RGL_VALUE_26344 class nl.tudelft.rdfgears.rgl.datamodel.value.impl.ModifiableRecord
3004
RGL_VALUE_26346 class nl.tudelft.rdfgears.rgl.datamodel.value.impl.ModifiableRecord
3005
RGL_VALUE_26348 class nl.tudelft.rdfgears.rgl.datamodel.value.impl.ModifiableRecord
3006
RGL_VALUE_26350 class nl.tudelft.rdfgears.rgl.datamodel.value.impl.ModifiableRecord
3007
RGL_VALUE_26352 class nl.tudelft.rdfgears.rgl.datamodel.value.impl.ModifiableRecord
3008
RGL_VALUE_26354 class nl.tudelft.rdfgears.rgl.datamodel.value.impl.ModifiableRecord
3009
RGL_VALUE_26356 class nl.tudelft.rdfgears.rgl.datamodel.value.impl.ModifiableRecord
3010
RGL_VALUE_26358 class nl.tudelft.rdfgears.rgl.datamodel.value.impl.ModifiableRecord
3011
RGL_VALUE_26360 class nl.tudelft.rdfgears.rgl.datamodel.value.impl.ModifiableRecord
3012
RGL_VALUE_26362 class nl.tudelft.rdfgears.rgl.datamodel.value.impl.ModifiableRecord
3013
RGL_VALUE_26364 class nl.tudelft.rdfgears.rgl.datamodel.value.impl.ModifiableRecord
3014
RGL_VALUE_26366 class nl.tudelft.rdfgears.rgl.datamodel.value.impl.ModifiableRecord
3015
RGL_VALUE_26368 class nl.tudelft.rdfgears.rgl.datamodel.value.impl.ModifiableRecord
3016
RGL_VALUE_26370 class nl.tudelft.rdfgears.rgl.datamodel.value.impl.ModifiableRecord
3017
RGL_VALUE_26372 class nl.tudelft.rdfgears.rgl.datamodel.value.impl.ModifiableRecord
3018
RGL_VALUE_26374 class nl.tudelft.rdfgears.rgl.datamodel.value.impl.ModifiableRecord
3019
RGL_VALUE_26376 class nl.tudelft.rdfgears.rgl.datamodel.value.impl.ModifiableRecord
3020
RGL_VALUE_26378 class nl.tudelft.rdfgears.rgl.datamodel.value.impl.ModifiableRecord
3021
RGL_VALUE_26380 class nl.tudelft.rdfgears.rgl.datamodel.value.impl.ModifiableRecord
3022
RGL_VALUE_26382 class nl.tudelft.rdfgears.rgl.datamodel.value.impl.ModifiableRecord
3023
RGL_VALUE_26384 class nl.tudelft.rdfgears.rgl.datamodel.value.impl.ModifiableRecord
3024
RGL_VALUE_26386 class nl.tudelft.rdfgears.rgl.datamodel.value.impl.ModifiableRecord
3025
RGL_VALUE_26388 class nl.tudelft.rdfgears.rgl.datamodel.value.impl.ModifiableRecord
3026
RGL_VALUE_26390 class nl.tudelft.rdfgears.rgl.datamodel.value.impl.ModifiableRecord
3027
RGL_VALUE_26392 class nl.tudelft.rdfgears.rgl.datamodel.value.impl.ModifiableRecord
3028
RGL_VALUE_26394 class nl.tudelft.rdfgears.rgl.datamodel.value.impl.ModifiableRecord
3029
RGL_VALUE_26396 class nl.tudelft.rdfgears.rgl.datamodel.value.impl.ModifiableRecord
3030
RGL_VALUE_26398 class nl.tudelft.rdfgears.rgl.datamodel.value.impl.ModifiableRecord
3031
RGL_VALUE_26400 class nl.tudelft.rdfgears.rgl.datamodel.value.impl.ModifiableRecord
3032
RGL_VALUE_26402 class nl.tudelft.rdfgears.rgl.datamodel.value.impl.ModifiableRecord
3033
RGL_VALUE_26404 class nl.tudelft.rdfgears.rgl.datamodel.value.impl.ModifiableRecord
3034
RGL_VALUE_26406 class nl.tudelft.rdfgears.rgl.datamodel.value.impl.ModifiableRecord
3035
RGL_VALUE_26408 class nl.tudelft.rdfgears.rgl.datamodel.value.impl.ModifiableRecord
3036
RGL_VALUE_26410 class nl.tudelft.rdfgears.rgl.datamodel.value.impl.ModifiableRecord
3037
RGL_VALUE_26412 class nl.tudelft.rdfgears.rgl.datamodel.value.impl.ModifiableRecord
3038
RGL_VALUE_26414 class nl.tudelft.rdfgears.rgl.datamodel.value.impl.ModifiableRecord
3039
RGL_VALUE_26416 class nl.tudelft.rdfgears.rgl.datamodel.value.impl.ModifiableRecord
3040
RGL_VALUE_26418 class nl.tudelft.rdfgears.rgl.datamodel.value.impl.ModifiableRecord
3041
RGL_VALUE_26420 class nl.tudelft.rdfgears.rgl.datamodel.value.impl.ModifiableRecord
3042
RGL_VALUE_26422 class nl.tudelft.rdfgears.rgl.datamodel.value.impl.ModifiableRecord
3043
RGL_VALUE_26424 class nl.tudelft.rdfgears.rgl.datamodel.value.impl.ModifiableRecord
3044
RGL_VALUE_26426 class nl.tudelft.rdfgears.rgl.datamodel.value.impl.ModifiableRecord
3045
RGL_VALUE_26428 class nl.tudelft.rdfgears.rgl.datamodel.value.impl.ModifiableRecord
3046
RGL_VALUE_26430 class nl.tudelft.rdfgears.rgl.datamodel.value.impl.ModifiableRecord
3047
RGL_VALUE_26432 class nl.tudelft.rdfgears.rgl.datamodel.value.impl.ModifiableRecord
3048
RGL_VALUE_26434 class nl.tudelft.rdfgears.rgl.datamodel.value.impl.ModifiableRecord
3049
RGL_VALUE_26436 class nl.tudelft.rdfgears.rgl.datamodel.value.impl.ModifiableRecord
3050
RGL_VALUE_26438 class nl.tudelft.rdfgears.rgl.datamodel.value.impl.ModifiableRecord
3051
RGL_VALUE_26440 class nl.tudelft.rdfgears.rgl.datamodel.value.impl.ModifiableRecord
3052
RGL_VALUE_26442 class nl.tudelft.rdfgears.rgl.datamodel.value.impl.ModifiableRecord
3053
RGL_VALUE_26444 class nl.tudelft.rdfgears.rgl.datamodel.value.impl.ModifiableRecord
3054
RGL_VALUE_26446 class nl.tudelft.rdfgears.rgl.datamodel.value.impl.ModifiableRecord
3055
RGL_VALUE_26448 class nl.tudelft.rdfgears.rgl.datamodel.value.impl.ModifiableRecord
3056
RGL_VALUE_26450 class nl.tudelft.rdfgears.rgl.datamodel.value.impl.ModifiableRecord
3057
RGL_VALUE_26452 class nl.tudelft.rdfgears.rgl.datamodel.value.impl.ModifiableRecord
3058
RGL_VALUE_26454 class nl.tudelft.rdfgears.rgl.datamodel.value.impl.ModifiableRecord
3059
RGL_VALUE_26456 class nl.tudelft.rdfgears.rgl.datamodel.value.impl.ModifiableRecord
3060
RGL_VALUE_26458 class nl.tudelft.rdfgears.rgl.datamodel.value.impl.ModifiableRecord
3061
RGL_VALUE_26460 class nl.tudelft.rdfgears.rgl.datamodel.value.impl.ModifiableRecord
3062
RGL_VALUE_26462 class nl.tudelft.rdfgears.rgl.datamodel.value.impl.ModifiableRecord
3063
RGL_VALUE_26464 class nl.tudelft.rdfgears.rgl.datamodel.value.impl.ModifiableRecord
3064
RGL_VALUE_26466 class nl.tudelft.rdfgears.rgl.datamodel.value.impl.ModifiableRecord
3065
RGL_VALUE_26468 class nl.tudelft.rdfgears.rgl.datamodel.value.impl.ModifiableRecord
3066
RGL_VALUE_26470 class nl.tudelft.rdfgears.rgl.datamodel.value.impl.ModifiableRecord
3067
RGL_VALUE_26472 class nl.tudelft.rdfgears.rgl.datamodel.value.impl.ModifiableRecord
3068
RGL_VALUE_26474 class nl.tudelft.rdfgears.rgl.datamodel.value.impl.ModifiableRecord
3069
RGL_VALUE_26476 class nl.tudelft.rdfgears.rgl.datamodel.value.impl.ModifiableRecord
3070
RGL_VALUE_26478 class nl.tudelft.rdfgears.rgl.datamodel.value.impl.ModifiableRecord
3071
RGL_VALUE_26480 class nl.tudelft.rdfgears.rgl.datamodel.value.impl.ModifiableRecord
3072
RGL_VALUE_26482 class nl.tudelft.rdfgears.rgl.datamodel.value.impl.ModifiableRecord
3073
RGL_VALUE_26484 class nl.tudelft.rdfgears.rgl.datamodel.value.impl.ModifiableRecord
3074
RGL_VALUE_26486 class nl.tudelft.rdfgears.rgl.datamodel.value.impl.ModifiableRecord
3075
RGL_VALUE_26488 class nl.tudelft.rdfgears.rgl.datamodel.value.impl.ModifiableRecord
3076
RGL_VALUE_26490 class nl.tudelft.rdfgears.rgl.datamodel.value.impl.ModifiableRecord
3077
RGL_VALUE_26492 class nl.tudelft.rdfgears.rgl.datamodel.value.impl.ModifiableRecord
3078
RGL_VALUE_26494 class nl.tudelft.rdfgears.rgl.datamodel.value.impl.ModifiableRecord
3079
RGL_VALUE_26496 class nl.tudelft.rdfgears.rgl.datamodel.value.impl.ModifiableRecord
3080
RGL_VALUE_26498 class nl.tudelft.rdfgears.rgl.datamodel.value.impl.ModifiableRecord
3081
RGL_VALUE_26500 class nl.tudelft.rdfgears.rgl.datamodel.value.impl.ModifiableRecord
3082
RGL_VALUE_26502 class nl.tudelft.rdfgears.rgl.datamodel.value.impl.ModifiableRecord
3083
RGL_VALUE_26504 class nl.tudelft.rdfgears.rgl.datamodel.value.impl.ModifiableRecord
3084
RGL_VALUE_26506 class nl.tudelft.rdfgears.rgl.datamodel.value.impl.ModifiableRecord
3085
RGL_VALUE_26508 class nl.tudelft.rdfgears.rgl.datamodel.value.impl.ModifiableRecord
3086
RGL_VALUE_26510 class nl.tudelft.rdfgears.rgl.datamodel.value.impl.ModifiableRecord
3087
RGL_VALUE_26512 class nl.tudelft.rdfgears.rgl.datamodel.value.impl.ModifiableRecord
3088
RGL_VALUE_26514 class nl.tudelft.rdfgears.rgl.datamodel.value.impl.ModifiableRecord
3089
RGL_VALUE_26516 class nl.tudelft.rdfgears.rgl.datamodel.value.impl.ModifiableRecord
3090
RGL_VALUE_26518 class nl.tudelft.rdfgears.rgl.datamodel.value.impl.ModifiableRecord
3091
RGL_VALUE_26520 class nl.tudelft.rdfgears.rgl.datamodel.value.impl.ModifiableRecord
3092
RGL_VALUE_26522 class nl.tudelft.rdfgears.rgl.datamodel.value.impl.ModifiableRecord
3093
RGL_VALUE_26524 class nl.tudelft.rdfgears.rgl.datamodel.value.impl.ModifiableRecord
3094
RGL_VALUE_26526 class nl.tudelft.rdfgears.rgl.datamodel.value.impl.ModifiableRecord
3095
RGL_VALUE_26528 class nl.tudelft.rdfgears.rgl.datamodel.value.impl.ModifiableRecord
3096
RGL_VALUE_26530 class nl.tudelft.rdfgears.rgl.datamodel.value.impl.ModifiableRecord
3097
RGL_VALUE_26532 class nl.tudelft.rdfgears.rgl.datamodel.value.impl.ModifiableRecord
3098
RGL_VALUE_26534 class nl.tudelft.rdfgears.rgl.datamodel.value.impl.ModifiableRecord
3099
RGL_VALUE_26536 class nl.tudelft.rdfgears.rgl.datamodel.value.impl.ModifiableRecord
3100
RGL_VALUE_26539 class nl.tudelft.rdfgears.rgl.datamodel.value.impl.ModifiableRecord
3101
RGL_VALUE_26541 class nl.tudelft.rdfgears.rgl.datamodel.value.impl.ModifiableRecord
3102
RGL_VALUE_26543 class nl.tudelft.rdfgears.rgl.datamodel.value.impl.ModifiableRecord
3103
RGL_VALUE_26545 class nl.tudelft.rdfgears.rgl.datamodel.value.impl.ModifiableRecord
3104
RGL_VALUE_26547 class nl.tudelft.rdfgears.rgl.datamodel.value.impl.ModifiableRecord
3105
RGL_VALUE_26549 class nl.tudelft.rdfgears.rgl.datamodel.value.impl.ModifiableRecord
3106
RGL_VALUE_26551 class nl.tudelft.rdfgears.rgl.datamodel.value.impl.ModifiableRecord
3107
RGL_VALUE_26553 class nl.tudelft.rdfgears.rgl.datamodel.value.impl.ModifiableRecord
3108
RGL_VALUE_26555 class nl.tudelft.rdfgears.rgl.datamodel.value.impl.ModifiableRecord
3109
RGL_VALUE_26557 class nl.tudelft.rdfgears.rgl.datamodel.value.impl.ModifiableRecord
3110
RGL_VALUE_26559 class nl.tudelft.rdfgears.rgl.datamodel.value.impl.ModifiableRecord
3111
RGL_VALUE_26561 class nl.tudelft.rdfgears.rgl.datamodel.value.impl.ModifiableRecord
3112
RGL_VALUE_26563 class nl.tudelft.rdfgears.rgl.datamodel.value.impl.ModifiableRecord
3113
RGL_VALUE_26565 class nl.tudelft.rdfgears.rgl.datamodel.value.impl.ModifiableRecord
3114
RGL_VALUE_26567 class nl.tudelft.rdfgears.rgl.datamodel.value.impl.ModifiableRecord
3115
RGL_VALUE_26569 class nl.tudelft.rdfgears.rgl.datamodel.value.impl.ModifiableRecord
3116
RGL_VALUE_26571 class nl.tudelft.rdfgears.rgl.datamodel.value.impl.ModifiableRecord
3117
RGL_VALUE_26573 class nl.tudelft.rdfgears.rgl.datamodel.value.impl.ModifiableRecord
3118
RGL_VALUE_26575 class nl.tudelft.rdfgears.rgl.datamodel.value.impl.ModifiableRecord
3119
RGL_VALUE_26577 class nl.tudelft.rdfgears.rgl.datamodel.value.impl.ModifiableRecord
3120
RGL_VALUE_26579 class nl.tudelft.rdfgears.rgl.datamodel.value.impl.ModifiableRecord
3121
RGL_VALUE_26581 class nl.tudelft.rdfgears.rgl.datamodel.value.impl.ModifiableRecord
3122
RGL_VALUE_26583 class nl.tudelft.rdfgears.rgl.datamodel.value.impl.ModifiableRecord
3123
RGL_VALUE_26585 class nl.tudelft.rdfgears.rgl.datamodel.value.impl.ModifiableRecord
3124
RGL_VALUE_26587 class nl.tudelft.rdfgears.rgl.datamodel.value.impl.ModifiableRecord
3125
RGL_VALUE_26589 class nl.tudelft.rdfgears.rgl.datamodel.value.impl.ModifiableRecord
3126
RGL_VALUE_26591 class nl.tudelft.rdfgears.rgl.datamodel.value.impl.ModifiableRecord
3127
RGL_VALUE_26593 class nl.tudelft.rdfgears.rgl.datamodel.value.impl.ModifiableRecord
3128
RGL_VALUE_26595 class nl.tudelft.rdfgears.rgl.datamodel.value.impl.ModifiableRecord
3129
RGL_VALUE_26597 class nl.tudelft.rdfgears.rgl.datamodel.value.impl.ModifiableRecord
3130
RGL_VALUE_26599 class nl.tudelft.rdfgears.rgl.datamodel.value.impl.ModifiableRecord
3131
RGL_VALUE_26601 class nl.tudelft.rdfgears.rgl.datamodel.value.impl.ModifiableRecord
3132
RGL_VALUE_26603 class nl.tudelft.rdfgears.rgl.datamodel.value.impl.ModifiableRecord
3133
RGL_VALUE_26605 class nl.tudelft.rdfgears.rgl.datamodel.value.impl.ModifiableRecord
3134
RGL_VALUE_26607 class nl.tudelft.rdfgears.rgl.datamodel.value.impl.ModifiableRecord
3135
RGL_VALUE_26609 class nl.tudelft.rdfgears.rgl.datamodel.value.impl.ModifiableRecord
3136
RGL_VALUE_26611 class nl.tudelft.rdfgears.rgl.datamodel.value.impl.ModifiableRecord
3137
RGL_VALUE_26613 class nl.tudelft.rdfgears.rgl.datamodel.value.impl.ModifiableRecord
3138
RGL_VALUE_26615 class nl.tudelft.rdfgears.rgl.datamodel.value.impl.ModifiableRecord
3139
RGL_VALUE_26617 class nl.tudelft.rdfgears.rgl.datamodel.value.impl.ModifiableRecord
3140
RGL_VALUE_26619 class nl.tudelft.rdfgears.rgl.datamodel.value.impl.ModifiableRecord
3141
RGL_VALUE_26621 class nl.tudelft.rdfgears.rgl.datamodel.value.impl.ModifiableRecord
3142
RGL_VALUE_26623 class nl.tudelft.rdfgears.rgl.datamodel.value.impl.ModifiableRecord
3143
RGL_VALUE_26625 class nl.tudelft.rdfgears.rgl.datamodel.value.impl.ModifiableRecord
3144
RGL_VALUE_26627 class nl.tudelft.rdfgears.rgl.datamodel.value.impl.ModifiableRecord
3145
RGL_VALUE_26629 class nl.tudelft.rdfgears.rgl.datamodel.value.impl.ModifiableRecord
3146
RGL_VALUE_26631 class nl.tudelft.rdfgears.rgl.datamodel.value.impl.ModifiableRecord
3147
RGL_VALUE_26633 class nl.tudelft.rdfgears.rgl.datamodel.value.impl.ModifiableRecord
3148
RGL_VALUE_26635 class nl.tudelft.rdfgears.rgl.datamodel.value.impl.ModifiableRecord
3149
RGL_VALUE_26637 class nl.tudelft.rdfgears.rgl.datamodel.value.impl.ModifiableRecord
3150
RGL_VALUE_26639 class nl.tudelft.rdfgears.rgl.datamodel.value.impl.ModifiableRecord
3151
RGL_VALUE_26641 class nl.tudelft.rdfgears.rgl.datamodel.value.impl.ModifiableRecord
3152
RGL_VALUE_26643 class nl.tudelft.rdfgears.rgl.datamodel.value.impl.ModifiableRecord
3153
RGL_VALUE_26645 class nl.tudelft.rdfgears.rgl.datamodel.value.impl.ModifiableRecord
3154
RGL_VALUE_26647 class nl.tudelft.rdfgears.rgl.datamodel.value.impl.ModifiableRecord
3155
RGL_VALUE_26649 class nl.tudelft.rdfgears.rgl.datamodel.value.impl.ModifiableRecord
3156
RGL_VALUE_26651 class nl.tudelft.rdfgears.rgl.datamodel.value.impl.ModifiableRecord
3157
RGL_VALUE_26653 class nl.tudelft.rdfgears.rgl.datamodel.value.impl.ModifiableRecord
3158
RGL_VALUE_26655 class nl.tudelft.rdfgears.rgl.datamodel.value.impl.ModifiableRecord
3159
RGL_VALUE_26657 class nl.tudelft.rdfgears.rgl.datamodel.value.impl.ModifiableRecord
3160
RGL_VALUE_26659 class nl.tudelft.rdfgears.rgl.datamodel.value.impl.ModifiableRecord
3161
RGL_VALUE_26661 class nl.tudelft.rdfgears.rgl.datamodel.value.impl.ModifiableRecord
3162
RGL_VALUE_26663 class nl.tudelft.rdfgears.rgl.datamodel.value.impl.ModifiableRecord
3163
RGL_VALUE_26665 class nl.tudelft.rdfgears.rgl.datamodel.value.impl.ModifiableRecord
3164
RGL_VALUE_26667 class nl.tudelft.rdfgears.rgl.datamodel.value.impl.ModifiableRecord
3165
RGL_VALUE_26669 class nl.tudelft.rdfgears.rgl.datamodel.value.impl.ModifiableRecord
3166
RGL_VALUE_26671 class nl.tudelft.rdfgears.rgl.datamodel.value.impl.ModifiableRecord
3167
RGL_VALUE_26673 class nl.tudelft.rdfgears.rgl.datamodel.value.impl.ModifiableRecord
3168
RGL_VALUE_26675 class nl.tudelft.rdfgears.rgl.datamodel.value.impl.ModifiableRecord
3169
RGL_VALUE_26677 class nl.tudelft.rdfgears.rgl.datamodel.value.impl.ModifiableRecord
3170
RGL_VALUE_26679 class nl.tudelft.rdfgears.rgl.datamodel.value.impl.ModifiableRecord
3171
RGL_VALUE_26681 class nl.tudelft.rdfgears.rgl.datamodel.value.impl.ModifiableRecord
3172
RGL_VALUE_26683 class nl.tudelft.rdfgears.rgl.datamodel.value.impl.ModifiableRecord
3173
RGL_VALUE_26685 class nl.tudelft.rdfgears.rgl.datamodel.value.impl.ModifiableRecord
3174
RGL_VALUE_26687 class nl.tudelft.rdfgears.rgl.datamodel.value.impl.ModifiableRecord
3175
RGL_VALUE_26689 class nl.tudelft.rdfgears.rgl.datamodel.value.impl.ModifiableRecord
3176
RGL_VALUE_26691 class nl.tudelft.rdfgears.rgl.datamodel.value.impl.ModifiableRecord
3177
RGL_VALUE_26693 class nl.tudelft.rdfgears.rgl.datamodel.value.impl.ModifiableRecord
3178
RGL_VALUE_26695 class nl.tudelft.rdfgears.rgl.datamodel.value.impl.ModifiableRecord
3179
RGL_VALUE_26697 class nl.tudelft.rdfgears.rgl.datamodel.value.impl.ModifiableRecord
3180
RGL_VALUE_26699 class nl.tudelft.rdfgears.rgl.datamodel.value.impl.ModifiableRecord
3181
RGL_VALUE_26701 class nl.tudelft.rdfgears.rgl.datamodel.value.impl.ModifiableRecord
3182
RGL_VALUE_26703 class nl.tudelft.rdfgears.rgl.datamodel.value.impl.ModifiableRecord
3183
RGL_VALUE_26705 class nl.tudelft.rdfgears.rgl.datamodel.value.impl.ModifiableRecord
3184
RGL_VALUE_26707 class nl.tudelft.rdfgears.rgl.datamodel.value.impl.ModifiableRecord
3185
RGL_VALUE_26709 class nl.tudelft.rdfgears.rgl.datamodel.value.impl.ModifiableRecord
3186
RGL_VALUE_26711 class nl.tudelft.rdfgears.rgl.datamodel.value.impl.ModifiableRecord
3187
RGL_VALUE_26713 class nl.tudelft.rdfgears.rgl.datamodel.value.impl.ModifiableRecord
3188
RGL_VALUE_26715 class nl.tudelft.rdfgears.rgl.datamodel.value.impl.ModifiableRecord
3189
RGL_VALUE_26717 class nl.tudelft.rdfgears.rgl.datamodel.value.impl.ModifiableRecord
3190
RGL_VALUE_26719 class nl.tudelft.rdfgears.rgl.datamodel.value.impl.ModifiableRecord
3191
RGL_VALUE_26721 class nl.tudelft.rdfgears.rgl.datamodel.value.impl.ModifiableRecord
3192
RGL_VALUE_26723 class nl.tudelft.rdfgears.rgl.datamodel.value.impl.ModifiableRecord
3193
RGL_VALUE_26725 class nl.tudelft.rdfgears.rgl.datamodel.value.impl.ModifiableRecord
3194
RGL_VALUE_26727 class nl.tudelft.rdfgears.rgl.datamodel.value.impl.ModifiableRecord
3195
RGL_VALUE_26729 class nl.tudelft.rdfgears.rgl.datamodel.value.impl.ModifiableRecord
3196
RGL_VALUE_26731 class nl.tudelft.rdfgears.rgl.datamodel.value.impl.ModifiableRecord
3197
RGL_VALUE_26733 class nl.tudelft.rdfgears.rgl.datamodel.value.impl.ModifiableRecord
3198
RGL_VALUE_26735 class nl.tudelft.rdfgears.rgl.datamodel.value.impl.ModifiableRecord
3199
RGL_VALUE_26737 class nl.tudelft.rdfgears.rgl.datamodel.value.impl.ModifiableRecord
3200
RGL_VALUE_26740 class nl.tudelft.rdfgears.rgl.datamodel.value.impl.ModifiableRecord
3201
RGL_VALUE_26742 class nl.tudelft.rdfgears.rgl.datamodel.value.impl.ModifiableRecord
3202
RGL_VALUE_26744 class nl.tudelft.rdfgears.rgl.datamodel.value.impl.ModifiableRecord
3203
RGL_VALUE_26746 class nl.tudelft.rdfgears.rgl.datamodel.value.impl.ModifiableRecord
3204
RGL_VALUE_26748 class nl.tudelft.rdfgears.rgl.datamodel.value.impl.ModifiableRecord
3205
RGL_VALUE_26750 class nl.tudelft.rdfgears.rgl.datamodel.value.impl.ModifiableRecord
3206
RGL_VALUE_26752 class nl.tudelft.rdfgears.rgl.datamodel.value.impl.ModifiableRecord
3207
RGL_VALUE_26754 class nl.tudelft.rdfgears.rgl.datamodel.value.impl.ModifiableRecord
3208
RGL_VALUE_26756 class nl.tudelft.rdfgears.rgl.datamodel.value.impl.ModifiableRecord
3209
RGL_VALUE_26758 class nl.tudelft.rdfgears.rgl.datamodel.value.impl.ModifiableRecord
3210
RGL_VALUE_26760 class nl.tudelft.rdfgears.rgl.datamodel.value.impl.ModifiableRecord
3211
RGL_VALUE_26762 class nl.tudelft.rdfgears.rgl.datamodel.value.impl.ModifiableRecord
3212
RGL_VALUE_26764 class nl.tudelft.rdfgears.rgl.datamodel.value.impl.ModifiableRecord
3213
RGL_VALUE_26766 class nl.tudelft.rdfgears.rgl.datamodel.value.impl.ModifiableRecord
3214
RGL_VALUE_26768 class nl.tudelft.rdfgears.rgl.datamodel.value.impl.ModifiableRecord
3215
RGL_VALUE_26770 class nl.tudelft.rdfgears.rgl.datamodel.value.impl.ModifiableRecord
3216
RGL_VALUE_26772 class nl.tudelft.rdfgears.rgl.datamodel.value.impl.ModifiableRecord
3217
RGL_VALUE_26774 class nl.tudelft.rdfgears.rgl.datamodel.value.impl.ModifiableRecord
3218
RGL_VALUE_26776 class nl.tudelft.rdfgears.rgl.datamodel.value.impl.ModifiableRecord
3219
RGL_VALUE_26778 class nl.tudelft.rdfgears.rgl.datamodel.value.impl.ModifiableRecord
3220
RGL_VALUE_26780 class nl.tudelft.rdfgears.rgl.datamodel.value.impl.ModifiableRecord
3221
RGL_VALUE_26782 class nl.tudelft.rdfgears.rgl.datamodel.value.impl.ModifiableRecord
3222
RGL_VALUE_26784 class nl.tudelft.rdfgears.rgl.datamodel.value.impl.ModifiableRecord
3223
RGL_VALUE_26786 class nl.tudelft.rdfgears.rgl.datamodel.value.impl.ModifiableRecord
3224
RGL_VALUE_26788 class nl.tudelft.rdfgears.rgl.datamodel.value.impl.ModifiableRecord
3225
RGL_VALUE_26790 class nl.tudelft.rdfgears.rgl.datamodel.value.impl.ModifiableRecord
3226
RGL_VALUE_26792 class nl.tudelft.rdfgears.rgl.datamodel.value.impl.ModifiableRecord
3227
RGL_VALUE_26794 class nl.tudelft.rdfgears.rgl.datamodel.value.impl.ModifiableRecord
3228
RGL_VALUE_26796 class nl.tudelft.rdfgears.rgl.datamodel.value.impl.ModifiableRecord
3229
RGL_VALUE_26798 class nl.tudelft.rdfgears.rgl.datamodel.value.impl.ModifiableRecord
3230
RGL_VALUE_26800 class nl.tudelft.rdfgears.rgl.datamodel.value.impl.ModifiableRecord
3231
RGL_VALUE_26802 class nl.tudelft.rdfgears.rgl.datamodel.value.impl.ModifiableRecord
3232
RGL_VALUE_26804 class nl.tudelft.rdfgears.rgl.datamodel.value.impl.ModifiableRecord
3233
RGL_VALUE_26806 class nl.tudelft.rdfgears.rgl.datamodel.value.impl.ModifiableRecord
3234
RGL_VALUE_26808 class nl.tudelft.rdfgears.rgl.datamodel.value.impl.ModifiableRecord
3235
RGL_VALUE_26810 class nl.tudelft.rdfgears.rgl.datamodel.value.impl.ModifiableRecord
3236
RGL_VALUE_26812 class nl.tudelft.rdfgears.rgl.datamodel.value.impl.ModifiableRecord
3237
RGL_VALUE_26814 class nl.tudelft.rdfgears.rgl.datamodel.value.impl.ModifiableRecord
3238
RGL_VALUE_26816 class nl.tudelft.rdfgears.rgl.datamodel.value.impl.ModifiableRecord
3239
RGL_VALUE_26818 class nl.tudelft.rdfgears.rgl.datamodel.value.impl.ModifiableRecord
3240
RGL_VALUE_26820 class nl.tudelft.rdfgears.rgl.datamodel.value.impl.ModifiableRecord
3241
RGL_VALUE_26822 class nl.tudelft.rdfgears.rgl.datamodel.value.impl.ModifiableRecord
3242
RGL_VALUE_26824 class nl.tudelft.rdfgears.rgl.datamodel.value.impl.ModifiableRecord
3243
RGL_VALUE_26826 class nl.tudelft.rdfgears.rgl.datamodel.value.impl.ModifiableRecord
3244
RGL_VALUE_26828 class nl.tudelft.rdfgears.rgl.datamodel.value.impl.ModifiableRecord
3245
RGL_VALUE_26830 class nl.tudelft.rdfgears.rgl.datamodel.value.impl.ModifiableRecord
3246
RGL_VALUE_26832 class nl.tudelft.rdfgears.rgl.datamodel.value.impl.ModifiableRecord
3247
RGL_VALUE_26834 class nl.tudelft.rdfgears.rgl.datamodel.value.impl.ModifiableRecord
3248
RGL_VALUE_26836 class nl.tudelft.rdfgears.rgl.datamodel.value.impl.ModifiableRecord
3249
RGL_VALUE_26838 class nl.tudelft.rdfgears.rgl.datamodel.value.impl.ModifiableRecord
3250
RGL_VALUE_26840 class nl.tudelft.rdfgears.rgl.datamodel.value.impl.ModifiableRecord
3251
RGL_VALUE_26842 class nl.tudelft.rdfgears.rgl.datamodel.value.impl.ModifiableRecord
3252
RGL_VALUE_26844 class nl.tudelft.rdfgears.rgl.datamodel.value.impl.ModifiableRecord
3253
RGL_VALUE_26846 class nl.tudelft.rdfgears.rgl.datamodel.value.impl.ModifiableRecord
3254
RGL_VALUE_26848 class nl.tudelft.rdfgears.rgl.datamodel.value.impl.ModifiableRecord
3255
RGL_VALUE_26850 class nl.tudelft.rdfgears.rgl.datamodel.value.impl.ModifiableRecord
3256
RGL_VALUE_26852 class nl.tudelft.rdfgears.rgl.datamodel.value.impl.ModifiableRecord
3257
RGL_VALUE_26854 class nl.tudelft.rdfgears.rgl.datamodel.value.impl.ModifiableRecord
3258
RGL_VALUE_26856 class nl.tudelft.rdfgears.rgl.datamodel.value.impl.ModifiableRecord
3259
RGL_VALUE_26858 class nl.tudelft.rdfgears.rgl.datamodel.value.impl.ModifiableRecord
3260
RGL_VALUE_26860 class nl.tudelft.rdfgears.rgl.datamodel.value.impl.ModifiableRecord
3261
RGL_VALUE_26862 class nl.tudelft.rdfgears.rgl.datamodel.value.impl.ModifiableRecord
3262
RGL_VALUE_26864 class nl.tudelft.rdfgears.rgl.datamodel.value.impl.ModifiableRecord
3263
RGL_VALUE_26866 class nl.tudelft.rdfgears.rgl.datamodel.value.impl.ModifiableRecord
3264
RGL_VALUE_26868 class nl.tudelft.rdfgears.rgl.datamodel.value.impl.ModifiableRecord
3265
RGL_VALUE_26870 class nl.tudelft.rdfgears.rgl.datamodel.value.impl.ModifiableRecord
3266
RGL_VALUE_26872 class nl.tudelft.rdfgears.rgl.datamodel.value.impl.ModifiableRecord
3267
RGL_VALUE_26874 class nl.tudelft.rdfgears.rgl.datamodel.value.impl.ModifiableRecord
3268
RGL_VALUE_26876 class nl.tudelft.rdfgears.rgl.datamodel.value.impl.ModifiableRecord
3269
RGL_VALUE_26878 class nl.tudelft.rdfgears.rgl.datamodel.value.impl.ModifiableRecord
3270
RGL_VALUE_26880 class nl.tudelft.rdfgears.rgl.datamodel.value.impl.ModifiableRecord
3271
RGL_VALUE_26882 class nl.tudelft.rdfgears.rgl.datamodel.value.impl.ModifiableRecord
3272
RGL_VALUE_26884 class nl.tudelft.rdfgears.rgl.datamodel.value.impl.ModifiableRecord
3273
RGL_VALUE_26886 class nl.tudelft.rdfgears.rgl.datamodel.value.impl.ModifiableRecord
3274
RGL_VALUE_26888 class nl.tudelft.rdfgears.rgl.datamodel.value.impl.ModifiableRecord
3275
RGL_VALUE_26890 class nl.tudelft.rdfgears.rgl.datamodel.value.impl.ModifiableRecord
3276
RGL_VALUE_26892 class nl.tudelft.rdfgears.rgl.datamodel.value.impl.ModifiableRecord
3277
RGL_VALUE_26894 class nl.tudelft.rdfgears.rgl.datamodel.value.impl.ModifiableRecord
3278
RGL_VALUE_26896 class nl.tudelft.rdfgears.rgl.datamodel.value.impl.ModifiableRecord
3279
RGL_VALUE_26898 class nl.tudelft.rdfgears.rgl.datamodel.value.impl.ModifiableRecord
3280
RGL_VALUE_26900 class nl.tudelft.rdfgears.rgl.datamodel.value.impl.ModifiableRecord
3281
RGL_VALUE_26902 class nl.tudelft.rdfgears.rgl.datamodel.value.impl.ModifiableRecord
3282
RGL_VALUE_26904 class nl.tudelft.rdfgears.rgl.datamodel.value.impl.ModifiableRecord
3283
RGL_VALUE_26906 class nl.tudelft.rdfgears.rgl.datamodel.value.impl.ModifiableRecord
3284
RGL_VALUE_26908 class nl.tudelft.rdfgears.rgl.datamodel.value.impl.ModifiableRecord
3285
RGL_VALUE_26910 class nl.tudelft.rdfgears.rgl.datamodel.value.impl.ModifiableRecord
3286
RGL_VALUE_26912 class nl.tudelft.rdfgears.rgl.datamodel.value.impl.ModifiableRecord
3287
RGL_VALUE_26914 class nl.tudelft.rdfgears.rgl.datamodel.value.impl.ModifiableRecord
3288
RGL_VALUE_26916 class nl.tudelft.rdfgears.rgl.datamodel.value.impl.ModifiableRecord
3289
RGL_VALUE_26918 class nl.tudelft.rdfgears.rgl.datamodel.value.impl.ModifiableRecord
3290
RGL_VALUE_26920 class nl.tudelft.rdfgears.rgl.datamodel.value.impl.ModifiableRecord
3291
RGL_VALUE_26922 class nl.tudelft.rdfgears.rgl.datamodel.value.impl.ModifiableRecord
3292
RGL_VALUE_26924 class nl.tudelft.rdfgears.rgl.datamodel.value.impl.ModifiableRecord
3293
RGL_VALUE_26926 class nl.tudelft.rdfgears.rgl.datamodel.value.impl.ModifiableRecord
3294
RGL_VALUE_26928 class nl.tudelft.rdfgears.rgl.datamodel.value.impl.ModifiableRecord
3295
RGL_VALUE_26930 class nl.tudelft.rdfgears.rgl.datamodel.value.impl.ModifiableRecord
3296
RGL_VALUE_26932 class nl.tudelft.rdfgears.rgl.datamodel.value.impl.ModifiableRecord
3297
RGL_VALUE_26934 class nl.tudelft.rdfgears.rgl.datamodel.value.impl.ModifiableRecord
3298
RGL_VALUE_26936 class nl.tudelft.rdfgears.rgl.datamodel.value.impl.ModifiableRecord
3299
RGL_VALUE_26938 class nl.tudelft.rdfgears.rgl.datamodel.value.impl.ModifiableRecord
3300
RGL_VALUE_26941 class nl.tudelft.rdfgears.rgl.datamodel.value.impl.ModifiableRecord
3301
RGL_VALUE_26943 class nl.tudelft.rdfgears.rgl.datamodel.value.impl.ModifiableRecord
3302
RGL_VALUE_26945 class nl.tudelft.rdfgears.rgl.datamodel.value.impl.ModifiableRecord
3303
RGL_VALUE_26947 class nl.tudelft.rdfgears.rgl.datamodel.value.impl.ModifiableRecord
3304
RGL_VALUE_26949 class nl.tudelft.rdfgears.rgl.datamodel.value.impl.ModifiableRecord
3305
RGL_VALUE_26951 class nl.tudelft.rdfgears.rgl.datamodel.value.impl.ModifiableRecord
3306
RGL_VALUE_26953 class nl.tudelft.rdfgears.rgl.datamodel.value.impl.ModifiableRecord
3307
RGL_VALUE_26955 class nl.tudelft.rdfgears.rgl.datamodel.value.impl.ModifiableRecord
3308
RGL_VALUE_26957 class nl.tudelft.rdfgears.rgl.datamodel.value.impl.ModifiableRecord
3309
RGL_VALUE_26959 class nl.tudelft.rdfgears.rgl.datamodel.value.impl.ModifiableRecord
3310
RGL_VALUE_26961 class nl.tudelft.rdfgears.rgl.datamodel.value.impl.ModifiableRecord
3311
RGL_VALUE_26963 class nl.tudelft.rdfgears.rgl.datamodel.value.impl.ModifiableRecord
3312
RGL_VALUE_26965 class nl.tudelft.rdfgears.rgl.datamodel.value.impl.ModifiableRecord
3313
RGL_VALUE_26967 class nl.tudelft.rdfgears.rgl.datamodel.value.impl.ModifiableRecord
3314
RGL_VALUE_26969 class nl.tudelft.rdfgears.rgl.datamodel.value.impl.ModifiableRecord
3315
RGL_VALUE_26971 class nl.tudelft.rdfgears.rgl.datamodel.value.impl.ModifiableRecord
3316
RGL_VALUE_26973 class nl.tudelft.rdfgears.rgl.datamodel.value.impl.ModifiableRecord
3317
RGL_VALUE_26975 class nl.tudelft.rdfgears.rgl.datamodel.value.impl.ModifiableRecord
3318
RGL_VALUE_26977 class nl.tudelft.rdfgears.rgl.datamodel.value.impl.ModifiableRecord
3319
RGL_VALUE_26979 class nl.tudelft.rdfgears.rgl.datamodel.value.impl.ModifiableRecord
3320
RGL_VALUE_26981 class nl.tudelft.rdfgears.rgl.datamodel.value.impl.ModifiableRecord
3321
RGL_VALUE_26983 class nl.tudelft.rdfgears.rgl.datamodel.value.impl.ModifiableRecord
3322
RGL_VALUE_26985 class nl.tudelft.rdfgears.rgl.datamodel.value.impl.ModifiableRecord
3323
RGL_VALUE_26987 class nl.tudelft.rdfgears.rgl.datamodel.value.impl.ModifiableRecord
3324
RGL_VALUE_26989 class nl.tudelft.rdfgears.rgl.datamodel.value.impl.ModifiableRecord
3325
RGL_VALUE_26991 class nl.tudelft.rdfgears.rgl.datamodel.value.impl.ModifiableRecord
3326
RGL_VALUE_26993 class nl.tudelft.rdfgears.rgl.datamodel.value.impl.ModifiableRecord
3327
RGL_VALUE_26995 class nl.tudelft.rdfgears.rgl.datamodel.value.impl.ModifiableRecord
3328
RGL_VALUE_26997 class nl.tudelft.rdfgears.rgl.datamodel.value.impl.ModifiableRecord
3329
RGL_VALUE_26999 class nl.tudelft.rdfgears.rgl.datamodel.value.impl.ModifiableRecord
3330
RGL_VALUE_27001 class nl.tudelft.rdfgears.rgl.datamodel.value.impl.ModifiableRecord
3331
RGL_VALUE_27003 class nl.tudelft.rdfgears.rgl.datamodel.value.impl.ModifiableRecord
3332
RGL_VALUE_27005 class nl.tudelft.rdfgears.rgl.datamodel.value.impl.ModifiableRecord
3333
RGL_VALUE_27007 class nl.tudelft.rdfgears.rgl.datamodel.value.impl.ModifiableRecord
3334
RGL_VALUE_27009 class nl.tudelft.rdfgears.rgl.datamodel.value.impl.ModifiableRecord
3335
RGL_VALUE_27011 class nl.tudelft.rdfgears.rgl.datamodel.value.impl.ModifiableRecord
3336
RGL_VALUE_27013 class nl.tudelft.rdfgears.rgl.datamodel.value.impl.ModifiableRecord
3337
RGL_VALUE_27015 class nl.tudelft.rdfgears.rgl.datamodel.value.impl.ModifiableRecord
3338
RGL_VALUE_27017 class nl.tudelft.rdfgears.rgl.datamodel.value.impl.ModifiableRecord
3339
RGL_VALUE_27019 class nl.tudelft.rdfgears.rgl.datamodel.value.impl.ModifiableRecord
3340
RGL_VALUE_27021 class nl.tudelft.rdfgears.rgl.datamodel.value.impl.ModifiableRecord
3341
RGL_VALUE_27023 class nl.tudelft.rdfgears.rgl.datamodel.value.impl.ModifiableRecord
3342
RGL_VALUE_27025 class nl.tudelft.rdfgears.rgl.datamodel.value.impl.ModifiableRecord
3343
RGL_VALUE_27027 class nl.tudelft.rdfgears.rgl.datamodel.value.impl.ModifiableRecord
3344
RGL_VALUE_27029 class nl.tudelft.rdfgears.rgl.datamodel.value.impl.ModifiableRecord
3345
RGL_VALUE_27031 class nl.tudelft.rdfgears.rgl.datamodel.value.impl.ModifiableRecord
3346
RGL_VALUE_27033 class nl.tudelft.rdfgears.rgl.datamodel.value.impl.ModifiableRecord
3347
RGL_VALUE_27035 class nl.tudelft.rdfgears.rgl.datamodel.value.impl.ModifiableRecord
3348
RGL_VALUE_27037 class nl.tudelft.rdfgears.rgl.datamodel.value.impl.ModifiableRecord
3349
RGL_VALUE_27039 class nl.tudelft.rdfgears.rgl.datamodel.value.impl.ModifiableRecord
3350
RGL_VALUE_27041 class nl.tudelft.rdfgears.rgl.datamodel.value.impl.ModifiableRecord
3351
RGL_VALUE_27043 class nl.tudelft.rdfgears.rgl.datamodel.value.impl.ModifiableRecord
3352
RGL_VALUE_27045 class nl.tudelft.rdfgears.rgl.datamodel.value.impl.ModifiableRecord
3353
RGL_VALUE_27047 class nl.tudelft.rdfgears.rgl.datamodel.value.impl.ModifiableRecord
3354
RGL_VALUE_27049 class nl.tudelft.rdfgears.rgl.datamodel.value.impl.ModifiableRecord
3355
RGL_VALUE_27051 class nl.tudelft.rdfgears.rgl.datamodel.value.impl.ModifiableRecord
3356
RGL_VALUE_27053 class nl.tudelft.rdfgears.rgl.datamodel.value.impl.ModifiableRecord
3357
RGL_VALUE_27055 class nl.tudelft.rdfgears.rgl.datamodel.value.impl.ModifiableRecord
3358
RGL_VALUE_27057 class nl.tudelft.rdfgears.rgl.datamodel.value.impl.ModifiableRecord
3359
RGL_VALUE_27059 class nl.tudelft.rdfgears.rgl.datamodel.value.impl.ModifiableRecord
3360
RGL_VALUE_27061 class nl.tudelft.rdfgears.rgl.datamodel.value.impl.ModifiableRecord
3361
RGL_VALUE_27063 class nl.tudelft.rdfgears.rgl.datamodel.value.impl.ModifiableRecord
3362
RGL_VALUE_27065 class nl.tudelft.rdfgears.rgl.datamodel.value.impl.ModifiableRecord
3363
RGL_VALUE_27067 class nl.tudelft.rdfgears.rgl.datamodel.value.impl.ModifiableRecord
3364
RGL_VALUE_27069 class nl.tudelft.rdfgears.rgl.datamodel.value.impl.ModifiableRecord
3365
RGL_VALUE_27071 class nl.tudelft.rdfgears.rgl.datamodel.value.impl.ModifiableRecord
3366
RGL_VALUE_27073 class nl.tudelft.rdfgears.rgl.datamodel.value.impl.ModifiableRecord
3367
RGL_VALUE_27075 class nl.tudelft.rdfgears.rgl.datamodel.value.impl.ModifiableRecord
3368
RGL_VALUE_27077 class nl.tudelft.rdfgears.rgl.datamodel.value.impl.ModifiableRecord
3369
RGL_VALUE_27079 class nl.tudelft.rdfgears.rgl.datamodel.value.impl.ModifiableRecord
3370
RGL_VALUE_27081 class nl.tudelft.rdfgears.rgl.datamodel.value.impl.ModifiableRecord
3371
RGL_VALUE_27083 class nl.tudelft.rdfgears.rgl.datamodel.value.impl.ModifiableRecord
3372
RGL_VALUE_27085 class nl.tudelft.rdfgears.rgl.datamodel.value.impl.ModifiableRecord
3373
RGL_VALUE_27087 class nl.tudelft.rdfgears.rgl.datamodel.value.impl.ModifiableRecord
3374
RGL_VALUE_27089 class nl.tudelft.rdfgears.rgl.datamodel.value.impl.ModifiableRecord
3375
RGL_VALUE_27091 class nl.tudelft.rdfgears.rgl.datamodel.value.impl.ModifiableRecord
3376
RGL_VALUE_27093 class nl.tudelft.rdfgears.rgl.datamodel.value.impl.ModifiableRecord
3377
RGL_VALUE_27095 class nl.tudelft.rdfgears.rgl.datamodel.value.impl.ModifiableRecord
3378
RGL_VALUE_27097 class nl.tudelft.rdfgears.rgl.datamodel.value.impl.ModifiableRecord
3379
RGL_VALUE_27099 class nl.tudelft.rdfgears.rgl.datamodel.value.impl.ModifiableRecord
3380
RGL_VALUE_27101 class nl.tudelft.rdfgears.rgl.datamodel.value.impl.ModifiableRecord
3381
RGL_VALUE_27103 class nl.tudelft.rdfgears.rgl.datamodel.value.impl.ModifiableRecord
3382
RGL_VALUE_27105 class nl.tudelft.rdfgears.rgl.datamodel.value.impl.ModifiableRecord
3383
RGL_VALUE_27107 class nl.tudelft.rdfgears.rgl.datamodel.value.impl.ModifiableRecord
3384
RGL_VALUE_27109 class nl.tudelft.rdfgears.rgl.datamodel.value.impl.ModifiableRecord
3385
RGL_VALUE_27111 class nl.tudelft.rdfgears.rgl.datamodel.value.impl.ModifiableRecord
3386
RGL_VALUE_27113 class nl.tudelft.rdfgears.rgl.datamodel.value.impl.ModifiableRecord
3387
RGL_VALUE_27115 class nl.tudelft.rdfgears.rgl.datamodel.value.impl.ModifiableRecord
3388
RGL_VALUE_27117 class nl.tudelft.rdfgears.rgl.datamodel.value.impl.ModifiableRecord
3389
RGL_VALUE_27119 class nl.tudelft.rdfgears.rgl.datamodel.value.impl.ModifiableRecord
3390
RGL_VALUE_27121 class nl.tudelft.rdfgears.rgl.datamodel.value.impl.ModifiableRecord
3391
RGL_VALUE_27123 class nl.tudelft.rdfgears.rgl.datamodel.value.impl.ModifiableRecord
3392
RGL_VALUE_27125 class nl.tudelft.rdfgears.rgl.datamodel.value.impl.ModifiableRecord
3393
RGL_VALUE_27127 class nl.tudelft.rdfgears.rgl.datamodel.value.impl.ModifiableRecord
3394
RGL_VALUE_27129 class nl.tudelft.rdfgears.rgl.datamodel.value.impl.ModifiableRecord
3395
RGL_VALUE_27131 class nl.tudelft.rdfgears.rgl.datamodel.value.impl.ModifiableRecord
3396
RGL_VALUE_27133 class nl.tudelft.rdfgears.rgl.datamodel.value.impl.ModifiableRecord
3397
RGL_VALUE_27135 class nl.tudelft.rdfgears.rgl.datamodel.value.impl.ModifiableRecord
3398
RGL_VALUE_27137 class nl.tudelft.rdfgears.rgl.datamodel.value.impl.ModifiableRecord
3399
RGL_VALUE_27139 class nl.tudelft.rdfgears.rgl.datamodel.value.impl.ModifiableRecord
3400
RGL_VALUE_27142 class nl.tudelft.rdfgears.rgl.datamodel.value.impl.ModifiableRecord
3401
RGL_VALUE_27144 class nl.tudelft.rdfgears.rgl.datamodel.value.impl.ModifiableRecord
3402
RGL_VALUE_27146 class nl.tudelft.rdfgears.rgl.datamodel.value.impl.ModifiableRecord
3403
RGL_VALUE_27148 class nl.tudelft.rdfgears.rgl.datamodel.value.impl.ModifiableRecord
3404
RGL_VALUE_27150 class nl.tudelft.rdfgears.rgl.datamodel.value.impl.ModifiableRecord
3405
RGL_VALUE_27152 class nl.tudelft.rdfgears.rgl.datamodel.value.impl.ModifiableRecord
3406
RGL_VALUE_27154 class nl.tudelft.rdfgears.rgl.datamodel.value.impl.ModifiableRecord
3407
RGL_VALUE_27156 class nl.tudelft.rdfgears.rgl.datamodel.value.impl.ModifiableRecord
3408
RGL_VALUE_27158 class nl.tudelft.rdfgears.rgl.datamodel.value.impl.ModifiableRecord
3409
RGL_VALUE_27160 class nl.tudelft.rdfgears.rgl.datamodel.value.impl.ModifiableRecord
3410
RGL_VALUE_27162 class nl.tudelft.rdfgears.rgl.datamodel.value.impl.ModifiableRecord
3411
RGL_VALUE_27164 class nl.tudelft.rdfgears.rgl.datamodel.value.impl.ModifiableRecord
3412
RGL_VALUE_27166 class nl.tudelft.rdfgears.rgl.datamodel.value.impl.ModifiableRecord
3413
RGL_VALUE_27168 class nl.tudelft.rdfgears.rgl.datamodel.value.impl.ModifiableRecord
3414
RGL_VALUE_27170 class nl.tudelft.rdfgears.rgl.datamodel.value.impl.ModifiableRecord
3415
RGL_VALUE_27172 class nl.tudelft.rdfgears.rgl.datamodel.value.impl.ModifiableRecord
3416
RGL_VALUE_27174 class nl.tudelft.rdfgears.rgl.datamodel.value.impl.ModifiableRecord
3417
RGL_VALUE_27176 class nl.tudelft.rdfgears.rgl.datamodel.value.impl.ModifiableRecord
3418
RGL_VALUE_27178 class nl.tudelft.rdfgears.rgl.datamodel.value.impl.ModifiableRecord
3419
RGL_VALUE_27180 class nl.tudelft.rdfgears.rgl.datamodel.value.impl.ModifiableRecord
3420
RGL_VALUE_27182 class nl.tudelft.rdfgears.rgl.datamodel.value.impl.ModifiableRecord
3421
RGL_VALUE_27184 class nl.tudelft.rdfgears.rgl.datamodel.value.impl.ModifiableRecord
3422
RGL_VALUE_27186 class nl.tudelft.rdfgears.rgl.datamodel.value.impl.ModifiableRecord
3423
RGL_VALUE_27188 class nl.tudelft.rdfgears.rgl.datamodel.value.impl.ModifiableRecord
3424
RGL_VALUE_27190 class nl.tudelft.rdfgears.rgl.datamodel.value.impl.ModifiableRecord
3425
RGL_VALUE_27192 class nl.tudelft.rdfgears.rgl.datamodel.value.impl.ModifiableRecord
3426
RGL_VALUE_27194 class nl.tudelft.rdfgears.rgl.datamodel.value.impl.ModifiableRecord
3427
RGL_VALUE_27196 class nl.tudelft.rdfgears.rgl.datamodel.value.impl.ModifiableRecord
3428
RGL_VALUE_27198 class nl.tudelft.rdfgears.rgl.datamodel.value.impl.ModifiableRecord
3429
RGL_VALUE_27200 class nl.tudelft.rdfgears.rgl.datamodel.value.impl.ModifiableRecord
3430
RGL_VALUE_27202 class nl.tudelft.rdfgears.rgl.datamodel.value.impl.ModifiableRecord
3431
RGL_VALUE_27204 class nl.tudelft.rdfgears.rgl.datamodel.value.impl.ModifiableRecord
3432
RGL_VALUE_27206 class nl.tudelft.rdfgears.rgl.datamodel.value.impl.ModifiableRecord
3433
RGL_VALUE_27208 class nl.tudelft.rdfgears.rgl.datamodel.value.impl.ModifiableRecord
3434
RGL_VALUE_27210 class nl.tudelft.rdfgears.rgl.datamodel.value.impl.ModifiableRecord
3435
RGL_VALUE_27212 class nl.tudelft.rdfgears.rgl.datamodel.value.impl.ModifiableRecord
3436
RGL_VALUE_27214 class nl.tudelft.rdfgears.rgl.datamodel.value.impl.ModifiableRecord
3437
RGL_VALUE_27216 class nl.tudelft.rdfgears.rgl.datamodel.value.impl.ModifiableRecord
3438
RGL_VALUE_27218 class nl.tudelft.rdfgears.rgl.datamodel.value.impl.ModifiableRecord
3439
RGL_VALUE_27220 class nl.tudelft.rdfgears.rgl.datamodel.value.impl.ModifiableRecord
3440
RGL_VALUE_27222 class nl.tudelft.rdfgears.rgl.datamodel.value.impl.ModifiableRecord
3441
RGL_VALUE_27224 class nl.tudelft.rdfgears.rgl.datamodel.value.impl.ModifiableRecord
3442
RGL_VALUE_27226 class nl.tudelft.rdfgears.rgl.datamodel.value.impl.ModifiableRecord
3443
RGL_VALUE_27228 class nl.tudelft.rdfgears.rgl.datamodel.value.impl.ModifiableRecord
3444
RGL_VALUE_27230 class nl.tudelft.rdfgears.rgl.datamodel.value.impl.ModifiableRecord
3445
RGL_VALUE_27232 class nl.tudelft.rdfgears.rgl.datamodel.value.impl.ModifiableRecord
3446
RGL_VALUE_27234 class nl.tudelft.rdfgears.rgl.datamodel.value.impl.ModifiableRecord
3447
RGL_VALUE_27236 class nl.tudelft.rdfgears.rgl.datamodel.value.impl.ModifiableRecord
3448
RGL_VALUE_27238 class nl.tudelft.rdfgears.rgl.datamodel.value.impl.ModifiableRecord
3449
RGL_VALUE_27240 class nl.tudelft.rdfgears.rgl.datamodel.value.impl.ModifiableRecord
3450
RGL_VALUE_27242 class nl.tudelft.rdfgears.rgl.datamodel.value.impl.ModifiableRecord
3451
RGL_VALUE_27244 class nl.tudelft.rdfgears.rgl.datamodel.value.impl.ModifiableRecord
3452
RGL_VALUE_27246 class nl.tudelft.rdfgears.rgl.datamodel.value.impl.ModifiableRecord
3453
RGL_VALUE_27248 class nl.tudelft.rdfgears.rgl.datamodel.value.impl.ModifiableRecord
3454
RGL_VALUE_27250 class nl.tudelft.rdfgears.rgl.datamodel.value.impl.ModifiableRecord
3455
RGL_VALUE_27252 class nl.tudelft.rdfgears.rgl.datamodel.value.impl.ModifiableRecord
3456
RGL_VALUE_27254 class nl.tudelft.rdfgears.rgl.datamodel.value.impl.ModifiableRecord
3457
RGL_VALUE_27256 class nl.tudelft.rdfgears.rgl.datamodel.value.impl.ModifiableRecord
3458
RGL_VALUE_27258 class nl.tudelft.rdfgears.rgl.datamodel.value.impl.ModifiableRecord
3459
RGL_VALUE_27260 class nl.tudelft.rdfgears.rgl.datamodel.value.impl.ModifiableRecord
3460
RGL_VALUE_27262 class nl.tudelft.rdfgears.rgl.datamodel.value.impl.ModifiableRecord
3461
RGL_VALUE_27264 class nl.tudelft.rdfgears.rgl.datamodel.value.impl.ModifiableRecord
3462
RGL_VALUE_27266 class nl.tudelft.rdfgears.rgl.datamodel.value.impl.ModifiableRecord
3463
RGL_VALUE_27268 class nl.tudelft.rdfgears.rgl.datamodel.value.impl.ModifiableRecord
3464
RGL_VALUE_27270 class nl.tudelft.rdfgears.rgl.datamodel.value.impl.ModifiableRecord
3465
RGL_VALUE_27272 class nl.tudelft.rdfgears.rgl.datamodel.value.impl.ModifiableRecord
3466
RGL_VALUE_27274 class nl.tudelft.rdfgears.rgl.datamodel.value.impl.ModifiableRecord
3467
RGL_VALUE_27276 class nl.tudelft.rdfgears.rgl.datamodel.value.impl.ModifiableRecord
3468
RGL_VALUE_27278 class nl.tudelft.rdfgears.rgl.datamodel.value.impl.ModifiableRecord
3469
RGL_VALUE_27280 class nl.tudelft.rdfgears.rgl.datamodel.value.impl.ModifiableRecord
3470
RGL_VALUE_27282 class nl.tudelft.rdfgears.rgl.datamodel.value.impl.ModifiableRecord
3471
RGL_VALUE_27284 class nl.tudelft.rdfgears.rgl.datamodel.value.impl.ModifiableRecord
3472
RGL_VALUE_27286 class nl.tudelft.rdfgears.rgl.datamodel.value.impl.ModifiableRecord
3473
RGL_VALUE_27288 class nl.tudelft.rdfgears.rgl.datamodel.value.impl.ModifiableRecord
3474
RGL_VALUE_27290 class nl.tudelft.rdfgears.rgl.datamodel.value.impl.ModifiableRecord
3475
RGL_VALUE_27292 class nl.tudelft.rdfgears.rgl.datamodel.value.impl.ModifiableRecord
3476
RGL_VALUE_27294 class nl.tudelft.rdfgears.rgl.datamodel.value.impl.ModifiableRecord
3477
RGL_VALUE_27296 class nl.tudelft.rdfgears.rgl.datamodel.value.impl.ModifiableRecord
3478
RGL_VALUE_27298 class nl.tudelft.rdfgears.rgl.datamodel.value.impl.ModifiableRecord
3479
RGL_VALUE_27300 class nl.tudelft.rdfgears.rgl.datamodel.value.impl.ModifiableRecord
3480
RGL_VALUE_27302 class nl.tudelft.rdfgears.rgl.datamodel.value.impl.ModifiableRecord
3481
RGL_VALUE_27304 class nl.tudelft.rdfgears.rgl.datamodel.value.impl.ModifiableRecord
3482
RGL_VALUE_27306 class nl.tudelft.rdfgears.rgl.datamodel.value.impl.ModifiableRecord
3483
RGL_VALUE_27308 class nl.tudelft.rdfgears.rgl.datamodel.value.impl.ModifiableRecord
3484
RGL_VALUE_27310 class nl.tudelft.rdfgears.rgl.datamodel.value.impl.ModifiableRecord
3485
RGL_VALUE_27312 class nl.tudelft.rdfgears.rgl.datamodel.value.impl.ModifiableRecord
3486
RGL_VALUE_27314 class nl.tudelft.rdfgears.rgl.datamodel.value.impl.ModifiableRecord
3487
RGL_VALUE_27316 class nl.tudelft.rdfgears.rgl.datamodel.value.impl.ModifiableRecord
3488
RGL_VALUE_27318 class nl.tudelft.rdfgears.rgl.datamodel.value.impl.ModifiableRecord
3489
RGL_VALUE_27320 class nl.tudelft.rdfgears.rgl.datamodel.value.impl.ModifiableRecord
3490
RGL_VALUE_27322 class nl.tudelft.rdfgears.rgl.datamodel.value.impl.ModifiableRecord
3491
RGL_VALUE_27324 class nl.tudelft.rdfgears.rgl.datamodel.value.impl.ModifiableRecord
3492
RGL_VALUE_27326 class nl.tudelft.rdfgears.rgl.datamodel.value.impl.ModifiableRecord
3493
RGL_VALUE_27328 class nl.tudelft.rdfgears.rgl.datamodel.value.impl.ModifiableRecord
3494
RGL_VALUE_27330 class nl.tudelft.rdfgears.rgl.datamodel.value.impl.ModifiableRecord
3495
RGL_VALUE_27332 class nl.tudelft.rdfgears.rgl.datamodel.value.impl.ModifiableRecord
3496
RGL_VALUE_27334 class nl.tudelft.rdfgears.rgl.datamodel.value.impl.ModifiableRecord
3497
RGL_VALUE_27336 class nl.tudelft.rdfgears.rgl.datamodel.value.impl.ModifiableRecord
3498
RGL_VALUE_27338 class nl.tudelft.rdfgears.rgl.datamodel.value.impl.ModifiableRecord
3499
RGL_VALUE_27340 class nl.tudelft.rdfgears.rgl.datamodel.value.impl.ModifiableRecord
3500
RGL_VALUE_27343 class nl.tudelft.rdfgears.rgl.datamodel.value.impl.ModifiableRecord
3501
RGL_VALUE_27345 class nl.tudelft.rdfgears.rgl.datamodel.value.impl.ModifiableRecord
3502
RGL_VALUE_27347 class nl.tudelft.rdfgears.rgl.datamodel.value.impl.ModifiableRecord
3503
RGL_VALUE_27349 class nl.tudelft.rdfgears.rgl.datamodel.value.impl.ModifiableRecord
3504
RGL_VALUE_27351 class nl.tudelft.rdfgears.rgl.datamodel.value.impl.ModifiableRecord
3505
RGL_VALUE_27353 class nl.tudelft.rdfgears.rgl.datamodel.value.impl.ModifiableRecord
3506
RGL_VALUE_27355 class nl.tudelft.rdfgears.rgl.datamodel.value.impl.ModifiableRecord
3507
RGL_VALUE_27357 class nl.tudelft.rdfgears.rgl.datamodel.value.impl.ModifiableRecord
3508
RGL_VALUE_27359 class nl.tudelft.rdfgears.rgl.datamodel.value.impl.ModifiableRecord
3509
RGL_VALUE_27361 class nl.tudelft.rdfgears.rgl.datamodel.value.impl.ModifiableRecord
3510
RGL_VALUE_27363 class nl.tudelft.rdfgears.rgl.datamodel.value.impl.ModifiableRecord
3511
RGL_VALUE_27365 class nl.tudelft.rdfgears.rgl.datamodel.value.impl.ModifiableRecord
3512
RGL_VALUE_27367 class nl.tudelft.rdfgears.rgl.datamodel.value.impl.ModifiableRecord
3513
RGL_VALUE_27369 class nl.tudelft.rdfgears.rgl.datamodel.value.impl.ModifiableRecord
3514
RGL_VALUE_27371 class nl.tudelft.rdfgears.rgl.datamodel.value.impl.ModifiableRecord
3515
RGL_VALUE_27373 class nl.tudelft.rdfgears.rgl.datamodel.value.impl.ModifiableRecord
3516
RGL_VALUE_27375 class nl.tudelft.rdfgears.rgl.datamodel.value.impl.ModifiableRecord
3517
RGL_VALUE_27377 class nl.tudelft.rdfgears.rgl.datamodel.value.impl.ModifiableRecord
3518
RGL_VALUE_27379 class nl.tudelft.rdfgears.rgl.datamodel.value.impl.ModifiableRecord
3519
RGL_VALUE_27381 class nl.tudelft.rdfgears.rgl.datamodel.value.impl.ModifiableRecord
3520
RGL_VALUE_27383 class nl.tudelft.rdfgears.rgl.datamodel.value.impl.ModifiableRecord
3521
RGL_VALUE_27385 class nl.tudelft.rdfgears.rgl.datamodel.value.impl.ModifiableRecord
3522
RGL_VALUE_27387 class nl.tudelft.rdfgears.rgl.datamodel.value.impl.ModifiableRecord
3523
RGL_VALUE_27389 class nl.tudelft.rdfgears.rgl.datamodel.value.impl.ModifiableRecord
3524
RGL_VALUE_27391 class nl.tudelft.rdfgears.rgl.datamodel.value.impl.ModifiableRecord
3525
RGL_VALUE_27393 class nl.tudelft.rdfgears.rgl.datamodel.value.impl.ModifiableRecord
3526
RGL_VALUE_27395 class nl.tudelft.rdfgears.rgl.datamodel.value.impl.ModifiableRecord
3527
RGL_VALUE_27397 class nl.tudelft.rdfgears.rgl.datamodel.value.impl.ModifiableRecord
3528
RGL_VALUE_27399 class nl.tudelft.rdfgears.rgl.datamodel.value.impl.ModifiableRecord
3529
RGL_VALUE_27401 class nl.tudelft.rdfgears.rgl.datamodel.value.impl.ModifiableRecord
3530
RGL_VALUE_27403 class nl.tudelft.rdfgears.rgl.datamodel.value.impl.ModifiableRecord
3531
RGL_VALUE_27405 class nl.tudelft.rdfgears.rgl.datamodel.value.impl.ModifiableRecord
3532
RGL_VALUE_27407 class nl.tudelft.rdfgears.rgl.datamodel.value.impl.ModifiableRecord
3533
RGL_VALUE_27409 class nl.tudelft.rdfgears.rgl.datamodel.value.impl.ModifiableRecord
3534
RGL_VALUE_27411 class nl.tudelft.rdfgears.rgl.datamodel.value.impl.ModifiableRecord
3535
RGL_VALUE_27413 class nl.tudelft.rdfgears.rgl.datamodel.value.impl.ModifiableRecord
3536
RGL_VALUE_27415 class nl.tudelft.rdfgears.rgl.datamodel.value.impl.ModifiableRecord
3537
RGL_VALUE_27417 class nl.tudelft.rdfgears.rgl.datamodel.value.impl.ModifiableRecord
3538
RGL_VALUE_27419 class nl.tudelft.rdfgears.rgl.datamodel.value.impl.ModifiableRecord
3539
RGL_VALUE_27421 class nl.tudelft.rdfgears.rgl.datamodel.value.impl.ModifiableRecord
3540
RGL_VALUE_27423 class nl.tudelft.rdfgears.rgl.datamodel.value.impl.ModifiableRecord
3541
RGL_VALUE_27425 class nl.tudelft.rdfgears.rgl.datamodel.value.impl.ModifiableRecord
3542
RGL_VALUE_27427 class nl.tudelft.rdfgears.rgl.datamodel.value.impl.ModifiableRecord
3543
RGL_VALUE_27429 class nl.tudelft.rdfgears.rgl.datamodel.value.impl.ModifiableRecord
3544
RGL_VALUE_27431 class nl.tudelft.rdfgears.rgl.datamodel.value.impl.ModifiableRecord
3545
RGL_VALUE_27433 class nl.tudelft.rdfgears.rgl.datamodel.value.impl.ModifiableRecord
3546
RGL_VALUE_27435 class nl.tudelft.rdfgears.rgl.datamodel.value.impl.ModifiableRecord
3547
RGL_VALUE_27437 class nl.tudelft.rdfgears.rgl.datamodel.value.impl.ModifiableRecord
3548
RGL_VALUE_27439 class nl.tudelft.rdfgears.rgl.datamodel.value.impl.ModifiableRecord
3549
RGL_VALUE_27441 class nl.tudelft.rdfgears.rgl.datamodel.value.impl.ModifiableRecord
3550
RGL_VALUE_27443 class nl.tudelft.rdfgears.rgl.datamodel.value.impl.ModifiableRecord
3551
RGL_VALUE_27445 class nl.tudelft.rdfgears.rgl.datamodel.value.impl.ModifiableRecord
3552
RGL_VALUE_27447 class nl.tudelft.rdfgears.rgl.datamodel.value.impl.ModifiableRecord
3553
RGL_VALUE_27449 class nl.tudelft.rdfgears.rgl.datamodel.value.impl.ModifiableRecord
3554
RGL_VALUE_27451 class nl.tudelft.rdfgears.rgl.datamodel.value.impl.ModifiableRecord
3555
RGL_VALUE_27453 class nl.tudelft.rdfgears.rgl.datamodel.value.impl.ModifiableRecord
3556
RGL_VALUE_27455 class nl.tudelft.rdfgears.rgl.datamodel.value.impl.ModifiableRecord
3557
RGL_VALUE_27457 class nl.tudelft.rdfgears.rgl.datamodel.value.impl.ModifiableRecord
3558
RGL_VALUE_27459 class nl.tudelft.rdfgears.rgl.datamodel.value.impl.ModifiableRecord
3559
RGL_VALUE_27461 class nl.tudelft.rdfgears.rgl.datamodel.value.impl.ModifiableRecord
3560
RGL_VALUE_27463 class nl.tudelft.rdfgears.rgl.datamodel.value.impl.ModifiableRecord
3561
RGL_VALUE_27465 class nl.tudelft.rdfgears.rgl.datamodel.value.impl.ModifiableRecord
3562
RGL_VALUE_27467 class nl.tudelft.rdfgears.rgl.datamodel.value.impl.ModifiableRecord
3563
RGL_VALUE_27469 class nl.tudelft.rdfgears.rgl.datamodel.value.impl.ModifiableRecord
3564
RGL_VALUE_27471 class nl.tudelft.rdfgears.rgl.datamodel.value.impl.ModifiableRecord
3565
RGL_VALUE_27473 class nl.tudelft.rdfgears.rgl.datamodel.value.impl.ModifiableRecord
3566
RGL_VALUE_27475 class nl.tudelft.rdfgears.rgl.datamodel.value.impl.ModifiableRecord
3567
RGL_VALUE_27477 class nl.tudelft.rdfgears.rgl.datamodel.value.impl.ModifiableRecord
3568
RGL_VALUE_27479 class nl.tudelft.rdfgears.rgl.datamodel.value.impl.ModifiableRecord
3569
RGL_VALUE_27481 class nl.tudelft.rdfgears.rgl.datamodel.value.impl.ModifiableRecord
3570
RGL_VALUE_27483 class nl.tudelft.rdfgears.rgl.datamodel.value.impl.ModifiableRecord
3571
RGL_VALUE_27485 class nl.tudelft.rdfgears.rgl.datamodel.value.impl.ModifiableRecord
3572
RGL_VALUE_27487 class nl.tudelft.rdfgears.rgl.datamodel.value.impl.ModifiableRecord
3573
RGL_VALUE_27489 class nl.tudelft.rdfgears.rgl.datamodel.value.impl.ModifiableRecord
3574
RGL_VALUE_27491 class nl.tudelft.rdfgears.rgl.datamodel.value.impl.ModifiableRecord
3575
RGL_VALUE_27493 class nl.tudelft.rdfgears.rgl.datamodel.value.impl.ModifiableRecord
3576
RGL_VALUE_27495 class nl.tudelft.rdfgears.rgl.datamodel.value.impl.ModifiableRecord
3577
RGL_VALUE_27497 class nl.tudelft.rdfgears.rgl.datamodel.value.impl.ModifiableRecord
3578
RGL_VALUE_27499 class nl.tudelft.rdfgears.rgl.datamodel.value.impl.ModifiableRecord
3579
RGL_VALUE_27501 class nl.tudelft.rdfgears.rgl.datamodel.value.impl.ModifiableRecord
3580
RGL_VALUE_27503 class nl.tudelft.rdfgears.rgl.datamodel.value.impl.ModifiableRecord
3581
RGL_VALUE_27505 class nl.tudelft.rdfgears.rgl.datamodel.value.impl.ModifiableRecord
3582
RGL_VALUE_27507 class nl.tudelft.rdfgears.rgl.datamodel.value.impl.ModifiableRecord
3583
RGL_VALUE_27509 class nl.tudelft.rdfgears.rgl.datamodel.value.impl.ModifiableRecord
3584
RGL_VALUE_27511 class nl.tudelft.rdfgears.rgl.datamodel.value.impl.ModifiableRecord
3585
RGL_VALUE_27513 class nl.tudelft.rdfgears.rgl.datamodel.value.impl.ModifiableRecord
3586
RGL_VALUE_27515 class nl.tudelft.rdfgears.rgl.datamodel.value.impl.ModifiableRecord
3587
RGL_VALUE_27517 class nl.tudelft.rdfgears.rgl.datamodel.value.impl.ModifiableRecord
3588
RGL_VALUE_27519 class nl.tudelft.rdfgears.rgl.datamodel.value.impl.ModifiableRecord
3589
RGL_VALUE_27521 class nl.tudelft.rdfgears.rgl.datamodel.value.impl.ModifiableRecord
3590
RGL_VALUE_27523 class nl.tudelft.rdfgears.rgl.datamodel.value.impl.ModifiableRecord
3591
RGL_VALUE_27525 class nl.tudelft.rdfgears.rgl.datamodel.value.impl.ModifiableRecord
3592
RGL_VALUE_27527 class nl.tudelft.rdfgears.rgl.datamodel.value.impl.ModifiableRecord
3593
RGL_VALUE_27529 class nl.tudelft.rdfgears.rgl.datamodel.value.impl.ModifiableRecord
3594
RGL_VALUE_27531 class nl.tudelft.rdfgears.rgl.datamodel.value.impl.ModifiableRecord
3595
RGL_VALUE_27533 class nl.tudelft.rdfgears.rgl.datamodel.value.impl.ModifiableRecord
3596
RGL_VALUE_27535 class nl.tudelft.rdfgears.rgl.datamodel.value.impl.ModifiableRecord
3597
RGL_VALUE_27537 class nl.tudelft.rdfgears.rgl.datamodel.value.impl.ModifiableRecord
3598
RGL_VALUE_27539 class nl.tudelft.rdfgears.rgl.datamodel.value.impl.ModifiableRecord
3599
RGL_VALUE_27541 class nl.tudelft.rdfgears.rgl.datamodel.value.impl.ModifiableRecord
3600
RGL_VALUE_27544 class nl.tudelft.rdfgears.rgl.datamodel.value.impl.ModifiableRecord
3601
RGL_VALUE_27546 class nl.tudelft.rdfgears.rgl.datamodel.value.impl.ModifiableRecord
3602
RGL_VALUE_27548 class nl.tudelft.rdfgears.rgl.datamodel.value.impl.ModifiableRecord
3603
RGL_VALUE_27550 class nl.tudelft.rdfgears.rgl.datamodel.value.impl.ModifiableRecord
3604
RGL_VALUE_27552 class nl.tudelft.rdfgears.rgl.datamodel.value.impl.ModifiableRecord
3605
RGL_VALUE_27554 class nl.tudelft.rdfgears.rgl.datamodel.value.impl.ModifiableRecord
3606
RGL_VALUE_27556 class nl.tudelft.rdfgears.rgl.datamodel.value.impl.ModifiableRecord
3607
RGL_VALUE_27558 class nl.tudelft.rdfgears.rgl.datamodel.value.impl.ModifiableRecord
3608
RGL_VALUE_27560 class nl.tudelft.rdfgears.rgl.datamodel.value.impl.ModifiableRecord
3609
RGL_VALUE_27562 class nl.tudelft.rdfgears.rgl.datamodel.value.impl.ModifiableRecord
3610
RGL_VALUE_27564 class nl.tudelft.rdfgears.rgl.datamodel.value.impl.ModifiableRecord
3611
RGL_VALUE_27566 class nl.tudelft.rdfgears.rgl.datamodel.value.impl.ModifiableRecord
3612
RGL_VALUE_27568 class nl.tudelft.rdfgears.rgl.datamodel.value.impl.ModifiableRecord
3613
RGL_VALUE_27570 class nl.tudelft.rdfgears.rgl.datamodel.value.impl.ModifiableRecord
3614
RGL_VALUE_27572 class nl.tudelft.rdfgears.rgl.datamodel.value.impl.ModifiableRecord
3615
RGL_VALUE_27574 class nl.tudelft.rdfgears.rgl.datamodel.value.impl.ModifiableRecord
3616
RGL_VALUE_27576 class nl.tudelft.rdfgears.rgl.datamodel.value.impl.ModifiableRecord
3617
RGL_VALUE_27578 class nl.tudelft.rdfgears.rgl.datamodel.value.impl.ModifiableRecord
3618
RGL_VALUE_27580 class nl.tudelft.rdfgears.rgl.datamodel.value.impl.ModifiableRecord
3619
RGL_VALUE_27582 class nl.tudelft.rdfgears.rgl.datamodel.value.impl.ModifiableRecord
3620
RGL_VALUE_27584 class nl.tudelft.rdfgears.rgl.datamodel.value.impl.ModifiableRecord
3621
RGL_VALUE_27586 class nl.tudelft.rdfgears.rgl.datamodel.value.impl.ModifiableRecord
3622
RGL_VALUE_27588 class nl.tudelft.rdfgears.rgl.datamodel.value.impl.ModifiableRecord
3623
RGL_VALUE_27590 class nl.tudelft.rdfgears.rgl.datamodel.value.impl.ModifiableRecord
3624
RGL_VALUE_27592 class nl.tudelft.rdfgears.rgl.datamodel.value.impl.ModifiableRecord
3625
RGL_VALUE_27594 class nl.tudelft.rdfgears.rgl.datamodel.value.impl.ModifiableRecord
3626
RGL_VALUE_27596 class nl.tudelft.rdfgears.rgl.datamodel.value.impl.ModifiableRecord
3627
RGL_VALUE_27598 class nl.tudelft.rdfgears.rgl.datamodel.value.impl.ModifiableRecord
3628
RGL_VALUE_27600 class nl.tudelft.rdfgears.rgl.datamodel.value.impl.ModifiableRecord
3629
RGL_VALUE_27602 class nl.tudelft.rdfgears.rgl.datamodel.value.impl.ModifiableRecord
3630
RGL_VALUE_27604 class nl.tudelft.rdfgears.rgl.datamodel.value.impl.ModifiableRecord
3631
RGL_VALUE_27606 class nl.tudelft.rdfgears.rgl.datamodel.value.impl.ModifiableRecord
3632
RGL_VALUE_27608 class nl.tudelft.rdfgears.rgl.datamodel.value.impl.ModifiableRecord
3633
RGL_VALUE_27610 class nl.tudelft.rdfgears.rgl.datamodel.value.impl.ModifiableRecord
3634
RGL_VALUE_27612 class nl.tudelft.rdfgears.rgl.datamodel.value.impl.ModifiableRecord
3635
RGL_VALUE_27614 class nl.tudelft.rdfgears.rgl.datamodel.value.impl.ModifiableRecord
3636
RGL_VALUE_27616 class nl.tudelft.rdfgears.rgl.datamodel.value.impl.ModifiableRecord
3637
RGL_VALUE_27618 class nl.tudelft.rdfgears.rgl.datamodel.value.impl.ModifiableRecord
3638
RGL_VALUE_27620 class nl.tudelft.rdfgears.rgl.datamodel.value.impl.ModifiableRecord
3639
RGL_VALUE_27622 class nl.tudelft.rdfgears.rgl.datamodel.value.impl.ModifiableRecord
3640
RGL_VALUE_27624 class nl.tudelft.rdfgears.rgl.datamodel.value.impl.ModifiableRecord
3641
RGL_VALUE_27626 class nl.tudelft.rdfgears.rgl.datamodel.value.impl.ModifiableRecord
3642
RGL_VALUE_27628 class nl.tudelft.rdfgears.rgl.datamodel.value.impl.ModifiableRecord
3643
RGL_VALUE_27630 class nl.tudelft.rdfgears.rgl.datamodel.value.impl.ModifiableRecord
3644
RGL_VALUE_27632 class nl.tudelft.rdfgears.rgl.datamodel.value.impl.ModifiableRecord
3645
RGL_VALUE_27634 class nl.tudelft.rdfgears.rgl.datamodel.value.impl.ModifiableRecord
3646
RGL_VALUE_27636 class nl.tudelft.rdfgears.rgl.datamodel.value.impl.ModifiableRecord
3647
RGL_VALUE_27638 class nl.tudelft.rdfgears.rgl.datamodel.value.impl.ModifiableRecord
3648
RGL_VALUE_27640 class nl.tudelft.rdfgears.rgl.datamodel.value.impl.ModifiableRecord
3649
RGL_VALUE_27642 class nl.tudelft.rdfgears.rgl.datamodel.value.impl.ModifiableRecord
3650
RGL_VALUE_27644 class nl.tudelft.rdfgears.rgl.datamodel.value.impl.ModifiableRecord
3651
RGL_VALUE_27646 class nl.tudelft.rdfgears.rgl.datamodel.value.impl.ModifiableRecord
3652
RGL_VALUE_27648 class nl.tudelft.rdfgears.rgl.datamodel.value.impl.ModifiableRecord
3653
RGL_VALUE_27650 class nl.tudelft.rdfgears.rgl.datamodel.value.impl.ModifiableRecord
3654
RGL_VALUE_27652 class nl.tudelft.rdfgears.rgl.datamodel.value.impl.ModifiableRecord
3655
RGL_VALUE_27654 class nl.tudelft.rdfgears.rgl.datamodel.value.impl.ModifiableRecord
3656
RGL_VALUE_27656 class nl.tudelft.rdfgears.rgl.datamodel.value.impl.ModifiableRecord
3657
RGL_VALUE_27658 class nl.tudelft.rdfgears.rgl.datamodel.value.impl.ModifiableRecord
3658
RGL_VALUE_27660 class nl.tudelft.rdfgears.rgl.datamodel.value.impl.ModifiableRecord
3659
RGL_VALUE_27662 class nl.tudelft.rdfgears.rgl.datamodel.value.impl.ModifiableRecord
3660
RGL_VALUE_27664 class nl.tudelft.rdfgears.rgl.datamodel.value.impl.ModifiableRecord
3661
RGL_VALUE_27666 class nl.tudelft.rdfgears.rgl.datamodel.value.impl.ModifiableRecord
3662
RGL_VALUE_27668 class nl.tudelft.rdfgears.rgl.datamodel.value.impl.ModifiableRecord
3663
RGL_VALUE_27670 class nl.tudelft.rdfgears.rgl.datamodel.value.impl.ModifiableRecord
3664
RGL_VALUE_27672 class nl.tudelft.rdfgears.rgl.datamodel.value.impl.ModifiableRecord
3665
RGL_VALUE_27674 class nl.tudelft.rdfgears.rgl.datamodel.value.impl.ModifiableRecord
3666
RGL_VALUE_27676 class nl.tudelft.rdfgears.rgl.datamodel.value.impl.ModifiableRecord
3667
RGL_VALUE_27678 class nl.tudelft.rdfgears.rgl.datamodel.value.impl.ModifiableRecord
3668
RGL_VALUE_27680 class nl.tudelft.rdfgears.rgl.datamodel.value.impl.ModifiableRecord
3669
RGL_VALUE_27682 class nl.tudelft.rdfgears.rgl.datamodel.value.impl.ModifiableRecord
3670
RGL_VALUE_27684 class nl.tudelft.rdfgears.rgl.datamodel.value.impl.ModifiableRecord
3671
RGL_VALUE_27686 class nl.tudelft.rdfgears.rgl.datamodel.value.impl.ModifiableRecord
3672
RGL_VALUE_27688 class nl.tudelft.rdfgears.rgl.datamodel.value.impl.ModifiableRecord
3673
RGL_VALUE_27690 class nl.tudelft.rdfgears.rgl.datamodel.value.impl.ModifiableRecord
3674
RGL_VALUE_27692 class nl.tudelft.rdfgears.rgl.datamodel.value.impl.ModifiableRecord
3675
RGL_VALUE_27694 class nl.tudelft.rdfgears.rgl.datamodel.value.impl.ModifiableRecord
3676
RGL_VALUE_27696 class nl.tudelft.rdfgears.rgl.datamodel.value.impl.ModifiableRecord
3677
RGL_VALUE_27698 class nl.tudelft.rdfgears.rgl.datamodel.value.impl.ModifiableRecord
3678
RGL_VALUE_27700 class nl.tudelft.rdfgears.rgl.datamodel.value.impl.ModifiableRecord
3679
RGL_VALUE_27702 class nl.tudelft.rdfgears.rgl.datamodel.value.impl.ModifiableRecord
3680
RGL_VALUE_27704 class nl.tudelft.rdfgears.rgl.datamodel.value.impl.ModifiableRecord
3681
RGL_VALUE_27706 class nl.tudelft.rdfgears.rgl.datamodel.value.impl.ModifiableRecord
3682
RGL_VALUE_27708 class nl.tudelft.rdfgears.rgl.datamodel.value.impl.ModifiableRecord
3683
RGL_VALUE_27710 class nl.tudelft.rdfgears.rgl.datamodel.value.impl.ModifiableRecord
3684
RGL_VALUE_27712 class nl.tudelft.rdfgears.rgl.datamodel.value.impl.ModifiableRecord
3685
RGL_VALUE_27714 class nl.tudelft.rdfgears.rgl.datamodel.value.impl.ModifiableRecord
3686
RGL_VALUE_27716 class nl.tudelft.rdfgears.rgl.datamodel.value.impl.ModifiableRecord
3687
RGL_VALUE_27718 class nl.tudelft.rdfgears.rgl.datamodel.value.impl.ModifiableRecord
3688
RGL_VALUE_27720 class nl.tudelft.rdfgears.rgl.datamodel.value.impl.ModifiableRecord
3689
RGL_VALUE_27722 class nl.tudelft.rdfgears.rgl.datamodel.value.impl.ModifiableRecord
3690
RGL_VALUE_27724 class nl.tudelft.rdfgears.rgl.datamodel.value.impl.ModifiableRecord
3691
RGL_VALUE_27726 class nl.tudelft.rdfgears.rgl.datamodel.value.impl.ModifiableRecord
3692
RGL_VALUE_27728 class nl.tudelft.rdfgears.rgl.datamodel.value.impl.ModifiableRecord
3693
RGL_VALUE_27730 class nl.tudelft.rdfgears.rgl.datamodel.value.impl.ModifiableRecord
3694
RGL_VALUE_27732 class nl.tudelft.rdfgears.rgl.datamodel.value.impl.ModifiableRecord
3695
RGL_VALUE_27734 class nl.tudelft.rdfgears.rgl.datamodel.value.impl.ModifiableRecord
3696
RGL_VALUE_27736 class nl.tudelft.rdfgears.rgl.datamodel.value.impl.ModifiableRecord
3697
RGL_VALUE_27738 class nl.tudelft.rdfgears.rgl.datamodel.value.impl.ModifiableRecord
3698
RGL_VALUE_27740 class nl.tudelft.rdfgears.rgl.datamodel.value.impl.ModifiableRecord
3699
RGL_VALUE_27742 class nl.tudelft.rdfgears.rgl.datamodel.value.impl.ModifiableRecord
3700
RGL_VALUE_27745 class nl.tudelft.rdfgears.rgl.datamodel.value.impl.ModifiableRecord
3701
RGL_VALUE_27747 class nl.tudelft.rdfgears.rgl.datamodel.value.impl.ModifiableRecord
3702
RGL_VALUE_27749 class nl.tudelft.rdfgears.rgl.datamodel.value.impl.ModifiableRecord
3703
RGL_VALUE_27751 class nl.tudelft.rdfgears.rgl.datamodel.value.impl.ModifiableRecord
3704
RGL_VALUE_27753 class nl.tudelft.rdfgears.rgl.datamodel.value.impl.ModifiableRecord
3705
RGL_VALUE_27755 class nl.tudelft.rdfgears.rgl.datamodel.value.impl.ModifiableRecord
3706
RGL_VALUE_27757 class nl.tudelft.rdfgears.rgl.datamodel.value.impl.ModifiableRecord
3707
RGL_VALUE_27759 class nl.tudelft.rdfgears.rgl.datamodel.value.impl.ModifiableRecord
3708
RGL_VALUE_27761 class nl.tudelft.rdfgears.rgl.datamodel.value.impl.ModifiableRecord
3709
RGL_VALUE_27763 class nl.tudelft.rdfgears.rgl.datamodel.value.impl.ModifiableRecord
3710
RGL_VALUE_27765 class nl.tudelft.rdfgears.rgl.datamodel.value.impl.ModifiableRecord
3711
RGL_VALUE_27767 class nl.tudelft.rdfgears.rgl.datamodel.value.impl.ModifiableRecord
3712
RGL_VALUE_27769 class nl.tudelft.rdfgears.rgl.datamodel.value.impl.ModifiableRecord
3713
RGL_VALUE_27771 class nl.tudelft.rdfgears.rgl.datamodel.value.impl.ModifiableRecord
3714
RGL_VALUE_27773 class nl.tudelft.rdfgears.rgl.datamodel.value.impl.ModifiableRecord
3715
RGL_VALUE_27775 class nl.tudelft.rdfgears.rgl.datamodel.value.impl.ModifiableRecord
3716
RGL_VALUE_27777 class nl.tudelft.rdfgears.rgl.datamodel.value.impl.ModifiableRecord
3717
RGL_VALUE_27779 class nl.tudelft.rdfgears.rgl.datamodel.value.impl.ModifiableRecord
3718
RGL_VALUE_27781 class nl.tudelft.rdfgears.rgl.datamodel.value.impl.ModifiableRecord
3719
RGL_VALUE_27783 class nl.tudelft.rdfgears.rgl.datamodel.value.impl.ModifiableRecord
3720
RGL_VALUE_27785 class nl.tudelft.rdfgears.rgl.datamodel.value.impl.ModifiableRecord
3721
RGL_VALUE_27787 class nl.tudelft.rdfgears.rgl.datamodel.value.impl.ModifiableRecord
3722
RGL_VALUE_27789 class nl.tudelft.rdfgears.rgl.datamodel.value.impl.ModifiableRecord
3723
RGL_VALUE_27791 class nl.tudelft.rdfgears.rgl.datamodel.value.impl.ModifiableRecord
3724
RGL_VALUE_27793 class nl.tudelft.rdfgears.rgl.datamodel.value.impl.ModifiableRecord
3725
RGL_VALUE_27795 class nl.tudelft.rdfgears.rgl.datamodel.value.impl.ModifiableRecord
3726
RGL_VALUE_27797 class nl.tudelft.rdfgears.rgl.datamodel.value.impl.ModifiableRecord
3727
RGL_VALUE_27799 class nl.tudelft.rdfgears.rgl.datamodel.value.impl.ModifiableRecord
3728
RGL_VALUE_27801 class nl.tudelft.rdfgears.rgl.datamodel.value.impl.ModifiableRecord
3729
RGL_VALUE_27803 class nl.tudelft.rdfgears.rgl.datamodel.value.impl.ModifiableRecord
3730
RGL_VALUE_27805 class nl.tudelft.rdfgears.rgl.datamodel.value.impl.ModifiableRecord
3731
RGL_VALUE_27807 class nl.tudelft.rdfgears.rgl.datamodel.value.impl.ModifiableRecord
3732
RGL_VALUE_27809 class nl.tudelft.rdfgears.rgl.datamodel.value.impl.ModifiableRecord
3733
RGL_VALUE_27811 class nl.tudelft.rdfgears.rgl.datamodel.value.impl.ModifiableRecord
3734
RGL_VALUE_27813 class nl.tudelft.rdfgears.rgl.datamodel.value.impl.ModifiableRecord
3735
RGL_VALUE_27815 class nl.tudelft.rdfgears.rgl.datamodel.value.impl.ModifiableRecord
3736
RGL_VALUE_27817 class nl.tudelft.rdfgears.rgl.datamodel.value.impl.ModifiableRecord
3737
RGL_VALUE_27819 class nl.tudelft.rdfgears.rgl.datamodel.value.impl.ModifiableRecord
3738
RGL_VALUE_27821 class nl.tudelft.rdfgears.rgl.datamodel.value.impl.ModifiableRecord
3739
RGL_VALUE_27823 class nl.tudelft.rdfgears.rgl.datamodel.value.impl.ModifiableRecord
3740
RGL_VALUE_27825 class nl.tudelft.rdfgears.rgl.datamodel.value.impl.ModifiableRecord
3741
RGL_VALUE_27827 class nl.tudelft.rdfgears.rgl.datamodel.value.impl.ModifiableRecord
3742
RGL_VALUE_27829 class nl.tudelft.rdfgears.rgl.datamodel.value.impl.ModifiableRecord
3743
RGL_VALUE_27831 class nl.tudelft.rdfgears.rgl.datamodel.value.impl.ModifiableRecord
3744
RGL_VALUE_27833 class nl.tudelft.rdfgears.rgl.datamodel.value.impl.ModifiableRecord
3745
RGL_VALUE_27835 class nl.tudelft.rdfgears.rgl.datamodel.value.impl.ModifiableRecord
3746
RGL_VALUE_27837 class nl.tudelft.rdfgears.rgl.datamodel.value.impl.ModifiableRecord
3747
RGL_VALUE_27839 class nl.tudelft.rdfgears.rgl.datamodel.value.impl.ModifiableRecord
3748
RGL_VALUE_27841 class nl.tudelft.rdfgears.rgl.datamodel.value.impl.ModifiableRecord
3749
RGL_VALUE_27843 class nl.tudelft.rdfgears.rgl.datamodel.value.impl.ModifiableRecord
3750
RGL_VALUE_27845 class nl.tudelft.rdfgears.rgl.datamodel.value.impl.ModifiableRecord
3751
RGL_VALUE_27847 class nl.tudelft.rdfgears.rgl.datamodel.value.impl.ModifiableRecord
3752
RGL_VALUE_27849 class nl.tudelft.rdfgears.rgl.datamodel.value.impl.ModifiableRecord
3753
RGL_VALUE_27851 class nl.tudelft.rdfgears.rgl.datamodel.value.impl.ModifiableRecord
3754
RGL_VALUE_27853 class nl.tudelft.rdfgears.rgl.datamodel.value.impl.ModifiableRecord
3755
RGL_VALUE_27855 class nl.tudelft.rdfgears.rgl.datamodel.value.impl.ModifiableRecord
3756
RGL_VALUE_27857 class nl.tudelft.rdfgears.rgl.datamodel.value.impl.ModifiableRecord
3757
RGL_VALUE_27859 class nl.tudelft.rdfgears.rgl.datamodel.value.impl.ModifiableRecord
3758
RGL_VALUE_27861 class nl.tudelft.rdfgears.rgl.datamodel.value.impl.ModifiableRecord
3759
RGL_VALUE_27863 class nl.tudelft.rdfgears.rgl.datamodel.value.impl.ModifiableRecord
3760
RGL_VALUE_27865 class nl.tudelft.rdfgears.rgl.datamodel.value.impl.ModifiableRecord
3761
RGL_VALUE_27867 class nl.tudelft.rdfgears.rgl.datamodel.value.impl.ModifiableRecord
3762
RGL_VALUE_27869 class nl.tudelft.rdfgears.rgl.datamodel.value.impl.ModifiableRecord
3763
RGL_VALUE_27871 class nl.tudelft.rdfgears.rgl.datamodel.value.impl.ModifiableRecord
3764
RGL_VALUE_27873 class nl.tudelft.rdfgears.rgl.datamodel.value.impl.ModifiableRecord
3765
RGL_VALUE_27875 class nl.tudelft.rdfgears.rgl.datamodel.value.impl.ModifiableRecord
3766
RGL_VALUE_27877 class nl.tudelft.rdfgears.rgl.datamodel.value.impl.ModifiableRecord
3767
RGL_VALUE_27879 class nl.tudelft.rdfgears.rgl.datamodel.value.impl.ModifiableRecord
3768
RGL_VALUE_27881 class nl.tudelft.rdfgears.rgl.datamodel.value.impl.ModifiableRecord
3769
RGL_VALUE_27883 class nl.tudelft.rdfgears.rgl.datamodel.value.impl.ModifiableRecord
3770
RGL_VALUE_27885 class nl.tudelft.rdfgears.rgl.datamodel.value.impl.ModifiableRecord
3771
RGL_VALUE_27887 class nl.tudelft.rdfgears.rgl.datamodel.value.impl.ModifiableRecord
3772
RGL_VALUE_27889 class nl.tudelft.rdfgears.rgl.datamodel.value.impl.ModifiableRecord
3773
RGL_VALUE_27891 class nl.tudelft.rdfgears.rgl.datamodel.value.impl.ModifiableRecord
3774
RGL_VALUE_27893 class nl.tudelft.rdfgears.rgl.datamodel.value.impl.ModifiableRecord
3775
RGL_VALUE_27895 class nl.tudelft.rdfgears.rgl.datamodel.value.impl.ModifiableRecord
3776
RGL_VALUE_27897 class nl.tudelft.rdfgears.rgl.datamodel.value.impl.ModifiableRecord
3777
RGL_VALUE_27899 class nl.tudelft.rdfgears.rgl.datamodel.value.impl.ModifiableRecord
3778
RGL_VALUE_27901 class nl.tudelft.rdfgears.rgl.datamodel.value.impl.ModifiableRecord
3779
RGL_VALUE_27903 class nl.tudelft.rdfgears.rgl.datamodel.value.impl.ModifiableRecord
3780
RGL_VALUE_27905 class nl.tudelft.rdfgears.rgl.datamodel.value.impl.ModifiableRecord
3781
RGL_VALUE_27907 class nl.tudelft.rdfgears.rgl.datamodel.value.impl.ModifiableRecord
3782
RGL_VALUE_27909 class nl.tudelft.rdfgears.rgl.datamodel.value.impl.ModifiableRecord
3783
RGL_VALUE_27911 class nl.tudelft.rdfgears.rgl.datamodel.value.impl.ModifiableRecord
3784
RGL_VALUE_27913 class nl.tudelft.rdfgears.rgl.datamodel.value.impl.ModifiableRecord
3785
RGL_VALUE_27915 class nl.tudelft.rdfgears.rgl.datamodel.value.impl.ModifiableRecord
3786
RGL_VALUE_27917 class nl.tudelft.rdfgears.rgl.datamodel.value.impl.ModifiableRecord
3787
RGL_VALUE_27919 class nl.tudelft.rdfgears.rgl.datamodel.value.impl.ModifiableRecord
3788
RGL_VALUE_27921 class nl.tudelft.rdfgears.rgl.datamodel.value.impl.ModifiableRecord
3789
RGL_VALUE_27923 class nl.tudelft.rdfgears.rgl.datamodel.value.impl.ModifiableRecord
3790
RGL_VALUE_27925 class nl.tudelft.rdfgears.rgl.datamodel.value.impl.ModifiableRecord
3791
RGL_VALUE_27927 class nl.tudelft.rdfgears.rgl.datamodel.value.impl.ModifiableRecord
3792
RGL_VALUE_27929 class nl.tudelft.rdfgears.rgl.datamodel.value.impl.ModifiableRecord
3793
RGL_VALUE_27931 class nl.tudelft.rdfgears.rgl.datamodel.value.impl.ModifiableRecord
3794
RGL_VALUE_27933 class nl.tudelft.rdfgears.rgl.datamodel.value.impl.ModifiableRecord
3795
RGL_VALUE_27935 class nl.tudelft.rdfgears.rgl.datamodel.value.impl.ModifiableRecord
3796
RGL_VALUE_27937 class nl.tudelft.rdfgears.rgl.datamodel.value.impl.ModifiableRecord
3797
RGL_VALUE_27939 class nl.tudelft.rdfgears.rgl.datamodel.value.impl.ModifiableRecord
3798
RGL_VALUE_27941 class nl.tudelft.rdfgears.rgl.datamodel.value.impl.ModifiableRecord
3799
RGL_VALUE_27943 class nl.tudelft.rdfgears.rgl.datamodel.value.impl.ModifiableRecord
3800
RGL_VALUE_27946 class nl.tudelft.rdfgears.rgl.datamodel.value.impl.ModifiableRecord
3801
RGL_VALUE_27948 class nl.tudelft.rdfgears.rgl.datamodel.value.impl.ModifiableRecord
3802
RGL_VALUE_27950 class nl.tudelft.rdfgears.rgl.datamodel.value.impl.ModifiableRecord
3803
RGL_VALUE_27952 class nl.tudelft.rdfgears.rgl.datamodel.value.impl.ModifiableRecord
3804
RGL_VALUE_27954 class nl.tudelft.rdfgears.rgl.datamodel.value.impl.ModifiableRecord
3805
RGL_VALUE_27956 class nl.tudelft.rdfgears.rgl.datamodel.value.impl.ModifiableRecord
3806
RGL_VALUE_27958 class nl.tudelft.rdfgears.rgl.datamodel.value.impl.ModifiableRecord
3807
RGL_VALUE_27960 class nl.tudelft.rdfgears.rgl.datamodel.value.impl.ModifiableRecord
3808
RGL_VALUE_27962 class nl.tudelft.rdfgears.rgl.datamodel.value.impl.ModifiableRecord
3809
RGL_VALUE_27964 class nl.tudelft.rdfgears.rgl.datamodel.value.impl.ModifiableRecord
3810
RGL_VALUE_27966 class nl.tudelft.rdfgears.rgl.datamodel.value.impl.ModifiableRecord
3811
RGL_VALUE_27968 class nl.tudelft.rdfgears.rgl.datamodel.value.impl.ModifiableRecord
3812
RGL_VALUE_27970 class nl.tudelft.rdfgears.rgl.datamodel.value.impl.ModifiableRecord
3813
RGL_VALUE_27972 class nl.tudelft.rdfgears.rgl.datamodel.value.impl.ModifiableRecord
3814
RGL_VALUE_27974 class nl.tudelft.rdfgears.rgl.datamodel.value.impl.ModifiableRecord
3815
RGL_VALUE_27976 class nl.tudelft.rdfgears.rgl.datamodel.value.impl.ModifiableRecord
3816
RGL_VALUE_27978 class nl.tudelft.rdfgears.rgl.datamodel.value.impl.ModifiableRecord
3817
RGL_VALUE_27980 class nl.tudelft.rdfgears.rgl.datamodel.value.impl.ModifiableRecord
3818
RGL_VALUE_27982 class nl.tudelft.rdfgears.rgl.datamodel.value.impl.ModifiableRecord
3819
RGL_VALUE_27984 class nl.tudelft.rdfgears.rgl.datamodel.value.impl.ModifiableRecord
3820
RGL_VALUE_27986 class nl.tudelft.rdfgears.rgl.datamodel.value.impl.ModifiableRecord
3821
RGL_VALUE_27988 class nl.tudelft.rdfgears.rgl.datamodel.value.impl.ModifiableRecord
3822
RGL_VALUE_27990 class nl.tudelft.rdfgears.rgl.datamodel.value.impl.ModifiableRecord
3823
RGL_VALUE_27992 class nl.tudelft.rdfgears.rgl.datamodel.value.impl.ModifiableRecord
3824
RGL_VALUE_27994 class nl.tudelft.rdfgears.rgl.datamodel.value.impl.ModifiableRecord
3825
RGL_VALUE_27996 class nl.tudelft.rdfgears.rgl.datamodel.value.impl.ModifiableRecord
3826
RGL_VALUE_27998 class nl.tudelft.rdfgears.rgl.datamodel.value.impl.ModifiableRecord
3827
RGL_VALUE_28000 class nl.tudelft.rdfgears.rgl.datamodel.value.impl.ModifiableRecord
3828
RGL_VALUE_28002 class nl.tudelft.rdfgears.rgl.datamodel.value.impl.ModifiableRecord
3829
RGL_VALUE_28004 class nl.tudelft.rdfgears.rgl.datamodel.value.impl.ModifiableRecord
3830
RGL_VALUE_28006 class nl.tudelft.rdfgears.rgl.datamodel.value.impl.ModifiableRecord
3831
RGL_VALUE_28008 class nl.tudelft.rdfgears.rgl.datamodel.value.impl.ModifiableRecord
3832
RGL_VALUE_28010 class nl.tudelft.rdfgears.rgl.datamodel.value.impl.ModifiableRecord
3833
RGL_VALUE_28012 class nl.tudelft.rdfgears.rgl.datamodel.value.impl.ModifiableRecord
3834
RGL_VALUE_28014 class nl.tudelft.rdfgears.rgl.datamodel.value.impl.ModifiableRecord
3835
RGL_VALUE_28016 class nl.tudelft.rdfgears.rgl.datamodel.value.impl.ModifiableRecord
3836
RGL_VALUE_28018 class nl.tudelft.rdfgears.rgl.datamodel.value.impl.ModifiableRecord
3837
RGL_VALUE_28020 class nl.tudelft.rdfgears.rgl.datamodel.value.impl.ModifiableRecord
3838
RGL_VALUE_28022 class nl.tudelft.rdfgears.rgl.datamodel.value.impl.ModifiableRecord
3839
RGL_VALUE_28024 class nl.tudelft.rdfgears.rgl.datamodel.value.impl.ModifiableRecord
3840
RGL_VALUE_28026 class nl.tudelft.rdfgears.rgl.datamodel.value.impl.ModifiableRecord
3841
RGL_VALUE_28028 class nl.tudelft.rdfgears.rgl.datamodel.value.impl.ModifiableRecord
3842
RGL_VALUE_28030 class nl.tudelft.rdfgears.rgl.datamodel.value.impl.ModifiableRecord
3843
RGL_VALUE_28032 class nl.tudelft.rdfgears.rgl.datamodel.value.impl.ModifiableRecord
3844
RGL_VALUE_28034 class nl.tudelft.rdfgears.rgl.datamodel.value.impl.ModifiableRecord
3845
RGL_VALUE_28036 class nl.tudelft.rdfgears.rgl.datamodel.value.impl.ModifiableRecord
3846
RGL_VALUE_28038 class nl.tudelft.rdfgears.rgl.datamodel.value.impl.ModifiableRecord
3847
RGL_VALUE_28040 class nl.tudelft.rdfgears.rgl.datamodel.value.impl.ModifiableRecord
3848
RGL_VALUE_28042 class nl.tudelft.rdfgears.rgl.datamodel.value.impl.ModifiableRecord
3849
RGL_VALUE_28044 class nl.tudelft.rdfgears.rgl.datamodel.value.impl.ModifiableRecord
3850
RGL_VALUE_28046 class nl.tudelft.rdfgears.rgl.datamodel.value.impl.ModifiableRecord
3851
RGL_VALUE_28048 class nl.tudelft.rdfgears.rgl.datamodel.value.impl.ModifiableRecord
3852
RGL_VALUE_28050 class nl.tudelft.rdfgears.rgl.datamodel.value.impl.ModifiableRecord
3853
RGL_VALUE_28052 class nl.tudelft.rdfgears.rgl.datamodel.value.impl.ModifiableRecord
3854
RGL_VALUE_28054 class nl.tudelft.rdfgears.rgl.datamodel.value.impl.ModifiableRecord
3855
RGL_VALUE_28056 class nl.tudelft.rdfgears.rgl.datamodel.value.impl.ModifiableRecord
3856
RGL_VALUE_28058 class nl.tudelft.rdfgears.rgl.datamodel.value.impl.ModifiableRecord
3857
RGL_VALUE_28060 class nl.tudelft.rdfgears.rgl.datamodel.value.impl.ModifiableRecord
3858
RGL_VALUE_28062 class nl.tudelft.rdfgears.rgl.datamodel.value.impl.ModifiableRecord
3859
RGL_VALUE_28064 class nl.tudelft.rdfgears.rgl.datamodel.value.impl.ModifiableRecord
3860
RGL_VALUE_28066 class nl.tudelft.rdfgears.rgl.datamodel.value.impl.ModifiableRecord
3861
RGL_VALUE_28068 class nl.tudelft.rdfgears.rgl.datamodel.value.impl.ModifiableRecord
3862
RGL_VALUE_28070 class nl.tudelft.rdfgears.rgl.datamodel.value.impl.ModifiableRecord
3863
RGL_VALUE_28072 class nl.tudelft.rdfgears.rgl.datamodel.value.impl.ModifiableRecord
3864
RGL_VALUE_28074 class nl.tudelft.rdfgears.rgl.datamodel.value.impl.ModifiableRecord
3865
RGL_VALUE_28076 class nl.tudelft.rdfgears.rgl.datamodel.value.impl.ModifiableRecord
3866
RGL_VALUE_28078 class nl.tudelft.rdfgears.rgl.datamodel.value.impl.ModifiableRecord
3867
RGL_VALUE_28080 class nl.tudelft.rdfgears.rgl.datamodel.value.impl.ModifiableRecord
3868
RGL_VALUE_28082 class nl.tudelft.rdfgears.rgl.datamodel.value.impl.ModifiableRecord
3869
RGL_VALUE_28084 class nl.tudelft.rdfgears.rgl.datamodel.value.impl.ModifiableRecord
3870
RGL_VALUE_28086 class nl.tudelft.rdfgears.rgl.datamodel.value.impl.ModifiableRecord
3871
RGL_VALUE_28088 class nl.tudelft.rdfgears.rgl.datamodel.value.impl.ModifiableRecord
3872
RGL_VALUE_28090 class nl.tudelft.rdfgears.rgl.datamodel.value.impl.ModifiableRecord
3873
RGL_VALUE_28092 class nl.tudelft.rdfgears.rgl.datamodel.value.impl.ModifiableRecord
3874
RGL_VALUE_28094 class nl.tudelft.rdfgears.rgl.datamodel.value.impl.ModifiableRecord
3875
RGL_VALUE_28096 class nl.tudelft.rdfgears.rgl.datamodel.value.impl.ModifiableRecord
3876
RGL_VALUE_28098 class nl.tudelft.rdfgears.rgl.datamodel.value.impl.ModifiableRecord
3877
RGL_VALUE_28100 class nl.tudelft.rdfgears.rgl.datamodel.value.impl.ModifiableRecord
3878
RGL_VALUE_28102 class nl.tudelft.rdfgears.rgl.datamodel.value.impl.ModifiableRecord
3879
RGL_VALUE_28104 class nl.tudelft.rdfgears.rgl.datamodel.value.impl.ModifiableRecord
3880
RGL_VALUE_28106 class nl.tudelft.rdfgears.rgl.datamodel.value.impl.ModifiableRecord
3881
RGL_VALUE_28108 class nl.tudelft.rdfgears.rgl.datamodel.value.impl.ModifiableRecord
3882
RGL_VALUE_28110 class nl.tudelft.rdfgears.rgl.datamodel.value.impl.ModifiableRecord
3883
RGL_VALUE_28112 class nl.tudelft.rdfgears.rgl.datamodel.value.impl.ModifiableRecord
3884
RGL_VALUE_28114 class nl.tudelft.rdfgears.rgl.datamodel.value.impl.ModifiableRecord
3885
RGL_VALUE_28116 class nl.tudelft.rdfgears.rgl.datamodel.value.impl.ModifiableRecord
3886
RGL_VALUE_28118 class nl.tudelft.rdfgears.rgl.datamodel.value.impl.ModifiableRecord
3887
RGL_VALUE_28120 class nl.tudelft.rdfgears.rgl.datamodel.value.impl.ModifiableRecord
3888
RGL_VALUE_28122 class nl.tudelft.rdfgears.rgl.datamodel.value.impl.ModifiableRecord
3889
RGL_VALUE_28124 class nl.tudelft.rdfgears.rgl.datamodel.value.impl.ModifiableRecord
3890
RGL_VALUE_28126 class nl.tudelft.rdfgears.rgl.datamodel.value.impl.ModifiableRecord
3891
RGL_VALUE_28128 class nl.tudelft.rdfgears.rgl.datamodel.value.impl.ModifiableRecord
3892
RGL_VALUE_28130 class nl.tudelft.rdfgears.rgl.datamodel.value.impl.ModifiableRecord
3893
RGL_VALUE_28132 class nl.tudelft.rdfgears.rgl.datamodel.value.impl.ModifiableRecord
3894
RGL_VALUE_28134 class nl.tudelft.rdfgears.rgl.datamodel.value.impl.ModifiableRecord
3895
RGL_VALUE_28136 class nl.tudelft.rdfgears.rgl.datamodel.value.impl.ModifiableRecord
3896
RGL_VALUE_28138 class nl.tudelft.rdfgears.rgl.datamodel.value.impl.ModifiableRecord
3897
RGL_VALUE_28140 class nl.tudelft.rdfgears.rgl.datamodel.value.impl.ModifiableRecord
3898
RGL_VALUE_28142 class nl.tudelft.rdfgears.rgl.datamodel.value.impl.ModifiableRecord
3899
RGL_VALUE_28144 class nl.tudelft.rdfgears.rgl.datamodel.value.impl.ModifiableRecord
3900
RGL_VALUE_28147 class nl.tudelft.rdfgears.rgl.datamodel.value.impl.ModifiableRecord
3901
RGL_VALUE_28149 class nl.tudelft.rdfgears.rgl.datamodel.value.impl.ModifiableRecord
3902
RGL_VALUE_28151 class nl.tudelft.rdfgears.rgl.datamodel.value.impl.ModifiableRecord
3903
RGL_VALUE_28153 class nl.tudelft.rdfgears.rgl.datamodel.value.impl.ModifiableRecord
3904
RGL_VALUE_28155 class nl.tudelft.rdfgears.rgl.datamodel.value.impl.ModifiableRecord
3905
RGL_VALUE_28157 class nl.tudelft.rdfgears.rgl.datamodel.value.impl.ModifiableRecord
3906
RGL_VALUE_28159 class nl.tudelft.rdfgears.rgl.datamodel.value.impl.ModifiableRecord
3907
RGL_VALUE_28161 class nl.tudelft.rdfgears.rgl.datamodel.value.impl.ModifiableRecord
3908
RGL_VALUE_28163 class nl.tudelft.rdfgears.rgl.datamodel.value.impl.ModifiableRecord
3909
RGL_VALUE_28165 class nl.tudelft.rdfgears.rgl.datamodel.value.impl.ModifiableRecord
3910
RGL_VALUE_28167 class nl.tudelft.rdfgears.rgl.datamodel.value.impl.ModifiableRecord
3911
RGL_VALUE_28169 class nl.tudelft.rdfgears.rgl.datamodel.value.impl.ModifiableRecord
3912
RGL_VALUE_28171 class nl.tudelft.rdfgears.rgl.datamodel.value.impl.ModifiableRecord
3913
RGL_VALUE_28173 class nl.tudelft.rdfgears.rgl.datamodel.value.impl.ModifiableRecord
3914
RGL_VALUE_28175 class nl.tudelft.rdfgears.rgl.datamodel.value.impl.ModifiableRecord
3915
RGL_VALUE_28177 class nl.tudelft.rdfgears.rgl.datamodel.value.impl.ModifiableRecord
3916
RGL_VALUE_28179 class nl.tudelft.rdfgears.rgl.datamodel.value.impl.ModifiableRecord
3917
RGL_VALUE_28181 class nl.tudelft.rdfgears.rgl.datamodel.value.impl.ModifiableRecord
3918
RGL_VALUE_28183 class nl.tudelft.rdfgears.rgl.datamodel.value.impl.ModifiableRecord
3919
RGL_VALUE_28185 class nl.tudelft.rdfgears.rgl.datamodel.value.impl.ModifiableRecord
3920
RGL_VALUE_28187 class nl.tudelft.rdfgears.rgl.datamodel.value.impl.ModifiableRecord
3921
RGL_VALUE_28189 class nl.tudelft.rdfgears.rgl.datamodel.value.impl.ModifiableRecord
3922
RGL_VALUE_28191 class nl.tudelft.rdfgears.rgl.datamodel.value.impl.ModifiableRecord
3923
RGL_VALUE_28193 class nl.tudelft.rdfgears.rgl.datamodel.value.impl.ModifiableRecord
3924
RGL_VALUE_28195 class nl.tudelft.rdfgears.rgl.datamodel.value.impl.ModifiableRecord
3925
RGL_VALUE_28197 class nl.tudelft.rdfgears.rgl.datamodel.value.impl.ModifiableRecord
3926
RGL_VALUE_28199 class nl.tudelft.rdfgears.rgl.datamodel.value.impl.ModifiableRecord
3927
RGL_VALUE_28201 class nl.tudelft.rdfgears.rgl.datamodel.value.impl.ModifiableRecord
3928
RGL_VALUE_28203 class nl.tudelft.rdfgears.rgl.datamodel.value.impl.ModifiableRecord
3929
RGL_VALUE_28205 class nl.tudelft.rdfgears.rgl.datamodel.value.impl.ModifiableRecord
3930
RGL_VALUE_28207 class nl.tudelft.rdfgears.rgl.datamodel.value.impl.ModifiableRecord
3931
RGL_VALUE_28209 class nl.tudelft.rdfgears.rgl.datamodel.value.impl.ModifiableRecord
3932
RGL_VALUE_28211 class nl.tudelft.rdfgears.rgl.datamodel.value.impl.ModifiableRecord
3933
RGL_VALUE_28213 class nl.tudelft.rdfgears.rgl.datamodel.value.impl.ModifiableRecord
3934
RGL_VALUE_28215 class nl.tudelft.rdfgears.rgl.datamodel.value.impl.ModifiableRecord
3935
RGL_VALUE_28217 class nl.tudelft.rdfgears.rgl.datamodel.value.impl.ModifiableRecord
3936
RGL_VALUE_28219 class nl.tudelft.rdfgears.rgl.datamodel.value.impl.ModifiableRecord
3937
RGL_VALUE_28221 class nl.tudelft.rdfgears.rgl.datamodel.value.impl.ModifiableRecord
3938
RGL_VALUE_28223 class nl.tudelft.rdfgears.rgl.datamodel.value.impl.ModifiableRecord
3939
RGL_VALUE_28225 class nl.tudelft.rdfgears.rgl.datamodel.value.impl.ModifiableRecord
3940
RGL_VALUE_28227 class nl.tudelft.rdfgears.rgl.datamodel.value.impl.ModifiableRecord
3941
RGL_VALUE_28229 class nl.tudelft.rdfgears.rgl.datamodel.value.impl.ModifiableRecord
3942
RGL_VALUE_28231 class nl.tudelft.rdfgears.rgl.datamodel.value.impl.ModifiableRecord
3943
RGL_VALUE_28233 class nl.tudelft.rdfgears.rgl.datamodel.value.impl.ModifiableRecord
3944
RGL_VALUE_28235 class nl.tudelft.rdfgears.rgl.datamodel.value.impl.ModifiableRecord
3945
RGL_VALUE_28237 class nl.tudelft.rdfgears.rgl.datamodel.value.impl.ModifiableRecord
3946
RGL_VALUE_28239 class nl.tudelft.rdfgears.rgl.datamodel.value.impl.ModifiableRecord
3947
RGL_VALUE_28241 class nl.tudelft.rdfgears.rgl.datamodel.value.impl.ModifiableRecord
3948
RGL_VALUE_28243 class nl.tudelft.rdfgears.rgl.datamodel.value.impl.ModifiableRecord
3949
RGL_VALUE_28245 class nl.tudelft.rdfgears.rgl.datamodel.value.impl.ModifiableRecord
3950
RGL_VALUE_28247 class nl.tudelft.rdfgears.rgl.datamodel.value.impl.ModifiableRecord
3951
RGL_VALUE_28249 class nl.tudelft.rdfgears.rgl.datamodel.value.impl.ModifiableRecord
3952
RGL_VALUE_28251 class nl.tudelft.rdfgears.rgl.datamodel.value.impl.ModifiableRecord
3953
RGL_VALUE_28253 class nl.tudelft.rdfgears.rgl.datamodel.value.impl.ModifiableRecord
3954
RGL_VALUE_28255 class nl.tudelft.rdfgears.rgl.datamodel.value.impl.ModifiableRecord
3955
RGL_VALUE_28257 class nl.tudelft.rdfgears.rgl.datamodel.value.impl.ModifiableRecord
3956
RGL_VALUE_28259 class nl.tudelft.rdfgears.rgl.datamodel.value.impl.ModifiableRecord
3957
RGL_VALUE_28261 class nl.tudelft.rdfgears.rgl.datamodel.value.impl.ModifiableRecord
3958
RGL_VALUE_28263 class nl.tudelft.rdfgears.rgl.datamodel.value.impl.ModifiableRecord
3959
RGL_VALUE_28265 class nl.tudelft.rdfgears.rgl.datamodel.value.impl.ModifiableRecord
3960
RGL_VALUE_28267 class nl.tudelft.rdfgears.rgl.datamodel.value.impl.ModifiableRecord
3961
RGL_VALUE_28269 class nl.tudelft.rdfgears.rgl.datamodel.value.impl.ModifiableRecord
3962
RGL_VALUE_28271 class nl.tudelft.rdfgears.rgl.datamodel.value.impl.ModifiableRecord
3963
RGL_VALUE_28273 class nl.tudelft.rdfgears.rgl.datamodel.value.impl.ModifiableRecord
3964
RGL_VALUE_28275 class nl.tudelft.rdfgears.rgl.datamodel.value.impl.ModifiableRecord
3965
RGL_VALUE_28277 class nl.tudelft.rdfgears.rgl.datamodel.value.impl.ModifiableRecord
3966
RGL_VALUE_28279 class nl.tudelft.rdfgears.rgl.datamodel.value.impl.ModifiableRecord
3967
RGL_VALUE_28281 class nl.tudelft.rdfgears.rgl.datamodel.value.impl.ModifiableRecord
3968
RGL_VALUE_28283 class nl.tudelft.rdfgears.rgl.datamodel.value.impl.ModifiableRecord
3969
RGL_VALUE_28285 class nl.tudelft.rdfgears.rgl.datamodel.value.impl.ModifiableRecord
3970
RGL_VALUE_28287 class nl.tudelft.rdfgears.rgl.datamodel.value.impl.ModifiableRecord
3971
RGL_VALUE_28289 class nl.tudelft.rdfgears.rgl.datamodel.value.impl.ModifiableRecord
3972
RGL_VALUE_28291 class nl.tudelft.rdfgears.rgl.datamodel.value.impl.ModifiableRecord
3973
RGL_VALUE_28293 class nl.tudelft.rdfgears.rgl.datamodel.value.impl.ModifiableRecord
3974
RGL_VALUE_28295 class nl.tudelft.rdfgears.rgl.datamodel.value.impl.ModifiableRecord
3975
RGL_VALUE_28297 class nl.tudelft.rdfgears.rgl.datamodel.value.impl.ModifiableRecord
3976
RGL_VALUE_28299 class nl.tudelft.rdfgears.rgl.datamodel.value.impl.ModifiableRecord
3977
RGL_VALUE_28301 class nl.tudelft.rdfgears.rgl.datamodel.value.impl.ModifiableRecord
3978
RGL_VALUE_28303 class nl.tudelft.rdfgears.rgl.datamodel.value.impl.ModifiableRecord
3979
RGL_VALUE_28305 class nl.tudelft.rdfgears.rgl.datamodel.value.impl.ModifiableRecord
3980
RGL_VALUE_28307 class nl.tudelft.rdfgears.rgl.datamodel.value.impl.ModifiableRecord
3981
RGL_VALUE_28309 class nl.tudelft.rdfgears.rgl.datamodel.value.impl.ModifiableRecord
3982
RGL_VALUE_28311 class nl.tudelft.rdfgears.rgl.datamodel.value.impl.ModifiableRecord
3983
RGL_VALUE_28313 class nl.tudelft.rdfgears.rgl.datamodel.value.impl.ModifiableRecord
3984
RGL_VALUE_28315 class nl.tudelft.rdfgears.rgl.datamodel.value.impl.ModifiableRecord
3985
RGL_VALUE_28317 class nl.tudelft.rdfgears.rgl.datamodel.value.impl.ModifiableRecord
3986
RGL_VALUE_28319 class nl.tudelft.rdfgears.rgl.datamodel.value.impl.ModifiableRecord
3987
RGL_VALUE_28321 class nl.tudelft.rdfgears.rgl.datamodel.value.impl.ModifiableRecord
3988
RGL_VALUE_28323 class nl.tudelft.rdfgears.rgl.datamodel.value.impl.ModifiableRecord
3989
RGL_VALUE_28325 class nl.tudelft.rdfgears.rgl.datamodel.value.impl.ModifiableRecord
3990
RGL_VALUE_28327 class nl.tudelft.rdfgears.rgl.datamodel.value.impl.ModifiableRecord
3991
RGL_VALUE_28329 class nl.tudelft.rdfgears.rgl.datamodel.value.impl.ModifiableRecord
3992
RGL_VALUE_28331 class nl.tudelft.rdfgears.rgl.datamodel.value.impl.ModifiableRecord
3993
RGL_VALUE_28333 class nl.tudelft.rdfgears.rgl.datamodel.value.impl.ModifiableRecord
3994
RGL_VALUE_28335 class nl.tudelft.rdfgears.rgl.datamodel.value.impl.ModifiableRecord
3995
RGL_VALUE_28337 class nl.tudelft.rdfgears.rgl.datamodel.value.impl.ModifiableRecord
3996
RGL_VALUE_28339 class nl.tudelft.rdfgears.rgl.datamodel.value.impl.ModifiableRecord
3997
RGL_VALUE_28341 class nl.tudelft.rdfgears.rgl.datamodel.value.impl.ModifiableRecord
3998
RGL_VALUE_28343 class nl.tudelft.rdfgears.rgl.datamodel.value.impl.ModifiableRecord
3999
RGL_VALUE_28345 class nl.tudelft.rdfgears.rgl.datamodel.value.impl.ModifiableRecord
4000
RGL_VALUE_28348 class nl.tudelft.rdfgears.rgl.datamodel.value.impl.ModifiableRecord
4001
RGL_VALUE_28350 class nl.tudelft.rdfgears.rgl.datamodel.value.impl.ModifiableRecord
4002
RGL_VALUE_28352 class nl.tudelft.rdfgears.rgl.datamodel.value.impl.ModifiableRecord
4003
RGL_VALUE_28354 class nl.tudelft.rdfgears.rgl.datamodel.value.impl.ModifiableRecord
4004
RGL_VALUE_28356 class nl.tudelft.rdfgears.rgl.datamodel.value.impl.ModifiableRecord
4005
RGL_VALUE_28358 class nl.tudelft.rdfgears.rgl.datamodel.value.impl.ModifiableRecord
4006
RGL_VALUE_28360 class nl.tudelft.rdfgears.rgl.datamodel.value.impl.ModifiableRecord
4007
RGL_VALUE_28362 class nl.tudelft.rdfgears.rgl.datamodel.value.impl.ModifiableRecord
4008
RGL_VALUE_28364 class nl.tudelft.rdfgears.rgl.datamodel.value.impl.ModifiableRecord
4009
RGL_VALUE_28366 class nl.tudelft.rdfgears.rgl.datamodel.value.impl.ModifiableRecord
4010
RGL_VALUE_28368 class nl.tudelft.rdfgears.rgl.datamodel.value.impl.ModifiableRecord
4011
RGL_VALUE_28370 class nl.tudelft.rdfgears.rgl.datamodel.value.impl.ModifiableRecord
4012
RGL_VALUE_28372 class nl.tudelft.rdfgears.rgl.datamodel.value.impl.ModifiableRecord
4013
RGL_VALUE_28374 class nl.tudelft.rdfgears.rgl.datamodel.value.impl.ModifiableRecord
4014
RGL_VALUE_28376 class nl.tudelft.rdfgears.rgl.datamodel.value.impl.ModifiableRecord
4015
RGL_VALUE_28378 class nl.tudelft.rdfgears.rgl.datamodel.value.impl.ModifiableRecord
4016
RGL_VALUE_28380 class nl.tudelft.rdfgears.rgl.datamodel.value.impl.ModifiableRecord
4017
RGL_VALUE_28382 class nl.tudelft.rdfgears.rgl.datamodel.value.impl.ModifiableRecord
4018
RGL_VALUE_28384 class nl.tudelft.rdfgears.rgl.datamodel.value.impl.ModifiableRecord
4019
RGL_VALUE_28386 class nl.tudelft.rdfgears.rgl.datamodel.value.impl.ModifiableRecord
4020
RGL_VALUE_28388 class nl.tudelft.rdfgears.rgl.datamodel.value.impl.ModifiableRecord
4021
RGL_VALUE_28390 class nl.tudelft.rdfgears.rgl.datamodel.value.impl.ModifiableRecord
4022
RGL_VALUE_28392 class nl.tudelft.rdfgears.rgl.datamodel.value.impl.ModifiableRecord
4023
RGL_VALUE_28394 class nl.tudelft.rdfgears.rgl.datamodel.value.impl.ModifiableRecord
4024
RGL_VALUE_28396 class nl.tudelft.rdfgears.rgl.datamodel.value.impl.ModifiableRecord
4025
RGL_VALUE_28398 class nl.tudelft.rdfgears.rgl.datamodel.value.impl.ModifiableRecord
4026
RGL_VALUE_28400 class nl.tudelft.rdfgears.rgl.datamodel.value.impl.ModifiableRecord
4027
RGL_VALUE_28402 class nl.tudelft.rdfgears.rgl.datamodel.value.impl.ModifiableRecord
4028
RGL_VALUE_28404 class nl.tudelft.rdfgears.rgl.datamodel.value.impl.ModifiableRecord
4029
RGL_VALUE_28406 class nl.tudelft.rdfgears.rgl.datamodel.value.impl.ModifiableRecord
4030
RGL_VALUE_28408 class nl.tudelft.rdfgears.rgl.datamodel.value.impl.ModifiableRecord
4031
RGL_VALUE_28410 class nl.tudelft.rdfgears.rgl.datamodel.value.impl.ModifiableRecord
4032
RGL_VALUE_28412 class nl.tudelft.rdfgears.rgl.datamodel.value.impl.ModifiableRecord
4033
RGL_VALUE_28414 class nl.tudelft.rdfgears.rgl.datamodel.value.impl.ModifiableRecord
4034
RGL_VALUE_28416 class nl.tudelft.rdfgears.rgl.datamodel.value.impl.ModifiableRecord
4035
RGL_VALUE_28418 class nl.tudelft.rdfgears.rgl.datamodel.value.impl.ModifiableRecord
4036
RGL_VALUE_28420 class nl.tudelft.rdfgears.rgl.datamodel.value.impl.ModifiableRecord
4037
RGL_VALUE_28422 class nl.tudelft.rdfgears.rgl.datamodel.value.impl.ModifiableRecord
4038
RGL_VALUE_28424 class nl.tudelft.rdfgears.rgl.datamodel.value.impl.ModifiableRecord
4039
RGL_VALUE_28426 class nl.tudelft.rdfgears.rgl.datamodel.value.impl.ModifiableRecord
4040
RGL_VALUE_28428 class nl.tudelft.rdfgears.rgl.datamodel.value.impl.ModifiableRecord
4041
RGL_VALUE_28430 class nl.tudelft.rdfgears.rgl.datamodel.value.impl.ModifiableRecord
4042
RGL_VALUE_28432 class nl.tudelft.rdfgears.rgl.datamodel.value.impl.ModifiableRecord
4043
RGL_VALUE_28434 class nl.tudelft.rdfgears.rgl.datamodel.value.impl.ModifiableRecord
4044
RGL_VALUE_28436 class nl.tudelft.rdfgears.rgl.datamodel.value.impl.ModifiableRecord
4045
RGL_VALUE_28438 class nl.tudelft.rdfgears.rgl.datamodel.value.impl.ModifiableRecord
4046
RGL_VALUE_28440 class nl.tudelft.rdfgears.rgl.datamodel.value.impl.ModifiableRecord
4047
RGL_VALUE_28442 class nl.tudelft.rdfgears.rgl.datamodel.value.impl.ModifiableRecord
4048
RGL_VALUE_28444 class nl.tudelft.rdfgears.rgl.datamodel.value.impl.ModifiableRecord
4049
RGL_VALUE_28446 class nl.tudelft.rdfgears.rgl.datamodel.value.impl.ModifiableRecord
4050
RGL_VALUE_28448 class nl.tudelft.rdfgears.rgl.datamodel.value.impl.ModifiableRecord
4051
RGL_VALUE_28450 class nl.tudelft.rdfgears.rgl.datamodel.value.impl.ModifiableRecord
4052
RGL_VALUE_28452 class nl.tudelft.rdfgears.rgl.datamodel.value.impl.ModifiableRecord
4053
RGL_VALUE_28454 class nl.tudelft.rdfgears.rgl.datamodel.value.impl.ModifiableRecord
4054
RGL_VALUE_28456 class nl.tudelft.rdfgears.rgl.datamodel.value.impl.ModifiableRecord
4055
RGL_VALUE_28458 class nl.tudelft.rdfgears.rgl.datamodel.value.impl.ModifiableRecord
4056
RGL_VALUE_28460 class nl.tudelft.rdfgears.rgl.datamodel.value.impl.ModifiableRecord
4057
RGL_VALUE_28462 class nl.tudelft.rdfgears.rgl.datamodel.value.impl.ModifiableRecord
4058
RGL_VALUE_28464 class nl.tudelft.rdfgears.rgl.datamodel.value.impl.ModifiableRecord
4059
RGL_VALUE_28466 class nl.tudelft.rdfgears.rgl.datamodel.value.impl.ModifiableRecord
4060
RGL_VALUE_28468 class nl.tudelft.rdfgears.rgl.datamodel.value.impl.ModifiableRecord
4061
RGL_VALUE_28470 class nl.tudelft.rdfgears.rgl.datamodel.value.impl.ModifiableRecord
4062
RGL_VALUE_28472 class nl.tudelft.rdfgears.rgl.datamodel.value.impl.ModifiableRecord
4063
RGL_VALUE_28474 class nl.tudelft.rdfgears.rgl.datamodel.value.impl.ModifiableRecord
4064
RGL_VALUE_28476 class nl.tudelft.rdfgears.rgl.datamodel.value.impl.ModifiableRecord
4065
RGL_VALUE_28478 class nl.tudelft.rdfgears.rgl.datamodel.value.impl.ModifiableRecord
4066
RGL_VALUE_28480 class nl.tudelft.rdfgears.rgl.datamodel.value.impl.ModifiableRecord
4067
RGL_VALUE_28482 class nl.tudelft.rdfgears.rgl.datamodel.value.impl.ModifiableRecord
4068
RGL_VALUE_28484 class nl.tudelft.rdfgears.rgl.datamodel.value.impl.ModifiableRecord
4069
RGL_VALUE_28486 class nl.tudelft.rdfgears.rgl.datamodel.value.impl.ModifiableRecord
4070
RGL_VALUE_28488 class nl.tudelft.rdfgears.rgl.datamodel.value.impl.ModifiableRecord
4071
RGL_VALUE_28490 class nl.tudelft.rdfgears.rgl.datamodel.value.impl.ModifiableRecord
4072
RGL_VALUE_28492 class nl.tudelft.rdfgears.rgl.datamodel.value.impl.ModifiableRecord
4073
RGL_VALUE_28494 class nl.tudelft.rdfgears.rgl.datamodel.value.impl.ModifiableRecord
4074
RGL_VALUE_28496 class nl.tudelft.rdfgears.rgl.datamodel.value.impl.ModifiableRecord
4075
RGL_VALUE_28498 class nl.tudelft.rdfgears.rgl.datamodel.value.impl.ModifiableRecord
4076
RGL_VALUE_28500 class nl.tudelft.rdfgears.rgl.datamodel.value.impl.ModifiableRecord
4077
RGL_VALUE_28502 class nl.tudelft.rdfgears.rgl.datamodel.value.impl.ModifiableRecord
4078
RGL_VALUE_28504 class nl.tudelft.rdfgears.rgl.datamodel.value.impl.ModifiableRecord
4079
RGL_VALUE_28506 class nl.tudelft.rdfgears.rgl.datamodel.value.impl.ModifiableRecord
4080
RGL_VALUE_28508 class nl.tudelft.rdfgears.rgl.datamodel.value.impl.ModifiableRecord
4081
RGL_VALUE_28510 class nl.tudelft.rdfgears.rgl.datamodel.value.impl.ModifiableRecord
4082
RGL_VALUE_28512 class nl.tudelft.rdfgears.rgl.datamodel.value.impl.ModifiableRecord
4083
RGL_VALUE_28514 class nl.tudelft.rdfgears.rgl.datamodel.value.impl.ModifiableRecord
4084
RGL_VALUE_28516 class nl.tudelft.rdfgears.rgl.datamodel.value.impl.ModifiableRecord
4085
RGL_VALUE_28518 class nl.tudelft.rdfgears.rgl.datamodel.value.impl.ModifiableRecord
4086
RGL_VALUE_28520 class nl.tudelft.rdfgears.rgl.datamodel.value.impl.ModifiableRecord
4087
RGL_VALUE_28522 class nl.tudelft.rdfgears.rgl.datamodel.value.impl.ModifiableRecord
4088
RGL_VALUE_28524 class nl.tudelft.rdfgears.rgl.datamodel.value.impl.ModifiableRecord
4089
RGL_VALUE_28526 class nl.tudelft.rdfgears.rgl.datamodel.value.impl.ModifiableRecord
4090
RGL_VALUE_28528 class nl.tudelft.rdfgears.rgl.datamodel.value.impl.ModifiableRecord
4091
RGL_VALUE_28530 class nl.tudelft.rdfgears.rgl.datamodel.value.impl.ModifiableRecord
4092
RGL_VALUE_28532 class nl.tudelft.rdfgears.rgl.datamodel.value.impl.ModifiableRecord
4093
RGL_VALUE_28534 class nl.tudelft.rdfgears.rgl.datamodel.value.impl.ModifiableRecord
4094
RGL_VALUE_28536 class nl.tudelft.rdfgears.rgl.datamodel.value.impl.ModifiableRecord
4095
RGL_VALUE_28538 class nl.tudelft.rdfgears.rgl.datamodel.value.impl.ModifiableRecord
4096
RGL_VALUE_28540 class nl.tudelft.rdfgears.rgl.datamodel.value.impl.ModifiableRecord
4097
RGL_VALUE_28542 class nl.tudelft.rdfgears.rgl.datamodel.value.impl.ModifiableRecord
4098
RGL_VALUE_28544 class nl.tudelft.rdfgears.rgl.datamodel.value.impl.ModifiableRecord
4099
RGL_VALUE_28546 class nl.tudelft.rdfgears.rgl.datamodel.value.impl.ModifiableRecord
4100
RGL_VALUE_28549 class nl.tudelft.rdfgears.rgl.datamodel.value.impl.ModifiableRecord
4101
RGL_VALUE_28551 class nl.tudelft.rdfgears.rgl.datamodel.value.impl.ModifiableRecord
4102
RGL_VALUE_28553 class nl.tudelft.rdfgears.rgl.datamodel.value.impl.ModifiableRecord
4103
RGL_VALUE_28555 class nl.tudelft.rdfgears.rgl.datamodel.value.impl.ModifiableRecord
4104
RGL_VALUE_28557 class nl.tudelft.rdfgears.rgl.datamodel.value.impl.ModifiableRecord
4105
RGL_VALUE_28559 class nl.tudelft.rdfgears.rgl.datamodel.value.impl.ModifiableRecord
4106
RGL_VALUE_28561 class nl.tudelft.rdfgears.rgl.datamodel.value.impl.ModifiableRecord
4107
RGL_VALUE_28563 class nl.tudelft.rdfgears.rgl.datamodel.value.impl.ModifiableRecord
4108
RGL_VALUE_28565 class nl.tudelft.rdfgears.rgl.datamodel.value.impl.ModifiableRecord
4109
RGL_VALUE_28567 class nl.tudelft.rdfgears.rgl.datamodel.value.impl.ModifiableRecord
4110
RGL_VALUE_28569 class nl.tudelft.rdfgears.rgl.datamodel.value.impl.ModifiableRecord
4111
RGL_VALUE_28571 class nl.tudelft.rdfgears.rgl.datamodel.value.impl.ModifiableRecord
4112
RGL_VALUE_28573 class nl.tudelft.rdfgears.rgl.datamodel.value.impl.ModifiableRecord
4113
RGL_VALUE_28575 class nl.tudelft.rdfgears.rgl.datamodel.value.impl.ModifiableRecord
4114
RGL_VALUE_28577 class nl.tudelft.rdfgears.rgl.datamodel.value.impl.ModifiableRecord
4115
RGL_VALUE_28579 class nl.tudelft.rdfgears.rgl.datamodel.value.impl.ModifiableRecord
4116
RGL_VALUE_28581 class nl.tudelft.rdfgears.rgl.datamodel.value.impl.ModifiableRecord
4117
RGL_VALUE_28583 class nl.tudelft.rdfgears.rgl.datamodel.value.impl.ModifiableRecord
4118
RGL_VALUE_28585 class nl.tudelft.rdfgears.rgl.datamodel.value.impl.ModifiableRecord
4119
RGL_VALUE_28587 class nl.tudelft.rdfgears.rgl.datamodel.value.impl.ModifiableRecord
4120
RGL_VALUE_28589 class nl.tudelft.rdfgears.rgl.datamodel.value.impl.ModifiableRecord
4121
RGL_VALUE_28591 class nl.tudelft.rdfgears.rgl.datamodel.value.impl.ModifiableRecord
4122
RGL_VALUE_28593 class nl.tudelft.rdfgears.rgl.datamodel.value.impl.ModifiableRecord
4123
RGL_VALUE_28595 class nl.tudelft.rdfgears.rgl.datamodel.value.impl.ModifiableRecord
4124
RGL_VALUE_28597 class nl.tudelft.rdfgears.rgl.datamodel.value.impl.ModifiableRecord
4125
RGL_VALUE_28599 class nl.tudelft.rdfgears.rgl.datamodel.value.impl.ModifiableRecord
4126
RGL_VALUE_28601 class nl.tudelft.rdfgears.rgl.datamodel.value.impl.ModifiableRecord
4127
RGL_VALUE_28603 class nl.tudelft.rdfgears.rgl.datamodel.value.impl.ModifiableRecord
4128
RGL_VALUE_28605 class nl.tudelft.rdfgears.rgl.datamodel.value.impl.ModifiableRecord
4129
RGL_VALUE_28607 class nl.tudelft.rdfgears.rgl.datamodel.value.impl.ModifiableRecord
4130
RGL_VALUE_28609 class nl.tudelft.rdfgears.rgl.datamodel.value.impl.ModifiableRecord
4131
RGL_VALUE_28611 class nl.tudelft.rdfgears.rgl.datamodel.value.impl.ModifiableRecord
4132
RGL_VALUE_28613 class nl.tudelft.rdfgears.rgl.datamodel.value.impl.ModifiableRecord
4133
RGL_VALUE_28615 class nl.tudelft.rdfgears.rgl.datamodel.value.impl.ModifiableRecord
4134
RGL_VALUE_28617 class nl.tudelft.rdfgears.rgl.datamodel.value.impl.ModifiableRecord
4135
RGL_VALUE_28619 class nl.tudelft.rdfgears.rgl.datamodel.value.impl.ModifiableRecord
4136
RGL_VALUE_28621 class nl.tudelft.rdfgears.rgl.datamodel.value.impl.ModifiableRecord
4137
RGL_VALUE_28623 class nl.tudelft.rdfgears.rgl.datamodel.value.impl.ModifiableRecord
4138
RGL_VALUE_28625 class nl.tudelft.rdfgears.rgl.datamodel.value.impl.ModifiableRecord
4139
RGL_VALUE_28627 class nl.tudelft.rdfgears.rgl.datamodel.value.impl.ModifiableRecord
4140
RGL_VALUE_28629 class nl.tudelft.rdfgears.rgl.datamodel.value.impl.ModifiableRecord
4141
RGL_VALUE_28631 class nl.tudelft.rdfgears.rgl.datamodel.value.impl.ModifiableRecord
4142
RGL_VALUE_28633 class nl.tudelft.rdfgears.rgl.datamodel.value.impl.ModifiableRecord
4143
RGL_VALUE_28635 class nl.tudelft.rdfgears.rgl.datamodel.value.impl.ModifiableRecord
4144
RGL_VALUE_28637 class nl.tudelft.rdfgears.rgl.datamodel.value.impl.ModifiableRecord
4145
RGL_VALUE_28639 class nl.tudelft.rdfgears.rgl.datamodel.value.impl.ModifiableRecord
4146
RGL_VALUE_28641 class nl.tudelft.rdfgears.rgl.datamodel.value.impl.ModifiableRecord
4147
RGL_VALUE_28643 class nl.tudelft.rdfgears.rgl.datamodel.value.impl.ModifiableRecord
4148
RGL_VALUE_28645 class nl.tudelft.rdfgears.rgl.datamodel.value.impl.ModifiableRecord
4149
RGL_VALUE_28647 class nl.tudelft.rdfgears.rgl.datamodel.value.impl.ModifiableRecord
4150
RGL_VALUE_28649 class nl.tudelft.rdfgears.rgl.datamodel.value.impl.ModifiableRecord
4151
RGL_VALUE_28651 class nl.tudelft.rdfgears.rgl.datamodel.value.impl.ModifiableRecord
4152
RGL_VALUE_28653 class nl.tudelft.rdfgears.rgl.datamodel.value.impl.ModifiableRecord
4153
RGL_VALUE_28655 class nl.tudelft.rdfgears.rgl.datamodel.value.impl.ModifiableRecord
4154
RGL_VALUE_28657 class nl.tudelft.rdfgears.rgl.datamodel.value.impl.ModifiableRecord
4155
RGL_VALUE_28659 class nl.tudelft.rdfgears.rgl.datamodel.value.impl.ModifiableRecord
4156
RGL_VALUE_28661 class nl.tudelft.rdfgears.rgl.datamodel.value.impl.ModifiableRecord
4157
RGL_VALUE_28663 class nl.tudelft.rdfgears.rgl.datamodel.value.impl.ModifiableRecord
4158
RGL_VALUE_28665 class nl.tudelft.rdfgears.rgl.datamodel.value.impl.ModifiableRecord
4159
RGL_VALUE_28667 class nl.tudelft.rdfgears.rgl.datamodel.value.impl.ModifiableRecord
4160
RGL_VALUE_28669 class nl.tudelft.rdfgears.rgl.datamodel.value.impl.ModifiableRecord
4161
RGL_VALUE_28671 class nl.tudelft.rdfgears.rgl.datamodel.value.impl.ModifiableRecord
4162
RGL_VALUE_28673 class nl.tudelft.rdfgears.rgl.datamodel.value.impl.ModifiableRecord
4163
RGL_VALUE_28675 class nl.tudelft.rdfgears.rgl.datamodel.value.impl.ModifiableRecord
4164
RGL_VALUE_28677 class nl.tudelft.rdfgears.rgl.datamodel.value.impl.ModifiableRecord
4165
RGL_VALUE_28679 class nl.tudelft.rdfgears.rgl.datamodel.value.impl.ModifiableRecord
4166
RGL_VALUE_28681 class nl.tudelft.rdfgears.rgl.datamodel.value.impl.ModifiableRecord
4167
RGL_VALUE_28683 class nl.tudelft.rdfgears.rgl.datamodel.value.impl.ModifiableRecord
4168
RGL_VALUE_28685 class nl.tudelft.rdfgears.rgl.datamodel.value.impl.ModifiableRecord
4169
RGL_VALUE_28687 class nl.tudelft.rdfgears.rgl.datamodel.value.impl.ModifiableRecord
4170
RGL_VALUE_28689 class nl.tudelft.rdfgears.rgl.datamodel.value.impl.ModifiableRecord
4171
RGL_VALUE_28691 class nl.tudelft.rdfgears.rgl.datamodel.value.impl.ModifiableRecord
4172
RGL_VALUE_28693 class nl.tudelft.rdfgears.rgl.datamodel.value.impl.ModifiableRecord
4173
RGL_VALUE_28695 class nl.tudelft.rdfgears.rgl.datamodel.value.impl.ModifiableRecord
4174
RGL_VALUE_28697 class nl.tudelft.rdfgears.rgl.datamodel.value.impl.ModifiableRecord
4175
RGL_VALUE_28699 class nl.tudelft.rdfgears.rgl.datamodel.value.impl.ModifiableRecord
4176
RGL_VALUE_28701 class nl.tudelft.rdfgears.rgl.datamodel.value.impl.ModifiableRecord
4177
RGL_VALUE_28703 class nl.tudelft.rdfgears.rgl.datamodel.value.impl.ModifiableRecord
4178
RGL_VALUE_28705 class nl.tudelft.rdfgears.rgl.datamodel.value.impl.ModifiableRecord
4179
RGL_VALUE_28707 class nl.tudelft.rdfgears.rgl.datamodel.value.impl.ModifiableRecord
4180
RGL_VALUE_28709 class nl.tudelft.rdfgears.rgl.datamodel.value.impl.ModifiableRecord
4181
RGL_VALUE_28711 class nl.tudelft.rdfgears.rgl.datamodel.value.impl.ModifiableRecord
4182
RGL_VALUE_28713 class nl.tudelft.rdfgears.rgl.datamodel.value.impl.ModifiableRecord
4183
RGL_VALUE_28715 class nl.tudelft.rdfgears.rgl.datamodel.value.impl.ModifiableRecord
4184
RGL_VALUE_28717 class nl.tudelft.rdfgears.rgl.datamodel.value.impl.ModifiableRecord
4185
RGL_VALUE_28719 class nl.tudelft.rdfgears.rgl.datamodel.value.impl.ModifiableRecord
4186
RGL_VALUE_28721 class nl.tudelft.rdfgears.rgl.datamodel.value.impl.ModifiableRecord
4187
RGL_VALUE_28723 class nl.tudelft.rdfgears.rgl.datamodel.value.impl.ModifiableRecord
4188
RGL_VALUE_28725 class nl.tudelft.rdfgears.rgl.datamodel.value.impl.ModifiableRecord
4189
RGL_VALUE_28727 class nl.tudelft.rdfgears.rgl.datamodel.value.impl.ModifiableRecord
4190
RGL_VALUE_28729 class nl.tudelft.rdfgears.rgl.datamodel.value.impl.ModifiableRecord
4191
RGL_VALUE_28731 class nl.tudelft.rdfgears.rgl.datamodel.value.impl.ModifiableRecord
4192
RGL_VALUE_28733 class nl.tudelft.rdfgears.rgl.datamodel.value.impl.ModifiableRecord
4193
RGL_VALUE_28735 class nl.tudelft.rdfgears.rgl.datamodel.value.impl.ModifiableRecord
4194
RGL_VALUE_28737 class nl.tudelft.rdfgears.rgl.datamodel.value.impl.ModifiableRecord
4195
RGL_VALUE_28739 class nl.tudelft.rdfgears.rgl.datamodel.value.impl.ModifiableRecord
4196
RGL_VALUE_28741 class nl.tudelft.rdfgears.rgl.datamodel.value.impl.ModifiableRecord
4197
RGL_VALUE_28743 class nl.tudelft.rdfgears.rgl.datamodel.value.impl.ModifiableRecord
4198
RGL_VALUE_28745 class nl.tudelft.rdfgears.rgl.datamodel.value.impl.ModifiableRecord
4199
RGL_VALUE_28747 class nl.tudelft.rdfgears.rgl.datamodel.value.impl.ModifiableRecord
4200
RGL_VALUE_28750 class nl.tudelft.rdfgears.rgl.datamodel.value.impl.ModifiableRecord
4201
RGL_VALUE_28752 class nl.tudelft.rdfgears.rgl.datamodel.value.impl.ModifiableRecord
4202
RGL_VALUE_28754 class nl.tudelft.rdfgears.rgl.datamodel.value.impl.ModifiableRecord
4203
RGL_VALUE_28756 class nl.tudelft.rdfgears.rgl.datamodel.value.impl.ModifiableRecord
4204
RGL_VALUE_28758 class nl.tudelft.rdfgears.rgl.datamodel.value.impl.ModifiableRecord
4205
RGL_VALUE_28760 class nl.tudelft.rdfgears.rgl.datamodel.value.impl.ModifiableRecord
4206
RGL_VALUE_28762 class nl.tudelft.rdfgears.rgl.datamodel.value.impl.ModifiableRecord
4207
RGL_VALUE_28764 class nl.tudelft.rdfgears.rgl.datamodel.value.impl.ModifiableRecord
4208
RGL_VALUE_28766 class nl.tudelft.rdfgears.rgl.datamodel.value.impl.ModifiableRecord
4209
RGL_VALUE_28768 class nl.tudelft.rdfgears.rgl.datamodel.value.impl.ModifiableRecord
4210
RGL_VALUE_28770 class nl.tudelft.rdfgears.rgl.datamodel.value.impl.ModifiableRecord
4211
RGL_VALUE_28772 class nl.tudelft.rdfgears.rgl.datamodel.value.impl.ModifiableRecord
4212
RGL_VALUE_28774 class nl.tudelft.rdfgears.rgl.datamodel.value.impl.ModifiableRecord
4213
RGL_VALUE_28776 class nl.tudelft.rdfgears.rgl.datamodel.value.impl.ModifiableRecord
4214
RGL_VALUE_28778 class nl.tudelft.rdfgears.rgl.datamodel.value.impl.ModifiableRecord
4215
RGL_VALUE_28780 class nl.tudelft.rdfgears.rgl.datamodel.value.impl.ModifiableRecord
4216
RGL_VALUE_28782 class nl.tudelft.rdfgears.rgl.datamodel.value.impl.ModifiableRecord
4217
RGL_VALUE_28784 class nl.tudelft.rdfgears.rgl.datamodel.value.impl.ModifiableRecord
4218
RGL_VALUE_28786 class nl.tudelft.rdfgears.rgl.datamodel.value.impl.ModifiableRecord
4219
RGL_VALUE_28788 class nl.tudelft.rdfgears.rgl.datamodel.value.impl.ModifiableRecord
4220
RGL_VALUE_28790 class nl.tudelft.rdfgears.rgl.datamodel.value.impl.ModifiableRecord
4221
RGL_VALUE_28792 class nl.tudelft.rdfgears.rgl.datamodel.value.impl.ModifiableRecord
4222
RGL_VALUE_28794 class nl.tudelft.rdfgears.rgl.datamodel.value.impl.ModifiableRecord
4223
RGL_VALUE_28796 class nl.tudelft.rdfgears.rgl.datamodel.value.impl.ModifiableRecord
4224
RGL_VALUE_28798 class nl.tudelft.rdfgears.rgl.datamodel.value.impl.ModifiableRecord
4225
RGL_VALUE_28800 class nl.tudelft.rdfgears.rgl.datamodel.value.impl.ModifiableRecord
4226
RGL_VALUE_28802 class nl.tudelft.rdfgears.rgl.datamodel.value.impl.ModifiableRecord
4227
RGL_VALUE_28804 class nl.tudelft.rdfgears.rgl.datamodel.value.impl.ModifiableRecord
4228
RGL_VALUE_28806 class nl.tudelft.rdfgears.rgl.datamodel.value.impl.ModifiableRecord
4229
RGL_VALUE_28808 class nl.tudelft.rdfgears.rgl.datamodel.value.impl.ModifiableRecord
4230
RGL_VALUE_28810 class nl.tudelft.rdfgears.rgl.datamodel.value.impl.ModifiableRecord
4231
RGL_VALUE_28812 class nl.tudelft.rdfgears.rgl.datamodel.value.impl.ModifiableRecord
4232
RGL_VALUE_28814 class nl.tudelft.rdfgears.rgl.datamodel.value.impl.ModifiableRecord
4233
RGL_VALUE_28816 class nl.tudelft.rdfgears.rgl.datamodel.value.impl.ModifiableRecord
4234
RGL_VALUE_28818 class nl.tudelft.rdfgears.rgl.datamodel.value.impl.ModifiableRecord
4235
RGL_VALUE_28820 class nl.tudelft.rdfgears.rgl.datamodel.value.impl.ModifiableRecord
4236
RGL_VALUE_28822 class nl.tudelft.rdfgears.rgl.datamodel.value.impl.ModifiableRecord
4237
RGL_VALUE_28824 class nl.tudelft.rdfgears.rgl.datamodel.value.impl.ModifiableRecord
4238
RGL_VALUE_28826 class nl.tudelft.rdfgears.rgl.datamodel.value.impl.ModifiableRecord
4239
RGL_VALUE_28828 class nl.tudelft.rdfgears.rgl.datamodel.value.impl.ModifiableRecord
4240
RGL_VALUE_28830 class nl.tudelft.rdfgears.rgl.datamodel.value.impl.ModifiableRecord
4241
RGL_VALUE_28832 class nl.tudelft.rdfgears.rgl.datamodel.value.impl.ModifiableRecord
4242
RGL_VALUE_28834 class nl.tudelft.rdfgears.rgl.datamodel.value.impl.ModifiableRecord
4243
RGL_VALUE_28836 class nl.tudelft.rdfgears.rgl.datamodel.value.impl.ModifiableRecord
4244
RGL_VALUE_28838 class nl.tudelft.rdfgears.rgl.datamodel.value.impl.ModifiableRecord
4245
RGL_VALUE_28840 class nl.tudelft.rdfgears.rgl.datamodel.value.impl.ModifiableRecord
4246
RGL_VALUE_28842 class nl.tudelft.rdfgears.rgl.datamodel.value.impl.ModifiableRecord
4247
RGL_VALUE_28844 class nl.tudelft.rdfgears.rgl.datamodel.value.impl.ModifiableRecord
4248
RGL_VALUE_28846 class nl.tudelft.rdfgears.rgl.datamodel.value.impl.ModifiableRecord
4249
RGL_VALUE_28848 class nl.tudelft.rdfgears.rgl.datamodel.value.impl.ModifiableRecord
4250
RGL_VALUE_28850 class nl.tudelft.rdfgears.rgl.datamodel.value.impl.ModifiableRecord
4251
RGL_VALUE_28852 class nl.tudelft.rdfgears.rgl.datamodel.value.impl.ModifiableRecord
4252
RGL_VALUE_28854 class nl.tudelft.rdfgears.rgl.datamodel.value.impl.ModifiableRecord
4253
RGL_VALUE_28856 class nl.tudelft.rdfgears.rgl.datamodel.value.impl.ModifiableRecord
4254
RGL_VALUE_28858 class nl.tudelft.rdfgears.rgl.datamodel.value.impl.ModifiableRecord
4255
RGL_VALUE_28860 class nl.tudelft.rdfgears.rgl.datamodel.value.impl.ModifiableRecord
4256
RGL_VALUE_28862 class nl.tudelft.rdfgears.rgl.datamodel.value.impl.ModifiableRecord
4257
RGL_VALUE_28864 class nl.tudelft.rdfgears.rgl.datamodel.value.impl.ModifiableRecord
4258
RGL_VALUE_28866 class nl.tudelft.rdfgears.rgl.datamodel.value.impl.ModifiableRecord
4259
RGL_VALUE_28868 class nl.tudelft.rdfgears.rgl.datamodel.value.impl.ModifiableRecord
4260
RGL_VALUE_28870 class nl.tudelft.rdfgears.rgl.datamodel.value.impl.ModifiableRecord
4261
RGL_VALUE_28872 class nl.tudelft.rdfgears.rgl.datamodel.value.impl.ModifiableRecord
4262
RGL_VALUE_28874 class nl.tudelft.rdfgears.rgl.datamodel.value.impl.ModifiableRecord
4263
RGL_VALUE_28876 class nl.tudelft.rdfgears.rgl.datamodel.value.impl.ModifiableRecord
4264
RGL_VALUE_28878 class nl.tudelft.rdfgears.rgl.datamodel.value.impl.ModifiableRecord
4265
RGL_VALUE_28880 class nl.tudelft.rdfgears.rgl.datamodel.value.impl.ModifiableRecord
4266
RGL_VALUE_28882 class nl.tudelft.rdfgears.rgl.datamodel.value.impl.ModifiableRecord
4267
RGL_VALUE_28884 class nl.tudelft.rdfgears.rgl.datamodel.value.impl.ModifiableRecord
4268
RGL_VALUE_28886 class nl.tudelft.rdfgears.rgl.datamodel.value.impl.ModifiableRecord
4269
RGL_VALUE_28888 class nl.tudelft.rdfgears.rgl.datamodel.value.impl.ModifiableRecord
4270
RGL_VALUE_28890 class nl.tudelft.rdfgears.rgl.datamodel.value.impl.ModifiableRecord
4271
RGL_VALUE_28892 class nl.tudelft.rdfgears.rgl.datamodel.value.impl.ModifiableRecord
4272
RGL_VALUE_28894 class nl.tudelft.rdfgears.rgl.datamodel.value.impl.ModifiableRecord
4273
RGL_VALUE_28896 class nl.tudelft.rdfgears.rgl.datamodel.value.impl.ModifiableRecord
4274
RGL_VALUE_28898 class nl.tudelft.rdfgears.rgl.datamodel.value.impl.ModifiableRecord
4275
RGL_VALUE_28900 class nl.tudelft.rdfgears.rgl.datamodel.value.impl.ModifiableRecord
4276
RGL_VALUE_28902 class nl.tudelft.rdfgears.rgl.datamodel.value.impl.ModifiableRecord
4277
RGL_VALUE_28904 class nl.tudelft.rdfgears.rgl.datamodel.value.impl.ModifiableRecord
4278
RGL_VALUE_28906 class nl.tudelft.rdfgears.rgl.datamodel.value.impl.ModifiableRecord
4279
RGL_VALUE_28908 class nl.tudelft.rdfgears.rgl.datamodel.value.impl.ModifiableRecord
4280
RGL_VALUE_28910 class nl.tudelft.rdfgears.rgl.datamodel.value.impl.ModifiableRecord
4281
RGL_VALUE_28912 class nl.tudelft.rdfgears.rgl.datamodel.value.impl.ModifiableRecord
4282
RGL_VALUE_28914 class nl.tudelft.rdfgears.rgl.datamodel.value.impl.ModifiableRecord
4283
RGL_VALUE_28916 class nl.tudelft.rdfgears.rgl.datamodel.value.impl.ModifiableRecord
4284
RGL_VALUE_28918 class nl.tudelft.rdfgears.rgl.datamodel.value.impl.ModifiableRecord
4285
RGL_VALUE_28920 class nl.tudelft.rdfgears.rgl.datamodel.value.impl.ModifiableRecord
4286
RGL_VALUE_28922 class nl.tudelft.rdfgears.rgl.datamodel.value.impl.ModifiableRecord
4287
RGL_VALUE_28924 class nl.tudelft.rdfgears.rgl.datamodel.value.impl.ModifiableRecord
4288
RGL_VALUE_28926 class nl.tudelft.rdfgears.rgl.datamodel.value.impl.ModifiableRecord
4289
RGL_VALUE_28928 class nl.tudelft.rdfgears.rgl.datamodel.value.impl.ModifiableRecord
4290
RGL_VALUE_28930 class nl.tudelft.rdfgears.rgl.datamodel.value.impl.ModifiableRecord
4291
RGL_VALUE_28932 class nl.tudelft.rdfgears.rgl.datamodel.value.impl.ModifiableRecord
4292
RGL_VALUE_28934 class nl.tudelft.rdfgears.rgl.datamodel.value.impl.ModifiableRecord
4293
RGL_VALUE_28936 class nl.tudelft.rdfgears.rgl.datamodel.value.impl.ModifiableRecord
4294
RGL_VALUE_28938 class nl.tudelft.rdfgears.rgl.datamodel.value.impl.ModifiableRecord
4295
RGL_VALUE_28940 class nl.tudelft.rdfgears.rgl.datamodel.value.impl.ModifiableRecord
4296
RGL_VALUE_28942 class nl.tudelft.rdfgears.rgl.datamodel.value.impl.ModifiableRecord
4297
RGL_VALUE_28944 class nl.tudelft.rdfgears.rgl.datamodel.value.impl.ModifiableRecord
4298
RGL_VALUE_28946 class nl.tudelft.rdfgears.rgl.datamodel.value.impl.ModifiableRecord
4299
RGL_VALUE_28948 class nl.tudelft.rdfgears.rgl.datamodel.value.impl.ModifiableRecord
4300
RGL_VALUE_28951 class nl.tudelft.rdfgears.rgl.datamodel.value.impl.ModifiableRecord
4301
RGL_VALUE_28953 class nl.tudelft.rdfgears.rgl.datamodel.value.impl.ModifiableRecord
4302
RGL_VALUE_28955 class nl.tudelft.rdfgears.rgl.datamodel.value.impl.ModifiableRecord
4303
RGL_VALUE_28957 class nl.tudelft.rdfgears.rgl.datamodel.value.impl.ModifiableRecord
4304
RGL_VALUE_28959 class nl.tudelft.rdfgears.rgl.datamodel.value.impl.ModifiableRecord
4305
RGL_VALUE_28961 class nl.tudelft.rdfgears.rgl.datamodel.value.impl.ModifiableRecord
4306
RGL_VALUE_28963 class nl.tudelft.rdfgears.rgl.datamodel.value.impl.ModifiableRecord
4307
RGL_VALUE_28965 class nl.tudelft.rdfgears.rgl.datamodel.value.impl.ModifiableRecord
4308
RGL_VALUE_28967 class nl.tudelft.rdfgears.rgl.datamodel.value.impl.ModifiableRecord
4309
RGL_VALUE_28969 class nl.tudelft.rdfgears.rgl.datamodel.value.impl.ModifiableRecord
4310
RGL_VALUE_28971 class nl.tudelft.rdfgears.rgl.datamodel.value.impl.ModifiableRecord
4311
RGL_VALUE_28973 class nl.tudelft.rdfgears.rgl.datamodel.value.impl.ModifiableRecord
4312
RGL_VALUE_28975 class nl.tudelft.rdfgears.rgl.datamodel.value.impl.ModifiableRecord
4313
RGL_VALUE_28977 class nl.tudelft.rdfgears.rgl.datamodel.value.impl.ModifiableRecord
4314
RGL_VALUE_28979 class nl.tudelft.rdfgears.rgl.datamodel.value.impl.ModifiableRecord
4315
RGL_VALUE_28981 class nl.tudelft.rdfgears.rgl.datamodel.value.impl.ModifiableRecord
4316
RGL_VALUE_28983 class nl.tudelft.rdfgears.rgl.datamodel.value.impl.ModifiableRecord
4317
RGL_VALUE_28985 class nl.tudelft.rdfgears.rgl.datamodel.value.impl.ModifiableRecord
4318
RGL_VALUE_28987 class nl.tudelft.rdfgears.rgl.datamodel.value.impl.ModifiableRecord
4319
RGL_VALUE_28989 class nl.tudelft.rdfgears.rgl.datamodel.value.impl.ModifiableRecord
4320
RGL_VALUE_28991 class nl.tudelft.rdfgears.rgl.datamodel.value.impl.ModifiableRecord
4321
RGL_VALUE_28993 class nl.tudelft.rdfgears.rgl.datamodel.value.impl.ModifiableRecord
4322
RGL_VALUE_28995 class nl.tudelft.rdfgears.rgl.datamodel.value.impl.ModifiableRecord
4323
RGL_VALUE_28997 class nl.tudelft.rdfgears.rgl.datamodel.value.impl.ModifiableRecord
4324
RGL_VALUE_28999 class nl.tudelft.rdfgears.rgl.datamodel.value.impl.ModifiableRecord
4325
RGL_VALUE_29001 class nl.tudelft.rdfgears.rgl.datamodel.value.impl.ModifiableRecord
4326
RGL_VALUE_29003 class nl.tudelft.rdfgears.rgl.datamodel.value.impl.ModifiableRecord
4327
RGL_VALUE_29005 class nl.tudelft.rdfgears.rgl.datamodel.value.impl.ModifiableRecord
4328
RGL_VALUE_29007 class nl.tudelft.rdfgears.rgl.datamodel.value.impl.ModifiableRecord
4329
RGL_VALUE_29009 class nl.tudelft.rdfgears.rgl.datamodel.value.impl.ModifiableRecord
4330
RGL_VALUE_29011 class nl.tudelft.rdfgears.rgl.datamodel.value.impl.ModifiableRecord
4331
RGL_VALUE_29013 class nl.tudelft.rdfgears.rgl.datamodel.value.impl.ModifiableRecord
4332
RGL_VALUE_29015 class nl.tudelft.rdfgears.rgl.datamodel.value.impl.ModifiableRecord
4333
RGL_VALUE_29017 class nl.tudelft.rdfgears.rgl.datamodel.value.impl.ModifiableRecord
4334
RGL_VALUE_29019 class nl.tudelft.rdfgears.rgl.datamodel.value.impl.ModifiableRecord
4335
RGL_VALUE_29021 class nl.tudelft.rdfgears.rgl.datamodel.value.impl.ModifiableRecord
4336
RGL_VALUE_29023 class nl.tudelft.rdfgears.rgl.datamodel.value.impl.ModifiableRecord
4337
RGL_VALUE_29025 class nl.tudelft.rdfgears.rgl.datamodel.value.impl.ModifiableRecord
4338
RGL_VALUE_29027 class nl.tudelft.rdfgears.rgl.datamodel.value.impl.ModifiableRecord
4339
RGL_VALUE_29029 class nl.tudelft.rdfgears.rgl.datamodel.value.impl.ModifiableRecord
4340
RGL_VALUE_29031 class nl.tudelft.rdfgears.rgl.datamodel.value.impl.ModifiableRecord
4341
RGL_VALUE_29033 class nl.tudelft.rdfgears.rgl.datamodel.value.impl.ModifiableRecord
4342
RGL_VALUE_29035 class nl.tudelft.rdfgears.rgl.datamodel.value.impl.ModifiableRecord
4343
RGL_VALUE_29037 class nl.tudelft.rdfgears.rgl.datamodel.value.impl.ModifiableRecord
4344
RGL_VALUE_29039 class nl.tudelft.rdfgears.rgl.datamodel.value.impl.ModifiableRecord
4345
RGL_VALUE_29041 class nl.tudelft.rdfgears.rgl.datamodel.value.impl.ModifiableRecord
4346
RGL_VALUE_29043 class nl.tudelft.rdfgears.rgl.datamodel.value.impl.ModifiableRecord
4347
RGL_VALUE_29045 class nl.tudelft.rdfgears.rgl.datamodel.value.impl.ModifiableRecord
4348
RGL_VALUE_29047 class nl.tudelft.rdfgears.rgl.datamodel.value.impl.ModifiableRecord
4349
RGL_VALUE_29049 class nl.tudelft.rdfgears.rgl.datamodel.value.impl.ModifiableRecord
4350
RGL_VALUE_29051 class nl.tudelft.rdfgears.rgl.datamodel.value.impl.ModifiableRecord
4351
RGL_VALUE_29053 class nl.tudelft.rdfgears.rgl.datamodel.value.impl.ModifiableRecord
4352
RGL_VALUE_29055 class nl.tudelft.rdfgears.rgl.datamodel.value.impl.ModifiableRecord
4353
RGL_VALUE_29057 class nl.tudelft.rdfgears.rgl.datamodel.value.impl.ModifiableRecord
4354
RGL_VALUE_29059 class nl.tudelft.rdfgears.rgl.datamodel.value.impl.ModifiableRecord
4355
RGL_VALUE_29061 class nl.tudelft.rdfgears.rgl.datamodel.value.impl.ModifiableRecord
4356
RGL_VALUE_29063 class nl.tudelft.rdfgears.rgl.datamodel.value.impl.ModifiableRecord
4357
RGL_VALUE_29065 class nl.tudelft.rdfgears.rgl.datamodel.value.impl.ModifiableRecord
4358
RGL_VALUE_29067 class nl.tudelft.rdfgears.rgl.datamodel.value.impl.ModifiableRecord
4359
RGL_VALUE_29069 class nl.tudelft.rdfgears.rgl.datamodel.value.impl.ModifiableRecord
4360
RGL_VALUE_29071 class nl.tudelft.rdfgears.rgl.datamodel.value.impl.ModifiableRecord
4361
RGL_VALUE_29073 class nl.tudelft.rdfgears.rgl.datamodel.value.impl.ModifiableRecord
4362
RGL_VALUE_29075 class nl.tudelft.rdfgears.rgl.datamodel.value.impl.ModifiableRecord
4363
RGL_VALUE_29077 class nl.tudelft.rdfgears.rgl.datamodel.value.impl.ModifiableRecord
4364
RGL_VALUE_29079 class nl.tudelft.rdfgears.rgl.datamodel.value.impl.ModifiableRecord
4365
RGL_VALUE_29081 class nl.tudelft.rdfgears.rgl.datamodel.value.impl.ModifiableRecord
4366
RGL_VALUE_29083 class nl.tudelft.rdfgears.rgl.datamodel.value.impl.ModifiableRecord
4367
RGL_VALUE_29085 class nl.tudelft.rdfgears.rgl.datamodel.value.impl.ModifiableRecord
4368
RGL_VALUE_29087 class nl.tudelft.rdfgears.rgl.datamodel.value.impl.ModifiableRecord
4369
RGL_VALUE_29089 class nl.tudelft.rdfgears.rgl.datamodel.value.impl.ModifiableRecord
4370
RGL_VALUE_29091 class nl.tudelft.rdfgears.rgl.datamodel.value.impl.ModifiableRecord
4371
RGL_VALUE_29093 class nl.tudelft.rdfgears.rgl.datamodel.value.impl.ModifiableRecord
4372
RGL_VALUE_29095 class nl.tudelft.rdfgears.rgl.datamodel.value.impl.ModifiableRecord
4373
RGL_VALUE_29097 class nl.tudelft.rdfgears.rgl.datamodel.value.impl.ModifiableRecord
4374
RGL_VALUE_29099 class nl.tudelft.rdfgears.rgl.datamodel.value.impl.ModifiableRecord
4375
RGL_VALUE_29101 class nl.tudelft.rdfgears.rgl.datamodel.value.impl.ModifiableRecord
4376
RGL_VALUE_29103 class nl.tudelft.rdfgears.rgl.datamodel.value.impl.ModifiableRecord
4377
RGL_VALUE_29105 class nl.tudelft.rdfgears.rgl.datamodel.value.impl.ModifiableRecord
4378
RGL_VALUE_29107 class nl.tudelft.rdfgears.rgl.datamodel.value.impl.ModifiableRecord
4379
RGL_VALUE_29109 class nl.tudelft.rdfgears.rgl.datamodel.value.impl.ModifiableRecord
4380
RGL_VALUE_29111 class nl.tudelft.rdfgears.rgl.datamodel.value.impl.ModifiableRecord
4381
RGL_VALUE_29113 class nl.tudelft.rdfgears.rgl.datamodel.value.impl.ModifiableRecord
4382
RGL_VALUE_29115 class nl.tudelft.rdfgears.rgl.datamodel.value.impl.ModifiableRecord
4383
RGL_VALUE_29117 class nl.tudelft.rdfgears.rgl.datamodel.value.impl.ModifiableRecord
4384
RGL_VALUE_29119 class nl.tudelft.rdfgears.rgl.datamodel.value.impl.ModifiableRecord
4385
RGL_VALUE_29121 class nl.tudelft.rdfgears.rgl.datamodel.value.impl.ModifiableRecord
4386
RGL_VALUE_29123 class nl.tudelft.rdfgears.rgl.datamodel.value.impl.ModifiableRecord
4387
RGL_VALUE_29125 class nl.tudelft.rdfgears.rgl.datamodel.value.impl.ModifiableRecord
4388
RGL_VALUE_29127 class nl.tudelft.rdfgears.rgl.datamodel.value.impl.ModifiableRecord
4389
RGL_VALUE_29129 class nl.tudelft.rdfgears.rgl.datamodel.value.impl.ModifiableRecord
4390
RGL_VALUE_29131 class nl.tudelft.rdfgears.rgl.datamodel.value.impl.ModifiableRecord
4391
RGL_VALUE_29133 class nl.tudelft.rdfgears.rgl.datamodel.value.impl.ModifiableRecord
4392
RGL_VALUE_29135 class nl.tudelft.rdfgears.rgl.datamodel.value.impl.ModifiableRecord
4393
RGL_VALUE_29137 class nl.tudelft.rdfgears.rgl.datamodel.value.impl.ModifiableRecord
4394
RGL_VALUE_29139 class nl.tudelft.rdfgears.rgl.datamodel.value.impl.ModifiableRecord
4395
RGL_VALUE_29141 class nl.tudelft.rdfgears.rgl.datamodel.value.impl.ModifiableRecord
4396
RGL_VALUE_29143 class nl.tudelft.rdfgears.rgl.datamodel.value.impl.ModifiableRecord
4397
RGL_VALUE_29145 class nl.tudelft.rdfgears.rgl.datamodel.value.impl.ModifiableRecord
4398
RGL_VALUE_29147 class nl.tudelft.rdfgears.rgl.datamodel.value.impl.ModifiableRecord
4399
RGL_VALUE_29149 class nl.tudelft.rdfgears.rgl.datamodel.value.impl.ModifiableRecord
4400
RGL_VALUE_29152 class nl.tudelft.rdfgears.rgl.datamodel.value.impl.ModifiableRecord
4401
RGL_VALUE_29154 class nl.tudelft.rdfgears.rgl.datamodel.value.impl.ModifiableRecord
4402
RGL_VALUE_29156 class nl.tudelft.rdfgears.rgl.datamodel.value.impl.ModifiableRecord
4403
RGL_VALUE_29158 class nl.tudelft.rdfgears.rgl.datamodel.value.impl.ModifiableRecord
4404
RGL_VALUE_29160 class nl.tudelft.rdfgears.rgl.datamodel.value.impl.ModifiableRecord
4405
RGL_VALUE_29162 class nl.tudelft.rdfgears.rgl.datamodel.value.impl.ModifiableRecord
4406
RGL_VALUE_29164 class nl.tudelft.rdfgears.rgl.datamodel.value.impl.ModifiableRecord
4407
RGL_VALUE_29166 class nl.tudelft.rdfgears.rgl.datamodel.value.impl.ModifiableRecord
4408
RGL_VALUE_29168 class nl.tudelft.rdfgears.rgl.datamodel.value.impl.ModifiableRecord
4409
RGL_VALUE_29170 class nl.tudelft.rdfgears.rgl.datamodel.value.impl.ModifiableRecord
4410
RGL_VALUE_29172 class nl.tudelft.rdfgears.rgl.datamodel.value.impl.ModifiableRecord
4411
RGL_VALUE_29174 class nl.tudelft.rdfgears.rgl.datamodel.value.impl.ModifiableRecord
4412
RGL_VALUE_29176 class nl.tudelft.rdfgears.rgl.datamodel.value.impl.ModifiableRecord
4413
RGL_VALUE_29178 class nl.tudelft.rdfgears.rgl.datamodel.value.impl.ModifiableRecord
4414
RGL_VALUE_29180 class nl.tudelft.rdfgears.rgl.datamodel.value.impl.ModifiableRecord
4415
RGL_VALUE_29182 class nl.tudelft.rdfgears.rgl.datamodel.value.impl.ModifiableRecord
4416
RGL_VALUE_29184 class nl.tudelft.rdfgears.rgl.datamodel.value.impl.ModifiableRecord
4417
RGL_VALUE_29186 class nl.tudelft.rdfgears.rgl.datamodel.value.impl.ModifiableRecord
4418
RGL_VALUE_29188 class nl.tudelft.rdfgears.rgl.datamodel.value.impl.ModifiableRecord
4419
RGL_VALUE_29190 class nl.tudelft.rdfgears.rgl.datamodel.value.impl.ModifiableRecord
4420
RGL_VALUE_29192 class nl.tudelft.rdfgears.rgl.datamodel.value.impl.ModifiableRecord
4421
RGL_VALUE_29194 class nl.tudelft.rdfgears.rgl.datamodel.value.impl.ModifiableRecord
4422
RGL_VALUE_29196 class nl.tudelft.rdfgears.rgl.datamodel.value.impl.ModifiableRecord
4423
RGL_VALUE_29198 class nl.tudelft.rdfgears.rgl.datamodel.value.impl.ModifiableRecord
4424
RGL_VALUE_29200 class nl.tudelft.rdfgears.rgl.datamodel.value.impl.ModifiableRecord
4425
RGL_VALUE_29202 class nl.tudelft.rdfgears.rgl.datamodel.value.impl.ModifiableRecord
4426
RGL_VALUE_29204 class nl.tudelft.rdfgears.rgl.datamodel.value.impl.ModifiableRecord
4427
RGL_VALUE_29206 class nl.tudelft.rdfgears.rgl.datamodel.value.impl.ModifiableRecord
4428
RGL_VALUE_29208 class nl.tudelft.rdfgears.rgl.datamodel.value.impl.ModifiableRecord
4429
RGL_VALUE_29210 class nl.tudelft.rdfgears.rgl.datamodel.value.impl.ModifiableRecord
4430
RGL_VALUE_29212 class nl.tudelft.rdfgears.rgl.datamodel.value.impl.ModifiableRecord
4431
RGL_VALUE_29214 class nl.tudelft.rdfgears.rgl.datamodel.value.impl.ModifiableRecord
4432
RGL_VALUE_29216 class nl.tudelft.rdfgears.rgl.datamodel.value.impl.ModifiableRecord
4433
RGL_VALUE_29218 class nl.tudelft.rdfgears.rgl.datamodel.value.impl.ModifiableRecord
4434
RGL_VALUE_29220 class nl.tudelft.rdfgears.rgl.datamodel.value.impl.ModifiableRecord
4435
RGL_VALUE_29222 class nl.tudelft.rdfgears.rgl.datamodel.value.impl.ModifiableRecord
4436
RGL_VALUE_29224 class nl.tudelft.rdfgears.rgl.datamodel.value.impl.ModifiableRecord
4437
RGL_VALUE_29226 class nl.tudelft.rdfgears.rgl.datamodel.value.impl.ModifiableRecord
4438
RGL_VALUE_29228 class nl.tudelft.rdfgears.rgl.datamodel.value.impl.ModifiableRecord
4439
RGL_VALUE_29230 class nl.tudelft.rdfgears.rgl.datamodel.value.impl.ModifiableRecord
4440
RGL_VALUE_29232 class nl.tudelft.rdfgears.rgl.datamodel.value.impl.ModifiableRecord
4441
RGL_VALUE_29234 class nl.tudelft.rdfgears.rgl.datamodel.value.impl.ModifiableRecord
4442
RGL_VALUE_29236 class nl.tudelft.rdfgears.rgl.datamodel.value.impl.ModifiableRecord
4443
RGL_VALUE_29238 class nl.tudelft.rdfgears.rgl.datamodel.value.impl.ModifiableRecord
4444
RGL_VALUE_29240 class nl.tudelft.rdfgears.rgl.datamodel.value.impl.ModifiableRecord
4445
RGL_VALUE_29242 class nl.tudelft.rdfgears.rgl.datamodel.value.impl.ModifiableRecord
4446
RGL_VALUE_29244 class nl.tudelft.rdfgears.rgl.datamodel.value.impl.ModifiableRecord
4447
RGL_VALUE_29246 class nl.tudelft.rdfgears.rgl.datamodel.value.impl.ModifiableRecord
4448
RGL_VALUE_29248 class nl.tudelft.rdfgears.rgl.datamodel.value.impl.ModifiableRecord
4449
RGL_VALUE_29250 class nl.tudelft.rdfgears.rgl.datamodel.value.impl.ModifiableRecord
4450
RGL_VALUE_29252 class nl.tudelft.rdfgears.rgl.datamodel.value.impl.ModifiableRecord
4451
RGL_VALUE_29254 class nl.tudelft.rdfgears.rgl.datamodel.value.impl.ModifiableRecord
4452
RGL_VALUE_29256 class nl.tudelft.rdfgears.rgl.datamodel.value.impl.ModifiableRecord
4453
RGL_VALUE_29258 class nl.tudelft.rdfgears.rgl.datamodel.value.impl.ModifiableRecord
4454
RGL_VALUE_29260 class nl.tudelft.rdfgears.rgl.datamodel.value.impl.ModifiableRecord
4455
RGL_VALUE_29262 class nl.tudelft.rdfgears.rgl.datamodel.value.impl.ModifiableRecord
4456
RGL_VALUE_29264 class nl.tudelft.rdfgears.rgl.datamodel.value.impl.ModifiableRecord
4457
RGL_VALUE_29266 class nl.tudelft.rdfgears.rgl.datamodel.value.impl.ModifiableRecord
4458
RGL_VALUE_29268 class nl.tudelft.rdfgears.rgl.datamodel.value.impl.ModifiableRecord
4459
RGL_VALUE_29270 class nl.tudelft.rdfgears.rgl.datamodel.value.impl.ModifiableRecord
4460
RGL_VALUE_29272 class nl.tudelft.rdfgears.rgl.datamodel.value.impl.ModifiableRecord
4461
RGL_VALUE_29274 class nl.tudelft.rdfgears.rgl.datamodel.value.impl.ModifiableRecord
4462
RGL_VALUE_29276 class nl.tudelft.rdfgears.rgl.datamodel.value.impl.ModifiableRecord
4463
RGL_VALUE_29278 class nl.tudelft.rdfgears.rgl.datamodel.value.impl.ModifiableRecord
4464
RGL_VALUE_29280 class nl.tudelft.rdfgears.rgl.datamodel.value.impl.ModifiableRecord
4465
RGL_VALUE_29282 class nl.tudelft.rdfgears.rgl.datamodel.value.impl.ModifiableRecord
4466
RGL_VALUE_29284 class nl.tudelft.rdfgears.rgl.datamodel.value.impl.ModifiableRecord
4467
RGL_VALUE_29286 class nl.tudelft.rdfgears.rgl.datamodel.value.impl.ModifiableRecord
4468
RGL_VALUE_29288 class nl.tudelft.rdfgears.rgl.datamodel.value.impl.ModifiableRecord
4469
RGL_VALUE_29290 class nl.tudelft.rdfgears.rgl.datamodel.value.impl.ModifiableRecord
4470
RGL_VALUE_29292 class nl.tudelft.rdfgears.rgl.datamodel.value.impl.ModifiableRecord
4471
RGL_VALUE_29294 class nl.tudelft.rdfgears.rgl.datamodel.value.impl.ModifiableRecord
4472
RGL_VALUE_29296 class nl.tudelft.rdfgears.rgl.datamodel.value.impl.ModifiableRecord
4473
RGL_VALUE_29298 class nl.tudelft.rdfgears.rgl.datamodel.value.impl.ModifiableRecord
4474
RGL_VALUE_29300 class nl.tudelft.rdfgears.rgl.datamodel.value.impl.ModifiableRecord
4475
RGL_VALUE_29302 class nl.tudelft.rdfgears.rgl.datamodel.value.impl.ModifiableRecord
4476
RGL_VALUE_29304 class nl.tudelft.rdfgears.rgl.datamodel.value.impl.ModifiableRecord
4477
RGL_VALUE_29306 class nl.tudelft.rdfgears.rgl.datamodel.value.impl.ModifiableRecord
4478
RGL_VALUE_29308 class nl.tudelft.rdfgears.rgl.datamodel.value.impl.ModifiableRecord
4479
RGL_VALUE_29310 class nl.tudelft.rdfgears.rgl.datamodel.value.impl.ModifiableRecord
4480
RGL_VALUE_29312 class nl.tudelft.rdfgears.rgl.datamodel.value.impl.ModifiableRecord
4481
RGL_VALUE_29314 class nl.tudelft.rdfgears.rgl.datamodel.value.impl.ModifiableRecord
4482
RGL_VALUE_29316 class nl.tudelft.rdfgears.rgl.datamodel.value.impl.ModifiableRecord
4483
RGL_VALUE_29318 class nl.tudelft.rdfgears.rgl.datamodel.value.impl.ModifiableRecord
4484
RGL_VALUE_29320 class nl.tudelft.rdfgears.rgl.datamodel.value.impl.ModifiableRecord
4485
RGL_VALUE_29322 class nl.tudelft.rdfgears.rgl.datamodel.value.impl.ModifiableRecord
4486
RGL_VALUE_29324 class nl.tudelft.rdfgears.rgl.datamodel.value.impl.ModifiableRecord
4487
RGL_VALUE_29326 class nl.tudelft.rdfgears.rgl.datamodel.value.impl.ModifiableRecord
4488
RGL_VALUE_29328 class nl.tudelft.rdfgears.rgl.datamodel.value.impl.ModifiableRecord
4489
RGL_VALUE_29330 class nl.tudelft.rdfgears.rgl.datamodel.value.impl.ModifiableRecord
4490
RGL_VALUE_29332 class nl.tudelft.rdfgears.rgl.datamodel.value.impl.ModifiableRecord
4491
RGL_VALUE_29334 class nl.tudelft.rdfgears.rgl.datamodel.value.impl.ModifiableRecord
4492
RGL_VALUE_29336 class nl.tudelft.rdfgears.rgl.datamodel.value.impl.ModifiableRecord
4493
RGL_VALUE_29338 class nl.tudelft.rdfgears.rgl.datamodel.value.impl.ModifiableRecord
4494
RGL_VALUE_29340 class nl.tudelft.rdfgears.rgl.datamodel.value.impl.ModifiableRecord
4495
RGL_VALUE_29342 class nl.tudelft.rdfgears.rgl.datamodel.value.impl.ModifiableRecord
4496
RGL_VALUE_29344 class nl.tudelft.rdfgears.rgl.datamodel.value.impl.ModifiableRecord
4497
RGL_VALUE_29346 class nl.tudelft.rdfgears.rgl.datamodel.value.impl.ModifiableRecord
4498
RGL_VALUE_29348 class nl.tudelft.rdfgears.rgl.datamodel.value.impl.ModifiableRecord
4499
RGL_VALUE_29350 class nl.tudelft.rdfgears.rgl.datamodel.value.impl.ModifiableRecord
4500
RGL_VALUE_29353 class nl.tudelft.rdfgears.rgl.datamodel.value.impl.ModifiableRecord
4501
RGL_VALUE_29355 class nl.tudelft.rdfgears.rgl.datamodel.value.impl.ModifiableRecord
4502
RGL_VALUE_29357 class nl.tudelft.rdfgears.rgl.datamodel.value.impl.ModifiableRecord
4503
RGL_VALUE_29359 class nl.tudelft.rdfgears.rgl.datamodel.value.impl.ModifiableRecord
4504
RGL_VALUE_29361 class nl.tudelft.rdfgears.rgl.datamodel.value.impl.ModifiableRecord
4505
RGL_VALUE_29363 class nl.tudelft.rdfgears.rgl.datamodel.value.impl.ModifiableRecord
4506
RGL_VALUE_29365 class nl.tudelft.rdfgears.rgl.datamodel.value.impl.ModifiableRecord
4507
RGL_VALUE_29367 class nl.tudelft.rdfgears.rgl.datamodel.value.impl.ModifiableRecord
4508
RGL_VALUE_29369 class nl.tudelft.rdfgears.rgl.datamodel.value.impl.ModifiableRecord
4509
RGL_VALUE_29371 class nl.tudelft.rdfgears.rgl.datamodel.value.impl.ModifiableRecord
4510
RGL_VALUE_29373 class nl.tudelft.rdfgears.rgl.datamodel.value.impl.ModifiableRecord
4511
RGL_VALUE_29375 class nl.tudelft.rdfgears.rgl.datamodel.value.impl.ModifiableRecord
4512
RGL_VALUE_29377 class nl.tudelft.rdfgears.rgl.datamodel.value.impl.ModifiableRecord
4513
RGL_VALUE_29379 class nl.tudelft.rdfgears.rgl.datamodel.value.impl.ModifiableRecord
4514
RGL_VALUE_29381 class nl.tudelft.rdfgears.rgl.datamodel.value.impl.ModifiableRecord
4515
RGL_VALUE_29383 class nl.tudelft.rdfgears.rgl.datamodel.value.impl.ModifiableRecord
4516
RGL_VALUE_29385 class nl.tudelft.rdfgears.rgl.datamodel.value.impl.ModifiableRecord
4517
RGL_VALUE_29387 class nl.tudelft.rdfgears.rgl.datamodel.value.impl.ModifiableRecord
4518
RGL_VALUE_29389 class nl.tudelft.rdfgears.rgl.datamodel.value.impl.ModifiableRecord
4519
RGL_VALUE_29391 class nl.tudelft.rdfgears.rgl.datamodel.value.impl.ModifiableRecord
4520
RGL_VALUE_29393 class nl.tudelft.rdfgears.rgl.datamodel.value.impl.ModifiableRecord
4521
RGL_VALUE_29395 class nl.tudelft.rdfgears.rgl.datamodel.value.impl.ModifiableRecord
4522
RGL_VALUE_29397 class nl.tudelft.rdfgears.rgl.datamodel.value.impl.ModifiableRecord
4523
RGL_VALUE_29399 class nl.tudelft.rdfgears.rgl.datamodel.value.impl.ModifiableRecord
4524
RGL_VALUE_29401 class nl.tudelft.rdfgears.rgl.datamodel.value.impl.ModifiableRecord
4525
RGL_VALUE_29403 class nl.tudelft.rdfgears.rgl.datamodel.value.impl.ModifiableRecord
4526
RGL_VALUE_29405 class nl.tudelft.rdfgears.rgl.datamodel.value.impl.ModifiableRecord
4527
RGL_VALUE_29407 class nl.tudelft.rdfgears.rgl.datamodel.value.impl.ModifiableRecord
4528
RGL_VALUE_29409 class nl.tudelft.rdfgears.rgl.datamodel.value.impl.ModifiableRecord
4529
RGL_VALUE_29411 class nl.tudelft.rdfgears.rgl.datamodel.value.impl.ModifiableRecord
4530
RGL_VALUE_29413 class nl.tudelft.rdfgears.rgl.datamodel.value.impl.ModifiableRecord
4531
RGL_VALUE_29415 class nl.tudelft.rdfgears.rgl.datamodel.value.impl.ModifiableRecord
4532
RGL_VALUE_29417 class nl.tudelft.rdfgears.rgl.datamodel.value.impl.ModifiableRecord
4533
RGL_VALUE_29419 class nl.tudelft.rdfgears.rgl.datamodel.value.impl.ModifiableRecord
4534
RGL_VALUE_29421 class nl.tudelft.rdfgears.rgl.datamodel.value.impl.ModifiableRecord
4535
RGL_VALUE_29423 class nl.tudelft.rdfgears.rgl.datamodel.value.impl.ModifiableRecord
4536
RGL_VALUE_29425 class nl.tudelft.rdfgears.rgl.datamodel.value.impl.ModifiableRecord
4537
RGL_VALUE_29427 class nl.tudelft.rdfgears.rgl.datamodel.value.impl.ModifiableRecord
4538
RGL_VALUE_29429 class nl.tudelft.rdfgears.rgl.datamodel.value.impl.ModifiableRecord
4539
RGL_VALUE_29431 class nl.tudelft.rdfgears.rgl.datamodel.value.impl.ModifiableRecord
4540
RGL_VALUE_29433 class nl.tudelft.rdfgears.rgl.datamodel.value.impl.ModifiableRecord
4541
RGL_VALUE_29435 class nl.tudelft.rdfgears.rgl.datamodel.value.impl.ModifiableRecord
4542
RGL_VALUE_29437 class nl.tudelft.rdfgears.rgl.datamodel.value.impl.ModifiableRecord
4543
RGL_VALUE_29439 class nl.tudelft.rdfgears.rgl.datamodel.value.impl.ModifiableRecord
4544
RGL_VALUE_29441 class nl.tudelft.rdfgears.rgl.datamodel.value.impl.ModifiableRecord
4545
RGL_VALUE_29443 class nl.tudelft.rdfgears.rgl.datamodel.value.impl.ModifiableRecord
4546
RGL_VALUE_29445 class nl.tudelft.rdfgears.rgl.datamodel.value.impl.ModifiableRecord
4547
RGL_VALUE_29447 class nl.tudelft.rdfgears.rgl.datamodel.value.impl.ModifiableRecord
4548
RGL_VALUE_29449 class nl.tudelft.rdfgears.rgl.datamodel.value.impl.ModifiableRecord
4549
RGL_VALUE_29451 class nl.tudelft.rdfgears.rgl.datamodel.value.impl.ModifiableRecord
4550
RGL_VALUE_29453 class nl.tudelft.rdfgears.rgl.datamodel.value.impl.ModifiableRecord
4551
RGL_VALUE_29455 class nl.tudelft.rdfgears.rgl.datamodel.value.impl.ModifiableRecord
4552
RGL_VALUE_29457 class nl.tudelft.rdfgears.rgl.datamodel.value.impl.ModifiableRecord
4553
RGL_VALUE_29459 class nl.tudelft.rdfgears.rgl.datamodel.value.impl.ModifiableRecord
4554
RGL_VALUE_29461 class nl.tudelft.rdfgears.rgl.datamodel.value.impl.ModifiableRecord
4555
RGL_VALUE_29463 class nl.tudelft.rdfgears.rgl.datamodel.value.impl.ModifiableRecord
4556
RGL_VALUE_29465 class nl.tudelft.rdfgears.rgl.datamodel.value.impl.ModifiableRecord
4557
RGL_VALUE_29467 class nl.tudelft.rdfgears.rgl.datamodel.value.impl.ModifiableRecord
4558
RGL_VALUE_29469 class nl.tudelft.rdfgears.rgl.datamodel.value.impl.ModifiableRecord
4559
RGL_VALUE_29471 class nl.tudelft.rdfgears.rgl.datamodel.value.impl.ModifiableRecord
4560
RGL_VALUE_29473 class nl.tudelft.rdfgears.rgl.datamodel.value.impl.ModifiableRecord
4561
RGL_VALUE_29475 class nl.tudelft.rdfgears.rgl.datamodel.value.impl.ModifiableRecord
4562
RGL_VALUE_29477 class nl.tudelft.rdfgears.rgl.datamodel.value.impl.ModifiableRecord
4563
RGL_VALUE_29479 class nl.tudelft.rdfgears.rgl.datamodel.value.impl.ModifiableRecord
4564
RGL_VALUE_29481 class nl.tudelft.rdfgears.rgl.datamodel.value.impl.ModifiableRecord
4565
RGL_VALUE_29483 class nl.tudelft.rdfgears.rgl.datamodel.value.impl.ModifiableRecord
4566
RGL_VALUE_29485 class nl.tudelft.rdfgears.rgl.datamodel.value.impl.ModifiableRecord
4567
RGL_VALUE_29487 class nl.tudelft.rdfgears.rgl.datamodel.value.impl.ModifiableRecord
4568
RGL_VALUE_29489 class nl.tudelft.rdfgears.rgl.datamodel.value.impl.ModifiableRecord
4569
RGL_VALUE_29491 class nl.tudelft.rdfgears.rgl.datamodel.value.impl.ModifiableRecord
4570
RGL_VALUE_29493 class nl.tudelft.rdfgears.rgl.datamodel.value.impl.ModifiableRecord
4571
RGL_VALUE_29495 class nl.tudelft.rdfgears.rgl.datamodel.value.impl.ModifiableRecord
4572
RGL_VALUE_29497 class nl.tudelft.rdfgears.rgl.datamodel.value.impl.ModifiableRecord
4573
RGL_VALUE_29499 class nl.tudelft.rdfgears.rgl.datamodel.value.impl.ModifiableRecord
4574
RGL_VALUE_29501 class nl.tudelft.rdfgears.rgl.datamodel.value.impl.ModifiableRecord
4575
RGL_VALUE_29503 class nl.tudelft.rdfgears.rgl.datamodel.value.impl.ModifiableRecord
4576
RGL_VALUE_29505 class nl.tudelft.rdfgears.rgl.datamodel.value.impl.ModifiableRecord
4577
RGL_VALUE_29507 class nl.tudelft.rdfgears.rgl.datamodel.value.impl.ModifiableRecord
4578
RGL_VALUE_29509 class nl.tudelft.rdfgears.rgl.datamodel.value.impl.ModifiableRecord
4579
RGL_VALUE_29511 class nl.tudelft.rdfgears.rgl.datamodel.value.impl.ModifiableRecord
4580
RGL_VALUE_29513 class nl.tudelft.rdfgears.rgl.datamodel.value.impl.ModifiableRecord
4581
RGL_VALUE_29515 class nl.tudelft.rdfgears.rgl.datamodel.value.impl.ModifiableRecord
4582
RGL_VALUE_29517 class nl.tudelft.rdfgears.rgl.datamodel.value.impl.ModifiableRecord
4583
RGL_VALUE_29519 class nl.tudelft.rdfgears.rgl.datamodel.value.impl.ModifiableRecord
4584
RGL_VALUE_29521 class nl.tudelft.rdfgears.rgl.datamodel.value.impl.ModifiableRecord
4585
RGL_VALUE_29523 class nl.tudelft.rdfgears.rgl.datamodel.value.impl.ModifiableRecord
4586
RGL_VALUE_29525 class nl.tudelft.rdfgears.rgl.datamodel.value.impl.ModifiableRecord
4587
RGL_VALUE_29527 class nl.tudelft.rdfgears.rgl.datamodel.value.impl.ModifiableRecord
4588
RGL_VALUE_29529 class nl.tudelft.rdfgears.rgl.datamodel.value.impl.ModifiableRecord
4589
RGL_VALUE_29531 class nl.tudelft.rdfgears.rgl.datamodel.value.impl.ModifiableRecord
4590
RGL_VALUE_29533 class nl.tudelft.rdfgears.rgl.datamodel.value.impl.ModifiableRecord
4591
RGL_VALUE_29535 class nl.tudelft.rdfgears.rgl.datamodel.value.impl.ModifiableRecord
4592
RGL_VALUE_29537 class nl.tudelft.rdfgears.rgl.datamodel.value.impl.ModifiableRecord
4593
RGL_VALUE_29539 class nl.tudelft.rdfgears.rgl.datamodel.value.impl.ModifiableRecord
4594
RGL_VALUE_29541 class nl.tudelft.rdfgears.rgl.datamodel.value.impl.ModifiableRecord
4595
RGL_VALUE_29543 class nl.tudelft.rdfgears.rgl.datamodel.value.impl.ModifiableRecord
4596
RGL_VALUE_29545 class nl.tudelft.rdfgears.rgl.datamodel.value.impl.ModifiableRecord
4597
RGL_VALUE_29547 class nl.tudelft.rdfgears.rgl.datamodel.value.impl.ModifiableRecord
4598
RGL_VALUE_29549 class nl.tudelft.rdfgears.rgl.datamodel.value.impl.ModifiableRecord
4599
RGL_VALUE_29551 class nl.tudelft.rdfgears.rgl.datamodel.value.impl.ModifiableRecord
4600
RGL_VALUE_29554 class nl.tudelft.rdfgears.rgl.datamodel.value.impl.ModifiableRecord
4601
RGL_VALUE_29556 class nl.tudelft.rdfgears.rgl.datamodel.value.impl.ModifiableRecord
4602
RGL_VALUE_29558 class nl.tudelft.rdfgears.rgl.datamodel.value.impl.ModifiableRecord
4603
RGL_VALUE_29560 class nl.tudelft.rdfgears.rgl.datamodel.value.impl.ModifiableRecord
4604
RGL_VALUE_29562 class nl.tudelft.rdfgears.rgl.datamodel.value.impl.ModifiableRecord
4605
RGL_VALUE_29564 class nl.tudelft.rdfgears.rgl.datamodel.value.impl.ModifiableRecord
4606
RGL_VALUE_29566 class nl.tudelft.rdfgears.rgl.datamodel.value.impl.ModifiableRecord
4607
RGL_VALUE_29568 class nl.tudelft.rdfgears.rgl.datamodel.value.impl.ModifiableRecord
4608
RGL_VALUE_29570 class nl.tudelft.rdfgears.rgl.datamodel.value.impl.ModifiableRecord
4609
RGL_VALUE_29572 class nl.tudelft.rdfgears.rgl.datamodel.value.impl.ModifiableRecord
4610
RGL_VALUE_29574 class nl.tudelft.rdfgears.rgl.datamodel.value.impl.ModifiableRecord
4611
RGL_VALUE_29576 class nl.tudelft.rdfgears.rgl.datamodel.value.impl.ModifiableRecord
4612
RGL_VALUE_29578 class nl.tudelft.rdfgears.rgl.datamodel.value.impl.ModifiableRecord
4613
RGL_VALUE_29580 class nl.tudelft.rdfgears.rgl.datamodel.value.impl.ModifiableRecord
4614
RGL_VALUE_29582 class nl.tudelft.rdfgears.rgl.datamodel.value.impl.ModifiableRecord
4615
RGL_VALUE_29584 class nl.tudelft.rdfgears.rgl.datamodel.value.impl.ModifiableRecord
4616
RGL_VALUE_29586 class nl.tudelft.rdfgears.rgl.datamodel.value.impl.ModifiableRecord
4617
RGL_VALUE_29588 class nl.tudelft.rdfgears.rgl.datamodel.value.impl.ModifiableRecord
4618
RGL_VALUE_29590 class nl.tudelft.rdfgears.rgl.datamodel.value.impl.ModifiableRecord
4619
RGL_VALUE_29592 class nl.tudelft.rdfgears.rgl.datamodel.value.impl.ModifiableRecord
4620
RGL_VALUE_29594 class nl.tudelft.rdfgears.rgl.datamodel.value.impl.ModifiableRecord
4621
RGL_VALUE_29596 class nl.tudelft.rdfgears.rgl.datamodel.value.impl.ModifiableRecord
4622
RGL_VALUE_29598 class nl.tudelft.rdfgears.rgl.datamodel.value.impl.ModifiableRecord
4623
RGL_VALUE_29600 class nl.tudelft.rdfgears.rgl.datamodel.value.impl.ModifiableRecord
4624
RGL_VALUE_29602 class nl.tudelft.rdfgears.rgl.datamodel.value.impl.ModifiableRecord
4625
RGL_VALUE_29604 class nl.tudelft.rdfgears.rgl.datamodel.value.impl.ModifiableRecord
4626
RGL_VALUE_29606 class nl.tudelft.rdfgears.rgl.datamodel.value.impl.ModifiableRecord
4627
RGL_VALUE_29608 class nl.tudelft.rdfgears.rgl.datamodel.value.impl.ModifiableRecord
4628
RGL_VALUE_29610 class nl.tudelft.rdfgears.rgl.datamodel.value.impl.ModifiableRecord
4629
RGL_VALUE_29612 class nl.tudelft.rdfgears.rgl.datamodel.value.impl.ModifiableRecord
4630
RGL_VALUE_29614 class nl.tudelft.rdfgears.rgl.datamodel.value.impl.ModifiableRecord
4631
RGL_VALUE_29616 class nl.tudelft.rdfgears.rgl.datamodel.value.impl.ModifiableRecord
4632
RGL_VALUE_29618 class nl.tudelft.rdfgears.rgl.datamodel.value.impl.ModifiableRecord
4633
RGL_VALUE_29620 class nl.tudelft.rdfgears.rgl.datamodel.value.impl.ModifiableRecord
4634
RGL_VALUE_29622 class nl.tudelft.rdfgears.rgl.datamodel.value.impl.ModifiableRecord
4635
RGL_VALUE_29624 class nl.tudelft.rdfgears.rgl.datamodel.value.impl.ModifiableRecord
4636
RGL_VALUE_29626 class nl.tudelft.rdfgears.rgl.datamodel.value.impl.ModifiableRecord
4637
RGL_VALUE_29628 class nl.tudelft.rdfgears.rgl.datamodel.value.impl.ModifiableRecord
4638
RGL_VALUE_29630 class nl.tudelft.rdfgears.rgl.datamodel.value.impl.ModifiableRecord
4639
RGL_VALUE_29632 class nl.tudelft.rdfgears.rgl.datamodel.value.impl.ModifiableRecord
4640
RGL_VALUE_29634 class nl.tudelft.rdfgears.rgl.datamodel.value.impl.ModifiableRecord
4641
RGL_VALUE_29636 class nl.tudelft.rdfgears.rgl.datamodel.value.impl.ModifiableRecord
4642
RGL_VALUE_29638 class nl.tudelft.rdfgears.rgl.datamodel.value.impl.ModifiableRecord
4643
RGL_VALUE_29640 class nl.tudelft.rdfgears.rgl.datamodel.value.impl.ModifiableRecord
4644
RGL_VALUE_29642 class nl.tudelft.rdfgears.rgl.datamodel.value.impl.ModifiableRecord
4645
RGL_VALUE_29644 class nl.tudelft.rdfgears.rgl.datamodel.value.impl.ModifiableRecord
4646
RGL_VALUE_29646 class nl.tudelft.rdfgears.rgl.datamodel.value.impl.ModifiableRecord
4647
RGL_VALUE_29648 class nl.tudelft.rdfgears.rgl.datamodel.value.impl.ModifiableRecord
4648
RGL_VALUE_29650 class nl.tudelft.rdfgears.rgl.datamodel.value.impl.ModifiableRecord
4649
RGL_VALUE_29652 class nl.tudelft.rdfgears.rgl.datamodel.value.impl.ModifiableRecord
4650
RGL_VALUE_29654 class nl.tudelft.rdfgears.rgl.datamodel.value.impl.ModifiableRecord
4651
RGL_VALUE_29656 class nl.tudelft.rdfgears.rgl.datamodel.value.impl.ModifiableRecord
4652
RGL_VALUE_29658 class nl.tudelft.rdfgears.rgl.datamodel.value.impl.ModifiableRecord
4653
RGL_VALUE_29660 class nl.tudelft.rdfgears.rgl.datamodel.value.impl.ModifiableRecord
4654
RGL_VALUE_29662 class nl.tudelft.rdfgears.rgl.datamodel.value.impl.ModifiableRecord
4655
RGL_VALUE_29664 class nl.tudelft.rdfgears.rgl.datamodel.value.impl.ModifiableRecord
4656
RGL_VALUE_29666 class nl.tudelft.rdfgears.rgl.datamodel.value.impl.ModifiableRecord
4657
RGL_VALUE_29668 class nl.tudelft.rdfgears.rgl.datamodel.value.impl.ModifiableRecord
4658
RGL_VALUE_29670 class nl.tudelft.rdfgears.rgl.datamodel.value.impl.ModifiableRecord
4659
RGL_VALUE_29672 class nl.tudelft.rdfgears.rgl.datamodel.value.impl.ModifiableRecord
4660
RGL_VALUE_29674 class nl.tudelft.rdfgears.rgl.datamodel.value.impl.ModifiableRecord
4661
RGL_VALUE_29676 class nl.tudelft.rdfgears.rgl.datamodel.value.impl.ModifiableRecord
4662
RGL_VALUE_29678 class nl.tudelft.rdfgears.rgl.datamodel.value.impl.ModifiableRecord
4663
RGL_VALUE_29680 class nl.tudelft.rdfgears.rgl.datamodel.value.impl.ModifiableRecord
4664
RGL_VALUE_29682 class nl.tudelft.rdfgears.rgl.datamodel.value.impl.ModifiableRecord
4665
RGL_VALUE_29684 class nl.tudelft.rdfgears.rgl.datamodel.value.impl.ModifiableRecord
4666
RGL_VALUE_29686 class nl.tudelft.rdfgears.rgl.datamodel.value.impl.ModifiableRecord
4667
RGL_VALUE_29688 class nl.tudelft.rdfgears.rgl.datamodel.value.impl.ModifiableRecord
4668
RGL_VALUE_29690 class nl.tudelft.rdfgears.rgl.datamodel.value.impl.ModifiableRecord
4669
RGL_VALUE_29692 class nl.tudelft.rdfgears.rgl.datamodel.value.impl.ModifiableRecord
4670
RGL_VALUE_29694 class nl.tudelft.rdfgears.rgl.datamodel.value.impl.ModifiableRecord
4671
RGL_VALUE_29696 class nl.tudelft.rdfgears.rgl.datamodel.value.impl.ModifiableRecord
4672
RGL_VALUE_29698 class nl.tudelft.rdfgears.rgl.datamodel.value.impl.ModifiableRecord
4673
RGL_VALUE_29700 class nl.tudelft.rdfgears.rgl.datamodel.value.impl.ModifiableRecord
4674
RGL_VALUE_29702 class nl.tudelft.rdfgears.rgl.datamodel.value.impl.ModifiableRecord
4675
RGL_VALUE_29704 class nl.tudelft.rdfgears.rgl.datamodel.value.impl.ModifiableRecord
4676
RGL_VALUE_29706 class nl.tudelft.rdfgears.rgl.datamodel.value.impl.ModifiableRecord
4677
RGL_VALUE_29708 class nl.tudelft.rdfgears.rgl.datamodel.value.impl.ModifiableRecord
4678
RGL_VALUE_29710 class nl.tudelft.rdfgears.rgl.datamodel.value.impl.ModifiableRecord
4679
RGL_VALUE_29712 class nl.tudelft.rdfgears.rgl.datamodel.value.impl.ModifiableRecord
4680
RGL_VALUE_29714 class nl.tudelft.rdfgears.rgl.datamodel.value.impl.ModifiableRecord
4681
RGL_VALUE_29716 class nl.tudelft.rdfgears.rgl.datamodel.value.impl.ModifiableRecord
4682
RGL_VALUE_29718 class nl.tudelft.rdfgears.rgl.datamodel.value.impl.ModifiableRecord
4683
RGL_VALUE_29720 class nl.tudelft.rdfgears.rgl.datamodel.value.impl.ModifiableRecord
4684
RGL_VALUE_29722 class nl.tudelft.rdfgears.rgl.datamodel.value.impl.ModifiableRecord
4685
RGL_VALUE_29724 class nl.tudelft.rdfgears.rgl.datamodel.value.impl.ModifiableRecord
4686
RGL_VALUE_29726 class nl.tudelft.rdfgears.rgl.datamodel.value.impl.ModifiableRecord
4687
RGL_VALUE_29728 class nl.tudelft.rdfgears.rgl.datamodel.value.impl.ModifiableRecord
4688
RGL_VALUE_29730 class nl.tudelft.rdfgears.rgl.datamodel.value.impl.ModifiableRecord
4689
RGL_VALUE_29732 class nl.tudelft.rdfgears.rgl.datamodel.value.impl.ModifiableRecord
4690
RGL_VALUE_29734 class nl.tudelft.rdfgears.rgl.datamodel.value.impl.ModifiableRecord
4691
RGL_VALUE_29736 class nl.tudelft.rdfgears.rgl.datamodel.value.impl.ModifiableRecord
4692
RGL_VALUE_29738 class nl.tudelft.rdfgears.rgl.datamodel.value.impl.ModifiableRecord
4693
RGL_VALUE_29740 class nl.tudelft.rdfgears.rgl.datamodel.value.impl.ModifiableRecord
4694
RGL_VALUE_29742 class nl.tudelft.rdfgears.rgl.datamodel.value.impl.ModifiableRecord
4695
RGL_VALUE_29744 class nl.tudelft.rdfgears.rgl.datamodel.value.impl.ModifiableRecord
4696
RGL_VALUE_29746 class nl.tudelft.rdfgears.rgl.datamodel.value.impl.ModifiableRecord
4697
RGL_VALUE_29748 class nl.tudelft.rdfgears.rgl.datamodel.value.impl.ModifiableRecord
4698
RGL_VALUE_29750 class nl.tudelft.rdfgears.rgl.datamodel.value.impl.ModifiableRecord
4699
RGL_VALUE_29752 class nl.tudelft.rdfgears.rgl.datamodel.value.impl.ModifiableRecord
4700
RGL_VALUE_29755 class nl.tudelft.rdfgears.rgl.datamodel.value.impl.ModifiableRecord
4701
RGL_VALUE_29757 class nl.tudelft.rdfgears.rgl.datamodel.value.impl.ModifiableRecord
4702
RGL_VALUE_29759 class nl.tudelft.rdfgears.rgl.datamodel.value.impl.ModifiableRecord
4703
RGL_VALUE_29761 class nl.tudelft.rdfgears.rgl.datamodel.value.impl.ModifiableRecord
4704
RGL_VALUE_29763 class nl.tudelft.rdfgears.rgl.datamodel.value.impl.ModifiableRecord
4705
RGL_VALUE_29765 class nl.tudelft.rdfgears.rgl.datamodel.value.impl.ModifiableRecord
4706
RGL_VALUE_29767 class nl.tudelft.rdfgears.rgl.datamodel.value.impl.ModifiableRecord
4707
RGL_VALUE_29769 class nl.tudelft.rdfgears.rgl.datamodel.value.impl.ModifiableRecord
4708
RGL_VALUE_29771 class nl.tudelft.rdfgears.rgl.datamodel.value.impl.ModifiableRecord
4709
RGL_VALUE_29773 class nl.tudelft.rdfgears.rgl.datamodel.value.impl.ModifiableRecord
4710
RGL_VALUE_29775 class nl.tudelft.rdfgears.rgl.datamodel.value.impl.ModifiableRecord
4711
RGL_VALUE_29777 class nl.tudelft.rdfgears.rgl.datamodel.value.impl.ModifiableRecord
4712
RGL_VALUE_29779 class nl.tudelft.rdfgears.rgl.datamodel.value.impl.ModifiableRecord
4713
RGL_VALUE_29781 class nl.tudelft.rdfgears.rgl.datamodel.value.impl.ModifiableRecord
4714
RGL_VALUE_29783 class nl.tudelft.rdfgears.rgl.datamodel.value.impl.ModifiableRecord
4715
RGL_VALUE_29785 class nl.tudelft.rdfgears.rgl.datamodel.value.impl.ModifiableRecord
4716
RGL_VALUE_29787 class nl.tudelft.rdfgears.rgl.datamodel.value.impl.ModifiableRecord
4717
RGL_VALUE_29789 class nl.tudelft.rdfgears.rgl.datamodel.value.impl.ModifiableRecord
4718
RGL_VALUE_29791 class nl.tudelft.rdfgears.rgl.datamodel.value.impl.ModifiableRecord
4719
RGL_VALUE_29793 class nl.tudelft.rdfgears.rgl.datamodel.value.impl.ModifiableRecord
4720
RGL_VALUE_29795 class nl.tudelft.rdfgears.rgl.datamodel.value.impl.ModifiableRecord
4721
RGL_VALUE_29797 class nl.tudelft.rdfgears.rgl.datamodel.value.impl.ModifiableRecord
4722
RGL_VALUE_29799 class nl.tudelft.rdfgears.rgl.datamodel.value.impl.ModifiableRecord
4723
RGL_VALUE_29801 class nl.tudelft.rdfgears.rgl.datamodel.value.impl.ModifiableRecord
4724
RGL_VALUE_29803 class nl.tudelft.rdfgears.rgl.datamodel.value.impl.ModifiableRecord
4725
RGL_VALUE_29805 class nl.tudelft.rdfgears.rgl.datamodel.value.impl.ModifiableRecord
4726
RGL_VALUE_29807 class nl.tudelft.rdfgears.rgl.datamodel.value.impl.ModifiableRecord
4727
RGL_VALUE_29809 class nl.tudelft.rdfgears.rgl.datamodel.value.impl.ModifiableRecord
4728
RGL_VALUE_29811 class nl.tudelft.rdfgears.rgl.datamodel.value.impl.ModifiableRecord
4729
RGL_VALUE_29813 class nl.tudelft.rdfgears.rgl.datamodel.value.impl.ModifiableRecord
4730
RGL_VALUE_29815 class nl.tudelft.rdfgears.rgl.datamodel.value.impl.ModifiableRecord
4731
RGL_VALUE_29817 class nl.tudelft.rdfgears.rgl.datamodel.value.impl.ModifiableRecord
4732
RGL_VALUE_29819 class nl.tudelft.rdfgears.rgl.datamodel.value.impl.ModifiableRecord
4733
RGL_VALUE_29821 class nl.tudelft.rdfgears.rgl.datamodel.value.impl.ModifiableRecord
4734
RGL_VALUE_29823 class nl.tudelft.rdfgears.rgl.datamodel.value.impl.ModifiableRecord
4735
RGL_VALUE_29825 class nl.tudelft.rdfgears.rgl.datamodel.value.impl.ModifiableRecord
4736
RGL_VALUE_29827 class nl.tudelft.rdfgears.rgl.datamodel.value.impl.ModifiableRecord
4737
RGL_VALUE_29829 class nl.tudelft.rdfgears.rgl.datamodel.value.impl.ModifiableRecord
4738
RGL_VALUE_29831 class nl.tudelft.rdfgears.rgl.datamodel.value.impl.ModifiableRecord
4739
RGL_VALUE_29833 class nl.tudelft.rdfgears.rgl.datamodel.value.impl.ModifiableRecord
4740
RGL_VALUE_29835 class nl.tudelft.rdfgears.rgl.datamodel.value.impl.ModifiableRecord
4741
RGL_VALUE_29837 class nl.tudelft.rdfgears.rgl.datamodel.value.impl.ModifiableRecord
4742
RGL_VALUE_29839 class nl.tudelft.rdfgears.rgl.datamodel.value.impl.ModifiableRecord
4743
RGL_VALUE_29841 class nl.tudelft.rdfgears.rgl.datamodel.value.impl.ModifiableRecord
4744
RGL_VALUE_29843 class nl.tudelft.rdfgears.rgl.datamodel.value.impl.ModifiableRecord
4745
RGL_VALUE_29845 class nl.tudelft.rdfgears.rgl.datamodel.value.impl.ModifiableRecord
4746
RGL_VALUE_29847 class nl.tudelft.rdfgears.rgl.datamodel.value.impl.ModifiableRecord
4747
RGL_VALUE_29849 class nl.tudelft.rdfgears.rgl.datamodel.value.impl.ModifiableRecord
4748
RGL_VALUE_29851 class nl.tudelft.rdfgears.rgl.datamodel.value.impl.ModifiableRecord
4749
RGL_VALUE_29853 class nl.tudelft.rdfgears.rgl.datamodel.value.impl.ModifiableRecord
4750
RGL_VALUE_29855 class nl.tudelft.rdfgears.rgl.datamodel.value.impl.ModifiableRecord
4751
RGL_VALUE_29857 class nl.tudelft.rdfgears.rgl.datamodel.value.impl.ModifiableRecord
4752
RGL_VALUE_29859 class nl.tudelft.rdfgears.rgl.datamodel.value.impl.ModifiableRecord
4753
RGL_VALUE_29861 class nl.tudelft.rdfgears.rgl.datamodel.value.impl.ModifiableRecord
4754
RGL_VALUE_29863 class nl.tudelft.rdfgears.rgl.datamodel.value.impl.ModifiableRecord
4755
RGL_VALUE_29865 class nl.tudelft.rdfgears.rgl.datamodel.value.impl.ModifiableRecord
4756
RGL_VALUE_29867 class nl.tudelft.rdfgears.rgl.datamodel.value.impl.ModifiableRecord
4757
RGL_VALUE_29869 class nl.tudelft.rdfgears.rgl.datamodel.value.impl.ModifiableRecord
4758
RGL_VALUE_29871 class nl.tudelft.rdfgears.rgl.datamodel.value.impl.ModifiableRecord
4759
RGL_VALUE_29873 class nl.tudelft.rdfgears.rgl.datamodel.value.impl.ModifiableRecord
4760
RGL_VALUE_29875 class nl.tudelft.rdfgears.rgl.datamodel.value.impl.ModifiableRecord
4761
RGL_VALUE_29877 class nl.tudelft.rdfgears.rgl.datamodel.value.impl.ModifiableRecord
4762
RGL_VALUE_29879 class nl.tudelft.rdfgears.rgl.datamodel.value.impl.ModifiableRecord
4763
RGL_VALUE_29881 class nl.tudelft.rdfgears.rgl.datamodel.value.impl.ModifiableRecord
4764
RGL_VALUE_29883 class nl.tudelft.rdfgears.rgl.datamodel.value.impl.ModifiableRecord
4765
RGL_VALUE_29885 class nl.tudelft.rdfgears.rgl.datamodel.value.impl.ModifiableRecord
4766
RGL_VALUE_29887 class nl.tudelft.rdfgears.rgl.datamodel.value.impl.ModifiableRecord
4767
RGL_VALUE_29889 class nl.tudelft.rdfgears.rgl.datamodel.value.impl.ModifiableRecord
4768
RGL_VALUE_29891 class nl.tudelft.rdfgears.rgl.datamodel.value.impl.ModifiableRecord
4769
RGL_VALUE_29893 class nl.tudelft.rdfgears.rgl.datamodel.value.impl.ModifiableRecord
4770
RGL_VALUE_29895 class nl.tudelft.rdfgears.rgl.datamodel.value.impl.ModifiableRecord
4771
RGL_VALUE_29897 class nl.tudelft.rdfgears.rgl.datamodel.value.impl.ModifiableRecord
4772
RGL_VALUE_29899 class nl.tudelft.rdfgears.rgl.datamodel.value.impl.ModifiableRecord
4773
RGL_VALUE_29901 class nl.tudelft.rdfgears.rgl.datamodel.value.impl.ModifiableRecord
4774
RGL_VALUE_29903 class nl.tudelft.rdfgears.rgl.datamodel.value.impl.ModifiableRecord
4775
RGL_VALUE_29905 class nl.tudelft.rdfgears.rgl.datamodel.value.impl.ModifiableRecord
4776
RGL_VALUE_29907 class nl.tudelft.rdfgears.rgl.datamodel.value.impl.ModifiableRecord
4777
RGL_VALUE_29909 class nl.tudelft.rdfgears.rgl.datamodel.value.impl.ModifiableRecord
4778
RGL_VALUE_29911 class nl.tudelft.rdfgears.rgl.datamodel.value.impl.ModifiableRecord
4779
RGL_VALUE_29913 class nl.tudelft.rdfgears.rgl.datamodel.value.impl.ModifiableRecord
4780
RGL_VALUE_29915 class nl.tudelft.rdfgears.rgl.datamodel.value.impl.ModifiableRecord
4781
RGL_VALUE_29917 class nl.tudelft.rdfgears.rgl.datamodel.value.impl.ModifiableRecord
4782
RGL_VALUE_29919 class nl.tudelft.rdfgears.rgl.datamodel.value.impl.ModifiableRecord
4783
RGL_VALUE_29921 class nl.tudelft.rdfgears.rgl.datamodel.value.impl.ModifiableRecord
4784
RGL_VALUE_29923 class nl.tudelft.rdfgears.rgl.datamodel.value.impl.ModifiableRecord
4785
RGL_VALUE_29925 class nl.tudelft.rdfgears.rgl.datamodel.value.impl.ModifiableRecord
4786
RGL_VALUE_29927 class nl.tudelft.rdfgears.rgl.datamodel.value.impl.ModifiableRecord
4787
RGL_VALUE_29929 class nl.tudelft.rdfgears.rgl.datamodel.value.impl.ModifiableRecord
4788
RGL_VALUE_29931 class nl.tudelft.rdfgears.rgl.datamodel.value.impl.ModifiableRecord
4789
RGL_VALUE_29933 class nl.tudelft.rdfgears.rgl.datamodel.value.impl.ModifiableRecord
4790
RGL_VALUE_29935 class nl.tudelft.rdfgears.rgl.datamodel.value.impl.ModifiableRecord
4791
RGL_VALUE_29937 class nl.tudelft.rdfgears.rgl.datamodel.value.impl.ModifiableRecord
4792
RGL_VALUE_29939 class nl.tudelft.rdfgears.rgl.datamodel.value.impl.ModifiableRecord
4793
RGL_VALUE_29941 class nl.tudelft.rdfgears.rgl.datamodel.value.impl.ModifiableRecord
4794
RGL_VALUE_29943 class nl.tudelft.rdfgears.rgl.datamodel.value.impl.ModifiableRecord
4795
RGL_VALUE_29945 class nl.tudelft.rdfgears.rgl.datamodel.value.impl.ModifiableRecord
4796
RGL_VALUE_29947 class nl.tudelft.rdfgears.rgl.datamodel.value.impl.ModifiableRecord
4797
RGL_VALUE_29949 class nl.tudelft.rdfgears.rgl.datamodel.value.impl.ModifiableRecord
4798
RGL_VALUE_29951 class nl.tudelft.rdfgears.rgl.datamodel.value.impl.ModifiableRecord
4799
RGL_VALUE_29953 class nl.tudelft.rdfgears.rgl.datamodel.value.impl.ModifiableRecord
4800
RGL_VALUE_29956 class nl.tudelft.rdfgears.rgl.datamodel.value.impl.ModifiableRecord
4801
RGL_VALUE_29958 class nl.tudelft.rdfgears.rgl.datamodel.value.impl.ModifiableRecord
4802
RGL_VALUE_29960 class nl.tudelft.rdfgears.rgl.datamodel.value.impl.ModifiableRecord
4803
RGL_VALUE_29962 class nl.tudelft.rdfgears.rgl.datamodel.value.impl.ModifiableRecord
4804
RGL_VALUE_29964 class nl.tudelft.rdfgears.rgl.datamodel.value.impl.ModifiableRecord
4805
RGL_VALUE_29966 class nl.tudelft.rdfgears.rgl.datamodel.value.impl.ModifiableRecord
4806
RGL_VALUE_29968 class nl.tudelft.rdfgears.rgl.datamodel.value.impl.ModifiableRecord
4807
RGL_VALUE_29970 class nl.tudelft.rdfgears.rgl.datamodel.value.impl.ModifiableRecord
4808
RGL_VALUE_29972 class nl.tudelft.rdfgears.rgl.datamodel.value.impl.ModifiableRecord
4809
RGL_VALUE_29974 class nl.tudelft.rdfgears.rgl.datamodel.value.impl.ModifiableRecord
4810
RGL_VALUE_29976 class nl.tudelft.rdfgears.rgl.datamodel.value.impl.ModifiableRecord
4811
RGL_VALUE_29978 class nl.tudelft.rdfgears.rgl.datamodel.value.impl.ModifiableRecord
4812
RGL_VALUE_29980 class nl.tudelft.rdfgears.rgl.datamodel.value.impl.ModifiableRecord
4813
RGL_VALUE_29982 class nl.tudelft.rdfgears.rgl.datamodel.value.impl.ModifiableRecord
4814
RGL_VALUE_29984 class nl.tudelft.rdfgears.rgl.datamodel.value.impl.ModifiableRecord
4815
RGL_VALUE_29986 class nl.tudelft.rdfgears.rgl.datamodel.value.impl.ModifiableRecord
4816
RGL_VALUE_29988 class nl.tudelft.rdfgears.rgl.datamodel.value.impl.ModifiableRecord
4817
RGL_VALUE_29990 class nl.tudelft.rdfgears.rgl.datamodel.value.impl.ModifiableRecord
4818
RGL_VALUE_29992 class nl.tudelft.rdfgears.rgl.datamodel.value.impl.ModifiableRecord
4819
RGL_VALUE_29994 class nl.tudelft.rdfgears.rgl.datamodel.value.impl.ModifiableRecord
4820
RGL_VALUE_29996 class nl.tudelft.rdfgears.rgl.datamodel.value.impl.ModifiableRecord
4821
RGL_VALUE_29998 class nl.tudelft.rdfgears.rgl.datamodel.value.impl.ModifiableRecord
4822
RGL_VALUE_30000 class nl.tudelft.rdfgears.rgl.datamodel.value.impl.ModifiableRecord
4823
RGL_VALUE_30002 class nl.tudelft.rdfgears.rgl.datamodel.value.impl.ModifiableRecord
4824
RGL_VALUE_30004 class nl.tudelft.rdfgears.rgl.datamodel.value.impl.ModifiableRecord
4825
RGL_VALUE_30006 class nl.tudelft.rdfgears.rgl.datamodel.value.impl.ModifiableRecord
4826
RGL_VALUE_30008 class nl.tudelft.rdfgears.rgl.datamodel.value.impl.ModifiableRecord
4827
RGL_VALUE_30010 class nl.tudelft.rdfgears.rgl.datamodel.value.impl.ModifiableRecord
4828
RGL_VALUE_30012 class nl.tudelft.rdfgears.rgl.datamodel.value.impl.ModifiableRecord
4829
RGL_VALUE_30014 class nl.tudelft.rdfgears.rgl.datamodel.value.impl.ModifiableRecord
4830
RGL_VALUE_30016 class nl.tudelft.rdfgears.rgl.datamodel.value.impl.ModifiableRecord
4831
RGL_VALUE_30018 class nl.tudelft.rdfgears.rgl.datamodel.value.impl.ModifiableRecord
4832
RGL_VALUE_30020 class nl.tudelft.rdfgears.rgl.datamodel.value.impl.ModifiableRecord
4833
RGL_VALUE_30022 class nl.tudelft.rdfgears.rgl.datamodel.value.impl.ModifiableRecord
4834
RGL_VALUE_30024 class nl.tudelft.rdfgears.rgl.datamodel.value.impl.ModifiableRecord
4835
RGL_VALUE_30026 class nl.tudelft.rdfgears.rgl.datamodel.value.impl.ModifiableRecord
4836
RGL_VALUE_30028 class nl.tudelft.rdfgears.rgl.datamodel.value.impl.ModifiableRecord
4837
RGL_VALUE_30030 class nl.tudelft.rdfgears.rgl.datamodel.value.impl.ModifiableRecord
4838
RGL_VALUE_30032 class nl.tudelft.rdfgears.rgl.datamodel.value.impl.ModifiableRecord
4839
RGL_VALUE_30034 class nl.tudelft.rdfgears.rgl.datamodel.value.impl.ModifiableRecord
4840
RGL_VALUE_30036 class nl.tudelft.rdfgears.rgl.datamodel.value.impl.ModifiableRecord
4841
RGL_VALUE_30038 class nl.tudelft.rdfgears.rgl.datamodel.value.impl.ModifiableRecord
4842
RGL_VALUE_30040 class nl.tudelft.rdfgears.rgl.datamodel.value.impl.ModifiableRecord
4843
RGL_VALUE_30042 class nl.tudelft.rdfgears.rgl.datamodel.value.impl.ModifiableRecord
4844
RGL_VALUE_30044 class nl.tudelft.rdfgears.rgl.datamodel.value.impl.ModifiableRecord
4845
RGL_VALUE_30046 class nl.tudelft.rdfgears.rgl.datamodel.value.impl.ModifiableRecord
4846
RGL_VALUE_30048 class nl.tudelft.rdfgears.rgl.datamodel.value.impl.ModifiableRecord
4847
RGL_VALUE_30050 class nl.tudelft.rdfgears.rgl.datamodel.value.impl.ModifiableRecord
4848
RGL_VALUE_30052 class nl.tudelft.rdfgears.rgl.datamodel.value.impl.ModifiableRecord
4849
RGL_VALUE_30054 class nl.tudelft.rdfgears.rgl.datamodel.value.impl.ModifiableRecord
4850
RGL_VALUE_30056 class nl.tudelft.rdfgears.rgl.datamodel.value.impl.ModifiableRecord
4851
RGL_VALUE_30058 class nl.tudelft.rdfgears.rgl.datamodel.value.impl.ModifiableRecord
4852
RGL_VALUE_30060 class nl.tudelft.rdfgears.rgl.datamodel.value.impl.ModifiableRecord
4853
RGL_VALUE_30062 class nl.tudelft.rdfgears.rgl.datamodel.value.impl.ModifiableRecord
4854
RGL_VALUE_30064 class nl.tudelft.rdfgears.rgl.datamodel.value.impl.ModifiableRecord
4855
RGL_VALUE_30066 class nl.tudelft.rdfgears.rgl.datamodel.value.impl.ModifiableRecord
4856
RGL_VALUE_30068 class nl.tudelft.rdfgears.rgl.datamodel.value.impl.ModifiableRecord
4857
RGL_VALUE_30070 class nl.tudelft.rdfgears.rgl.datamodel.value.impl.ModifiableRecord
4858
RGL_VALUE_30072 class nl.tudelft.rdfgears.rgl.datamodel.value.impl.ModifiableRecord
4859
RGL_VALUE_30074 class nl.tudelft.rdfgears.rgl.datamodel.value.impl.ModifiableRecord
4860
RGL_VALUE_30076 class nl.tudelft.rdfgears.rgl.datamodel.value.impl.ModifiableRecord
4861
RGL_VALUE_30078 class nl.tudelft.rdfgears.rgl.datamodel.value.impl.ModifiableRecord
4862
RGL_VALUE_30080 class nl.tudelft.rdfgears.rgl.datamodel.value.impl.ModifiableRecord
4863
RGL_VALUE_30082 class nl.tudelft.rdfgears.rgl.datamodel.value.impl.ModifiableRecord
4864
RGL_VALUE_30084 class nl.tudelft.rdfgears.rgl.datamodel.value.impl.ModifiableRecord
4865
RGL_VALUE_30086 class nl.tudelft.rdfgears.rgl.datamodel.value.impl.ModifiableRecord
4866
RGL_VALUE_30088 class nl.tudelft.rdfgears.rgl.datamodel.value.impl.ModifiableRecord
4867
RGL_VALUE_30090 class nl.tudelft.rdfgears.rgl.datamodel.value.impl.ModifiableRecord
4868
RGL_VALUE_30092 class nl.tudelft.rdfgears.rgl.datamodel.value.impl.ModifiableRecord
4869
RGL_VALUE_30094 class nl.tudelft.rdfgears.rgl.datamodel.value.impl.ModifiableRecord
4870
RGL_VALUE_30096 class nl.tudelft.rdfgears.rgl.datamodel.value.impl.ModifiableRecord
4871
RGL_VALUE_30098 class nl.tudelft.rdfgears.rgl.datamodel.value.impl.ModifiableRecord
4872
RGL_VALUE_30100 class nl.tudelft.rdfgears.rgl.datamodel.value.impl.ModifiableRecord
4873
RGL_VALUE_30102 class nl.tudelft.rdfgears.rgl.datamodel.value.impl.ModifiableRecord
4874
RGL_VALUE_30104 class nl.tudelft.rdfgears.rgl.datamodel.value.impl.ModifiableRecord
4875
RGL_VALUE_30106 class nl.tudelft.rdfgears.rgl.datamodel.value.impl.ModifiableRecord
4876
RGL_VALUE_30108 class nl.tudelft.rdfgears.rgl.datamodel.value.impl.ModifiableRecord
4877
RGL_VALUE_30110 class nl.tudelft.rdfgears.rgl.datamodel.value.impl.ModifiableRecord
4878
RGL_VALUE_30112 class nl.tudelft.rdfgears.rgl.datamodel.value.impl.ModifiableRecord
4879
RGL_VALUE_30114 class nl.tudelft.rdfgears.rgl.datamodel.value.impl.ModifiableRecord
4880
RGL_VALUE_30116 class nl.tudelft.rdfgears.rgl.datamodel.value.impl.ModifiableRecord
4881
RGL_VALUE_30118 class nl.tudelft.rdfgears.rgl.datamodel.value.impl.ModifiableRecord
4882
RGL_VALUE_30120 class nl.tudelft.rdfgears.rgl.datamodel.value.impl.ModifiableRecord
4883
RGL_VALUE_30122 class nl.tudelft.rdfgears.rgl.datamodel.value.impl.ModifiableRecord
4884
RGL_VALUE_30124 class nl.tudelft.rdfgears.rgl.datamodel.value.impl.ModifiableRecord
4885
RGL_VALUE_30126 class nl.tudelft.rdfgears.rgl.datamodel.value.impl.ModifiableRecord
4886
RGL_VALUE_30128 class nl.tudelft.rdfgears.rgl.datamodel.value.impl.ModifiableRecord
4887
RGL_VALUE_30130 class nl.tudelft.rdfgears.rgl.datamodel.value.impl.ModifiableRecord
4888
RGL_VALUE_30132 class nl.tudelft.rdfgears.rgl.datamodel.value.impl.ModifiableRecord
4889
RGL_VALUE_30134 class nl.tudelft.rdfgears.rgl.datamodel.value.impl.ModifiableRecord
4890
RGL_VALUE_30136 class nl.tudelft.rdfgears.rgl.datamodel.value.impl.ModifiableRecord
4891
RGL_VALUE_30138 class nl.tudelft.rdfgears.rgl.datamodel.value.impl.ModifiableRecord
4892
RGL_VALUE_30140 class nl.tudelft.rdfgears.rgl.datamodel.value.impl.ModifiableRecord
4893
RGL_VALUE_30142 class nl.tudelft.rdfgears.rgl.datamodel.value.impl.ModifiableRecord
4894
RGL_VALUE_30144 class nl.tudelft.rdfgears.rgl.datamodel.value.impl.ModifiableRecord
4895
RGL_VALUE_30146 class nl.tudelft.rdfgears.rgl.datamodel.value.impl.ModifiableRecord
4896
RGL_VALUE_30148 class nl.tudelft.rdfgears.rgl.datamodel.value.impl.ModifiableRecord
4897
RGL_VALUE_30150 class nl.tudelft.rdfgears.rgl.datamodel.value.impl.ModifiableRecord
4898
RGL_VALUE_30152 class nl.tudelft.rdfgears.rgl.datamodel.value.impl.ModifiableRecord
4899
RGL_VALUE_30154 class nl.tudelft.rdfgears.rgl.datamodel.value.impl.ModifiableRecord
4900
RGL_VALUE_30157 class nl.tudelft.rdfgears.rgl.datamodel.value.impl.ModifiableRecord
4901
RGL_VALUE_30159 class nl.tudelft.rdfgears.rgl.datamodel.value.impl.ModifiableRecord
4902
RGL_VALUE_30161 class nl.tudelft.rdfgears.rgl.datamodel.value.impl.ModifiableRecord
4903
RGL_VALUE_30163 class nl.tudelft.rdfgears.rgl.datamodel.value.impl.ModifiableRecord
4904
RGL_VALUE_30165 class nl.tudelft.rdfgears.rgl.datamodel.value.impl.ModifiableRecord
4905
RGL_VALUE_30167 class nl.tudelft.rdfgears.rgl.datamodel.value.impl.ModifiableRecord
4906
RGL_VALUE_30169 class nl.tudelft.rdfgears.rgl.datamodel.value.impl.ModifiableRecord
4907
RGL_VALUE_30171 class nl.tudelft.rdfgears.rgl.datamodel.value.impl.ModifiableRecord
4908
RGL_VALUE_30173 class nl.tudelft.rdfgears.rgl.datamodel.value.impl.ModifiableRecord
4909
RGL_VALUE_30175 class nl.tudelft.rdfgears.rgl.datamodel.value.impl.ModifiableRecord
4910
RGL_VALUE_30177 class nl.tudelft.rdfgears.rgl.datamodel.value.impl.ModifiableRecord
4911
RGL_VALUE_30179 class nl.tudelft.rdfgears.rgl.datamodel.value.impl.ModifiableRecord
4912
RGL_VALUE_30181 class nl.tudelft.rdfgears.rgl.datamodel.value.impl.ModifiableRecord
4913
RGL_VALUE_30183 class nl.tudelft.rdfgears.rgl.datamodel.value.impl.ModifiableRecord
4914
RGL_VALUE_30185 class nl.tudelft.rdfgears.rgl.datamodel.value.impl.ModifiableRecord
4915
RGL_VALUE_30187 class nl.tudelft.rdfgears.rgl.datamodel.value.impl.ModifiableRecord
4916
RGL_VALUE_30189 class nl.tudelft.rdfgears.rgl.datamodel.value.impl.ModifiableRecord
4917
RGL_VALUE_30191 class nl.tudelft.rdfgears.rgl.datamodel.value.impl.ModifiableRecord
4918
RGL_VALUE_30193 class nl.tudelft.rdfgears.rgl.datamodel.value.impl.ModifiableRecord
4919
RGL_VALUE_30195 class nl.tudelft.rdfgears.rgl.datamodel.value.impl.ModifiableRecord
4920
RGL_VALUE_30197 class nl.tudelft.rdfgears.rgl.datamodel.value.impl.ModifiableRecord
4921
RGL_VALUE_30199 class nl.tudelft.rdfgears.rgl.datamodel.value.impl.ModifiableRecord
4922
RGL_VALUE_30201 class nl.tudelft.rdfgears.rgl.datamodel.value.impl.ModifiableRecord
4923
RGL_VALUE_30203 class nl.tudelft.rdfgears.rgl.datamodel.value.impl.ModifiableRecord
4924
RGL_VALUE_30205 class nl.tudelft.rdfgears.rgl.datamodel.value.impl.ModifiableRecord
4925
RGL_VALUE_30207 class nl.tudelft.rdfgears.rgl.datamodel.value.impl.ModifiableRecord
4926
RGL_VALUE_30209 class nl.tudelft.rdfgears.rgl.datamodel.value.impl.ModifiableRecord
4927
RGL_VALUE_30211 class nl.tudelft.rdfgears.rgl.datamodel.value.impl.ModifiableRecord
4928
RGL_VALUE_30213 class nl.tudelft.rdfgears.rgl.datamodel.value.impl.ModifiableRecord
4929
RGL_VALUE_30215 class nl.tudelft.rdfgears.rgl.datamodel.value.impl.ModifiableRecord
4930
RGL_VALUE_30217 class nl.tudelft.rdfgears.rgl.datamodel.value.impl.ModifiableRecord
4931
RGL_VALUE_30219 class nl.tudelft.rdfgears.rgl.datamodel.value.impl.ModifiableRecord
4932
RGL_VALUE_30221 class nl.tudelft.rdfgears.rgl.datamodel.value.impl.ModifiableRecord
4933
RGL_VALUE_30223 class nl.tudelft.rdfgears.rgl.datamodel.value.impl.ModifiableRecord
4934
RGL_VALUE_30225 class nl.tudelft.rdfgears.rgl.datamodel.value.impl.ModifiableRecord
4935
RGL_VALUE_30227 class nl.tudelft.rdfgears.rgl.datamodel.value.impl.ModifiableRecord
4936
RGL_VALUE_30229 class nl.tudelft.rdfgears.rgl.datamodel.value.impl.ModifiableRecord
4937
RGL_VALUE_30231 class nl.tudelft.rdfgears.rgl.datamodel.value.impl.ModifiableRecord
4938
RGL_VALUE_30233 class nl.tudelft.rdfgears.rgl.datamodel.value.impl.ModifiableRecord
4939
RGL_VALUE_30235 class nl.tudelft.rdfgears.rgl.datamodel.value.impl.ModifiableRecord
4940
RGL_VALUE_30237 class nl.tudelft.rdfgears.rgl.datamodel.value.impl.ModifiableRecord
4941
RGL_VALUE_30239 class nl.tudelft.rdfgears.rgl.datamodel.value.impl.ModifiableRecord
4942
RGL_VALUE_30241 class nl.tudelft.rdfgears.rgl.datamodel.value.impl.ModifiableRecord
4943
RGL_VALUE_30243 class nl.tudelft.rdfgears.rgl.datamodel.value.impl.ModifiableRecord
4944
RGL_VALUE_30245 class nl.tudelft.rdfgears.rgl.datamodel.value.impl.ModifiableRecord
4945
RGL_VALUE_30247 class nl.tudelft.rdfgears.rgl.datamodel.value.impl.ModifiableRecord
4946
RGL_VALUE_30249 class nl.tudelft.rdfgears.rgl.datamodel.value.impl.ModifiableRecord
4947
RGL_VALUE_30251 class nl.tudelft.rdfgears.rgl.datamodel.value.impl.ModifiableRecord
4948
RGL_VALUE_30253 class nl.tudelft.rdfgears.rgl.datamodel.value.impl.ModifiableRecord
4949
RGL_VALUE_30255 class nl.tudelft.rdfgears.rgl.datamodel.value.impl.ModifiableRecord
4950
RGL_VALUE_30257 class nl.tudelft.rdfgears.rgl.datamodel.value.impl.ModifiableRecord
4951
RGL_VALUE_30259 class nl.tudelft.rdfgears.rgl.datamodel.value.impl.ModifiableRecord
4952
RGL_VALUE_30261 class nl.tudelft.rdfgears.rgl.datamodel.value.impl.ModifiableRecord
4953
RGL_VALUE_30263 class nl.tudelft.rdfgears.rgl.datamodel.value.impl.ModifiableRecord
4954
RGL_VALUE_30265 class nl.tudelft.rdfgears.rgl.datamodel.value.impl.ModifiableRecord
4955
RGL_VALUE_30267 class nl.tudelft.rdfgears.rgl.datamodel.value.impl.ModifiableRecord
4956
RGL_VALUE_30269 class nl.tudelft.rdfgears.rgl.datamodel.value.impl.ModifiableRecord
4957
RGL_VALUE_30271 class nl.tudelft.rdfgears.rgl.datamodel.value.impl.ModifiableRecord
4958
RGL_VALUE_30273 class nl.tudelft.rdfgears.rgl.datamodel.value.impl.ModifiableRecord
4959
RGL_VALUE_30275 class nl.tudelft.rdfgears.rgl.datamodel.value.impl.ModifiableRecord
4960
RGL_VALUE_30277 class nl.tudelft.rdfgears.rgl.datamodel.value.impl.ModifiableRecord
4961
RGL_VALUE_30279 class nl.tudelft.rdfgears.rgl.datamodel.value.impl.ModifiableRecord
4962
RGL_VALUE_30281 class nl.tudelft.rdfgears.rgl.datamodel.value.impl.ModifiableRecord
4963
RGL_VALUE_30283 class nl.tudelft.rdfgears.rgl.datamodel.value.impl.ModifiableRecord
4964
RGL_VALUE_30285 class nl.tudelft.rdfgears.rgl.datamodel.value.impl.ModifiableRecord
4965
RGL_VALUE_30287 class nl.tudelft.rdfgears.rgl.datamodel.value.impl.ModifiableRecord
4966
RGL_VALUE_30289 class nl.tudelft.rdfgears.rgl.datamodel.value.impl.ModifiableRecord
4967
RGL_VALUE_30291 class nl.tudelft.rdfgears.rgl.datamodel.value.impl.ModifiableRecord
4968
RGL_VALUE_30293 class nl.tudelft.rdfgears.rgl.datamodel.value.impl.ModifiableRecord
4969
RGL_VALUE_30295 class nl.tudelft.rdfgears.rgl.datamodel.value.impl.ModifiableRecord
4970
RGL_VALUE_30297 class nl.tudelft.rdfgears.rgl.datamodel.value.impl.ModifiableRecord
4971
RGL_VALUE_30299 class nl.tudelft.rdfgears.rgl.datamodel.value.impl.ModifiableRecord
4972
RGL_VALUE_30301 class nl.tudelft.rdfgears.rgl.datamodel.value.impl.ModifiableRecord
4973
RGL_VALUE_30303 class nl.tudelft.rdfgears.rgl.datamodel.value.impl.ModifiableRecord
4974
RGL_VALUE_30305 class nl.tudelft.rdfgears.rgl.datamodel.value.impl.ModifiableRecord
4975
RGL_VALUE_30307 class nl.tudelft.rdfgears.rgl.datamodel.value.impl.ModifiableRecord
4976
RGL_VALUE_30309 class nl.tudelft.rdfgears.rgl.datamodel.value.impl.ModifiableRecord
4977
RGL_VALUE_30311 class nl.tudelft.rdfgears.rgl.datamodel.value.impl.ModifiableRecord
4978
RGL_VALUE_30313 class nl.tudelft.rdfgears.rgl.datamodel.value.impl.ModifiableRecord
4979
RGL_VALUE_30315 class nl.tudelft.rdfgears.rgl.datamodel.value.impl.ModifiableRecord
4980
RGL_VALUE_30317 class nl.tudelft.rdfgears.rgl.datamodel.value.impl.ModifiableRecord
4981
RGL_VALUE_30319 class nl.tudelft.rdfgears.rgl.datamodel.value.impl.ModifiableRecord
4982
RGL_VALUE_30321 class nl.tudelft.rdfgears.rgl.datamodel.value.impl.ModifiableRecord
4983
RGL_VALUE_30323 class nl.tudelft.rdfgears.rgl.datamodel.value.impl.ModifiableRecord
4984
RGL_VALUE_30325 class nl.tudelft.rdfgears.rgl.datamodel.value.impl.ModifiableRecord
4985
RGL_VALUE_30327 class nl.tudelft.rdfgears.rgl.datamodel.value.impl.ModifiableRecord
4986
RGL_VALUE_30329 class nl.tudelft.rdfgears.rgl.datamodel.value.impl.ModifiableRecord
4987
RGL_VALUE_30331 class nl.tudelft.rdfgears.rgl.datamodel.value.impl.ModifiableRecord
4988
RGL_VALUE_30333 class nl.tudelft.rdfgears.rgl.datamodel.value.impl.ModifiableRecord
4989
RGL_VALUE_30335 class nl.tudelft.rdfgears.rgl.datamodel.value.impl.ModifiableRecord
4990
RGL_VALUE_30337 class nl.tudelft.rdfgears.rgl.datamodel.value.impl.ModifiableRecord
4991
RGL_VALUE_30339 class nl.tudelft.rdfgears.rgl.datamodel.value.impl.ModifiableRecord
4992
RGL_VALUE_30341 class nl.tudelft.rdfgears.rgl.datamodel.value.impl.ModifiableRecord
4993
RGL_VALUE_30343 class nl.tudelft.rdfgears.rgl.datamodel.value.impl.ModifiableRecord
4994
RGL_VALUE_30345 class nl.tudelft.rdfgears.rgl.datamodel.value.impl.ModifiableRecord
4995
RGL_VALUE_30347 class nl.tudelft.rdfgears.rgl.datamodel.value.impl.ModifiableRecord
4996
RGL_VALUE_30349 class nl.tudelft.rdfgears.rgl.datamodel.value.impl.ModifiableRecord
4997
RGL_VALUE_30351 class nl.tudelft.rdfgears.rgl.datamodel.value.impl.ModifiableRecord
4998
RGL_VALUE_30353 class nl.tudelft.rdfgears.rgl.datamodel.value.impl.ModifiableRecord
4999
RGL_VALUE_30355 class nl.tudelft.rdfgears.rgl.datamodel.value.impl.ModifiableRecord
5000
RGL_VALUE_30358 class nl.tudelft.rdfgears.rgl.datamodel.value.impl.ModifiableRecord
5001
RGL_VALUE_30360 class nl.tudelft.rdfgears.rgl.datamodel.value.impl.ModifiableRecord
5002
RGL_VALUE_30362 class nl.tudelft.rdfgears.rgl.datamodel.value.impl.ModifiableRecord
5003
RGL_VALUE_30364 class nl.tudelft.rdfgears.rgl.datamodel.value.impl.ModifiableRecord
5004
RGL_VALUE_30366 class nl.tudelft.rdfgears.rgl.datamodel.value.impl.ModifiableRecord
5005
RGL_VALUE_30368 class nl.tudelft.rdfgears.rgl.datamodel.value.impl.ModifiableRecord
5006
RGL_VALUE_30370 class nl.tudelft.rdfgears.rgl.datamodel.value.impl.ModifiableRecord
5007
RGL_VALUE_30372 class nl.tudelft.rdfgears.rgl.datamodel.value.impl.ModifiableRecord
5008
RGL_VALUE_30374 class nl.tudelft.rdfgears.rgl.datamodel.value.impl.ModifiableRecord
5009
RGL_VALUE_30376 class nl.tudelft.rdfgears.rgl.datamodel.value.impl.ModifiableRecord
5010
RGL_VALUE_30378 class nl.tudelft.rdfgears.rgl.datamodel.value.impl.ModifiableRecord
5011
RGL_VALUE_30380 class nl.tudelft.rdfgears.rgl.datamodel.value.impl.ModifiableRecord
5012
RGL_VALUE_30382 class nl.tudelft.rdfgears.rgl.datamodel.value.impl.ModifiableRecord
5013
RGL_VALUE_30384 class nl.tudelft.rdfgears.rgl.datamodel.value.impl.ModifiableRecord
5014
RGL_VALUE_30386 class nl.tudelft.rdfgears.rgl.datamodel.value.impl.ModifiableRecord
5015
RGL_VALUE_30388 class nl.tudelft.rdfgears.rgl.datamodel.value.impl.ModifiableRecord
5016
RGL_VALUE_30390 class nl.tudelft.rdfgears.rgl.datamodel.value.impl.ModifiableRecord
5017
RGL_VALUE_30392 class nl.tudelft.rdfgears.rgl.datamodel.value.impl.ModifiableRecord
5018
RGL_VALUE_30394 class nl.tudelft.rdfgears.rgl.datamodel.value.impl.ModifiableRecord
5019
RGL_VALUE_30396 class nl.tudelft.rdfgears.rgl.datamodel.value.impl.ModifiableRecord
5020
RGL_VALUE_30398 class nl.tudelft.rdfgears.rgl.datamodel.value.impl.ModifiableRecord
5021
RGL_VALUE_30400 class nl.tudelft.rdfgears.rgl.datamodel.value.impl.ModifiableRecord
5022
RGL_VALUE_30402 class nl.tudelft.rdfgears.rgl.datamodel.value.impl.ModifiableRecord
5023
RGL_VALUE_30404 class nl.tudelft.rdfgears.rgl.datamodel.value.impl.ModifiableRecord
5024
RGL_VALUE_30406 class nl.tudelft.rdfgears.rgl.datamodel.value.impl.ModifiableRecord
5025
RGL_VALUE_30408 class nl.tudelft.rdfgears.rgl.datamodel.value.impl.ModifiableRecord
5026
RGL_VALUE_30410 class nl.tudelft.rdfgears.rgl.datamodel.value.impl.ModifiableRecord
5027
RGL_VALUE_30412 class nl.tudelft.rdfgears.rgl.datamodel.value.impl.ModifiableRecord
5028
RGL_VALUE_30414 class nl.tudelft.rdfgears.rgl.datamodel.value.impl.ModifiableRecord
5029
RGL_VALUE_30416 class nl.tudelft.rdfgears.rgl.datamodel.value.impl.ModifiableRecord
5030
RGL_VALUE_30418 class nl.tudelft.rdfgears.rgl.datamodel.value.impl.ModifiableRecord
5031
RGL_VALUE_30420 class nl.tudelft.rdfgears.rgl.datamodel.value.impl.ModifiableRecord
5032
RGL_VALUE_30422 class nl.tudelft.rdfgears.rgl.datamodel.value.impl.ModifiableRecord
5033
RGL_VALUE_30424 class nl.tudelft.rdfgears.rgl.datamodel.value.impl.ModifiableRecord
5034
RGL_VALUE_30426 class nl.tudelft.rdfgears.rgl.datamodel.value.impl.ModifiableRecord
5035
RGL_VALUE_30428 class nl.tudelft.rdfgears.rgl.datamodel.value.impl.ModifiableRecord
5036
RGL_VALUE_30430 class nl.tudelft.rdfgears.rgl.datamodel.value.impl.ModifiableRecord
5037
RGL_VALUE_30432 class nl.tudelft.rdfgears.rgl.datamodel.value.impl.ModifiableRecord
5038
RGL_VALUE_30434 class nl.tudelft.rdfgears.rgl.datamodel.value.impl.ModifiableRecord
5039
RGL_VALUE_30436 class nl.tudelft.rdfgears.rgl.datamodel.value.impl.ModifiableRecord
5040
RGL_VALUE_30438 class nl.tudelft.rdfgears.rgl.datamodel.value.impl.ModifiableRecord
5041
RGL_VALUE_30440 class nl.tudelft.rdfgears.rgl.datamodel.value.impl.ModifiableRecord
5042
RGL_VALUE_30442 class nl.tudelft.rdfgears.rgl.datamodel.value.impl.ModifiableRecord
5043
RGL_VALUE_30444 class nl.tudelft.rdfgears.rgl.datamodel.value.impl.ModifiableRecord
5044
RGL_VALUE_30446 class nl.tudelft.rdfgears.rgl.datamodel.value.impl.ModifiableRecord
5045
RGL_VALUE_30448 class nl.tudelft.rdfgears.rgl.datamodel.value.impl.ModifiableRecord
5046
RGL_VALUE_30450 class nl.tudelft.rdfgears.rgl.datamodel.value.impl.ModifiableRecord
5047
RGL_VALUE_30452 class nl.tudelft.rdfgears.rgl.datamodel.value.impl.ModifiableRecord
5048
RGL_VALUE_30454 class nl.tudelft.rdfgears.rgl.datamodel.value.impl.ModifiableRecord
5049
RGL_VALUE_30456 class nl.tudelft.rdfgears.rgl.datamodel.value.impl.ModifiableRecord
5050
RGL_VALUE_30458 class nl.tudelft.rdfgears.rgl.datamodel.value.impl.ModifiableRecord
5051
RGL_VALUE_30460 class nl.tudelft.rdfgears.rgl.datamodel.value.impl.ModifiableRecord
5052
RGL_VALUE_30462 class nl.tudelft.rdfgears.rgl.datamodel.value.impl.ModifiableRecord
5053
RGL_VALUE_30464 class nl.tudelft.rdfgears.rgl.datamodel.value.impl.ModifiableRecord
5054
RGL_VALUE_30466 class nl.tudelft.rdfgears.rgl.datamodel.value.impl.ModifiableRecord
5055
RGL_VALUE_30468 class nl.tudelft.rdfgears.rgl.datamodel.value.impl.ModifiableRecord
5056
RGL_VALUE_30470 class nl.tudelft.rdfgears.rgl.datamodel.value.impl.ModifiableRecord
5057
RGL_VALUE_30472 class nl.tudelft.rdfgears.rgl.datamodel.value.impl.ModifiableRecord
5058
RGL_VALUE_30474 class nl.tudelft.rdfgears.rgl.datamodel.value.impl.ModifiableRecord
5059
RGL_VALUE_30476 class nl.tudelft.rdfgears.rgl.datamodel.value.impl.ModifiableRecord
5060
RGL_VALUE_30478 class nl.tudelft.rdfgears.rgl.datamodel.value.impl.ModifiableRecord
5061
RGL_VALUE_30480 class nl.tudelft.rdfgears.rgl.datamodel.value.impl.ModifiableRecord
5062
RGL_VALUE_30482 class nl.tudelft.rdfgears.rgl.datamodel.value.impl.ModifiableRecord
5063
RGL_VALUE_30484 class nl.tudelft.rdfgears.rgl.datamodel.value.impl.ModifiableRecord
5064
RGL_VALUE_30486 class nl.tudelft.rdfgears.rgl.datamodel.value.impl.ModifiableRecord
5065
RGL_VALUE_30488 class nl.tudelft.rdfgears.rgl.datamodel.value.impl.ModifiableRecord
5066
RGL_VALUE_30490 class nl.tudelft.rdfgears.rgl.datamodel.value.impl.ModifiableRecord
5067
RGL_VALUE_30492 class nl.tudelft.rdfgears.rgl.datamodel.value.impl.ModifiableRecord
5068
RGL_VALUE_30494 class nl.tudelft.rdfgears.rgl.datamodel.value.impl.ModifiableRecord
5069
RGL_VALUE_30496 class nl.tudelft.rdfgears.rgl.datamodel.value.impl.ModifiableRecord
5070
RGL_VALUE_30498 class nl.tudelft.rdfgears.rgl.datamodel.value.impl.ModifiableRecord
5071
RGL_VALUE_30500 class nl.tudelft.rdfgears.rgl.datamodel.value.impl.ModifiableRecord
5072
RGL_VALUE_30502 class nl.tudelft.rdfgears.rgl.datamodel.value.impl.ModifiableRecord
5073
RGL_VALUE_30504 class nl.tudelft.rdfgears.rgl.datamodel.value.impl.ModifiableRecord
5074
RGL_VALUE_30506 class nl.tudelft.rdfgears.rgl.datamodel.value.impl.ModifiableRecord
5075
RGL_VALUE_30508 class nl.tudelft.rdfgears.rgl.datamodel.value.impl.ModifiableRecord
5076
RGL_VALUE_30510 class nl.tudelft.rdfgears.rgl.datamodel.value.impl.ModifiableRecord
5077
RGL_VALUE_30512 class nl.tudelft.rdfgears.rgl.datamodel.value.impl.ModifiableRecord
5078
RGL_VALUE_30514 class nl.tudelft.rdfgears.rgl.datamodel.value.impl.ModifiableRecord
5079
RGL_VALUE_30516 class nl.tudelft.rdfgears.rgl.datamodel.value.impl.ModifiableRecord
5080
RGL_VALUE_30518 class nl.tudelft.rdfgears.rgl.datamodel.value.impl.ModifiableRecord
5081
RGL_VALUE_30520 class nl.tudelft.rdfgears.rgl.datamodel.value.impl.ModifiableRecord
5082
RGL_VALUE_30522 class nl.tudelft.rdfgears.rgl.datamodel.value.impl.ModifiableRecord
5083
RGL_VALUE_30524 class nl.tudelft.rdfgears.rgl.datamodel.value.impl.ModifiableRecord
5084
RGL_VALUE_30526 class nl.tudelft.rdfgears.rgl.datamodel.value.impl.ModifiableRecord
5085
RGL_VALUE_30528 class nl.tudelft.rdfgears.rgl.datamodel.value.impl.ModifiableRecord
5086
RGL_VALUE_30530 class nl.tudelft.rdfgears.rgl.datamodel.value.impl.ModifiableRecord
5087
RGL_VALUE_30532 class nl.tudelft.rdfgears.rgl.datamodel.value.impl.ModifiableRecord
5088
RGL_VALUE_30534 class nl.tudelft.rdfgears.rgl.datamodel.value.impl.ModifiableRecord
5089
RGL_VALUE_30536 class nl.tudelft.rdfgears.rgl.datamodel.value.impl.ModifiableRecord
5090
RGL_VALUE_30538 class nl.tudelft.rdfgears.rgl.datamodel.value.impl.ModifiableRecord
5091
RGL_VALUE_30540 class nl.tudelft.rdfgears.rgl.datamodel.value.impl.ModifiableRecord
5092
RGL_VALUE_30542 class nl.tudelft.rdfgears.rgl.datamodel.value.impl.ModifiableRecord
5093
RGL_VALUE_30544 class nl.tudelft.rdfgears.rgl.datamodel.value.impl.ModifiableRecord
5094
RGL_VALUE_30546 class nl.tudelft.rdfgears.rgl.datamodel.value.impl.ModifiableRecord
5095
RGL_VALUE_30548 class nl.tudelft.rdfgears.rgl.datamodel.value.impl.ModifiableRecord
5096
RGL_VALUE_30550 class nl.tudelft.rdfgears.rgl.datamodel.value.impl.ModifiableRecord
5097
RGL_VALUE_30552 class nl.tudelft.rdfgears.rgl.datamodel.value.impl.ModifiableRecord
5098
RGL_VALUE_30554 class nl.tudelft.rdfgears.rgl.datamodel.value.impl.ModifiableRecord
5099
RGL_VALUE_30556 class nl.tudelft.rdfgears.rgl.datamodel.value.impl.ModifiableRecord
5100
RGL_VALUE_30559 class nl.tudelft.rdfgears.rgl.datamodel.value.impl.ModifiableRecord
5101
RGL_VALUE_30561 class nl.tudelft.rdfgears.rgl.datamodel.value.impl.ModifiableRecord
5102
RGL_VALUE_30563 class nl.tudelft.rdfgears.rgl.datamodel.value.impl.ModifiableRecord
5103
RGL_VALUE_30565 class nl.tudelft.rdfgears.rgl.datamodel.value.impl.ModifiableRecord
5104
RGL_VALUE_30567 class nl.tudelft.rdfgears.rgl.datamodel.value.impl.ModifiableRecord
5105
RGL_VALUE_30569 class nl.tudelft.rdfgears.rgl.datamodel.value.impl.ModifiableRecord
5106
RGL_VALUE_30571 class nl.tudelft.rdfgears.rgl.datamodel.value.impl.ModifiableRecord
5107
RGL_VALUE_30573 class nl.tudelft.rdfgears.rgl.datamodel.value.impl.ModifiableRecord
5108
RGL_VALUE_30575 class nl.tudelft.rdfgears.rgl.datamodel.value.impl.ModifiableRecord
5109
RGL_VALUE_30577 class nl.tudelft.rdfgears.rgl.datamodel.value.impl.ModifiableRecord
5110
RGL_VALUE_30579 class nl.tudelft.rdfgears.rgl.datamodel.value.impl.ModifiableRecord
5111
RGL_VALUE_30581 class nl.tudelft.rdfgears.rgl.datamodel.value.impl.ModifiableRecord
5112
RGL_VALUE_30583 class nl.tudelft.rdfgears.rgl.datamodel.value.impl.ModifiableRecord
5113
RGL_VALUE_30585 class nl.tudelft.rdfgears.rgl.datamodel.value.impl.ModifiableRecord
5114
RGL_VALUE_30587 class nl.tudelft.rdfgears.rgl.datamodel.value.impl.ModifiableRecord
5115
RGL_VALUE_30589 class nl.tudelft.rdfgears.rgl.datamodel.value.impl.ModifiableRecord
5116
RGL_VALUE_30591 class nl.tudelft.rdfgears.rgl.datamodel.value.impl.ModifiableRecord
5117
RGL_VALUE_30593 class nl.tudelft.rdfgears.rgl.datamodel.value.impl.ModifiableRecord
5118
RGL_VALUE_30595 class nl.tudelft.rdfgears.rgl.datamodel.value.impl.ModifiableRecord
5119
RGL_VALUE_30597 class nl.tudelft.rdfgears.rgl.datamodel.value.impl.ModifiableRecord
5120
RGL_VALUE_30599 class nl.tudelft.rdfgears.rgl.datamodel.value.impl.ModifiableRecord
5121
RGL_VALUE_30601 class nl.tudelft.rdfgears.rgl.datamodel.value.impl.ModifiableRecord
5122
RGL_VALUE_30603 class nl.tudelft.rdfgears.rgl.datamodel.value.impl.ModifiableRecord
5123
RGL_VALUE_30605 class nl.tudelft.rdfgears.rgl.datamodel.value.impl.ModifiableRecord
5124
RGL_VALUE_30607 class nl.tudelft.rdfgears.rgl.datamodel.value.impl.ModifiableRecord
5125
RGL_VALUE_30609 class nl.tudelft.rdfgears.rgl.datamodel.value.impl.ModifiableRecord
5126
RGL_VALUE_30611 class nl.tudelft.rdfgears.rgl.datamodel.value.impl.ModifiableRecord
5127
RGL_VALUE_30613 class nl.tudelft.rdfgears.rgl.datamodel.value.impl.ModifiableRecord
5128
RGL_VALUE_30615 class nl.tudelft.rdfgears.rgl.datamodel.value.impl.ModifiableRecord
5129
RGL_VALUE_30617 class nl.tudelft.rdfgears.rgl.datamodel.value.impl.ModifiableRecord
5130
RGL_VALUE_30619 class nl.tudelft.rdfgears.rgl.datamodel.value.impl.ModifiableRecord
5131
RGL_VALUE_30621 class nl.tudelft.rdfgears.rgl.datamodel.value.impl.ModifiableRecord
5132
RGL_VALUE_30623 class nl.tudelft.rdfgears.rgl.datamodel.value.impl.ModifiableRecord
5133
RGL_VALUE_30625 class nl.tudelft.rdfgears.rgl.datamodel.value.impl.ModifiableRecord
5134
RGL_VALUE_30627 class nl.tudelft.rdfgears.rgl.datamodel.value.impl.ModifiableRecord
5135
RGL_VALUE_30629 class nl.tudelft.rdfgears.rgl.datamodel.value.impl.ModifiableRecord
5136
RGL_VALUE_30631 class nl.tudelft.rdfgears.rgl.datamodel.value.impl.ModifiableRecord
5137
RGL_VALUE_30633 class nl.tudelft.rdfgears.rgl.datamodel.value.impl.ModifiableRecord
5138
RGL_VALUE_30635 class nl.tudelft.rdfgears.rgl.datamodel.value.impl.ModifiableRecord
5139
RGL_VALUE_30637 class nl.tudelft.rdfgears.rgl.datamodel.value.impl.ModifiableRecord
5140
RGL_VALUE_30639 class nl.tudelft.rdfgears.rgl.datamodel.value.impl.ModifiableRecord
5141
RGL_VALUE_30641 class nl.tudelft.rdfgears.rgl.datamodel.value.impl.ModifiableRecord
5142
RGL_VALUE_30643 class nl.tudelft.rdfgears.rgl.datamodel.value.impl.ModifiableRecord
5143
RGL_VALUE_30645 class nl.tudelft.rdfgears.rgl.datamodel.value.impl.ModifiableRecord
5144
RGL_VALUE_30647 class nl.tudelft.rdfgears.rgl.datamodel.value.impl.ModifiableRecord
5145
RGL_VALUE_30649 class nl.tudelft.rdfgears.rgl.datamodel.value.impl.ModifiableRecord
5146
RGL_VALUE_30651 class nl.tudelft.rdfgears.rgl.datamodel.value.impl.ModifiableRecord
5147
RGL_VALUE_30653 class nl.tudelft.rdfgears.rgl.datamodel.value.impl.ModifiableRecord
5148
RGL_VALUE_30655 class nl.tudelft.rdfgears.rgl.datamodel.value.impl.ModifiableRecord
5149
RGL_VALUE_30657 class nl.tudelft.rdfgears.rgl.datamodel.value.impl.ModifiableRecord
5150
RGL_VALUE_30659 class nl.tudelft.rdfgears.rgl.datamodel.value.impl.ModifiableRecord
5151
RGL_VALUE_30661 class nl.tudelft.rdfgears.rgl.datamodel.value.impl.ModifiableRecord
5152
RGL_VALUE_30663 class nl.tudelft.rdfgears.rgl.datamodel.value.impl.ModifiableRecord
5153
RGL_VALUE_30665 class nl.tudelft.rdfgears.rgl.datamodel.value.impl.ModifiableRecord
5154
RGL_VALUE_30667 class nl.tudelft.rdfgears.rgl.datamodel.value.impl.ModifiableRecord
5155
RGL_VALUE_30669 class nl.tudelft.rdfgears.rgl.datamodel.value.impl.ModifiableRecord
5156
RGL_VALUE_30671 class nl.tudelft.rdfgears.rgl.datamodel.value.impl.ModifiableRecord
5157
RGL_VALUE_30673 class nl.tudelft.rdfgears.rgl.datamodel.value.impl.ModifiableRecord
5158
RGL_VALUE_30675 class nl.tudelft.rdfgears.rgl.datamodel.value.impl.ModifiableRecord
5159
RGL_VALUE_30677 class nl.tudelft.rdfgears.rgl.datamodel.value.impl.ModifiableRecord
5160
RGL_VALUE_30679 class nl.tudelft.rdfgears.rgl.datamodel.value.impl.ModifiableRecord
5161
RGL_VALUE_30681 class nl.tudelft.rdfgears.rgl.datamodel.value.impl.ModifiableRecord
5162
RGL_VALUE_30683 class nl.tudelft.rdfgears.rgl.datamodel.value.impl.ModifiableRecord
5163
RGL_VALUE_30685 class nl.tudelft.rdfgears.rgl.datamodel.value.impl.ModifiableRecord
5164
RGL_VALUE_30687 class nl.tudelft.rdfgears.rgl.datamodel.value.impl.ModifiableRecord
5165
RGL_VALUE_30689 class nl.tudelft.rdfgears.rgl.datamodel.value.impl.ModifiableRecord
5166
RGL_VALUE_30691 class nl.tudelft.rdfgears.rgl.datamodel.value.impl.ModifiableRecord
5167
RGL_VALUE_30693 class nl.tudelft.rdfgears.rgl.datamodel.value.impl.ModifiableRecord
5168
RGL_VALUE_30695 class nl.tudelft.rdfgears.rgl.datamodel.value.impl.ModifiableRecord
5169
RGL_VALUE_30697 class nl.tudelft.rdfgears.rgl.datamodel.value.impl.ModifiableRecord
5170
RGL_VALUE_30699 class nl.tudelft.rdfgears.rgl.datamodel.value.impl.ModifiableRecord
5171
RGL_VALUE_30701 class nl.tudelft.rdfgears.rgl.datamodel.value.impl.ModifiableRecord
5172
RGL_VALUE_30703 class nl.tudelft.rdfgears.rgl.datamodel.value.impl.ModifiableRecord
5173
RGL_VALUE_30705 class nl.tudelft.rdfgears.rgl.datamodel.value.impl.ModifiableRecord
5174
RGL_VALUE_30707 class nl.tudelft.rdfgears.rgl.datamodel.value.impl.ModifiableRecord
5175
RGL_VALUE_30709 class nl.tudelft.rdfgears.rgl.datamodel.value.impl.ModifiableRecord
5176
RGL_VALUE_30711 class nl.tudelft.rdfgears.rgl.datamodel.value.impl.ModifiableRecord
5177
RGL_VALUE_30713 class nl.tudelft.rdfgears.rgl.datamodel.value.impl.ModifiableRecord
5178
RGL_VALUE_30715 class nl.tudelft.rdfgears.rgl.datamodel.value.impl.ModifiableRecord
5179
RGL_VALUE_30717 class nl.tudelft.rdfgears.rgl.datamodel.value.impl.ModifiableRecord
5180
RGL_VALUE_30719 class nl.tudelft.rdfgears.rgl.datamodel.value.impl.ModifiableRecord
5181
RGL_VALUE_30721 class nl.tudelft.rdfgears.rgl.datamodel.value.impl.ModifiableRecord
5182
RGL_VALUE_30723 class nl.tudelft.rdfgears.rgl.datamodel.value.impl.ModifiableRecord
5183
RGL_VALUE_30725 class nl.tudelft.rdfgears.rgl.datamodel.value.impl.ModifiableRecord
5184
RGL_VALUE_30727 class nl.tudelft.rdfgears.rgl.datamodel.value.impl.ModifiableRecord
5185
RGL_VALUE_30729 class nl.tudelft.rdfgears.rgl.datamodel.value.impl.ModifiableRecord
5186
RGL_VALUE_30731 class nl.tudelft.rdfgears.rgl.datamodel.value.impl.ModifiableRecord
5187
RGL_VALUE_30733 class nl.tudelft.rdfgears.rgl.datamodel.value.impl.ModifiableRecord
5188
RGL_VALUE_30735 class nl.tudelft.rdfgears.rgl.datamodel.value.impl.ModifiableRecord
5189
RGL_VALUE_30737 class nl.tudelft.rdfgears.rgl.datamodel.value.impl.ModifiableRecord
5190
RGL_VALUE_30739 class nl.tudelft.rdfgears.rgl.datamodel.value.impl.ModifiableRecord
5191
RGL_VALUE_30741 class nl.tudelft.rdfgears.rgl.datamodel.value.impl.ModifiableRecord
5192
RGL_VALUE_30743 class nl.tudelft.rdfgears.rgl.datamodel.value.impl.ModifiableRecord
5193
RGL_VALUE_30745 class nl.tudelft.rdfgears.rgl.datamodel.value.impl.ModifiableRecord
5194
RGL_VALUE_30747 class nl.tudelft.rdfgears.rgl.datamodel.value.impl.ModifiableRecord
5195
RGL_VALUE_30749 class nl.tudelft.rdfgears.rgl.datamodel.value.impl.ModifiableRecord
5196
RGL_VALUE_30751 class nl.tudelft.rdfgears.rgl.datamodel.value.impl.ModifiableRecord
5197
RGL_VALUE_30753 class nl.tudelft.rdfgears.rgl.datamodel.value.impl.ModifiableRecord
5198
RGL_VALUE_30755 class nl.tudelft.rdfgears.rgl.datamodel.value.impl.ModifiableRecord
5199
RGL_VALUE_30757 class nl.tudelft.rdfgears.rgl.datamodel.value.impl.ModifiableRecord
5200
RGL_VALUE_30760 class nl.tudelft.rdfgears.rgl.datamodel.value.impl.ModifiableRecord
5201
RGL_VALUE_30762 class nl.tudelft.rdfgears.rgl.datamodel.value.impl.ModifiableRecord
5202
RGL_VALUE_30764 class nl.tudelft.rdfgears.rgl.datamodel.value.impl.ModifiableRecord
5203
RGL_VALUE_30766 class nl.tudelft.rdfgears.rgl.datamodel.value.impl.ModifiableRecord
5204
RGL_VALUE_30768 class nl.tudelft.rdfgears.rgl.datamodel.value.impl.ModifiableRecord
5205
RGL_VALUE_30770 class nl.tudelft.rdfgears.rgl.datamodel.value.impl.ModifiableRecord
5206
RGL_VALUE_30772 class nl.tudelft.rdfgears.rgl.datamodel.value.impl.ModifiableRecord
5207
RGL_VALUE_30774 class nl.tudelft.rdfgears.rgl.datamodel.value.impl.ModifiableRecord
5208
RGL_VALUE_30776 class nl.tudelft.rdfgears.rgl.datamodel.value.impl.ModifiableRecord
5209
RGL_VALUE_30778 class nl.tudelft.rdfgears.rgl.datamodel.value.impl.ModifiableRecord
5210
RGL_VALUE_30780 class nl.tudelft.rdfgears.rgl.datamodel.value.impl.ModifiableRecord
5211
RGL_VALUE_30782 class nl.tudelft.rdfgears.rgl.datamodel.value.impl.ModifiableRecord
5212
RGL_VALUE_30784 class nl.tudelft.rdfgears.rgl.datamodel.value.impl.ModifiableRecord
5213
RGL_VALUE_30786 class nl.tudelft.rdfgears.rgl.datamodel.value.impl.ModifiableRecord
5214
RGL_VALUE_30788 class nl.tudelft.rdfgears.rgl.datamodel.value.impl.ModifiableRecord
5215
RGL_VALUE_30790 class nl.tudelft.rdfgears.rgl.datamodel.value.impl.ModifiableRecord
5216
RGL_VALUE_30792 class nl.tudelft.rdfgears.rgl.datamodel.value.impl.ModifiableRecord
5217
RGL_VALUE_30794 class nl.tudelft.rdfgears.rgl.datamodel.value.impl.ModifiableRecord
5218
RGL_VALUE_30796 class nl.tudelft.rdfgears.rgl.datamodel.value.impl.ModifiableRecord
5219
RGL_VALUE_30798 class nl.tudelft.rdfgears.rgl.datamodel.value.impl.ModifiableRecord
5220
RGL_VALUE_30800 class nl.tudelft.rdfgears.rgl.datamodel.value.impl.ModifiableRecord
5221
RGL_VALUE_30802 class nl.tudelft.rdfgears.rgl.datamodel.value.impl.ModifiableRecord
5222
RGL_VALUE_30804 class nl.tudelft.rdfgears.rgl.datamodel.value.impl.ModifiableRecord
5223
RGL_VALUE_30806 class nl.tudelft.rdfgears.rgl.datamodel.value.impl.ModifiableRecord
5224
RGL_VALUE_30808 class nl.tudelft.rdfgears.rgl.datamodel.value.impl.ModifiableRecord
5225
RGL_VALUE_30810 class nl.tudelft.rdfgears.rgl.datamodel.value.impl.ModifiableRecord
5226
RGL_VALUE_30812 class nl.tudelft.rdfgears.rgl.datamodel.value.impl.ModifiableRecord
5227
RGL_VALUE_30814 class nl.tudelft.rdfgears.rgl.datamodel.value.impl.ModifiableRecord
5228
RGL_VALUE_30816 class nl.tudelft.rdfgears.rgl.datamodel.value.impl.ModifiableRecord
5229
RGL_VALUE_30818 class nl.tudelft.rdfgears.rgl.datamodel.value.impl.ModifiableRecord
5230
RGL_VALUE_30820 class nl.tudelft.rdfgears.rgl.datamodel.value.impl.ModifiableRecord
5231
RGL_VALUE_30822 class nl.tudelft.rdfgears.rgl.datamodel.value.impl.ModifiableRecord
5232
RGL_VALUE_30824 class nl.tudelft.rdfgears.rgl.datamodel.value.impl.ModifiableRecord
5233
RGL_VALUE_30826 class nl.tudelft.rdfgears.rgl.datamodel.value.impl.ModifiableRecord
5234
RGL_VALUE_30828 class nl.tudelft.rdfgears.rgl.datamodel.value.impl.ModifiableRecord
5235
RGL_VALUE_30830 class nl.tudelft.rdfgears.rgl.datamodel.value.impl.ModifiableRecord
5236
RGL_VALUE_30832 class nl.tudelft.rdfgears.rgl.datamodel.value.impl.ModifiableRecord
5237
RGL_VALUE_30834 class nl.tudelft.rdfgears.rgl.datamodel.value.impl.ModifiableRecord
5238
RGL_VALUE_30836 class nl.tudelft.rdfgears.rgl.datamodel.value.impl.ModifiableRecord
5239
RGL_VALUE_30838 class nl.tudelft.rdfgears.rgl.datamodel.value.impl.ModifiableRecord
5240
RGL_VALUE_30840 class nl.tudelft.rdfgears.rgl.datamodel.value.impl.ModifiableRecord
5241
RGL_VALUE_30842 class nl.tudelft.rdfgears.rgl.datamodel.value.impl.ModifiableRecord
5242
RGL_VALUE_30844 class nl.tudelft.rdfgears.rgl.datamodel.value.impl.ModifiableRecord
5243
RGL_VALUE_30846 class nl.tudelft.rdfgears.rgl.datamodel.value.impl.ModifiableRecord
5244
RGL_VALUE_30848 class nl.tudelft.rdfgears.rgl.datamodel.value.impl.ModifiableRecord
5245
RGL_VALUE_30850 class nl.tudelft.rdfgears.rgl.datamodel.value.impl.ModifiableRecord
5246
RGL_VALUE_30852 class nl.tudelft.rdfgears.rgl.datamodel.value.impl.ModifiableRecord
5247
RGL_VALUE_30854 class nl.tudelft.rdfgears.rgl.datamodel.value.impl.ModifiableRecord
5248
RGL_VALUE_30856 class nl.tudelft.rdfgears.rgl.datamodel.value.impl.ModifiableRecord
5249
RGL_VALUE_30858 class nl.tudelft.rdfgears.rgl.datamodel.value.impl.ModifiableRecord
5250
RGL_VALUE_30860 class nl.tudelft.rdfgears.rgl.datamodel.value.impl.ModifiableRecord
5251
RGL_VALUE_30862 class nl.tudelft.rdfgears.rgl.datamodel.value.impl.ModifiableRecord
5252
RGL_VALUE_30864 class nl.tudelft.rdfgears.rgl.datamodel.value.impl.ModifiableRecord
5253
RGL_VALUE_30866 class nl.tudelft.rdfgears.rgl.datamodel.value.impl.ModifiableRecord
5254
RGL_VALUE_30868 class nl.tudelft.rdfgears.rgl.datamodel.value.impl.ModifiableRecord
5255
RGL_VALUE_30870 class nl.tudelft.rdfgears.rgl.datamodel.value.impl.ModifiableRecord
5256
RGL_VALUE_30872 class nl.tudelft.rdfgears.rgl.datamodel.value.impl.ModifiableRecord
5257
RGL_VALUE_30874 class nl.tudelft.rdfgears.rgl.datamodel.value.impl.ModifiableRecord
5258
RGL_VALUE_30876 class nl.tudelft.rdfgears.rgl.datamodel.value.impl.ModifiableRecord
5259
RGL_VALUE_30878 class nl.tudelft.rdfgears.rgl.datamodel.value.impl.ModifiableRecord
5260
RGL_VALUE_30880 class nl.tudelft.rdfgears.rgl.datamodel.value.impl.ModifiableRecord
5261
RGL_VALUE_30882 class nl.tudelft.rdfgears.rgl.datamodel.value.impl.ModifiableRecord
5262
RGL_VALUE_30884 class nl.tudelft.rdfgears.rgl.datamodel.value.impl.ModifiableRecord
5263
RGL_VALUE_30886 class nl.tudelft.rdfgears.rgl.datamodel.value.impl.ModifiableRecord
5264
RGL_VALUE_30888 class nl.tudelft.rdfgears.rgl.datamodel.value.impl.ModifiableRecord
5265
RGL_VALUE_30890 class nl.tudelft.rdfgears.rgl.datamodel.value.impl.ModifiableRecord
5266
RGL_VALUE_30892 class nl.tudelft.rdfgears.rgl.datamodel.value.impl.ModifiableRecord
5267
RGL_VALUE_30894 class nl.tudelft.rdfgears.rgl.datamodel.value.impl.ModifiableRecord
5268
RGL_VALUE_30896 class nl.tudelft.rdfgears.rgl.datamodel.value.impl.ModifiableRecord
5269
RGL_VALUE_30898 class nl.tudelft.rdfgears.rgl.datamodel.value.impl.ModifiableRecord
5270
RGL_VALUE_30900 class nl.tudelft.rdfgears.rgl.datamodel.value.impl.ModifiableRecord
5271
RGL_VALUE_30902 class nl.tudelft.rdfgears.rgl.datamodel.value.impl.ModifiableRecord
5272
RGL_VALUE_30904 class nl.tudelft.rdfgears.rgl.datamodel.value.impl.ModifiableRecord
5273
RGL_VALUE_30906 class nl.tudelft.rdfgears.rgl.datamodel.value.impl.ModifiableRecord
5274
RGL_VALUE_30908 class nl.tudelft.rdfgears.rgl.datamodel.value.impl.ModifiableRecord
5275
RGL_VALUE_30910 class nl.tudelft.rdfgears.rgl.datamodel.value.impl.ModifiableRecord
5276
RGL_VALUE_30912 class nl.tudelft.rdfgears.rgl.datamodel.value.impl.ModifiableRecord
5277
RGL_VALUE_30914 class nl.tudelft.rdfgears.rgl.datamodel.value.impl.ModifiableRecord
5278
RGL_VALUE_30916 class nl.tudelft.rdfgears.rgl.datamodel.value.impl.ModifiableRecord
5279
RGL_VALUE_30918 class nl.tudelft.rdfgears.rgl.datamodel.value.impl.ModifiableRecord
5280
RGL_VALUE_30920 class nl.tudelft.rdfgears.rgl.datamodel.value.impl.ModifiableRecord
5281
RGL_VALUE_30922 class nl.tudelft.rdfgears.rgl.datamodel.value.impl.ModifiableRecord
5282
RGL_VALUE_30924 class nl.tudelft.rdfgears.rgl.datamodel.value.impl.ModifiableRecord
5283
RGL_VALUE_30926 class nl.tudelft.rdfgears.rgl.datamodel.value.impl.ModifiableRecord
5284
RGL_VALUE_30928 class nl.tudelft.rdfgears.rgl.datamodel.value.impl.ModifiableRecord
5285
RGL_VALUE_30930 class nl.tudelft.rdfgears.rgl.datamodel.value.impl.ModifiableRecord
5286
RGL_VALUE_30932 class nl.tudelft.rdfgears.rgl.datamodel.value.impl.ModifiableRecord
5287
RGL_VALUE_30934 class nl.tudelft.rdfgears.rgl.datamodel.value.impl.ModifiableRecord
5288
RGL_VALUE_30936 class nl.tudelft.rdfgears.rgl.datamodel.value.impl.ModifiableRecord
5289
RGL_VALUE_30938 class nl.tudelft.rdfgears.rgl.datamodel.value.impl.ModifiableRecord
5290
RGL_VALUE_30940 class nl.tudelft.rdfgears.rgl.datamodel.value.impl.ModifiableRecord
5291
RGL_VALUE_30942 class nl.tudelft.rdfgears.rgl.datamodel.value.impl.ModifiableRecord
5292
RGL_VALUE_30944 class nl.tudelft.rdfgears.rgl.datamodel.value.impl.ModifiableRecord
5293
RGL_VALUE_30946 class nl.tudelft.rdfgears.rgl.datamodel.value.impl.ModifiableRecord
5294
RGL_VALUE_30948 class nl.tudelft.rdfgears.rgl.datamodel.value.impl.ModifiableRecord
5295
RGL_VALUE_30950 class nl.tudelft.rdfgears.rgl.datamodel.value.impl.ModifiableRecord
5296
RGL_VALUE_30952 class nl.tudelft.rdfgears.rgl.datamodel.value.impl.ModifiableRecord
5297
RGL_VALUE_30954 class nl.tudelft.rdfgears.rgl.datamodel.value.impl.ModifiableRecord
5298
RGL_VALUE_30956 class nl.tudelft.rdfgears.rgl.datamodel.value.impl.ModifiableRecord
5299
RGL_VALUE_30958 class nl.tudelft.rdfgears.rgl.datamodel.value.impl.ModifiableRecord
5300
RGL_VALUE_30961 class nl.tudelft.rdfgears.rgl.datamodel.value.impl.ModifiableRecord
5301
RGL_VALUE_30963 class nl.tudelft.rdfgears.rgl.datamodel.value.impl.ModifiableRecord
5302
RGL_VALUE_30965 class nl.tudelft.rdfgears.rgl.datamodel.value.impl.ModifiableRecord
5303
RGL_VALUE_30967 class nl.tudelft.rdfgears.rgl.datamodel.value.impl.ModifiableRecord
5304
RGL_VALUE_30969 class nl.tudelft.rdfgears.rgl.datamodel.value.impl.ModifiableRecord
5305
RGL_VALUE_30971 class nl.tudelft.rdfgears.rgl.datamodel.value.impl.ModifiableRecord
5306
RGL_VALUE_30973 class nl.tudelft.rdfgears.rgl.datamodel.value.impl.ModifiableRecord
5307
RGL_VALUE_30975 class nl.tudelft.rdfgears.rgl.datamodel.value.impl.ModifiableRecord
5308
RGL_VALUE_30977 class nl.tudelft.rdfgears.rgl.datamodel.value.impl.ModifiableRecord
5309
RGL_VALUE_30979 class nl.tudelft.rdfgears.rgl.datamodel.value.impl.ModifiableRecord
5310
RGL_VALUE_30981 class nl.tudelft.rdfgears.rgl.datamodel.value.impl.ModifiableRecord
5311
RGL_VALUE_30983 class nl.tudelft.rdfgears.rgl.datamodel.value.impl.ModifiableRecord
5312
RGL_VALUE_30985 class nl.tudelft.rdfgears.rgl.datamodel.value.impl.ModifiableRecord
5313
RGL_VALUE_30987 class nl.tudelft.rdfgears.rgl.datamodel.value.impl.ModifiableRecord
5314
RGL_VALUE_30989 class nl.tudelft.rdfgears.rgl.datamodel.value.impl.ModifiableRecord
5315
RGL_VALUE_30991 class nl.tudelft.rdfgears.rgl.datamodel.value.impl.ModifiableRecord
5316
RGL_VALUE_30993 class nl.tudelft.rdfgears.rgl.datamodel.value.impl.ModifiableRecord
5317
RGL_VALUE_30995 class nl.tudelft.rdfgears.rgl.datamodel.value.impl.ModifiableRecord
5318
RGL_VALUE_30997 class nl.tudelft.rdfgears.rgl.datamodel.value.impl.ModifiableRecord
5319
RGL_VALUE_30999 class nl.tudelft.rdfgears.rgl.datamodel.value.impl.ModifiableRecord
5320
RGL_VALUE_31001 class nl.tudelft.rdfgears.rgl.datamodel.value.impl.ModifiableRecord
5321
RGL_VALUE_31003 class nl.tudelft.rdfgears.rgl.datamodel.value.impl.ModifiableRecord
5322
RGL_VALUE_31005 class nl.tudelft.rdfgears.rgl.datamodel.value.impl.ModifiableRecord
5323
RGL_VALUE_31007 class nl.tudelft.rdfgears.rgl.datamodel.value.impl.ModifiableRecord
5324
RGL_VALUE_31009 class nl.tudelft.rdfgears.rgl.datamodel.value.impl.ModifiableRecord
5325
RGL_VALUE_31011 class nl.tudelft.rdfgears.rgl.datamodel.value.impl.ModifiableRecord
5326
RGL_VALUE_31013 class nl.tudelft.rdfgears.rgl.datamodel.value.impl.ModifiableRecord
5327
RGL_VALUE_31015 class nl.tudelft.rdfgears.rgl.datamodel.value.impl.ModifiableRecord
5328
RGL_VALUE_31017 class nl.tudelft.rdfgears.rgl.datamodel.value.impl.ModifiableRecord
5329
RGL_VALUE_31019 class nl.tudelft.rdfgears.rgl.datamodel.value.impl.ModifiableRecord
5330
RGL_VALUE_31021 class nl.tudelft.rdfgears.rgl.datamodel.value.impl.ModifiableRecord
5331
RGL_VALUE_31023 class nl.tudelft.rdfgears.rgl.datamodel.value.impl.ModifiableRecord
5332
RGL_VALUE_31025 class nl.tudelft.rdfgears.rgl.datamodel.value.impl.ModifiableRecord
5333
RGL_VALUE_31027 class nl.tudelft.rdfgears.rgl.datamodel.value.impl.ModifiableRecord
5334
RGL_VALUE_31029 class nl.tudelft.rdfgears.rgl.datamodel.value.impl.ModifiableRecord
5335
RGL_VALUE_31031 class nl.tudelft.rdfgears.rgl.datamodel.value.impl.ModifiableRecord
5336
RGL_VALUE_31033 class nl.tudelft.rdfgears.rgl.datamodel.value.impl.ModifiableRecord
5337
RGL_VALUE_31035 class nl.tudelft.rdfgears.rgl.datamodel.value.impl.ModifiableRecord
5338
RGL_VALUE_31037 class nl.tudelft.rdfgears.rgl.datamodel.value.impl.ModifiableRecord
5339
RGL_VALUE_31039 class nl.tudelft.rdfgears.rgl.datamodel.value.impl.ModifiableRecord
5340
RGL_VALUE_31041 class nl.tudelft.rdfgears.rgl.datamodel.value.impl.ModifiableRecord
5341
RGL_VALUE_31043 class nl.tudelft.rdfgears.rgl.datamodel.value.impl.ModifiableRecord
5342
RGL_VALUE_31045 class nl.tudelft.rdfgears.rgl.datamodel.value.impl.ModifiableRecord
5343
RGL_VALUE_31047 class nl.tudelft.rdfgears.rgl.datamodel.value.impl.ModifiableRecord
5344
RGL_VALUE_31049 class nl.tudelft.rdfgears.rgl.datamodel.value.impl.ModifiableRecord
5345
RGL_VALUE_31051 class nl.tudelft.rdfgears.rgl.datamodel.value.impl.ModifiableRecord
5346
RGL_VALUE_31053 class nl.tudelft.rdfgears.rgl.datamodel.value.impl.ModifiableRecord
5347
RGL_VALUE_31055 class nl.tudelft.rdfgears.rgl.datamodel.value.impl.ModifiableRecord
5348
RGL_VALUE_31057 class nl.tudelft.rdfgears.rgl.datamodel.value.impl.ModifiableRecord
5349
RGL_VALUE_31059 class nl.tudelft.rdfgears.rgl.datamodel.value.impl.ModifiableRecord
5350
RGL_VALUE_31061 class nl.tudelft.rdfgears.rgl.datamodel.value.impl.ModifiableRecord
5351
RGL_VALUE_31063 class nl.tudelft.rdfgears.rgl.datamodel.value.impl.ModifiableRecord
5352
RGL_VALUE_31065 class nl.tudelft.rdfgears.rgl.datamodel.value.impl.ModifiableRecord
5353
RGL_VALUE_31067 class nl.tudelft.rdfgears.rgl.datamodel.value.impl.ModifiableRecord
5354
RGL_VALUE_31069 class nl.tudelft.rdfgears.rgl.datamodel.value.impl.ModifiableRecord
5355
RGL_VALUE_31071 class nl.tudelft.rdfgears.rgl.datamodel.value.impl.ModifiableRecord
5356
RGL_VALUE_31073 class nl.tudelft.rdfgears.rgl.datamodel.value.impl.ModifiableRecord
5357
RGL_VALUE_31075 class nl.tudelft.rdfgears.rgl.datamodel.value.impl.ModifiableRecord
5358
RGL_VALUE_31077 class nl.tudelft.rdfgears.rgl.datamodel.value.impl.ModifiableRecord
5359
RGL_VALUE_31079 class nl.tudelft.rdfgears.rgl.datamodel.value.impl.ModifiableRecord
5360
RGL_VALUE_31081 class nl.tudelft.rdfgears.rgl.datamodel.value.impl.ModifiableRecord
5361
RGL_VALUE_31083 class nl.tudelft.rdfgears.rgl.datamodel.value.impl.ModifiableRecord
5362
RGL_VALUE_31085 class nl.tudelft.rdfgears.rgl.datamodel.value.impl.ModifiableRecord
5363
RGL_VALUE_31087 class nl.tudelft.rdfgears.rgl.datamodel.value.impl.ModifiableRecord
5364
RGL_VALUE_31089 class nl.tudelft.rdfgears.rgl.datamodel.value.impl.ModifiableRecord
5365
RGL_VALUE_31091 class nl.tudelft.rdfgears.rgl.datamodel.value.impl.ModifiableRecord
5366
RGL_VALUE_31093 class nl.tudelft.rdfgears.rgl.datamodel.value.impl.ModifiableRecord
5367
RGL_VALUE_31095 class nl.tudelft.rdfgears.rgl.datamodel.value.impl.ModifiableRecord
5368
RGL_VALUE_31097 class nl.tudelft.rdfgears.rgl.datamodel.value.impl.ModifiableRecord
5369
RGL_VALUE_31099 class nl.tudelft.rdfgears.rgl.datamodel.value.impl.ModifiableRecord
5370
RGL_VALUE_31101 class nl.tudelft.rdfgears.rgl.datamodel.value.impl.ModifiableRecord
5371
RGL_VALUE_31103 class nl.tudelft.rdfgears.rgl.datamodel.value.impl.ModifiableRecord
5372
RGL_VALUE_31105 class nl.tudelft.rdfgears.rgl.datamodel.value.impl.ModifiableRecord
5373
RGL_VALUE_31107 class nl.tudelft.rdfgears.rgl.datamodel.value.impl.ModifiableRecord
5374
RGL_VALUE_31109 class nl.tudelft.rdfgears.rgl.datamodel.value.impl.ModifiableRecord
5375
RGL_VALUE_31111 class nl.tudelft.rdfgears.rgl.datamodel.value.impl.ModifiableRecord
5376
RGL_VALUE_31113 class nl.tudelft.rdfgears.rgl.datamodel.value.impl.ModifiableRecord
5377
RGL_VALUE_31115 class nl.tudelft.rdfgears.rgl.datamodel.value.impl.ModifiableRecord
5378
RGL_VALUE_31117 class nl.tudelft.rdfgears.rgl.datamodel.value.impl.ModifiableRecord
5379
RGL_VALUE_31119 class nl.tudelft.rdfgears.rgl.datamodel.value.impl.ModifiableRecord
5380
RGL_VALUE_31121 class nl.tudelft.rdfgears.rgl.datamodel.value.impl.ModifiableRecord
5381
RGL_VALUE_31123 class nl.tudelft.rdfgears.rgl.datamodel.value.impl.ModifiableRecord
5382
RGL_VALUE_31125 class nl.tudelft.rdfgears.rgl.datamodel.value.impl.ModifiableRecord
5383
RGL_VALUE_31127 class nl.tudelft.rdfgears.rgl.datamodel.value.impl.ModifiableRecord
5384
RGL_VALUE_31129 class nl.tudelft.rdfgears.rgl.datamodel.value.impl.ModifiableRecord
5385
RGL_VALUE_31131 class nl.tudelft.rdfgears.rgl.datamodel.value.impl.ModifiableRecord
5386
RGL_VALUE_31133 class nl.tudelft.rdfgears.rgl.datamodel.value.impl.ModifiableRecord
5387
RGL_VALUE_31135 class nl.tudelft.rdfgears.rgl.datamodel.value.impl.ModifiableRecord
5388
RGL_VALUE_31137 class nl.tudelft.rdfgears.rgl.datamodel.value.impl.ModifiableRecord
5389
RGL_VALUE_31139 class nl.tudelft.rdfgears.rgl.datamodel.value.impl.ModifiableRecord
5390
RGL_VALUE_31141 class nl.tudelft.rdfgears.rgl.datamodel.value.impl.ModifiableRecord
5391
RGL_VALUE_31143 class nl.tudelft.rdfgears.rgl.datamodel.value.impl.ModifiableRecord
5392
RGL_VALUE_31145 class nl.tudelft.rdfgears.rgl.datamodel.value.impl.ModifiableRecord
5393
RGL_VALUE_31147 class nl.tudelft.rdfgears.rgl.datamodel.value.impl.ModifiableRecord
5394
RGL_VALUE_31149 class nl.tudelft.rdfgears.rgl.datamodel.value.impl.ModifiableRecord
5395
RGL_VALUE_31151 class nl.tudelft.rdfgears.rgl.datamodel.value.impl.ModifiableRecord
5396
RGL_VALUE_31153 class nl.tudelft.rdfgears.rgl.datamodel.value.impl.ModifiableRecord
5397
RGL_VALUE_31155 class nl.tudelft.rdfgears.rgl.datamodel.value.impl.ModifiableRecord
5398
RGL_VALUE_31157 class nl.tudelft.rdfgears.rgl.datamodel.value.impl.ModifiableRecord
5399
RGL_VALUE_31159 class nl.tudelft.rdfgears.rgl.datamodel.value.impl.ModifiableRecord
5400
RGL_VALUE_31162 class nl.tudelft.rdfgears.rgl.datamodel.value.impl.ModifiableRecord
5401
RGL_VALUE_31164 class nl.tudelft.rdfgears.rgl.datamodel.value.impl.ModifiableRecord
5402
RGL_VALUE_31166 class nl.tudelft.rdfgears.rgl.datamodel.value.impl.ModifiableRecord
5403
RGL_VALUE_31168 class nl.tudelft.rdfgears.rgl.datamodel.value.impl.ModifiableRecord
5404
RGL_VALUE_31170 class nl.tudelft.rdfgears.rgl.datamodel.value.impl.ModifiableRecord
5405
RGL_VALUE_31172 class nl.tudelft.rdfgears.rgl.datamodel.value.impl.ModifiableRecord
5406
RGL_VALUE_31174 class nl.tudelft.rdfgears.rgl.datamodel.value.impl.ModifiableRecord
5407
RGL_VALUE_31176 class nl.tudelft.rdfgears.rgl.datamodel.value.impl.ModifiableRecord
5408
RGL_VALUE_31178 class nl.tudelft.rdfgears.rgl.datamodel.value.impl.ModifiableRecord
5409
RGL_VALUE_31180 class nl.tudelft.rdfgears.rgl.datamodel.value.impl.ModifiableRecord
5410
RGL_VALUE_31182 class nl.tudelft.rdfgears.rgl.datamodel.value.impl.ModifiableRecord
5411
RGL_VALUE_31184 class nl.tudelft.rdfgears.rgl.datamodel.value.impl.ModifiableRecord
5412
RGL_VALUE_31186 class nl.tudelft.rdfgears.rgl.datamodel.value.impl.ModifiableRecord
5413
RGL_VALUE_31188 class nl.tudelft.rdfgears.rgl.datamodel.value.impl.ModifiableRecord
5414
RGL_VALUE_31190 class nl.tudelft.rdfgears.rgl.datamodel.value.impl.ModifiableRecord
5415
RGL_VALUE_31192 class nl.tudelft.rdfgears.rgl.datamodel.value.impl.ModifiableRecord
5416
RGL_VALUE_31194 class nl.tudelft.rdfgears.rgl.datamodel.value.impl.ModifiableRecord
5417
RGL_VALUE_31196 class nl.tudelft.rdfgears.rgl.datamodel.value.impl.ModifiableRecord
5418
RGL_VALUE_31198 class nl.tudelft.rdfgears.rgl.datamodel.value.impl.ModifiableRecord
5419
RGL_VALUE_31200 class nl.tudelft.rdfgears.rgl.datamodel.value.impl.ModifiableRecord
5420
RGL_VALUE_31202 class nl.tudelft.rdfgears.rgl.datamodel.value.impl.ModifiableRecord
5421
RGL_VALUE_31204 class nl.tudelft.rdfgears.rgl.datamodel.value.impl.ModifiableRecord
5422
RGL_VALUE_31206 class nl.tudelft.rdfgears.rgl.datamodel.value.impl.ModifiableRecord
5423
RGL_VALUE_31208 class nl.tudelft.rdfgears.rgl.datamodel.value.impl.ModifiableRecord
5424
RGL_VALUE_31210 class nl.tudelft.rdfgears.rgl.datamodel.value.impl.ModifiableRecord
5425
RGL_VALUE_31212 class nl.tudelft.rdfgears.rgl.datamodel.value.impl.ModifiableRecord
5426
RGL_VALUE_31214 class nl.tudelft.rdfgears.rgl.datamodel.value.impl.ModifiableRecord
5427
RGL_VALUE_31216 class nl.tudelft.rdfgears.rgl.datamodel.value.impl.ModifiableRecord
5428
RGL_VALUE_31218 class nl.tudelft.rdfgears.rgl.datamodel.value.impl.ModifiableRecord
5429
RGL_VALUE_31220 class nl.tudelft.rdfgears.rgl.datamodel.value.impl.ModifiableRecord
5430
RGL_VALUE_31222 class nl.tudelft.rdfgears.rgl.datamodel.value.impl.ModifiableRecord
5431
RGL_VALUE_31224 class nl.tudelft.rdfgears.rgl.datamodel.value.impl.ModifiableRecord
5432
RGL_VALUE_31226 class nl.tudelft.rdfgears.rgl.datamodel.value.impl.ModifiableRecord
5433
RGL_VALUE_31228 class nl.tudelft.rdfgears.rgl.datamodel.value.impl.ModifiableRecord
5434
RGL_VALUE_31230 class nl.tudelft.rdfgears.rgl.datamodel.value.impl.ModifiableRecord
5435
RGL_VALUE_31232 class nl.tudelft.rdfgears.rgl.datamodel.value.impl.ModifiableRecord
5436
RGL_VALUE_31234 class nl.tudelft.rdfgears.rgl.datamodel.value.impl.ModifiableRecord
5437
RGL_VALUE_31236 class nl.tudelft.rdfgears.rgl.datamodel.value.impl.ModifiableRecord
5438
RGL_VALUE_31238 class nl.tudelft.rdfgears.rgl.datamodel.value.impl.ModifiableRecord
5439
RGL_VALUE_31240 class nl.tudelft.rdfgears.rgl.datamodel.value.impl.ModifiableRecord
5440
RGL_VALUE_31242 class nl.tudelft.rdfgears.rgl.datamodel.value.impl.ModifiableRecord
5441
RGL_VALUE_31244 class nl.tudelft.rdfgears.rgl.datamodel.value.impl.ModifiableRecord
5442
RGL_VALUE_31246 class nl.tudelft.rdfgears.rgl.datamodel.value.impl.ModifiableRecord
5443
RGL_VALUE_31248 class nl.tudelft.rdfgears.rgl.datamodel.value.impl.ModifiableRecord
5444
RGL_VALUE_31250 class nl.tudelft.rdfgears.rgl.datamodel.value.impl.ModifiableRecord
5445
RGL_VALUE_31252 class nl.tudelft.rdfgears.rgl.datamodel.value.impl.ModifiableRecord
5446
RGL_VALUE_31254 class nl.tudelft.rdfgears.rgl.datamodel.value.impl.ModifiableRecord
5447
RGL_VALUE_31256 class nl.tudelft.rdfgears.rgl.datamodel.value.impl.ModifiableRecord
5448
RGL_VALUE_31258 class nl.tudelft.rdfgears.rgl.datamodel.value.impl.ModifiableRecord
5449
RGL_VALUE_31260 class nl.tudelft.rdfgears.rgl.datamodel.value.impl.ModifiableRecord
5450
RGL_VALUE_31262 class nl.tudelft.rdfgears.rgl.datamodel.value.impl.ModifiableRecord
5451
RGL_VALUE_31264 class nl.tudelft.rdfgears.rgl.datamodel.value.impl.ModifiableRecord
5452
RGL_VALUE_31266 class nl.tudelft.rdfgears.rgl.datamodel.value.impl.ModifiableRecord
5453
RGL_VALUE_31268 class nl.tudelft.rdfgears.rgl.datamodel.value.impl.ModifiableRecord
5454
RGL_VALUE_31270 class nl.tudelft.rdfgears.rgl.datamodel.value.impl.ModifiableRecord
5455
RGL_VALUE_31272 class nl.tudelft.rdfgears.rgl.datamodel.value.impl.ModifiableRecord
5456
RGL_VALUE_31274 class nl.tudelft.rdfgears.rgl.datamodel.value.impl.ModifiableRecord
5457
RGL_VALUE_31276 class nl.tudelft.rdfgears.rgl.datamodel.value.impl.ModifiableRecord
5458
RGL_VALUE_31278 class nl.tudelft.rdfgears.rgl.datamodel.value.impl.ModifiableRecord
5459
RGL_VALUE_31280 class nl.tudelft.rdfgears.rgl.datamodel.value.impl.ModifiableRecord
5460
RGL_VALUE_31282 class nl.tudelft.rdfgears.rgl.datamodel.value.impl.ModifiableRecord
5461
RGL_VALUE_31284 class nl.tudelft.rdfgears.rgl.datamodel.value.impl.ModifiableRecord
5462
RGL_VALUE_31286 class nl.tudelft.rdfgears.rgl.datamodel.value.impl.ModifiableRecord
5463
RGL_VALUE_31288 class nl.tudelft.rdfgears.rgl.datamodel.value.impl.ModifiableRecord
5464
RGL_VALUE_31290 class nl.tudelft.rdfgears.rgl.datamodel.value.impl.ModifiableRecord
5465
RGL_VALUE_31292 class nl.tudelft.rdfgears.rgl.datamodel.value.impl.ModifiableRecord
5466
RGL_VALUE_31294 class nl.tudelft.rdfgears.rgl.datamodel.value.impl.ModifiableRecord
5467
RGL_VALUE_31296 class nl.tudelft.rdfgears.rgl.datamodel.value.impl.ModifiableRecord
5468
RGL_VALUE_31298 class nl.tudelft.rdfgears.rgl.datamodel.value.impl.ModifiableRecord
5469
RGL_VALUE_31300 class nl.tudelft.rdfgears.rgl.datamodel.value.impl.ModifiableRecord
5470
RGL_VALUE_31302 class nl.tudelft.rdfgears.rgl.datamodel.value.impl.ModifiableRecord
5471
RGL_VALUE_31304 class nl.tudelft.rdfgears.rgl.datamodel.value.impl.ModifiableRecord
5472
RGL_VALUE_31306 class nl.tudelft.rdfgears.rgl.datamodel.value.impl.ModifiableRecord
5473
RGL_VALUE_31308 class nl.tudelft.rdfgears.rgl.datamodel.value.impl.ModifiableRecord
5474
RGL_VALUE_31310 class nl.tudelft.rdfgears.rgl.datamodel.value.impl.ModifiableRecord
5475
RGL_VALUE_31312 class nl.tudelft.rdfgears.rgl.datamodel.value.impl.ModifiableRecord
5476
RGL_VALUE_31314 class nl.tudelft.rdfgears.rgl.datamodel.value.impl.ModifiableRecord
5477
RGL_VALUE_31316 class nl.tudelft.rdfgears.rgl.datamodel.value.impl.ModifiableRecord
5478
RGL_VALUE_31318 class nl.tudelft.rdfgears.rgl.datamodel.value.impl.ModifiableRecord
5479
RGL_VALUE_31320 class nl.tudelft.rdfgears.rgl.datamodel.value.impl.ModifiableRecord
5480
RGL_VALUE_31322 class nl.tudelft.rdfgears.rgl.datamodel.value.impl.ModifiableRecord
5481
RGL_VALUE_31324 class nl.tudelft.rdfgears.rgl.datamodel.value.impl.ModifiableRecord
5482
RGL_VALUE_31326 class nl.tudelft.rdfgears.rgl.datamodel.value.impl.ModifiableRecord
5483
RGL_VALUE_31328 class nl.tudelft.rdfgears.rgl.datamodel.value.impl.ModifiableRecord
5484
RGL_VALUE_31330 class nl.tudelft.rdfgears.rgl.datamodel.value.impl.ModifiableRecord
5485
RGL_VALUE_31332 class nl.tudelft.rdfgears.rgl.datamodel.value.impl.ModifiableRecord
5486
RGL_VALUE_31334 class nl.tudelft.rdfgears.rgl.datamodel.value.impl.ModifiableRecord
5487
RGL_VALUE_31336 class nl.tudelft.rdfgears.rgl.datamodel.value.impl.ModifiableRecord
5488
RGL_VALUE_31338 class nl.tudelft.rdfgears.rgl.datamodel.value.impl.ModifiableRecord
5489
RGL_VALUE_31340 class nl.tudelft.rdfgears.rgl.datamodel.value.impl.ModifiableRecord
5490
RGL_VALUE_31342 class nl.tudelft.rdfgears.rgl.datamodel.value.impl.ModifiableRecord
5491
RGL_VALUE_31344 class nl.tudelft.rdfgears.rgl.datamodel.value.impl.ModifiableRecord
5492
RGL_VALUE_31346 class nl.tudelft.rdfgears.rgl.datamodel.value.impl.ModifiableRecord
5493
RGL_VALUE_31348 class nl.tudelft.rdfgears.rgl.datamodel.value.impl.ModifiableRecord
5494
RGL_VALUE_31350 class nl.tudelft.rdfgears.rgl.datamodel.value.impl.ModifiableRecord
5495
RGL_VALUE_31352 class nl.tudelft.rdfgears.rgl.datamodel.value.impl.ModifiableRecord
5496
RGL_VALUE_31354 class nl.tudelft.rdfgears.rgl.datamodel.value.impl.ModifiableRecord
5497
RGL_VALUE_31356 class nl.tudelft.rdfgears.rgl.datamodel.value.impl.ModifiableRecord
5498
RGL_VALUE_31358 class nl.tudelft.rdfgears.rgl.datamodel.value.impl.ModifiableRecord
5499
RGL_VALUE_31360 class nl.tudelft.rdfgears.rgl.datamodel.value.impl.ModifiableRecord
5500
RGL_VALUE_31363 class nl.tudelft.rdfgears.rgl.datamodel.value.impl.ModifiableRecord
5501
RGL_VALUE_31365 class nl.tudelft.rdfgears.rgl.datamodel.value.impl.ModifiableRecord
5502
RGL_VALUE_31367 class nl.tudelft.rdfgears.rgl.datamodel.value.impl.ModifiableRecord
5503
RGL_VALUE_31369 class nl.tudelft.rdfgears.rgl.datamodel.value.impl.ModifiableRecord
5504
RGL_VALUE_31371 class nl.tudelft.rdfgears.rgl.datamodel.value.impl.ModifiableRecord
5505
RGL_VALUE_31373 class nl.tudelft.rdfgears.rgl.datamodel.value.impl.ModifiableRecord
5506
RGL_VALUE_31375 class nl.tudelft.rdfgears.rgl.datamodel.value.impl.ModifiableRecord
5507
RGL_VALUE_31377 class nl.tudelft.rdfgears.rgl.datamodel.value.impl.ModifiableRecord
5508
RGL_VALUE_31379 class nl.tudelft.rdfgears.rgl.datamodel.value.impl.ModifiableRecord
5509
RGL_VALUE_31381 class nl.tudelft.rdfgears.rgl.datamodel.value.impl.ModifiableRecord
5510
RGL_VALUE_31383 class nl.tudelft.rdfgears.rgl.datamodel.value.impl.ModifiableRecord
5511
RGL_VALUE_31385 class nl.tudelft.rdfgears.rgl.datamodel.value.impl.ModifiableRecord
5512
RGL_VALUE_31387 class nl.tudelft.rdfgears.rgl.datamodel.value.impl.ModifiableRecord
5513
RGL_VALUE_31389 class nl.tudelft.rdfgears.rgl.datamodel.value.impl.ModifiableRecord
5514
RGL_VALUE_31391 class nl.tudelft.rdfgears.rgl.datamodel.value.impl.ModifiableRecord
5515
RGL_VALUE_31393 class nl.tudelft.rdfgears.rgl.datamodel.value.impl.ModifiableRecord
5516
RGL_VALUE_31395 class nl.tudelft.rdfgears.rgl.datamodel.value.impl.ModifiableRecord
5517
RGL_VALUE_31397 class nl.tudelft.rdfgears.rgl.datamodel.value.impl.ModifiableRecord
5518
RGL_VALUE_31399 class nl.tudelft.rdfgears.rgl.datamodel.value.impl.ModifiableRecord
5519
RGL_VALUE_31401 class nl.tudelft.rdfgears.rgl.datamodel.value.impl.ModifiableRecord
5520
RGL_VALUE_31403 class nl.tudelft.rdfgears.rgl.datamodel.value.impl.ModifiableRecord
5521
RGL_VALUE_31405 class nl.tudelft.rdfgears.rgl.datamodel.value.impl.ModifiableRecord
5522
RGL_VALUE_31407 class nl.tudelft.rdfgears.rgl.datamodel.value.impl.ModifiableRecord
5523
RGL_VALUE_31409 class nl.tudelft.rdfgears.rgl.datamodel.value.impl.ModifiableRecord
5524
RGL_VALUE_31411 class nl.tudelft.rdfgears.rgl.datamodel.value.impl.ModifiableRecord
5525
RGL_VALUE_31413 class nl.tudelft.rdfgears.rgl.datamodel.value.impl.ModifiableRecord
5526
RGL_VALUE_31415 class nl.tudelft.rdfgears.rgl.datamodel.value.impl.ModifiableRecord
5527
RGL_VALUE_31417 class nl.tudelft.rdfgears.rgl.datamodel.value.impl.ModifiableRecord
5528
RGL_VALUE_31419 class nl.tudelft.rdfgears.rgl.datamodel.value.impl.ModifiableRecord
5529
RGL_VALUE_31421 class nl.tudelft.rdfgears.rgl.datamodel.value.impl.ModifiableRecord
5530
RGL_VALUE_31423 class nl.tudelft.rdfgears.rgl.datamodel.value.impl.ModifiableRecord
5531
RGL_VALUE_31425 class nl.tudelft.rdfgears.rgl.datamodel.value.impl.ModifiableRecord
5532
RGL_VALUE_31427 class nl.tudelft.rdfgears.rgl.datamodel.value.impl.ModifiableRecord
5533
RGL_VALUE_31429 class nl.tudelft.rdfgears.rgl.datamodel.value.impl.ModifiableRecord
5534
RGL_VALUE_31431 class nl.tudelft.rdfgears.rgl.datamodel.value.impl.ModifiableRecord
5535
RGL_VALUE_31433 class nl.tudelft.rdfgears.rgl.datamodel.value.impl.ModifiableRecord
5536
RGL_VALUE_31435 class nl.tudelft.rdfgears.rgl.datamodel.value.impl.ModifiableRecord
5537
RGL_VALUE_31437 class nl.tudelft.rdfgears.rgl.datamodel.value.impl.ModifiableRecord
5538
RGL_VALUE_31439 class nl.tudelft.rdfgears.rgl.datamodel.value.impl.ModifiableRecord
5539
RGL_VALUE_31441 class nl.tudelft.rdfgears.rgl.datamodel.value.impl.ModifiableRecord
5540
RGL_VALUE_31443 class nl.tudelft.rdfgears.rgl.datamodel.value.impl.ModifiableRecord
5541
RGL_VALUE_31445 class nl.tudelft.rdfgears.rgl.datamodel.value.impl.ModifiableRecord
5542
RGL_VALUE_31447 class nl.tudelft.rdfgears.rgl.datamodel.value.impl.ModifiableRecord
5543
RGL_VALUE_31449 class nl.tudelft.rdfgears.rgl.datamodel.value.impl.ModifiableRecord
5544
RGL_VALUE_31451 class nl.tudelft.rdfgears.rgl.datamodel.value.impl.ModifiableRecord
5545
RGL_VALUE_31453 class nl.tudelft.rdfgears.rgl.datamodel.value.impl.ModifiableRecord
5546
RGL_VALUE_31455 class nl.tudelft.rdfgears.rgl.datamodel.value.impl.ModifiableRecord
5547
RGL_VALUE_31457 class nl.tudelft.rdfgears.rgl.datamodel.value.impl.ModifiableRecord
5548
RGL_VALUE_31459 class nl.tudelft.rdfgears.rgl.datamodel.value.impl.ModifiableRecord
5549
RGL_VALUE_31461 class nl.tudelft.rdfgears.rgl.datamodel.value.impl.ModifiableRecord
5550
RGL_VALUE_31463 class nl.tudelft.rdfgears.rgl.datamodel.value.impl.ModifiableRecord
5551
RGL_VALUE_31465 class nl.tudelft.rdfgears.rgl.datamodel.value.impl.ModifiableRecord
5552
RGL_VALUE_31467 class nl.tudelft.rdfgears.rgl.datamodel.value.impl.ModifiableRecord
5553
RGL_VALUE_31469 class nl.tudelft.rdfgears.rgl.datamodel.value.impl.ModifiableRecord
5554
RGL_VALUE_31471 class nl.tudelft.rdfgears.rgl.datamodel.value.impl.ModifiableRecord
5555
RGL_VALUE_31473 class nl.tudelft.rdfgears.rgl.datamodel.value.impl.ModifiableRecord
5556
RGL_VALUE_31475 class nl.tudelft.rdfgears.rgl.datamodel.value.impl.ModifiableRecord
5557
RGL_VALUE_31477 class nl.tudelft.rdfgears.rgl.datamodel.value.impl.ModifiableRecord
5558
RGL_VALUE_31479 class nl.tudelft.rdfgears.rgl.datamodel.value.impl.ModifiableRecord
5559
RGL_VALUE_31481 class nl.tudelft.rdfgears.rgl.datamodel.value.impl.ModifiableRecord
5560
RGL_VALUE_31483 class nl.tudelft.rdfgears.rgl.datamodel.value.impl.ModifiableRecord
5561
RGL_VALUE_31485 class nl.tudelft.rdfgears.rgl.datamodel.value.impl.ModifiableRecord
5562
RGL_VALUE_31487 class nl.tudelft.rdfgears.rgl.datamodel.value.impl.ModifiableRecord
5563
RGL_VALUE_31489 class nl.tudelft.rdfgears.rgl.datamodel.value.impl.ModifiableRecord
5564
RGL_VALUE_31491 class nl.tudelft.rdfgears.rgl.datamodel.value.impl.ModifiableRecord
5565
RGL_VALUE_31493 class nl.tudelft.rdfgears.rgl.datamodel.value.impl.ModifiableRecord
5566
RGL_VALUE_31495 class nl.tudelft.rdfgears.rgl.datamodel.value.impl.ModifiableRecord
5567
RGL_VALUE_31497 class nl.tudelft.rdfgears.rgl.datamodel.value.impl.ModifiableRecord
5568
RGL_VALUE_31499 class nl.tudelft.rdfgears.rgl.datamodel.value.impl.ModifiableRecord
5569
RGL_VALUE_31501 class nl.tudelft.rdfgears.rgl.datamodel.value.impl.ModifiableRecord
5570
RGL_VALUE_31503 class nl.tudelft.rdfgears.rgl.datamodel.value.impl.ModifiableRecord
5571
RGL_VALUE_31505 class nl.tudelft.rdfgears.rgl.datamodel.value.impl.ModifiableRecord
5572
RGL_VALUE_31507 class nl.tudelft.rdfgears.rgl.datamodel.value.impl.ModifiableRecord
5573
RGL_VALUE_31509 class nl.tudelft.rdfgears.rgl.datamodel.value.impl.ModifiableRecord
5574
RGL_VALUE_31511 class nl.tudelft.rdfgears.rgl.datamodel.value.impl.ModifiableRecord
5575
RGL_VALUE_31513 class nl.tudelft.rdfgears.rgl.datamodel.value.impl.ModifiableRecord
5576
RGL_VALUE_31515 class nl.tudelft.rdfgears.rgl.datamodel.value.impl.ModifiableRecord
5577
RGL_VALUE_31517 class nl.tudelft.rdfgears.rgl.datamodel.value.impl.ModifiableRecord
5578
RGL_VALUE_31519 class nl.tudelft.rdfgears.rgl.datamodel.value.impl.ModifiableRecord
5579
RGL_VALUE_31521 class nl.tudelft.rdfgears.rgl.datamodel.value.impl.ModifiableRecord
5580
RGL_VALUE_31523 class nl.tudelft.rdfgears.rgl.datamodel.value.impl.ModifiableRecord
5581
RGL_VALUE_31525 class nl.tudelft.rdfgears.rgl.datamodel.value.impl.ModifiableRecord
5582
RGL_VALUE_31527 class nl.tudelft.rdfgears.rgl.datamodel.value.impl.ModifiableRecord
5583
RGL_VALUE_31529 class nl.tudelft.rdfgears.rgl.datamodel.value.impl.ModifiableRecord
5584
RGL_VALUE_31531 class nl.tudelft.rdfgears.rgl.datamodel.value.impl.ModifiableRecord
5585
RGL_VALUE_31533 class nl.tudelft.rdfgears.rgl.datamodel.value.impl.ModifiableRecord
5586
RGL_VALUE_31535 class nl.tudelft.rdfgears.rgl.datamodel.value.impl.ModifiableRecord
5587
RGL_VALUE_31537 class nl.tudelft.rdfgears.rgl.datamodel.value.impl.ModifiableRecord
5588
RGL_VALUE_31539 class nl.tudelft.rdfgears.rgl.datamodel.value.impl.ModifiableRecord
5589
RGL_VALUE_31541 class nl.tudelft.rdfgears.rgl.datamodel.value.impl.ModifiableRecord
5590
RGL_VALUE_31543 class nl.tudelft.rdfgears.rgl.datamodel.value.impl.ModifiableRecord
5591
RGL_VALUE_31545 class nl.tudelft.rdfgears.rgl.datamodel.value.impl.ModifiableRecord
5592
RGL_VALUE_31547 class nl.tudelft.rdfgears.rgl.datamodel.value.impl.ModifiableRecord
5593
RGL_VALUE_31549 class nl.tudelft.rdfgears.rgl.datamodel.value.impl.ModifiableRecord
5594
RGL_VALUE_31551 class nl.tudelft.rdfgears.rgl.datamodel.value.impl.ModifiableRecord
5595
RGL_VALUE_31553 class nl.tudelft.rdfgears.rgl.datamodel.value.impl.ModifiableRecord
5596
RGL_VALUE_31555 class nl.tudelft.rdfgears.rgl.datamodel.value.impl.ModifiableRecord
5597
RGL_VALUE_31557 class nl.tudelft.rdfgears.rgl.datamodel.value.impl.ModifiableRecord
5598
RGL_VALUE_31559 class nl.tudelft.rdfgears.rgl.datamodel.value.impl.ModifiableRecord
5599
RGL_VALUE_31561 class nl.tudelft.rdfgears.rgl.datamodel.value.impl.ModifiableRecord
5600
RGL_VALUE_31564 class nl.tudelft.rdfgears.rgl.datamodel.value.impl.ModifiableRecord
5601
RGL_VALUE_31566 class nl.tudelft.rdfgears.rgl.datamodel.value.impl.ModifiableRecord
5602
RGL_VALUE_31568 class nl.tudelft.rdfgears.rgl.datamodel.value.impl.ModifiableRecord
5603
RGL_VALUE_31570 class nl.tudelft.rdfgears.rgl.datamodel.value.impl.ModifiableRecord
5604
RGL_VALUE_31572 class nl.tudelft.rdfgears.rgl.datamodel.value.impl.ModifiableRecord
5605
RGL_VALUE_31574 class nl.tudelft.rdfgears.rgl.datamodel.value.impl.ModifiableRecord
5606
RGL_VALUE_31576 class nl.tudelft.rdfgears.rgl.datamodel.value.impl.ModifiableRecord
5607
RGL_VALUE_31578 class nl.tudelft.rdfgears.rgl.datamodel.value.impl.ModifiableRecord
5608
RGL_VALUE_31580 class nl.tudelft.rdfgears.rgl.datamodel.value.impl.ModifiableRecord
5609
RGL_VALUE_31582 class nl.tudelft.rdfgears.rgl.datamodel.value.impl.ModifiableRecord
5610
RGL_VALUE_31584 class nl.tudelft.rdfgears.rgl.datamodel.value.impl.ModifiableRecord
5611
RGL_VALUE_31586 class nl.tudelft.rdfgears.rgl.datamodel.value.impl.ModifiableRecord
5612
RGL_VALUE_31588 class nl.tudelft.rdfgears.rgl.datamodel.value.impl.ModifiableRecord
5613
RGL_VALUE_31590 class nl.tudelft.rdfgears.rgl.datamodel.value.impl.ModifiableRecord
5614
RGL_VALUE_31592 class nl.tudelft.rdfgears.rgl.datamodel.value.impl.ModifiableRecord
5615
RGL_VALUE_31594 class nl.tudelft.rdfgears.rgl.datamodel.value.impl.ModifiableRecord
5616
RGL_VALUE_31596 class nl.tudelft.rdfgears.rgl.datamodel.value.impl.ModifiableRecord
5617
RGL_VALUE_31598 class nl.tudelft.rdfgears.rgl.datamodel.value.impl.ModifiableRecord
5618
RGL_VALUE_31600 class nl.tudelft.rdfgears.rgl.datamodel.value.impl.ModifiableRecord
5619
RGL_VALUE_31602 class nl.tudelft.rdfgears.rgl.datamodel.value.impl.ModifiableRecord
5620
RGL_VALUE_31604 class nl.tudelft.rdfgears.rgl.datamodel.value.impl.ModifiableRecord
5621
RGL_VALUE_31606 class nl.tudelft.rdfgears.rgl.datamodel.value.impl.ModifiableRecord
5622
RGL_VALUE_31608 class nl.tudelft.rdfgears.rgl.datamodel.value.impl.ModifiableRecord
5623
RGL_VALUE_31610 class nl.tudelft.rdfgears.rgl.datamodel.value.impl.ModifiableRecord
5624
RGL_VALUE_31612 class nl.tudelft.rdfgears.rgl.datamodel.value.impl.ModifiableRecord
5625
RGL_VALUE_31614 class nl.tudelft.rdfgears.rgl.datamodel.value.impl.ModifiableRecord
5626
RGL_VALUE_31616 class nl.tudelft.rdfgears.rgl.datamodel.value.impl.ModifiableRecord
5627
RGL_VALUE_31618 class nl.tudelft.rdfgears.rgl.datamodel.value.impl.ModifiableRecord
5628
RGL_VALUE_31620 class nl.tudelft.rdfgears.rgl.datamodel.value.impl.ModifiableRecord
5629
RGL_VALUE_31622 class nl.tudelft.rdfgears.rgl.datamodel.value.impl.ModifiableRecord
5630
RGL_VALUE_31624 class nl.tudelft.rdfgears.rgl.datamodel.value.impl.ModifiableRecord
5631
RGL_VALUE_31626 class nl.tudelft.rdfgears.rgl.datamodel.value.impl.ModifiableRecord
5632
RGL_VALUE_31628 class nl.tudelft.rdfgears.rgl.datamodel.value.impl.ModifiableRecord
5633
RGL_VALUE_31630 class nl.tudelft.rdfgears.rgl.datamodel.value.impl.ModifiableRecord
5634
RGL_VALUE_31632 class nl.tudelft.rdfgears.rgl.datamodel.value.impl.ModifiableRecord
5635
RGL_VALUE_31634 class nl.tudelft.rdfgears.rgl.datamodel.value.impl.ModifiableRecord
5636
RGL_VALUE_31636 class nl.tudelft.rdfgears.rgl.datamodel.value.impl.ModifiableRecord
5637
RGL_VALUE_31638 class nl.tudelft.rdfgears.rgl.datamodel.value.impl.ModifiableRecord
5638
RGL_VALUE_31640 class nl.tudelft.rdfgears.rgl.datamodel.value.impl.ModifiableRecord
5639
RGL_VALUE_31642 class nl.tudelft.rdfgears.rgl.datamodel.value.impl.ModifiableRecord
5640
RGL_VALUE_31644 class nl.tudelft.rdfgears.rgl.datamodel.value.impl.ModifiableRecord
5641
RGL_VALUE_31646 class nl.tudelft.rdfgears.rgl.datamodel.value.impl.ModifiableRecord
5642
RGL_VALUE_31648 class nl.tudelft.rdfgears.rgl.datamodel.value.impl.ModifiableRecord
5643
RGL_VALUE_31650 class nl.tudelft.rdfgears.rgl.datamodel.value.impl.ModifiableRecord
5644
RGL_VALUE_31652 class nl.tudelft.rdfgears.rgl.datamodel.value.impl.ModifiableRecord
5645
RGL_VALUE_31654 class nl.tudelft.rdfgears.rgl.datamodel.value.impl.ModifiableRecord
5646
RGL_VALUE_31656 class nl.tudelft.rdfgears.rgl.datamodel.value.impl.ModifiableRecord
5647
RGL_VALUE_31658 class nl.tudelft.rdfgears.rgl.datamodel.value.impl.ModifiableRecord
5648
RGL_VALUE_31660 class nl.tudelft.rdfgears.rgl.datamodel.value.impl.ModifiableRecord
5649
RGL_VALUE_31662 class nl.tudelft.rdfgears.rgl.datamodel.value.impl.ModifiableRecord
5650
RGL_VALUE_31664 class nl.tudelft.rdfgears.rgl.datamodel.value.impl.ModifiableRecord
5651
RGL_VALUE_31666 class nl.tudelft.rdfgears.rgl.datamodel.value.impl.ModifiableRecord
5652
RGL_VALUE_31668 class nl.tudelft.rdfgears.rgl.datamodel.value.impl.ModifiableRecord
5653
RGL_VALUE_31670 class nl.tudelft.rdfgears.rgl.datamodel.value.impl.ModifiableRecord
5654
RGL_VALUE_31672 class nl.tudelft.rdfgears.rgl.datamodel.value.impl.ModifiableRecord
5655
RGL_VALUE_31674 class nl.tudelft.rdfgears.rgl.datamodel.value.impl.ModifiableRecord
5656
RGL_VALUE_31676 class nl.tudelft.rdfgears.rgl.datamodel.value.impl.ModifiableRecord
5657
RGL_VALUE_31678 class nl.tudelft.rdfgears.rgl.datamodel.value.impl.ModifiableRecord
5658
RGL_VALUE_31680 class nl.tudelft.rdfgears.rgl.datamodel.value.impl.ModifiableRecord
5659
RGL_VALUE_31682 class nl.tudelft.rdfgears.rgl.datamodel.value.impl.ModifiableRecord
5660
RGL_VALUE_31684 class nl.tudelft.rdfgears.rgl.datamodel.value.impl.ModifiableRecord
5661
RGL_VALUE_31686 class nl.tudelft.rdfgears.rgl.datamodel.value.impl.ModifiableRecord
5662
RGL_VALUE_31688 class nl.tudelft.rdfgears.rgl.datamodel.value.impl.ModifiableRecord
5663
RGL_VALUE_31690 class nl.tudelft.rdfgears.rgl.datamodel.value.impl.ModifiableRecord
5664
RGL_VALUE_31692 class nl.tudelft.rdfgears.rgl.datamodel.value.impl.ModifiableRecord
5665
RGL_VALUE_31694 class nl.tudelft.rdfgears.rgl.datamodel.value.impl.ModifiableRecord
5666
RGL_VALUE_31696 class nl.tudelft.rdfgears.rgl.datamodel.value.impl.ModifiableRecord
5667
RGL_VALUE_31698 class nl.tudelft.rdfgears.rgl.datamodel.value.impl.ModifiableRecord
5668
RGL_VALUE_31700 class nl.tudelft.rdfgears.rgl.datamodel.value.impl.ModifiableRecord
5669
RGL_VALUE_31702 class nl.tudelft.rdfgears.rgl.datamodel.value.impl.ModifiableRecord
5670
RGL_VALUE_31704 class nl.tudelft.rdfgears.rgl.datamodel.value.impl.ModifiableRecord
5671
RGL_VALUE_31706 class nl.tudelft.rdfgears.rgl.datamodel.value.impl.ModifiableRecord
5672
RGL_VALUE_31708 class nl.tudelft.rdfgears.rgl.datamodel.value.impl.ModifiableRecord
5673
RGL_VALUE_31710 class nl.tudelft.rdfgears.rgl.datamodel.value.impl.ModifiableRecord
5674
RGL_VALUE_31712 class nl.tudelft.rdfgears.rgl.datamodel.value.impl.ModifiableRecord
5675
RGL_VALUE_31714 class nl.tudelft.rdfgears.rgl.datamodel.value.impl.ModifiableRecord
5676
RGL_VALUE_31716 class nl.tudelft.rdfgears.rgl.datamodel.value.impl.ModifiableRecord
5677
RGL_VALUE_31718 class nl.tudelft.rdfgears.rgl.datamodel.value.impl.ModifiableRecord
5678
RGL_VALUE_31720 class nl.tudelft.rdfgears.rgl.datamodel.value.impl.ModifiableRecord
5679
RGL_VALUE_31722 class nl.tudelft.rdfgears.rgl.datamodel.value.impl.ModifiableRecord
5680
RGL_VALUE_31724 class nl.tudelft.rdfgears.rgl.datamodel.value.impl.ModifiableRecord
5681
RGL_VALUE_31726 class nl.tudelft.rdfgears.rgl.datamodel.value.impl.ModifiableRecord
5682
RGL_VALUE_31728 class nl.tudelft.rdfgears.rgl.datamodel.value.impl.ModifiableRecord
5683
RGL_VALUE_31730 class nl.tudelft.rdfgears.rgl.datamodel.value.impl.ModifiableRecord
5684
RGL_VALUE_31732 class nl.tudelft.rdfgears.rgl.datamodel.value.impl.ModifiableRecord
5685
RGL_VALUE_31734 class nl.tudelft.rdfgears.rgl.datamodel.value.impl.ModifiableRecord
5686
RGL_VALUE_31736 class nl.tudelft.rdfgears.rgl.datamodel.value.impl.ModifiableRecord
5687
RGL_VALUE_31738 class nl.tudelft.rdfgears.rgl.datamodel.value.impl.ModifiableRecord
5688
RGL_VALUE_31740 class nl.tudelft.rdfgears.rgl.datamodel.value.impl.ModifiableRecord
5689
RGL_VALUE_31742 class nl.tudelft.rdfgears.rgl.datamodel.value.impl.ModifiableRecord
5690
RGL_VALUE_31744 class nl.tudelft.rdfgears.rgl.datamodel.value.impl.ModifiableRecord
5691
RGL_VALUE_31746 class nl.tudelft.rdfgears.rgl.datamodel.value.impl.ModifiableRecord
5692
RGL_VALUE_31748 class nl.tudelft.rdfgears.rgl.datamodel.value.impl.ModifiableRecord
5693
RGL_VALUE_31750 class nl.tudelft.rdfgears.rgl.datamodel.value.impl.ModifiableRecord
5694
RGL_VALUE_31752 class nl.tudelft.rdfgears.rgl.datamodel.value.impl.ModifiableRecord
5695
RGL_VALUE_31754 class nl.tudelft.rdfgears.rgl.datamodel.value.impl.ModifiableRecord
5696
RGL_VALUE_31756 class nl.tudelft.rdfgears.rgl.datamodel.value.impl.ModifiableRecord
5697
RGL_VALUE_31758 class nl.tudelft.rdfgears.rgl.datamodel.value.impl.ModifiableRecord
5698
RGL_VALUE_31760 class nl.tudelft.rdfgears.rgl.datamodel.value.impl.ModifiableRecord
5699
RGL_VALUE_31762 class nl.tudelft.rdfgears.rgl.datamodel.value.impl.ModifiableRecord
5700
RGL_VALUE_31765 class nl.tudelft.rdfgears.rgl.datamodel.value.impl.ModifiableRecord
5701
RGL_VALUE_31767 class nl.tudelft.rdfgears.rgl.datamodel.value.impl.ModifiableRecord
5702
RGL_VALUE_31769 class nl.tudelft.rdfgears.rgl.datamodel.value.impl.ModifiableRecord
5703
RGL_VALUE_31771 class nl.tudelft.rdfgears.rgl.datamodel.value.impl.ModifiableRecord
5704
RGL_VALUE_31773 class nl.tudelft.rdfgears.rgl.datamodel.value.impl.ModifiableRecord
5705
RGL_VALUE_31775 class nl.tudelft.rdfgears.rgl.datamodel.value.impl.ModifiableRecord
5706
RGL_VALUE_31777 class nl.tudelft.rdfgears.rgl.datamodel.value.impl.ModifiableRecord
5707
RGL_VALUE_31779 class nl.tudelft.rdfgears.rgl.datamodel.value.impl.ModifiableRecord
5708
RGL_VALUE_31781 class nl.tudelft.rdfgears.rgl.datamodel.value.impl.ModifiableRecord
5709
RGL_VALUE_31783 class nl.tudelft.rdfgears.rgl.datamodel.value.impl.ModifiableRecord
5710
RGL_VALUE_31785 class nl.tudelft.rdfgears.rgl.datamodel.value.impl.ModifiableRecord
5711
RGL_VALUE_31787 class nl.tudelft.rdfgears.rgl.datamodel.value.impl.ModifiableRecord
5712
RGL_VALUE_31789 class nl.tudelft.rdfgears.rgl.datamodel.value.impl.ModifiableRecord
5713
RGL_VALUE_31791 class nl.tudelft.rdfgears.rgl.datamodel.value.impl.ModifiableRecord
5714
RGL_VALUE_31793 class nl.tudelft.rdfgears.rgl.datamodel.value.impl.ModifiableRecord
5715
RGL_VALUE_31795 class nl.tudelft.rdfgears.rgl.datamodel.value.impl.ModifiableRecord
5716
RGL_VALUE_31797 class nl.tudelft.rdfgears.rgl.datamodel.value.impl.ModifiableRecord
5717
RGL_VALUE_31799 class nl.tudelft.rdfgears.rgl.datamodel.value.impl.ModifiableRecord
5718
RGL_VALUE_31801 class nl.tudelft.rdfgears.rgl.datamodel.value.impl.ModifiableRecord
5719
RGL_VALUE_31803 class nl.tudelft.rdfgears.rgl.datamodel.value.impl.ModifiableRecord
5720
RGL_VALUE_31805 class nl.tudelft.rdfgears.rgl.datamodel.value.impl.ModifiableRecord
5721
RGL_VALUE_31807 class nl.tudelft.rdfgears.rgl.datamodel.value.impl.ModifiableRecord
5722
RGL_VALUE_31809 class nl.tudelft.rdfgears.rgl.datamodel.value.impl.ModifiableRecord
5723
RGL_VALUE_31811 class nl.tudelft.rdfgears.rgl.datamodel.value.impl.ModifiableRecord
5724
RGL_VALUE_31813 class nl.tudelft.rdfgears.rgl.datamodel.value.impl.ModifiableRecord
5725
RGL_VALUE_31815 class nl.tudelft.rdfgears.rgl.datamodel.value.impl.ModifiableRecord
5726
RGL_VALUE_31817 class nl.tudelft.rdfgears.rgl.datamodel.value.impl.ModifiableRecord
5727
RGL_VALUE_31819 class nl.tudelft.rdfgears.rgl.datamodel.value.impl.ModifiableRecord
5728
RGL_VALUE_31821 class nl.tudelft.rdfgears.rgl.datamodel.value.impl.ModifiableRecord
5729
RGL_VALUE_31823 class nl.tudelft.rdfgears.rgl.datamodel.value.impl.ModifiableRecord
5730
RGL_VALUE_31825 class nl.tudelft.rdfgears.rgl.datamodel.value.impl.ModifiableRecord
5731
RGL_VALUE_31827 class nl.tudelft.rdfgears.rgl.datamodel.value.impl.ModifiableRecord
5732
RGL_VALUE_31829 class nl.tudelft.rdfgears.rgl.datamodel.value.impl.ModifiableRecord
5733
RGL_VALUE_31831 class nl.tudelft.rdfgears.rgl.datamodel.value.impl.ModifiableRecord
5734
RGL_VALUE_31833 class nl.tudelft.rdfgears.rgl.datamodel.value.impl.ModifiableRecord
5735
RGL_VALUE_31835 class nl.tudelft.rdfgears.rgl.datamodel.value.impl.ModifiableRecord
5736
RGL_VALUE_31837 class nl.tudelft.rdfgears.rgl.datamodel.value.impl.ModifiableRecord
5737
RGL_VALUE_31839 class nl.tudelft.rdfgears.rgl.datamodel.value.impl.ModifiableRecord
5738
RGL_VALUE_31841 class nl.tudelft.rdfgears.rgl.datamodel.value.impl.ModifiableRecord
5739
RGL_VALUE_31843 class nl.tudelft.rdfgears.rgl.datamodel.value.impl.ModifiableRecord
5740
RGL_VALUE_31845 class nl.tudelft.rdfgears.rgl.datamodel.value.impl.ModifiableRecord
5741
RGL_VALUE_31847 class nl.tudelft.rdfgears.rgl.datamodel.value.impl.ModifiableRecord
5742
RGL_VALUE_31849 class nl.tudelft.rdfgears.rgl.datamodel.value.impl.ModifiableRecord
5743
RGL_VALUE_31851 class nl.tudelft.rdfgears.rgl.datamodel.value.impl.ModifiableRecord
5744
RGL_VALUE_31853 class nl.tudelft.rdfgears.rgl.datamodel.value.impl.ModifiableRecord
5745
RGL_VALUE_31855 class nl.tudelft.rdfgears.rgl.datamodel.value.impl.ModifiableRecord
5746
RGL_VALUE_31857 class nl.tudelft.rdfgears.rgl.datamodel.value.impl.ModifiableRecord
5747
RGL_VALUE_31859 class nl.tudelft.rdfgears.rgl.datamodel.value.impl.ModifiableRecord
5748
RGL_VALUE_31861 class nl.tudelft.rdfgears.rgl.datamodel.value.impl.ModifiableRecord
5749
RGL_VALUE_31863 class nl.tudelft.rdfgears.rgl.datamodel.value.impl.ModifiableRecord
5750
RGL_VALUE_31865 class nl.tudelft.rdfgears.rgl.datamodel.value.impl.ModifiableRecord
5751
RGL_VALUE_31867 class nl.tudelft.rdfgears.rgl.datamodel.value.impl.ModifiableRecord
5752
RGL_VALUE_31869 class nl.tudelft.rdfgears.rgl.datamodel.value.impl.ModifiableRecord
5753
RGL_VALUE_31871 class nl.tudelft.rdfgears.rgl.datamodel.value.impl.ModifiableRecord
5754
RGL_VALUE_31873 class nl.tudelft.rdfgears.rgl.datamodel.value.impl.ModifiableRecord
5755
RGL_VALUE_31875 class nl.tudelft.rdfgears.rgl.datamodel.value.impl.ModifiableRecord
5756
RGL_VALUE_31877 class nl.tudelft.rdfgears.rgl.datamodel.value.impl.ModifiableRecord
5757
RGL_VALUE_31879 class nl.tudelft.rdfgears.rgl.datamodel.value.impl.ModifiableRecord
5758
RGL_VALUE_31881 class nl.tudelft.rdfgears.rgl.datamodel.value.impl.ModifiableRecord
5759
RGL_VALUE_31883 class nl.tudelft.rdfgears.rgl.datamodel.value.impl.ModifiableRecord
5760
RGL_VALUE_31885 class nl.tudelft.rdfgears.rgl.datamodel.value.impl.ModifiableRecord
5761
RGL_VALUE_31887 class nl.tudelft.rdfgears.rgl.datamodel.value.impl.ModifiableRecord
5762
RGL_VALUE_31889 class nl.tudelft.rdfgears.rgl.datamodel.value.impl.ModifiableRecord
5763
RGL_VALUE_31891 class nl.tudelft.rdfgears.rgl.datamodel.value.impl.ModifiableRecord
5764
RGL_VALUE_31893 class nl.tudelft.rdfgears.rgl.datamodel.value.impl.ModifiableRecord
5765
RGL_VALUE_31895 class nl.tudelft.rdfgears.rgl.datamodel.value.impl.ModifiableRecord
5766
RGL_VALUE_31897 class nl.tudelft.rdfgears.rgl.datamodel.value.impl.ModifiableRecord
5767
RGL_VALUE_31899 class nl.tudelft.rdfgears.rgl.datamodel.value.impl.ModifiableRecord
5768
RGL_VALUE_31901 class nl.tudelft.rdfgears.rgl.datamodel.value.impl.ModifiableRecord
5769
RGL_VALUE_31903 class nl.tudelft.rdfgears.rgl.datamodel.value.impl.ModifiableRecord
5770
RGL_VALUE_31905 class nl.tudelft.rdfgears.rgl.datamodel.value.impl.ModifiableRecord
5771
RGL_VALUE_31907 class nl.tudelft.rdfgears.rgl.datamodel.value.impl.ModifiableRecord
5772
RGL_VALUE_31909 class nl.tudelft.rdfgears.rgl.datamodel.value.impl.ModifiableRecord
5773
RGL_VALUE_31911 class nl.tudelft.rdfgears.rgl.datamodel.value.impl.ModifiableRecord
5774
RGL_VALUE_31913 class nl.tudelft.rdfgears.rgl.datamodel.value.impl.ModifiableRecord
5775
RGL_VALUE_31915 class nl.tudelft.rdfgears.rgl.datamodel.value.impl.ModifiableRecord
5776
RGL_VALUE_31917 class nl.tudelft.rdfgears.rgl.datamodel.value.impl.ModifiableRecord
5777
RGL_VALUE_31919 class nl.tudelft.rdfgears.rgl.datamodel.value.impl.ModifiableRecord
5778
RGL_VALUE_31921 class nl.tudelft.rdfgears.rgl.datamodel.value.impl.ModifiableRecord
5779
RGL_VALUE_31923 class nl.tudelft.rdfgears.rgl.datamodel.value.impl.ModifiableRecord
5780
RGL_VALUE_31925 class nl.tudelft.rdfgears.rgl.datamodel.value.impl.ModifiableRecord
5781
RGL_VALUE_31927 class nl.tudelft.rdfgears.rgl.datamodel.value.impl.ModifiableRecord
5782
RGL_VALUE_31929 class nl.tudelft.rdfgears.rgl.datamodel.value.impl.ModifiableRecord
5783
RGL_VALUE_31931 class nl.tudelft.rdfgears.rgl.datamodel.value.impl.ModifiableRecord
5784
RGL_VALUE_31933 class nl.tudelft.rdfgears.rgl.datamodel.value.impl.ModifiableRecord
5785
RGL_VALUE_31935 class nl.tudelft.rdfgears.rgl.datamodel.value.impl.ModifiableRecord
5786
RGL_VALUE_31937 class nl.tudelft.rdfgears.rgl.datamodel.value.impl.ModifiableRecord
5787
RGL_VALUE_31939 class nl.tudelft.rdfgears.rgl.datamodel.value.impl.ModifiableRecord
5788
RGL_VALUE_31941 class nl.tudelft.rdfgears.rgl.datamodel.value.impl.ModifiableRecord
5789
RGL_VALUE_31943 class nl.tudelft.rdfgears.rgl.datamodel.value.impl.ModifiableRecord
5790
RGL_VALUE_31945 class nl.tudelft.rdfgears.rgl.datamodel.value.impl.ModifiableRecord
5791
RGL_VALUE_31947 class nl.tudelft.rdfgears.rgl.datamodel.value.impl.ModifiableRecord
5792
RGL_VALUE_31949 class nl.tudelft.rdfgears.rgl.datamodel.value.impl.ModifiableRecord
5793
RGL_VALUE_31951 class nl.tudelft.rdfgears.rgl.datamodel.value.impl.ModifiableRecord
5794
RGL_VALUE_31953 class nl.tudelft.rdfgears.rgl.datamodel.value.impl.ModifiableRecord
5795
RGL_VALUE_31955 class nl.tudelft.rdfgears.rgl.datamodel.value.impl.ModifiableRecord
5796
RGL_VALUE_31957 class nl.tudelft.rdfgears.rgl.datamodel.value.impl.ModifiableRecord
5797
RGL_VALUE_31959 class nl.tudelft.rdfgears.rgl.datamodel.value.impl.ModifiableRecord
5798
RGL_VALUE_31961 class nl.tudelft.rdfgears.rgl.datamodel.value.impl.ModifiableRecord
5799
RGL_VALUE_31963 class nl.tudelft.rdfgears.rgl.datamodel.value.impl.ModifiableRecord
5800
RGL_VALUE_31966 class nl.tudelft.rdfgears.rgl.datamodel.value.impl.ModifiableRecord
5801
RGL_VALUE_31968 class nl.tudelft.rdfgears.rgl.datamodel.value.impl.ModifiableRecord
5802
RGL_VALUE_31970 class nl.tudelft.rdfgears.rgl.datamodel.value.impl.ModifiableRecord
5803
RGL_VALUE_31972 class nl.tudelft.rdfgears.rgl.datamodel.value.impl.ModifiableRecord
5804
RGL_VALUE_31974 class nl.tudelft.rdfgears.rgl.datamodel.value.impl.ModifiableRecord
5805
RGL_VALUE_31976 class nl.tudelft.rdfgears.rgl.datamodel.value.impl.ModifiableRecord
5806
RGL_VALUE_31978 class nl.tudelft.rdfgears.rgl.datamodel.value.impl.ModifiableRecord
5807
RGL_VALUE_31980 class nl.tudelft.rdfgears.rgl.datamodel.value.impl.ModifiableRecord
5808
RGL_VALUE_31982 class nl.tudelft.rdfgears.rgl.datamodel.value.impl.ModifiableRecord
5809
RGL_VALUE_31984 class nl.tudelft.rdfgears.rgl.datamodel.value.impl.ModifiableRecord
5810
RGL_VALUE_31986 class nl.tudelft.rdfgears.rgl.datamodel.value.impl.ModifiableRecord
5811
RGL_VALUE_31988 class nl.tudelft.rdfgears.rgl.datamodel.value.impl.ModifiableRecord
5812
RGL_VALUE_31990 class nl.tudelft.rdfgears.rgl.datamodel.value.impl.ModifiableRecord
5813
RGL_VALUE_31992 class nl.tudelft.rdfgears.rgl.datamodel.value.impl.ModifiableRecord
5814
RGL_VALUE_31994 class nl.tudelft.rdfgears.rgl.datamodel.value.impl.ModifiableRecord
5815
RGL_VALUE_31996 class nl.tudelft.rdfgears.rgl.datamodel.value.impl.ModifiableRecord
5816
RGL_VALUE_31998 class nl.tudelft.rdfgears.rgl.datamodel.value.impl.ModifiableRecord
5817
RGL_VALUE_32000 class nl.tudelft.rdfgears.rgl.datamodel.value.impl.ModifiableRecord
5818
RGL_VALUE_32002 class nl.tudelft.rdfgears.rgl.datamodel.value.impl.ModifiableRecord
5819
RGL_VALUE_32004 class nl.tudelft.rdfgears.rgl.datamodel.value.impl.ModifiableRecord
5820
RGL_VALUE_32006 class nl.tudelft.rdfgears.rgl.datamodel.value.impl.ModifiableRecord
5821
RGL_VALUE_32008 class nl.tudelft.rdfgears.rgl.datamodel.value.impl.ModifiableRecord
5822
RGL_VALUE_32010 class nl.tudelft.rdfgears.rgl.datamodel.value.impl.ModifiableRecord
5823
RGL_VALUE_32012 class nl.tudelft.rdfgears.rgl.datamodel.value.impl.ModifiableRecord
5824
RGL_VALUE_32014 class nl.tudelft.rdfgears.rgl.datamodel.value.impl.ModifiableRecord
5825
RGL_VALUE_32016 class nl.tudelft.rdfgears.rgl.datamodel.value.impl.ModifiableRecord
5826
RGL_VALUE_32018 class nl.tudelft.rdfgears.rgl.datamodel.value.impl.ModifiableRecord
5827
RGL_VALUE_32020 class nl.tudelft.rdfgears.rgl.datamodel.value.impl.ModifiableRecord
5828
RGL_VALUE_32022 class nl.tudelft.rdfgears.rgl.datamodel.value.impl.ModifiableRecord
5829
RGL_VALUE_32024 class nl.tudelft.rdfgears.rgl.datamodel.value.impl.ModifiableRecord
5830
RGL_VALUE_32026 class nl.tudelft.rdfgears.rgl.datamodel.value.impl.ModifiableRecord
5831
RGL_VALUE_32028 class nl.tudelft.rdfgears.rgl.datamodel.value.impl.ModifiableRecord
5832
RGL_VALUE_32030 class nl.tudelft.rdfgears.rgl.datamodel.value.impl.ModifiableRecord
5833
RGL_VALUE_32032 class nl.tudelft.rdfgears.rgl.datamodel.value.impl.ModifiableRecord
5834
RGL_VALUE_32034 class nl.tudelft.rdfgears.rgl.datamodel.value.impl.ModifiableRecord
5835
RGL_VALUE_32036 class nl.tudelft.rdfgears.rgl.datamodel.value.impl.ModifiableRecord
5836
RGL_VALUE_32038 class nl.tudelft.rdfgears.rgl.datamodel.value.impl.ModifiableRecord
5837
RGL_VALUE_32040 class nl.tudelft.rdfgears.rgl.datamodel.value.impl.ModifiableRecord
5838
RGL_VALUE_32042 class nl.tudelft.rdfgears.rgl.datamodel.value.impl.ModifiableRecord
5839
RGL_VALUE_32044 class nl.tudelft.rdfgears.rgl.datamodel.value.impl.ModifiableRecord
5840
RGL_VALUE_32046 class nl.tudelft.rdfgears.rgl.datamodel.value.impl.ModifiableRecord
5841
RGL_VALUE_32048 class nl.tudelft.rdfgears.rgl.datamodel.value.impl.ModifiableRecord
5842
RGL_VALUE_32050 class nl.tudelft.rdfgears.rgl.datamodel.value.impl.ModifiableRecord
5843
RGL_VALUE_32052 class nl.tudelft.rdfgears.rgl.datamodel.value.impl.ModifiableRecord
5844
RGL_VALUE_32054 class nl.tudelft.rdfgears.rgl.datamodel.value.impl.ModifiableRecord
5845
RGL_VALUE_32056 class nl.tudelft.rdfgears.rgl.datamodel.value.impl.ModifiableRecord
5846
RGL_VALUE_32058 class nl.tudelft.rdfgears.rgl.datamodel.value.impl.ModifiableRecord
5847
RGL_VALUE_32060 class nl.tudelft.rdfgears.rgl.datamodel.value.impl.ModifiableRecord
5848
RGL_VALUE_32062 class nl.tudelft.rdfgears.rgl.datamodel.value.impl.ModifiableRecord
5849
RGL_VALUE_32064 class nl.tudelft.rdfgears.rgl.datamodel.value.impl.ModifiableRecord
5850
RGL_VALUE_32066 class nl.tudelft.rdfgears.rgl.datamodel.value.impl.ModifiableRecord
5851
RGL_VALUE_32068 class nl.tudelft.rdfgears.rgl.datamodel.value.impl.ModifiableRecord
5852
RGL_VALUE_32070 class nl.tudelft.rdfgears.rgl.datamodel.value.impl.ModifiableRecord
5853
RGL_VALUE_32072 class nl.tudelft.rdfgears.rgl.datamodel.value.impl.ModifiableRecord
5854
RGL_VALUE_32074 class nl.tudelft.rdfgears.rgl.datamodel.value.impl.ModifiableRecord
5855
RGL_VALUE_32076 class nl.tudelft.rdfgears.rgl.datamodel.value.impl.ModifiableRecord
5856
RGL_VALUE_32078 class nl.tudelft.rdfgears.rgl.datamodel.value.impl.ModifiableRecord
5857
RGL_VALUE_32080 class nl.tudelft.rdfgears.rgl.datamodel.value.impl.ModifiableRecord
5858
RGL_VALUE_32082 class nl.tudelft.rdfgears.rgl.datamodel.value.impl.ModifiableRecord
5859
RGL_VALUE_32084 class nl.tudelft.rdfgears.rgl.datamodel.value.impl.ModifiableRecord
5860
RGL_VALUE_32086 class nl.tudelft.rdfgears.rgl.datamodel.value.impl.ModifiableRecord
5861
RGL_VALUE_32088 class nl.tudelft.rdfgears.rgl.datamodel.value.impl.ModifiableRecord
5862
RGL_VALUE_32090 class nl.tudelft.rdfgears.rgl.datamodel.value.impl.ModifiableRecord
5863
RGL_VALUE_32092 class nl.tudelft.rdfgears.rgl.datamodel.value.impl.ModifiableRecord
5864
RGL_VALUE_32094 class nl.tudelft.rdfgears.rgl.datamodel.value.impl.ModifiableRecord
5865
RGL_VALUE_32096 class nl.tudelft.rdfgears.rgl.datamodel.value.impl.ModifiableRecord
5866
RGL_VALUE_32098 class nl.tudelft.rdfgears.rgl.datamodel.value.impl.ModifiableRecord
5867
RGL_VALUE_32100 class nl.tudelft.rdfgears.rgl.datamodel.value.impl.ModifiableRecord
5868
RGL_VALUE_32102 class nl.tudelft.rdfgears.rgl.datamodel.value.impl.ModifiableRecord
5869
RGL_VALUE_32104 class nl.tudelft.rdfgears.rgl.datamodel.value.impl.ModifiableRecord
5870
RGL_VALUE_32106 class nl.tudelft.rdfgears.rgl.datamodel.value.impl.ModifiableRecord
5871
RGL_VALUE_32108 class nl.tudelft.rdfgears.rgl.datamodel.value.impl.ModifiableRecord
5872
RGL_VALUE_32110 class nl.tudelft.rdfgears.rgl.datamodel.value.impl.ModifiableRecord
5873
RGL_VALUE_32112 class nl.tudelft.rdfgears.rgl.datamodel.value.impl.ModifiableRecord
5874
RGL_VALUE_32114 class nl.tudelft.rdfgears.rgl.datamodel.value.impl.ModifiableRecord
5875
RGL_VALUE_32116 class nl.tudelft.rdfgears.rgl.datamodel.value.impl.ModifiableRecord
5876
RGL_VALUE_32118 class nl.tudelft.rdfgears.rgl.datamodel.value.impl.ModifiableRecord
5877
RGL_VALUE_32120 class nl.tudelft.rdfgears.rgl.datamodel.value.impl.ModifiableRecord
5878
RGL_VALUE_32122 class nl.tudelft.rdfgears.rgl.datamodel.value.impl.ModifiableRecord
5879
RGL_VALUE_32124 class nl.tudelft.rdfgears.rgl.datamodel.value.impl.ModifiableRecord
5880
RGL_VALUE_32126 class nl.tudelft.rdfgears.rgl.datamodel.value.impl.ModifiableRecord
5881
RGL_VALUE_32128 class nl.tudelft.rdfgears.rgl.datamodel.value.impl.ModifiableRecord
5882
RGL_VALUE_32130 class nl.tudelft.rdfgears.rgl.datamodel.value.impl.ModifiableRecord
5883
RGL_VALUE_32132 class nl.tudelft.rdfgears.rgl.datamodel.value.impl.ModifiableRecord
5884
RGL_VALUE_32134 class nl.tudelft.rdfgears.rgl.datamodel.value.impl.ModifiableRecord
5885
RGL_VALUE_32136 class nl.tudelft.rdfgears.rgl.datamodel.value.impl.ModifiableRecord
5886
RGL_VALUE_32138 class nl.tudelft.rdfgears.rgl.datamodel.value.impl.ModifiableRecord
5887
RGL_VALUE_32140 class nl.tudelft.rdfgears.rgl.datamodel.value.impl.ModifiableRecord
5888
RGL_VALUE_32142 class nl.tudelft.rdfgears.rgl.datamodel.value.impl.ModifiableRecord
5889
RGL_VALUE_32144 class nl.tudelft.rdfgears.rgl.datamodel.value.impl.ModifiableRecord
5890
RGL_VALUE_32146 class nl.tudelft.rdfgears.rgl.datamodel.value.impl.ModifiableRecord
5891
RGL_VALUE_32148 class nl.tudelft.rdfgears.rgl.datamodel.value.impl.ModifiableRecord
5892
RGL_VALUE_32150 class nl.tudelft.rdfgears.rgl.datamodel.value.impl.ModifiableRecord
5893
RGL_VALUE_32152 class nl.tudelft.rdfgears.rgl.datamodel.value.impl.ModifiableRecord
5894
RGL_VALUE_32154 class nl.tudelft.rdfgears.rgl.datamodel.value.impl.ModifiableRecord
5895
RGL_VALUE_32156 class nl.tudelft.rdfgears.rgl.datamodel.value.impl.ModifiableRecord
5896
RGL_VALUE_32158 class nl.tudelft.rdfgears.rgl.datamodel.value.impl.ModifiableRecord
5897
RGL_VALUE_32160 class nl.tudelft.rdfgears.rgl.datamodel.value.impl.ModifiableRecord
5898
RGL_VALUE_32162 class nl.tudelft.rdfgears.rgl.datamodel.value.impl.ModifiableRecord
5899
RGL_VALUE_32164 class nl.tudelft.rdfgears.rgl.datamodel.value.impl.ModifiableRecord
5900
RGL_VALUE_32167 class nl.tudelft.rdfgears.rgl.datamodel.value.impl.ModifiableRecord
5901
RGL_VALUE_32169 class nl.tudelft.rdfgears.rgl.datamodel.value.impl.ModifiableRecord
5902
RGL_VALUE_32171 class nl.tudelft.rdfgears.rgl.datamodel.value.impl.ModifiableRecord
5903
RGL_VALUE_32173 class nl.tudelft.rdfgears.rgl.datamodel.value.impl.ModifiableRecord
5904
RGL_VALUE_32175 class nl.tudelft.rdfgears.rgl.datamodel.value.impl.ModifiableRecord
5905
RGL_VALUE_32177 class nl.tudelft.rdfgears.rgl.datamodel.value.impl.ModifiableRecord
5906
RGL_VALUE_32179 class nl.tudelft.rdfgears.rgl.datamodel.value.impl.ModifiableRecord
5907
RGL_VALUE_32181 class nl.tudelft.rdfgears.rgl.datamodel.value.impl.ModifiableRecord
5908
RGL_VALUE_32183 class nl.tudelft.rdfgears.rgl.datamodel.value.impl.ModifiableRecord
5909
RGL_VALUE_32185 class nl.tudelft.rdfgears.rgl.datamodel.value.impl.ModifiableRecord
5910
RGL_VALUE_32187 class nl.tudelft.rdfgears.rgl.datamodel.value.impl.ModifiableRecord
5911
RGL_VALUE_32189 class nl.tudelft.rdfgears.rgl.datamodel.value.impl.ModifiableRecord
5912
RGL_VALUE_32191 class nl.tudelft.rdfgears.rgl.datamodel.value.impl.ModifiableRecord
5913
RGL_VALUE_32193 class nl.tudelft.rdfgears.rgl.datamodel.value.impl.ModifiableRecord
5914
RGL_VALUE_32195 class nl.tudelft.rdfgears.rgl.datamodel.value.impl.ModifiableRecord
5915
RGL_VALUE_32197 class nl.tudelft.rdfgears.rgl.datamodel.value.impl.ModifiableRecord
5916
RGL_VALUE_32199 class nl.tudelft.rdfgears.rgl.datamodel.value.impl.ModifiableRecord
5917
RGL_VALUE_32201 class nl.tudelft.rdfgears.rgl.datamodel.value.impl.ModifiableRecord
5918
RGL_VALUE_32203 class nl.tudelft.rdfgears.rgl.datamodel.value.impl.ModifiableRecord
5919
RGL_VALUE_32205 class nl.tudelft.rdfgears.rgl.datamodel.value.impl.ModifiableRecord
5920
RGL_VALUE_32207 class nl.tudelft.rdfgears.rgl.datamodel.value.impl.ModifiableRecord
5921
RGL_VALUE_32209 class nl.tudelft.rdfgears.rgl.datamodel.value.impl.ModifiableRecord
5922
RGL_VALUE_32211 class nl.tudelft.rdfgears.rgl.datamodel.value.impl.ModifiableRecord
5923
RGL_VALUE_32213 class nl.tudelft.rdfgears.rgl.datamodel.value.impl.ModifiableRecord
5924
RGL_VALUE_32215 class nl.tudelft.rdfgears.rgl.datamodel.value.impl.ModifiableRecord
5925
RGL_VALUE_32217 class nl.tudelft.rdfgears.rgl.datamodel.value.impl.ModifiableRecord
5926
RGL_VALUE_32219 class nl.tudelft.rdfgears.rgl.datamodel.value.impl.ModifiableRecord
5927
RGL_VALUE_32221 class nl.tudelft.rdfgears.rgl.datamodel.value.impl.ModifiableRecord
5928
RGL_VALUE_32223 class nl.tudelft.rdfgears.rgl.datamodel.value.impl.ModifiableRecord
5929
RGL_VALUE_32225 class nl.tudelft.rdfgears.rgl.datamodel.value.impl.ModifiableRecord
5930
RGL_VALUE_32227 class nl.tudelft.rdfgears.rgl.datamodel.value.impl.ModifiableRecord
5931
RGL_VALUE_32229 class nl.tudelft.rdfgears.rgl.datamodel.value.impl.ModifiableRecord
5932
RGL_VALUE_32231 class nl.tudelft.rdfgears.rgl.datamodel.value.impl.ModifiableRecord
5933
RGL_VALUE_32233 class nl.tudelft.rdfgears.rgl.datamodel.value.impl.ModifiableRecord
5934
RGL_VALUE_32235 class nl.tudelft.rdfgears.rgl.datamodel.value.impl.ModifiableRecord
5935
RGL_VALUE_32237 class nl.tudelft.rdfgears.rgl.datamodel.value.impl.ModifiableRecord
5936
RGL_VALUE_32239 class nl.tudelft.rdfgears.rgl.datamodel.value.impl.ModifiableRecord
5937
RGL_VALUE_32241 class nl.tudelft.rdfgears.rgl.datamodel.value.impl.ModifiableRecord
5938
RGL_VALUE_32243 class nl.tudelft.rdfgears.rgl.datamodel.value.impl.ModifiableRecord
5939
RGL_VALUE_32245 class nl.tudelft.rdfgears.rgl.datamodel.value.impl.ModifiableRecord
5940
RGL_VALUE_32247 class nl.tudelft.rdfgears.rgl.datamodel.value.impl.ModifiableRecord
5941
RGL_VALUE_32249 class nl.tudelft.rdfgears.rgl.datamodel.value.impl.ModifiableRecord
5942
RGL_VALUE_32251 class nl.tudelft.rdfgears.rgl.datamodel.value.impl.ModifiableRecord
5943
RGL_VALUE_32253 class nl.tudelft.rdfgears.rgl.datamodel.value.impl.ModifiableRecord
5944
RGL_VALUE_32255 class nl.tudelft.rdfgears.rgl.datamodel.value.impl.ModifiableRecord
5945
RGL_VALUE_32257 class nl.tudelft.rdfgears.rgl.datamodel.value.impl.ModifiableRecord
5946
RGL_VALUE_32259 class nl.tudelft.rdfgears.rgl.datamodel.value.impl.ModifiableRecord
5947
RGL_VALUE_32261 class nl.tudelft.rdfgears.rgl.datamodel.value.impl.ModifiableRecord
5948
RGL_VALUE_32263 class nl.tudelft.rdfgears.rgl.datamodel.value.impl.ModifiableRecord
5949
RGL_VALUE_32265 class nl.tudelft.rdfgears.rgl.datamodel.value.impl.ModifiableRecord
5950
RGL_VALUE_32267 class nl.tudelft.rdfgears.rgl.datamodel.value.impl.ModifiableRecord
5951
RGL_VALUE_32269 class nl.tudelft.rdfgears.rgl.datamodel.value.impl.ModifiableRecord
5952
RGL_VALUE_32271 class nl.tudelft.rdfgears.rgl.datamodel.value.impl.ModifiableRecord
5953
RGL_VALUE_32273 class nl.tudelft.rdfgears.rgl.datamodel.value.impl.ModifiableRecord
5954
RGL_VALUE_32275 class nl.tudelft.rdfgears.rgl.datamodel.value.impl.ModifiableRecord
5955
RGL_VALUE_32277 class nl.tudelft.rdfgears.rgl.datamodel.value.impl.ModifiableRecord
5956
RGL_VALUE_32279 class nl.tudelft.rdfgears.rgl.datamodel.value.impl.ModifiableRecord
5957
RGL_VALUE_32281 class nl.tudelft.rdfgears.rgl.datamodel.value.impl.ModifiableRecord
5958
RGL_VALUE_32283 class nl.tudelft.rdfgears.rgl.datamodel.value.impl.ModifiableRecord
5959
RGL_VALUE_32285 class nl.tudelft.rdfgears.rgl.datamodel.value.impl.ModifiableRecord
5960
RGL_VALUE_32287 class nl.tudelft.rdfgears.rgl.datamodel.value.impl.ModifiableRecord
5961
RGL_VALUE_32289 class nl.tudelft.rdfgears.rgl.datamodel.value.impl.ModifiableRecord
5962
RGL_VALUE_32291 class nl.tudelft.rdfgears.rgl.datamodel.value.impl.ModifiableRecord
5963
RGL_VALUE_32293 class nl.tudelft.rdfgears.rgl.datamodel.value.impl.ModifiableRecord
5964
RGL_VALUE_32295 class nl.tudelft.rdfgears.rgl.datamodel.value.impl.ModifiableRecord
5965
RGL_VALUE_32297 class nl.tudelft.rdfgears.rgl.datamodel.value.impl.ModifiableRecord
5966
RGL_VALUE_32299 class nl.tudelft.rdfgears.rgl.datamodel.value.impl.ModifiableRecord
5967
RGL_VALUE_32301 class nl.tudelft.rdfgears.rgl.datamodel.value.impl.ModifiableRecord
5968
RGL_VALUE_32303 class nl.tudelft.rdfgears.rgl.datamodel.value.impl.ModifiableRecord
5969
RGL_VALUE_32305 class nl.tudelft.rdfgears.rgl.datamodel.value.impl.ModifiableRecord
5970
RGL_VALUE_32307 class nl.tudelft.rdfgears.rgl.datamodel.value.impl.ModifiableRecord
5971
RGL_VALUE_32309 class nl.tudelft.rdfgears.rgl.datamodel.value.impl.ModifiableRecord
5972
RGL_VALUE_32311 class nl.tudelft.rdfgears.rgl.datamodel.value.impl.ModifiableRecord
5973
RGL_VALUE_32313 class nl.tudelft.rdfgears.rgl.datamodel.value.impl.ModifiableRecord
5974
RGL_VALUE_32315 class nl.tudelft.rdfgears.rgl.datamodel.value.impl.ModifiableRecord
5975
RGL_VALUE_32317 class nl.tudelft.rdfgears.rgl.datamodel.value.impl.ModifiableRecord
5976
RGL_VALUE_32319 class nl.tudelft.rdfgears.rgl.datamodel.value.impl.ModifiableRecord
5977
RGL_VALUE_32321 class nl.tudelft.rdfgears.rgl.datamodel.value.impl.ModifiableRecord
5978
RGL_VALUE_32323 class nl.tudelft.rdfgears.rgl.datamodel.value.impl.ModifiableRecord
5979
RGL_VALUE_32325 class nl.tudelft.rdfgears.rgl.datamodel.value.impl.ModifiableRecord
5980
RGL_VALUE_32327 class nl.tudelft.rdfgears.rgl.datamodel.value.impl.ModifiableRecord
5981
RGL_VALUE_32329 class nl.tudelft.rdfgears.rgl.datamodel.value.impl.ModifiableRecord
5982
RGL_VALUE_32331 class nl.tudelft.rdfgears.rgl.datamodel.value.impl.ModifiableRecord
5983
RGL_VALUE_32333 class nl.tudelft.rdfgears.rgl.datamodel.value.impl.ModifiableRecord
5984
RGL_VALUE_32335 class nl.tudelft.rdfgears.rgl.datamodel.value.impl.ModifiableRecord
5985
RGL_VALUE_32337 class nl.tudelft.rdfgears.rgl.datamodel.value.impl.ModifiableRecord
5986
RGL_VALUE_32339 class nl.tudelft.rdfgears.rgl.datamodel.value.impl.ModifiableRecord
5987
RGL_VALUE_32341 class nl.tudelft.rdfgears.rgl.datamodel.value.impl.ModifiableRecord
5988
RGL_VALUE_32343 class nl.tudelft.rdfgears.rgl.datamodel.value.impl.ModifiableRecord
5989
RGL_VALUE_32345 class nl.tudelft.rdfgears.rgl.datamodel.value.impl.ModifiableRecord
5990
RGL_VALUE_32347 class nl.tudelft.rdfgears.rgl.datamodel.value.impl.ModifiableRecord
5991
RGL_VALUE_32349 class nl.tudelft.rdfgears.rgl.datamodel.value.impl.ModifiableRecord
5992
RGL_VALUE_32351 class nl.tudelft.rdfgears.rgl.datamodel.value.impl.ModifiableRecord
5993
RGL_VALUE_32353 class nl.tudelft.rdfgears.rgl.datamodel.value.impl.ModifiableRecord
5994
RGL_VALUE_32355 class nl.tudelft.rdfgears.rgl.datamodel.value.impl.ModifiableRecord
5995
RGL_VALUE_32357 class nl.tudelft.rdfgears.rgl.datamodel.value.impl.ModifiableRecord
5996
RGL_VALUE_32359 class nl.tudelft.rdfgears.rgl.datamodel.value.impl.ModifiableRecord
5997
RGL_VALUE_32361 class nl.tudelft.rdfgears.rgl.datamodel.value.impl.ModifiableRecord
5998
RGL_VALUE_32363 class nl.tudelft.rdfgears.rgl.datamodel.value.impl.ModifiableRecord
5999
RGL_VALUE_32365 class nl.tudelft.rdfgears.rgl.datamodel.value.impl.ModifiableRecord
6000
RGL_VALUE_32368 class nl.tudelft.rdfgears.rgl.datamodel.value.impl.ModifiableRecord
6001
RGL_VALUE_32370 class nl.tudelft.rdfgears.rgl.datamodel.value.impl.ModifiableRecord
6002
RGL_VALUE_32372 class nl.tudelft.rdfgears.rgl.datamodel.value.impl.ModifiableRecord
6003
RGL_VALUE_32374 class nl.tudelft.rdfgears.rgl.datamodel.value.impl.ModifiableRecord
6004
RGL_VALUE_32376 class nl.tudelft.rdfgears.rgl.datamodel.value.impl.ModifiableRecord
6005
RGL_VALUE_32378 class nl.tudelft.rdfgears.rgl.datamodel.value.impl.ModifiableRecord
6006
RGL_VALUE_32380 class nl.tudelft.rdfgears.rgl.datamodel.value.impl.ModifiableRecord
6007
RGL_VALUE_32382 class nl.tudelft.rdfgears.rgl.datamodel.value.impl.ModifiableRecord
6008
RGL_VALUE_32384 class nl.tudelft.rdfgears.rgl.datamodel.value.impl.ModifiableRecord
6009
RGL_VALUE_32386 class nl.tudelft.rdfgears.rgl.datamodel.value.impl.ModifiableRecord
6010
RGL_VALUE_32388 class nl.tudelft.rdfgears.rgl.datamodel.value.impl.ModifiableRecord
6011
RGL_VALUE_32390 class nl.tudelft.rdfgears.rgl.datamodel.value.impl.ModifiableRecord
6012
RGL_VALUE_32392 class nl.tudelft.rdfgears.rgl.datamodel.value.impl.ModifiableRecord
6013
RGL_VALUE_32394 class nl.tudelft.rdfgears.rgl.datamodel.value.impl.ModifiableRecord
6014
RGL_VALUE_32396 class nl.tudelft.rdfgears.rgl.datamodel.value.impl.ModifiableRecord
6015
RGL_VALUE_32398 class nl.tudelft.rdfgears.rgl.datamodel.value.impl.ModifiableRecord
6016
RGL_VALUE_32400 class nl.tudelft.rdfgears.rgl.datamodel.value.impl.ModifiableRecord
6017
RGL_VALUE_32402 class nl.tudelft.rdfgears.rgl.datamodel.value.impl.ModifiableRecord
6018
RGL_VALUE_32404 class nl.tudelft.rdfgears.rgl.datamodel.value.impl.ModifiableRecord
6019
RGL_VALUE_32406 class nl.tudelft.rdfgears.rgl.datamodel.value.impl.ModifiableRecord
6020
RGL_VALUE_32408 class nl.tudelft.rdfgears.rgl.datamodel.value.impl.ModifiableRecord
6021
RGL_VALUE_32410 class nl.tudelft.rdfgears.rgl.datamodel.value.impl.ModifiableRecord
6022
RGL_VALUE_32412 class nl.tudelft.rdfgears.rgl.datamodel.value.impl.ModifiableRecord
6023
RGL_VALUE_32414 class nl.tudelft.rdfgears.rgl.datamodel.value.impl.ModifiableRecord
6024
RGL_VALUE_32416 class nl.tudelft.rdfgears.rgl.datamodel.value.impl.ModifiableRecord
6025
RGL_VALUE_32418 class nl.tudelft.rdfgears.rgl.datamodel.value.impl.ModifiableRecord
6026
RGL_VALUE_32420 class nl.tudelft.rdfgears.rgl.datamodel.value.impl.ModifiableRecord
6027
RGL_VALUE_32422 class nl.tudelft.rdfgears.rgl.datamodel.value.impl.ModifiableRecord
6028
RGL_VALUE_32424 class nl.tudelft.rdfgears.rgl.datamodel.value.impl.ModifiableRecord
6029
RGL_VALUE_32426 class nl.tudelft.rdfgears.rgl.datamodel.value.impl.ModifiableRecord
6030
RGL_VALUE_32428 class nl.tudelft.rdfgears.rgl.datamodel.value.impl.ModifiableRecord
6031
RGL_VALUE_32430 class nl.tudelft.rdfgears.rgl.datamodel.value.impl.ModifiableRecord
6032
RGL_VALUE_32432 class nl.tudelft.rdfgears.rgl.datamodel.value.impl.ModifiableRecord
6033
RGL_VALUE_32434 class nl.tudelft.rdfgears.rgl.datamodel.value.impl.ModifiableRecord
6034
RGL_VALUE_32436 class nl.tudelft.rdfgears.rgl.datamodel.value.impl.ModifiableRecord
6035
RGL_VALUE_32438 class nl.tudelft.rdfgears.rgl.datamodel.value.impl.ModifiableRecord
6036
RGL_VALUE_32440 class nl.tudelft.rdfgears.rgl.datamodel.value.impl.ModifiableRecord
6037
RGL_VALUE_32442 class nl.tudelft.rdfgears.rgl.datamodel.value.impl.ModifiableRecord
6038
RGL_VALUE_32444 class nl.tudelft.rdfgears.rgl.datamodel.value.impl.ModifiableRecord
6039
RGL_VALUE_32446 class nl.tudelft.rdfgears.rgl.datamodel.value.impl.ModifiableRecord
6040
RGL_VALUE_32448 class nl.tudelft.rdfgears.rgl.datamodel.value.impl.ModifiableRecord
6041
RGL_VALUE_32450 class nl.tudelft.rdfgears.rgl.datamodel.value.impl.ModifiableRecord
6042
RGL_VALUE_32452 class nl.tudelft.rdfgears.rgl.datamodel.value.impl.ModifiableRecord
6043
RGL_VALUE_32454 class nl.tudelft.rdfgears.rgl.datamodel.value.impl.ModifiableRecord
6044
RGL_VALUE_32456 class nl.tudelft.rdfgears.rgl.datamodel.value.impl.ModifiableRecord
6045
RGL_VALUE_32458 class nl.tudelft.rdfgears.rgl.datamodel.value.impl.ModifiableRecord
6046
RGL_VALUE_32460 class nl.tudelft.rdfgears.rgl.datamodel.value.impl.ModifiableRecord
6047
RGL_VALUE_32462 class nl.tudelft.rdfgears.rgl.datamodel.value.impl.ModifiableRecord
6048
RGL_VALUE_32464 class nl.tudelft.rdfgears.rgl.datamodel.value.impl.ModifiableRecord
6049
RGL_VALUE_32466 class nl.tudelft.rdfgears.rgl.datamodel.value.impl.ModifiableRecord
6050
RGL_VALUE_32468 class nl.tudelft.rdfgears.rgl.datamodel.value.impl.ModifiableRecord
6051
RGL_VALUE_32470 class nl.tudelft.rdfgears.rgl.datamodel.value.impl.ModifiableRecord
6052
RGL_VALUE_32472 class nl.tudelft.rdfgears.rgl.datamodel.value.impl.ModifiableRecord
6053
RGL_VALUE_32474 class nl.tudelft.rdfgears.rgl.datamodel.value.impl.ModifiableRecord
6054
RGL_VALUE_32476 class nl.tudelft.rdfgears.rgl.datamodel.value.impl.ModifiableRecord
6055
RGL_VALUE_32478 class nl.tudelft.rdfgears.rgl.datamodel.value.impl.ModifiableRecord
6056
RGL_VALUE_32480 class nl.tudelft.rdfgears.rgl.datamodel.value.impl.ModifiableRecord
6057
RGL_VALUE_32482 class nl.tudelft.rdfgears.rgl.datamodel.value.impl.ModifiableRecord
6058
RGL_VALUE_32484 class nl.tudelft.rdfgears.rgl.datamodel.value.impl.ModifiableRecord
6059
RGL_VALUE_32486 class nl.tudelft.rdfgears.rgl.datamodel.value.impl.ModifiableRecord
6060
RGL_VALUE_32488 class nl.tudelft.rdfgears.rgl.datamodel.value.impl.ModifiableRecord
6061
RGL_VALUE_32490 class nl.tudelft.rdfgears.rgl.datamodel.value.impl.ModifiableRecord
6062
RGL_VALUE_32492 class nl.tudelft.rdfgears.rgl.datamodel.value.impl.ModifiableRecord
6063
RGL_VALUE_32494 class nl.tudelft.rdfgears.rgl.datamodel.value.impl.ModifiableRecord
6064
RGL_VALUE_32496 class nl.tudelft.rdfgears.rgl.datamodel.value.impl.ModifiableRecord
6065
RGL_VALUE_32498 class nl.tudelft.rdfgears.rgl.datamodel.value.impl.ModifiableRecord
6066
RGL_VALUE_32500 class nl.tudelft.rdfgears.rgl.datamodel.value.impl.ModifiableRecord
6067
RGL_VALUE_32502 class nl.tudelft.rdfgears.rgl.datamodel.value.impl.ModifiableRecord
6068
RGL_VALUE_32504 class nl.tudelft.rdfgears.rgl.datamodel.value.impl.ModifiableRecord
6069
RGL_VALUE_32506 class nl.tudelft.rdfgears.rgl.datamodel.value.impl.ModifiableRecord
6070
RGL_VALUE_32508 class nl.tudelft.rdfgears.rgl.datamodel.value.impl.ModifiableRecord
6071
RGL_VALUE_32510 class nl.tudelft.rdfgears.rgl.datamodel.value.impl.ModifiableRecord
6072
RGL_VALUE_32512 class nl.tudelft.rdfgears.rgl.datamodel.value.impl.ModifiableRecord
6073
RGL_VALUE_32514 class nl.tudelft.rdfgears.rgl.datamodel.value.impl.ModifiableRecord
6074
RGL_VALUE_32516 class nl.tudelft.rdfgears.rgl.datamodel.value.impl.ModifiableRecord
6075
RGL_VALUE_32518 class nl.tudelft.rdfgears.rgl.datamodel.value.impl.ModifiableRecord
6076
RGL_VALUE_32520 class nl.tudelft.rdfgears.rgl.datamodel.value.impl.ModifiableRecord
6077
RGL_VALUE_32522 class nl.tudelft.rdfgears.rgl.datamodel.value.impl.ModifiableRecord
6078
RGL_VALUE_32524 class nl.tudelft.rdfgears.rgl.datamodel.value.impl.ModifiableRecord
6079
RGL_VALUE_32526 class nl.tudelft.rdfgears.rgl.datamodel.value.impl.ModifiableRecord
6080
RGL_VALUE_32528 class nl.tudelft.rdfgears.rgl.datamodel.value.impl.ModifiableRecord
6081
RGL_VALUE_32530 class nl.tudelft.rdfgears.rgl.datamodel.value.impl.ModifiableRecord
6082
RGL_VALUE_32532 class nl.tudelft.rdfgears.rgl.datamodel.value.impl.ModifiableRecord
6083
RGL_VALUE_32534 class nl.tudelft.rdfgears.rgl.datamodel.value.impl.ModifiableRecord
6084
RGL_VALUE_32536 class nl.tudelft.rdfgears.rgl.datamodel.value.impl.ModifiableRecord
6085
RGL_VALUE_32538 class nl.tudelft.rdfgears.rgl.datamodel.value.impl.ModifiableRecord
6086
RGL_VALUE_32540 class nl.tudelft.rdfgears.rgl.datamodel.value.impl.ModifiableRecord
6087
RGL_VALUE_32542 class nl.tudelft.rdfgears.rgl.datamodel.value.impl.ModifiableRecord
6088
RGL_VALUE_32544 class nl.tudelft.rdfgears.rgl.datamodel.value.impl.ModifiableRecord
6089
RGL_VALUE_32546 class nl.tudelft.rdfgears.rgl.datamodel.value.impl.ModifiableRecord
6090
RGL_VALUE_32548 class nl.tudelft.rdfgears.rgl.datamodel.value.impl.ModifiableRecord
6091
RGL_VALUE_32550 class nl.tudelft.rdfgears.rgl.datamodel.value.impl.ModifiableRecord
6092
RGL_VALUE_32552 class nl.tudelft.rdfgears.rgl.datamodel.value.impl.ModifiableRecord
6093
RGL_VALUE_32554 class nl.tudelft.rdfgears.rgl.datamodel.value.impl.ModifiableRecord
6094
RGL_VALUE_32556 class nl.tudelft.rdfgears.rgl.datamodel.value.impl.ModifiableRecord
6095
RGL_VALUE_32558 class nl.tudelft.rdfgears.rgl.datamodel.value.impl.ModifiableRecord
6096
RGL_VALUE_32560 class nl.tudelft.rdfgears.rgl.datamodel.value.impl.ModifiableRecord
6097
RGL_VALUE_32562 class nl.tudelft.rdfgears.rgl.datamodel.value.impl.ModifiableRecord
6098
RGL_VALUE_32564 class nl.tudelft.rdfgears.rgl.datamodel.value.impl.ModifiableRecord
6099
RGL_VALUE_32566 class nl.tudelft.rdfgears.rgl.datamodel.value.impl.ModifiableRecord
6100
RGL_VALUE_32569 class nl.tudelft.rdfgears.rgl.datamodel.value.impl.ModifiableRecord
6101
RGL_VALUE_32571 class nl.tudelft.rdfgears.rgl.datamodel.value.impl.ModifiableRecord
6102
RGL_VALUE_32573 class nl.tudelft.rdfgears.rgl.datamodel.value.impl.ModifiableRecord
6103
RGL_VALUE_32575 class nl.tudelft.rdfgears.rgl.datamodel.value.impl.ModifiableRecord
6104
RGL_VALUE_32577 class nl.tudelft.rdfgears.rgl.datamodel.value.impl.ModifiableRecord
6105
RGL_VALUE_32579 class nl.tudelft.rdfgears.rgl.datamodel.value.impl.ModifiableRecord
6106
RGL_VALUE_32581 class nl.tudelft.rdfgears.rgl.datamodel.value.impl.ModifiableRecord
6107
RGL_VALUE_32583 class nl.tudelft.rdfgears.rgl.datamodel.value.impl.ModifiableRecord
6108
RGL_VALUE_32585 class nl.tudelft.rdfgears.rgl.datamodel.value.impl.ModifiableRecord
6109
RGL_VALUE_32587 class nl.tudelft.rdfgears.rgl.datamodel.value.impl.ModifiableRecord
6110
RGL_VALUE_32589 class nl.tudelft.rdfgears.rgl.datamodel.value.impl.ModifiableRecord
6111
RGL_VALUE_32591 class nl.tudelft.rdfgears.rgl.datamodel.value.impl.ModifiableRecord
6112
RGL_VALUE_32593 class nl.tudelft.rdfgears.rgl.datamodel.value.impl.ModifiableRecord
6113
RGL_VALUE_32595 class nl.tudelft.rdfgears.rgl.datamodel.value.impl.ModifiableRecord
6114
RGL_VALUE_32597 class nl.tudelft.rdfgears.rgl.datamodel.value.impl.ModifiableRecord
6115
RGL_VALUE_32599 class nl.tudelft.rdfgears.rgl.datamodel.value.impl.ModifiableRecord
6116
RGL_VALUE_32601 class nl.tudelft.rdfgears.rgl.datamodel.value.impl.ModifiableRecord
6117
RGL_VALUE_32603 class nl.tudelft.rdfgears.rgl.datamodel.value.impl.ModifiableRecord
6118
RGL_VALUE_32605 class nl.tudelft.rdfgears.rgl.datamodel.value.impl.ModifiableRecord
6119
RGL_VALUE_32607 class nl.tudelft.rdfgears.rgl.datamodel.value.impl.ModifiableRecord
6120
RGL_VALUE_32609 class nl.tudelft.rdfgears.rgl.datamodel.value.impl.ModifiableRecord
6121
RGL_VALUE_32611 class nl.tudelft.rdfgears.rgl.datamodel.value.impl.ModifiableRecord
6122
RGL_VALUE_32613 class nl.tudelft.rdfgears.rgl.datamodel.value.impl.ModifiableRecord
6123
RGL_VALUE_32615 class nl.tudelft.rdfgears.rgl.datamodel.value.impl.ModifiableRecord
6124
RGL_VALUE_32617 class nl.tudelft.rdfgears.rgl.datamodel.value.impl.ModifiableRecord
6125
RGL_VALUE_32619 class nl.tudelft.rdfgears.rgl.datamodel.value.impl.ModifiableRecord
6126
RGL_VALUE_32621 class nl.tudelft.rdfgears.rgl.datamodel.value.impl.ModifiableRecord
6127
RGL_VALUE_32623 class nl.tudelft.rdfgears.rgl.datamodel.value.impl.ModifiableRecord
6128
RGL_VALUE_32625 class nl.tudelft.rdfgears.rgl.datamodel.value.impl.ModifiableRecord
6129
RGL_VALUE_32627 class nl.tudelft.rdfgears.rgl.datamodel.value.impl.ModifiableRecord
6130
RGL_VALUE_32629 class nl.tudelft.rdfgears.rgl.datamodel.value.impl.ModifiableRecord
6131
RGL_VALUE_32631 class nl.tudelft.rdfgears.rgl.datamodel.value.impl.ModifiableRecord
6132
RGL_VALUE_32633 class nl.tudelft.rdfgears.rgl.datamodel.value.impl.ModifiableRecord
6133
RGL_VALUE_32635 class nl.tudelft.rdfgears.rgl.datamodel.value.impl.ModifiableRecord
6134
RGL_VALUE_32637 class nl.tudelft.rdfgears.rgl.datamodel.value.impl.ModifiableRecord
6135
RGL_VALUE_32639 class nl.tudelft.rdfgears.rgl.datamodel.value.impl.ModifiableRecord
6136
RGL_VALUE_32641 class nl.tudelft.rdfgears.rgl.datamodel.value.impl.ModifiableRecord
6137
RGL_VALUE_32643 class nl.tudelft.rdfgears.rgl.datamodel.value.impl.ModifiableRecord
6138
RGL_VALUE_32645 class nl.tudelft.rdfgears.rgl.datamodel.value.impl.ModifiableRecord
6139
RGL_VALUE_32647 class nl.tudelft.rdfgears.rgl.datamodel.value.impl.ModifiableRecord
6140
RGL_VALUE_32649 class nl.tudelft.rdfgears.rgl.datamodel.value.impl.ModifiableRecord
6141
RGL_VALUE_32651 class nl.tudelft.rdfgears.rgl.datamodel.value.impl.ModifiableRecord
6142
RGL_VALUE_32653 class nl.tudelft.rdfgears.rgl.datamodel.value.impl.ModifiableRecord
6143
RGL_VALUE_32655 class nl.tudelft.rdfgears.rgl.datamodel.value.impl.ModifiableRecord
6144
RGL_VALUE_32657 class nl.tudelft.rdfgears.rgl.datamodel.value.impl.ModifiableRecord
6145
RGL_VALUE_32659 class nl.tudelft.rdfgears.rgl.datamodel.value.impl.ModifiableRecord
6146
RGL_VALUE_32661 class nl.tudelft.rdfgears.rgl.datamodel.value.impl.ModifiableRecord
6147
RGL_VALUE_32663 class nl.tudelft.rdfgears.rgl.datamodel.value.impl.ModifiableRecord
6148
RGL_VALUE_32665 class nl.tudelft.rdfgears.rgl.datamodel.value.impl.ModifiableRecord
6149
RGL_VALUE_32667 class nl.tudelft.rdfgears.rgl.datamodel.value.impl.ModifiableRecord
6150
RGL_VALUE_32669 class nl.tudelft.rdfgears.rgl.datamodel.value.impl.ModifiableRecord
6151
RGL_VALUE_32671 class nl.tudelft.rdfgears.rgl.datamodel.value.impl.ModifiableRecord
6152
RGL_VALUE_32673 class nl.tudelft.rdfgears.rgl.datamodel.value.impl.ModifiableRecord
6153
RGL_VALUE_32675 class nl.tudelft.rdfgears.rgl.datamodel.value.impl.ModifiableRecord
6154
RGL_VALUE_32677 class nl.tudelft.rdfgears.rgl.datamodel.value.impl.ModifiableRecord
6155
RGL_VALUE_32679 class nl.tudelft.rdfgears.rgl.datamodel.value.impl.ModifiableRecord
6156
RGL_VALUE_32681 class nl.tudelft.rdfgears.rgl.datamodel.value.impl.ModifiableRecord
6157
RGL_VALUE_32683 class nl.tudelft.rdfgears.rgl.datamodel.value.impl.ModifiableRecord
6158
RGL_VALUE_32685 class nl.tudelft.rdfgears.rgl.datamodel.value.impl.ModifiableRecord
6159
RGL_VALUE_32687 class nl.tudelft.rdfgears.rgl.datamodel.value.impl.ModifiableRecord
6160
RGL_VALUE_32689 class nl.tudelft.rdfgears.rgl.datamodel.value.impl.ModifiableRecord
6161
RGL_VALUE_32691 class nl.tudelft.rdfgears.rgl.datamodel.value.impl.ModifiableRecord
6162
RGL_VALUE_32693 class nl.tudelft.rdfgears.rgl.datamodel.value.impl.ModifiableRecord
6163
RGL_VALUE_32695 class nl.tudelft.rdfgears.rgl.datamodel.value.impl.ModifiableRecord
6164
RGL_VALUE_32697 class nl.tudelft.rdfgears.rgl.datamodel.value.impl.ModifiableRecord
6165
RGL_VALUE_32699 class nl.tudelft.rdfgears.rgl.datamodel.value.impl.ModifiableRecord
6166
RGL_VALUE_32701 class nl.tudelft.rdfgears.rgl.datamodel.value.impl.ModifiableRecord
6167
RGL_VALUE_32703 class nl.tudelft.rdfgears.rgl.datamodel.value.impl.ModifiableRecord
6168
RGL_VALUE_32705 class nl.tudelft.rdfgears.rgl.datamodel.value.impl.ModifiableRecord
6169
RGL_VALUE_32707 class nl.tudelft.rdfgears.rgl.datamodel.value.impl.ModifiableRecord
6170
RGL_VALUE_32709 class nl.tudelft.rdfgears.rgl.datamodel.value.impl.ModifiableRecord
6171
RGL_VALUE_32711 class nl.tudelft.rdfgears.rgl.datamodel.value.impl.ModifiableRecord
6172
RGL_VALUE_32713 class nl.tudelft.rdfgears.rgl.datamodel.value.impl.ModifiableRecord
6173
RGL_VALUE_32715 class nl.tudelft.rdfgears.rgl.datamodel.value.impl.ModifiableRecord
6174
RGL_VALUE_32717 class nl.tudelft.rdfgears.rgl.datamodel.value.impl.ModifiableRecord
6175
RGL_VALUE_32719 class nl.tudelft.rdfgears.rgl.datamodel.value.impl.ModifiableRecord
6176
RGL_VALUE_32721 class nl.tudelft.rdfgears.rgl.datamodel.value.impl.ModifiableRecord
6177
RGL_VALUE_32723 class nl.tudelft.rdfgears.rgl.datamodel.value.impl.ModifiableRecord
6178
RGL_VALUE_32725 class nl.tudelft.rdfgears.rgl.datamodel.value.impl.ModifiableRecord
6179
RGL_VALUE_32727 class nl.tudelft.rdfgears.rgl.datamodel.value.impl.ModifiableRecord
6180
RGL_VALUE_32729 class nl.tudelft.rdfgears.rgl.datamodel.value.impl.ModifiableRecord
6181
RGL_VALUE_32731 class nl.tudelft.rdfgears.rgl.datamodel.value.impl.ModifiableRecord
6182
RGL_VALUE_32733 class nl.tudelft.rdfgears.rgl.datamodel.value.impl.ModifiableRecord
6183
RGL_VALUE_32735 class nl.tudelft.rdfgears.rgl.datamodel.value.impl.ModifiableRecord
6184
RGL_VALUE_32737 class nl.tudelft.rdfgears.rgl.datamodel.value.impl.ModifiableRecord
6185
RGL_VALUE_32739 class nl.tudelft.rdfgears.rgl.datamodel.value.impl.ModifiableRecord
6186
RGL_VALUE_32741 class nl.tudelft.rdfgears.rgl.datamodel.value.impl.ModifiableRecord
6187
RGL_VALUE_32743 class nl.tudelft.rdfgears.rgl.datamodel.value.impl.ModifiableRecord
6188
RGL_VALUE_32745 class nl.tudelft.rdfgears.rgl.datamodel.value.impl.ModifiableRecord
6189
RGL_VALUE_32747 class nl.tudelft.rdfgears.rgl.datamodel.value.impl.ModifiableRecord
6190
RGL_VALUE_32749 class nl.tudelft.rdfgears.rgl.datamodel.value.impl.ModifiableRecord
6191
RGL_VALUE_32751 class nl.tudelft.rdfgears.rgl.datamodel.value.impl.ModifiableRecord
6192
RGL_VALUE_32753 class nl.tudelft.rdfgears.rgl.datamodel.value.impl.ModifiableRecord
6193
RGL_VALUE_32755 class nl.tudelft.rdfgears.rgl.datamodel.value.impl.ModifiableRecord
6194
RGL_VALUE_32757 class nl.tudelft.rdfgears.rgl.datamodel.value.impl.ModifiableRecord
6195
RGL_VALUE_32759 class nl.tudelft.rdfgears.rgl.datamodel.value.impl.ModifiableRecord
6196
RGL_VALUE_32761 class nl.tudelft.rdfgears.rgl.datamodel.value.impl.ModifiableRecord
6197
RGL_VALUE_32763 class nl.tudelft.rdfgears.rgl.datamodel.value.impl.ModifiableRecord
6198
RGL_VALUE_32765 class nl.tudelft.rdfgears.rgl.datamodel.value.impl.ModifiableRecord
6199
RGL_VALUE_32767 class nl.tudelft.rdfgears.rgl.datamodel.value.impl.ModifiableRecord
6200
RGL_VALUE_32770 class nl.tudelft.rdfgears.rgl.datamodel.value.impl.ModifiableRecord
6201
RGL_VALUE_32772 class nl.tudelft.rdfgears.rgl.datamodel.value.impl.ModifiableRecord
6202
RGL_VALUE_32774 class nl.tudelft.rdfgears.rgl.datamodel.value.impl.ModifiableRecord
6203
RGL_VALUE_32776 class nl.tudelft.rdfgears.rgl.datamodel.value.impl.ModifiableRecord
6204
RGL_VALUE_32778 class nl.tudelft.rdfgears.rgl.datamodel.value.impl.ModifiableRecord
6205
RGL_VALUE_32780 class nl.tudelft.rdfgears.rgl.datamodel.value.impl.ModifiableRecord
6206
RGL_VALUE_32782 class nl.tudelft.rdfgears.rgl.datamodel.value.impl.ModifiableRecord
6207
RGL_VALUE_32784 class nl.tudelft.rdfgears.rgl.datamodel.value.impl.ModifiableRecord
6208
RGL_VALUE_32786 class nl.tudelft.rdfgears.rgl.datamodel.value.impl.ModifiableRecord
6209
RGL_VALUE_32788 class nl.tudelft.rdfgears.rgl.datamodel.value.impl.ModifiableRecord
6210
RGL_VALUE_32790 class nl.tudelft.rdfgears.rgl.datamodel.value.impl.ModifiableRecord
6211
RGL_VALUE_32792 class nl.tudelft.rdfgears.rgl.datamodel.value.impl.ModifiableRecord
6212
RGL_VALUE_32794 class nl.tudelft.rdfgears.rgl.datamodel.value.impl.ModifiableRecord
6213
RGL_VALUE_32796 class nl.tudelft.rdfgears.rgl.datamodel.value.impl.ModifiableRecord
6214
RGL_VALUE_32798 class nl.tudelft.rdfgears.rgl.datamodel.value.impl.ModifiableRecord
6215
RGL_VALUE_32800 class nl.tudelft.rdfgears.rgl.datamodel.value.impl.ModifiableRecord
6216
RGL_VALUE_32802 class nl.tudelft.rdfgears.rgl.datamodel.value.impl.ModifiableRecord
6217
RGL_VALUE_32804 class nl.tudelft.rdfgears.rgl.datamodel.value.impl.ModifiableRecord
6218
RGL_VALUE_32806 class nl.tudelft.rdfgears.rgl.datamodel.value.impl.ModifiableRecord
6219
RGL_VALUE_32808 class nl.tudelft.rdfgears.rgl.datamodel.value.impl.ModifiableRecord
6220
RGL_VALUE_32810 class nl.tudelft.rdfgears.rgl.datamodel.value.impl.ModifiableRecord
6221
RGL_VALUE_32812 class nl.tudelft.rdfgears.rgl.datamodel.value.impl.ModifiableRecord
6222
RGL_VALUE_32814 class nl.tudelft.rdfgears.rgl.datamodel.value.impl.ModifiableRecord
6223
RGL_VALUE_32816 class nl.tudelft.rdfgears.rgl.datamodel.value.impl.ModifiableRecord
6224
RGL_VALUE_32818 class nl.tudelft.rdfgears.rgl.datamodel.value.impl.ModifiableRecord
6225
RGL_VALUE_32820 class nl.tudelft.rdfgears.rgl.datamodel.value.impl.ModifiableRecord
6226
RGL_VALUE_32822 class nl.tudelft.rdfgears.rgl.datamodel.value.impl.ModifiableRecord
6227
RGL_VALUE_32824 class nl.tudelft.rdfgears.rgl.datamodel.value.impl.ModifiableRecord
6228
RGL_VALUE_32826 class nl.tudelft.rdfgears.rgl.datamodel.value.impl.ModifiableRecord
6229
RGL_VALUE_32828 class nl.tudelft.rdfgears.rgl.datamodel.value.impl.ModifiableRecord
6230
RGL_VALUE_32830 class nl.tudelft.rdfgears.rgl.datamodel.value.impl.ModifiableRecord
6231
RGL_VALUE_32832 class nl.tudelft.rdfgears.rgl.datamodel.value.impl.ModifiableRecord
6232
RGL_VALUE_32834 class nl.tudelft.rdfgears.rgl.datamodel.value.impl.ModifiableRecord
6233
RGL_VALUE_32836 class nl.tudelft.rdfgears.rgl.datamodel.value.impl.ModifiableRecord
6234
RGL_VALUE_32838 class nl.tudelft.rdfgears.rgl.datamodel.value.impl.ModifiableRecord
6235
RGL_VALUE_32840 class nl.tudelft.rdfgears.rgl.datamodel.value.impl.ModifiableRecord
6236
RGL_VALUE_32842 class nl.tudelft.rdfgears.rgl.datamodel.value.impl.ModifiableRecord
6237
RGL_VALUE_32844 class nl.tudelft.rdfgears.rgl.datamodel.value.impl.ModifiableRecord
6238
RGL_VALUE_32846 class nl.tudelft.rdfgears.rgl.datamodel.value.impl.ModifiableRecord
6239
RGL_VALUE_32848 class nl.tudelft.rdfgears.rgl.datamodel.value.impl.ModifiableRecord
6240
RGL_VALUE_32850 class nl.tudelft.rdfgears.rgl.datamodel.value.impl.ModifiableRecord
6241
RGL_VALUE_32852 class nl.tudelft.rdfgears.rgl.datamodel.value.impl.ModifiableRecord
6242
RGL_VALUE_32854 class nl.tudelft.rdfgears.rgl.datamodel.value.impl.ModifiableRecord
6243
RGL_VALUE_32856 class nl.tudelft.rdfgears.rgl.datamodel.value.impl.ModifiableRecord
6244
RGL_VALUE_32858 class nl.tudelft.rdfgears.rgl.datamodel.value.impl.ModifiableRecord
6245
RGL_VALUE_32860 class nl.tudelft.rdfgears.rgl.datamodel.value.impl.ModifiableRecord
6246
RGL_VALUE_32862 class nl.tudelft.rdfgears.rgl.datamodel.value.impl.ModifiableRecord
6247
RGL_VALUE_32864 class nl.tudelft.rdfgears.rgl.datamodel.value.impl.ModifiableRecord
6248
RGL_VALUE_32866 class nl.tudelft.rdfgears.rgl.datamodel.value.impl.ModifiableRecord
6249
RGL_VALUE_32868 class nl.tudelft.rdfgears.rgl.datamodel.value.impl.ModifiableRecord
6250
RGL_VALUE_32870 class nl.tudelft.rdfgears.rgl.datamodel.value.impl.ModifiableRecord
6251
RGL_VALUE_32872 class nl.tudelft.rdfgears.rgl.datamodel.value.impl.ModifiableRecord
6252
RGL_VALUE_32874 class nl.tudelft.rdfgears.rgl.datamodel.value.impl.ModifiableRecord
6253
RGL_VALUE_32876 class nl.tudelft.rdfgears.rgl.datamodel.value.impl.ModifiableRecord
6254
RGL_VALUE_32878 class nl.tudelft.rdfgears.rgl.datamodel.value.impl.ModifiableRecord
6255
RGL_VALUE_32880 class nl.tudelft.rdfgears.rgl.datamodel.value.impl.ModifiableRecord
6256
RGL_VALUE_32882 class nl.tudelft.rdfgears.rgl.datamodel.value.impl.ModifiableRecord
6257
RGL_VALUE_32884 class nl.tudelft.rdfgears.rgl.datamodel.value.impl.ModifiableRecord
6258
RGL_VALUE_32886 class nl.tudelft.rdfgears.rgl.datamodel.value.impl.ModifiableRecord
6259
RGL_VALUE_32888 class nl.tudelft.rdfgears.rgl.datamodel.value.impl.ModifiableRecord
6260
RGL_VALUE_32890 class nl.tudelft.rdfgears.rgl.datamodel.value.impl.ModifiableRecord
6261
RGL_VALUE_32892 class nl.tudelft.rdfgears.rgl.datamodel.value.impl.ModifiableRecord
6262
RGL_VALUE_32894 class nl.tudelft.rdfgears.rgl.datamodel.value.impl.ModifiableRecord
6263
RGL_VALUE_32896 class nl.tudelft.rdfgears.rgl.datamodel.value.impl.ModifiableRecord
6264
RGL_VALUE_32898 class nl.tudelft.rdfgears.rgl.datamodel.value.impl.ModifiableRecord
6265
RGL_VALUE_32900 class nl.tudelft.rdfgears.rgl.datamodel.value.impl.ModifiableRecord
6266
RGL_VALUE_32902 class nl.tudelft.rdfgears.rgl.datamodel.value.impl.ModifiableRecord
6267
RGL_VALUE_32904 class nl.tudelft.rdfgears.rgl.datamodel.value.impl.ModifiableRecord
6268
RGL_VALUE_32906 class nl.tudelft.rdfgears.rgl.datamodel.value.impl.ModifiableRecord
6269
RGL_VALUE_32908 class nl.tudelft.rdfgears.rgl.datamodel.value.impl.ModifiableRecord
6270
RGL_VALUE_32910 class nl.tudelft.rdfgears.rgl.datamodel.value.impl.ModifiableRecord
6271
RGL_VALUE_32912 class nl.tudelft.rdfgears.rgl.datamodel.value.impl.ModifiableRecord
6272
RGL_VALUE_32914 class nl.tudelft.rdfgears.rgl.datamodel.value.impl.ModifiableRecord
6273
RGL_VALUE_32916 class nl.tudelft.rdfgears.rgl.datamodel.value.impl.ModifiableRecord
6274
RGL_VALUE_32918 class nl.tudelft.rdfgears.rgl.datamodel.value.impl.ModifiableRecord
6275
RGL_VALUE_32920 class nl.tudelft.rdfgears.rgl.datamodel.value.impl.ModifiableRecord
6276
RGL_VALUE_32922 class nl.tudelft.rdfgears.rgl.datamodel.value.impl.ModifiableRecord
6277
RGL_VALUE_32924 class nl.tudelft.rdfgears.rgl.datamodel.value.impl.ModifiableRecord
6278
RGL_VALUE_32926 class nl.tudelft.rdfgears.rgl.datamodel.value.impl.ModifiableRecord
6279
RGL_VALUE_32928 class nl.tudelft.rdfgears.rgl.datamodel.value.impl.ModifiableRecord
6280
RGL_VALUE_32930 class nl.tudelft.rdfgears.rgl.datamodel.value.impl.ModifiableRecord
6281
RGL_VALUE_32932 class nl.tudelft.rdfgears.rgl.datamodel.value.impl.ModifiableRecord
6282
RGL_VALUE_32934 class nl.tudelft.rdfgears.rgl.datamodel.value.impl.ModifiableRecord
6283
RGL_VALUE_32936 class nl.tudelft.rdfgears.rgl.datamodel.value.impl.ModifiableRecord
6284
RGL_VALUE_32938 class nl.tudelft.rdfgears.rgl.datamodel.value.impl.ModifiableRecord
6285
RGL_VALUE_32940 class nl.tudelft.rdfgears.rgl.datamodel.value.impl.ModifiableRecord
6286
RGL_VALUE_32942 class nl.tudelft.rdfgears.rgl.datamodel.value.impl.ModifiableRecord
6287
RGL_VALUE_32944 class nl.tudelft.rdfgears.rgl.datamodel.value.impl.ModifiableRecord
6288
RGL_VALUE_32946 class nl.tudelft.rdfgears.rgl.datamodel.value.impl.ModifiableRecord
6289
RGL_VALUE_32948 class nl.tudelft.rdfgears.rgl.datamodel.value.impl.ModifiableRecord
6290
RGL_VALUE_32950 class nl.tudelft.rdfgears.rgl.datamodel.value.impl.ModifiableRecord
6291
RGL_VALUE_32952 class nl.tudelft.rdfgears.rgl.datamodel.value.impl.ModifiableRecord
6292
RGL_VALUE_32954 class nl.tudelft.rdfgears.rgl.datamodel.value.impl.ModifiableRecord
6293
RGL_VALUE_32956 class nl.tudelft.rdfgears.rgl.datamodel.value.impl.ModifiableRecord
6294
RGL_VALUE_32958 class nl.tudelft.rdfgears.rgl.datamodel.value.impl.ModifiableRecord
6295
RGL_VALUE_32960 class nl.tudelft.rdfgears.rgl.datamodel.value.impl.ModifiableRecord
6296
RGL_VALUE_32962 class nl.tudelft.rdfgears.rgl.datamodel.value.impl.ModifiableRecord
6297
RGL_VALUE_32964 class nl.tudelft.rdfgears.rgl.datamodel.value.impl.ModifiableRecord
6298
RGL_VALUE_32966 class nl.tudelft.rdfgears.rgl.datamodel.value.impl.ModifiableRecord
6299
RGL_VALUE_32968 class nl.tudelft.rdfgears.rgl.datamodel.value.impl.ModifiableRecord
6300
RGL_VALUE_32971 class nl.tudelft.rdfgears.rgl.datamodel.value.impl.ModifiableRecord
6301
RGL_VALUE_32973 class nl.tudelft.rdfgears.rgl.datamodel.value.impl.ModifiableRecord
6302
RGL_VALUE_32975 class nl.tudelft.rdfgears.rgl.datamodel.value.impl.ModifiableRecord
6303
RGL_VALUE_32977 class nl.tudelft.rdfgears.rgl.datamodel.value.impl.ModifiableRecord
6304
RGL_VALUE_32979 class nl.tudelft.rdfgears.rgl.datamodel.value.impl.ModifiableRecord
6305
RGL_VALUE_32981 class nl.tudelft.rdfgears.rgl.datamodel.value.impl.ModifiableRecord
6306
RGL_VALUE_32983 class nl.tudelft.rdfgears.rgl.datamodel.value.impl.ModifiableRecord
6307
RGL_VALUE_32985 class nl.tudelft.rdfgears.rgl.datamodel.value.impl.ModifiableRecord
6308
RGL_VALUE_32987 class nl.tudelft.rdfgears.rgl.datamodel.value.impl.ModifiableRecord
6309
RGL_VALUE_32989 class nl.tudelft.rdfgears.rgl.datamodel.value.impl.ModifiableRecord
6310
RGL_VALUE_32991 class nl.tudelft.rdfgears.rgl.datamodel.value.impl.ModifiableRecord
6311
RGL_VALUE_32993 class nl.tudelft.rdfgears.rgl.datamodel.value.impl.ModifiableRecord
6312
RGL_VALUE_32995 class nl.tudelft.rdfgears.rgl.datamodel.value.impl.ModifiableRecord
6313
RGL_VALUE_32997 class nl.tudelft.rdfgears.rgl.datamodel.value.impl.ModifiableRecord
6314
RGL_VALUE_32999 class nl.tudelft.rdfgears.rgl.datamodel.value.impl.ModifiableRecord
6315
RGL_VALUE_33001 class nl.tudelft.rdfgears.rgl.datamodel.value.impl.ModifiableRecord
6316
RGL_VALUE_33003 class nl.tudelft.rdfgears.rgl.datamodel.value.impl.ModifiableRecord
6317
RGL_VALUE_33005 class nl.tudelft.rdfgears.rgl.datamodel.value.impl.ModifiableRecord
6318
RGL_VALUE_33007 class nl.tudelft.rdfgears.rgl.datamodel.value.impl.ModifiableRecord
6319
RGL_VALUE_33009 class nl.tudelft.rdfgears.rgl.datamodel.value.impl.ModifiableRecord
6320
RGL_VALUE_33011 class nl.tudelft.rdfgears.rgl.datamodel.value.impl.ModifiableRecord
6321
RGL_VALUE_33013 class nl.tudelft.rdfgears.rgl.datamodel.value.impl.ModifiableRecord
6322
RGL_VALUE_33015 class nl.tudelft.rdfgears.rgl.datamodel.value.impl.ModifiableRecord
6323
RGL_VALUE_33017 class nl.tudelft.rdfgears.rgl.datamodel.value.impl.ModifiableRecord
6324
RGL_VALUE_33019 class nl.tudelft.rdfgears.rgl.datamodel.value.impl.ModifiableRecord
6325
RGL_VALUE_33021 class nl.tudelft.rdfgears.rgl.datamodel.value.impl.ModifiableRecord
6326
RGL_VALUE_33023 class nl.tudelft.rdfgears.rgl.datamodel.value.impl.ModifiableRecord
6327
RGL_VALUE_33025 class nl.tudelft.rdfgears.rgl.datamodel.value.impl.ModifiableRecord
6328
RGL_VALUE_33027 class nl.tudelft.rdfgears.rgl.datamodel.value.impl.ModifiableRecord
6329
RGL_VALUE_33029 class nl.tudelft.rdfgears.rgl.datamodel.value.impl.ModifiableRecord
6330
RGL_VALUE_33031 class nl.tudelft.rdfgears.rgl.datamodel.value.impl.ModifiableRecord
6331
RGL_VALUE_33033 class nl.tudelft.rdfgears.rgl.datamodel.value.impl.ModifiableRecord
6332
RGL_VALUE_33035 class nl.tudelft.rdfgears.rgl.datamodel.value.impl.ModifiableRecord
6333
RGL_VALUE_33037 class nl.tudelft.rdfgears.rgl.datamodel.value.impl.ModifiableRecord
6334
RGL_VALUE_33039 class nl.tudelft.rdfgears.rgl.datamodel.value.impl.ModifiableRecord
6335
RGL_VALUE_33041 class nl.tudelft.rdfgears.rgl.datamodel.value.impl.ModifiableRecord
6336
RGL_VALUE_33043 class nl.tudelft.rdfgears.rgl.datamodel.value.impl.ModifiableRecord
6337
RGL_VALUE_33045 class nl.tudelft.rdfgears.rgl.datamodel.value.impl.ModifiableRecord
6338
RGL_VALUE_33047 class nl.tudelft.rdfgears.rgl.datamodel.value.impl.ModifiableRecord
6339
RGL_VALUE_33049 class nl.tudelft.rdfgears.rgl.datamodel.value.impl.ModifiableRecord
6340
RGL_VALUE_33051 class nl.tudelft.rdfgears.rgl.datamodel.value.impl.ModifiableRecord
6341
RGL_VALUE_33053 class nl.tudelft.rdfgears.rgl.datamodel.value.impl.ModifiableRecord
6342
RGL_VALUE_33055 class nl.tudelft.rdfgears.rgl.datamodel.value.impl.ModifiableRecord
6343
RGL_VALUE_33057 class nl.tudelft.rdfgears.rgl.datamodel.value.impl.ModifiableRecord
6344
RGL_VALUE_33059 class nl.tudelft.rdfgears.rgl.datamodel.value.impl.ModifiableRecord
6345
RGL_VALUE_33061 class nl.tudelft.rdfgears.rgl.datamodel.value.impl.ModifiableRecord
6346
RGL_VALUE_33063 class nl.tudelft.rdfgears.rgl.datamodel.value.impl.ModifiableRecord
6347
RGL_VALUE_33065 class nl.tudelft.rdfgears.rgl.datamodel.value.impl.ModifiableRecord
6348
RGL_VALUE_33067 class nl.tudelft.rdfgears.rgl.datamodel.value.impl.ModifiableRecord
6349
RGL_VALUE_33069 class nl.tudelft.rdfgears.rgl.datamodel.value.impl.ModifiableRecord
6350
RGL_VALUE_33071 class nl.tudelft.rdfgears.rgl.datamodel.value.impl.ModifiableRecord
6351
RGL_VALUE_33073 class nl.tudelft.rdfgears.rgl.datamodel.value.impl.ModifiableRecord
6352
RGL_VALUE_33075 class nl.tudelft.rdfgears.rgl.datamodel.value.impl.ModifiableRecord
6353
RGL_VALUE_33077 class nl.tudelft.rdfgears.rgl.datamodel.value.impl.ModifiableRecord
6354
RGL_VALUE_33079 class nl.tudelft.rdfgears.rgl.datamodel.value.impl.ModifiableRecord
6355
RGL_VALUE_33081 class nl.tudelft.rdfgears.rgl.datamodel.value.impl.ModifiableRecord
6356
RGL_VALUE_33083 class nl.tudelft.rdfgears.rgl.datamodel.value.impl.ModifiableRecord
6357
RGL_VALUE_33085 class nl.tudelft.rdfgears.rgl.datamodel.value.impl.ModifiableRecord
6358
RGL_VALUE_33087 class nl.tudelft.rdfgears.rgl.datamodel.value.impl.ModifiableRecord
6359
RGL_VALUE_33089 class nl.tudelft.rdfgears.rgl.datamodel.value.impl.ModifiableRecord
6360
RGL_VALUE_33091 class nl.tudelft.rdfgears.rgl.datamodel.value.impl.ModifiableRecord
6361
RGL_VALUE_33093 class nl.tudelft.rdfgears.rgl.datamodel.value.impl.ModifiableRecord
6362
RGL_VALUE_33095 class nl.tudelft.rdfgears.rgl.datamodel.value.impl.ModifiableRecord
6363
RGL_VALUE_33097 class nl.tudelft.rdfgears.rgl.datamodel.value.impl.ModifiableRecord
6364
RGL_VALUE_33099 class nl.tudelft.rdfgears.rgl.datamodel.value.impl.ModifiableRecord
6365
RGL_VALUE_33101 class nl.tudelft.rdfgears.rgl.datamodel.value.impl.ModifiableRecord
6366
RGL_VALUE_33103 class nl.tudelft.rdfgears.rgl.datamodel.value.impl.ModifiableRecord
6367
RGL_VALUE_33105 class nl.tudelft.rdfgears.rgl.datamodel.value.impl.ModifiableRecord
6368
RGL_VALUE_33107 class nl.tudelft.rdfgears.rgl.datamodel.value.impl.ModifiableRecord
6369
RGL_VALUE_33109 class nl.tudelft.rdfgears.rgl.datamodel.value.impl.ModifiableRecord
6370
RGL_VALUE_33111 class nl.tudelft.rdfgears.rgl.datamodel.value.impl.ModifiableRecord
6371
RGL_VALUE_33113 class nl.tudelft.rdfgears.rgl.datamodel.value.impl.ModifiableRecord
6372
RGL_VALUE_33115 class nl.tudelft.rdfgears.rgl.datamodel.value.impl.ModifiableRecord
6373
RGL_VALUE_33117 class nl.tudelft.rdfgears.rgl.datamodel.value.impl.ModifiableRecord
6374
RGL_VALUE_33119 class nl.tudelft.rdfgears.rgl.datamodel.value.impl.ModifiableRecord
6375
RGL_VALUE_33121 class nl.tudelft.rdfgears.rgl.datamodel.value.impl.ModifiableRecord
6376
RGL_VALUE_33123 class nl.tudelft.rdfgears.rgl.datamodel.value.impl.ModifiableRecord
6377
RGL_VALUE_33125 class nl.tudelft.rdfgears.rgl.datamodel.value.impl.ModifiableRecord
6378
RGL_VALUE_33127 class nl.tudelft.rdfgears.rgl.datamodel.value.impl.ModifiableRecord
6379
RGL_VALUE_33129 class nl.tudelft.rdfgears.rgl.datamodel.value.impl.ModifiableRecord
6380
RGL_VALUE_33131 class nl.tudelft.rdfgears.rgl.datamodel.value.impl.ModifiableRecord
6381
RGL_VALUE_33133 class nl.tudelft.rdfgears.rgl.datamodel.value.impl.ModifiableRecord
6382
RGL_VALUE_33135 class nl.tudelft.rdfgears.rgl.datamodel.value.impl.ModifiableRecord
6383
RGL_VALUE_33137 class nl.tudelft.rdfgears.rgl.datamodel.value.impl.ModifiableRecord
6384
RGL_VALUE_33139 class nl.tudelft.rdfgears.rgl.datamodel.value.impl.ModifiableRecord
6385
RGL_VALUE_33141 class nl.tudelft.rdfgears.rgl.datamodel.value.impl.ModifiableRecord
6386
RGL_VALUE_33143 class nl.tudelft.rdfgears.rgl.datamodel.value.impl.ModifiableRecord
6387
RGL_VALUE_33145 class nl.tudelft.rdfgears.rgl.datamodel.value.impl.ModifiableRecord
6388
RGL_VALUE_33147 class nl.tudelft.rdfgears.rgl.datamodel.value.impl.ModifiableRecord
6389
RGL_VALUE_33149 class nl.tudelft.rdfgears.rgl.datamodel.value.impl.ModifiableRecord
6390
RGL_VALUE_33151 class nl.tudelft.rdfgears.rgl.datamodel.value.impl.ModifiableRecord
6391
RGL_VALUE_33153 class nl.tudelft.rdfgears.rgl.datamodel.value.impl.ModifiableRecord
6392
RGL_VALUE_33155 class nl.tudelft.rdfgears.rgl.datamodel.value.impl.ModifiableRecord
6393
RGL_VALUE_33157 class nl.tudelft.rdfgears.rgl.datamodel.value.impl.ModifiableRecord
6394
RGL_VALUE_33159 class nl.tudelft.rdfgears.rgl.datamodel.value.impl.ModifiableRecord
6395
RGL_VALUE_33161 class nl.tudelft.rdfgears.rgl.datamodel.value.impl.ModifiableRecord
6396
RGL_VALUE_33163 class nl.tudelft.rdfgears.rgl.datamodel.value.impl.ModifiableRecord
6397
RGL_VALUE_33165 class nl.tudelft.rdfgears.rgl.datamodel.value.impl.ModifiableRecord
6398
RGL_VALUE_33167 class nl.tudelft.rdfgears.rgl.datamodel.value.impl.ModifiableRecord
6399
RGL_VALUE_33169 class nl.tudelft.rdfgears.rgl.datamodel.value.impl.ModifiableRecord
6400
RGL_VALUE_33172 class nl.tudelft.rdfgears.rgl.datamodel.value.impl.ModifiableRecord
6401
RGL_VALUE_33174 class nl.tudelft.rdfgears.rgl.datamodel.value.impl.ModifiableRecord
6402
RGL_VALUE_33176 class nl.tudelft.rdfgears.rgl.datamodel.value.impl.ModifiableRecord
6403
RGL_VALUE_33178 class nl.tudelft.rdfgears.rgl.datamodel.value.impl.ModifiableRecord
6404
RGL_VALUE_33180 class nl.tudelft.rdfgears.rgl.datamodel.value.impl.ModifiableRecord
6405
RGL_VALUE_33182 class nl.tudelft.rdfgears.rgl.datamodel.value.impl.ModifiableRecord
6406
RGL_VALUE_33184 class nl.tudelft.rdfgears.rgl.datamodel.value.impl.ModifiableRecord
6407
RGL_VALUE_33186 class nl.tudelft.rdfgears.rgl.datamodel.value.impl.ModifiableRecord
6408
RGL_VALUE_33188 class nl.tudelft.rdfgears.rgl.datamodel.value.impl.ModifiableRecord
6409
RGL_VALUE_33190 class nl.tudelft.rdfgears.rgl.datamodel.value.impl.ModifiableRecord
6410
RGL_VALUE_33192 class nl.tudelft.rdfgears.rgl.datamodel.value.impl.ModifiableRecord
6411
RGL_VALUE_33194 class nl.tudelft.rdfgears.rgl.datamodel.value.impl.ModifiableRecord
6412
RGL_VALUE_33196 class nl.tudelft.rdfgears.rgl.datamodel.value.impl.ModifiableRecord
6413
RGL_VALUE_33198 class nl.tudelft.rdfgears.rgl.datamodel.value.impl.ModifiableRecord
6414
RGL_VALUE_33200 class nl.tudelft.rdfgears.rgl.datamodel.value.impl.ModifiableRecord
6415
RGL_VALUE_33202 class nl.tudelft.rdfgears.rgl.datamodel.value.impl.ModifiableRecord
6416
RGL_VALUE_33204 class nl.tudelft.rdfgears.rgl.datamodel.value.impl.ModifiableRecord
6417
RGL_VALUE_33206 class nl.tudelft.rdfgears.rgl.datamodel.value.impl.ModifiableRecord
6418
RGL_VALUE_33208 class nl.tudelft.rdfgears.rgl.datamodel.value.impl.ModifiableRecord
6419
RGL_VALUE_33210 class nl.tudelft.rdfgears.rgl.datamodel.value.impl.ModifiableRecord
6420
RGL_VALUE_33212 class nl.tudelft.rdfgears.rgl.datamodel.value.impl.ModifiableRecord
6421
RGL_VALUE_33214 class nl.tudelft.rdfgears.rgl.datamodel.value.impl.ModifiableRecord
6422
RGL_VALUE_33216 class nl.tudelft.rdfgears.rgl.datamodel.value.impl.ModifiableRecord
6423
RGL_VALUE_33218 class nl.tudelft.rdfgears.rgl.datamodel.value.impl.ModifiableRecord
6424
RGL_VALUE_33220 class nl.tudelft.rdfgears.rgl.datamodel.value.impl.ModifiableRecord
6425
RGL_VALUE_33222 class nl.tudelft.rdfgears.rgl.datamodel.value.impl.ModifiableRecord
6426
RGL_VALUE_33224 class nl.tudelft.rdfgears.rgl.datamodel.value.impl.ModifiableRecord
6427
RGL_VALUE_33226 class nl.tudelft.rdfgears.rgl.datamodel.value.impl.ModifiableRecord
6428
RGL_VALUE_33228 class nl.tudelft.rdfgears.rgl.datamodel.value.impl.ModifiableRecord
6429
RGL_VALUE_33230 class nl.tudelft.rdfgears.rgl.datamodel.value.impl.ModifiableRecord
6430
RGL_VALUE_33232 class nl.tudelft.rdfgears.rgl.datamodel.value.impl.ModifiableRecord
6431
RGL_VALUE_33234 class nl.tudelft.rdfgears.rgl.datamodel.value.impl.ModifiableRecord
6432
RGL_VALUE_33236 class nl.tudelft.rdfgears.rgl.datamodel.value.impl.ModifiableRecord
6433
RGL_VALUE_33238 class nl.tudelft.rdfgears.rgl.datamodel.value.impl.ModifiableRecord
6434
RGL_VALUE_33240 class nl.tudelft.rdfgears.rgl.datamodel.value.impl.ModifiableRecord
6435
RGL_VALUE_33242 class nl.tudelft.rdfgears.rgl.datamodel.value.impl.ModifiableRecord
6436
RGL_VALUE_33244 class nl.tudelft.rdfgears.rgl.datamodel.value.impl.ModifiableRecord
6437
RGL_VALUE_33246 class nl.tudelft.rdfgears.rgl.datamodel.value.impl.ModifiableRecord
6438
RGL_VALUE_33248 class nl.tudelft.rdfgears.rgl.datamodel.value.impl.ModifiableRecord
6439
RGL_VALUE_33250 class nl.tudelft.rdfgears.rgl.datamodel.value.impl.ModifiableRecord
6440
RGL_VALUE_33252 class nl.tudelft.rdfgears.rgl.datamodel.value.impl.ModifiableRecord
6441
RGL_VALUE_33254 class nl.tudelft.rdfgears.rgl.datamodel.value.impl.ModifiableRecord
6442
RGL_VALUE_33256 class nl.tudelft.rdfgears.rgl.datamodel.value.impl.ModifiableRecord
6443
RGL_VALUE_33258 class nl.tudelft.rdfgears.rgl.datamodel.value.impl.ModifiableRecord
6444
RGL_VALUE_33260 class nl.tudelft.rdfgears.rgl.datamodel.value.impl.ModifiableRecord
6445
RGL_VALUE_33262 class nl.tudelft.rdfgears.rgl.datamodel.value.impl.ModifiableRecord
6446
RGL_VALUE_33264 class nl.tudelft.rdfgears.rgl.datamodel.value.impl.ModifiableRecord
6447
RGL_VALUE_33266 class nl.tudelft.rdfgears.rgl.datamodel.value.impl.ModifiableRecord
6448
RGL_VALUE_33268 class nl.tudelft.rdfgears.rgl.datamodel.value.impl.ModifiableRecord
6449
RGL_VALUE_33270 class nl.tudelft.rdfgears.rgl.datamodel.value.impl.ModifiableRecord
6450
RGL_VALUE_33272 class nl.tudelft.rdfgears.rgl.datamodel.value.impl.ModifiableRecord
6451
RGL_VALUE_33274 class nl.tudelft.rdfgears.rgl.datamodel.value.impl.ModifiableRecord
6452
RGL_VALUE_33276 class nl.tudelft.rdfgears.rgl.datamodel.value.impl.ModifiableRecord
6453
RGL_VALUE_33278 class nl.tudelft.rdfgears.rgl.datamodel.value.impl.ModifiableRecord
6454
RGL_VALUE_33280 class nl.tudelft.rdfgears.rgl.datamodel.value.impl.ModifiableRecord
6455
RGL_VALUE_33282 class nl.tudelft.rdfgears.rgl.datamodel.value.impl.ModifiableRecord
6456
RGL_VALUE_33284 class nl.tudelft.rdfgears.rgl.datamodel.value.impl.ModifiableRecord
6457
RGL_VALUE_33286 class nl.tudelft.rdfgears.rgl.datamodel.value.impl.ModifiableRecord
6458
RGL_VALUE_33288 class nl.tudelft.rdfgears.rgl.datamodel.value.impl.ModifiableRecord
6459
RGL_VALUE_33290 class nl.tudelft.rdfgears.rgl.datamodel.value.impl.ModifiableRecord
6460
RGL_VALUE_33292 class nl.tudelft.rdfgears.rgl.datamodel.value.impl.ModifiableRecord
6461
RGL_VALUE_33294 class nl.tudelft.rdfgears.rgl.datamodel.value.impl.ModifiableRecord
6462
RGL_VALUE_33296 class nl.tudelft.rdfgears.rgl.datamodel.value.impl.ModifiableRecord
6463
RGL_VALUE_33298 class nl.tudelft.rdfgears.rgl.datamodel.value.impl.ModifiableRecord
6464
RGL_VALUE_33300 class nl.tudelft.rdfgears.rgl.datamodel.value.impl.ModifiableRecord
6465
RGL_VALUE_33302 class nl.tudelft.rdfgears.rgl.datamodel.value.impl.ModifiableRecord
6466
RGL_VALUE_33304 class nl.tudelft.rdfgears.rgl.datamodel.value.impl.ModifiableRecord
6467
RGL_VALUE_33306 class nl.tudelft.rdfgears.rgl.datamodel.value.impl.ModifiableRecord
6468
RGL_VALUE_33308 class nl.tudelft.rdfgears.rgl.datamodel.value.impl.ModifiableRecord
6469
RGL_VALUE_33310 class nl.tudelft.rdfgears.rgl.datamodel.value.impl.ModifiableRecord
6470
RGL_VALUE_33312 class nl.tudelft.rdfgears.rgl.datamodel.value.impl.ModifiableRecord
6471
RGL_VALUE_33314 class nl.tudelft.rdfgears.rgl.datamodel.value.impl.ModifiableRecord
6472
RGL_VALUE_33316 class nl.tudelft.rdfgears.rgl.datamodel.value.impl.ModifiableRecord
6473
RGL_VALUE_33318 class nl.tudelft.rdfgears.rgl.datamodel.value.impl.ModifiableRecord
6474
RGL_VALUE_33320 class nl.tudelft.rdfgears.rgl.datamodel.value.impl.ModifiableRecord
6475
RGL_VALUE_33322 class nl.tudelft.rdfgears.rgl.datamodel.value.impl.ModifiableRecord
6476
RGL_VALUE_33324 class nl.tudelft.rdfgears.rgl.datamodel.value.impl.ModifiableRecord
6477
RGL_VALUE_33326 class nl.tudelft.rdfgears.rgl.datamodel.value.impl.ModifiableRecord
6478
RGL_VALUE_33328 class nl.tudelft.rdfgears.rgl.datamodel.value.impl.ModifiableRecord
6479
RGL_VALUE_33330 class nl.tudelft.rdfgears.rgl.datamodel.value.impl.ModifiableRecord
6480
RGL_VALUE_33332 class nl.tudelft.rdfgears.rgl.datamodel.value.impl.ModifiableRecord
6481
RGL_VALUE_33334 class nl.tudelft.rdfgears.rgl.datamodel.value.impl.ModifiableRecord
6482
RGL_VALUE_33336 class nl.tudelft.rdfgears.rgl.datamodel.value.impl.ModifiableRecord
6483
RGL_VALUE_33338 class nl.tudelft.rdfgears.rgl.datamodel.value.impl.ModifiableRecord
6484
RGL_VALUE_33340 class nl.tudelft.rdfgears.rgl.datamodel.value.impl.ModifiableRecord
6485
RGL_VALUE_33342 class nl.tudelft.rdfgears.rgl.datamodel.value.impl.ModifiableRecord
6486
RGL_VALUE_33344 class nl.tudelft.rdfgears.rgl.datamodel.value.impl.ModifiableRecord
6487
RGL_VALUE_33346 class nl.tudelft.rdfgears.rgl.datamodel.value.impl.ModifiableRecord
6488
RGL_VALUE_33348 class nl.tudelft.rdfgears.rgl.datamodel.value.impl.ModifiableRecord
6489
RGL_VALUE_33350 class nl.tudelft.rdfgears.rgl.datamodel.value.impl.ModifiableRecord
6490
RGL_VALUE_33352 class nl.tudelft.rdfgears.rgl.datamodel.value.impl.ModifiableRecord
6491
RGL_VALUE_33354 class nl.tudelft.rdfgears.rgl.datamodel.value.impl.ModifiableRecord
6492
RGL_VALUE_33356 class nl.tudelft.rdfgears.rgl.datamodel.value.impl.ModifiableRecord
6493
RGL_VALUE_33358 class nl.tudelft.rdfgears.rgl.datamodel.value.impl.ModifiableRecord
6494
RGL_VALUE_33360 class nl.tudelft.rdfgears.rgl.datamodel.value.impl.ModifiableRecord
6495
RGL_VALUE_33362 class nl.tudelft.rdfgears.rgl.datamodel.value.impl.ModifiableRecord
6496
RGL_VALUE_33364 class nl.tudelft.rdfgears.rgl.datamodel.value.impl.ModifiableRecord
6497
RGL_VALUE_33366 class nl.tudelft.rdfgears.rgl.datamodel.value.impl.ModifiableRecord
6498
RGL_VALUE_33368 class nl.tudelft.rdfgears.rgl.datamodel.value.impl.ModifiableRecord
6499
RGL_VALUE_33370 class nl.tudelft.rdfgears.rgl.datamodel.value.impl.ModifiableRecord
6500
RGL_VALUE_33373 class nl.tudelft.rdfgears.rgl.datamodel.value.impl.ModifiableRecord
6501
RGL_VALUE_33375 class nl.tudelft.rdfgears.rgl.datamodel.value.impl.ModifiableRecord
6502
RGL_VALUE_33377 class nl.tudelft.rdfgears.rgl.datamodel.value.impl.ModifiableRecord
6503
RGL_VALUE_33379 class nl.tudelft.rdfgears.rgl.datamodel.value.impl.ModifiableRecord
6504
RGL_VALUE_33381 class nl.tudelft.rdfgears.rgl.datamodel.value.impl.ModifiableRecord
6505
RGL_VALUE_33383 class nl.tudelft.rdfgears.rgl.datamodel.value.impl.ModifiableRecord
6506
RGL_VALUE_33385 class nl.tudelft.rdfgears.rgl.datamodel.value.impl.ModifiableRecord
6507
RGL_VALUE_33387 class nl.tudelft.rdfgears.rgl.datamodel.value.impl.ModifiableRecord
6508
RGL_VALUE_33389 class nl.tudelft.rdfgears.rgl.datamodel.value.impl.ModifiableRecord
6509
RGL_VALUE_33391 class nl.tudelft.rdfgears.rgl.datamodel.value.impl.ModifiableRecord
6510
RGL_VALUE_33393 class nl.tudelft.rdfgears.rgl.datamodel.value.impl.ModifiableRecord
6511
RGL_VALUE_33395 class nl.tudelft.rdfgears.rgl.datamodel.value.impl.ModifiableRecord
6512
RGL_VALUE_33397 class nl.tudelft.rdfgears.rgl.datamodel.value.impl.ModifiableRecord
6513
RGL_VALUE_33399 class nl.tudelft.rdfgears.rgl.datamodel.value.impl.ModifiableRecord
6514
RGL_VALUE_33401 class nl.tudelft.rdfgears.rgl.datamodel.value.impl.ModifiableRecord
6515
RGL_VALUE_33403 class nl.tudelft.rdfgears.rgl.datamodel.value.impl.ModifiableRecord
6516
RGL_VALUE_33405 class nl.tudelft.rdfgears.rgl.datamodel.value.impl.ModifiableRecord
6517
RGL_VALUE_33407 class nl.tudelft.rdfgears.rgl.datamodel.value.impl.ModifiableRecord
6518
RGL_VALUE_33409 class nl.tudelft.rdfgears.rgl.datamodel.value.impl.ModifiableRecord
6519
RGL_VALUE_33411 class nl.tudelft.rdfgears.rgl.datamodel.value.impl.ModifiableRecord
6520
RGL_VALUE_33413 class nl.tudelft.rdfgears.rgl.datamodel.value.impl.ModifiableRecord
6521
RGL_VALUE_33415 class nl.tudelft.rdfgears.rgl.datamodel.value.impl.ModifiableRecord
6522
RGL_VALUE_33417 class nl.tudelft.rdfgears.rgl.datamodel.value.impl.ModifiableRecord
6523
RGL_VALUE_33419 class nl.tudelft.rdfgears.rgl.datamodel.value.impl.ModifiableRecord
6524
RGL_VALUE_33421 class nl.tudelft.rdfgears.rgl.datamodel.value.impl.ModifiableRecord
6525
RGL_VALUE_33423 class nl.tudelft.rdfgears.rgl.datamodel.value.impl.ModifiableRecord
6526
RGL_VALUE_33425 class nl.tudelft.rdfgears.rgl.datamodel.value.impl.ModifiableRecord
6527
RGL_VALUE_33427 class nl.tudelft.rdfgears.rgl.datamodel.value.impl.ModifiableRecord
6528
RGL_VALUE_33429 class nl.tudelft.rdfgears.rgl.datamodel.value.impl.ModifiableRecord
6529
RGL_VALUE_33431 class nl.tudelft.rdfgears.rgl.datamodel.value.impl.ModifiableRecord
6530
RGL_VALUE_33433 class nl.tudelft.rdfgears.rgl.datamodel.value.impl.ModifiableRecord
6531
RGL_VALUE_33435 class nl.tudelft.rdfgears.rgl.datamodel.value.impl.ModifiableRecord
6532
RGL_VALUE_33437 class nl.tudelft.rdfgears.rgl.datamodel.value.impl.ModifiableRecord
6533
RGL_VALUE_33439 class nl.tudelft.rdfgears.rgl.datamodel.value.impl.ModifiableRecord
6534
RGL_VALUE_33441 class nl.tudelft.rdfgears.rgl.datamodel.value.impl.ModifiableRecord
6535
RGL_VALUE_33443 class nl.tudelft.rdfgears.rgl.datamodel.value.impl.ModifiableRecord
6536
RGL_VALUE_33445 class nl.tudelft.rdfgears.rgl.datamodel.value.impl.ModifiableRecord
6537
RGL_VALUE_33447 class nl.tudelft.rdfgears.rgl.datamodel.value.impl.ModifiableRecord
6538
RGL_VALUE_33449 class nl.tudelft.rdfgears.rgl.datamodel.value.impl.ModifiableRecord
6539
RGL_VALUE_33451 class nl.tudelft.rdfgears.rgl.datamodel.value.impl.ModifiableRecord
6540
RGL_VALUE_33453 class nl.tudelft.rdfgears.rgl.datamodel.value.impl.ModifiableRecord
6541
RGL_VALUE_33455 class nl.tudelft.rdfgears.rgl.datamodel.value.impl.ModifiableRecord
6542
RGL_VALUE_33457 class nl.tudelft.rdfgears.rgl.datamodel.value.impl.ModifiableRecord
6543
RGL_VALUE_33459 class nl.tudelft.rdfgears.rgl.datamodel.value.impl.ModifiableRecord
6544
RGL_VALUE_33461 class nl.tudelft.rdfgears.rgl.datamodel.value.impl.ModifiableRecord
6545
RGL_VALUE_33463 class nl.tudelft.rdfgears.rgl.datamodel.value.impl.ModifiableRecord
6546
RGL_VALUE_33465 class nl.tudelft.rdfgears.rgl.datamodel.value.impl.ModifiableRecord
6547
RGL_VALUE_33467 class nl.tudelft.rdfgears.rgl.datamodel.value.impl.ModifiableRecord
6548
RGL_VALUE_33469 class nl.tudelft.rdfgears.rgl.datamodel.value.impl.ModifiableRecord
6549
RGL_VALUE_33471 class nl.tudelft.rdfgears.rgl.datamodel.value.impl.ModifiableRecord
6550
RGL_VALUE_33473 class nl.tudelft.rdfgears.rgl.datamodel.value.impl.ModifiableRecord
6551
RGL_VALUE_33475 class nl.tudelft.rdfgears.rgl.datamodel.value.impl.ModifiableRecord
6552
RGL_VALUE_33477 class nl.tudelft.rdfgears.rgl.datamodel.value.impl.ModifiableRecord
6553
RGL_VALUE_33479 class nl.tudelft.rdfgears.rgl.datamodel.value.impl.ModifiableRecord
6554
RGL_VALUE_33481 class nl.tudelft.rdfgears.rgl.datamodel.value.impl.ModifiableRecord
6555
RGL_VALUE_33483 class nl.tudelft.rdfgears.rgl.datamodel.value.impl.ModifiableRecord
6556
RGL_VALUE_33485 class nl.tudelft.rdfgears.rgl.datamodel.value.impl.ModifiableRecord
6557
RGL_VALUE_33487 class nl.tudelft.rdfgears.rgl.datamodel.value.impl.ModifiableRecord
6558
RGL_VALUE_33489 class nl.tudelft.rdfgears.rgl.datamodel.value.impl.ModifiableRecord
6559
RGL_VALUE_33491 class nl.tudelft.rdfgears.rgl.datamodel.value.impl.ModifiableRecord
6560
RGL_VALUE_33493 class nl.tudelft.rdfgears.rgl.datamodel.value.impl.ModifiableRecord
6561
RGL_VALUE_33495 class nl.tudelft.rdfgears.rgl.datamodel.value.impl.ModifiableRecord
6562
RGL_VALUE_33497 class nl.tudelft.rdfgears.rgl.datamodel.value.impl.ModifiableRecord
6563
RGL_VALUE_33499 class nl.tudelft.rdfgears.rgl.datamodel.value.impl.ModifiableRecord
6564
RGL_VALUE_33501 class nl.tudelft.rdfgears.rgl.datamodel.value.impl.ModifiableRecord
6565
RGL_VALUE_33503 class nl.tudelft.rdfgears.rgl.datamodel.value.impl.ModifiableRecord
6566
RGL_VALUE_33505 class nl.tudelft.rdfgears.rgl.datamodel.value.impl.ModifiableRecord
6567
RGL_VALUE_33507 class nl.tudelft.rdfgears.rgl.datamodel.value.impl.ModifiableRecord
6568
RGL_VALUE_33509 class nl.tudelft.rdfgears.rgl.datamodel.value.impl.ModifiableRecord
6569
RGL_VALUE_33511 class nl.tudelft.rdfgears.rgl.datamodel.value.impl.ModifiableRecord
6570
RGL_VALUE_33513 class nl.tudelft.rdfgears.rgl.datamodel.value.impl.ModifiableRecord
6571
RGL_VALUE_33515 class nl.tudelft.rdfgears.rgl.datamodel.value.impl.ModifiableRecord
6572
RGL_VALUE_33517 class nl.tudelft.rdfgears.rgl.datamodel.value.impl.ModifiableRecord
6573
RGL_VALUE_33519 class nl.tudelft.rdfgears.rgl.datamodel.value.impl.ModifiableRecord
6574
RGL_VALUE_33521 class nl.tudelft.rdfgears.rgl.datamodel.value.impl.ModifiableRecord
6575
RGL_VALUE_33523 class nl.tudelft.rdfgears.rgl.datamodel.value.impl.ModifiableRecord
6576
RGL_VALUE_33525 class nl.tudelft.rdfgears.rgl.datamodel.value.impl.ModifiableRecord
6577
RGL_VALUE_33527 class nl.tudelft.rdfgears.rgl.datamodel.value.impl.ModifiableRecord
6578
RGL_VALUE_33529 class nl.tudelft.rdfgears.rgl.datamodel.value.impl.ModifiableRecord
6579
RGL_VALUE_33531 class nl.tudelft.rdfgears.rgl.datamodel.value.impl.ModifiableRecord
6580
RGL_VALUE_33533 class nl.tudelft.rdfgears.rgl.datamodel.value.impl.ModifiableRecord
6581
RGL_VALUE_33535 class nl.tudelft.rdfgears.rgl.datamodel.value.impl.ModifiableRecord
6582
RGL_VALUE_33537 class nl.tudelft.rdfgears.rgl.datamodel.value.impl.ModifiableRecord
6583
RGL_VALUE_33539 class nl.tudelft.rdfgears.rgl.datamodel.value.impl.ModifiableRecord
6584
RGL_VALUE_33541 class nl.tudelft.rdfgears.rgl.datamodel.value.impl.ModifiableRecord
6585
RGL_VALUE_33543 class nl.tudelft.rdfgears.rgl.datamodel.value.impl.ModifiableRecord
6586
RGL_VALUE_33545 class nl.tudelft.rdfgears.rgl.datamodel.value.impl.ModifiableRecord
6587
RGL_VALUE_33547 class nl.tudelft.rdfgears.rgl.datamodel.value.impl.ModifiableRecord
6588
RGL_VALUE_33549 class nl.tudelft.rdfgears.rgl.datamodel.value.impl.ModifiableRecord
6589
RGL_VALUE_33551 class nl.tudelft.rdfgears.rgl.datamodel.value.impl.ModifiableRecord
6590
RGL_VALUE_33553 class nl.tudelft.rdfgears.rgl.datamodel.value.impl.ModifiableRecord
6591
RGL_VALUE_33555 class nl.tudelft.rdfgears.rgl.datamodel.value.impl.ModifiableRecord
6592
RGL_VALUE_33557 class nl.tudelft.rdfgears.rgl.datamodel.value.impl.ModifiableRecord
6593
RGL_VALUE_33559 class nl.tudelft.rdfgears.rgl.datamodel.value.impl.ModifiableRecord
6594
RGL_VALUE_33561 class nl.tudelft.rdfgears.rgl.datamodel.value.impl.ModifiableRecord
6595
RGL_VALUE_33563 class nl.tudelft.rdfgears.rgl.datamodel.value.impl.ModifiableRecord
6596
RGL_VALUE_33565 class nl.tudelft.rdfgears.rgl.datamodel.value.impl.ModifiableRecord
6597
RGL_VALUE_33567 class nl.tudelft.rdfgears.rgl.datamodel.value.impl.ModifiableRecord
6598
RGL_VALUE_33569 class nl.tudelft.rdfgears.rgl.datamodel.value.impl.ModifiableRecord
6599
RGL_VALUE_33571 class nl.tudelft.rdfgears.rgl.datamodel.value.impl.ModifiableRecord
6600
RGL_VALUE_33574 class nl.tudelft.rdfgears.rgl.datamodel.value.impl.ModifiableRecord
6601
RGL_VALUE_33576 class nl.tudelft.rdfgears.rgl.datamodel.value.impl.ModifiableRecord
6602
RGL_VALUE_33578 class nl.tudelft.rdfgears.rgl.datamodel.value.impl.ModifiableRecord
6603
RGL_VALUE_33580 class nl.tudelft.rdfgears.rgl.datamodel.value.impl.ModifiableRecord
6604
RGL_VALUE_33582 class nl.tudelft.rdfgears.rgl.datamodel.value.impl.ModifiableRecord
6605
RGL_VALUE_33584 class nl.tudelft.rdfgears.rgl.datamodel.value.impl.ModifiableRecord
6606
RGL_VALUE_33586 class nl.tudelft.rdfgears.rgl.datamodel.value.impl.ModifiableRecord
6607
RGL_VALUE_33588 class nl.tudelft.rdfgears.rgl.datamodel.value.impl.ModifiableRecord
6608
RGL_VALUE_33590 class nl.tudelft.rdfgears.rgl.datamodel.value.impl.ModifiableRecord
6609
RGL_VALUE_33592 class nl.tudelft.rdfgears.rgl.datamodel.value.impl.ModifiableRecord
6610
RGL_VALUE_33594 class nl.tudelft.rdfgears.rgl.datamodel.value.impl.ModifiableRecord
6611
RGL_VALUE_33596 class nl.tudelft.rdfgears.rgl.datamodel.value.impl.ModifiableRecord
6612
RGL_VALUE_33598 class nl.tudelft.rdfgears.rgl.datamodel.value.impl.ModifiableRecord
6613
RGL_VALUE_33600 class nl.tudelft.rdfgears.rgl.datamodel.value.impl.ModifiableRecord
6614
RGL_VALUE_33602 class nl.tudelft.rdfgears.rgl.datamodel.value.impl.ModifiableRecord
6615
RGL_VALUE_33604 class nl.tudelft.rdfgears.rgl.datamodel.value.impl.ModifiableRecord
6616
RGL_VALUE_33606 class nl.tudelft.rdfgears.rgl.datamodel.value.impl.ModifiableRecord
6617
RGL_VALUE_33608 class nl.tudelft.rdfgears.rgl.datamodel.value.impl.ModifiableRecord
6618
RGL_VALUE_33610 class nl.tudelft.rdfgears.rgl.datamodel.value.impl.ModifiableRecord
6619
RGL_VALUE_33612 class nl.tudelft.rdfgears.rgl.datamodel.value.impl.ModifiableRecord
6620
RGL_VALUE_33614 class nl.tudelft.rdfgears.rgl.datamodel.value.impl.ModifiableRecord
6621
RGL_VALUE_33616 class nl.tudelft.rdfgears.rgl.datamodel.value.impl.ModifiableRecord
6622
RGL_VALUE_33618 class nl.tudelft.rdfgears.rgl.datamodel.value.impl.ModifiableRecord
6623
RGL_VALUE_33620 class nl.tudelft.rdfgears.rgl.datamodel.value.impl.ModifiableRecord
6624
RGL_VALUE_33622 class nl.tudelft.rdfgears.rgl.datamodel.value.impl.ModifiableRecord
6625
RGL_VALUE_33624 class nl.tudelft.rdfgears.rgl.datamodel.value.impl.ModifiableRecord
6626
RGL_VALUE_33626 class nl.tudelft.rdfgears.rgl.datamodel.value.impl.ModifiableRecord
6627
RGL_VALUE_33628 class nl.tudelft.rdfgears.rgl.datamodel.value.impl.ModifiableRecord
6628
RGL_VALUE_33630 class nl.tudelft.rdfgears.rgl.datamodel.value.impl.ModifiableRecord
6629
RGL_VALUE_33632 class nl.tudelft.rdfgears.rgl.datamodel.value.impl.ModifiableRecord
6630
RGL_VALUE_33634 class nl.tudelft.rdfgears.rgl.datamodel.value.impl.ModifiableRecord
6631
RGL_VALUE_33636 class nl.tudelft.rdfgears.rgl.datamodel.value.impl.ModifiableRecord
6632
RGL_VALUE_33638 class nl.tudelft.rdfgears.rgl.datamodel.value.impl.ModifiableRecord
6633
RGL_VALUE_33640 class nl.tudelft.rdfgears.rgl.datamodel.value.impl.ModifiableRecord
6634
RGL_VALUE_33642 class nl.tudelft.rdfgears.rgl.datamodel.value.impl.ModifiableRecord
6635
RGL_VALUE_33644 class nl.tudelft.rdfgears.rgl.datamodel.value.impl.ModifiableRecord
6636
RGL_VALUE_33646 class nl.tudelft.rdfgears.rgl.datamodel.value.impl.ModifiableRecord
6637
RGL_VALUE_33648 class nl.tudelft.rdfgears.rgl.datamodel.value.impl.ModifiableRecord
6638
RGL_VALUE_33650 class nl.tudelft.rdfgears.rgl.datamodel.value.impl.ModifiableRecord
6639
RGL_VALUE_33652 class nl.tudelft.rdfgears.rgl.datamodel.value.impl.ModifiableRecord
6640
RGL_VALUE_33654 class nl.tudelft.rdfgears.rgl.datamodel.value.impl.ModifiableRecord
6641
RGL_VALUE_33656 class nl.tudelft.rdfgears.rgl.datamodel.value.impl.ModifiableRecord
6642
RGL_VALUE_33658 class nl.tudelft.rdfgears.rgl.datamodel.value.impl.ModifiableRecord
6643
RGL_VALUE_33660 class nl.tudelft.rdfgears.rgl.datamodel.value.impl.ModifiableRecord
6644
RGL_VALUE_33662 class nl.tudelft.rdfgears.rgl.datamodel.value.impl.ModifiableRecord
6645
RGL_VALUE_33664 class nl.tudelft.rdfgears.rgl.datamodel.value.impl.ModifiableRecord
6646
RGL_VALUE_33666 class nl.tudelft.rdfgears.rgl.datamodel.value.impl.ModifiableRecord
6647
RGL_VALUE_33668 class nl.tudelft.rdfgears.rgl.datamodel.value.impl.ModifiableRecord
6648
RGL_VALUE_33670 class nl.tudelft.rdfgears.rgl.datamodel.value.impl.ModifiableRecord
6649
RGL_VALUE_33672 class nl.tudelft.rdfgears.rgl.datamodel.value.impl.ModifiableRecord
6650
RGL_VALUE_33674 class nl.tudelft.rdfgears.rgl.datamodel.value.impl.ModifiableRecord
6651
RGL_VALUE_33676 class nl.tudelft.rdfgears.rgl.datamodel.value.impl.ModifiableRecord
6652
RGL_VALUE_33678 class nl.tudelft.rdfgears.rgl.datamodel.value.impl.ModifiableRecord
6653
RGL_VALUE_33680 class nl.tudelft.rdfgears.rgl.datamodel.value.impl.ModifiableRecord
6654
RGL_VALUE_33682 class nl.tudelft.rdfgears.rgl.datamodel.value.impl.ModifiableRecord
6655
RGL_VALUE_33684 class nl.tudelft.rdfgears.rgl.datamodel.value.impl.ModifiableRecord
6656
RGL_VALUE_33686 class nl.tudelft.rdfgears.rgl.datamodel.value.impl.ModifiableRecord
6657
RGL_VALUE_33688 class nl.tudelft.rdfgears.rgl.datamodel.value.impl.ModifiableRecord
6658
RGL_VALUE_33690 class nl.tudelft.rdfgears.rgl.datamodel.value.impl.ModifiableRecord
6659
RGL_VALUE_33692 class nl.tudelft.rdfgears.rgl.datamodel.value.impl.ModifiableRecord
6660
RGL_VALUE_33694 class nl.tudelft.rdfgears.rgl.datamodel.value.impl.ModifiableRecord
6661
RGL_VALUE_33696 class nl.tudelft.rdfgears.rgl.datamodel.value.impl.ModifiableRecord
6662
RGL_VALUE_33698 class nl.tudelft.rdfgears.rgl.datamodel.value.impl.ModifiableRecord
6663
RGL_VALUE_33700 class nl.tudelft.rdfgears.rgl.datamodel.value.impl.ModifiableRecord
6664
RGL_VALUE_33702 class nl.tudelft.rdfgears.rgl.datamodel.value.impl.ModifiableRecord
6665
RGL_VALUE_33704 class nl.tudelft.rdfgears.rgl.datamodel.value.impl.ModifiableRecord
6666
RGL_VALUE_33706 class nl.tudelft.rdfgears.rgl.datamodel.value.impl.ModifiableRecord
6667
RGL_VALUE_33708 class nl.tudelft.rdfgears.rgl.datamodel.value.impl.ModifiableRecord
6668
RGL_VALUE_33710 class nl.tudelft.rdfgears.rgl.datamodel.value.impl.ModifiableRecord
6669
RGL_VALUE_33712 class nl.tudelft.rdfgears.rgl.datamodel.value.impl.ModifiableRecord
6670
RGL_VALUE_33714 class nl.tudelft.rdfgears.rgl.datamodel.value.impl.ModifiableRecord
6671
RGL_VALUE_33716 class nl.tudelft.rdfgears.rgl.datamodel.value.impl.ModifiableRecord
6672
RGL_VALUE_33718 class nl.tudelft.rdfgears.rgl.datamodel.value.impl.ModifiableRecord
6673
RGL_VALUE_33720 class nl.tudelft.rdfgears.rgl.datamodel.value.impl.ModifiableRecord
6674
RGL_VALUE_33722 class nl.tudelft.rdfgears.rgl.datamodel.value.impl.ModifiableRecord
6675
RGL_VALUE_33724 class nl.tudelft.rdfgears.rgl.datamodel.value.impl.ModifiableRecord
6676
RGL_VALUE_33726 class nl.tudelft.rdfgears.rgl.datamodel.value.impl.ModifiableRecord
6677
RGL_VALUE_33728 class nl.tudelft.rdfgears.rgl.datamodel.value.impl.ModifiableRecord
6678
RGL_VALUE_33730 class nl.tudelft.rdfgears.rgl.datamodel.value.impl.ModifiableRecord
6679
RGL_VALUE_33732 class nl.tudelft.rdfgears.rgl.datamodel.value.impl.ModifiableRecord
6680
RGL_VALUE_33734 class nl.tudelft.rdfgears.rgl.datamodel.value.impl.ModifiableRecord
6681
RGL_VALUE_33736 class nl.tudelft.rdfgears.rgl.datamodel.value.impl.ModifiableRecord
6682
RGL_VALUE_33738 class nl.tudelft.rdfgears.rgl.datamodel.value.impl.ModifiableRecord
6683
RGL_VALUE_33740 class nl.tudelft.rdfgears.rgl.datamodel.value.impl.ModifiableRecord
6684
RGL_VALUE_33742 class nl.tudelft.rdfgears.rgl.datamodel.value.impl.ModifiableRecord
6685
RGL_VALUE_33744 class nl.tudelft.rdfgears.rgl.datamodel.value.impl.ModifiableRecord
6686
RGL_VALUE_33746 class nl.tudelft.rdfgears.rgl.datamodel.value.impl.ModifiableRecord
6687
RGL_VALUE_33748 class nl.tudelft.rdfgears.rgl.datamodel.value.impl.ModifiableRecord
6688
RGL_VALUE_33750 class nl.tudelft.rdfgears.rgl.datamodel.value.impl.ModifiableRecord
6689
RGL_VALUE_33752 class nl.tudelft.rdfgears.rgl.datamodel.value.impl.ModifiableRecord
6690
RGL_VALUE_33754 class nl.tudelft.rdfgears.rgl.datamodel.value.impl.ModifiableRecord
6691
RGL_VALUE_33756 class nl.tudelft.rdfgears.rgl.datamodel.value.impl.ModifiableRecord
6692
RGL_VALUE_33758 class nl.tudelft.rdfgears.rgl.datamodel.value.impl.ModifiableRecord
6693
RGL_VALUE_33760 class nl.tudelft.rdfgears.rgl.datamodel.value.impl.ModifiableRecord
6694
RGL_VALUE_33762 class nl.tudelft.rdfgears.rgl.datamodel.value.impl.ModifiableRecord
6695
RGL_VALUE_33764 class nl.tudelft.rdfgears.rgl.datamodel.value.impl.ModifiableRecord
6696
RGL_VALUE_33766 class nl.tudelft.rdfgears.rgl.datamodel.value.impl.ModifiableRecord
6697
RGL_VALUE_33768 class nl.tudelft.rdfgears.rgl.datamodel.value.impl.ModifiableRecord
6698
RGL_VALUE_33770 class nl.tudelft.rdfgears.rgl.datamodel.value.impl.ModifiableRecord
6699
RGL_VALUE_33772 class nl.tudelft.rdfgears.rgl.datamodel.value.impl.ModifiableRecord
6700
RGL_VALUE_33775 class nl.tudelft.rdfgears.rgl.datamodel.value.impl.ModifiableRecord
6701
RGL_VALUE_33777 class nl.tudelft.rdfgears.rgl.datamodel.value.impl.ModifiableRecord
6702
RGL_VALUE_33779 class nl.tudelft.rdfgears.rgl.datamodel.value.impl.ModifiableRecord
6703
RGL_VALUE_33781 class nl.tudelft.rdfgears.rgl.datamodel.value.impl.ModifiableRecord
6704
RGL_VALUE_33783 class nl.tudelft.rdfgears.rgl.datamodel.value.impl.ModifiableRecord
6705
RGL_VALUE_33785 class nl.tudelft.rdfgears.rgl.datamodel.value.impl.ModifiableRecord
6706
RGL_VALUE_33787 class nl.tudelft.rdfgears.rgl.datamodel.value.impl.ModifiableRecord
6707
RGL_VALUE_33789 class nl.tudelft.rdfgears.rgl.datamodel.value.impl.ModifiableRecord
6708
RGL_VALUE_33791 class nl.tudelft.rdfgears.rgl.datamodel.value.impl.ModifiableRecord
6709
RGL_VALUE_33793 class nl.tudelft.rdfgears.rgl.datamodel.value.impl.ModifiableRecord
6710
RGL_VALUE_33795 class nl.tudelft.rdfgears.rgl.datamodel.value.impl.ModifiableRecord
6711
RGL_VALUE_33797 class nl.tudelft.rdfgears.rgl.datamodel.value.impl.ModifiableRecord
6712
RGL_VALUE_33799 class nl.tudelft.rdfgears.rgl.datamodel.value.impl.ModifiableRecord
6713
RGL_VALUE_33801 class nl.tudelft.rdfgears.rgl.datamodel.value.impl.ModifiableRecord
6714
RGL_VALUE_33803 class nl.tudelft.rdfgears.rgl.datamodel.value.impl.ModifiableRecord
6715
RGL_VALUE_33805 class nl.tudelft.rdfgears.rgl.datamodel.value.impl.ModifiableRecord
6716
RGL_VALUE_33807 class nl.tudelft.rdfgears.rgl.datamodel.value.impl.ModifiableRecord
6717
RGL_VALUE_33809 class nl.tudelft.rdfgears.rgl.datamodel.value.impl.ModifiableRecord
6718
RGL_VALUE_33811 class nl.tudelft.rdfgears.rgl.datamodel.value.impl.ModifiableRecord
6719
RGL_VALUE_33813 class nl.tudelft.rdfgears.rgl.datamodel.value.impl.ModifiableRecord
6720
RGL_VALUE_33815 class nl.tudelft.rdfgears.rgl.datamodel.value.impl.ModifiableRecord
6721
RGL_VALUE_33817 class nl.tudelft.rdfgears.rgl.datamodel.value.impl.ModifiableRecord
6722
RGL_VALUE_33819 class nl.tudelft.rdfgears.rgl.datamodel.value.impl.ModifiableRecord
6723
RGL_VALUE_33821 class nl.tudelft.rdfgears.rgl.datamodel.value.impl.ModifiableRecord
6724
RGL_VALUE_33823 class nl.tudelft.rdfgears.rgl.datamodel.value.impl.ModifiableRecord
6725
RGL_VALUE_33825 class nl.tudelft.rdfgears.rgl.datamodel.value.impl.ModifiableRecord
6726
RGL_VALUE_33827 class nl.tudelft.rdfgears.rgl.datamodel.value.impl.ModifiableRecord
6727
RGL_VALUE_33829 class nl.tudelft.rdfgears.rgl.datamodel.value.impl.ModifiableRecord
6728
RGL_VALUE_33831 class nl.tudelft.rdfgears.rgl.datamodel.value.impl.ModifiableRecord
6729
RGL_VALUE_33833 class nl.tudelft.rdfgears.rgl.datamodel.value.impl.ModifiableRecord
6730
RGL_VALUE_33835 class nl.tudelft.rdfgears.rgl.datamodel.value.impl.ModifiableRecord
6731
RGL_VALUE_33837 class nl.tudelft.rdfgears.rgl.datamodel.value.impl.ModifiableRecord
6732
RGL_VALUE_33839 class nl.tudelft.rdfgears.rgl.datamodel.value.impl.ModifiableRecord
6733
RGL_VALUE_33841 class nl.tudelft.rdfgears.rgl.datamodel.value.impl.ModifiableRecord
6734
RGL_VALUE_33843 class nl.tudelft.rdfgears.rgl.datamodel.value.impl.ModifiableRecord
6735
RGL_VALUE_33845 class nl.tudelft.rdfgears.rgl.datamodel.value.impl.ModifiableRecord
6736
RGL_VALUE_33847 class nl.tudelft.rdfgears.rgl.datamodel.value.impl.ModifiableRecord
6737
RGL_VALUE_33849 class nl.tudelft.rdfgears.rgl.datamodel.value.impl.ModifiableRecord
6738
RGL_VALUE_33851 class nl.tudelft.rdfgears.rgl.datamodel.value.impl.ModifiableRecord
6739
RGL_VALUE_33853 class nl.tudelft.rdfgears.rgl.datamodel.value.impl.ModifiableRecord
6740
RGL_VALUE_33855 class nl.tudelft.rdfgears.rgl.datamodel.value.impl.ModifiableRecord
6741
RGL_VALUE_33857 class nl.tudelft.rdfgears.rgl.datamodel.value.impl.ModifiableRecord
6742
RGL_VALUE_33859 class nl.tudelft.rdfgears.rgl.datamodel.value.impl.ModifiableRecord
6743
RGL_VALUE_33861 class nl.tudelft.rdfgears.rgl.datamodel.value.impl.ModifiableRecord
6744
RGL_VALUE_33863 class nl.tudelft.rdfgears.rgl.datamodel.value.impl.ModifiableRecord
6745
RGL_VALUE_33865 class nl.tudelft.rdfgears.rgl.datamodel.value.impl.ModifiableRecord
6746
RGL_VALUE_33867 class nl.tudelft.rdfgears.rgl.datamodel.value.impl.ModifiableRecord
6747
RGL_VALUE_33869 class nl.tudelft.rdfgears.rgl.datamodel.value.impl.ModifiableRecord
6748
RGL_VALUE_33871 class nl.tudelft.rdfgears.rgl.datamodel.value.impl.ModifiableRecord
6749
RGL_VALUE_33873 class nl.tudelft.rdfgears.rgl.datamodel.value.impl.ModifiableRecord
6750
RGL_VALUE_33875 class nl.tudelft.rdfgears.rgl.datamodel.value.impl.ModifiableRecord
6751
RGL_VALUE_33877 class nl.tudelft.rdfgears.rgl.datamodel.value.impl.ModifiableRecord
6752
RGL_VALUE_33879 class nl.tudelft.rdfgears.rgl.datamodel.value.impl.ModifiableRecord
6753
RGL_VALUE_33881 class nl.tudelft.rdfgears.rgl.datamodel.value.impl.ModifiableRecord
6754
RGL_VALUE_33883 class nl.tudelft.rdfgears.rgl.datamodel.value.impl.ModifiableRecord
6755
RGL_VALUE_33885 class nl.tudelft.rdfgears.rgl.datamodel.value.impl.ModifiableRecord
6756
RGL_VALUE_33887 class nl.tudelft.rdfgears.rgl.datamodel.value.impl.ModifiableRecord
6757
RGL_VALUE_33889 class nl.tudelft.rdfgears.rgl.datamodel.value.impl.ModifiableRecord
6758
RGL_VALUE_33891 class nl.tudelft.rdfgears.rgl.datamodel.value.impl.ModifiableRecord
6759
RGL_VALUE_33893 class nl.tudelft.rdfgears.rgl.datamodel.value.impl.ModifiableRecord
6760
RGL_VALUE_33895 class nl.tudelft.rdfgears.rgl.datamodel.value.impl.ModifiableRecord
6761
RGL_VALUE_33897 class nl.tudelft.rdfgears.rgl.datamodel.value.impl.ModifiableRecord
6762
RGL_VALUE_33899 class nl.tudelft.rdfgears.rgl.datamodel.value.impl.ModifiableRecord
6763
RGL_VALUE_33901 class nl.tudelft.rdfgears.rgl.datamodel.value.impl.ModifiableRecord
6764
RGL_VALUE_33903 class nl.tudelft.rdfgears.rgl.datamodel.value.impl.ModifiableRecord
6765
RGL_VALUE_33905 class nl.tudelft.rdfgears.rgl.datamodel.value.impl.ModifiableRecord
6766
RGL_VALUE_33907 class nl.tudelft.rdfgears.rgl.datamodel.value.impl.ModifiableRecord
6767
RGL_VALUE_33909 class nl.tudelft.rdfgears.rgl.datamodel.value.impl.ModifiableRecord
6768
RGL_VALUE_33911 class nl.tudelft.rdfgears.rgl.datamodel.value.impl.ModifiableRecord
6769
RGL_VALUE_33913 class nl.tudelft.rdfgears.rgl.datamodel.value.impl.ModifiableRecord
6770
RGL_VALUE_33915 class nl.tudelft.rdfgears.rgl.datamodel.value.impl.ModifiableRecord
6771
RGL_VALUE_33917 class nl.tudelft.rdfgears.rgl.datamodel.value.impl.ModifiableRecord
6772
RGL_VALUE_33919 class nl.tudelft.rdfgears.rgl.datamodel.value.impl.ModifiableRecord
6773
RGL_VALUE_33921 class nl.tudelft.rdfgears.rgl.datamodel.value.impl.ModifiableRecord
6774
RGL_VALUE_33923 class nl.tudelft.rdfgears.rgl.datamodel.value.impl.ModifiableRecord
6775
RGL_VALUE_33925 class nl.tudelft.rdfgears.rgl.datamodel.value.impl.ModifiableRecord
6776
RGL_VALUE_33927 class nl.tudelft.rdfgears.rgl.datamodel.value.impl.ModifiableRecord
6777
RGL_VALUE_33929 class nl.tudelft.rdfgears.rgl.datamodel.value.impl.ModifiableRecord
6778
RGL_VALUE_33931 class nl.tudelft.rdfgears.rgl.datamodel.value.impl.ModifiableRecord
6779
RGL_VALUE_33933 class nl.tudelft.rdfgears.rgl.datamodel.value.impl.ModifiableRecord
6780
RGL_VALUE_33935 class nl.tudelft.rdfgears.rgl.datamodel.value.impl.ModifiableRecord
6781
RGL_VALUE_33937 class nl.tudelft.rdfgears.rgl.datamodel.value.impl.ModifiableRecord
6782
RGL_VALUE_33939 class nl.tudelft.rdfgears.rgl.datamodel.value.impl.ModifiableRecord
6783
RGL_VALUE_33941 class nl.tudelft.rdfgears.rgl.datamodel.value.impl.ModifiableRecord
6784
RGL_VALUE_33943 class nl.tudelft.rdfgears.rgl.datamodel.value.impl.ModifiableRecord
6785
RGL_VALUE_33945 class nl.tudelft.rdfgears.rgl.datamodel.value.impl.ModifiableRecord
6786
RGL_VALUE_33947 class nl.tudelft.rdfgears.rgl.datamodel.value.impl.ModifiableRecord
6787
RGL_VALUE_33949 class nl.tudelft.rdfgears.rgl.datamodel.value.impl.ModifiableRecord
6788
RGL_VALUE_33951 class nl.tudelft.rdfgears.rgl.datamodel.value.impl.ModifiableRecord
6789
RGL_VALUE_33953 class nl.tudelft.rdfgears.rgl.datamodel.value.impl.ModifiableRecord
6790
RGL_VALUE_33955 class nl.tudelft.rdfgears.rgl.datamodel.value.impl.ModifiableRecord
6791
RGL_VALUE_33957 class nl.tudelft.rdfgears.rgl.datamodel.value.impl.ModifiableRecord
6792
RGL_VALUE_33959 class nl.tudelft.rdfgears.rgl.datamodel.value.impl.ModifiableRecord
6793
RGL_VALUE_33961 class nl.tudelft.rdfgears.rgl.datamodel.value.impl.ModifiableRecord
6794
RGL_VALUE_33963 class nl.tudelft.rdfgears.rgl.datamodel.value.impl.ModifiableRecord
6795
RGL_VALUE_33965 class nl.tudelft.rdfgears.rgl.datamodel.value.impl.ModifiableRecord
6796
RGL_VALUE_33967 class nl.tudelft.rdfgears.rgl.datamodel.value.impl.ModifiableRecord
6797
RGL_VALUE_33969 class nl.tudelft.rdfgears.rgl.datamodel.value.impl.ModifiableRecord
6798
RGL_VALUE_33971 class nl.tudelft.rdfgears.rgl.datamodel.value.impl.ModifiableRecord
6799
RGL_VALUE_33973 class nl.tudelft.rdfgears.rgl.datamodel.value.impl.ModifiableRecord
6800
RGL_VALUE_33976 class nl.tudelft.rdfgears.rgl.datamodel.value.impl.ModifiableRecord
6801
RGL_VALUE_33978 class nl.tudelft.rdfgears.rgl.datamodel.value.impl.ModifiableRecord
6802
RGL_VALUE_33980 class nl.tudelft.rdfgears.rgl.datamodel.value.impl.ModifiableRecord
6803
RGL_VALUE_33982 class nl.tudelft.rdfgears.rgl.datamodel.value.impl.ModifiableRecord
6804
RGL_VALUE_33984 class nl.tudelft.rdfgears.rgl.datamodel.value.impl.ModifiableRecord
6805
RGL_VALUE_33986 class nl.tudelft.rdfgears.rgl.datamodel.value.impl.ModifiableRecord
6806
RGL_VALUE_33988 class nl.tudelft.rdfgears.rgl.datamodel.value.impl.ModifiableRecord
6807
RGL_VALUE_33990 class nl.tudelft.rdfgears.rgl.datamodel.value.impl.ModifiableRecord
6808
RGL_VALUE_33992 class nl.tudelft.rdfgears.rgl.datamodel.value.impl.ModifiableRecord
6809
RGL_VALUE_33994 class nl.tudelft.rdfgears.rgl.datamodel.value.impl.ModifiableRecord
6810
RGL_VALUE_33996 class nl.tudelft.rdfgears.rgl.datamodel.value.impl.ModifiableRecord
6811
RGL_VALUE_33998 class nl.tudelft.rdfgears.rgl.datamodel.value.impl.ModifiableRecord
6812
RGL_VALUE_34000 class nl.tudelft.rdfgears.rgl.datamodel.value.impl.ModifiableRecord
6813
RGL_VALUE_34002 class nl.tudelft.rdfgears.rgl.datamodel.value.impl.ModifiableRecord
6814
RGL_VALUE_34004 class nl.tudelft.rdfgears.rgl.datamodel.value.impl.ModifiableRecord
6815
RGL_VALUE_34006 class nl.tudelft.rdfgears.rgl.datamodel.value.impl.ModifiableRecord
6816
RGL_VALUE_34008 class nl.tudelft.rdfgears.rgl.datamodel.value.impl.ModifiableRecord
6817
RGL_VALUE_34010 class nl.tudelft.rdfgears.rgl.datamodel.value.impl.ModifiableRecord
6818
RGL_VALUE_34012 class nl.tudelft.rdfgears.rgl.datamodel.value.impl.ModifiableRecord
6819
RGL_VALUE_34014 class nl.tudelft.rdfgears.rgl.datamodel.value.impl.ModifiableRecord
6820
RGL_VALUE_34016 class nl.tudelft.rdfgears.rgl.datamodel.value.impl.ModifiableRecord
6821
RGL_VALUE_34018 class nl.tudelft.rdfgears.rgl.datamodel.value.impl.ModifiableRecord
6822
RGL_VALUE_34020 class nl.tudelft.rdfgears.rgl.datamodel.value.impl.ModifiableRecord
6823
RGL_VALUE_34022 class nl.tudelft.rdfgears.rgl.datamodel.value.impl.ModifiableRecord
6824
RGL_VALUE_34024 class nl.tudelft.rdfgears.rgl.datamodel.value.impl.ModifiableRecord
6825
RGL_VALUE_34026 class nl.tudelft.rdfgears.rgl.datamodel.value.impl.ModifiableRecord
6826
RGL_VALUE_34028 class nl.tudelft.rdfgears.rgl.datamodel.value.impl.ModifiableRecord
6827
RGL_VALUE_34030 class nl.tudelft.rdfgears.rgl.datamodel.value.impl.ModifiableRecord
6828
RGL_VALUE_34032 class nl.tudelft.rdfgears.rgl.datamodel.value.impl.ModifiableRecord
6829
RGL_VALUE_34034 class nl.tudelft.rdfgears.rgl.datamodel.value.impl.ModifiableRecord
6830
RGL_VALUE_34036 class nl.tudelft.rdfgears.rgl.datamodel.value.impl.ModifiableRecord
6831
RGL_VALUE_34038 class nl.tudelft.rdfgears.rgl.datamodel.value.impl.ModifiableRecord
6832
RGL_VALUE_34040 class nl.tudelft.rdfgears.rgl.datamodel.value.impl.ModifiableRecord
6833
RGL_VALUE_34042 class nl.tudelft.rdfgears.rgl.datamodel.value.impl.ModifiableRecord
6834
RGL_VALUE_34044 class nl.tudelft.rdfgears.rgl.datamodel.value.impl.ModifiableRecord
6835
RGL_VALUE_34046 class nl.tudelft.rdfgears.rgl.datamodel.value.impl.ModifiableRecord
6836
RGL_VALUE_34048 class nl.tudelft.rdfgears.rgl.datamodel.value.impl.ModifiableRecord
6837
RGL_VALUE_34050 class nl.tudelft.rdfgears.rgl.datamodel.value.impl.ModifiableRecord
6838
RGL_VALUE_34052 class nl.tudelft.rdfgears.rgl.datamodel.value.impl.ModifiableRecord
6839
RGL_VALUE_34054 class nl.tudelft.rdfgears.rgl.datamodel.value.impl.ModifiableRecord
6840
RGL_VALUE_34056 class nl.tudelft.rdfgears.rgl.datamodel.value.impl.ModifiableRecord
6841
RGL_VALUE_34058 class nl.tudelft.rdfgears.rgl.datamodel.value.impl.ModifiableRecord
6842
RGL_VALUE_34060 class nl.tudelft.rdfgears.rgl.datamodel.value.impl.ModifiableRecord
6843
RGL_VALUE_34062 class nl.tudelft.rdfgears.rgl.datamodel.value.impl.ModifiableRecord
6844
RGL_VALUE_34064 class nl.tudelft.rdfgears.rgl.datamodel.value.impl.ModifiableRecord
6845
RGL_VALUE_34066 class nl.tudelft.rdfgears.rgl.datamodel.value.impl.ModifiableRecord
6846
RGL_VALUE_34068 class nl.tudelft.rdfgears.rgl.datamodel.value.impl.ModifiableRecord
6847
RGL_VALUE_34070 class nl.tudelft.rdfgears.rgl.datamodel.value.impl.ModifiableRecord
6848
RGL_VALUE_34072 class nl.tudelft.rdfgears.rgl.datamodel.value.impl.ModifiableRecord
6849
RGL_VALUE_34074 class nl.tudelft.rdfgears.rgl.datamodel.value.impl.ModifiableRecord
6850
RGL_VALUE_34076 class nl.tudelft.rdfgears.rgl.datamodel.value.impl.ModifiableRecord
6851
RGL_VALUE_34078 class nl.tudelft.rdfgears.rgl.datamodel.value.impl.ModifiableRecord
6852
RGL_VALUE_34080 class nl.tudelft.rdfgears.rgl.datamodel.value.impl.ModifiableRecord
6853
RGL_VALUE_34082 class nl.tudelft.rdfgears.rgl.datamodel.value.impl.ModifiableRecord
6854
RGL_VALUE_34084 class nl.tudelft.rdfgears.rgl.datamodel.value.impl.ModifiableRecord
6855
RGL_VALUE_34086 class nl.tudelft.rdfgears.rgl.datamodel.value.impl.ModifiableRecord
6856
RGL_VALUE_34088 class nl.tudelft.rdfgears.rgl.datamodel.value.impl.ModifiableRecord
6857
RGL_VALUE_34090 class nl.tudelft.rdfgears.rgl.datamodel.value.impl.ModifiableRecord
6858
RGL_VALUE_34092 class nl.tudelft.rdfgears.rgl.datamodel.value.impl.ModifiableRecord
6859
RGL_VALUE_34094 class nl.tudelft.rdfgears.rgl.datamodel.value.impl.ModifiableRecord
6860
RGL_VALUE_34096 class nl.tudelft.rdfgears.rgl.datamodel.value.impl.ModifiableRecord
6861
RGL_VALUE_34098 class nl.tudelft.rdfgears.rgl.datamodel.value.impl.ModifiableRecord
6862
RGL_VALUE_34100 class nl.tudelft.rdfgears.rgl.datamodel.value.impl.ModifiableRecord
6863
RGL_VALUE_34102 class nl.tudelft.rdfgears.rgl.datamodel.value.impl.ModifiableRecord
6864
RGL_VALUE_34104 class nl.tudelft.rdfgears.rgl.datamodel.value.impl.ModifiableRecord
6865
RGL_VALUE_34106 class nl.tudelft.rdfgears.rgl.datamodel.value.impl.ModifiableRecord
6866
RGL_VALUE_34108 class nl.tudelft.rdfgears.rgl.datamodel.value.impl.ModifiableRecord
6867
RGL_VALUE_34110 class nl.tudelft.rdfgears.rgl.datamodel.value.impl.ModifiableRecord
6868
RGL_VALUE_34112 class nl.tudelft.rdfgears.rgl.datamodel.value.impl.ModifiableRecord
6869
RGL_VALUE_34114 class nl.tudelft.rdfgears.rgl.datamodel.value.impl.ModifiableRecord
6870
RGL_VALUE_34116 class nl.tudelft.rdfgears.rgl.datamodel.value.impl.ModifiableRecord
6871
RGL_VALUE_34118 class nl.tudelft.rdfgears.rgl.datamodel.value.impl.ModifiableRecord
6872
RGL_VALUE_34120 class nl.tudelft.rdfgears.rgl.datamodel.value.impl.ModifiableRecord
6873
RGL_VALUE_34122 class nl.tudelft.rdfgears.rgl.datamodel.value.impl.ModifiableRecord
6874
RGL_VALUE_34124 class nl.tudelft.rdfgears.rgl.datamodel.value.impl.ModifiableRecord
6875
RGL_VALUE_34126 class nl.tudelft.rdfgears.rgl.datamodel.value.impl.ModifiableRecord
6876
RGL_VALUE_34128 class nl.tudelft.rdfgears.rgl.datamodel.value.impl.ModifiableRecord
6877
RGL_VALUE_34130 class nl.tudelft.rdfgears.rgl.datamodel.value.impl.ModifiableRecord
6878
RGL_VALUE_34132 class nl.tudelft.rdfgears.rgl.datamodel.value.impl.ModifiableRecord
6879
RGL_VALUE_34134 class nl.tudelft.rdfgears.rgl.datamodel.value.impl.ModifiableRecord
6880
RGL_VALUE_34136 class nl.tudelft.rdfgears.rgl.datamodel.value.impl.ModifiableRecord
6881
RGL_VALUE_34138 class nl.tudelft.rdfgears.rgl.datamodel.value.impl.ModifiableRecord
6882
RGL_VALUE_34140 class nl.tudelft.rdfgears.rgl.datamodel.value.impl.ModifiableRecord
6883
RGL_VALUE_34142 class nl.tudelft.rdfgears.rgl.datamodel.value.impl.ModifiableRecord
6884
RGL_VALUE_34144 class nl.tudelft.rdfgears.rgl.datamodel.value.impl.ModifiableRecord
6885
RGL_VALUE_34146 class nl.tudelft.rdfgears.rgl.datamodel.value.impl.ModifiableRecord
6886
RGL_VALUE_34148 class nl.tudelft.rdfgears.rgl.datamodel.value.impl.ModifiableRecord
6887
RGL_VALUE_34150 class nl.tudelft.rdfgears.rgl.datamodel.value.impl.ModifiableRecord
6888
RGL_VALUE_34152 class nl.tudelft.rdfgears.rgl.datamodel.value.impl.ModifiableRecord
6889
RGL_VALUE_34154 class nl.tudelft.rdfgears.rgl.datamodel.value.impl.ModifiableRecord
6890
RGL_VALUE_34156 class nl.tudelft.rdfgears.rgl.datamodel.value.impl.ModifiableRecord
6891
RGL_VALUE_34158 class nl.tudelft.rdfgears.rgl.datamodel.value.impl.ModifiableRecord
6892
RGL_VALUE_34160 class nl.tudelft.rdfgears.rgl.datamodel.value.impl.ModifiableRecord
6893
RGL_VALUE_34162 class nl.tudelft.rdfgears.rgl.datamodel.value.impl.ModifiableRecord
6894
RGL_VALUE_34164 class nl.tudelft.rdfgears.rgl.datamodel.value.impl.ModifiableRecord
6895
RGL_VALUE_34166 class nl.tudelft.rdfgears.rgl.datamodel.value.impl.ModifiableRecord
6896
RGL_VALUE_34168 class nl.tudelft.rdfgears.rgl.datamodel.value.impl.ModifiableRecord
6897
RGL_VALUE_34170 class nl.tudelft.rdfgears.rgl.datamodel.value.impl.ModifiableRecord
6898
RGL_VALUE_34172 class nl.tudelft.rdfgears.rgl.datamodel.value.impl.ModifiableRecord
6899
RGL_VALUE_34174 class nl.tudelft.rdfgears.rgl.datamodel.value.impl.ModifiableRecord
6900
RGL_VALUE_34177 class nl.tudelft.rdfgears.rgl.datamodel.value.impl.ModifiableRecord
6901
RGL_VALUE_34179 class nl.tudelft.rdfgears.rgl.datamodel.value.impl.ModifiableRecord
6902
RGL_VALUE_34181 class nl.tudelft.rdfgears.rgl.datamodel.value.impl.ModifiableRecord
6903
RGL_VALUE_34183 class nl.tudelft.rdfgears.rgl.datamodel.value.impl.ModifiableRecord
6904
RGL_VALUE_34185 class nl.tudelft.rdfgears.rgl.datamodel.value.impl.ModifiableRecord
6905
RGL_VALUE_34187 class nl.tudelft.rdfgears.rgl.datamodel.value.impl.ModifiableRecord
6906
RGL_VALUE_34189 class nl.tudelft.rdfgears.rgl.datamodel.value.impl.ModifiableRecord
6907
RGL_VALUE_34191 class nl.tudelft.rdfgears.rgl.datamodel.value.impl.ModifiableRecord
6908
RGL_VALUE_34193 class nl.tudelft.rdfgears.rgl.datamodel.value.impl.ModifiableRecord
6909
RGL_VALUE_34195 class nl.tudelft.rdfgears.rgl.datamodel.value.impl.ModifiableRecord
6910
RGL_VALUE_34197 class nl.tudelft.rdfgears.rgl.datamodel.value.impl.ModifiableRecord
6911
RGL_VALUE_34199 class nl.tudelft.rdfgears.rgl.datamodel.value.impl.ModifiableRecord
6912
RGL_VALUE_34201 class nl.tudelft.rdfgears.rgl.datamodel.value.impl.ModifiableRecord
6913
RGL_VALUE_34203 class nl.tudelft.rdfgears.rgl.datamodel.value.impl.ModifiableRecord
6914
RGL_VALUE_34205 class nl.tudelft.rdfgears.rgl.datamodel.value.impl.ModifiableRecord
6915
RGL_VALUE_34207 class nl.tudelft.rdfgears.rgl.datamodel.value.impl.ModifiableRecord
6916
RGL_VALUE_34209 class nl.tudelft.rdfgears.rgl.datamodel.value.impl.ModifiableRecord
6917
RGL_VALUE_34211 class nl.tudelft.rdfgears.rgl.datamodel.value.impl.ModifiableRecord
6918
RGL_VALUE_34213 class nl.tudelft.rdfgears.rgl.datamodel.value.impl.ModifiableRecord
6919
RGL_VALUE_34215 class nl.tudelft.rdfgears.rgl.datamodel.value.impl.ModifiableRecord
6920
RGL_VALUE_34217 class nl.tudelft.rdfgears.rgl.datamodel.value.impl.ModifiableRecord
6921
RGL_VALUE_34219 class nl.tudelft.rdfgears.rgl.datamodel.value.impl.ModifiableRecord
6922
RGL_VALUE_34221 class nl.tudelft.rdfgears.rgl.datamodel.value.impl.ModifiableRecord
6923
RGL_VALUE_34223 class nl.tudelft.rdfgears.rgl.datamodel.value.impl.ModifiableRecord
6924
RGL_VALUE_34225 class nl.tudelft.rdfgears.rgl.datamodel.value.impl.ModifiableRecord
6925
RGL_VALUE_34227 class nl.tudelft.rdfgears.rgl.datamodel.value.impl.ModifiableRecord
6926
RGL_VALUE_34229 class nl.tudelft.rdfgears.rgl.datamodel.value.impl.ModifiableRecord
6927
RGL_VALUE_34231 class nl.tudelft.rdfgears.rgl.datamodel.value.impl.ModifiableRecord
6928
RGL_VALUE_34233 class nl.tudelft.rdfgears.rgl.datamodel.value.impl.ModifiableRecord
6929
RGL_VALUE_34235 class nl.tudelft.rdfgears.rgl.datamodel.value.impl.ModifiableRecord
6930
RGL_VALUE_34237 class nl.tudelft.rdfgears.rgl.datamodel.value.impl.ModifiableRecord
6931
RGL_VALUE_34239 class nl.tudelft.rdfgears.rgl.datamodel.value.impl.ModifiableRecord
6932
RGL_VALUE_34241 class nl.tudelft.rdfgears.rgl.datamodel.value.impl.ModifiableRecord
6933
RGL_VALUE_34243 class nl.tudelft.rdfgears.rgl.datamodel.value.impl.ModifiableRecord
6934
RGL_VALUE_34245 class nl.tudelft.rdfgears.rgl.datamodel.value.impl.ModifiableRecord
6935
RGL_VALUE_34247 class nl.tudelft.rdfgears.rgl.datamodel.value.impl.ModifiableRecord
6936
RGL_VALUE_34249 class nl.tudelft.rdfgears.rgl.datamodel.value.impl.ModifiableRecord
6937
RGL_VALUE_34251 class nl.tudelft.rdfgears.rgl.datamodel.value.impl.ModifiableRecord
6938
RGL_VALUE_34253 class nl.tudelft.rdfgears.rgl.datamodel.value.impl.ModifiableRecord
6939
RGL_VALUE_34255 class nl.tudelft.rdfgears.rgl.datamodel.value.impl.ModifiableRecord
6940
RGL_VALUE_34257 class nl.tudelft.rdfgears.rgl.datamodel.value.impl.ModifiableRecord
6941
RGL_VALUE_34259 class nl.tudelft.rdfgears.rgl.datamodel.value.impl.ModifiableRecord
6942
RGL_VALUE_34261 class nl.tudelft.rdfgears.rgl.datamodel.value.impl.ModifiableRecord
6943
RGL_VALUE_34263 class nl.tudelft.rdfgears.rgl.datamodel.value.impl.ModifiableRecord
6944
RGL_VALUE_34265 class nl.tudelft.rdfgears.rgl.datamodel.value.impl.ModifiableRecord
6945
RGL_VALUE_34267 class nl.tudelft.rdfgears.rgl.datamodel.value.impl.ModifiableRecord
6946
RGL_VALUE_34269 class nl.tudelft.rdfgears.rgl.datamodel.value.impl.ModifiableRecord
6947
RGL_VALUE_34271 class nl.tudelft.rdfgears.rgl.datamodel.value.impl.ModifiableRecord
6948
RGL_VALUE_34273 class nl.tudelft.rdfgears.rgl.datamodel.value.impl.ModifiableRecord
6949
RGL_VALUE_34275 class nl.tudelft.rdfgears.rgl.datamodel.value.impl.ModifiableRecord
6950
RGL_VALUE_34277 class nl.tudelft.rdfgears.rgl.datamodel.value.impl.ModifiableRecord
6951
RGL_VALUE_34279 class nl.tudelft.rdfgears.rgl.datamodel.value.impl.ModifiableRecord
6952
RGL_VALUE_34281 class nl.tudelft.rdfgears.rgl.datamodel.value.impl.ModifiableRecord
6953
RGL_VALUE_34283 class nl.tudelft.rdfgears.rgl.datamodel.value.impl.ModifiableRecord
6954
RGL_VALUE_34285 class nl.tudelft.rdfgears.rgl.datamodel.value.impl.ModifiableRecord
6955
RGL_VALUE_34287 class nl.tudelft.rdfgears.rgl.datamodel.value.impl.ModifiableRecord
6956
RGL_VALUE_34289 class nl.tudelft.rdfgears.rgl.datamodel.value.impl.ModifiableRecord
6957
RGL_VALUE_34291 class nl.tudelft.rdfgears.rgl.datamodel.value.impl.ModifiableRecord
6958
RGL_VALUE_34293 class nl.tudelft.rdfgears.rgl.datamodel.value.impl.ModifiableRecord
6959
RGL_VALUE_34295 class nl.tudelft.rdfgears.rgl.datamodel.value.impl.ModifiableRecord
6960
RGL_VALUE_34297 class nl.tudelft.rdfgears.rgl.datamodel.value.impl.ModifiableRecord
6961
RGL_VALUE_34299 class nl.tudelft.rdfgears.rgl.datamodel.value.impl.ModifiableRecord
6962
RGL_VALUE_34301 class nl.tudelft.rdfgears.rgl.datamodel.value.impl.ModifiableRecord
6963
RGL_VALUE_34303 class nl.tudelft.rdfgears.rgl.datamodel.value.impl.ModifiableRecord
6964
RGL_VALUE_34305 class nl.tudelft.rdfgears.rgl.datamodel.value.impl.ModifiableRecord
6965
RGL_VALUE_34307 class nl.tudelft.rdfgears.rgl.datamodel.value.impl.ModifiableRecord
6966
RGL_VALUE_34309 class nl.tudelft.rdfgears.rgl.datamodel.value.impl.ModifiableRecord
6967
RGL_VALUE_34311 class nl.tudelft.rdfgears.rgl.datamodel.value.impl.ModifiableRecord
6968
RGL_VALUE_34313 class nl.tudelft.rdfgears.rgl.datamodel.value.impl.ModifiableRecord
6969
RGL_VALUE_34315 class nl.tudelft.rdfgears.rgl.datamodel.value.impl.ModifiableRecord
6970
RGL_VALUE_34317 class nl.tudelft.rdfgears.rgl.datamodel.value.impl.ModifiableRecord
6971
RGL_VALUE_34319 class nl.tudelft.rdfgears.rgl.datamodel.value.impl.ModifiableRecord
6972
RGL_VALUE_34321 class nl.tudelft.rdfgears.rgl.datamodel.value.impl.ModifiableRecord
6973
RGL_VALUE_34323 class nl.tudelft.rdfgears.rgl.datamodel.value.impl.ModifiableRecord
6974
RGL_VALUE_34325 class nl.tudelft.rdfgears.rgl.datamodel.value.impl.ModifiableRecord
6975
RGL_VALUE_34327 class nl.tudelft.rdfgears.rgl.datamodel.value.impl.ModifiableRecord
6976
RGL_VALUE_34329 class nl.tudelft.rdfgears.rgl.datamodel.value.impl.ModifiableRecord
6977
RGL_VALUE_34331 class nl.tudelft.rdfgears.rgl.datamodel.value.impl.ModifiableRecord
6978
RGL_VALUE_34333 class nl.tudelft.rdfgears.rgl.datamodel.value.impl.ModifiableRecord
6979
RGL_VALUE_34335 class nl.tudelft.rdfgears.rgl.datamodel.value.impl.ModifiableRecord
6980
RGL_VALUE_34337 class nl.tudelft.rdfgears.rgl.datamodel.value.impl.ModifiableRecord
6981
RGL_VALUE_34339 class nl.tudelft.rdfgears.rgl.datamodel.value.impl.ModifiableRecord
6982
RGL_VALUE_34341 class nl.tudelft.rdfgears.rgl.datamodel.value.impl.ModifiableRecord
6983
RGL_VALUE_34343 class nl.tudelft.rdfgears.rgl.datamodel.value.impl.ModifiableRecord
6984
RGL_VALUE_34345 class nl.tudelft.rdfgears.rgl.datamodel.value.impl.ModifiableRecord
6985
RGL_VALUE_34347 class nl.tudelft.rdfgears.rgl.datamodel.value.impl.ModifiableRecord
6986
RGL_VALUE_34349 class nl.tudelft.rdfgears.rgl.datamodel.value.impl.ModifiableRecord
6987
RGL_VALUE_34351 class nl.tudelft.rdfgears.rgl.datamodel.value.impl.ModifiableRecord
6988
RGL_VALUE_34353 class nl.tudelft.rdfgears.rgl.datamodel.value.impl.ModifiableRecord
6989
RGL_VALUE_34355 class nl.tudelft.rdfgears.rgl.datamodel.value.impl.ModifiableRecord
6990
RGL_VALUE_34357 class nl.tudelft.rdfgears.rgl.datamodel.value.impl.ModifiableRecord
6991
RGL_VALUE_34359 class nl.tudelft.rdfgears.rgl.datamodel.value.impl.ModifiableRecord
6992
RGL_VALUE_34361 class nl.tudelft.rdfgears.rgl.datamodel.value.impl.ModifiableRecord
6993
RGL_VALUE_34363 class nl.tudelft.rdfgears.rgl.datamodel.value.impl.ModifiableRecord
6994
RGL_VALUE_34365 class nl.tudelft.rdfgears.rgl.datamodel.value.impl.ModifiableRecord
6995
RGL_VALUE_34367 class nl.tudelft.rdfgears.rgl.datamodel.value.impl.ModifiableRecord
6996
RGL_VALUE_34369 class nl.tudelft.rdfgears.rgl.datamodel.value.impl.ModifiableRecord
6997
RGL_VALUE_34371 class nl.tudelft.rdfgears.rgl.datamodel.value.impl.ModifiableRecord
6998
RGL_VALUE_34373 class nl.tudelft.rdfgears.rgl.datamodel.value.impl.ModifiableRecord
6999
RGL_VALUE_34375 class nl.tudelft.rdfgears.rgl.datamodel.value.impl.ModifiableRecord
7000
RGL_VALUE_34378 class nl.tudelft.rdfgears.rgl.datamodel.value.impl.ModifiableRecord
7001
RGL_VALUE_34380 class nl.tudelft.rdfgears.rgl.datamodel.value.impl.ModifiableRecord
7002
RGL_VALUE_34382 class nl.tudelft.rdfgears.rgl.datamodel.value.impl.ModifiableRecord
7003
RGL_VALUE_34384 class nl.tudelft.rdfgears.rgl.datamodel.value.impl.ModifiableRecord
7004
RGL_VALUE_34386 class nl.tudelft.rdfgears.rgl.datamodel.value.impl.ModifiableRecord
7005
RGL_VALUE_34388 class nl.tudelft.rdfgears.rgl.datamodel.value.impl.ModifiableRecord
7006
RGL_VALUE_34390 class nl.tudelft.rdfgears.rgl.datamodel.value.impl.ModifiableRecord
7007
RGL_VALUE_34392 class nl.tudelft.rdfgears.rgl.datamodel.value.impl.ModifiableRecord
7008
RGL_VALUE_34394 class nl.tudelft.rdfgears.rgl.datamodel.value.impl.ModifiableRecord
7009
RGL_VALUE_34396 class nl.tudelft.rdfgears.rgl.datamodel.value.impl.ModifiableRecord
7010
RGL_VALUE_34398 class nl.tudelft.rdfgears.rgl.datamodel.value.impl.ModifiableRecord
7011
RGL_VALUE_34400 class nl.tudelft.rdfgears.rgl.datamodel.value.impl.ModifiableRecord
7012
RGL_VALUE_34402 class nl.tudelft.rdfgears.rgl.datamodel.value.impl.ModifiableRecord
7013
RGL_VALUE_34404 class nl.tudelft.rdfgears.rgl.datamodel.value.impl.ModifiableRecord
7014
RGL_VALUE_34406 class nl.tudelft.rdfgears.rgl.datamodel.value.impl.ModifiableRecord
7015
RGL_VALUE_34408 class nl.tudelft.rdfgears.rgl.datamodel.value.impl.ModifiableRecord
7016
RGL_VALUE_34410 class nl.tudelft.rdfgears.rgl.datamodel.value.impl.ModifiableRecord
7017
RGL_VALUE_34412 class nl.tudelft.rdfgears.rgl.datamodel.value.impl.ModifiableRecord
7018
RGL_VALUE_34414 class nl.tudelft.rdfgears.rgl.datamodel.value.impl.ModifiableRecord
7019
RGL_VALUE_34416 class nl.tudelft.rdfgears.rgl.datamodel.value.impl.ModifiableRecord
7020
RGL_VALUE_34418 class nl.tudelft.rdfgears.rgl.datamodel.value.impl.ModifiableRecord
7021
RGL_VALUE_34420 class nl.tudelft.rdfgears.rgl.datamodel.value.impl.ModifiableRecord
7022
RGL_VALUE_34422 class nl.tudelft.rdfgears.rgl.datamodel.value.impl.ModifiableRecord
7023
RGL_VALUE_34424 class nl.tudelft.rdfgears.rgl.datamodel.value.impl.ModifiableRecord
7024
RGL_VALUE_34426 class nl.tudelft.rdfgears.rgl.datamodel.value.impl.ModifiableRecord
7025
RGL_VALUE_34428 class nl.tudelft.rdfgears.rgl.datamodel.value.impl.ModifiableRecord
7026
RGL_VALUE_34430 class nl.tudelft.rdfgears.rgl.datamodel.value.impl.ModifiableRecord
7027
RGL_VALUE_34432 class nl.tudelft.rdfgears.rgl.datamodel.value.impl.ModifiableRecord
7028
RGL_VALUE_34434 class nl.tudelft.rdfgears.rgl.datamodel.value.impl.ModifiableRecord
7029
RGL_VALUE_34436 class nl.tudelft.rdfgears.rgl.datamodel.value.impl.ModifiableRecord
7030
RGL_VALUE_34438 class nl.tudelft.rdfgears.rgl.datamodel.value.impl.ModifiableRecord
7031
RGL_VALUE_34440 class nl.tudelft.rdfgears.rgl.datamodel.value.impl.ModifiableRecord
7032
RGL_VALUE_34442 class nl.tudelft.rdfgears.rgl.datamodel.value.impl.ModifiableRecord
7033
RGL_VALUE_34444 class nl.tudelft.rdfgears.rgl.datamodel.value.impl.ModifiableRecord
7034
RGL_VALUE_34446 class nl.tudelft.rdfgears.rgl.datamodel.value.impl.ModifiableRecord
7035
RGL_VALUE_34448 class nl.tudelft.rdfgears.rgl.datamodel.value.impl.ModifiableRecord
7036
RGL_VALUE_34450 class nl.tudelft.rdfgears.rgl.datamodel.value.impl.ModifiableRecord
7037
RGL_VALUE_34452 class nl.tudelft.rdfgears.rgl.datamodel.value.impl.ModifiableRecord
7038
RGL_VALUE_34454 class nl.tudelft.rdfgears.rgl.datamodel.value.impl.ModifiableRecord
7039
RGL_VALUE_34456 class nl.tudelft.rdfgears.rgl.datamodel.value.impl.ModifiableRecord
7040
RGL_VALUE_34458 class nl.tudelft.rdfgears.rgl.datamodel.value.impl.ModifiableRecord
7041
RGL_VALUE_34460 class nl.tudelft.rdfgears.rgl.datamodel.value.impl.ModifiableRecord
7042
RGL_VALUE_34462 class nl.tudelft.rdfgears.rgl.datamodel.value.impl.ModifiableRecord
7043
RGL_VALUE_34464 class nl.tudelft.rdfgears.rgl.datamodel.value.impl.ModifiableRecord
7044
RGL_VALUE_34466 class nl.tudelft.rdfgears.rgl.datamodel.value.impl.ModifiableRecord
7045
RGL_VALUE_34468 class nl.tudelft.rdfgears.rgl.datamodel.value.impl.ModifiableRecord
7046
RGL_VALUE_34470 class nl.tudelft.rdfgears.rgl.datamodel.value.impl.ModifiableRecord
7047
RGL_VALUE_34472 class nl.tudelft.rdfgears.rgl.datamodel.value.impl.ModifiableRecord
7048
RGL_VALUE_34474 class nl.tudelft.rdfgears.rgl.datamodel.value.impl.ModifiableRecord
7049
RGL_VALUE_34476 class nl.tudelft.rdfgears.rgl.datamodel.value.impl.ModifiableRecord
7050
RGL_VALUE_34478 class nl.tudelft.rdfgears.rgl.datamodel.value.impl.ModifiableRecord
7051
RGL_VALUE_34480 class nl.tudelft.rdfgears.rgl.datamodel.value.impl.ModifiableRecord
7052
RGL_VALUE_34482 class nl.tudelft.rdfgears.rgl.datamodel.value.impl.ModifiableRecord
7053
RGL_VALUE_34484 class nl.tudelft.rdfgears.rgl.datamodel.value.impl.ModifiableRecord
7054
RGL_VALUE_34486 class nl.tudelft.rdfgears.rgl.datamodel.value.impl.ModifiableRecord
7055
RGL_VALUE_34488 class nl.tudelft.rdfgears.rgl.datamodel.value.impl.ModifiableRecord
7056
RGL_VALUE_34490 class nl.tudelft.rdfgears.rgl.datamodel.value.impl.ModifiableRecord
7057
RGL_VALUE_34492 class nl.tudelft.rdfgears.rgl.datamodel.value.impl.ModifiableRecord
7058
RGL_VALUE_34494 class nl.tudelft.rdfgears.rgl.datamodel.value.impl.ModifiableRecord
7059
RGL_VALUE_34496 class nl.tudelft.rdfgears.rgl.datamodel.value.impl.ModifiableRecord
7060
RGL_VALUE_34498 class nl.tudelft.rdfgears.rgl.datamodel.value.impl.ModifiableRecord
7061
RGL_VALUE_34500 class nl.tudelft.rdfgears.rgl.datamodel.value.impl.ModifiableRecord
7062
RGL_VALUE_34502 class nl.tudelft.rdfgears.rgl.datamodel.value.impl.ModifiableRecord
7063
RGL_VALUE_34504 class nl.tudelft.rdfgears.rgl.datamodel.value.impl.ModifiableRecord
7064
RGL_VALUE_34506 class nl.tudelft.rdfgears.rgl.datamodel.value.impl.ModifiableRecord
7065
RGL_VALUE_34508 class nl.tudelft.rdfgears.rgl.datamodel.value.impl.ModifiableRecord
7066
RGL_VALUE_34510 class nl.tudelft.rdfgears.rgl.datamodel.value.impl.ModifiableRecord
7067
RGL_VALUE_34512 class nl.tudelft.rdfgears.rgl.datamodel.value.impl.ModifiableRecord
7068
RGL_VALUE_34514 class nl.tudelft.rdfgears.rgl.datamodel.value.impl.ModifiableRecord
7069
RGL_VALUE_34516 class nl.tudelft.rdfgears.rgl.datamodel.value.impl.ModifiableRecord
7070
RGL_VALUE_34518 class nl.tudelft.rdfgears.rgl.datamodel.value.impl.ModifiableRecord
7071
RGL_VALUE_34520 class nl.tudelft.rdfgears.rgl.datamodel.value.impl.ModifiableRecord
7072
RGL_VALUE_34522 class nl.tudelft.rdfgears.rgl.datamodel.value.impl.ModifiableRecord
7073
RGL_VALUE_34524 class nl.tudelft.rdfgears.rgl.datamodel.value.impl.ModifiableRecord
7074
RGL_VALUE_34526 class nl.tudelft.rdfgears.rgl.datamodel.value.impl.ModifiableRecord
7075
RGL_VALUE_34528 class nl.tudelft.rdfgears.rgl.datamodel.value.impl.ModifiableRecord
7076
RGL_VALUE_34530 class nl.tudelft.rdfgears.rgl.datamodel.value.impl.ModifiableRecord
7077
RGL_VALUE_34532 class nl.tudelft.rdfgears.rgl.datamodel.value.impl.ModifiableRecord
7078
RGL_VALUE_34534 class nl.tudelft.rdfgears.rgl.datamodel.value.impl.ModifiableRecord
7079
RGL_VALUE_34536 class nl.tudelft.rdfgears.rgl.datamodel.value.impl.ModifiableRecord
7080
RGL_VALUE_34538 class nl.tudelft.rdfgears.rgl.datamodel.value.impl.ModifiableRecord
7081
RGL_VALUE_34540 class nl.tudelft.rdfgears.rgl.datamodel.value.impl.ModifiableRecord
7082
RGL_VALUE_34542 class nl.tudelft.rdfgears.rgl.datamodel.value.impl.ModifiableRecord
7083
RGL_VALUE_34544 class nl.tudelft.rdfgears.rgl.datamodel.value.impl.ModifiableRecord
7084
RGL_VALUE_34546 class nl.tudelft.rdfgears.rgl.datamodel.value.impl.ModifiableRecord
7085
RGL_VALUE_34548 class nl.tudelft.rdfgears.rgl.datamodel.value.impl.ModifiableRecord
7086
RGL_VALUE_34550 class nl.tudelft.rdfgears.rgl.datamodel.value.impl.ModifiableRecord
7087
RGL_VALUE_34552 class nl.tudelft.rdfgears.rgl.datamodel.value.impl.ModifiableRecord
7088
RGL_VALUE_34554 class nl.tudelft.rdfgears.rgl.datamodel.value.impl.ModifiableRecord
7089
RGL_VALUE_34556 class nl.tudelft.rdfgears.rgl.datamodel.value.impl.ModifiableRecord
7090
RGL_VALUE_34558 class nl.tudelft.rdfgears.rgl.datamodel.value.impl.ModifiableRecord
7091
RGL_VALUE_34560 class nl.tudelft.rdfgears.rgl.datamodel.value.impl.ModifiableRecord
7092
RGL_VALUE_34562 class nl.tudelft.rdfgears.rgl.datamodel.value.impl.ModifiableRecord
7093
RGL_VALUE_34564 class nl.tudelft.rdfgears.rgl.datamodel.value.impl.ModifiableRecord
7094
RGL_VALUE_34566 class nl.tudelft.rdfgears.rgl.datamodel.value.impl.ModifiableRecord
7095
RGL_VALUE_34568 class nl.tudelft.rdfgears.rgl.datamodel.value.impl.ModifiableRecord
7096
RGL_VALUE_34570 class nl.tudelft.rdfgears.rgl.datamodel.value.impl.ModifiableRecord
7097
RGL_VALUE_34572 class nl.tudelft.rdfgears.rgl.datamodel.value.impl.ModifiableRecord
7098
RGL_VALUE_34574 class nl.tudelft.rdfgears.rgl.datamodel.value.impl.ModifiableRecord
7099
RGL_VALUE_34576 class nl.tudelft.rdfgears.rgl.datamodel.value.impl.ModifiableRecord
7100
RGL_VALUE_34579 class nl.tudelft.rdfgears.rgl.datamodel.value.impl.ModifiableRecord
7101
RGL_VALUE_34581 class nl.tudelft.rdfgears.rgl.datamodel.value.impl.ModifiableRecord
7102
RGL_VALUE_34583 class nl.tudelft.rdfgears.rgl.datamodel.value.impl.ModifiableRecord
7103
RGL_VALUE_34585 class nl.tudelft.rdfgears.rgl.datamodel.value.impl.ModifiableRecord
7104
RGL_VALUE_34587 class nl.tudelft.rdfgears.rgl.datamodel.value.impl.ModifiableRecord
7105
RGL_VALUE_34589 class nl.tudelft.rdfgears.rgl.datamodel.value.impl.ModifiableRecord
7106
RGL_VALUE_34591 class nl.tudelft.rdfgears.rgl.datamodel.value.impl.ModifiableRecord
7107
RGL_VALUE_34593 class nl.tudelft.rdfgears.rgl.datamodel.value.impl.ModifiableRecord
7108
RGL_VALUE_34595 class nl.tudelft.rdfgears.rgl.datamodel.value.impl.ModifiableRecord
7109
RGL_VALUE_34597 class nl.tudelft.rdfgears.rgl.datamodel.value.impl.ModifiableRecord
7110
RGL_VALUE_34599 class nl.tudelft.rdfgears.rgl.datamodel.value.impl.ModifiableRecord
7111
RGL_VALUE_34601 class nl.tudelft.rdfgears.rgl.datamodel.value.impl.ModifiableRecord
7112
RGL_VALUE_34603 class nl.tudelft.rdfgears.rgl.datamodel.value.impl.ModifiableRecord
7113
RGL_VALUE_34605 class nl.tudelft.rdfgears.rgl.datamodel.value.impl.ModifiableRecord
7114
RGL_VALUE_34607 class nl.tudelft.rdfgears.rgl.datamodel.value.impl.ModifiableRecord
7115
RGL_VALUE_34609 class nl.tudelft.rdfgears.rgl.datamodel.value.impl.ModifiableRecord
7116
RGL_VALUE_34611 class nl.tudelft.rdfgears.rgl.datamodel.value.impl.ModifiableRecord
7117
RGL_VALUE_34613 class nl.tudelft.rdfgears.rgl.datamodel.value.impl.ModifiableRecord
7118
RGL_VALUE_34615 class nl.tudelft.rdfgears.rgl.datamodel.value.impl.ModifiableRecord
7119
RGL_VALUE_34617 class nl.tudelft.rdfgears.rgl.datamodel.value.impl.ModifiableRecord
7120
RGL_VALUE_34619 class nl.tudelft.rdfgears.rgl.datamodel.value.impl.ModifiableRecord
7121
RGL_VALUE_34621 class nl.tudelft.rdfgears.rgl.datamodel.value.impl.ModifiableRecord
7122
RGL_VALUE_34623 class nl.tudelft.rdfgears.rgl.datamodel.value.impl.ModifiableRecord
7123
RGL_VALUE_34625 class nl.tudelft.rdfgears.rgl.datamodel.value.impl.ModifiableRecord
7124
RGL_VALUE_34627 class nl.tudelft.rdfgears.rgl.datamodel.value.impl.ModifiableRecord
7125
RGL_VALUE_34629 class nl.tudelft.rdfgears.rgl.datamodel.value.impl.ModifiableRecord
7126
RGL_VALUE_34631 class nl.tudelft.rdfgears.rgl.datamodel.value.impl.ModifiableRecord
7127
RGL_VALUE_34633 class nl.tudelft.rdfgears.rgl.datamodel.value.impl.ModifiableRecord
7128
RGL_VALUE_34635 class nl.tudelft.rdfgears.rgl.datamodel.value.impl.ModifiableRecord
7129
RGL_VALUE_34637 class nl.tudelft.rdfgears.rgl.datamodel.value.impl.ModifiableRecord
7130
RGL_VALUE_34639 class nl.tudelft.rdfgears.rgl.datamodel.value.impl.ModifiableRecord
7131
RGL_VALUE_34641 class nl.tudelft.rdfgears.rgl.datamodel.value.impl.ModifiableRecord
7132
RGL_VALUE_34643 class nl.tudelft.rdfgears.rgl.datamodel.value.impl.ModifiableRecord
7133
RGL_VALUE_34645 class nl.tudelft.rdfgears.rgl.datamodel.value.impl.ModifiableRecord
7134
RGL_VALUE_34647 class nl.tudelft.rdfgears.rgl.datamodel.value.impl.ModifiableRecord
7135
RGL_VALUE_34649 class nl.tudelft.rdfgears.rgl.datamodel.value.impl.ModifiableRecord
7136
RGL_VALUE_34651 class nl.tudelft.rdfgears.rgl.datamodel.value.impl.ModifiableRecord
7137
RGL_VALUE_34653 class nl.tudelft.rdfgears.rgl.datamodel.value.impl.ModifiableRecord
7138
RGL_VALUE_34655 class nl.tudelft.rdfgears.rgl.datamodel.value.impl.ModifiableRecord
7139
RGL_VALUE_34657 class nl.tudelft.rdfgears.rgl.datamodel.value.impl.ModifiableRecord
7140
RGL_VALUE_34659 class nl.tudelft.rdfgears.rgl.datamodel.value.impl.ModifiableRecord
7141
RGL_VALUE_34661 class nl.tudelft.rdfgears.rgl.datamodel.value.impl.ModifiableRecord
7142
RGL_VALUE_34663 class nl.tudelft.rdfgears.rgl.datamodel.value.impl.ModifiableRecord
7143
RGL_VALUE_34665 class nl.tudelft.rdfgears.rgl.datamodel.value.impl.ModifiableRecord
7144
RGL_VALUE_34667 class nl.tudelft.rdfgears.rgl.datamodel.value.impl.ModifiableRecord
7145
RGL_VALUE_34669 class nl.tudelft.rdfgears.rgl.datamodel.value.impl.ModifiableRecord
7146
RGL_VALUE_34671 class nl.tudelft.rdfgears.rgl.datamodel.value.impl.ModifiableRecord
7147
RGL_VALUE_34673 class nl.tudelft.rdfgears.rgl.datamodel.value.impl.ModifiableRecord
7148
RGL_VALUE_34675 class nl.tudelft.rdfgears.rgl.datamodel.value.impl.ModifiableRecord
7149
RGL_VALUE_34677 class nl.tudelft.rdfgears.rgl.datamodel.value.impl.ModifiableRecord
7150
RGL_VALUE_34679 class nl.tudelft.rdfgears.rgl.datamodel.value.impl.ModifiableRecord
7151
RGL_VALUE_34681 class nl.tudelft.rdfgears.rgl.datamodel.value.impl.ModifiableRecord
7152
RGL_VALUE_34683 class nl.tudelft.rdfgears.rgl.datamodel.value.impl.ModifiableRecord
7153
RGL_VALUE_34685 class nl.tudelft.rdfgears.rgl.datamodel.value.impl.ModifiableRecord
7154
RGL_VALUE_34687 class nl.tudelft.rdfgears.rgl.datamodel.value.impl.ModifiableRecord
7155
RGL_VALUE_34689 class nl.tudelft.rdfgears.rgl.datamodel.value.impl.ModifiableRecord
7156
RGL_VALUE_34691 class nl.tudelft.rdfgears.rgl.datamodel.value.impl.ModifiableRecord
7157
RGL_VALUE_34693 class nl.tudelft.rdfgears.rgl.datamodel.value.impl.ModifiableRecord
7158
RGL_VALUE_34695 class nl.tudelft.rdfgears.rgl.datamodel.value.impl.ModifiableRecord
7159
RGL_VALUE_34697 class nl.tudelft.rdfgears.rgl.datamodel.value.impl.ModifiableRecord
7160
RGL_VALUE_34699 class nl.tudelft.rdfgears.rgl.datamodel.value.impl.ModifiableRecord
7161
RGL_VALUE_34701 class nl.tudelft.rdfgears.rgl.datamodel.value.impl.ModifiableRecord
7162
RGL_VALUE_34703 class nl.tudelft.rdfgears.rgl.datamodel.value.impl.ModifiableRecord
7163
RGL_VALUE_34705 class nl.tudelft.rdfgears.rgl.datamodel.value.impl.ModifiableRecord
7164
RGL_VALUE_34707 class nl.tudelft.rdfgears.rgl.datamodel.value.impl.ModifiableRecord
7165
RGL_VALUE_34709 class nl.tudelft.rdfgears.rgl.datamodel.value.impl.ModifiableRecord
7166
RGL_VALUE_34711 class nl.tudelft.rdfgears.rgl.datamodel.value.impl.ModifiableRecord
7167
RGL_VALUE_34713 class nl.tudelft.rdfgears.rgl.datamodel.value.impl.ModifiableRecord
7168
RGL_VALUE_34715 class nl.tudelft.rdfgears.rgl.datamodel.value.impl.ModifiableRecord
7169
RGL_VALUE_34717 class nl.tudelft.rdfgears.rgl.datamodel.value.impl.ModifiableRecord
7170
RGL_VALUE_34719 class nl.tudelft.rdfgears.rgl.datamodel.value.impl.ModifiableRecord
7171
RGL_VALUE_34721 class nl.tudelft.rdfgears.rgl.datamodel.value.impl.ModifiableRecord
7172
RGL_VALUE_34723 class nl.tudelft.rdfgears.rgl.datamodel.value.impl.ModifiableRecord
7173
RGL_VALUE_34725 class nl.tudelft.rdfgears.rgl.datamodel.value.impl.ModifiableRecord
7174
RGL_VALUE_34727 class nl.tudelft.rdfgears.rgl.datamodel.value.impl.ModifiableRecord
7175
RGL_VALUE_34729 class nl.tudelft.rdfgears.rgl.datamodel.value.impl.ModifiableRecord
7176
RGL_VALUE_34731 class nl.tudelft.rdfgears.rgl.datamodel.value.impl.ModifiableRecord
7177
RGL_VALUE_34733 class nl.tudelft.rdfgears.rgl.datamodel.value.impl.ModifiableRecord
7178
RGL_VALUE_34735 class nl.tudelft.rdfgears.rgl.datamodel.value.impl.ModifiableRecord
7179
RGL_VALUE_34737 class nl.tudelft.rdfgears.rgl.datamodel.value.impl.ModifiableRecord
7180
RGL_VALUE_34739 class nl.tudelft.rdfgears.rgl.datamodel.value.impl.ModifiableRecord
7181
RGL_VALUE_34741 class nl.tudelft.rdfgears.rgl.datamodel.value.impl.ModifiableRecord
7182
RGL_VALUE_34743 class nl.tudelft.rdfgears.rgl.datamodel.value.impl.ModifiableRecord
7183
RGL_VALUE_34745 class nl.tudelft.rdfgears.rgl.datamodel.value.impl.ModifiableRecord
7184
RGL_VALUE_34747 class nl.tudelft.rdfgears.rgl.datamodel.value.impl.ModifiableRecord
7185
RGL_VALUE_34749 class nl.tudelft.rdfgears.rgl.datamodel.value.impl.ModifiableRecord
7186
RGL_VALUE_34751 class nl.tudelft.rdfgears.rgl.datamodel.value.impl.ModifiableRecord
7187
RGL_VALUE_34753 class nl.tudelft.rdfgears.rgl.datamodel.value.impl.ModifiableRecord
7188
RGL_VALUE_34755 class nl.tudelft.rdfgears.rgl.datamodel.value.impl.ModifiableRecord
7189
RGL_VALUE_34757 class nl.tudelft.rdfgears.rgl.datamodel.value.impl.ModifiableRecord
7190
RGL_VALUE_34759 class nl.tudelft.rdfgears.rgl.datamodel.value.impl.ModifiableRecord
7191
RGL_VALUE_34761 class nl.tudelft.rdfgears.rgl.datamodel.value.impl.ModifiableRecord
7192
RGL_VALUE_34763 class nl.tudelft.rdfgears.rgl.datamodel.value.impl.ModifiableRecord
7193
RGL_VALUE_34765 class nl.tudelft.rdfgears.rgl.datamodel.value.impl.ModifiableRecord
7194
RGL_VALUE_34767 class nl.tudelft.rdfgears.rgl.datamodel.value.impl.ModifiableRecord
7195
RGL_VALUE_34769 class nl.tudelft.rdfgears.rgl.datamodel.value.impl.ModifiableRecord
7196
RGL_VALUE_34771 class nl.tudelft.rdfgears.rgl.datamodel.value.impl.ModifiableRecord
7197
RGL_VALUE_34773 class nl.tudelft.rdfgears.rgl.datamodel.value.impl.ModifiableRecord
7198
RGL_VALUE_34775 class nl.tudelft.rdfgears.rgl.datamodel.value.impl.ModifiableRecord
7199
RGL_VALUE_34777 class nl.tudelft.rdfgears.rgl.datamodel.value.impl.ModifiableRecord
7200
RGL_VALUE_34780 class nl.tudelft.rdfgears.rgl.datamodel.value.impl.ModifiableRecord
7201
RGL_VALUE_34782 class nl.tudelft.rdfgears.rgl.datamodel.value.impl.ModifiableRecord
7202
RGL_VALUE_34784 class nl.tudelft.rdfgears.rgl.datamodel.value.impl.ModifiableRecord
7203
RGL_VALUE_34786 class nl.tudelft.rdfgears.rgl.datamodel.value.impl.ModifiableRecord
7204
RGL_VALUE_34788 class nl.tudelft.rdfgears.rgl.datamodel.value.impl.ModifiableRecord
7205
RGL_VALUE_34790 class nl.tudelft.rdfgears.rgl.datamodel.value.impl.ModifiableRecord
7206
RGL_VALUE_34792 class nl.tudelft.rdfgears.rgl.datamodel.value.impl.ModifiableRecord
7207
RGL_VALUE_34794 class nl.tudelft.rdfgears.rgl.datamodel.value.impl.ModifiableRecord
7208
RGL_VALUE_34796 class nl.tudelft.rdfgears.rgl.datamodel.value.impl.ModifiableRecord
7209
RGL_VALUE_34798 class nl.tudelft.rdfgears.rgl.datamodel.value.impl.ModifiableRecord
7210
RGL_VALUE_34800 class nl.tudelft.rdfgears.rgl.datamodel.value.impl.ModifiableRecord
7211
RGL_VALUE_34802 class nl.tudelft.rdfgears.rgl.datamodel.value.impl.ModifiableRecord
7212
RGL_VALUE_34804 class nl.tudelft.rdfgears.rgl.datamodel.value.impl.ModifiableRecord
7213
RGL_VALUE_34806 class nl.tudelft.rdfgears.rgl.datamodel.value.impl.ModifiableRecord
7214
RGL_VALUE_34808 class nl.tudelft.rdfgears.rgl.datamodel.value.impl.ModifiableRecord
7215
RGL_VALUE_34810 class nl.tudelft.rdfgears.rgl.datamodel.value.impl.ModifiableRecord
7216
RGL_VALUE_34812 class nl.tudelft.rdfgears.rgl.datamodel.value.impl.ModifiableRecord
7217
RGL_VALUE_34814 class nl.tudelft.rdfgears.rgl.datamodel.value.impl.ModifiableRecord
7218
RGL_VALUE_34816 class nl.tudelft.rdfgears.rgl.datamodel.value.impl.ModifiableRecord
7219
RGL_VALUE_34818 class nl.tudelft.rdfgears.rgl.datamodel.value.impl.ModifiableRecord
7220
RGL_VALUE_34820 class nl.tudelft.rdfgears.rgl.datamodel.value.impl.ModifiableRecord
7221
RGL_VALUE_34822 class nl.tudelft.rdfgears.rgl.datamodel.value.impl.ModifiableRecord
7222
RGL_VALUE_34824 class nl.tudelft.rdfgears.rgl.datamodel.value.impl.ModifiableRecord
7223
RGL_VALUE_34826 class nl.tudelft.rdfgears.rgl.datamodel.value.impl.ModifiableRecord
7224
RGL_VALUE_34828 class nl.tudelft.rdfgears.rgl.datamodel.value.impl.ModifiableRecord
7225
RGL_VALUE_34830 class nl.tudelft.rdfgears.rgl.datamodel.value.impl.ModifiableRecord
7226
RGL_VALUE_34832 class nl.tudelft.rdfgears.rgl.datamodel.value.impl.ModifiableRecord
7227
RGL_VALUE_34834 class nl.tudelft.rdfgears.rgl.datamodel.value.impl.ModifiableRecord
7228
RGL_VALUE_34836 class nl.tudelft.rdfgears.rgl.datamodel.value.impl.ModifiableRecord
7229
RGL_VALUE_34838 class nl.tudelft.rdfgears.rgl.datamodel.value.impl.ModifiableRecord
7230
RGL_VALUE_34840 class nl.tudelft.rdfgears.rgl.datamodel.value.impl.ModifiableRecord
7231
RGL_VALUE_34842 class nl.tudelft.rdfgears.rgl.datamodel.value.impl.ModifiableRecord
7232
RGL_VALUE_34844 class nl.tudelft.rdfgears.rgl.datamodel.value.impl.ModifiableRecord
7233
RGL_VALUE_34846 class nl.tudelft.rdfgears.rgl.datamodel.value.impl.ModifiableRecord
7234
RGL_VALUE_34848 class nl.tudelft.rdfgears.rgl.datamodel.value.impl.ModifiableRecord
7235
RGL_VALUE_34850 class nl.tudelft.rdfgears.rgl.datamodel.value.impl.ModifiableRecord
7236
RGL_VALUE_34852 class nl.tudelft.rdfgears.rgl.datamodel.value.impl.ModifiableRecord
7237
RGL_VALUE_34854 class nl.tudelft.rdfgears.rgl.datamodel.value.impl.ModifiableRecord
7238
RGL_VALUE_34856 class nl.tudelft.rdfgears.rgl.datamodel.value.impl.ModifiableRecord
7239
RGL_VALUE_34858 class nl.tudelft.rdfgears.rgl.datamodel.value.impl.ModifiableRecord
7240
RGL_VALUE_34860 class nl.tudelft.rdfgears.rgl.datamodel.value.impl.ModifiableRecord
7241
RGL_VALUE_34862 class nl.tudelft.rdfgears.rgl.datamodel.value.impl.ModifiableRecord
7242
RGL_VALUE_34864 class nl.tudelft.rdfgears.rgl.datamodel.value.impl.ModifiableRecord
7243
RGL_VALUE_34866 class nl.tudelft.rdfgears.rgl.datamodel.value.impl.ModifiableRecord
7244
RGL_VALUE_34868 class nl.tudelft.rdfgears.rgl.datamodel.value.impl.ModifiableRecord
7245
RGL_VALUE_34870 class nl.tudelft.rdfgears.rgl.datamodel.value.impl.ModifiableRecord
7246
RGL_VALUE_34872 class nl.tudelft.rdfgears.rgl.datamodel.value.impl.ModifiableRecord
7247
RGL_VALUE_34874 class nl.tudelft.rdfgears.rgl.datamodel.value.impl.ModifiableRecord
7248
RGL_VALUE_34876 class nl.tudelft.rdfgears.rgl.datamodel.value.impl.ModifiableRecord
7249
RGL_VALUE_34878 class nl.tudelft.rdfgears.rgl.datamodel.value.impl.ModifiableRecord
7250
RGL_VALUE_34880 class nl.tudelft.rdfgears.rgl.datamodel.value.impl.ModifiableRecord
7251
RGL_VALUE_34882 class nl.tudelft.rdfgears.rgl.datamodel.value.impl.ModifiableRecord
7252
RGL_VALUE_34884 class nl.tudelft.rdfgears.rgl.datamodel.value.impl.ModifiableRecord
7253
RGL_VALUE_34886 class nl.tudelft.rdfgears.rgl.datamodel.value.impl.ModifiableRecord
7254
RGL_VALUE_34888 class nl.tudelft.rdfgears.rgl.datamodel.value.impl.ModifiableRecord
7255
RGL_VALUE_34890 class nl.tudelft.rdfgears.rgl.datamodel.value.impl.ModifiableRecord
7256
RGL_VALUE_34892 class nl.tudelft.rdfgears.rgl.datamodel.value.impl.ModifiableRecord
7257
RGL_VALUE_34894 class nl.tudelft.rdfgears.rgl.datamodel.value.impl.ModifiableRecord
7258
RGL_VALUE_34896 class nl.tudelft.rdfgears.rgl.datamodel.value.impl.ModifiableRecord
7259
RGL_VALUE_34898 class nl.tudelft.rdfgears.rgl.datamodel.value.impl.ModifiableRecord
7260
RGL_VALUE_34900 class nl.tudelft.rdfgears.rgl.datamodel.value.impl.ModifiableRecord
7261
RGL_VALUE_34902 class nl.tudelft.rdfgears.rgl.datamodel.value.impl.ModifiableRecord
7262
RGL_VALUE_34904 class nl.tudelft.rdfgears.rgl.datamodel.value.impl.ModifiableRecord
7263
RGL_VALUE_34906 class nl.tudelft.rdfgears.rgl.datamodel.value.impl.ModifiableRecord
7264
RGL_VALUE_34908 class nl.tudelft.rdfgears.rgl.datamodel.value.impl.ModifiableRecord
7265
RGL_VALUE_34910 class nl.tudelft.rdfgears.rgl.datamodel.value.impl.ModifiableRecord
7266
RGL_VALUE_34912 class nl.tudelft.rdfgears.rgl.datamodel.value.impl.ModifiableRecord
7267
RGL_VALUE_34914 class nl.tudelft.rdfgears.rgl.datamodel.value.impl.ModifiableRecord
7268
RGL_VALUE_34916 class nl.tudelft.rdfgears.rgl.datamodel.value.impl.ModifiableRecord
7269
RGL_VALUE_34918 class nl.tudelft.rdfgears.rgl.datamodel.value.impl.ModifiableRecord
7270
RGL_VALUE_34920 class nl.tudelft.rdfgears.rgl.datamodel.value.impl.ModifiableRecord
7271
RGL_VALUE_34922 class nl.tudelft.rdfgears.rgl.datamodel.value.impl.ModifiableRecord
7272
RGL_VALUE_34924 class nl.tudelft.rdfgears.rgl.datamodel.value.impl.ModifiableRecord
7273
RGL_VALUE_34926 class nl.tudelft.rdfgears.rgl.datamodel.value.impl.ModifiableRecord
7274
RGL_VALUE_34928 class nl.tudelft.rdfgears.rgl.datamodel.value.impl.ModifiableRecord
7275
RGL_VALUE_34930 class nl.tudelft.rdfgears.rgl.datamodel.value.impl.ModifiableRecord
7276
RGL_VALUE_34932 class nl.tudelft.rdfgears.rgl.datamodel.value.impl.ModifiableRecord
7277
RGL_VALUE_34934 class nl.tudelft.rdfgears.rgl.datamodel.value.impl.ModifiableRecord
7278
RGL_VALUE_34936 class nl.tudelft.rdfgears.rgl.datamodel.value.impl.ModifiableRecord
7279
RGL_VALUE_34938 class nl.tudelft.rdfgears.rgl.datamodel.value.impl.ModifiableRecord
7280
RGL_VALUE_34940 class nl.tudelft.rdfgears.rgl.datamodel.value.impl.ModifiableRecord
7281
RGL_VALUE_34942 class nl.tudelft.rdfgears.rgl.datamodel.value.impl.ModifiableRecord
7282
RGL_VALUE_34944 class nl.tudelft.rdfgears.rgl.datamodel.value.impl.ModifiableRecord
7283
RGL_VALUE_34946 class nl.tudelft.rdfgears.rgl.datamodel.value.impl.ModifiableRecord
7284
RGL_VALUE_34948 class nl.tudelft.rdfgears.rgl.datamodel.value.impl.ModifiableRecord
7285
RGL_VALUE_34950 class nl.tudelft.rdfgears.rgl.datamodel.value.impl.ModifiableRecord
7286
RGL_VALUE_34952 class nl.tudelft.rdfgears.rgl.datamodel.value.impl.ModifiableRecord
7287
RGL_VALUE_34954 class nl.tudelft.rdfgears.rgl.datamodel.value.impl.ModifiableRecord
7288
RGL_VALUE_34956 class nl.tudelft.rdfgears.rgl.datamodel.value.impl.ModifiableRecord
7289
RGL_VALUE_34958 class nl.tudelft.rdfgears.rgl.datamodel.value.impl.ModifiableRecord
7290
RGL_VALUE_34960 class nl.tudelft.rdfgears.rgl.datamodel.value.impl.ModifiableRecord
7291
RGL_VALUE_34962 class nl.tudelft.rdfgears.rgl.datamodel.value.impl.ModifiableRecord
7292
RGL_VALUE_34964 class nl.tudelft.rdfgears.rgl.datamodel.value.impl.ModifiableRecord
7293
RGL_VALUE_34966 class nl.tudelft.rdfgears.rgl.datamodel.value.impl.ModifiableRecord
7294
RGL_VALUE_34968 class nl.tudelft.rdfgears.rgl.datamodel.value.impl.ModifiableRecord
7295
RGL_VALUE_34970 class nl.tudelft.rdfgears.rgl.datamodel.value.impl.ModifiableRecord
7296
RGL_VALUE_34972 class nl.tudelft.rdfgears.rgl.datamodel.value.impl.ModifiableRecord
7297
RGL_VALUE_34974 class nl.tudelft.rdfgears.rgl.datamodel.value.impl.ModifiableRecord
7298
RGL_VALUE_34976 class nl.tudelft.rdfgears.rgl.datamodel.value.impl.ModifiableRecord
7299
RGL_VALUE_34978 class nl.tudelft.rdfgears.rgl.datamodel.value.impl.ModifiableRecord
7300
RGL_VALUE_34981 class nl.tudelft.rdfgears.rgl.datamodel.value.impl.ModifiableRecord
7301
RGL_VALUE_34983 class nl.tudelft.rdfgears.rgl.datamodel.value.impl.ModifiableRecord
7302
RGL_VALUE_34985 class nl.tudelft.rdfgears.rgl.datamodel.value.impl.ModifiableRecord
7303
RGL_VALUE_34987 class nl.tudelft.rdfgears.rgl.datamodel.value.impl.ModifiableRecord
7304
RGL_VALUE_34989 class nl.tudelft.rdfgears.rgl.datamodel.value.impl.ModifiableRecord
7305
RGL_VALUE_34991 class nl.tudelft.rdfgears.rgl.datamodel.value.impl.ModifiableRecord
7306
RGL_VALUE_34993 class nl.tudelft.rdfgears.rgl.datamodel.value.impl.ModifiableRecord
7307
RGL_VALUE_34995 class nl.tudelft.rdfgears.rgl.datamodel.value.impl.ModifiableRecord
7308
RGL_VALUE_34997 class nl.tudelft.rdfgears.rgl.datamodel.value.impl.ModifiableRecord
7309
RGL_VALUE_34999 class nl.tudelft.rdfgears.rgl.datamodel.value.impl.ModifiableRecord
7310
RGL_VALUE_35001 class nl.tudelft.rdfgears.rgl.datamodel.value.impl.ModifiableRecord
7311
RGL_VALUE_35003 class nl.tudelft.rdfgears.rgl.datamodel.value.impl.ModifiableRecord
7312
RGL_VALUE_35005 class nl.tudelft.rdfgears.rgl.datamodel.value.impl.ModifiableRecord
7313
RGL_VALUE_35007 class nl.tudelft.rdfgears.rgl.datamodel.value.impl.ModifiableRecord
7314
RGL_VALUE_35009 class nl.tudelft.rdfgears.rgl.datamodel.value.impl.ModifiableRecord
7315
RGL_VALUE_35011 class nl.tudelft.rdfgears.rgl.datamodel.value.impl.ModifiableRecord
7316
RGL_VALUE_35013 class nl.tudelft.rdfgears.rgl.datamodel.value.impl.ModifiableRecord
7317
RGL_VALUE_35015 class nl.tudelft.rdfgears.rgl.datamodel.value.impl.ModifiableRecord
7318
RGL_VALUE_35017 class nl.tudelft.rdfgears.rgl.datamodel.value.impl.ModifiableRecord
7319
RGL_VALUE_35019 class nl.tudelft.rdfgears.rgl.datamodel.value.impl.ModifiableRecord
7320
RGL_VALUE_35021 class nl.tudelft.rdfgears.rgl.datamodel.value.impl.ModifiableRecord
7321
RGL_VALUE_35023 class nl.tudelft.rdfgears.rgl.datamodel.value.impl.ModifiableRecord
7322
RGL_VALUE_35025 class nl.tudelft.rdfgears.rgl.datamodel.value.impl.ModifiableRecord
7323
RGL_VALUE_35027 class nl.tudelft.rdfgears.rgl.datamodel.value.impl.ModifiableRecord
7324
RGL_VALUE_35029 class nl.tudelft.rdfgears.rgl.datamodel.value.impl.ModifiableRecord
7325
RGL_VALUE_35031 class nl.tudelft.rdfgears.rgl.datamodel.value.impl.ModifiableRecord
7326
RGL_VALUE_35033 class nl.tudelft.rdfgears.rgl.datamodel.value.impl.ModifiableRecord
7327
RGL_VALUE_35035 class nl.tudelft.rdfgears.rgl.datamodel.value.impl.ModifiableRecord
7328
RGL_VALUE_35037 class nl.tudelft.rdfgears.rgl.datamodel.value.impl.ModifiableRecord
7329
RGL_VALUE_35039 class nl.tudelft.rdfgears.rgl.datamodel.value.impl.ModifiableRecord
7330
RGL_VALUE_35041 class nl.tudelft.rdfgears.rgl.datamodel.value.impl.ModifiableRecord
7331
RGL_VALUE_35043 class nl.tudelft.rdfgears.rgl.datamodel.value.impl.ModifiableRecord
7332
RGL_VALUE_35045 class nl.tudelft.rdfgears.rgl.datamodel.value.impl.ModifiableRecord
7333
RGL_VALUE_35047 class nl.tudelft.rdfgears.rgl.datamodel.value.impl.ModifiableRecord
7334
RGL_VALUE_35049 class nl.tudelft.rdfgears.rgl.datamodel.value.impl.ModifiableRecord
7335
RGL_VALUE_35051 class nl.tudelft.rdfgears.rgl.datamodel.value.impl.ModifiableRecord
7336
RGL_VALUE_35053 class nl.tudelft.rdfgears.rgl.datamodel.value.impl.ModifiableRecord
7337
RGL_VALUE_35055 class nl.tudelft.rdfgears.rgl.datamodel.value.impl.ModifiableRecord
7338
RGL_VALUE_35057 class nl.tudelft.rdfgears.rgl.datamodel.value.impl.ModifiableRecord
7339
RGL_VALUE_35059 class nl.tudelft.rdfgears.rgl.datamodel.value.impl.ModifiableRecord
7340
RGL_VALUE_35061 class nl.tudelft.rdfgears.rgl.datamodel.value.impl.ModifiableRecord
7341
RGL_VALUE_35063 class nl.tudelft.rdfgears.rgl.datamodel.value.impl.ModifiableRecord
7342
RGL_VALUE_35065 class nl.tudelft.rdfgears.rgl.datamodel.value.impl.ModifiableRecord
7343
RGL_VALUE_35067 class nl.tudelft.rdfgears.rgl.datamodel.value.impl.ModifiableRecord
7344
RGL_VALUE_35069 class nl.tudelft.rdfgears.rgl.datamodel.value.impl.ModifiableRecord
7345
RGL_VALUE_35071 class nl.tudelft.rdfgears.rgl.datamodel.value.impl.ModifiableRecord
7346
RGL_VALUE_35073 class nl.tudelft.rdfgears.rgl.datamodel.value.impl.ModifiableRecord
7347
RGL_VALUE_35075 class nl.tudelft.rdfgears.rgl.datamodel.value.impl.ModifiableRecord
7348
RGL_VALUE_35077 class nl.tudelft.rdfgears.rgl.datamodel.value.impl.ModifiableRecord
7349
RGL_VALUE_35079 class nl.tudelft.rdfgears.rgl.datamodel.value.impl.ModifiableRecord
7350
RGL_VALUE_35081 class nl.tudelft.rdfgears.rgl.datamodel.value.impl.ModifiableRecord
7351
RGL_VALUE_35083 class nl.tudelft.rdfgears.rgl.datamodel.value.impl.ModifiableRecord
7352
RGL_VALUE_35085 class nl.tudelft.rdfgears.rgl.datamodel.value.impl.ModifiableRecord
7353
RGL_VALUE_35087 class nl.tudelft.rdfgears.rgl.datamodel.value.impl.ModifiableRecord
7354
RGL_VALUE_35089 class nl.tudelft.rdfgears.rgl.datamodel.value.impl.ModifiableRecord
7355
RGL_VALUE_35091 class nl.tudelft.rdfgears.rgl.datamodel.value.impl.ModifiableRecord
7356
RGL_VALUE_35093 class nl.tudelft.rdfgears.rgl.datamodel.value.impl.ModifiableRecord
7357
RGL_VALUE_35095 class nl.tudelft.rdfgears.rgl.datamodel.value.impl.ModifiableRecord
7358
RGL_VALUE_35097 class nl.tudelft.rdfgears.rgl.datamodel.value.impl.ModifiableRecord
7359
RGL_VALUE_35099 class nl.tudelft.rdfgears.rgl.datamodel.value.impl.ModifiableRecord
7360
RGL_VALUE_35101 class nl.tudelft.rdfgears.rgl.datamodel.value.impl.ModifiableRecord
7361
RGL_VALUE_35103 class nl.tudelft.rdfgears.rgl.datamodel.value.impl.ModifiableRecord
7362
RGL_VALUE_35105 class nl.tudelft.rdfgears.rgl.datamodel.value.impl.ModifiableRecord
7363
RGL_VALUE_35107 class nl.tudelft.rdfgears.rgl.datamodel.value.impl.ModifiableRecord
7364
RGL_VALUE_35109 class nl.tudelft.rdfgears.rgl.datamodel.value.impl.ModifiableRecord
7365
RGL_VALUE_35111 class nl.tudelft.rdfgears.rgl.datamodel.value.impl.ModifiableRecord
7366
RGL_VALUE_35113 class nl.tudelft.rdfgears.rgl.datamodel.value.impl.ModifiableRecord
7367
RGL_VALUE_35115 class nl.tudelft.rdfgears.rgl.datamodel.value.impl.ModifiableRecord
7368
RGL_VALUE_35117 class nl.tudelft.rdfgears.rgl.datamodel.value.impl.ModifiableRecord
7369
RGL_VALUE_35119 class nl.tudelft.rdfgears.rgl.datamodel.value.impl.ModifiableRecord
7370
RGL_VALUE_35121 class nl.tudelft.rdfgears.rgl.datamodel.value.impl.ModifiableRecord
7371
RGL_VALUE_35123 class nl.tudelft.rdfgears.rgl.datamodel.value.impl.ModifiableRecord
7372
RGL_VALUE_35125 class nl.tudelft.rdfgears.rgl.datamodel.value.impl.ModifiableRecord
7373
RGL_VALUE_35127 class nl.tudelft.rdfgears.rgl.datamodel.value.impl.ModifiableRecord
7374
RGL_VALUE_35129 class nl.tudelft.rdfgears.rgl.datamodel.value.impl.ModifiableRecord
7375
RGL_VALUE_35131 class nl.tudelft.rdfgears.rgl.datamodel.value.impl.ModifiableRecord
7376
RGL_VALUE_35133 class nl.tudelft.rdfgears.rgl.datamodel.value.impl.ModifiableRecord
7377
RGL_VALUE_35135 class nl.tudelft.rdfgears.rgl.datamodel.value.impl.ModifiableRecord
7378
RGL_VALUE_35137 class nl.tudelft.rdfgears.rgl.datamodel.value.impl.ModifiableRecord
7379
RGL_VALUE_35139 class nl.tudelft.rdfgears.rgl.datamodel.value.impl.ModifiableRecord
7380
RGL_VALUE_35141 class nl.tudelft.rdfgears.rgl.datamodel.value.impl.ModifiableRecord
7381
RGL_VALUE_35143 class nl.tudelft.rdfgears.rgl.datamodel.value.impl.ModifiableRecord
7382
RGL_VALUE_35145 class nl.tudelft.rdfgears.rgl.datamodel.value.impl.ModifiableRecord
7383
RGL_VALUE_35147 class nl.tudelft.rdfgears.rgl.datamodel.value.impl.ModifiableRecord
7384
RGL_VALUE_35149 class nl.tudelft.rdfgears.rgl.datamodel.value.impl.ModifiableRecord
7385
RGL_VALUE_35151 class nl.tudelft.rdfgears.rgl.datamodel.value.impl.ModifiableRecord
7386
RGL_VALUE_35153 class nl.tudelft.rdfgears.rgl.datamodel.value.impl.ModifiableRecord
7387
RGL_VALUE_35155 class nl.tudelft.rdfgears.rgl.datamodel.value.impl.ModifiableRecord
7388
RGL_VALUE_35157 class nl.tudelft.rdfgears.rgl.datamodel.value.impl.ModifiableRecord
7389
RGL_VALUE_35159 class nl.tudelft.rdfgears.rgl.datamodel.value.impl.ModifiableRecord
7390
RGL_VALUE_35161 class nl.tudelft.rdfgears.rgl.datamodel.value.impl.ModifiableRecord
7391
RGL_VALUE_35163 class nl.tudelft.rdfgears.rgl.datamodel.value.impl.ModifiableRecord
7392
RGL_VALUE_35165 class nl.tudelft.rdfgears.rgl.datamodel.value.impl.ModifiableRecord
7393
RGL_VALUE_35167 class nl.tudelft.rdfgears.rgl.datamodel.value.impl.ModifiableRecord
7394
RGL_VALUE_35169 class nl.tudelft.rdfgears.rgl.datamodel.value.impl.ModifiableRecord
7395
RGL_VALUE_35171 class nl.tudelft.rdfgears.rgl.datamodel.value.impl.ModifiableRecord
7396
RGL_VALUE_35173 class nl.tudelft.rdfgears.rgl.datamodel.value.impl.ModifiableRecord
7397
RGL_VALUE_35175 class nl.tudelft.rdfgears.rgl.datamodel.value.impl.ModifiableRecord
7398
RGL_VALUE_35177 class nl.tudelft.rdfgears.rgl.datamodel.value.impl.ModifiableRecord
7399
RGL_VALUE_35179 class nl.tudelft.rdfgears.rgl.datamodel.value.impl.ModifiableRecord
7400
RGL_VALUE_35182 class nl.tudelft.rdfgears.rgl.datamodel.value.impl.ModifiableRecord
7401
RGL_VALUE_35184 class nl.tudelft.rdfgears.rgl.datamodel.value.impl.ModifiableRecord
7402
RGL_VALUE_35186 class nl.tudelft.rdfgears.rgl.datamodel.value.impl.ModifiableRecord
7403
RGL_VALUE_35188 class nl.tudelft.rdfgears.rgl.datamodel.value.impl.ModifiableRecord
7404
RGL_VALUE_35190 class nl.tudelft.rdfgears.rgl.datamodel.value.impl.ModifiableRecord
7405
RGL_VALUE_35192 class nl.tudelft.rdfgears.rgl.datamodel.value.impl.ModifiableRecord
7406
RGL_VALUE_35194 class nl.tudelft.rdfgears.rgl.datamodel.value.impl.ModifiableRecord
7407
RGL_VALUE_35196 class nl.tudelft.rdfgears.rgl.datamodel.value.impl.ModifiableRecord
7408
RGL_VALUE_35198 class nl.tudelft.rdfgears.rgl.datamodel.value.impl.ModifiableRecord
7409
RGL_VALUE_35200 class nl.tudelft.rdfgears.rgl.datamodel.value.impl.ModifiableRecord
7410
RGL_VALUE_35202 class nl.tudelft.rdfgears.rgl.datamodel.value.impl.ModifiableRecord
7411
RGL_VALUE_35204 class nl.tudelft.rdfgears.rgl.datamodel.value.impl.ModifiableRecord
7412
RGL_VALUE_35206 class nl.tudelft.rdfgears.rgl.datamodel.value.impl.ModifiableRecord
7413
RGL_VALUE_35208 class nl.tudelft.rdfgears.rgl.datamodel.value.impl.ModifiableRecord
7414
RGL_VALUE_35210 class nl.tudelft.rdfgears.rgl.datamodel.value.impl.ModifiableRecord
7415
RGL_VALUE_35212 class nl.tudelft.rdfgears.rgl.datamodel.value.impl.ModifiableRecord
7416
RGL_VALUE_35214 class nl.tudelft.rdfgears.rgl.datamodel.value.impl.ModifiableRecord
7417
RGL_VALUE_35216 class nl.tudelft.rdfgears.rgl.datamodel.value.impl.ModifiableRecord
7418
RGL_VALUE_35218 class nl.tudelft.rdfgears.rgl.datamodel.value.impl.ModifiableRecord
7419
RGL_VALUE_35220 class nl.tudelft.rdfgears.rgl.datamodel.value.impl.ModifiableRecord
7420
RGL_VALUE_35222 class nl.tudelft.rdfgears.rgl.datamodel.value.impl.ModifiableRecord
7421
RGL_VALUE_35224 class nl.tudelft.rdfgears.rgl.datamodel.value.impl.ModifiableRecord
7422
RGL_VALUE_35226 class nl.tudelft.rdfgears.rgl.datamodel.value.impl.ModifiableRecord
7423
RGL_VALUE_35228 class nl.tudelft.rdfgears.rgl.datamodel.value.impl.ModifiableRecord
7424
RGL_VALUE_35230 class nl.tudelft.rdfgears.rgl.datamodel.value.impl.ModifiableRecord
7425
RGL_VALUE_35232 class nl.tudelft.rdfgears.rgl.datamodel.value.impl.ModifiableRecord
7426
RGL_VALUE_35234 class nl.tudelft.rdfgears.rgl.datamodel.value.impl.ModifiableRecord
7427
RGL_VALUE_35236 class nl.tudelft.rdfgears.rgl.datamodel.value.impl.ModifiableRecord
7428
RGL_VALUE_35238 class nl.tudelft.rdfgears.rgl.datamodel.value.impl.ModifiableRecord
7429
RGL_VALUE_35240 class nl.tudelft.rdfgears.rgl.datamodel.value.impl.ModifiableRecord
7430
RGL_VALUE_35242 class nl.tudelft.rdfgears.rgl.datamodel.value.impl.ModifiableRecord
7431
RGL_VALUE_35244 class nl.tudelft.rdfgears.rgl.datamodel.value.impl.ModifiableRecord
7432
RGL_VALUE_35246 class nl.tudelft.rdfgears.rgl.datamodel.value.impl.ModifiableRecord
7433
RGL_VALUE_35248 class nl.tudelft.rdfgears.rgl.datamodel.value.impl.ModifiableRecord
7434
RGL_VALUE_35250 class nl.tudelft.rdfgears.rgl.datamodel.value.impl.ModifiableRecord
7435
RGL_VALUE_35252 class nl.tudelft.rdfgears.rgl.datamodel.value.impl.ModifiableRecord
7436
RGL_VALUE_35254 class nl.tudelft.rdfgears.rgl.datamodel.value.impl.ModifiableRecord
7437
RGL_VALUE_35256 class nl.tudelft.rdfgears.rgl.datamodel.value.impl.ModifiableRecord
7438
RGL_VALUE_35258 class nl.tudelft.rdfgears.rgl.datamodel.value.impl.ModifiableRecord
7439
RGL_VALUE_35260 class nl.tudelft.rdfgears.rgl.datamodel.value.impl.ModifiableRecord
7440
RGL_VALUE_35262 class nl.tudelft.rdfgears.rgl.datamodel.value.impl.ModifiableRecord
7441
RGL_VALUE_35264 class nl.tudelft.rdfgears.rgl.datamodel.value.impl.ModifiableRecord
7442
RGL_VALUE_35266 class nl.tudelft.rdfgears.rgl.datamodel.value.impl.ModifiableRecord
7443
RGL_VALUE_35268 class nl.tudelft.rdfgears.rgl.datamodel.value.impl.ModifiableRecord
7444
RGL_VALUE_35270 class nl.tudelft.rdfgears.rgl.datamodel.value.impl.ModifiableRecord
7445
RGL_VALUE_35272 class nl.tudelft.rdfgears.rgl.datamodel.value.impl.ModifiableRecord
7446
RGL_VALUE_35274 class nl.tudelft.rdfgears.rgl.datamodel.value.impl.ModifiableRecord
7447
RGL_VALUE_35276 class nl.tudelft.rdfgears.rgl.datamodel.value.impl.ModifiableRecord
7448
RGL_VALUE_35278 class nl.tudelft.rdfgears.rgl.datamodel.value.impl.ModifiableRecord
7449
RGL_VALUE_35280 class nl.tudelft.rdfgears.rgl.datamodel.value.impl.ModifiableRecord
7450
RGL_VALUE_35282 class nl.tudelft.rdfgears.rgl.datamodel.value.impl.ModifiableRecord
7451
RGL_VALUE_35284 class nl.tudelft.rdfgears.rgl.datamodel.value.impl.ModifiableRecord
7452
RGL_VALUE_35286 class nl.tudelft.rdfgears.rgl.datamodel.value.impl.ModifiableRecord
7453
RGL_VALUE_35288 class nl.tudelft.rdfgears.rgl.datamodel.value.impl.ModifiableRecord
7454
RGL_VALUE_35290 class nl.tudelft.rdfgears.rgl.datamodel.value.impl.ModifiableRecord
7455
RGL_VALUE_35292 class nl.tudelft.rdfgears.rgl.datamodel.value.impl.ModifiableRecord
7456
RGL_VALUE_35294 class nl.tudelft.rdfgears.rgl.datamodel.value.impl.ModifiableRecord
7457
RGL_VALUE_35296 class nl.tudelft.rdfgears.rgl.datamodel.value.impl.ModifiableRecord
7458
RGL_VALUE_35298 class nl.tudelft.rdfgears.rgl.datamodel.value.impl.ModifiableRecord
7459
RGL_VALUE_35300 class nl.tudelft.rdfgears.rgl.datamodel.value.impl.ModifiableRecord
7460
RGL_VALUE_35302 class nl.tudelft.rdfgears.rgl.datamodel.value.impl.ModifiableRecord
7461
RGL_VALUE_35304 class nl.tudelft.rdfgears.rgl.datamodel.value.impl.ModifiableRecord
7462
RGL_VALUE_35306 class nl.tudelft.rdfgears.rgl.datamodel.value.impl.ModifiableRecord
7463
RGL_VALUE_35308 class nl.tudelft.rdfgears.rgl.datamodel.value.impl.ModifiableRecord
7464
RGL_VALUE_35310 class nl.tudelft.rdfgears.rgl.datamodel.value.impl.ModifiableRecord
7465
RGL_VALUE_35312 class nl.tudelft.rdfgears.rgl.datamodel.value.impl.ModifiableRecord
7466
RGL_VALUE_35314 class nl.tudelft.rdfgears.rgl.datamodel.value.impl.ModifiableRecord
7467
RGL_VALUE_35316 class nl.tudelft.rdfgears.rgl.datamodel.value.impl.ModifiableRecord
7468
RGL_VALUE_35318 class nl.tudelft.rdfgears.rgl.datamodel.value.impl.ModifiableRecord
7469
RGL_VALUE_35320 class nl.tudelft.rdfgears.rgl.datamodel.value.impl.ModifiableRecord
7470
RGL_VALUE_35322 class nl.tudelft.rdfgears.rgl.datamodel.value.impl.ModifiableRecord
7471
RGL_VALUE_35324 class nl.tudelft.rdfgears.rgl.datamodel.value.impl.ModifiableRecord
7472
RGL_VALUE_35326 class nl.tudelft.rdfgears.rgl.datamodel.value.impl.ModifiableRecord
7473
RGL_VALUE_35328 class nl.tudelft.rdfgears.rgl.datamodel.value.impl.ModifiableRecord
7474
RGL_VALUE_35330 class nl.tudelft.rdfgears.rgl.datamodel.value.impl.ModifiableRecord
7475
RGL_VALUE_35332 class nl.tudelft.rdfgears.rgl.datamodel.value.impl.ModifiableRecord
7476
RGL_VALUE_35334 class nl.tudelft.rdfgears.rgl.datamodel.value.impl.ModifiableRecord
7477
RGL_VALUE_35336 class nl.tudelft.rdfgears.rgl.datamodel.value.impl.ModifiableRecord
7478
RGL_VALUE_35338 class nl.tudelft.rdfgears.rgl.datamodel.value.impl.ModifiableRecord
7479
RGL_VALUE_35340 class nl.tudelft.rdfgears.rgl.datamodel.value.impl.ModifiableRecord
7480
RGL_VALUE_35342 class nl.tudelft.rdfgears.rgl.datamodel.value.impl.ModifiableRecord
7481
RGL_VALUE_35344 class nl.tudelft.rdfgears.rgl.datamodel.value.impl.ModifiableRecord
7482
RGL_VALUE_35346 class nl.tudelft.rdfgears.rgl.datamodel.value.impl.ModifiableRecord
7483
RGL_VALUE_35348 class nl.tudelft.rdfgears.rgl.datamodel.value.impl.ModifiableRecord
7484
RGL_VALUE_35350 class nl.tudelft.rdfgears.rgl.datamodel.value.impl.ModifiableRecord
7485
RGL_VALUE_35352 class nl.tudelft.rdfgears.rgl.datamodel.value.impl.ModifiableRecord
7486
RGL_VALUE_35354 class nl.tudelft.rdfgears.rgl.datamodel.value.impl.ModifiableRecord
7487
RGL_VALUE_35356 class nl.tudelft.rdfgears.rgl.datamodel.value.impl.ModifiableRecord
7488
RGL_VALUE_35358 class nl.tudelft.rdfgears.rgl.datamodel.value.impl.ModifiableRecord
7489
RGL_VALUE_35360 class nl.tudelft.rdfgears.rgl.datamodel.value.impl.ModifiableRecord
7490
RGL_VALUE_35362 class nl.tudelft.rdfgears.rgl.datamodel.value.impl.ModifiableRecord
7491
RGL_VALUE_35364 class nl.tudelft.rdfgears.rgl.datamodel.value.impl.ModifiableRecord
7492
RGL_VALUE_35366 class nl.tudelft.rdfgears.rgl.datamodel.value.impl.ModifiableRecord
7493
RGL_VALUE_35368 class nl.tudelft.rdfgears.rgl.datamodel.value.impl.ModifiableRecord
7494
RGL_VALUE_35370 class nl.tudelft.rdfgears.rgl.datamodel.value.impl.ModifiableRecord
7495
RGL_VALUE_35372 class nl.tudelft.rdfgears.rgl.datamodel.value.impl.ModifiableRecord
7496
RGL_VALUE_35374 class nl.tudelft.rdfgears.rgl.datamodel.value.impl.ModifiableRecord
7497
RGL_VALUE_35376 class nl.tudelft.rdfgears.rgl.datamodel.value.impl.ModifiableRecord
7498
RGL_VALUE_35378 class nl.tudelft.rdfgears.rgl.datamodel.value.impl.ModifiableRecord
7499
RGL_VALUE_35380 class nl.tudelft.rdfgears.rgl.datamodel.value.impl.ModifiableRecord
7500
RGL_VALUE_35383 class nl.tudelft.rdfgears.rgl.datamodel.value.impl.ModifiableRecord
7501
RGL_VALUE_35385 class nl.tudelft.rdfgears.rgl.datamodel.value.impl.ModifiableRecord
7502
RGL_VALUE_35387 class nl.tudelft.rdfgears.rgl.datamodel.value.impl.ModifiableRecord
7503
RGL_VALUE_35389 class nl.tudelft.rdfgears.rgl.datamodel.value.impl.ModifiableRecord
7504
RGL_VALUE_35391 class nl.tudelft.rdfgears.rgl.datamodel.value.impl.ModifiableRecord
7505
RGL_VALUE_35393 class nl.tudelft.rdfgears.rgl.datamodel.value.impl.ModifiableRecord
7506
RGL_VALUE_35395 class nl.tudelft.rdfgears.rgl.datamodel.value.impl.ModifiableRecord
7507
RGL_VALUE_35397 class nl.tudelft.rdfgears.rgl.datamodel.value.impl.ModifiableRecord
7508
RGL_VALUE_35399 class nl.tudelft.rdfgears.rgl.datamodel.value.impl.ModifiableRecord
7509
RGL_VALUE_35401 class nl.tudelft.rdfgears.rgl.datamodel.value.impl.ModifiableRecord
7510
RGL_VALUE_35403 class nl.tudelft.rdfgears.rgl.datamodel.value.impl.ModifiableRecord
7511
RGL_VALUE_35405 class nl.tudelft.rdfgears.rgl.datamodel.value.impl.ModifiableRecord
7512
RGL_VALUE_35407 class nl.tudelft.rdfgears.rgl.datamodel.value.impl.ModifiableRecord
7513
RGL_VALUE_35409 class nl.tudelft.rdfgears.rgl.datamodel.value.impl.ModifiableRecord
7514
RGL_VALUE_35411 class nl.tudelft.rdfgears.rgl.datamodel.value.impl.ModifiableRecord
7515
RGL_VALUE_35413 class nl.tudelft.rdfgears.rgl.datamodel.value.impl.ModifiableRecord
7516
RGL_VALUE_35415 class nl.tudelft.rdfgears.rgl.datamodel.value.impl.ModifiableRecord
7517
RGL_VALUE_35417 class nl.tudelft.rdfgears.rgl.datamodel.value.impl.ModifiableRecord
7518
RGL_VALUE_35419 class nl.tudelft.rdfgears.rgl.datamodel.value.impl.ModifiableRecord
7519
RGL_VALUE_35421 class nl.tudelft.rdfgears.rgl.datamodel.value.impl.ModifiableRecord
7520
RGL_VALUE_35423 class nl.tudelft.rdfgears.rgl.datamodel.value.impl.ModifiableRecord
7521
RGL_VALUE_35425 class nl.tudelft.rdfgears.rgl.datamodel.value.impl.ModifiableRecord
7522
RGL_VALUE_35427 class nl.tudelft.rdfgears.rgl.datamodel.value.impl.ModifiableRecord
7523
RGL_VALUE_35429 class nl.tudelft.rdfgears.rgl.datamodel.value.impl.ModifiableRecord
7524
RGL_VALUE_35431 class nl.tudelft.rdfgears.rgl.datamodel.value.impl.ModifiableRecord
7525
RGL_VALUE_35433 class nl.tudelft.rdfgears.rgl.datamodel.value.impl.ModifiableRecord
7526
RGL_VALUE_35435 class nl.tudelft.rdfgears.rgl.datamodel.value.impl.ModifiableRecord
7527
RGL_VALUE_35437 class nl.tudelft.rdfgears.rgl.datamodel.value.impl.ModifiableRecord
7528
RGL_VALUE_35439 class nl.tudelft.rdfgears.rgl.datamodel.value.impl.ModifiableRecord
7529
RGL_VALUE_35441 class nl.tudelft.rdfgears.rgl.datamodel.value.impl.ModifiableRecord
7530
RGL_VALUE_35443 class nl.tudelft.rdfgears.rgl.datamodel.value.impl.ModifiableRecord
7531
RGL_VALUE_35445 class nl.tudelft.rdfgears.rgl.datamodel.value.impl.ModifiableRecord
7532
RGL_VALUE_35447 class nl.tudelft.rdfgears.rgl.datamodel.value.impl.ModifiableRecord
7533
RGL_VALUE_35449 class nl.tudelft.rdfgears.rgl.datamodel.value.impl.ModifiableRecord
7534
RGL_VALUE_35451 class nl.tudelft.rdfgears.rgl.datamodel.value.impl.ModifiableRecord
7535
RGL_VALUE_35453 class nl.tudelft.rdfgears.rgl.datamodel.value.impl.ModifiableRecord
7536
RGL_VALUE_35455 class nl.tudelft.rdfgears.rgl.datamodel.value.impl.ModifiableRecord
7537
RGL_VALUE_35457 class nl.tudelft.rdfgears.rgl.datamodel.value.impl.ModifiableRecord
7538
RGL_VALUE_35459 class nl.tudelft.rdfgears.rgl.datamodel.value.impl.ModifiableRecord
7539
RGL_VALUE_35461 class nl.tudelft.rdfgears.rgl.datamodel.value.impl.ModifiableRecord
7540
RGL_VALUE_35463 class nl.tudelft.rdfgears.rgl.datamodel.value.impl.ModifiableRecord
7541
RGL_VALUE_35465 class nl.tudelft.rdfgears.rgl.datamodel.value.impl.ModifiableRecord
7542
RGL_VALUE_35467 class nl.tudelft.rdfgears.rgl.datamodel.value.impl.ModifiableRecord
7543
RGL_VALUE_35469 class nl.tudelft.rdfgears.rgl.datamodel.value.impl.ModifiableRecord
7544
RGL_VALUE_35471 class nl.tudelft.rdfgears.rgl.datamodel.value.impl.ModifiableRecord
7545
RGL_VALUE_35473 class nl.tudelft.rdfgears.rgl.datamodel.value.impl.ModifiableRecord
7546
RGL_VALUE_35475 class nl.tudelft.rdfgears.rgl.datamodel.value.impl.ModifiableRecord
7547
RGL_VALUE_35477 class nl.tudelft.rdfgears.rgl.datamodel.value.impl.ModifiableRecord
7548
RGL_VALUE_35479 class nl.tudelft.rdfgears.rgl.datamodel.value.impl.ModifiableRecord
7549
RGL_VALUE_35481 class nl.tudelft.rdfgears.rgl.datamodel.value.impl.ModifiableRecord
7550
RGL_VALUE_35483 class nl.tudelft.rdfgears.rgl.datamodel.value.impl.ModifiableRecord
7551
RGL_VALUE_35485 class nl.tudelft.rdfgears.rgl.datamodel.value.impl.ModifiableRecord
7552
RGL_VALUE_35487 class nl.tudelft.rdfgears.rgl.datamodel.value.impl.ModifiableRecord
7553
RGL_VALUE_35489 class nl.tudelft.rdfgears.rgl.datamodel.value.impl.ModifiableRecord
7554
RGL_VALUE_35491 class nl.tudelft.rdfgears.rgl.datamodel.value.impl.ModifiableRecord
7555
RGL_VALUE_35493 class nl.tudelft.rdfgears.rgl.datamodel.value.impl.ModifiableRecord
7556
RGL_VALUE_35495 class nl.tudelft.rdfgears.rgl.datamodel.value.impl.ModifiableRecord
7557
RGL_VALUE_35497 class nl.tudelft.rdfgears.rgl.datamodel.value.impl.ModifiableRecord
7558
RGL_VALUE_35499 class nl.tudelft.rdfgears.rgl.datamodel.value.impl.ModifiableRecord
7559
RGL_VALUE_35501 class nl.tudelft.rdfgears.rgl.datamodel.value.impl.ModifiableRecord
7560
RGL_VALUE_35503 class nl.tudelft.rdfgears.rgl.datamodel.value.impl.ModifiableRecord
7561
RGL_VALUE_35505 class nl.tudelft.rdfgears.rgl.datamodel.value.impl.ModifiableRecord
7562
RGL_VALUE_35507 class nl.tudelft.rdfgears.rgl.datamodel.value.impl.ModifiableRecord
7563
RGL_VALUE_35509 class nl.tudelft.rdfgears.rgl.datamodel.value.impl.ModifiableRecord
7564
RGL_VALUE_35511 class nl.tudelft.rdfgears.rgl.datamodel.value.impl.ModifiableRecord
7565
RGL_VALUE_35513 class nl.tudelft.rdfgears.rgl.datamodel.value.impl.ModifiableRecord
7566
RGL_VALUE_35515 class nl.tudelft.rdfgears.rgl.datamodel.value.impl.ModifiableRecord
7567
RGL_VALUE_35517 class nl.tudelft.rdfgears.rgl.datamodel.value.impl.ModifiableRecord
7568
RGL_VALUE_35519 class nl.tudelft.rdfgears.rgl.datamodel.value.impl.ModifiableRecord
7569
RGL_VALUE_35521 class nl.tudelft.rdfgears.rgl.datamodel.value.impl.ModifiableRecord
7570
RGL_VALUE_35523 class nl.tudelft.rdfgears.rgl.datamodel.value.impl.ModifiableRecord
7571
RGL_VALUE_35525 class nl.tudelft.rdfgears.rgl.datamodel.value.impl.ModifiableRecord
7572
RGL_VALUE_35527 class nl.tudelft.rdfgears.rgl.datamodel.value.impl.ModifiableRecord
7573
RGL_VALUE_35529 class nl.tudelft.rdfgears.rgl.datamodel.value.impl.ModifiableRecord
7574
RGL_VALUE_35531 class nl.tudelft.rdfgears.rgl.datamodel.value.impl.ModifiableRecord
7575
RGL_VALUE_35533 class nl.tudelft.rdfgears.rgl.datamodel.value.impl.ModifiableRecord
7576
RGL_VALUE_35535 class nl.tudelft.rdfgears.rgl.datamodel.value.impl.ModifiableRecord
7577
RGL_VALUE_35537 class nl.tudelft.rdfgears.rgl.datamodel.value.impl.ModifiableRecord
7578
RGL_VALUE_35539 class nl.tudelft.rdfgears.rgl.datamodel.value.impl.ModifiableRecord
7579
RGL_VALUE_35541 class nl.tudelft.rdfgears.rgl.datamodel.value.impl.ModifiableRecord
7580
RGL_VALUE_35543 class nl.tudelft.rdfgears.rgl.datamodel.value.impl.ModifiableRecord
7581
RGL_VALUE_35545 class nl.tudelft.rdfgears.rgl.datamodel.value.impl.ModifiableRecord
7582
RGL_VALUE_35547 class nl.tudelft.rdfgears.rgl.datamodel.value.impl.ModifiableRecord
7583
RGL_VALUE_35549 class nl.tudelft.rdfgears.rgl.datamodel.value.impl.ModifiableRecord
7584
RGL_VALUE_35551 class nl.tudelft.rdfgears.rgl.datamodel.value.impl.ModifiableRecord
7585
RGL_VALUE_35553 class nl.tudelft.rdfgears.rgl.datamodel.value.impl.ModifiableRecord
7586
RGL_VALUE_35555 class nl.tudelft.rdfgears.rgl.datamodel.value.impl.ModifiableRecord
7587
RGL_VALUE_35557 class nl.tudelft.rdfgears.rgl.datamodel.value.impl.ModifiableRecord
7588
RGL_VALUE_35559 class nl.tudelft.rdfgears.rgl.datamodel.value.impl.ModifiableRecord
7589
RGL_VALUE_35561 class nl.tudelft.rdfgears.rgl.datamodel.value.impl.ModifiableRecord
7590
RGL_VALUE_35563 class nl.tudelft.rdfgears.rgl.datamodel.value.impl.ModifiableRecord
7591
RGL_VALUE_35565 class nl.tudelft.rdfgears.rgl.datamodel.value.impl.ModifiableRecord
7592
RGL_VALUE_35567 class nl.tudelft.rdfgears.rgl.datamodel.value.impl.ModifiableRecord
7593
RGL_VALUE_35569 class nl.tudelft.rdfgears.rgl.datamodel.value.impl.ModifiableRecord
7594
RGL_VALUE_35571 class nl.tudelft.rdfgears.rgl.datamodel.value.impl.ModifiableRecord
7595
RGL_VALUE_35573 class nl.tudelft.rdfgears.rgl.datamodel.value.impl.ModifiableRecord
7596
RGL_VALUE_35575 class nl.tudelft.rdfgears.rgl.datamodel.value.impl.ModifiableRecord
7597
RGL_VALUE_35577 class nl.tudelft.rdfgears.rgl.datamodel.value.impl.ModifiableRecord
7598
RGL_VALUE_35579 class nl.tudelft.rdfgears.rgl.datamodel.value.impl.ModifiableRecord
7599
RGL_VALUE_35581 class nl.tudelft.rdfgears.rgl.datamodel.value.impl.ModifiableRecord
7600
RGL_VALUE_35584 class nl.tudelft.rdfgears.rgl.datamodel.value.impl.ModifiableRecord
7601
RGL_VALUE_35586 class nl.tudelft.rdfgears.rgl.datamodel.value.impl.ModifiableRecord
7602
RGL_VALUE_35588 class nl.tudelft.rdfgears.rgl.datamodel.value.impl.ModifiableRecord
7603
RGL_VALUE_35590 class nl.tudelft.rdfgears.rgl.datamodel.value.impl.ModifiableRecord
7604
RGL_VALUE_35592 class nl.tudelft.rdfgears.rgl.datamodel.value.impl.ModifiableRecord
7605
RGL_VALUE_35594 class nl.tudelft.rdfgears.rgl.datamodel.value.impl.ModifiableRecord
7606
RGL_VALUE_35596 class nl.tudelft.rdfgears.rgl.datamodel.value.impl.ModifiableRecord
7607
RGL_VALUE_35598 class nl.tudelft.rdfgears.rgl.datamodel.value.impl.ModifiableRecord
7608
RGL_VALUE_35600 class nl.tudelft.rdfgears.rgl.datamodel.value.impl.ModifiableRecord
7609
RGL_VALUE_35602 class nl.tudelft.rdfgears.rgl.datamodel.value.impl.ModifiableRecord
7610
RGL_VALUE_35604 class nl.tudelft.rdfgears.rgl.datamodel.value.impl.ModifiableRecord
7611
RGL_VALUE_35606 class nl.tudelft.rdfgears.rgl.datamodel.value.impl.ModifiableRecord
7612
RGL_VALUE_35608 class nl.tudelft.rdfgears.rgl.datamodel.value.impl.ModifiableRecord
7613
RGL_VALUE_35610 class nl.tudelft.rdfgears.rgl.datamodel.value.impl.ModifiableRecord
7614
RGL_VALUE_35612 class nl.tudelft.rdfgears.rgl.datamodel.value.impl.ModifiableRecord
7615
RGL_VALUE_35614 class nl.tudelft.rdfgears.rgl.datamodel.value.impl.ModifiableRecord
7616
RGL_VALUE_35616 class nl.tudelft.rdfgears.rgl.datamodel.value.impl.ModifiableRecord
7617
RGL_VALUE_35618 class nl.tudelft.rdfgears.rgl.datamodel.value.impl.ModifiableRecord
7618
RGL_VALUE_35620 class nl.tudelft.rdfgears.rgl.datamodel.value.impl.ModifiableRecord
7619
RGL_VALUE_35622 class nl.tudelft.rdfgears.rgl.datamodel.value.impl.ModifiableRecord
7620
RGL_VALUE_35624 class nl.tudelft.rdfgears.rgl.datamodel.value.impl.ModifiableRecord
7621
RGL_VALUE_35626 class nl.tudelft.rdfgears.rgl.datamodel.value.impl.ModifiableRecord
7622
RGL_VALUE_35628 class nl.tudelft.rdfgears.rgl.datamodel.value.impl.ModifiableRecord
7623
RGL_VALUE_35630 class nl.tudelft.rdfgears.rgl.datamodel.value.impl.ModifiableRecord
7624
RGL_VALUE_35632 class nl.tudelft.rdfgears.rgl.datamodel.value.impl.ModifiableRecord
7625
RGL_VALUE_35634 class nl.tudelft.rdfgears.rgl.datamodel.value.impl.ModifiableRecord
7626
RGL_VALUE_35636 class nl.tudelft.rdfgears.rgl.datamodel.value.impl.ModifiableRecord
7627
RGL_VALUE_35638 class nl.tudelft.rdfgears.rgl.datamodel.value.impl.ModifiableRecord
7628
RGL_VALUE_35640 class nl.tudelft.rdfgears.rgl.datamodel.value.impl.ModifiableRecord
7629
RGL_VALUE_35642 class nl.tudelft.rdfgears.rgl.datamodel.value.impl.ModifiableRecord
7630
RGL_VALUE_35644 class nl.tudelft.rdfgears.rgl.datamodel.value.impl.ModifiableRecord
7631
RGL_VALUE_35646 class nl.tudelft.rdfgears.rgl.datamodel.value.impl.ModifiableRecord
7632
RGL_VALUE_35648 class nl.tudelft.rdfgears.rgl.datamodel.value.impl.ModifiableRecord
7633
RGL_VALUE_35650 class nl.tudelft.rdfgears.rgl.datamodel.value.impl.ModifiableRecord
7634
RGL_VALUE_35652 class nl.tudelft.rdfgears.rgl.datamodel.value.impl.ModifiableRecord
7635
RGL_VALUE_35654 class nl.tudelft.rdfgears.rgl.datamodel.value.impl.ModifiableRecord
7636
RGL_VALUE_35656 class nl.tudelft.rdfgears.rgl.datamodel.value.impl.ModifiableRecord
7637
RGL_VALUE_35658 class nl.tudelft.rdfgears.rgl.datamodel.value.impl.ModifiableRecord
7638
RGL_VALUE_35660 class nl.tudelft.rdfgears.rgl.datamodel.value.impl.ModifiableRecord
7639
RGL_VALUE_35662 class nl.tudelft.rdfgears.rgl.datamodel.value.impl.ModifiableRecord
7640
RGL_VALUE_35664 class nl.tudelft.rdfgears.rgl.datamodel.value.impl.ModifiableRecord
7641
RGL_VALUE_35666 class nl.tudelft.rdfgears.rgl.datamodel.value.impl.ModifiableRecord
7642
RGL_VALUE_35668 class nl.tudelft.rdfgears.rgl.datamodel.value.impl.ModifiableRecord
7643
RGL_VALUE_35670 class nl.tudelft.rdfgears.rgl.datamodel.value.impl.ModifiableRecord
7644
RGL_VALUE_35672 class nl.tudelft.rdfgears.rgl.datamodel.value.impl.ModifiableRecord
7645
RGL_VALUE_35674 class nl.tudelft.rdfgears.rgl.datamodel.value.impl.ModifiableRecord
7646
RGL_VALUE_35676 class nl.tudelft.rdfgears.rgl.datamodel.value.impl.ModifiableRecord
7647
RGL_VALUE_35678 class nl.tudelft.rdfgears.rgl.datamodel.value.impl.ModifiableRecord
7648
RGL_VALUE_35680 class nl.tudelft.rdfgears.rgl.datamodel.value.impl.ModifiableRecord
7649
RGL_VALUE_35682 class nl.tudelft.rdfgears.rgl.datamodel.value.impl.ModifiableRecord
7650
RGL_VALUE_35684 class nl.tudelft.rdfgears.rgl.datamodel.value.impl.ModifiableRecord
7651
RGL_VALUE_35686 class nl.tudelft.rdfgears.rgl.datamodel.value.impl.ModifiableRecord
7652
RGL_VALUE_35688 class nl.tudelft.rdfgears.rgl.datamodel.value.impl.ModifiableRecord
7653
RGL_VALUE_35690 class nl.tudelft.rdfgears.rgl.datamodel.value.impl.ModifiableRecord
7654
RGL_VALUE_35692 class nl.tudelft.rdfgears.rgl.datamodel.value.impl.ModifiableRecord
7655
RGL_VALUE_35694 class nl.tudelft.rdfgears.rgl.datamodel.value.impl.ModifiableRecord
7656
RGL_VALUE_35696 class nl.tudelft.rdfgears.rgl.datamodel.value.impl.ModifiableRecord
7657
RGL_VALUE_35698 class nl.tudelft.rdfgears.rgl.datamodel.value.impl.ModifiableRecord
7658
RGL_VALUE_35700 class nl.tudelft.rdfgears.rgl.datamodel.value.impl.ModifiableRecord
7659
RGL_VALUE_35702 class nl.tudelft.rdfgears.rgl.datamodel.value.impl.ModifiableRecord
7660
RGL_VALUE_35704 class nl.tudelft.rdfgears.rgl.datamodel.value.impl.ModifiableRecord
7661
RGL_VALUE_35706 class nl.tudelft.rdfgears.rgl.datamodel.value.impl.ModifiableRecord
7662
RGL_VALUE_35708 class nl.tudelft.rdfgears.rgl.datamodel.value.impl.ModifiableRecord
7663
RGL_VALUE_35710 class nl.tudelft.rdfgears.rgl.datamodel.value.impl.ModifiableRecord
7664
RGL_VALUE_35712 class nl.tudelft.rdfgears.rgl.datamodel.value.impl.ModifiableRecord
7665
RGL_VALUE_35714 class nl.tudelft.rdfgears.rgl.datamodel.value.impl.ModifiableRecord
7666
RGL_VALUE_35716 class nl.tudelft.rdfgears.rgl.datamodel.value.impl.ModifiableRecord
7667
RGL_VALUE_35718 class nl.tudelft.rdfgears.rgl.datamodel.value.impl.ModifiableRecord
7668
RGL_VALUE_35720 class nl.tudelft.rdfgears.rgl.datamodel.value.impl.ModifiableRecord
7669
RGL_VALUE_35722 class nl.tudelft.rdfgears.rgl.datamodel.value.impl.ModifiableRecord
7670
RGL_VALUE_35724 class nl.tudelft.rdfgears.rgl.datamodel.value.impl.ModifiableRecord
7671
RGL_VALUE_35726 class nl.tudelft.rdfgears.rgl.datamodel.value.impl.ModifiableRecord
7672
RGL_VALUE_35728 class nl.tudelft.rdfgears.rgl.datamodel.value.impl.ModifiableRecord
7673
RGL_VALUE_35730 class nl.tudelft.rdfgears.rgl.datamodel.value.impl.ModifiableRecord
7674
RGL_VALUE_35732 class nl.tudelft.rdfgears.rgl.datamodel.value.impl.ModifiableRecord
7675
RGL_VALUE_35734 class nl.tudelft.rdfgears.rgl.datamodel.value.impl.ModifiableRecord
7676
RGL_VALUE_35736 class nl.tudelft.rdfgears.rgl.datamodel.value.impl.ModifiableRecord
7677
RGL_VALUE_35738 class nl.tudelft.rdfgears.rgl.datamodel.value.impl.ModifiableRecord
7678
RGL_VALUE_35740 class nl.tudelft.rdfgears.rgl.datamodel.value.impl.ModifiableRecord
7679
RGL_VALUE_35742 class nl.tudelft.rdfgears.rgl.datamodel.value.impl.ModifiableRecord
7680
RGL_VALUE_35744 class nl.tudelft.rdfgears.rgl.datamodel.value.impl.ModifiableRecord
7681
RGL_VALUE_35746 class nl.tudelft.rdfgears.rgl.datamodel.value.impl.ModifiableRecord
7682
RGL_VALUE_35748 class nl.tudelft.rdfgears.rgl.datamodel.value.impl.ModifiableRecord
7683
RGL_VALUE_35750 class nl.tudelft.rdfgears.rgl.datamodel.value.impl.ModifiableRecord
7684
RGL_VALUE_35752 class nl.tudelft.rdfgears.rgl.datamodel.value.impl.ModifiableRecord
7685
RGL_VALUE_35754 class nl.tudelft.rdfgears.rgl.datamodel.value.impl.ModifiableRecord
7686
RGL_VALUE_35756 class nl.tudelft.rdfgears.rgl.datamodel.value.impl.ModifiableRecord
7687
RGL_VALUE_35758 class nl.tudelft.rdfgears.rgl.datamodel.value.impl.ModifiableRecord
7688
RGL_VALUE_35760 class nl.tudelft.rdfgears.rgl.datamodel.value.impl.ModifiableRecord
7689
RGL_VALUE_35762 class nl.tudelft.rdfgears.rgl.datamodel.value.impl.ModifiableRecord
7690
RGL_VALUE_35764 class nl.tudelft.rdfgears.rgl.datamodel.value.impl.ModifiableRecord
7691
RGL_VALUE_35766 class nl.tudelft.rdfgears.rgl.datamodel.value.impl.ModifiableRecord
7692
RGL_VALUE_35768 class nl.tudelft.rdfgears.rgl.datamodel.value.impl.ModifiableRecord
7693
RGL_VALUE_35770 class nl.tudelft.rdfgears.rgl.datamodel.value.impl.ModifiableRecord
7694
RGL_VALUE_35772 class nl.tudelft.rdfgears.rgl.datamodel.value.impl.ModifiableRecord
7695
RGL_VALUE_35774 class nl.tudelft.rdfgears.rgl.datamodel.value.impl.ModifiableRecord
7696
RGL_VALUE_35776 class nl.tudelft.rdfgears.rgl.datamodel.value.impl.ModifiableRecord
7697
RGL_VALUE_35778 class nl.tudelft.rdfgears.rgl.datamodel.value.impl.ModifiableRecord
7698
RGL_VALUE_35780 class nl.tudelft.rdfgears.rgl.datamodel.value.impl.ModifiableRecord
7699
RGL_VALUE_35782 class nl.tudelft.rdfgears.rgl.datamodel.value.impl.ModifiableRecord
7700
RGL_VALUE_35785 class nl.tudelft.rdfgears.rgl.datamodel.value.impl.ModifiableRecord
7701
RGL_VALUE_35787 class nl.tudelft.rdfgears.rgl.datamodel.value.impl.ModifiableRecord
7702
RGL_VALUE_35789 class nl.tudelft.rdfgears.rgl.datamodel.value.impl.ModifiableRecord
7703
RGL_VALUE_35791 class nl.tudelft.rdfgears.rgl.datamodel.value.impl.ModifiableRecord
7704
RGL_VALUE_35793 class nl.tudelft.rdfgears.rgl.datamodel.value.impl.ModifiableRecord
7705
RGL_VALUE_35795 class nl.tudelft.rdfgears.rgl.datamodel.value.impl.ModifiableRecord
7706
RGL_VALUE_35797 class nl.tudelft.rdfgears.rgl.datamodel.value.impl.ModifiableRecord
7707
RGL_VALUE_35799 class nl.tudelft.rdfgears.rgl.datamodel.value.impl.ModifiableRecord
7708
RGL_VALUE_35801 class nl.tudelft.rdfgears.rgl.datamodel.value.impl.ModifiableRecord
7709
RGL_VALUE_35803 class nl.tudelft.rdfgears.rgl.datamodel.value.impl.ModifiableRecord
7710
RGL_VALUE_35805 class nl.tudelft.rdfgears.rgl.datamodel.value.impl.ModifiableRecord
7711
RGL_VALUE_35807 class nl.tudelft.rdfgears.rgl.datamodel.value.impl.ModifiableRecord
7712
RGL_VALUE_35809 class nl.tudelft.rdfgears.rgl.datamodel.value.impl.ModifiableRecord
7713
RGL_VALUE_35811 class nl.tudelft.rdfgears.rgl.datamodel.value.impl.ModifiableRecord
7714
RGL_VALUE_35813 class nl.tudelft.rdfgears.rgl.datamodel.value.impl.ModifiableRecord
7715
RGL_VALUE_35815 class nl.tudelft.rdfgears.rgl.datamodel.value.impl.ModifiableRecord
7716
RGL_VALUE_35817 class nl.tudelft.rdfgears.rgl.datamodel.value.impl.ModifiableRecord
7717
RGL_VALUE_35819 class nl.tudelft.rdfgears.rgl.datamodel.value.impl.ModifiableRecord
7718
RGL_VALUE_35821 class nl.tudelft.rdfgears.rgl.datamodel.value.impl.ModifiableRecord
7719
RGL_VALUE_35823 class nl.tudelft.rdfgears.rgl.datamodel.value.impl.ModifiableRecord
7720
RGL_VALUE_35825 class nl.tudelft.rdfgears.rgl.datamodel.value.impl.ModifiableRecord
7721
RGL_VALUE_35827 class nl.tudelft.rdfgears.rgl.datamodel.value.impl.ModifiableRecord
7722
RGL_VALUE_35829 class nl.tudelft.rdfgears.rgl.datamodel.value.impl.ModifiableRecord
7723
RGL_VALUE_35831 class nl.tudelft.rdfgears.rgl.datamodel.value.impl.ModifiableRecord
7724
RGL_VALUE_35833 class nl.tudelft.rdfgears.rgl.datamodel.value.impl.ModifiableRecord
7725
RGL_VALUE_35835 class nl.tudelft.rdfgears.rgl.datamodel.value.impl.ModifiableRecord
7726
RGL_VALUE_35837 class nl.tudelft.rdfgears.rgl.datamodel.value.impl.ModifiableRecord
7727
RGL_VALUE_35839 class nl.tudelft.rdfgears.rgl.datamodel.value.impl.ModifiableRecord
7728
RGL_VALUE_35841 class nl.tudelft.rdfgears.rgl.datamodel.value.impl.ModifiableRecord
7729
RGL_VALUE_35843 class nl.tudelft.rdfgears.rgl.datamodel.value.impl.ModifiableRecord
7730
RGL_VALUE_35845 class nl.tudelft.rdfgears.rgl.datamodel.value.impl.ModifiableRecord
7731
RGL_VALUE_35847 class nl.tudelft.rdfgears.rgl.datamodel.value.impl.ModifiableRecord
7732
RGL_VALUE_35849 class nl.tudelft.rdfgears.rgl.datamodel.value.impl.ModifiableRecord
7733
RGL_VALUE_35851 class nl.tudelft.rdfgears.rgl.datamodel.value.impl.ModifiableRecord
7734
RGL_VALUE_35853 class nl.tudelft.rdfgears.rgl.datamodel.value.impl.ModifiableRecord
7735
RGL_VALUE_35855 class nl.tudelft.rdfgears.rgl.datamodel.value.impl.ModifiableRecord
7736
RGL_VALUE_35857 class nl.tudelft.rdfgears.rgl.datamodel.value.impl.ModifiableRecord
7737
RGL_VALUE_35859 class nl.tudelft.rdfgears.rgl.datamodel.value.impl.ModifiableRecord
7738
RGL_VALUE_35861 class nl.tudelft.rdfgears.rgl.datamodel.value.impl.ModifiableRecord
7739
RGL_VALUE_35863 class nl.tudelft.rdfgears.rgl.datamodel.value.impl.ModifiableRecord
7740
RGL_VALUE_35865 class nl.tudelft.rdfgears.rgl.datamodel.value.impl.ModifiableRecord
7741
RGL_VALUE_35867 class nl.tudelft.rdfgears.rgl.datamodel.value.impl.ModifiableRecord
7742
RGL_VALUE_35869 class nl.tudelft.rdfgears.rgl.datamodel.value.impl.ModifiableRecord
7743
RGL_VALUE_35871 class nl.tudelft.rdfgears.rgl.datamodel.value.impl.ModifiableRecord
7744
RGL_VALUE_35873 class nl.tudelft.rdfgears.rgl.datamodel.value.impl.ModifiableRecord
7745
RGL_VALUE_35875 class nl.tudelft.rdfgears.rgl.datamodel.value.impl.ModifiableRecord
7746
RGL_VALUE_35877 class nl.tudelft.rdfgears.rgl.datamodel.value.impl.ModifiableRecord
7747
RGL_VALUE_35879 class nl.tudelft.rdfgears.rgl.datamodel.value.impl.ModifiableRecord
7748
RGL_VALUE_35881 class nl.tudelft.rdfgears.rgl.datamodel.value.impl.ModifiableRecord
7749
RGL_VALUE_35883 class nl.tudelft.rdfgears.rgl.datamodel.value.impl.ModifiableRecord
7750
RGL_VALUE_35885 class nl.tudelft.rdfgears.rgl.datamodel.value.impl.ModifiableRecord
7751
RGL_VALUE_35887 class nl.tudelft.rdfgears.rgl.datamodel.value.impl.ModifiableRecord
7752
RGL_VALUE_35889 class nl.tudelft.rdfgears.rgl.datamodel.value.impl.ModifiableRecord
7753
RGL_VALUE_35891 class nl.tudelft.rdfgears.rgl.datamodel.value.impl.ModifiableRecord
7754
RGL_VALUE_35893 class nl.tudelft.rdfgears.rgl.datamodel.value.impl.ModifiableRecord
7755
RGL_VALUE_35895 class nl.tudelft.rdfgears.rgl.datamodel.value.impl.ModifiableRecord
7756
RGL_VALUE_35897 class nl.tudelft.rdfgears.rgl.datamodel.value.impl.ModifiableRecord
7757
RGL_VALUE_35899 class nl.tudelft.rdfgears.rgl.datamodel.value.impl.ModifiableRecord
7758
RGL_VALUE_35901 class nl.tudelft.rdfgears.rgl.datamodel.value.impl.ModifiableRecord
7759
RGL_VALUE_35903 class nl.tudelft.rdfgears.rgl.datamodel.value.impl.ModifiableRecord
7760
RGL_VALUE_35905 class nl.tudelft.rdfgears.rgl.datamodel.value.impl.ModifiableRecord
7761
RGL_VALUE_35907 class nl.tudelft.rdfgears.rgl.datamodel.value.impl.ModifiableRecord
7762
RGL_VALUE_35909 class nl.tudelft.rdfgears.rgl.datamodel.value.impl.ModifiableRecord
7763
RGL_VALUE_35911 class nl.tudelft.rdfgears.rgl.datamodel.value.impl.ModifiableRecord
7764
RGL_VALUE_35913 class nl.tudelft.rdfgears.rgl.datamodel.value.impl.ModifiableRecord
7765
RGL_VALUE_35915 class nl.tudelft.rdfgears.rgl.datamodel.value.impl.ModifiableRecord
7766
RGL_VALUE_35917 class nl.tudelft.rdfgears.rgl.datamodel.value.impl.ModifiableRecord
7767
RGL_VALUE_35919 class nl.tudelft.rdfgears.rgl.datamodel.value.impl.ModifiableRecord
7768
RGL_VALUE_35921 class nl.tudelft.rdfgears.rgl.datamodel.value.impl.ModifiableRecord
7769
RGL_VALUE_35923 class nl.tudelft.rdfgears.rgl.datamodel.value.impl.ModifiableRecord
7770
RGL_VALUE_35925 class nl.tudelft.rdfgears.rgl.datamodel.value.impl.ModifiableRecord
7771
RGL_VALUE_35927 class nl.tudelft.rdfgears.rgl.datamodel.value.impl.ModifiableRecord
7772
RGL_VALUE_35929 class nl.tudelft.rdfgears.rgl.datamodel.value.impl.ModifiableRecord
7773
RGL_VALUE_35931 class nl.tudelft.rdfgears.rgl.datamodel.value.impl.ModifiableRecord
7774
RGL_VALUE_35933 class nl.tudelft.rdfgears.rgl.datamodel.value.impl.ModifiableRecord
7775
RGL_VALUE_35935 class nl.tudelft.rdfgears.rgl.datamodel.value.impl.ModifiableRecord
7776
RGL_VALUE_35937 class nl.tudelft.rdfgears.rgl.datamodel.value.impl.ModifiableRecord
7777
RGL_VALUE_35939 class nl.tudelft.rdfgears.rgl.datamodel.value.impl.ModifiableRecord
7778
RGL_VALUE_35941 class nl.tudelft.rdfgears.rgl.datamodel.value.impl.ModifiableRecord
7779
RGL_VALUE_35943 class nl.tudelft.rdfgears.rgl.datamodel.value.impl.ModifiableRecord
7780
RGL_VALUE_35945 class nl.tudelft.rdfgears.rgl.datamodel.value.impl.ModifiableRecord
7781
RGL_VALUE_35947 class nl.tudelft.rdfgears.rgl.datamodel.value.impl.ModifiableRecord
7782
RGL_VALUE_35949 class nl.tudelft.rdfgears.rgl.datamodel.value.impl.ModifiableRecord
7783
RGL_VALUE_35951 class nl.tudelft.rdfgears.rgl.datamodel.value.impl.ModifiableRecord
7784
RGL_VALUE_35953 class nl.tudelft.rdfgears.rgl.datamodel.value.impl.ModifiableRecord
7785
RGL_VALUE_35955 class nl.tudelft.rdfgears.rgl.datamodel.value.impl.ModifiableRecord
7786
RGL_VALUE_35957 class nl.tudelft.rdfgears.rgl.datamodel.value.impl.ModifiableRecord
7787
RGL_VALUE_35959 class nl.tudelft.rdfgears.rgl.datamodel.value.impl.ModifiableRecord
7788
RGL_VALUE_35961 class nl.tudelft.rdfgears.rgl.datamodel.value.impl.ModifiableRecord
7789
RGL_VALUE_35963 class nl.tudelft.rdfgears.rgl.datamodel.value.impl.ModifiableRecord
7790
RGL_VALUE_35965 class nl.tudelft.rdfgears.rgl.datamodel.value.impl.ModifiableRecord
7791
RGL_VALUE_35967 class nl.tudelft.rdfgears.rgl.datamodel.value.impl.ModifiableRecord
7792
RGL_VALUE_35969 class nl.tudelft.rdfgears.rgl.datamodel.value.impl.ModifiableRecord
7793
RGL_VALUE_35971 class nl.tudelft.rdfgears.rgl.datamodel.value.impl.ModifiableRecord
7794
RGL_VALUE_35973 class nl.tudelft.rdfgears.rgl.datamodel.value.impl.ModifiableRecord
7795
RGL_VALUE_35975 class nl.tudelft.rdfgears.rgl.datamodel.value.impl.ModifiableRecord
7796
RGL_VALUE_35977 class nl.tudelft.rdfgears.rgl.datamodel.value.impl.ModifiableRecord
7797
RGL_VALUE_35979 class nl.tudelft.rdfgears.rgl.datamodel.value.impl.ModifiableRecord
7798
RGL_VALUE_35981 class nl.tudelft.rdfgears.rgl.datamodel.value.impl.ModifiableRecord
7799
RGL_VALUE_35983 class nl.tudelft.rdfgears.rgl.datamodel.value.impl.ModifiableRecord
7800
RGL_VALUE_35986 class nl.tudelft.rdfgears.rgl.datamodel.value.impl.ModifiableRecord
7801
RGL_VALUE_35988 class nl.tudelft.rdfgears.rgl.datamodel.value.impl.ModifiableRecord
7802
RGL_VALUE_35990 class nl.tudelft.rdfgears.rgl.datamodel.value.impl.ModifiableRecord
7803
RGL_VALUE_35992 class nl.tudelft.rdfgears.rgl.datamodel.value.impl.ModifiableRecord
7804
RGL_VALUE_35994 class nl.tudelft.rdfgears.rgl.datamodel.value.impl.ModifiableRecord
7805
RGL_VALUE_35996 class nl.tudelft.rdfgears.rgl.datamodel.value.impl.ModifiableRecord
7806
RGL_VALUE_35998 class nl.tudelft.rdfgears.rgl.datamodel.value.impl.ModifiableRecord
7807
RGL_VALUE_36000 class nl.tudelft.rdfgears.rgl.datamodel.value.impl.ModifiableRecord
7808
RGL_VALUE_36002 class nl.tudelft.rdfgears.rgl.datamodel.value.impl.ModifiableRecord
7809
RGL_VALUE_36004 class nl.tudelft.rdfgears.rgl.datamodel.value.impl.ModifiableRecord
7810
RGL_VALUE_36006 class nl.tudelft.rdfgears.rgl.datamodel.value.impl.ModifiableRecord
7811
RGL_VALUE_36008 class nl.tudelft.rdfgears.rgl.datamodel.value.impl.ModifiableRecord
7812
RGL_VALUE_36010 class nl.tudelft.rdfgears.rgl.datamodel.value.impl.ModifiableRecord
7813
RGL_VALUE_36012 class nl.tudelft.rdfgears.rgl.datamodel.value.impl.ModifiableRecord
7814
RGL_VALUE_36014 class nl.tudelft.rdfgears.rgl.datamodel.value.impl.ModifiableRecord
7815
RGL_VALUE_36016 class nl.tudelft.rdfgears.rgl.datamodel.value.impl.ModifiableRecord
7816
RGL_VALUE_36018 class nl.tudelft.rdfgears.rgl.datamodel.value.impl.ModifiableRecord
7817
RGL_VALUE_36020 class nl.tudelft.rdfgears.rgl.datamodel.value.impl.ModifiableRecord
7818
RGL_VALUE_36022 class nl.tudelft.rdfgears.rgl.datamodel.value.impl.ModifiableRecord
7819
RGL_VALUE_36024 class nl.tudelft.rdfgears.rgl.datamodel.value.impl.ModifiableRecord
7820
RGL_VALUE_36026 class nl.tudelft.rdfgears.rgl.datamodel.value.impl.ModifiableRecord
7821
RGL_VALUE_36028 class nl.tudelft.rdfgears.rgl.datamodel.value.impl.ModifiableRecord
7822
RGL_VALUE_36030 class nl.tudelft.rdfgears.rgl.datamodel.value.impl.ModifiableRecord
7823
RGL_VALUE_36032 class nl.tudelft.rdfgears.rgl.datamodel.value.impl.ModifiableRecord
7824
RGL_VALUE_36034 class nl.tudelft.rdfgears.rgl.datamodel.value.impl.ModifiableRecord
7825
RGL_VALUE_36036 class nl.tudelft.rdfgears.rgl.datamodel.value.impl.ModifiableRecord
7826
RGL_VALUE_36038 class nl.tudelft.rdfgears.rgl.datamodel.value.impl.ModifiableRecord
7827
RGL_VALUE_36040 class nl.tudelft.rdfgears.rgl.datamodel.value.impl.ModifiableRecord
7828
RGL_VALUE_36042 class nl.tudelft.rdfgears.rgl.datamodel.value.impl.ModifiableRecord
7829
RGL_VALUE_36044 class nl.tudelft.rdfgears.rgl.datamodel.value.impl.ModifiableRecord
7830
RGL_VALUE_36046 class nl.tudelft.rdfgears.rgl.datamodel.value.impl.ModifiableRecord
7831
RGL_VALUE_36048 class nl.tudelft.rdfgears.rgl.datamodel.value.impl.ModifiableRecord
7832
RGL_VALUE_36050 class nl.tudelft.rdfgears.rgl.datamodel.value.impl.ModifiableRecord
7833
RGL_VALUE_36052 class nl.tudelft.rdfgears.rgl.datamodel.value.impl.ModifiableRecord
7834
RGL_VALUE_36054 class nl.tudelft.rdfgears.rgl.datamodel.value.impl.ModifiableRecord
7835
RGL_VALUE_36056 class nl.tudelft.rdfgears.rgl.datamodel.value.impl.ModifiableRecord
7836
RGL_VALUE_36058 class nl.tudelft.rdfgears.rgl.datamodel.value.impl.ModifiableRecord
7837
RGL_VALUE_36060 class nl.tudelft.rdfgears.rgl.datamodel.value.impl.ModifiableRecord
7838
RGL_VALUE_36062 class nl.tudelft.rdfgears.rgl.datamodel.value.impl.ModifiableRecord
7839
RGL_VALUE_36064 class nl.tudelft.rdfgears.rgl.datamodel.value.impl.ModifiableRecord
7840
RGL_VALUE_36066 class nl.tudelft.rdfgears.rgl.datamodel.value.impl.ModifiableRecord
7841
RGL_VALUE_36068 class nl.tudelft.rdfgears.rgl.datamodel.value.impl.ModifiableRecord
7842
RGL_VALUE_36070 class nl.tudelft.rdfgears.rgl.datamodel.value.impl.ModifiableRecord
7843
RGL_VALUE_36072 class nl.tudelft.rdfgears.rgl.datamodel.value.impl.ModifiableRecord
7844
RGL_VALUE_36074 class nl.tudelft.rdfgears.rgl.datamodel.value.impl.ModifiableRecord
7845
RGL_VALUE_36076 class nl.tudelft.rdfgears.rgl.datamodel.value.impl.ModifiableRecord
7846
RGL_VALUE_36078 class nl.tudelft.rdfgears.rgl.datamodel.value.impl.ModifiableRecord
7847
RGL_VALUE_36080 class nl.tudelft.rdfgears.rgl.datamodel.value.impl.ModifiableRecord
7848
RGL_VALUE_36082 class nl.tudelft.rdfgears.rgl.datamodel.value.impl.ModifiableRecord
7849
RGL_VALUE_36084 class nl.tudelft.rdfgears.rgl.datamodel.value.impl.ModifiableRecord
7850
RGL_VALUE_36086 class nl.tudelft.rdfgears.rgl.datamodel.value.impl.ModifiableRecord
7851
RGL_VALUE_36088 class nl.tudelft.rdfgears.rgl.datamodel.value.impl.ModifiableRecord
7852
RGL_VALUE_36090 class nl.tudelft.rdfgears.rgl.datamodel.value.impl.ModifiableRecord
7853
RGL_VALUE_36092 class nl.tudelft.rdfgears.rgl.datamodel.value.impl.ModifiableRecord
7854
RGL_VALUE_36094 class nl.tudelft.rdfgears.rgl.datamodel.value.impl.ModifiableRecord
7855
RGL_VALUE_36096 class nl.tudelft.rdfgears.rgl.datamodel.value.impl.ModifiableRecord
7856
RGL_VALUE_36098 class nl.tudelft.rdfgears.rgl.datamodel.value.impl.ModifiableRecord
7857
RGL_VALUE_36100 class nl.tudelft.rdfgears.rgl.datamodel.value.impl.ModifiableRecord
7858
RGL_VALUE_36102 class nl.tudelft.rdfgears.rgl.datamodel.value.impl.ModifiableRecord
7859
RGL_VALUE_36104 class nl.tudelft.rdfgears.rgl.datamodel.value.impl.ModifiableRecord
7860
RGL_VALUE_36106 class nl.tudelft.rdfgears.rgl.datamodel.value.impl.ModifiableRecord
7861
RGL_VALUE_36108 class nl.tudelft.rdfgears.rgl.datamodel.value.impl.ModifiableRecord
7862
RGL_VALUE_36110 class nl.tudelft.rdfgears.rgl.datamodel.value.impl.ModifiableRecord
7863
RGL_VALUE_36112 class nl.tudelft.rdfgears.rgl.datamodel.value.impl.ModifiableRecord
7864
RGL_VALUE_36114 class nl.tudelft.rdfgears.rgl.datamodel.value.impl.ModifiableRecord
7865
RGL_VALUE_36116 class nl.tudelft.rdfgears.rgl.datamodel.value.impl.ModifiableRecord
7866
RGL_VALUE_36118 class nl.tudelft.rdfgears.rgl.datamodel.value.impl.ModifiableRecord
7867
RGL_VALUE_36120 class nl.tudelft.rdfgears.rgl.datamodel.value.impl.ModifiableRecord
7868
RGL_VALUE_36122 class nl.tudelft.rdfgears.rgl.datamodel.value.impl.ModifiableRecord
7869
RGL_VALUE_36124 class nl.tudelft.rdfgears.rgl.datamodel.value.impl.ModifiableRecord
7870
RGL_VALUE_36126 class nl.tudelft.rdfgears.rgl.datamodel.value.impl.ModifiableRecord
7871
RGL_VALUE_36128 class nl.tudelft.rdfgears.rgl.datamodel.value.impl.ModifiableRecord
7872
RGL_VALUE_36130 class nl.tudelft.rdfgears.rgl.datamodel.value.impl.ModifiableRecord
7873
RGL_VALUE_36132 class nl.tudelft.rdfgears.rgl.datamodel.value.impl.ModifiableRecord
7874
RGL_VALUE_36134 class nl.tudelft.rdfgears.rgl.datamodel.value.impl.ModifiableRecord
7875
RGL_VALUE_36136 class nl.tudelft.rdfgears.rgl.datamodel.value.impl.ModifiableRecord
7876
RGL_VALUE_36138 class nl.tudelft.rdfgears.rgl.datamodel.value.impl.ModifiableRecord
7877
RGL_VALUE_36140 class nl.tudelft.rdfgears.rgl.datamodel.value.impl.ModifiableRecord
7878
RGL_VALUE_36142 class nl.tudelft.rdfgears.rgl.datamodel.value.impl.ModifiableRecord
7879
RGL_VALUE_36144 class nl.tudelft.rdfgears.rgl.datamodel.value.impl.ModifiableRecord
7880
RGL_VALUE_36146 class nl.tudelft.rdfgears.rgl.datamodel.value.impl.ModifiableRecord
7881
RGL_VALUE_36148 class nl.tudelft.rdfgears.rgl.datamodel.value.impl.ModifiableRecord
7882
RGL_VALUE_36150 class nl.tudelft.rdfgears.rgl.datamodel.value.impl.ModifiableRecord
7883
RGL_VALUE_36152 class nl.tudelft.rdfgears.rgl.datamodel.value.impl.ModifiableRecord
7884
RGL_VALUE_36154 class nl.tudelft.rdfgears.rgl.datamodel.value.impl.ModifiableRecord
7885
RGL_VALUE_36156 class nl.tudelft.rdfgears.rgl.datamodel.value.impl.ModifiableRecord
7886
RGL_VALUE_36158 class nl.tudelft.rdfgears.rgl.datamodel.value.impl.ModifiableRecord
7887
RGL_VALUE_36160 class nl.tudelft.rdfgears.rgl.datamodel.value.impl.ModifiableRecord
7888
RGL_VALUE_36162 class nl.tudelft.rdfgears.rgl.datamodel.value.impl.ModifiableRecord
7889
RGL_VALUE_36164 class nl.tudelft.rdfgears.rgl.datamodel.value.impl.ModifiableRecord
7890
RGL_VALUE_36166 class nl.tudelft.rdfgears.rgl.datamodel.value.impl.ModifiableRecord
7891
RGL_VALUE_36168 class nl.tudelft.rdfgears.rgl.datamodel.value.impl.ModifiableRecord
7892
RGL_VALUE_36170 class nl.tudelft.rdfgears.rgl.datamodel.value.impl.ModifiableRecord
7893
RGL_VALUE_36172 class nl.tudelft.rdfgears.rgl.datamodel.value.impl.ModifiableRecord
7894
RGL_VALUE_36174 class nl.tudelft.rdfgears.rgl.datamodel.value.impl.ModifiableRecord
7895
RGL_VALUE_36176 class nl.tudelft.rdfgears.rgl.datamodel.value.impl.ModifiableRecord
7896
RGL_VALUE_36178 class nl.tudelft.rdfgears.rgl.datamodel.value.impl.ModifiableRecord
7897
RGL_VALUE_36180 class nl.tudelft.rdfgears.rgl.datamodel.value.impl.ModifiableRecord
7898
RGL_VALUE_36182 class nl.tudelft.rdfgears.rgl.datamodel.value.impl.ModifiableRecord
7899
RGL_VALUE_36184 class nl.tudelft.rdfgears.rgl.datamodel.value.impl.ModifiableRecord
7900
RGL_VALUE_36187 class nl.tudelft.rdfgears.rgl.datamodel.value.impl.ModifiableRecord
7901
RGL_VALUE_36189 class nl.tudelft.rdfgears.rgl.datamodel.value.impl.ModifiableRecord
7902
RGL_VALUE_36191 class nl.tudelft.rdfgears.rgl.datamodel.value.impl.ModifiableRecord
7903
RGL_VALUE_36193 class nl.tudelft.rdfgears.rgl.datamodel.value.impl.ModifiableRecord
7904
RGL_VALUE_36195 class nl.tudelft.rdfgears.rgl.datamodel.value.impl.ModifiableRecord
7905
RGL_VALUE_36197 class nl.tudelft.rdfgears.rgl.datamodel.value.impl.ModifiableRecord
7906
RGL_VALUE_36199 class nl.tudelft.rdfgears.rgl.datamodel.value.impl.ModifiableRecord
7907
RGL_VALUE_36201 class nl.tudelft.rdfgears.rgl.datamodel.value.impl.ModifiableRecord
7908
RGL_VALUE_36203 class nl.tudelft.rdfgears.rgl.datamodel.value.impl.ModifiableRecord
7909
RGL_VALUE_36205 class nl.tudelft.rdfgears.rgl.datamodel.value.impl.ModifiableRecord
7910
RGL_VALUE_36207 class nl.tudelft.rdfgears.rgl.datamodel.value.impl.ModifiableRecord
7911
RGL_VALUE_36209 class nl.tudelft.rdfgears.rgl.datamodel.value.impl.ModifiableRecord
7912
RGL_VALUE_36211 class nl.tudelft.rdfgears.rgl.datamodel.value.impl.ModifiableRecord
7913
RGL_VALUE_36213 class nl.tudelft.rdfgears.rgl.datamodel.value.impl.ModifiableRecord
7914
RGL_VALUE_36215 class nl.tudelft.rdfgears.rgl.datamodel.value.impl.ModifiableRecord
7915
RGL_VALUE_36217 class nl.tudelft.rdfgears.rgl.datamodel.value.impl.ModifiableRecord
7916
RGL_VALUE_36219 class nl.tudelft.rdfgears.rgl.datamodel.value.impl.ModifiableRecord
7917
RGL_VALUE_36221 class nl.tudelft.rdfgears.rgl.datamodel.value.impl.ModifiableRecord
7918
RGL_VALUE_36223 class nl.tudelft.rdfgears.rgl.datamodel.value.impl.ModifiableRecord
7919
RGL_VALUE_36225 class nl.tudelft.rdfgears.rgl.datamodel.value.impl.ModifiableRecord
7920
RGL_VALUE_36227 class nl.tudelft.rdfgears.rgl.datamodel.value.impl.ModifiableRecord
7921
RGL_VALUE_36229 class nl.tudelft.rdfgears.rgl.datamodel.value.impl.ModifiableRecord
7922
RGL_VALUE_36231 class nl.tudelft.rdfgears.rgl.datamodel.value.impl.ModifiableRecord
7923
RGL_VALUE_36233 class nl.tudelft.rdfgears.rgl.datamodel.value.impl.ModifiableRecord
7924
RGL_VALUE_36235 class nl.tudelft.rdfgears.rgl.datamodel.value.impl.ModifiableRecord
7925
RGL_VALUE_36237 class nl.tudelft.rdfgears.rgl.datamodel.value.impl.ModifiableRecord
7926
RGL_VALUE_36239 class nl.tudelft.rdfgears.rgl.datamodel.value.impl.ModifiableRecord
7927
RGL_VALUE_36241 class nl.tudelft.rdfgears.rgl.datamodel.value.impl.ModifiableRecord
7928
RGL_VALUE_36243 class nl.tudelft.rdfgears.rgl.datamodel.value.impl.ModifiableRecord
7929
RGL_VALUE_36245 class nl.tudelft.rdfgears.rgl.datamodel.value.impl.ModifiableRecord
7930
RGL_VALUE_36247 class nl.tudelft.rdfgears.rgl.datamodel.value.impl.ModifiableRecord
7931
RGL_VALUE_36249 class nl.tudelft.rdfgears.rgl.datamodel.value.impl.ModifiableRecord
7932
RGL_VALUE_36251 class nl.tudelft.rdfgears.rgl.datamodel.value.impl.ModifiableRecord
7933
RGL_VALUE_36253 class nl.tudelft.rdfgears.rgl.datamodel.value.impl.ModifiableRecord
7934
RGL_VALUE_36255 class nl.tudelft.rdfgears.rgl.datamodel.value.impl.ModifiableRecord
7935
RGL_VALUE_36257 class nl.tudelft.rdfgears.rgl.datamodel.value.impl.ModifiableRecord
7936
RGL_VALUE_36259 class nl.tudelft.rdfgears.rgl.datamodel.value.impl.ModifiableRecord
7937
RGL_VALUE_36261 class nl.tudelft.rdfgears.rgl.datamodel.value.impl.ModifiableRecord
7938
RGL_VALUE_36263 class nl.tudelft.rdfgears.rgl.datamodel.value.impl.ModifiableRecord
7939
RGL_VALUE_36265 class nl.tudelft.rdfgears.rgl.datamodel.value.impl.ModifiableRecord
7940
RGL_VALUE_36267 class nl.tudelft.rdfgears.rgl.datamodel.value.impl.ModifiableRecord
7941
RGL_VALUE_36269 class nl.tudelft.rdfgears.rgl.datamodel.value.impl.ModifiableRecord
7942
RGL_VALUE_36271 class nl.tudelft.rdfgears.rgl.datamodel.value.impl.ModifiableRecord
7943
RGL_VALUE_36273 class nl.tudelft.rdfgears.rgl.datamodel.value.impl.ModifiableRecord
7944
RGL_VALUE_36275 class nl.tudelft.rdfgears.rgl.datamodel.value.impl.ModifiableRecord
7945
RGL_VALUE_36277 class nl.tudelft.rdfgears.rgl.datamodel.value.impl.ModifiableRecord
7946
RGL_VALUE_36279 class nl.tudelft.rdfgears.rgl.datamodel.value.impl.ModifiableRecord
7947
RGL_VALUE_36281 class nl.tudelft.rdfgears.rgl.datamodel.value.impl.ModifiableRecord
7948
RGL_VALUE_36283 class nl.tudelft.rdfgears.rgl.datamodel.value.impl.ModifiableRecord
7949
RGL_VALUE_36285 class nl.tudelft.rdfgears.rgl.datamodel.value.impl.ModifiableRecord
7950
RGL_VALUE_36287 class nl.tudelft.rdfgears.rgl.datamodel.value.impl.ModifiableRecord
7951
RGL_VALUE_36289 class nl.tudelft.rdfgears.rgl.datamodel.value.impl.ModifiableRecord
7952
RGL_VALUE_36291 class nl.tudelft.rdfgears.rgl.datamodel.value.impl.ModifiableRecord
7953
RGL_VALUE_36293 class nl.tudelft.rdfgears.rgl.datamodel.value.impl.ModifiableRecord
7954
RGL_VALUE_36295 class nl.tudelft.rdfgears.rgl.datamodel.value.impl.ModifiableRecord
7955
RGL_VALUE_36297 class nl.tudelft.rdfgears.rgl.datamodel.value.impl.ModifiableRecord
7956
RGL_VALUE_36299 class nl.tudelft.rdfgears.rgl.datamodel.value.impl.ModifiableRecord
7957
RGL_VALUE_36301 class nl.tudelft.rdfgears.rgl.datamodel.value.impl.ModifiableRecord
7958
RGL_VALUE_36303 class nl.tudelft.rdfgears.rgl.datamodel.value.impl.ModifiableRecord
7959
RGL_VALUE_36305 class nl.tudelft.rdfgears.rgl.datamodel.value.impl.ModifiableRecord
7960
RGL_VALUE_36307 class nl.tudelft.rdfgears.rgl.datamodel.value.impl.ModifiableRecord
7961
RGL_VALUE_36309 class nl.tudelft.rdfgears.rgl.datamodel.value.impl.ModifiableRecord
7962
RGL_VALUE_36311 class nl.tudelft.rdfgears.rgl.datamodel.value.impl.ModifiableRecord
7963
RGL_VALUE_36313 class nl.tudelft.rdfgears.rgl.datamodel.value.impl.ModifiableRecord
7964
RGL_VALUE_36315 class nl.tudelft.rdfgears.rgl.datamodel.value.impl.ModifiableRecord
7965
RGL_VALUE_36317 class nl.tudelft.rdfgears.rgl.datamodel.value.impl.ModifiableRecord
7966
RGL_VALUE_36319 class nl.tudelft.rdfgears.rgl.datamodel.value.impl.ModifiableRecord
7967
RGL_VALUE_36321 class nl.tudelft.rdfgears.rgl.datamodel.value.impl.ModifiableRecord
7968
RGL_VALUE_36323 class nl.tudelft.rdfgears.rgl.datamodel.value.impl.ModifiableRecord
7969
RGL_VALUE_36325 class nl.tudelft.rdfgears.rgl.datamodel.value.impl.ModifiableRecord
7970
RGL_VALUE_36327 class nl.tudelft.rdfgears.rgl.datamodel.value.impl.ModifiableRecord
7971
RGL_VALUE_36329 class nl.tudelft.rdfgears.rgl.datamodel.value.impl.ModifiableRecord
7972
RGL_VALUE_36331 class nl.tudelft.rdfgears.rgl.datamodel.value.impl.ModifiableRecord
7973
RGL_VALUE_36333 class nl.tudelft.rdfgears.rgl.datamodel.value.impl.ModifiableRecord
7974
RGL_VALUE_36335 class nl.tudelft.rdfgears.rgl.datamodel.value.impl.ModifiableRecord
7975
RGL_VALUE_36337 class nl.tudelft.rdfgears.rgl.datamodel.value.impl.ModifiableRecord
7976
RGL_VALUE_36339 class nl.tudelft.rdfgears.rgl.datamodel.value.impl.ModifiableRecord
7977
RGL_VALUE_36341 class nl.tudelft.rdfgears.rgl.datamodel.value.impl.ModifiableRecord
7978
RGL_VALUE_36343 class nl.tudelft.rdfgears.rgl.datamodel.value.impl.ModifiableRecord
7979
RGL_VALUE_36345 class nl.tudelft.rdfgears.rgl.datamodel.value.impl.ModifiableRecord
7980
RGL_VALUE_36347 class nl.tudelft.rdfgears.rgl.datamodel.value.impl.ModifiableRecord
7981
RGL_VALUE_36349 class nl.tudelft.rdfgears.rgl.datamodel.value.impl.ModifiableRecord
7982
RGL_VALUE_36351 class nl.tudelft.rdfgears.rgl.datamodel.value.impl.ModifiableRecord
7983
RGL_VALUE_36353 class nl.tudelft.rdfgears.rgl.datamodel.value.impl.ModifiableRecord
7984
RGL_VALUE_36355 class nl.tudelft.rdfgears.rgl.datamodel.value.impl.ModifiableRecord
7985
RGL_VALUE_36357 class nl.tudelft.rdfgears.rgl.datamodel.value.impl.ModifiableRecord
7986
RGL_VALUE_36359 class nl.tudelft.rdfgears.rgl.datamodel.value.impl.ModifiableRecord
7987
RGL_VALUE_36361 class nl.tudelft.rdfgears.rgl.datamodel.value.impl.ModifiableRecord
7988
RGL_VALUE_36363 class nl.tudelft.rdfgears.rgl.datamodel.value.impl.ModifiableRecord
7989
RGL_VALUE_36365 class nl.tudelft.rdfgears.rgl.datamodel.value.impl.ModifiableRecord
7990
RGL_VALUE_36367 class nl.tudelft.rdfgears.rgl.datamodel.value.impl.ModifiableRecord
7991
RGL_VALUE_36369 class nl.tudelft.rdfgears.rgl.datamodel.value.impl.ModifiableRecord
7992
RGL_VALUE_36371 class nl.tudelft.rdfgears.rgl.datamodel.value.impl.ModifiableRecord
7993
RGL_VALUE_36373 class nl.tudelft.rdfgears.rgl.datamodel.value.impl.ModifiableRecord
7994
RGL_VALUE_36375 class nl.tudelft.rdfgears.rgl.datamodel.value.impl.ModifiableRecord
7995
RGL_VALUE_36377 class nl.tudelft.rdfgears.rgl.datamodel.value.impl.ModifiableRecord
7996
RGL_VALUE_36379 class nl.tudelft.rdfgears.rgl.datamodel.value.impl.ModifiableRecord
7997
RGL_VALUE_36381 class nl.tudelft.rdfgears.rgl.datamodel.value.impl.ModifiableRecord
7998
RGL_VALUE_36383 class nl.tudelft.rdfgears.rgl.datamodel.value.impl.ModifiableRecord
7999
RGL_VALUE_36385 class nl.tudelft.rdfgears.rgl.datamodel.value.impl.ModifiableRecord
8000
RGL_VALUE_36388 class nl.tudelft.rdfgears.rgl.datamodel.value.impl.ModifiableRecord
8001
RGL_VALUE_36390 class nl.tudelft.rdfgears.rgl.datamodel.value.impl.ModifiableRecord
8002
RGL_VALUE_36392 class nl.tudelft.rdfgears.rgl.datamodel.value.impl.ModifiableRecord
8003
RGL_VALUE_36394 class nl.tudelft.rdfgears.rgl.datamodel.value.impl.ModifiableRecord
8004
RGL_VALUE_36396 class nl.tudelft.rdfgears.rgl.datamodel.value.impl.ModifiableRecord
8005
RGL_VALUE_36398 class nl.tudelft.rdfgears.rgl.datamodel.value.impl.ModifiableRecord
8006
RGL_VALUE_36400 class nl.tudelft.rdfgears.rgl.datamodel.value.impl.ModifiableRecord
8007
RGL_VALUE_36402 class nl.tudelft.rdfgears.rgl.datamodel.value.impl.ModifiableRecord
8008
RGL_VALUE_36404 class nl.tudelft.rdfgears.rgl.datamodel.value.impl.ModifiableRecord
8009
RGL_VALUE_36406 class nl.tudelft.rdfgears.rgl.datamodel.value.impl.ModifiableRecord
8010
RGL_VALUE_36408 class nl.tudelft.rdfgears.rgl.datamodel.value.impl.ModifiableRecord
8011
RGL_VALUE_36410 class nl.tudelft.rdfgears.rgl.datamodel.value.impl.ModifiableRecord
8012
RGL_VALUE_36412 class nl.tudelft.rdfgears.rgl.datamodel.value.impl.ModifiableRecord
8013
RGL_VALUE_36414 class nl.tudelft.rdfgears.rgl.datamodel.value.impl.ModifiableRecord
8014
RGL_VALUE_36416 class nl.tudelft.rdfgears.rgl.datamodel.value.impl.ModifiableRecord
8015
RGL_VALUE_36418 class nl.tudelft.rdfgears.rgl.datamodel.value.impl.ModifiableRecord
8016
RGL_VALUE_36420 class nl.tudelft.rdfgears.rgl.datamodel.value.impl.ModifiableRecord
8017
RGL_VALUE_36422 class nl.tudelft.rdfgears.rgl.datamodel.value.impl.ModifiableRecord
8018
RGL_VALUE_36424 class nl.tudelft.rdfgears.rgl.datamodel.value.impl.ModifiableRecord
8019
RGL_VALUE_36426 class nl.tudelft.rdfgears.rgl.datamodel.value.impl.ModifiableRecord
8020
RGL_VALUE_36428 class nl.tudelft.rdfgears.rgl.datamodel.value.impl.ModifiableRecord
8021
RGL_VALUE_36430 class nl.tudelft.rdfgears.rgl.datamodel.value.impl.ModifiableRecord
8022
RGL_VALUE_36432 class nl.tudelft.rdfgears.rgl.datamodel.value.impl.ModifiableRecord
8023
RGL_VALUE_36434 class nl.tudelft.rdfgears.rgl.datamodel.value.impl.ModifiableRecord
8024
RGL_VALUE_36436 class nl.tudelft.rdfgears.rgl.datamodel.value.impl.ModifiableRecord
8025
RGL_VALUE_36438 class nl.tudelft.rdfgears.rgl.datamodel.value.impl.ModifiableRecord
8026
RGL_VALUE_36440 class nl.tudelft.rdfgears.rgl.datamodel.value.impl.ModifiableRecord
8027
RGL_VALUE_36442 class nl.tudelft.rdfgears.rgl.datamodel.value.impl.ModifiableRecord
8028
RGL_VALUE_36444 class nl.tudelft.rdfgears.rgl.datamodel.value.impl.ModifiableRecord
8029
RGL_VALUE_36446 class nl.tudelft.rdfgears.rgl.datamodel.value.impl.ModifiableRecord
8030
RGL_VALUE_36448 class nl.tudelft.rdfgears.rgl.datamodel.value.impl.ModifiableRecord
8031
RGL_VALUE_36450 class nl.tudelft.rdfgears.rgl.datamodel.value.impl.ModifiableRecord
8032
RGL_VALUE_36452 class nl.tudelft.rdfgears.rgl.datamodel.value.impl.ModifiableRecord
8033
RGL_VALUE_36454 class nl.tudelft.rdfgears.rgl.datamodel.value.impl.ModifiableRecord
8034
RGL_VALUE_36456 class nl.tudelft.rdfgears.rgl.datamodel.value.impl.ModifiableRecord
8035
RGL_VALUE_36458 class nl.tudelft.rdfgears.rgl.datamodel.value.impl.ModifiableRecord
8036
RGL_VALUE_36460 class nl.tudelft.rdfgears.rgl.datamodel.value.impl.ModifiableRecord
8037
RGL_VALUE_36462 class nl.tudelft.rdfgears.rgl.datamodel.value.impl.ModifiableRecord
8038
RGL_VALUE_36464 class nl.tudelft.rdfgears.rgl.datamodel.value.impl.ModifiableRecord
8039
RGL_VALUE_36466 class nl.tudelft.rdfgears.rgl.datamodel.value.impl.ModifiableRecord
8040
RGL_VALUE_36468 class nl.tudelft.rdfgears.rgl.datamodel.value.impl.ModifiableRecord
8041
RGL_VALUE_36470 class nl.tudelft.rdfgears.rgl.datamodel.value.impl.ModifiableRecord
8042
RGL_VALUE_36472 class nl.tudelft.rdfgears.rgl.datamodel.value.impl.ModifiableRecord
8043
RGL_VALUE_36474 class nl.tudelft.rdfgears.rgl.datamodel.value.impl.ModifiableRecord
8044
RGL_VALUE_36476 class nl.tudelft.rdfgears.rgl.datamodel.value.impl.ModifiableRecord
8045
RGL_VALUE_36478 class nl.tudelft.rdfgears.rgl.datamodel.value.impl.ModifiableRecord
8046
RGL_VALUE_36480 class nl.tudelft.rdfgears.rgl.datamodel.value.impl.ModifiableRecord
8047
RGL_VALUE_36482 class nl.tudelft.rdfgears.rgl.datamodel.value.impl.ModifiableRecord
8048
RGL_VALUE_36484 class nl.tudelft.rdfgears.rgl.datamodel.value.impl.ModifiableRecord
8049
RGL_VALUE_36486 class nl.tudelft.rdfgears.rgl.datamodel.value.impl.ModifiableRecord
8050
RGL_VALUE_36488 class nl.tudelft.rdfgears.rgl.datamodel.value.impl.ModifiableRecord
8051
RGL_VALUE_36490 class nl.tudelft.rdfgears.rgl.datamodel.value.impl.ModifiableRecord
8052
RGL_VALUE_36492 class nl.tudelft.rdfgears.rgl.datamodel.value.impl.ModifiableRecord
8053
RGL_VALUE_36494 class nl.tudelft.rdfgears.rgl.datamodel.value.impl.ModifiableRecord
8054
RGL_VALUE_36496 class nl.tudelft.rdfgears.rgl.datamodel.value.impl.ModifiableRecord
8055
RGL_VALUE_36498 class nl.tudelft.rdfgears.rgl.datamodel.value.impl.ModifiableRecord
8056
RGL_VALUE_36500 class nl.tudelft.rdfgears.rgl.datamodel.value.impl.ModifiableRecord
8057
RGL_VALUE_36502 class nl.tudelft.rdfgears.rgl.datamodel.value.impl.ModifiableRecord
8058
RGL_VALUE_36504 class nl.tudelft.rdfgears.rgl.datamodel.value.impl.ModifiableRecord
8059
RGL_VALUE_36506 class nl.tudelft.rdfgears.rgl.datamodel.value.impl.ModifiableRecord
8060
RGL_VALUE_36508 class nl.tudelft.rdfgears.rgl.datamodel.value.impl.ModifiableRecord
8061
RGL_VALUE_36510 class nl.tudelft.rdfgears.rgl.datamodel.value.impl.ModifiableRecord
8062
RGL_VALUE_36512 class nl.tudelft.rdfgears.rgl.datamodel.value.impl.ModifiableRecord
8063
RGL_VALUE_36514 class nl.tudelft.rdfgears.rgl.datamodel.value.impl.ModifiableRecord
8064
RGL_VALUE_36516 class nl.tudelft.rdfgears.rgl.datamodel.value.impl.ModifiableRecord
8065
RGL_VALUE_36518 class nl.tudelft.rdfgears.rgl.datamodel.value.impl.ModifiableRecord
8066
RGL_VALUE_36520 class nl.tudelft.rdfgears.rgl.datamodel.value.impl.ModifiableRecord
8067
RGL_VALUE_36522 class nl.tudelft.rdfgears.rgl.datamodel.value.impl.ModifiableRecord
8068
RGL_VALUE_36524 class nl.tudelft.rdfgears.rgl.datamodel.value.impl.ModifiableRecord
8069
RGL_VALUE_36526 class nl.tudelft.rdfgears.rgl.datamodel.value.impl.ModifiableRecord
8070
RGL_VALUE_36528 class nl.tudelft.rdfgears.rgl.datamodel.value.impl.ModifiableRecord
8071
RGL_VALUE_36530 class nl.tudelft.rdfgears.rgl.datamodel.value.impl.ModifiableRecord
8072
RGL_VALUE_36532 class nl.tudelft.rdfgears.rgl.datamodel.value.impl.ModifiableRecord
8073
RGL_VALUE_36534 class nl.tudelft.rdfgears.rgl.datamodel.value.impl.ModifiableRecord
8074
RGL_VALUE_36536 class nl.tudelft.rdfgears.rgl.datamodel.value.impl.ModifiableRecord
8075
RGL_VALUE_36538 class nl.tudelft.rdfgears.rgl.datamodel.value.impl.ModifiableRecord
8076
RGL_VALUE_36540 class nl.tudelft.rdfgears.rgl.datamodel.value.impl.ModifiableRecord
8077
RGL_VALUE_36542 class nl.tudelft.rdfgears.rgl.datamodel.value.impl.ModifiableRecord
8078
RGL_VALUE_36544 class nl.tudelft.rdfgears.rgl.datamodel.value.impl.ModifiableRecord
8079
RGL_VALUE_36546 class nl.tudelft.rdfgears.rgl.datamodel.value.impl.ModifiableRecord
8080
RGL_VALUE_36548 class nl.tudelft.rdfgears.rgl.datamodel.value.impl.ModifiableRecord
8081
RGL_VALUE_36550 class nl.tudelft.rdfgears.rgl.datamodel.value.impl.ModifiableRecord
8082
RGL_VALUE_36552 class nl.tudelft.rdfgears.rgl.datamodel.value.impl.ModifiableRecord
8083
RGL_VALUE_36554 class nl.tudelft.rdfgears.rgl.datamodel.value.impl.ModifiableRecord
8084
RGL_VALUE_36556 class nl.tudelft.rdfgears.rgl.datamodel.value.impl.ModifiableRecord
8085
RGL_VALUE_36558 class nl.tudelft.rdfgears.rgl.datamodel.value.impl.ModifiableRecord
8086
RGL_VALUE_36560 class nl.tudelft.rdfgears.rgl.datamodel.value.impl.ModifiableRecord
8087
RGL_VALUE_36562 class nl.tudelft.rdfgears.rgl.datamodel.value.impl.ModifiableRecord
8088
RGL_VALUE_36564 class nl.tudelft.rdfgears.rgl.datamodel.value.impl.ModifiableRecord
8089
RGL_VALUE_36566 class nl.tudelft.rdfgears.rgl.datamodel.value.impl.ModifiableRecord
8090
RGL_VALUE_36568 class nl.tudelft.rdfgears.rgl.datamodel.value.impl.ModifiableRecord
8091
RGL_VALUE_36570 class nl.tudelft.rdfgears.rgl.datamodel.value.impl.ModifiableRecord
8092
RGL_VALUE_36572 class nl.tudelft.rdfgears.rgl.datamodel.value.impl.ModifiableRecord
8093
RGL_VALUE_36574 class nl.tudelft.rdfgears.rgl.datamodel.value.impl.ModifiableRecord
8094
RGL_VALUE_36576 class nl.tudelft.rdfgears.rgl.datamodel.value.impl.ModifiableRecord
8095
RGL_VALUE_36578 class nl.tudelft.rdfgears.rgl.datamodel.value.impl.ModifiableRecord
8096
RGL_VALUE_36580 class nl.tudelft.rdfgears.rgl.datamodel.value.impl.ModifiableRecord
8097
RGL_VALUE_36582 class nl.tudelft.rdfgears.rgl.datamodel.value.impl.ModifiableRecord
8098
RGL_VALUE_36584 class nl.tudelft.rdfgears.rgl.datamodel.value.impl.ModifiableRecord
8099
RGL_VALUE_36586 class nl.tudelft.rdfgears.rgl.datamodel.value.impl.ModifiableRecord
8100
RGL_VALUE_36589 class nl.tudelft.rdfgears.rgl.datamodel.value.impl.ModifiableRecord
8101
RGL_VALUE_36591 class nl.tudelft.rdfgears.rgl.datamodel.value.impl.ModifiableRecord
8102
RGL_VALUE_36593 class nl.tudelft.rdfgears.rgl.datamodel.value.impl.ModifiableRecord
8103
RGL_VALUE_36595 class nl.tudelft.rdfgears.rgl.datamodel.value.impl.ModifiableRecord
8104
RGL_VALUE_36597 class nl.tudelft.rdfgears.rgl.datamodel.value.impl.ModifiableRecord
8105
RGL_VALUE_36599 class nl.tudelft.rdfgears.rgl.datamodel.value.impl.ModifiableRecord
8106
RGL_VALUE_36601 class nl.tudelft.rdfgears.rgl.datamodel.value.impl.ModifiableRecord
8107
RGL_VALUE_36603 class nl.tudelft.rdfgears.rgl.datamodel.value.impl.ModifiableRecord
8108
RGL_VALUE_36605 class nl.tudelft.rdfgears.rgl.datamodel.value.impl.ModifiableRecord
8109
RGL_VALUE_36607 class nl.tudelft.rdfgears.rgl.datamodel.value.impl.ModifiableRecord
8110
RGL_VALUE_36609 class nl.tudelft.rdfgears.rgl.datamodel.value.impl.ModifiableRecord
8111
RGL_VALUE_36611 class nl.tudelft.rdfgears.rgl.datamodel.value.impl.ModifiableRecord
8112
RGL_VALUE_36613 class nl.tudelft.rdfgears.rgl.datamodel.value.impl.ModifiableRecord
8113
RGL_VALUE_36615 class nl.tudelft.rdfgears.rgl.datamodel.value.impl.ModifiableRecord
8114
RGL_VALUE_36617 class nl.tudelft.rdfgears.rgl.datamodel.value.impl.ModifiableRecord
8115
RGL_VALUE_36619 class nl.tudelft.rdfgears.rgl.datamodel.value.impl.ModifiableRecord
8116
RGL_VALUE_36621 class nl.tudelft.rdfgears.rgl.datamodel.value.impl.ModifiableRecord
8117
RGL_VALUE_36623 class nl.tudelft.rdfgears.rgl.datamodel.value.impl.ModifiableRecord
8118
RGL_VALUE_36625 class nl.tudelft.rdfgears.rgl.datamodel.value.impl.ModifiableRecord
8119
RGL_VALUE_36627 class nl.tudelft.rdfgears.rgl.datamodel.value.impl.ModifiableRecord
8120
RGL_VALUE_36629 class nl.tudelft.rdfgears.rgl.datamodel.value.impl.ModifiableRecord
8121
RGL_VALUE_36631 class nl.tudelft.rdfgears.rgl.datamodel.value.impl.ModifiableRecord
8122
RGL_VALUE_36633 class nl.tudelft.rdfgears.rgl.datamodel.value.impl.ModifiableRecord
8123
RGL_VALUE_36635 class nl.tudelft.rdfgears.rgl.datamodel.value.impl.ModifiableRecord
8124
RGL_VALUE_36637 class nl.tudelft.rdfgears.rgl.datamodel.value.impl.ModifiableRecord
8125
RGL_VALUE_36639 class nl.tudelft.rdfgears.rgl.datamodel.value.impl.ModifiableRecord
8126
RGL_VALUE_36641 class nl.tudelft.rdfgears.rgl.datamodel.value.impl.ModifiableRecord
8127
RGL_VALUE_36643 class nl.tudelft.rdfgears.rgl.datamodel.value.impl.ModifiableRecord
8128
RGL_VALUE_36645 class nl.tudelft.rdfgears.rgl.datamodel.value.impl.ModifiableRecord
8129
RGL_VALUE_36647 class nl.tudelft.rdfgears.rgl.datamodel.value.impl.ModifiableRecord
8130
RGL_VALUE_36649 class nl.tudelft.rdfgears.rgl.datamodel.value.impl.ModifiableRecord
8131
RGL_VALUE_36651 class nl.tudelft.rdfgears.rgl.datamodel.value.impl.ModifiableRecord
8132
RGL_VALUE_36653 class nl.tudelft.rdfgears.rgl.datamodel.value.impl.ModifiableRecord
8133
RGL_VALUE_36655 class nl.tudelft.rdfgears.rgl.datamodel.value.impl.ModifiableRecord
8134
RGL_VALUE_36657 class nl.tudelft.rdfgears.rgl.datamodel.value.impl.ModifiableRecord
8135
RGL_VALUE_36659 class nl.tudelft.rdfgears.rgl.datamodel.value.impl.ModifiableRecord
8136
RGL_VALUE_36661 class nl.tudelft.rdfgears.rgl.datamodel.value.impl.ModifiableRecord
8137
RGL_VALUE_36663 class nl.tudelft.rdfgears.rgl.datamodel.value.impl.ModifiableRecord
8138
RGL_VALUE_36665 class nl.tudelft.rdfgears.rgl.datamodel.value.impl.ModifiableRecord
8139
RGL_VALUE_36667 class nl.tudelft.rdfgears.rgl.datamodel.value.impl.ModifiableRecord
8140
RGL_VALUE_36669 class nl.tudelft.rdfgears.rgl.datamodel.value.impl.ModifiableRecord
8141
RGL_VALUE_36671 class nl.tudelft.rdfgears.rgl.datamodel.value.impl.ModifiableRecord
8142
RGL_VALUE_36673 class nl.tudelft.rdfgears.rgl.datamodel.value.impl.ModifiableRecord
8143
RGL_VALUE_36675 class nl.tudelft.rdfgears.rgl.datamodel.value.impl.ModifiableRecord
8144
RGL_VALUE_36677 class nl.tudelft.rdfgears.rgl.datamodel.value.impl.ModifiableRecord
8145
RGL_VALUE_36679 class nl.tudelft.rdfgears.rgl.datamodel.value.impl.ModifiableRecord
8146
RGL_VALUE_36681 class nl.tudelft.rdfgears.rgl.datamodel.value.impl.ModifiableRecord
8147
RGL_VALUE_36683 class nl.tudelft.rdfgears.rgl.datamodel.value.impl.ModifiableRecord
8148
RGL_VALUE_36685 class nl.tudelft.rdfgears.rgl.datamodel.value.impl.ModifiableRecord
8149
RGL_VALUE_36687 class nl.tudelft.rdfgears.rgl.datamodel.value.impl.ModifiableRecord
8150
RGL_VALUE_36689 class nl.tudelft.rdfgears.rgl.datamodel.value.impl.ModifiableRecord
8151
RGL_VALUE_36691 class nl.tudelft.rdfgears.rgl.datamodel.value.impl.ModifiableRecord
8152
RGL_VALUE_36693 class nl.tudelft.rdfgears.rgl.datamodel.value.impl.ModifiableRecord
8153
RGL_VALUE_36695 class nl.tudelft.rdfgears.rgl.datamodel.value.impl.ModifiableRecord
8154
RGL_VALUE_36697 class nl.tudelft.rdfgears.rgl.datamodel.value.impl.ModifiableRecord
8155
RGL_VALUE_36699 class nl.tudelft.rdfgears.rgl.datamodel.value.impl.ModifiableRecord
8156
RGL_VALUE_36701 class nl.tudelft.rdfgears.rgl.datamodel.value.impl.ModifiableRecord
8157
RGL_VALUE_36703 class nl.tudelft.rdfgears.rgl.datamodel.value.impl.ModifiableRecord
8158
RGL_VALUE_36705 class nl.tudelft.rdfgears.rgl.datamodel.value.impl.ModifiableRecord
8159
RGL_VALUE_36707 class nl.tudelft.rdfgears.rgl.datamodel.value.impl.ModifiableRecord
8160
RGL_VALUE_36709 class nl.tudelft.rdfgears.rgl.datamodel.value.impl.ModifiableRecord
8161
RGL_VALUE_36711 class nl.tudelft.rdfgears.rgl.datamodel.value.impl.ModifiableRecord
8162
RGL_VALUE_36713 class nl.tudelft.rdfgears.rgl.datamodel.value.impl.ModifiableRecord
8163
RGL_VALUE_36715 class nl.tudelft.rdfgears.rgl.datamodel.value.impl.ModifiableRecord
8164
RGL_VALUE_36717 class nl.tudelft.rdfgears.rgl.datamodel.value.impl.ModifiableRecord
8165
RGL_VALUE_36719 class nl.tudelft.rdfgears.rgl.datamodel.value.impl.ModifiableRecord
8166
RGL_VALUE_36721 class nl.tudelft.rdfgears.rgl.datamodel.value.impl.ModifiableRecord
8167
RGL_VALUE_36723 class nl.tudelft.rdfgears.rgl.datamodel.value.impl.ModifiableRecord
8168
RGL_VALUE_36725 class nl.tudelft.rdfgears.rgl.datamodel.value.impl.ModifiableRecord
8169
RGL_VALUE_36727 class nl.tudelft.rdfgears.rgl.datamodel.value.impl.ModifiableRecord
8170
RGL_VALUE_36729 class nl.tudelft.rdfgears.rgl.datamodel.value.impl.ModifiableRecord
8171
RGL_VALUE_36731 class nl.tudelft.rdfgears.rgl.datamodel.value.impl.ModifiableRecord
8172
RGL_VALUE_36733 class nl.tudelft.rdfgears.rgl.datamodel.value.impl.ModifiableRecord
8173
RGL_VALUE_36735 class nl.tudelft.rdfgears.rgl.datamodel.value.impl.ModifiableRecord
8174
RGL_VALUE_36737 class nl.tudelft.rdfgears.rgl.datamodel.value.impl.ModifiableRecord
8175
RGL_VALUE_36739 class nl.tudelft.rdfgears.rgl.datamodel.value.impl.ModifiableRecord
8176
RGL_VALUE_36741 class nl.tudelft.rdfgears.rgl.datamodel.value.impl.ModifiableRecord
8177
RGL_VALUE_36743 class nl.tudelft.rdfgears.rgl.datamodel.value.impl.ModifiableRecord
8178
RGL_VALUE_36745 class nl.tudelft.rdfgears.rgl.datamodel.value.impl.ModifiableRecord
8179
RGL_VALUE_36747 class nl.tudelft.rdfgears.rgl.datamodel.value.impl.ModifiableRecord
8180
RGL_VALUE_36749 class nl.tudelft.rdfgears.rgl.datamodel.value.impl.ModifiableRecord
8181
RGL_VALUE_36751 class nl.tudelft.rdfgears.rgl.datamodel.value.impl.ModifiableRecord
8182
RGL_VALUE_36753 class nl.tudelft.rdfgears.rgl.datamodel.value.impl.ModifiableRecord
8183
RGL_VALUE_36755 class nl.tudelft.rdfgears.rgl.datamodel.value.impl.ModifiableRecord
8184
RGL_VALUE_36757 class nl.tudelft.rdfgears.rgl.datamodel.value.impl.ModifiableRecord
8185
RGL_VALUE_36759 class nl.tudelft.rdfgears.rgl.datamodel.value.impl.ModifiableRecord
8186
RGL_VALUE_36761 class nl.tudelft.rdfgears.rgl.datamodel.value.impl.ModifiableRecord
8187
RGL_VALUE_36763 class nl.tudelft.rdfgears.rgl.datamodel.value.impl.ModifiableRecord
8188
RGL_VALUE_36765 class nl.tudelft.rdfgears.rgl.datamodel.value.impl.ModifiableRecord
8189
RGL_VALUE_36767 class nl.tudelft.rdfgears.rgl.datamodel.value.impl.ModifiableRecord
8190
RGL_VALUE_36769 class nl.tudelft.rdfgears.rgl.datamodel.value.impl.ModifiableRecord
8191
RGL_VALUE_36771 class nl.tudelft.rdfgears.rgl.datamodel.value.impl.ModifiableRecord
8192
RGL_VALUE_36773 class nl.tudelft.rdfgears.rgl.datamodel.value.impl.ModifiableRecord
8193
RGL_VALUE_36775 class nl.tudelft.rdfgears.rgl.datamodel.value.impl.ModifiableRecord
8194
RGL_VALUE_36777 class nl.tudelft.rdfgears.rgl.datamodel.value.impl.ModifiableRecord
8195
RGL_VALUE_36779 class nl.tudelft.rdfgears.rgl.datamodel.value.impl.ModifiableRecord
8196
RGL_VALUE_36781 class nl.tudelft.rdfgears.rgl.datamodel.value.impl.ModifiableRecord
8197
RGL_VALUE_36783 class nl.tudelft.rdfgears.rgl.datamodel.value.impl.ModifiableRecord
8198
RGL_VALUE_36785 class nl.tudelft.rdfgears.rgl.datamodel.value.impl.ModifiableRecord
8199
RGL_VALUE_36787 class nl.tudelft.rdfgears.rgl.datamodel.value.impl.ModifiableRecord
8200
RGL_VALUE_36790 class nl.tudelft.rdfgears.rgl.datamodel.value.impl.ModifiableRecord
8201
RGL_VALUE_36792 class nl.tudelft.rdfgears.rgl.datamodel.value.impl.ModifiableRecord
8202
RGL_VALUE_36794 class nl.tudelft.rdfgears.rgl.datamodel.value.impl.ModifiableRecord
8203
RGL_VALUE_36796 class nl.tudelft.rdfgears.rgl.datamodel.value.impl.ModifiableRecord
8204
RGL_VALUE_36798 class nl.tudelft.rdfgears.rgl.datamodel.value.impl.ModifiableRecord
8205
RGL_VALUE_36800 class nl.tudelft.rdfgears.rgl.datamodel.value.impl.ModifiableRecord
8206
RGL_VALUE_36802 class nl.tudelft.rdfgears.rgl.datamodel.value.impl.ModifiableRecord
8207
RGL_VALUE_36804 class nl.tudelft.rdfgears.rgl.datamodel.value.impl.ModifiableRecord
8208
RGL_VALUE_36806 class nl.tudelft.rdfgears.rgl.datamodel.value.impl.ModifiableRecord
8209
RGL_VALUE_36808 class nl.tudelft.rdfgears.rgl.datamodel.value.impl.ModifiableRecord
8210
RGL_VALUE_36810 class nl.tudelft.rdfgears.rgl.datamodel.value.impl.ModifiableRecord
8211
RGL_VALUE_36812 class nl.tudelft.rdfgears.rgl.datamodel.value.impl.ModifiableRecord
8212
RGL_VALUE_36814 class nl.tudelft.rdfgears.rgl.datamodel.value.impl.ModifiableRecord
8213
RGL_VALUE_36816 class nl.tudelft.rdfgears.rgl.datamodel.value.impl.ModifiableRecord
8214
RGL_VALUE_36818 class nl.tudelft.rdfgears.rgl.datamodel.value.impl.ModifiableRecord
8215
RGL_VALUE_36820 class nl.tudelft.rdfgears.rgl.datamodel.value.impl.ModifiableRecord
8216
RGL_VALUE_36822 class nl.tudelft.rdfgears.rgl.datamodel.value.impl.ModifiableRecord
8217
RGL_VALUE_36824 class nl.tudelft.rdfgears.rgl.datamodel.value.impl.ModifiableRecord
8218
RGL_VALUE_36826 class nl.tudelft.rdfgears.rgl.datamodel.value.impl.ModifiableRecord
8219
RGL_VALUE_36828 class nl.tudelft.rdfgears.rgl.datamodel.value.impl.ModifiableRecord
8220
RGL_VALUE_36830 class nl.tudelft.rdfgears.rgl.datamodel.value.impl.ModifiableRecord
8221
RGL_VALUE_36832 class nl.tudelft.rdfgears.rgl.datamodel.value.impl.ModifiableRecord
8222
RGL_VALUE_36834 class nl.tudelft.rdfgears.rgl.datamodel.value.impl.ModifiableRecord
8223
RGL_VALUE_36836 class nl.tudelft.rdfgears.rgl.datamodel.value.impl.ModifiableRecord
8224
RGL_VALUE_36838 class nl.tudelft.rdfgears.rgl.datamodel.value.impl.ModifiableRecord
8225
RGL_VALUE_36840 class nl.tudelft.rdfgears.rgl.datamodel.value.impl.ModifiableRecord
8226
RGL_VALUE_36842 class nl.tudelft.rdfgears.rgl.datamodel.value.impl.ModifiableRecord
8227
RGL_VALUE_36844 class nl.tudelft.rdfgears.rgl.datamodel.value.impl.ModifiableRecord
8228
RGL_VALUE_36846 class nl.tudelft.rdfgears.rgl.datamodel.value.impl.ModifiableRecord
8229
RGL_VALUE_36848 class nl.tudelft.rdfgears.rgl.datamodel.value.impl.ModifiableRecord
8230
RGL_VALUE_36850 class nl.tudelft.rdfgears.rgl.datamodel.value.impl.ModifiableRecord
8231
RGL_VALUE_36852 class nl.tudelft.rdfgears.rgl.datamodel.value.impl.ModifiableRecord
8232
RGL_VALUE_36854 class nl.tudelft.rdfgears.rgl.datamodel.value.impl.ModifiableRecord
8233
RGL_VALUE_36856 class nl.tudelft.rdfgears.rgl.datamodel.value.impl.ModifiableRecord
8234
RGL_VALUE_36858 class nl.tudelft.rdfgears.rgl.datamodel.value.impl.ModifiableRecord
8235
RGL_VALUE_36860 class nl.tudelft.rdfgears.rgl.datamodel.value.impl.ModifiableRecord
8236
RGL_VALUE_36862 class nl.tudelft.rdfgears.rgl.datamodel.value.impl.ModifiableRecord
8237
RGL_VALUE_36864 class nl.tudelft.rdfgears.rgl.datamodel.value.impl.ModifiableRecord
8238
RGL_VALUE_36866 class nl.tudelft.rdfgears.rgl.datamodel.value.impl.ModifiableRecord
8239
RGL_VALUE_36868 class nl.tudelft.rdfgears.rgl.datamodel.value.impl.ModifiableRecord
8240
RGL_VALUE_36870 class nl.tudelft.rdfgears.rgl.datamodel.value.impl.ModifiableRecord
8241
RGL_VALUE_36872 class nl.tudelft.rdfgears.rgl.datamodel.value.impl.ModifiableRecord
8242
RGL_VALUE_36874 class nl.tudelft.rdfgears.rgl.datamodel.value.impl.ModifiableRecord
8243
RGL_VALUE_36876 class nl.tudelft.rdfgears.rgl.datamodel.value.impl.ModifiableRecord
8244
RGL_VALUE_36878 class nl.tudelft.rdfgears.rgl.datamodel.value.impl.ModifiableRecord
8245
RGL_VALUE_36880 class nl.tudelft.rdfgears.rgl.datamodel.value.impl.ModifiableRecord
8246
RGL_VALUE_36882 class nl.tudelft.rdfgears.rgl.datamodel.value.impl.ModifiableRecord
8247
RGL_VALUE_36884 class nl.tudelft.rdfgears.rgl.datamodel.value.impl.ModifiableRecord
8248
RGL_VALUE_36886 class nl.tudelft.rdfgears.rgl.datamodel.value.impl.ModifiableRecord
8249
RGL_VALUE_36888 class nl.tudelft.rdfgears.rgl.datamodel.value.impl.ModifiableRecord
8250
RGL_VALUE_36890 class nl.tudelft.rdfgears.rgl.datamodel.value.impl.ModifiableRecord
8251
RGL_VALUE_36892 class nl.tudelft.rdfgears.rgl.datamodel.value.impl.ModifiableRecord
8252
RGL_VALUE_36894 class nl.tudelft.rdfgears.rgl.datamodel.value.impl.ModifiableRecord
8253
RGL_VALUE_36896 class nl.tudelft.rdfgears.rgl.datamodel.value.impl.ModifiableRecord
8254
RGL_VALUE_36898 class nl.tudelft.rdfgears.rgl.datamodel.value.impl.ModifiableRecord
8255
RGL_VALUE_36900 class nl.tudelft.rdfgears.rgl.datamodel.value.impl.ModifiableRecord
8256
RGL_VALUE_36902 class nl.tudelft.rdfgears.rgl.datamodel.value.impl.ModifiableRecord
8257
RGL_VALUE_36904 class nl.tudelft.rdfgears.rgl.datamodel.value.impl.ModifiableRecord
8258
RGL_VALUE_36906 class nl.tudelft.rdfgears.rgl.datamodel.value.impl.ModifiableRecord
8259
RGL_VALUE_36908 class nl.tudelft.rdfgears.rgl.datamodel.value.impl.ModifiableRecord
8260
RGL_VALUE_36910 class nl.tudelft.rdfgears.rgl.datamodel.value.impl.ModifiableRecord
8261
RGL_VALUE_36912 class nl.tudelft.rdfgears.rgl.datamodel.value.impl.ModifiableRecord
8262
RGL_VALUE_36914 class nl.tudelft.rdfgears.rgl.datamodel.value.impl.ModifiableRecord
8263
RGL_VALUE_36916 class nl.tudelft.rdfgears.rgl.datamodel.value.impl.ModifiableRecord
8264
RGL_VALUE_36918 class nl.tudelft.rdfgears.rgl.datamodel.value.impl.ModifiableRecord
8265
RGL_VALUE_36920 class nl.tudelft.rdfgears.rgl.datamodel.value.impl.ModifiableRecord
8266
RGL_VALUE_36922 class nl.tudelft.rdfgears.rgl.datamodel.value.impl.ModifiableRecord
8267
RGL_VALUE_36924 class nl.tudelft.rdfgears.rgl.datamodel.value.impl.ModifiableRecord
8268
RGL_VALUE_36926 class nl.tudelft.rdfgears.rgl.datamodel.value.impl.ModifiableRecord
8269
RGL_VALUE_36928 class nl.tudelft.rdfgears.rgl.datamodel.value.impl.ModifiableRecord
8270
RGL_VALUE_36930 class nl.tudelft.rdfgears.rgl.datamodel.value.impl.ModifiableRecord
8271
RGL_VALUE_36932 class nl.tudelft.rdfgears.rgl.datamodel.value.impl.ModifiableRecord
8272
RGL_VALUE_36934 class nl.tudelft.rdfgears.rgl.datamodel.value.impl.ModifiableRecord
8273
RGL_VALUE_36936 class nl.tudelft.rdfgears.rgl.datamodel.value.impl.ModifiableRecord
8274
RGL_VALUE_36938 class nl.tudelft.rdfgears.rgl.datamodel.value.impl.ModifiableRecord
8275
RGL_VALUE_36940 class nl.tudelft.rdfgears.rgl.datamodel.value.impl.ModifiableRecord
8276
RGL_VALUE_36942 class nl.tudelft.rdfgears.rgl.datamodel.value.impl.ModifiableRecord
8277
RGL_VALUE_36944 class nl.tudelft.rdfgears.rgl.datamodel.value.impl.ModifiableRecord
8278
RGL_VALUE_36946 class nl.tudelft.rdfgears.rgl.datamodel.value.impl.ModifiableRecord
8279
RGL_VALUE_36948 class nl.tudelft.rdfgears.rgl.datamodel.value.impl.ModifiableRecord
8280
RGL_VALUE_36950 class nl.tudelft.rdfgears.rgl.datamodel.value.impl.ModifiableRecord
8281
RGL_VALUE_36952 class nl.tudelft.rdfgears.rgl.datamodel.value.impl.ModifiableRecord
8282
RGL_VALUE_36954 class nl.tudelft.rdfgears.rgl.datamodel.value.impl.ModifiableRecord
8283
RGL_VALUE_36956 class nl.tudelft.rdfgears.rgl.datamodel.value.impl.ModifiableRecord
8284
RGL_VALUE_36958 class nl.tudelft.rdfgears.rgl.datamodel.value.impl.ModifiableRecord
8285
RGL_VALUE_36960 class nl.tudelft.rdfgears.rgl.datamodel.value.impl.ModifiableRecord
8286
RGL_VALUE_36962 class nl.tudelft.rdfgears.rgl.datamodel.value.impl.ModifiableRecord
8287
RGL_VALUE_36964 class nl.tudelft.rdfgears.rgl.datamodel.value.impl.ModifiableRecord
8288
RGL_VALUE_36966 class nl.tudelft.rdfgears.rgl.datamodel.value.impl.ModifiableRecord
8289
RGL_VALUE_36968 class nl.tudelft.rdfgears.rgl.datamodel.value.impl.ModifiableRecord
8290
RGL_VALUE_36970 class nl.tudelft.rdfgears.rgl.datamodel.value.impl.ModifiableRecord
8291
RGL_VALUE_36972 class nl.tudelft.rdfgears.rgl.datamodel.value.impl.ModifiableRecord
8292
RGL_VALUE_36974 class nl.tudelft.rdfgears.rgl.datamodel.value.impl.ModifiableRecord
8293
RGL_VALUE_36976 class nl.tudelft.rdfgears.rgl.datamodel.value.impl.ModifiableRecord
8294
RGL_VALUE_36978 class nl.tudelft.rdfgears.rgl.datamodel.value.impl.ModifiableRecord
8295
RGL_VALUE_36980 class nl.tudelft.rdfgears.rgl.datamodel.value.impl.ModifiableRecord
8296
RGL_VALUE_36982 class nl.tudelft.rdfgears.rgl.datamodel.value.impl.ModifiableRecord
8297
RGL_VALUE_36984 class nl.tudelft.rdfgears.rgl.datamodel.value.impl.ModifiableRecord
8298
RGL_VALUE_36986 class nl.tudelft.rdfgears.rgl.datamodel.value.impl.ModifiableRecord
8299
RGL_VALUE_36988 class nl.tudelft.rdfgears.rgl.datamodel.value.impl.ModifiableRecord
8300
RGL_VALUE_36991 class nl.tudelft.rdfgears.rgl.datamodel.value.impl.ModifiableRecord
8301
RGL_VALUE_36993 class nl.tudelft.rdfgears.rgl.datamodel.value.impl.ModifiableRecord
8302
RGL_VALUE_36995 class nl.tudelft.rdfgears.rgl.datamodel.value.impl.ModifiableRecord
8303
RGL_VALUE_36997 class nl.tudelft.rdfgears.rgl.datamodel.value.impl.ModifiableRecord
8304
RGL_VALUE_36999 class nl.tudelft.rdfgears.rgl.datamodel.value.impl.ModifiableRecord
8305
RGL_VALUE_37001 class nl.tudelft.rdfgears.rgl.datamodel.value.impl.ModifiableRecord
8306
RGL_VALUE_37003 class nl.tudelft.rdfgears.rgl.datamodel.value.impl.ModifiableRecord
8307
RGL_VALUE_37005 class nl.tudelft.rdfgears.rgl.datamodel.value.impl.ModifiableRecord
8308
RGL_VALUE_37007 class nl.tudelft.rdfgears.rgl.datamodel.value.impl.ModifiableRecord
8309
RGL_VALUE_37009 class nl.tudelft.rdfgears.rgl.datamodel.value.impl.ModifiableRecord
8310
RGL_VALUE_37011 class nl.tudelft.rdfgears.rgl.datamodel.value.impl.ModifiableRecord
8311
RGL_VALUE_37013 class nl.tudelft.rdfgears.rgl.datamodel.value.impl.ModifiableRecord
8312
RGL_VALUE_37015 class nl.tudelft.rdfgears.rgl.datamodel.value.impl.ModifiableRecord
8313
RGL_VALUE_37017 class nl.tudelft.rdfgears.rgl.datamodel.value.impl.ModifiableRecord
8314
RGL_VALUE_37019 class nl.tudelft.rdfgears.rgl.datamodel.value.impl.ModifiableRecord
8315
RGL_VALUE_37021 class nl.tudelft.rdfgears.rgl.datamodel.value.impl.ModifiableRecord
8316
RGL_VALUE_37023 class nl.tudelft.rdfgears.rgl.datamodel.value.impl.ModifiableRecord
8317
RGL_VALUE_37025 class nl.tudelft.rdfgears.rgl.datamodel.value.impl.ModifiableRecord
8318
RGL_VALUE_37027 class nl.tudelft.rdfgears.rgl.datamodel.value.impl.ModifiableRecord
8319
RGL_VALUE_37029 class nl.tudelft.rdfgears.rgl.datamodel.value.impl.ModifiableRecord
8320
RGL_VALUE_37031 class nl.tudelft.rdfgears.rgl.datamodel.value.impl.ModifiableRecord
8321
RGL_VALUE_37033 class nl.tudelft.rdfgears.rgl.datamodel.value.impl.ModifiableRecord
8322
RGL_VALUE_37035 class nl.tudelft.rdfgears.rgl.datamodel.value.impl.ModifiableRecord
8323
RGL_VALUE_37037 class nl.tudelft.rdfgears.rgl.datamodel.value.impl.ModifiableRecord
8324
RGL_VALUE_37039 class nl.tudelft.rdfgears.rgl.datamodel.value.impl.ModifiableRecord
8325
RGL_VALUE_37041 class nl.tudelft.rdfgears.rgl.datamodel.value.impl.ModifiableRecord
8326
RGL_VALUE_37043 class nl.tudelft.rdfgears.rgl.datamodel.value.impl.ModifiableRecord
8327
RGL_VALUE_37045 class nl.tudelft.rdfgears.rgl.datamodel.value.impl.ModifiableRecord
8328
RGL_VALUE_37047 class nl.tudelft.rdfgears.rgl.datamodel.value.impl.ModifiableRecord
8329
RGL_VALUE_37049 class nl.tudelft.rdfgears.rgl.datamodel.value.impl.ModifiableRecord
8330
RGL_VALUE_37051 class nl.tudelft.rdfgears.rgl.datamodel.value.impl.ModifiableRecord
8331
RGL_VALUE_37053 class nl.tudelft.rdfgears.rgl.datamodel.value.impl.ModifiableRecord
8332
RGL_VALUE_37055 class nl.tudelft.rdfgears.rgl.datamodel.value.impl.ModifiableRecord
8333
RGL_VALUE_37057 class nl.tudelft.rdfgears.rgl.datamodel.value.impl.ModifiableRecord
8334
RGL_VALUE_37059 class nl.tudelft.rdfgears.rgl.datamodel.value.impl.ModifiableRecord
8335
RGL_VALUE_37061 class nl.tudelft.rdfgears.rgl.datamodel.value.impl.ModifiableRecord
8336
RGL_VALUE_37063 class nl.tudelft.rdfgears.rgl.datamodel.value.impl.ModifiableRecord
8337
RGL_VALUE_37065 class nl.tudelft.rdfgears.rgl.datamodel.value.impl.ModifiableRecord
8338
RGL_VALUE_37067 class nl.tudelft.rdfgears.rgl.datamodel.value.impl.ModifiableRecord
8339
RGL_VALUE_37069 class nl.tudelft.rdfgears.rgl.datamodel.value.impl.ModifiableRecord
8340
RGL_VALUE_37071 class nl.tudelft.rdfgears.rgl.datamodel.value.impl.ModifiableRecord
8341
RGL_VALUE_37073 class nl.tudelft.rdfgears.rgl.datamodel.value.impl.ModifiableRecord
8342
RGL_VALUE_37075 class nl.tudelft.rdfgears.rgl.datamodel.value.impl.ModifiableRecord
8343
RGL_VALUE_37077 class nl.tudelft.rdfgears.rgl.datamodel.value.impl.ModifiableRecord
8344
RGL_VALUE_37079 class nl.tudelft.rdfgears.rgl.datamodel.value.impl.ModifiableRecord
8345
RGL_VALUE_37081 class nl.tudelft.rdfgears.rgl.datamodel.value.impl.ModifiableRecord
8346
RGL_VALUE_37083 class nl.tudelft.rdfgears.rgl.datamodel.value.impl.ModifiableRecord
8347
RGL_VALUE_37085 class nl.tudelft.rdfgears.rgl.datamodel.value.impl.ModifiableRecord
8348
RGL_VALUE_37087 class nl.tudelft.rdfgears.rgl.datamodel.value.impl.ModifiableRecord
8349
RGL_VALUE_37089 class nl.tudelft.rdfgears.rgl.datamodel.value.impl.ModifiableRecord
8350
RGL_VALUE_37091 class nl.tudelft.rdfgears.rgl.datamodel.value.impl.ModifiableRecord
8351
RGL_VALUE_37093 class nl.tudelft.rdfgears.rgl.datamodel.value.impl.ModifiableRecord
8352
RGL_VALUE_37095 class nl.tudelft.rdfgears.rgl.datamodel.value.impl.ModifiableRecord
8353
RGL_VALUE_37097 class nl.tudelft.rdfgears.rgl.datamodel.value.impl.ModifiableRecord
8354
RGL_VALUE_37099 class nl.tudelft.rdfgears.rgl.datamodel.value.impl.ModifiableRecord
8355
RGL_VALUE_37101 class nl.tudelft.rdfgears.rgl.datamodel.value.impl.ModifiableRecord
8356
RGL_VALUE_37103 class nl.tudelft.rdfgears.rgl.datamodel.value.impl.ModifiableRecord
8357
RGL_VALUE_37105 class nl.tudelft.rdfgears.rgl.datamodel.value.impl.ModifiableRecord
8358
RGL_VALUE_37107 class nl.tudelft.rdfgears.rgl.datamodel.value.impl.ModifiableRecord
8359
RGL_VALUE_37109 class nl.tudelft.rdfgears.rgl.datamodel.value.impl.ModifiableRecord
8360
RGL_VALUE_37111 class nl.tudelft.rdfgears.rgl.datamodel.value.impl.ModifiableRecord
8361
RGL_VALUE_37113 class nl.tudelft.rdfgears.rgl.datamodel.value.impl.ModifiableRecord
8362
RGL_VALUE_37115 class nl.tudelft.rdfgears.rgl.datamodel.value.impl.ModifiableRecord
8363
RGL_VALUE_37117 class nl.tudelft.rdfgears.rgl.datamodel.value.impl.ModifiableRecord
8364
RGL_VALUE_37119 class nl.tudelft.rdfgears.rgl.datamodel.value.impl.ModifiableRecord
8365
RGL_VALUE_37121 class nl.tudelft.rdfgears.rgl.datamodel.value.impl.ModifiableRecord
8366
RGL_VALUE_37123 class nl.tudelft.rdfgears.rgl.datamodel.value.impl.ModifiableRecord
8367
RGL_VALUE_37125 class nl.tudelft.rdfgears.rgl.datamodel.value.impl.ModifiableRecord
8368
RGL_VALUE_37127 class nl.tudelft.rdfgears.rgl.datamodel.value.impl.ModifiableRecord
8369
RGL_VALUE_37129 class nl.tudelft.rdfgears.rgl.datamodel.value.impl.ModifiableRecord
8370
RGL_VALUE_37131 class nl.tudelft.rdfgears.rgl.datamodel.value.impl.ModifiableRecord
8371
RGL_VALUE_37133 class nl.tudelft.rdfgears.rgl.datamodel.value.impl.ModifiableRecord
8372
RGL_VALUE_37135 class nl.tudelft.rdfgears.rgl.datamodel.value.impl.ModifiableRecord
8373
RGL_VALUE_37137 class nl.tudelft.rdfgears.rgl.datamodel.value.impl.ModifiableRecord
8374
RGL_VALUE_37139 class nl.tudelft.rdfgears.rgl.datamodel.value.impl.ModifiableRecord
8375
RGL_VALUE_37141 class nl.tudelft.rdfgears.rgl.datamodel.value.impl.ModifiableRecord
8376
RGL_VALUE_37143 class nl.tudelft.rdfgears.rgl.datamodel.value.impl.ModifiableRecord
8377
RGL_VALUE_37145 class nl.tudelft.rdfgears.rgl.datamodel.value.impl.ModifiableRecord
8378
RGL_VALUE_37147 class nl.tudelft.rdfgears.rgl.datamodel.value.impl.ModifiableRecord
8379
RGL_VALUE_37149 class nl.tudelft.rdfgears.rgl.datamodel.value.impl.ModifiableRecord
8380
RGL_VALUE_37151 class nl.tudelft.rdfgears.rgl.datamodel.value.impl.ModifiableRecord
8381
RGL_VALUE_37153 class nl.tudelft.rdfgears.rgl.datamodel.value.impl.ModifiableRecord
8382
RGL_VALUE_37155 class nl.tudelft.rdfgears.rgl.datamodel.value.impl.ModifiableRecord
8383
RGL_VALUE_37157 class nl.tudelft.rdfgears.rgl.datamodel.value.impl.ModifiableRecord
8384
RGL_VALUE_37159 class nl.tudelft.rdfgears.rgl.datamodel.value.impl.ModifiableRecord
8385
RGL_VALUE_37161 class nl.tudelft.rdfgears.rgl.datamodel.value.impl.ModifiableRecord
8386
RGL_VALUE_37163 class nl.tudelft.rdfgears.rgl.datamodel.value.impl.ModifiableRecord
8387
RGL_VALUE_37165 class nl.tudelft.rdfgears.rgl.datamodel.value.impl.ModifiableRecord
8388
RGL_VALUE_37167 class nl.tudelft.rdfgears.rgl.datamodel.value.impl.ModifiableRecord
8389
RGL_VALUE_37169 class nl.tudelft.rdfgears.rgl.datamodel.value.impl.ModifiableRecord
8390
RGL_VALUE_37171 class nl.tudelft.rdfgears.rgl.datamodel.value.impl.ModifiableRecord
8391
RGL_VALUE_37173 class nl.tudelft.rdfgears.rgl.datamodel.value.impl.ModifiableRecord
8392
RGL_VALUE_37175 class nl.tudelft.rdfgears.rgl.datamodel.value.impl.ModifiableRecord
8393
RGL_VALUE_37177 class nl.tudelft.rdfgears.rgl.datamodel.value.impl.ModifiableRecord
8394
RGL_VALUE_37179 class nl.tudelft.rdfgears.rgl.datamodel.value.impl.ModifiableRecord
8395
RGL_VALUE_37181 class nl.tudelft.rdfgears.rgl.datamodel.value.impl.ModifiableRecord
8396
RGL_VALUE_37183 class nl.tudelft.rdfgears.rgl.datamodel.value.impl.ModifiableRecord
8397
RGL_VALUE_37185 class nl.tudelft.rdfgears.rgl.datamodel.value.impl.ModifiableRecord
8398
RGL_VALUE_37187 class nl.tudelft.rdfgears.rgl.datamodel.value.impl.ModifiableRecord
8399
RGL_VALUE_37189 class nl.tudelft.rdfgears.rgl.datamodel.value.impl.ModifiableRecord
8400
RGL_VALUE_37192 class nl.tudelft.rdfgears.rgl.datamodel.value.impl.ModifiableRecord
8401
RGL_VALUE_37194 class nl.tudelft.rdfgears.rgl.datamodel.value.impl.ModifiableRecord
8402
RGL_VALUE_37196 class nl.tudelft.rdfgears.rgl.datamodel.value.impl.ModifiableRecord
8403
RGL_VALUE_37198 class nl.tudelft.rdfgears.rgl.datamodel.value.impl.ModifiableRecord
8404
RGL_VALUE_37200 class nl.tudelft.rdfgears.rgl.datamodel.value.impl.ModifiableRecord
8405
RGL_VALUE_37202 class nl.tudelft.rdfgears.rgl.datamodel.value.impl.ModifiableRecord
8406
RGL_VALUE_37204 class nl.tudelft.rdfgears.rgl.datamodel.value.impl.ModifiableRecord
8407
RGL_VALUE_37206 class nl.tudelft.rdfgears.rgl.datamodel.value.impl.ModifiableRecord
8408
RGL_VALUE_37208 class nl.tudelft.rdfgears.rgl.datamodel.value.impl.ModifiableRecord
8409
RGL_VALUE_37210 class nl.tudelft.rdfgears.rgl.datamodel.value.impl.ModifiableRecord
8410
RGL_VALUE_37212 class nl.tudelft.rdfgears.rgl.datamodel.value.impl.ModifiableRecord
8411
RGL_VALUE_37214 class nl.tudelft.rdfgears.rgl.datamodel.value.impl.ModifiableRecord
8412
RGL_VALUE_37216 class nl.tudelft.rdfgears.rgl.datamodel.value.impl.ModifiableRecord
8413
RGL_VALUE_37218 class nl.tudelft.rdfgears.rgl.datamodel.value.impl.ModifiableRecord
8414
RGL_VALUE_37220 class nl.tudelft.rdfgears.rgl.datamodel.value.impl.ModifiableRecord
8415
RGL_VALUE_37222 class nl.tudelft.rdfgears.rgl.datamodel.value.impl.ModifiableRecord
8416
RGL_VALUE_37224 class nl.tudelft.rdfgears.rgl.datamodel.value.impl.ModifiableRecord
8417
RGL_VALUE_37226 class nl.tudelft.rdfgears.rgl.datamodel.value.impl.ModifiableRecord
8418
RGL_VALUE_37228 class nl.tudelft.rdfgears.rgl.datamodel.value.impl.ModifiableRecord
8419
RGL_VALUE_37230 class nl.tudelft.rdfgears.rgl.datamodel.value.impl.ModifiableRecord
8420
RGL_VALUE_37232 class nl.tudelft.rdfgears.rgl.datamodel.value.impl.ModifiableRecord
8421
RGL_VALUE_37234 class nl.tudelft.rdfgears.rgl.datamodel.value.impl.ModifiableRecord
8422
RGL_VALUE_37236 class nl.tudelft.rdfgears.rgl.datamodel.value.impl.ModifiableRecord
8423
RGL_VALUE_37238 class nl.tudelft.rdfgears.rgl.datamodel.value.impl.ModifiableRecord
8424
RGL_VALUE_37240 class nl.tudelft.rdfgears.rgl.datamodel.value.impl.ModifiableRecord
8425
RGL_VALUE_37242 class nl.tudelft.rdfgears.rgl.datamodel.value.impl.ModifiableRecord
8426
RGL_VALUE_37244 class nl.tudelft.rdfgears.rgl.datamodel.value.impl.ModifiableRecord
8427
RGL_VALUE_37246 class nl.tudelft.rdfgears.rgl.datamodel.value.impl.ModifiableRecord
8428
RGL_VALUE_37248 class nl.tudelft.rdfgears.rgl.datamodel.value.impl.ModifiableRecord
8429
RGL_VALUE_37250 class nl.tudelft.rdfgears.rgl.datamodel.value.impl.ModifiableRecord
8430
RGL_VALUE_37252 class nl.tudelft.rdfgears.rgl.datamodel.value.impl.ModifiableRecord
8431
RGL_VALUE_37254 class nl.tudelft.rdfgears.rgl.datamodel.value.impl.ModifiableRecord
8432
RGL_VALUE_37256 class nl.tudelft.rdfgears.rgl.datamodel.value.impl.ModifiableRecord
8433
RGL_VALUE_37258 class nl.tudelft.rdfgears.rgl.datamodel.value.impl.ModifiableRecord
8434
RGL_VALUE_37260 class nl.tudelft.rdfgears.rgl.datamodel.value.impl.ModifiableRecord
8435
RGL_VALUE_37262 class nl.tudelft.rdfgears.rgl.datamodel.value.impl.ModifiableRecord
8436
RGL_VALUE_37264 class nl.tudelft.rdfgears.rgl.datamodel.value.impl.ModifiableRecord
8437
RGL_VALUE_37266 class nl.tudelft.rdfgears.rgl.datamodel.value.impl.ModifiableRecord
8438
RGL_VALUE_37268 class nl.tudelft.rdfgears.rgl.datamodel.value.impl.ModifiableRecord
8439
RGL_VALUE_37270 class nl.tudelft.rdfgears.rgl.datamodel.value.impl.ModifiableRecord
8440
RGL_VALUE_37272 class nl.tudelft.rdfgears.rgl.datamodel.value.impl.ModifiableRecord
8441
RGL_VALUE_37274 class nl.tudelft.rdfgears.rgl.datamodel.value.impl.ModifiableRecord
8442
RGL_VALUE_37276 class nl.tudelft.rdfgears.rgl.datamodel.value.impl.ModifiableRecord
8443
RGL_VALUE_37278 class nl.tudelft.rdfgears.rgl.datamodel.value.impl.ModifiableRecord
8444
RGL_VALUE_37280 class nl.tudelft.rdfgears.rgl.datamodel.value.impl.ModifiableRecord
8445
RGL_VALUE_37282 class nl.tudelft.rdfgears.rgl.datamodel.value.impl.ModifiableRecord
8446
RGL_VALUE_37284 class nl.tudelft.rdfgears.rgl.datamodel.value.impl.ModifiableRecord
8447
RGL_VALUE_37286 class nl.tudelft.rdfgears.rgl.datamodel.value.impl.ModifiableRecord
8448
RGL_VALUE_37288 class nl.tudelft.rdfgears.rgl.datamodel.value.impl.ModifiableRecord
8449
RGL_VALUE_37290 class nl.tudelft.rdfgears.rgl.datamodel.value.impl.ModifiableRecord
8450
RGL_VALUE_37292 class nl.tudelft.rdfgears.rgl.datamodel.value.impl.ModifiableRecord
8451
RGL_VALUE_37294 class nl.tudelft.rdfgears.rgl.datamodel.value.impl.ModifiableRecord
8452
RGL_VALUE_37296 class nl.tudelft.rdfgears.rgl.datamodel.value.impl.ModifiableRecord
8453
RGL_VALUE_37298 class nl.tudelft.rdfgears.rgl.datamodel.value.impl.ModifiableRecord
8454
RGL_VALUE_37300 class nl.tudelft.rdfgears.rgl.datamodel.value.impl.ModifiableRecord
8455
RGL_VALUE_37302 class nl.tudelft.rdfgears.rgl.datamodel.value.impl.ModifiableRecord
8456
RGL_VALUE_37304 class nl.tudelft.rdfgears.rgl.datamodel.value.impl.ModifiableRecord
8457
RGL_VALUE_37306 class nl.tudelft.rdfgears.rgl.datamodel.value.impl.ModifiableRecord
8458
RGL_VALUE_37308 class nl.tudelft.rdfgears.rgl.datamodel.value.impl.ModifiableRecord
8459
RGL_VALUE_37310 class nl.tudelft.rdfgears.rgl.datamodel.value.impl.ModifiableRecord
8460
RGL_VALUE_37312 class nl.tudelft.rdfgears.rgl.datamodel.value.impl.ModifiableRecord
8461
RGL_VALUE_37314 class nl.tudelft.rdfgears.rgl.datamodel.value.impl.ModifiableRecord
8462
RGL_VALUE_37316 class nl.tudelft.rdfgears.rgl.datamodel.value.impl.ModifiableRecord
8463
RGL_VALUE_37318 class nl.tudelft.rdfgears.rgl.datamodel.value.impl.ModifiableRecord
8464
RGL_VALUE_37320 class nl.tudelft.rdfgears.rgl.datamodel.value.impl.ModifiableRecord
8465
RGL_VALUE_37322 class nl.tudelft.rdfgears.rgl.datamodel.value.impl.ModifiableRecord
8466
RGL_VALUE_37324 class nl.tudelft.rdfgears.rgl.datamodel.value.impl.ModifiableRecord
8467
RGL_VALUE_37326 class nl.tudelft.rdfgears.rgl.datamodel.value.impl.ModifiableRecord
8468
RGL_VALUE_37328 class nl.tudelft.rdfgears.rgl.datamodel.value.impl.ModifiableRecord
8469
RGL_VALUE_37330 class nl.tudelft.rdfgears.rgl.datamodel.value.impl.ModifiableRecord
8470
RGL_VALUE_37332 class nl.tudelft.rdfgears.rgl.datamodel.value.impl.ModifiableRecord
8471
RGL_VALUE_37334 class nl.tudelft.rdfgears.rgl.datamodel.value.impl.ModifiableRecord
8472
RGL_VALUE_37336 class nl.tudelft.rdfgears.rgl.datamodel.value.impl.ModifiableRecord
8473
RGL_VALUE_37338 class nl.tudelft.rdfgears.rgl.datamodel.value.impl.ModifiableRecord
8474
RGL_VALUE_37340 class nl.tudelft.rdfgears.rgl.datamodel.value.impl.ModifiableRecord
8475
RGL_VALUE_37342 class nl.tudelft.rdfgears.rgl.datamodel.value.impl.ModifiableRecord
8476
RGL_VALUE_37344 class nl.tudelft.rdfgears.rgl.datamodel.value.impl.ModifiableRecord
8477
RGL_VALUE_37346 class nl.tudelft.rdfgears.rgl.datamodel.value.impl.ModifiableRecord
8478
RGL_VALUE_37348 class nl.tudelft.rdfgears.rgl.datamodel.value.impl.ModifiableRecord
8479
RGL_VALUE_37350 class nl.tudelft.rdfgears.rgl.datamodel.value.impl.ModifiableRecord
8480
RGL_VALUE_37352 class nl.tudelft.rdfgears.rgl.datamodel.value.impl.ModifiableRecord
8481
RGL_VALUE_37354 class nl.tudelft.rdfgears.rgl.datamodel.value.impl.ModifiableRecord
8482
RGL_VALUE_37356 class nl.tudelft.rdfgears.rgl.datamodel.value.impl.ModifiableRecord
8483
RGL_VALUE_37358 class nl.tudelft.rdfgears.rgl.datamodel.value.impl.ModifiableRecord
8484
RGL_VALUE_37360 class nl.tudelft.rdfgears.rgl.datamodel.value.impl.ModifiableRecord
8485
RGL_VALUE_37362 class nl.tudelft.rdfgears.rgl.datamodel.value.impl.ModifiableRecord
8486
RGL_VALUE_37364 class nl.tudelft.rdfgears.rgl.datamodel.value.impl.ModifiableRecord
8487
RGL_VALUE_37366 class nl.tudelft.rdfgears.rgl.datamodel.value.impl.ModifiableRecord
8488
RGL_VALUE_37368 class nl.tudelft.rdfgears.rgl.datamodel.value.impl.ModifiableRecord
8489
RGL_VALUE_37370 class nl.tudelft.rdfgears.rgl.datamodel.value.impl.ModifiableRecord
8490
RGL_VALUE_37372 class nl.tudelft.rdfgears.rgl.datamodel.value.impl.ModifiableRecord
8491
RGL_VALUE_37374 class nl.tudelft.rdfgears.rgl.datamodel.value.impl.ModifiableRecord
8492
RGL_VALUE_37376 class nl.tudelft.rdfgears.rgl.datamodel.value.impl.ModifiableRecord
8493
RGL_VALUE_37378 class nl.tudelft.rdfgears.rgl.datamodel.value.impl.ModifiableRecord
8494
RGL_VALUE_37380 class nl.tudelft.rdfgears.rgl.datamodel.value.impl.ModifiableRecord
8495
RGL_VALUE_37382 class nl.tudelft.rdfgears.rgl.datamodel.value.impl.ModifiableRecord
8496
RGL_VALUE_37384 class nl.tudelft.rdfgears.rgl.datamodel.value.impl.ModifiableRecord
8497
RGL_VALUE_37386 class nl.tudelft.rdfgears.rgl.datamodel.value.impl.ModifiableRecord
8498
RGL_VALUE_37388 class nl.tudelft.rdfgears.rgl.datamodel.value.impl.ModifiableRecord
8499
RGL_VALUE_37390 class nl.tudelft.rdfgears.rgl.datamodel.value.impl.ModifiableRecord
8500
RGL_VALUE_37393 class nl.tudelft.rdfgears.rgl.datamodel.value.impl.ModifiableRecord
8501
RGL_VALUE_37395 class nl.tudelft.rdfgears.rgl.datamodel.value.impl.ModifiableRecord
8502
RGL_VALUE_37397 class nl.tudelft.rdfgears.rgl.datamodel.value.impl.ModifiableRecord
8503
RGL_VALUE_37399 class nl.tudelft.rdfgears.rgl.datamodel.value.impl.ModifiableRecord
8504
RGL_VALUE_37401 class nl.tudelft.rdfgears.rgl.datamodel.value.impl.ModifiableRecord
8505
RGL_VALUE_37403 class nl.tudelft.rdfgears.rgl.datamodel.value.impl.ModifiableRecord
8506
RGL_VALUE_37405 class nl.tudelft.rdfgears.rgl.datamodel.value.impl.ModifiableRecord
8507
RGL_VALUE_37407 class nl.tudelft.rdfgears.rgl.datamodel.value.impl.ModifiableRecord
8508
RGL_VALUE_37409 class nl.tudelft.rdfgears.rgl.datamodel.value.impl.ModifiableRecord
8509
RGL_VALUE_37411 class nl.tudelft.rdfgears.rgl.datamodel.value.impl.ModifiableRecord
8510
RGL_VALUE_37413 class nl.tudelft.rdfgears.rgl.datamodel.value.impl.ModifiableRecord
8511
RGL_VALUE_37415 class nl.tudelft.rdfgears.rgl.datamodel.value.impl.ModifiableRecord
8512
RGL_VALUE_37417 class nl.tudelft.rdfgears.rgl.datamodel.value.impl.ModifiableRecord
8513
RGL_VALUE_37419 class nl.tudelft.rdfgears.rgl.datamodel.value.impl.ModifiableRecord
8514
RGL_VALUE_37421 class nl.tudelft.rdfgears.rgl.datamodel.value.impl.ModifiableRecord
8515
RGL_VALUE_37423 class nl.tudelft.rdfgears.rgl.datamodel.value.impl.ModifiableRecord
8516
RGL_VALUE_37425 class nl.tudelft.rdfgears.rgl.datamodel.value.impl.ModifiableRecord
8517
RGL_VALUE_37427 class nl.tudelft.rdfgears.rgl.datamodel.value.impl.ModifiableRecord
8518
RGL_VALUE_37429 class nl.tudelft.rdfgears.rgl.datamodel.value.impl.ModifiableRecord
8519
RGL_VALUE_37431 class nl.tudelft.rdfgears.rgl.datamodel.value.impl.ModifiableRecord
8520
RGL_VALUE_37433 class nl.tudelft.rdfgears.rgl.datamodel.value.impl.ModifiableRecord
8521
RGL_VALUE_37435 class nl.tudelft.rdfgears.rgl.datamodel.value.impl.ModifiableRecord
8522
RGL_VALUE_37437 class nl.tudelft.rdfgears.rgl.datamodel.value.impl.ModifiableRecord
8523
RGL_VALUE_37439 class nl.tudelft.rdfgears.rgl.datamodel.value.impl.ModifiableRecord
8524
RGL_VALUE_37441 class nl.tudelft.rdfgears.rgl.datamodel.value.impl.ModifiableRecord
8525
RGL_VALUE_37443 class nl.tudelft.rdfgears.rgl.datamodel.value.impl.ModifiableRecord
8526
RGL_VALUE_37445 class nl.tudelft.rdfgears.rgl.datamodel.value.impl.ModifiableRecord
8527
RGL_VALUE_37447 class nl.tudelft.rdfgears.rgl.datamodel.value.impl.ModifiableRecord
8528
RGL_VALUE_37449 class nl.tudelft.rdfgears.rgl.datamodel.value.impl.ModifiableRecord
8529
RGL_VALUE_37451 class nl.tudelft.rdfgears.rgl.datamodel.value.impl.ModifiableRecord
8530
RGL_VALUE_37453 class nl.tudelft.rdfgears.rgl.datamodel.value.impl.ModifiableRecord
8531
RGL_VALUE_37455 class nl.tudelft.rdfgears.rgl.datamodel.value.impl.ModifiableRecord
8532
RGL_VALUE_37457 class nl.tudelft.rdfgears.rgl.datamodel.value.impl.ModifiableRecord
8533
RGL_VALUE_37459 class nl.tudelft.rdfgears.rgl.datamodel.value.impl.ModifiableRecord
8534
RGL_VALUE_37461 class nl.tudelft.rdfgears.rgl.datamodel.value.impl.ModifiableRecord
8535
RGL_VALUE_37463 class nl.tudelft.rdfgears.rgl.datamodel.value.impl.ModifiableRecord
8536
RGL_VALUE_37465 class nl.tudelft.rdfgears.rgl.datamodel.value.impl.ModifiableRecord
8537
RGL_VALUE_37467 class nl.tudelft.rdfgears.rgl.datamodel.value.impl.ModifiableRecord
8538
RGL_VALUE_37469 class nl.tudelft.rdfgears.rgl.datamodel.value.impl.ModifiableRecord
8539
RGL_VALUE_37471 class nl.tudelft.rdfgears.rgl.datamodel.value.impl.ModifiableRecord
8540
RGL_VALUE_37473 class nl.tudelft.rdfgears.rgl.datamodel.value.impl.ModifiableRecord
8541
RGL_VALUE_37475 class nl.tudelft.rdfgears.rgl.datamodel.value.impl.ModifiableRecord
8542
RGL_VALUE_37477 class nl.tudelft.rdfgears.rgl.datamodel.value.impl.ModifiableRecord
8543
RGL_VALUE_37479 class nl.tudelft.rdfgears.rgl.datamodel.value.impl.ModifiableRecord
8544
RGL_VALUE_37481 class nl.tudelft.rdfgears.rgl.datamodel.value.impl.ModifiableRecord
8545
RGL_VALUE_37483 class nl.tudelft.rdfgears.rgl.datamodel.value.impl.ModifiableRecord
8546
RGL_VALUE_37485 class nl.tudelft.rdfgears.rgl.datamodel.value.impl.ModifiableRecord
8547
RGL_VALUE_37487 class nl.tudelft.rdfgears.rgl.datamodel.value.impl.ModifiableRecord
8548
RGL_VALUE_37489 class nl.tudelft.rdfgears.rgl.datamodel.value.impl.ModifiableRecord
8549
RGL_VALUE_37491 class nl.tudelft.rdfgears.rgl.datamodel.value.impl.ModifiableRecord
8550
RGL_VALUE_37493 class nl.tudelft.rdfgears.rgl.datamodel.value.impl.ModifiableRecord
8551
RGL_VALUE_37495 class nl.tudelft.rdfgears.rgl.datamodel.value.impl.ModifiableRecord
8552
RGL_VALUE_37497 class nl.tudelft.rdfgears.rgl.datamodel.value.impl.ModifiableRecord
8553
RGL_VALUE_37499 class nl.tudelft.rdfgears.rgl.datamodel.value.impl.ModifiableRecord
8554
RGL_VALUE_37501 class nl.tudelft.rdfgears.rgl.datamodel.value.impl.ModifiableRecord
8555
RGL_VALUE_37503 class nl.tudelft.rdfgears.rgl.datamodel.value.impl.ModifiableRecord
8556
RGL_VALUE_37505 class nl.tudelft.rdfgears.rgl.datamodel.value.impl.ModifiableRecord
8557
RGL_VALUE_37507 class nl.tudelft.rdfgears.rgl.datamodel.value.impl.ModifiableRecord
8558
RGL_VALUE_37509 class nl.tudelft.rdfgears.rgl.datamodel.value.impl.ModifiableRecord
8559
RGL_VALUE_37511 class nl.tudelft.rdfgears.rgl.datamodel.value.impl.ModifiableRecord
8560
RGL_VALUE_37513 class nl.tudelft.rdfgears.rgl.datamodel.value.impl.ModifiableRecord
8561
RGL_VALUE_37515 class nl.tudelft.rdfgears.rgl.datamodel.value.impl.ModifiableRecord
8562
RGL_VALUE_37517 class nl.tudelft.rdfgears.rgl.datamodel.value.impl.ModifiableRecord
8563
RGL_VALUE_37519 class nl.tudelft.rdfgears.rgl.datamodel.value.impl.ModifiableRecord
8564
RGL_VALUE_37521 class nl.tudelft.rdfgears.rgl.datamodel.value.impl.ModifiableRecord
8565
RGL_VALUE_37523 class nl.tudelft.rdfgears.rgl.datamodel.value.impl.ModifiableRecord
8566
RGL_VALUE_37525 class nl.tudelft.rdfgears.rgl.datamodel.value.impl.ModifiableRecord
8567
RGL_VALUE_37527 class nl.tudelft.rdfgears.rgl.datamodel.value.impl.ModifiableRecord
8568
RGL_VALUE_37529 class nl.tudelft.rdfgears.rgl.datamodel.value.impl.ModifiableRecord
8569
RGL_VALUE_37531 class nl.tudelft.rdfgears.rgl.datamodel.value.impl.ModifiableRecord
8570
RGL_VALUE_37533 class nl.tudelft.rdfgears.rgl.datamodel.value.impl.ModifiableRecord
8571
RGL_VALUE_37535 class nl.tudelft.rdfgears.rgl.datamodel.value.impl.ModifiableRecord
8572
RGL_VALUE_37537 class nl.tudelft.rdfgears.rgl.datamodel.value.impl.ModifiableRecord
8573
RGL_VALUE_37539 class nl.tudelft.rdfgears.rgl.datamodel.value.impl.ModifiableRecord
8574
RGL_VALUE_37541 class nl.tudelft.rdfgears.rgl.datamodel.value.impl.ModifiableRecord
8575
RGL_VALUE_37543 class nl.tudelft.rdfgears.rgl.datamodel.value.impl.ModifiableRecord
8576
RGL_VALUE_37545 class nl.tudelft.rdfgears.rgl.datamodel.value.impl.ModifiableRecord
8577
RGL_VALUE_37547 class nl.tudelft.rdfgears.rgl.datamodel.value.impl.ModifiableRecord
8578
RGL_VALUE_37549 class nl.tudelft.rdfgears.rgl.datamodel.value.impl.ModifiableRecord
8579
RGL_VALUE_37551 class nl.tudelft.rdfgears.rgl.datamodel.value.impl.ModifiableRecord
8580
RGL_VALUE_37553 class nl.tudelft.rdfgears.rgl.datamodel.value.impl.ModifiableRecord
8581
RGL_VALUE_37555 class nl.tudelft.rdfgears.rgl.datamodel.value.impl.ModifiableRecord
8582
RGL_VALUE_37557 class nl.tudelft.rdfgears.rgl.datamodel.value.impl.ModifiableRecord
8583
RGL_VALUE_37559 class nl.tudelft.rdfgears.rgl.datamodel.value.impl.ModifiableRecord
8584
RGL_VALUE_37561 class nl.tudelft.rdfgears.rgl.datamodel.value.impl.ModifiableRecord
8585
RGL_VALUE_37563 class nl.tudelft.rdfgears.rgl.datamodel.value.impl.ModifiableRecord
8586
RGL_VALUE_37565 class nl.tudelft.rdfgears.rgl.datamodel.value.impl.ModifiableRecord
8587
RGL_VALUE_37567 class nl.tudelft.rdfgears.rgl.datamodel.value.impl.ModifiableRecord
8588
RGL_VALUE_37569 class nl.tudelft.rdfgears.rgl.datamodel.value.impl.ModifiableRecord
8589
RGL_VALUE_37571 class nl.tudelft.rdfgears.rgl.datamodel.value.impl.ModifiableRecord
8590
RGL_VALUE_37573 class nl.tudelft.rdfgears.rgl.datamodel.value.impl.ModifiableRecord
8591
RGL_VALUE_37575 class nl.tudelft.rdfgears.rgl.datamodel.value.impl.ModifiableRecord
8592
RGL_VALUE_37577 class nl.tudelft.rdfgears.rgl.datamodel.value.impl.ModifiableRecord
8593
RGL_VALUE_37579 class nl.tudelft.rdfgears.rgl.datamodel.value.impl.ModifiableRecord
8594
RGL_VALUE_37581 class nl.tudelft.rdfgears.rgl.datamodel.value.impl.ModifiableRecord
8595
RGL_VALUE_37583 class nl.tudelft.rdfgears.rgl.datamodel.value.impl.ModifiableRecord
8596
RGL_VALUE_37585 class nl.tudelft.rdfgears.rgl.datamodel.value.impl.ModifiableRecord
8597
RGL_VALUE_37587 class nl.tudelft.rdfgears.rgl.datamodel.value.impl.ModifiableRecord
8598
RGL_VALUE_37589 class nl.tudelft.rdfgears.rgl.datamodel.value.impl.ModifiableRecord
8599
RGL_VALUE_37591 class nl.tudelft.rdfgears.rgl.datamodel.value.impl.ModifiableRecord
8600
RGL_VALUE_37594 class nl.tudelft.rdfgears.rgl.datamodel.value.impl.ModifiableRecord
8601
RGL_VALUE_37596 class nl.tudelft.rdfgears.rgl.datamodel.value.impl.ModifiableRecord
8602
RGL_VALUE_37598 class nl.tudelft.rdfgears.rgl.datamodel.value.impl.ModifiableRecord
8603
RGL_VALUE_37600 class nl.tudelft.rdfgears.rgl.datamodel.value.impl.ModifiableRecord
8604
RGL_VALUE_37602 class nl.tudelft.rdfgears.rgl.datamodel.value.impl.ModifiableRecord
8605
RGL_VALUE_37604 class nl.tudelft.rdfgears.rgl.datamodel.value.impl.ModifiableRecord
8606
RGL_VALUE_37606 class nl.tudelft.rdfgears.rgl.datamodel.value.impl.ModifiableRecord
8607
RGL_VALUE_37608 class nl.tudelft.rdfgears.rgl.datamodel.value.impl.ModifiableRecord
8608
RGL_VALUE_37610 class nl.tudelft.rdfgears.rgl.datamodel.value.impl.ModifiableRecord
8609
RGL_VALUE_37612 class nl.tudelft.rdfgears.rgl.datamodel.value.impl.ModifiableRecord
8610
RGL_VALUE_37614 class nl.tudelft.rdfgears.rgl.datamodel.value.impl.ModifiableRecord
8611
RGL_VALUE_37616 class nl.tudelft.rdfgears.rgl.datamodel.value.impl.ModifiableRecord
8612
RGL_VALUE_37618 class nl.tudelft.rdfgears.rgl.datamodel.value.impl.ModifiableRecord
8613
RGL_VALUE_37620 class nl.tudelft.rdfgears.rgl.datamodel.value.impl.ModifiableRecord
8614
RGL_VALUE_37622 class nl.tudelft.rdfgears.rgl.datamodel.value.impl.ModifiableRecord
8615
RGL_VALUE_37624 class nl.tudelft.rdfgears.rgl.datamodel.value.impl.ModifiableRecord
8616
RGL_VALUE_37626 class nl.tudelft.rdfgears.rgl.datamodel.value.impl.ModifiableRecord
8617
RGL_VALUE_37628 class nl.tudelft.rdfgears.rgl.datamodel.value.impl.ModifiableRecord
8618
RGL_VALUE_37630 class nl.tudelft.rdfgears.rgl.datamodel.value.impl.ModifiableRecord
8619
RGL_VALUE_37632 class nl.tudelft.rdfgears.rgl.datamodel.value.impl.ModifiableRecord
8620
RGL_VALUE_37634 class nl.tudelft.rdfgears.rgl.datamodel.value.impl.ModifiableRecord
8621
RGL_VALUE_37636 class nl.tudelft.rdfgears.rgl.datamodel.value.impl.ModifiableRecord
8622
RGL_VALUE_37638 class nl.tudelft.rdfgears.rgl.datamodel.value.impl.ModifiableRecord
8623
RGL_VALUE_37640 class nl.tudelft.rdfgears.rgl.datamodel.value.impl.ModifiableRecord
8624
RGL_VALUE_37642 class nl.tudelft.rdfgears.rgl.datamodel.value.impl.ModifiableRecord
8625
RGL_VALUE_37644 class nl.tudelft.rdfgears.rgl.datamodel.value.impl.ModifiableRecord
8626
RGL_VALUE_37646 class nl.tudelft.rdfgears.rgl.datamodel.value.impl.ModifiableRecord
8627
RGL_VALUE_37648 class nl.tudelft.rdfgears.rgl.datamodel.value.impl.ModifiableRecord
8628
RGL_VALUE_37650 class nl.tudelft.rdfgears.rgl.datamodel.value.impl.ModifiableRecord
8629
RGL_VALUE_37652 class nl.tudelft.rdfgears.rgl.datamodel.value.impl.ModifiableRecord
8630
RGL_VALUE_37654 class nl.tudelft.rdfgears.rgl.datamodel.value.impl.ModifiableRecord
8631
RGL_VALUE_37656 class nl.tudelft.rdfgears.rgl.datamodel.value.impl.ModifiableRecord
8632
RGL_VALUE_37658 class nl.tudelft.rdfgears.rgl.datamodel.value.impl.ModifiableRecord
8633
RGL_VALUE_37660 class nl.tudelft.rdfgears.rgl.datamodel.value.impl.ModifiableRecord
8634
RGL_VALUE_37662 class nl.tudelft.rdfgears.rgl.datamodel.value.impl.ModifiableRecord
8635
RGL_VALUE_37664 class nl.tudelft.rdfgears.rgl.datamodel.value.impl.ModifiableRecord
8636
RGL_VALUE_37666 class nl.tudelft.rdfgears.rgl.datamodel.value.impl.ModifiableRecord
8637
RGL_VALUE_37668 class nl.tudelft.rdfgears.rgl.datamodel.value.impl.ModifiableRecord
8638
RGL_VALUE_37670 class nl.tudelft.rdfgears.rgl.datamodel.value.impl.ModifiableRecord
8639
RGL_VALUE_37672 class nl.tudelft.rdfgears.rgl.datamodel.value.impl.ModifiableRecord
8640
RGL_VALUE_37674 class nl.tudelft.rdfgears.rgl.datamodel.value.impl.ModifiableRecord
8641
RGL_VALUE_37676 class nl.tudelft.rdfgears.rgl.datamodel.value.impl.ModifiableRecord
8642
RGL_VALUE_37678 class nl.tudelft.rdfgears.rgl.datamodel.value.impl.ModifiableRecord
8643
RGL_VALUE_37680 class nl.tudelft.rdfgears.rgl.datamodel.value.impl.ModifiableRecord
8644
RGL_VALUE_37682 class nl.tudelft.rdfgears.rgl.datamodel.value.impl.ModifiableRecord
8645
RGL_VALUE_37684 class nl.tudelft.rdfgears.rgl.datamodel.value.impl.ModifiableRecord
8646
RGL_VALUE_37686 class nl.tudelft.rdfgears.rgl.datamodel.value.impl.ModifiableRecord
8647
RGL_VALUE_37688 class nl.tudelft.rdfgears.rgl.datamodel.value.impl.ModifiableRecord
8648
RGL_VALUE_37690 class nl.tudelft.rdfgears.rgl.datamodel.value.impl.ModifiableRecord
8649
RGL_VALUE_37692 class nl.tudelft.rdfgears.rgl.datamodel.value.impl.ModifiableRecord
8650
RGL_VALUE_37694 class nl.tudelft.rdfgears.rgl.datamodel.value.impl.ModifiableRecord
8651
RGL_VALUE_37696 class nl.tudelft.rdfgears.rgl.datamodel.value.impl.ModifiableRecord
8652
RGL_VALUE_37698 class nl.tudelft.rdfgears.rgl.datamodel.value.impl.ModifiableRecord
8653
RGL_VALUE_37700 class nl.tudelft.rdfgears.rgl.datamodel.value.impl.ModifiableRecord
8654
RGL_VALUE_37702 class nl.tudelft.rdfgears.rgl.datamodel.value.impl.ModifiableRecord
8655
RGL_VALUE_37704 class nl.tudelft.rdfgears.rgl.datamodel.value.impl.ModifiableRecord
8656
RGL_VALUE_37706 class nl.tudelft.rdfgears.rgl.datamodel.value.impl.ModifiableRecord
8657
RGL_VALUE_37708 class nl.tudelft.rdfgears.rgl.datamodel.value.impl.ModifiableRecord
8658
RGL_VALUE_37710 class nl.tudelft.rdfgears.rgl.datamodel.value.impl.ModifiableRecord
8659
RGL_VALUE_37712 class nl.tudelft.rdfgears.rgl.datamodel.value.impl.ModifiableRecord
8660
RGL_VALUE_37714 class nl.tudelft.rdfgears.rgl.datamodel.value.impl.ModifiableRecord
8661
RGL_VALUE_37716 class nl.tudelft.rdfgears.rgl.datamodel.value.impl.ModifiableRecord
8662
RGL_VALUE_37718 class nl.tudelft.rdfgears.rgl.datamodel.value.impl.ModifiableRecord
8663
RGL_VALUE_37720 class nl.tudelft.rdfgears.rgl.datamodel.value.impl.ModifiableRecord
8664
RGL_VALUE_37722 class nl.tudelft.rdfgears.rgl.datamodel.value.impl.ModifiableRecord
8665
RGL_VALUE_37724 class nl.tudelft.rdfgears.rgl.datamodel.value.impl.ModifiableRecord
8666
RGL_VALUE_37726 class nl.tudelft.rdfgears.rgl.datamodel.value.impl.ModifiableRecord
8667
RGL_VALUE_37728 class nl.tudelft.rdfgears.rgl.datamodel.value.impl.ModifiableRecord
8668
RGL_VALUE_37730 class nl.tudelft.rdfgears.rgl.datamodel.value.impl.ModifiableRecord
8669
RGL_VALUE_37732 class nl.tudelft.rdfgears.rgl.datamodel.value.impl.ModifiableRecord
8670
RGL_VALUE_37734 class nl.tudelft.rdfgears.rgl.datamodel.value.impl.ModifiableRecord
8671
RGL_VALUE_37736 class nl.tudelft.rdfgears.rgl.datamodel.value.impl.ModifiableRecord
8672
RGL_VALUE_37738 class nl.tudelft.rdfgears.rgl.datamodel.value.impl.ModifiableRecord
8673
RGL_VALUE_37740 class nl.tudelft.rdfgears.rgl.datamodel.value.impl.ModifiableRecord
8674
RGL_VALUE_37742 class nl.tudelft.rdfgears.rgl.datamodel.value.impl.ModifiableRecord
8675
RGL_VALUE_37744 class nl.tudelft.rdfgears.rgl.datamodel.value.impl.ModifiableRecord
8676
RGL_VALUE_37746 class nl.tudelft.rdfgears.rgl.datamodel.value.impl.ModifiableRecord
8677
RGL_VALUE_37748 class nl.tudelft.rdfgears.rgl.datamodel.value.impl.ModifiableRecord
8678
RGL_VALUE_37750 class nl.tudelft.rdfgears.rgl.datamodel.value.impl.ModifiableRecord
8679
RGL_VALUE_37752 class nl.tudelft.rdfgears.rgl.datamodel.value.impl.ModifiableRecord
8680
RGL_VALUE_37754 class nl.tudelft.rdfgears.rgl.datamodel.value.impl.ModifiableRecord
8681
RGL_VALUE_37756 class nl.tudelft.rdfgears.rgl.datamodel.value.impl.ModifiableRecord
8682
RGL_VALUE_37758 class nl.tudelft.rdfgears.rgl.datamodel.value.impl.ModifiableRecord
8683
RGL_VALUE_37760 class nl.tudelft.rdfgears.rgl.datamodel.value.impl.ModifiableRecord
8684
RGL_VALUE_37762 class nl.tudelft.rdfgears.rgl.datamodel.value.impl.ModifiableRecord
8685
RGL_VALUE_37764 class nl.tudelft.rdfgears.rgl.datamodel.value.impl.ModifiableRecord
8686
RGL_VALUE_37766 class nl.tudelft.rdfgears.rgl.datamodel.value.impl.ModifiableRecord
8687
RGL_VALUE_37768 class nl.tudelft.rdfgears.rgl.datamodel.value.impl.ModifiableRecord
8688
RGL_VALUE_37770 class nl.tudelft.rdfgears.rgl.datamodel.value.impl.ModifiableRecord
8689
RGL_VALUE_37772 class nl.tudelft.rdfgears.rgl.datamodel.value.impl.ModifiableRecord
8690
RGL_VALUE_37774 class nl.tudelft.rdfgears.rgl.datamodel.value.impl.ModifiableRecord
8691
RGL_VALUE_37776 class nl.tudelft.rdfgears.rgl.datamodel.value.impl.ModifiableRecord
8692
RGL_VALUE_37778 class nl.tudelft.rdfgears.rgl.datamodel.value.impl.ModifiableRecord
8693
RGL_VALUE_37780 class nl.tudelft.rdfgears.rgl.datamodel.value.impl.ModifiableRecord
8694
RGL_VALUE_37782 class nl.tudelft.rdfgears.rgl.datamodel.value.impl.ModifiableRecord
8695
RGL_VALUE_37784 class nl.tudelft.rdfgears.rgl.datamodel.value.impl.ModifiableRecord
8696
RGL_VALUE_37786 class nl.tudelft.rdfgears.rgl.datamodel.value.impl.ModifiableRecord
8697
RGL_VALUE_37788 class nl.tudelft.rdfgears.rgl.datamodel.value.impl.ModifiableRecord
8698
RGL_VALUE_37790 class nl.tudelft.rdfgears.rgl.datamodel.value.impl.ModifiableRecord
8699
RGL_VALUE_37792 class nl.tudelft.rdfgears.rgl.datamodel.value.impl.ModifiableRecord
8700
RGL_VALUE_37795 class nl.tudelft.rdfgears.rgl.datamodel.value.impl.ModifiableRecord
8701
RGL_VALUE_37797 class nl.tudelft.rdfgears.rgl.datamodel.value.impl.ModifiableRecord
8702
RGL_VALUE_37799 class nl.tudelft.rdfgears.rgl.datamodel.value.impl.ModifiableRecord
8703
RGL_VALUE_37801 class nl.tudelft.rdfgears.rgl.datamodel.value.impl.ModifiableRecord
8704
RGL_VALUE_37803 class nl.tudelft.rdfgears.rgl.datamodel.value.impl.ModifiableRecord
8705
RGL_VALUE_37805 class nl.tudelft.rdfgears.rgl.datamodel.value.impl.ModifiableRecord
8706
RGL_VALUE_37807 class nl.tudelft.rdfgears.rgl.datamodel.value.impl.ModifiableRecord
8707
RGL_VALUE_37809 class nl.tudelft.rdfgears.rgl.datamodel.value.impl.ModifiableRecord
8708
RGL_VALUE_37811 class nl.tudelft.rdfgears.rgl.datamodel.value.impl.ModifiableRecord
8709
RGL_VALUE_37813 class nl.tudelft.rdfgears.rgl.datamodel.value.impl.ModifiableRecord
8710
RGL_VALUE_37815 class nl.tudelft.rdfgears.rgl.datamodel.value.impl.ModifiableRecord
8711
RGL_VALUE_37817 class nl.tudelft.rdfgears.rgl.datamodel.value.impl.ModifiableRecord
8712
RGL_VALUE_37819 class nl.tudelft.rdfgears.rgl.datamodel.value.impl.ModifiableRecord
8713
RGL_VALUE_37821 class nl.tudelft.rdfgears.rgl.datamodel.value.impl.ModifiableRecord
8714
RGL_VALUE_37823 class nl.tudelft.rdfgears.rgl.datamodel.value.impl.ModifiableRecord
8715
RGL_VALUE_37825 class nl.tudelft.rdfgears.rgl.datamodel.value.impl.ModifiableRecord
8716
RGL_VALUE_37827 class nl.tudelft.rdfgears.rgl.datamodel.value.impl.ModifiableRecord
8717
RGL_VALUE_37829 class nl.tudelft.rdfgears.rgl.datamodel.value.impl.ModifiableRecord
8718
RGL_VALUE_37831 class nl.tudelft.rdfgears.rgl.datamodel.value.impl.ModifiableRecord
8719
RGL_VALUE_37833 class nl.tudelft.rdfgears.rgl.datamodel.value.impl.ModifiableRecord
8720
RGL_VALUE_37835 class nl.tudelft.rdfgears.rgl.datamodel.value.impl.ModifiableRecord
8721
RGL_VALUE_37837 class nl.tudelft.rdfgears.rgl.datamodel.value.impl.ModifiableRecord
8722
RGL_VALUE_37839 class nl.tudelft.rdfgears.rgl.datamodel.value.impl.ModifiableRecord
8723
RGL_VALUE_37841 class nl.tudelft.rdfgears.rgl.datamodel.value.impl.ModifiableRecord
8724
RGL_VALUE_37843 class nl.tudelft.rdfgears.rgl.datamodel.value.impl.ModifiableRecord
8725
RGL_VALUE_37845 class nl.tudelft.rdfgears.rgl.datamodel.value.impl.ModifiableRecord
8726
RGL_VALUE_37847 class nl.tudelft.rdfgears.rgl.datamodel.value.impl.ModifiableRecord
8727
RGL_VALUE_37849 class nl.tudelft.rdfgears.rgl.datamodel.value.impl.ModifiableRecord
8728
RGL_VALUE_37851 class nl.tudelft.rdfgears.rgl.datamodel.value.impl.ModifiableRecord
8729
RGL_VALUE_37853 class nl.tudelft.rdfgears.rgl.datamodel.value.impl.ModifiableRecord
8730
RGL_VALUE_37855 class nl.tudelft.rdfgears.rgl.datamodel.value.impl.ModifiableRecord
8731
RGL_VALUE_37857 class nl.tudelft.rdfgears.rgl.datamodel.value.impl.ModifiableRecord
8732
RGL_VALUE_37859 class nl.tudelft.rdfgears.rgl.datamodel.value.impl.ModifiableRecord
8733
RGL_VALUE_37861 class nl.tudelft.rdfgears.rgl.datamodel.value.impl.ModifiableRecord
8734
RGL_VALUE_37863 class nl.tudelft.rdfgears.rgl.datamodel.value.impl.ModifiableRecord
8735
RGL_VALUE_37865 class nl.tudelft.rdfgears.rgl.datamodel.value.impl.ModifiableRecord
8736
RGL_VALUE_37867 class nl.tudelft.rdfgears.rgl.datamodel.value.impl.ModifiableRecord
8737
RGL_VALUE_37869 class nl.tudelft.rdfgears.rgl.datamodel.value.impl.ModifiableRecord
8738
RGL_VALUE_37871 class nl.tudelft.rdfgears.rgl.datamodel.value.impl.ModifiableRecord
8739
RGL_VALUE_37873 class nl.tudelft.rdfgears.rgl.datamodel.value.impl.ModifiableRecord
8740
RGL_VALUE_37875 class nl.tudelft.rdfgears.rgl.datamodel.value.impl.ModifiableRecord
8741
RGL_VALUE_37877 class nl.tudelft.rdfgears.rgl.datamodel.value.impl.ModifiableRecord
8742
RGL_VALUE_37879 class nl.tudelft.rdfgears.rgl.datamodel.value.impl.ModifiableRecord
8743
RGL_VALUE_37881 class nl.tudelft.rdfgears.rgl.datamodel.value.impl.ModifiableRecord
8744
RGL_VALUE_37883 class nl.tudelft.rdfgears.rgl.datamodel.value.impl.ModifiableRecord
8745
RGL_VALUE_37885 class nl.tudelft.rdfgears.rgl.datamodel.value.impl.ModifiableRecord
8746
RGL_VALUE_37887 class nl.tudelft.rdfgears.rgl.datamodel.value.impl.ModifiableRecord
8747
RGL_VALUE_37889 class nl.tudelft.rdfgears.rgl.datamodel.value.impl.ModifiableRecord
8748
RGL_VALUE_37891 class nl.tudelft.rdfgears.rgl.datamodel.value.impl.ModifiableRecord
8749
RGL_VALUE_37893 class nl.tudelft.rdfgears.rgl.datamodel.value.impl.ModifiableRecord
8750
RGL_VALUE_37895 class nl.tudelft.rdfgears.rgl.datamodel.value.impl.ModifiableRecord
8751
RGL_VALUE_37897 class nl.tudelft.rdfgears.rgl.datamodel.value.impl.ModifiableRecord
8752
RGL_VALUE_37899 class nl.tudelft.rdfgears.rgl.datamodel.value.impl.ModifiableRecord
8753
RGL_VALUE_37901 class nl.tudelft.rdfgears.rgl.datamodel.value.impl.ModifiableRecord
8754
RGL_VALUE_37903 class nl.tudelft.rdfgears.rgl.datamodel.value.impl.ModifiableRecord
8755
RGL_VALUE_37905 class nl.tudelft.rdfgears.rgl.datamodel.value.impl.ModifiableRecord
8756
RGL_VALUE_37907 class nl.tudelft.rdfgears.rgl.datamodel.value.impl.ModifiableRecord
8757
RGL_VALUE_37909 class nl.tudelft.rdfgears.rgl.datamodel.value.impl.ModifiableRecord
8758
RGL_VALUE_37911 class nl.tudelft.rdfgears.rgl.datamodel.value.impl.ModifiableRecord
8759
RGL_VALUE_37913 class nl.tudelft.rdfgears.rgl.datamodel.value.impl.ModifiableRecord
8760
RGL_VALUE_37915 class nl.tudelft.rdfgears.rgl.datamodel.value.impl.ModifiableRecord
8761
RGL_VALUE_37917 class nl.tudelft.rdfgears.rgl.datamodel.value.impl.ModifiableRecord
8762
RGL_VALUE_37919 class nl.tudelft.rdfgears.rgl.datamodel.value.impl.ModifiableRecord
8763
RGL_VALUE_37921 class nl.tudelft.rdfgears.rgl.datamodel.value.impl.ModifiableRecord
8764
RGL_VALUE_37923 class nl.tudelft.rdfgears.rgl.datamodel.value.impl.ModifiableRecord
8765
RGL_VALUE_37925 class nl.tudelft.rdfgears.rgl.datamodel.value.impl.ModifiableRecord
8766
RGL_VALUE_37927 class nl.tudelft.rdfgears.rgl.datamodel.value.impl.ModifiableRecord
8767
RGL_VALUE_37929 class nl.tudelft.rdfgears.rgl.datamodel.value.impl.ModifiableRecord
8768
RGL_VALUE_37931 class nl.tudelft.rdfgears.rgl.datamodel.value.impl.ModifiableRecord
8769
RGL_VALUE_37933 class nl.tudelft.rdfgears.rgl.datamodel.value.impl.ModifiableRecord
8770
RGL_VALUE_37935 class nl.tudelft.rdfgears.rgl.datamodel.value.impl.ModifiableRecord
8771
RGL_VALUE_37937 class nl.tudelft.rdfgears.rgl.datamodel.value.impl.ModifiableRecord
8772
RGL_VALUE_37939 class nl.tudelft.rdfgears.rgl.datamodel.value.impl.ModifiableRecord
8773
RGL_VALUE_37941 class nl.tudelft.rdfgears.rgl.datamodel.value.impl.ModifiableRecord
8774
RGL_VALUE_37943 class nl.tudelft.rdfgears.rgl.datamodel.value.impl.ModifiableRecord
8775
RGL_VALUE_37945 class nl.tudelft.rdfgears.rgl.datamodel.value.impl.ModifiableRecord
8776
RGL_VALUE_37947 class nl.tudelft.rdfgears.rgl.datamodel.value.impl.ModifiableRecord
8777
RGL_VALUE_37949 class nl.tudelft.rdfgears.rgl.datamodel.value.impl.ModifiableRecord
8778
RGL_VALUE_37951 class nl.tudelft.rdfgears.rgl.datamodel.value.impl.ModifiableRecord
8779
RGL_VALUE_37953 class nl.tudelft.rdfgears.rgl.datamodel.value.impl.ModifiableRecord
8780
RGL_VALUE_37955 class nl.tudelft.rdfgears.rgl.datamodel.value.impl.ModifiableRecord
8781
RGL_VALUE_37957 class nl.tudelft.rdfgears.rgl.datamodel.value.impl.ModifiableRecord
8782
RGL_VALUE_37959 class nl.tudelft.rdfgears.rgl.datamodel.value.impl.ModifiableRecord
8783
RGL_VALUE_37961 class nl.tudelft.rdfgears.rgl.datamodel.value.impl.ModifiableRecord
8784
RGL_VALUE_37963 class nl.tudelft.rdfgears.rgl.datamodel.value.impl.ModifiableRecord
8785
RGL_VALUE_37965 class nl.tudelft.rdfgears.rgl.datamodel.value.impl.ModifiableRecord
8786
RGL_VALUE_37967 class nl.tudelft.rdfgears.rgl.datamodel.value.impl.ModifiableRecord
8787
RGL_VALUE_37969 class nl.tudelft.rdfgears.rgl.datamodel.value.impl.ModifiableRecord
8788
RGL_VALUE_37971 class nl.tudelft.rdfgears.rgl.datamodel.value.impl.ModifiableRecord
8789
RGL_VALUE_37973 class nl.tudelft.rdfgears.rgl.datamodel.value.impl.ModifiableRecord
8790
RGL_VALUE_37975 class nl.tudelft.rdfgears.rgl.datamodel.value.impl.ModifiableRecord
8791
RGL_VALUE_37977 class nl.tudelft.rdfgears.rgl.datamodel.value.impl.ModifiableRecord
8792
RGL_VALUE_37979 class nl.tudelft.rdfgears.rgl.datamodel.value.impl.ModifiableRecord
8793
RGL_VALUE_37981 class nl.tudelft.rdfgears.rgl.datamodel.value.impl.ModifiableRecord
8794
RGL_VALUE_37983 class nl.tudelft.rdfgears.rgl.datamodel.value.impl.ModifiableRecord
8795
RGL_VALUE_37985 class nl.tudelft.rdfgears.rgl.datamodel.value.impl.ModifiableRecord
8796
RGL_VALUE_37987 class nl.tudelft.rdfgears.rgl.datamodel.value.impl.ModifiableRecord
8797
RGL_VALUE_37989 class nl.tudelft.rdfgears.rgl.datamodel.value.impl.ModifiableRecord
8798
RGL_VALUE_37991 class nl.tudelft.rdfgears.rgl.datamodel.value.impl.ModifiableRecord
8799
RGL_VALUE_37993 class nl.tudelft.rdfgears.rgl.datamodel.value.impl.ModifiableRecord
8800
RGL_VALUE_37996 class nl.tudelft.rdfgears.rgl.datamodel.value.impl.ModifiableRecord
8801
RGL_VALUE_37998 class nl.tudelft.rdfgears.rgl.datamodel.value.impl.ModifiableRecord
8802
RGL_VALUE_38000 class nl.tudelft.rdfgears.rgl.datamodel.value.impl.ModifiableRecord
8803
RGL_VALUE_38002 class nl.tudelft.rdfgears.rgl.datamodel.value.impl.ModifiableRecord
8804
RGL_VALUE_38004 class nl.tudelft.rdfgears.rgl.datamodel.value.impl.ModifiableRecord
8805
RGL_VALUE_38006 class nl.tudelft.rdfgears.rgl.datamodel.value.impl.ModifiableRecord
8806
RGL_VALUE_38008 class nl.tudelft.rdfgears.rgl.datamodel.value.impl.ModifiableRecord
8807
RGL_VALUE_38010 class nl.tudelft.rdfgears.rgl.datamodel.value.impl.ModifiableRecord
8808
RGL_VALUE_38012 class nl.tudelft.rdfgears.rgl.datamodel.value.impl.ModifiableRecord
8809
RGL_VALUE_38014 class nl.tudelft.rdfgears.rgl.datamodel.value.impl.ModifiableRecord
8810
RGL_VALUE_38016 class nl.tudelft.rdfgears.rgl.datamodel.value.impl.ModifiableRecord
8811
RGL_VALUE_38018 class nl.tudelft.rdfgears.rgl.datamodel.value.impl.ModifiableRecord
8812
RGL_VALUE_38020 class nl.tudelft.rdfgears.rgl.datamodel.value.impl.ModifiableRecord
8813
RGL_VALUE_38022 class nl.tudelft.rdfgears.rgl.datamodel.value.impl.ModifiableRecord
8814
RGL_VALUE_38024 class nl.tudelft.rdfgears.rgl.datamodel.value.impl.ModifiableRecord
8815
RGL_VALUE_38026 class nl.tudelft.rdfgears.rgl.datamodel.value.impl.ModifiableRecord
8816
RGL_VALUE_38028 class nl.tudelft.rdfgears.rgl.datamodel.value.impl.ModifiableRecord
8817
RGL_VALUE_38030 class nl.tudelft.rdfgears.rgl.datamodel.value.impl.ModifiableRecord
8818
RGL_VALUE_38032 class nl.tudelft.rdfgears.rgl.datamodel.value.impl.ModifiableRecord
8819
RGL_VALUE_38034 class nl.tudelft.rdfgears.rgl.datamodel.value.impl.ModifiableRecord
8820
RGL_VALUE_38036 class nl.tudelft.rdfgears.rgl.datamodel.value.impl.ModifiableRecord
8821
RGL_VALUE_38038 class nl.tudelft.rdfgears.rgl.datamodel.value.impl.ModifiableRecord
8822
RGL_VALUE_38040 class nl.tudelft.rdfgears.rgl.datamodel.value.impl.ModifiableRecord
8823
RGL_VALUE_38042 class nl.tudelft.rdfgears.rgl.datamodel.value.impl.ModifiableRecord
8824
RGL_VALUE_38044 class nl.tudelft.rdfgears.rgl.datamodel.value.impl.ModifiableRecord
8825
RGL_VALUE_38046 class nl.tudelft.rdfgears.rgl.datamodel.value.impl.ModifiableRecord
8826
RGL_VALUE_38048 class nl.tudelft.rdfgears.rgl.datamodel.value.impl.ModifiableRecord
8827
RGL_VALUE_38050 class nl.tudelft.rdfgears.rgl.datamodel.value.impl.ModifiableRecord
8828
RGL_VALUE_38052 class nl.tudelft.rdfgears.rgl.datamodel.value.impl.ModifiableRecord
8829
RGL_VALUE_38054 class nl.tudelft.rdfgears.rgl.datamodel.value.impl.ModifiableRecord
8830
RGL_VALUE_38056 class nl.tudelft.rdfgears.rgl.datamodel.value.impl.ModifiableRecord
8831
RGL_VALUE_38058 class nl.tudelft.rdfgears.rgl.datamodel.value.impl.ModifiableRecord
8832
RGL_VALUE_38060 class nl.tudelft.rdfgears.rgl.datamodel.value.impl.ModifiableRecord
8833
RGL_VALUE_38062 class nl.tudelft.rdfgears.rgl.datamodel.value.impl.ModifiableRecord
8834
RGL_VALUE_38064 class nl.tudelft.rdfgears.rgl.datamodel.value.impl.ModifiableRecord
8835
RGL_VALUE_38066 class nl.tudelft.rdfgears.rgl.datamodel.value.impl.ModifiableRecord
8836
RGL_VALUE_38068 class nl.tudelft.rdfgears.rgl.datamodel.value.impl.ModifiableRecord
8837
RGL_VALUE_38070 class nl.tudelft.rdfgears.rgl.datamodel.value.impl.ModifiableRecord
8838
RGL_VALUE_38072 class nl.tudelft.rdfgears.rgl.datamodel.value.impl.ModifiableRecord
8839
RGL_VALUE_38074 class nl.tudelft.rdfgears.rgl.datamodel.value.impl.ModifiableRecord
8840
RGL_VALUE_38076 class nl.tudelft.rdfgears.rgl.datamodel.value.impl.ModifiableRecord
8841
RGL_VALUE_38078 class nl.tudelft.rdfgears.rgl.datamodel.value.impl.ModifiableRecord
8842
RGL_VALUE_38080 class nl.tudelft.rdfgears.rgl.datamodel.value.impl.ModifiableRecord
8843
RGL_VALUE_38082 class nl.tudelft.rdfgears.rgl.datamodel.value.impl.ModifiableRecord
8844
RGL_VALUE_38084 class nl.tudelft.rdfgears.rgl.datamodel.value.impl.ModifiableRecord
8845
RGL_VALUE_38086 class nl.tudelft.rdfgears.rgl.datamodel.value.impl.ModifiableRecord
8846
RGL_VALUE_38088 class nl.tudelft.rdfgears.rgl.datamodel.value.impl.ModifiableRecord
8847
RGL_VALUE_38090 class nl.tudelft.rdfgears.rgl.datamodel.value.impl.ModifiableRecord
8848
RGL_VALUE_38092 class nl.tudelft.rdfgears.rgl.datamodel.value.impl.ModifiableRecord
8849
RGL_VALUE_38094 class nl.tudelft.rdfgears.rgl.datamodel.value.impl.ModifiableRecord
8850
RGL_VALUE_38096 class nl.tudelft.rdfgears.rgl.datamodel.value.impl.ModifiableRecord
8851
RGL_VALUE_38098 class nl.tudelft.rdfgears.rgl.datamodel.value.impl.ModifiableRecord
8852
RGL_VALUE_38100 class nl.tudelft.rdfgears.rgl.datamodel.value.impl.ModifiableRecord
8853
RGL_VALUE_38102 class nl.tudelft.rdfgears.rgl.datamodel.value.impl.ModifiableRecord
8854
RGL_VALUE_38104 class nl.tudelft.rdfgears.rgl.datamodel.value.impl.ModifiableRecord
8855
RGL_VALUE_38106 class nl.tudelft.rdfgears.rgl.datamodel.value.impl.ModifiableRecord
8856
RGL_VALUE_38108 class nl.tudelft.rdfgears.rgl.datamodel.value.impl.ModifiableRecord
8857
RGL_VALUE_38110 class nl.tudelft.rdfgears.rgl.datamodel.value.impl.ModifiableRecord
8858
RGL_VALUE_38112 class nl.tudelft.rdfgears.rgl.datamodel.value.impl.ModifiableRecord
8859
RGL_VALUE_38114 class nl.tudelft.rdfgears.rgl.datamodel.value.impl.ModifiableRecord
8860
RGL_VALUE_38116 class nl.tudelft.rdfgears.rgl.datamodel.value.impl.ModifiableRecord
8861
RGL_VALUE_38118 class nl.tudelft.rdfgears.rgl.datamodel.value.impl.ModifiableRecord
8862
RGL_VALUE_38120 class nl.tudelft.rdfgears.rgl.datamodel.value.impl.ModifiableRecord
8863
RGL_VALUE_38122 class nl.tudelft.rdfgears.rgl.datamodel.value.impl.ModifiableRecord
8864
RGL_VALUE_38124 class nl.tudelft.rdfgears.rgl.datamodel.value.impl.ModifiableRecord
8865
RGL_VALUE_38126 class nl.tudelft.rdfgears.rgl.datamodel.value.impl.ModifiableRecord
8866
RGL_VALUE_38128 class nl.tudelft.rdfgears.rgl.datamodel.value.impl.ModifiableRecord
8867
RGL_VALUE_38130 class nl.tudelft.rdfgears.rgl.datamodel.value.impl.ModifiableRecord
8868
RGL_VALUE_38132 class nl.tudelft.rdfgears.rgl.datamodel.value.impl.ModifiableRecord
8869
RGL_VALUE_38134 class nl.tudelft.rdfgears.rgl.datamodel.value.impl.ModifiableRecord
8870
RGL_VALUE_38136 class nl.tudelft.rdfgears.rgl.datamodel.value.impl.ModifiableRecord
8871
RGL_VALUE_38138 class nl.tudelft.rdfgears.rgl.datamodel.value.impl.ModifiableRecord
8872
RGL_VALUE_38140 class nl.tudelft.rdfgears.rgl.datamodel.value.impl.ModifiableRecord
8873
RGL_VALUE_38142 class nl.tudelft.rdfgears.rgl.datamodel.value.impl.ModifiableRecord
8874
RGL_VALUE_38144 class nl.tudelft.rdfgears.rgl.datamodel.value.impl.ModifiableRecord
8875
RGL_VALUE_38146 class nl.tudelft.rdfgears.rgl.datamodel.value.impl.ModifiableRecord
8876
RGL_VALUE_38148 class nl.tudelft.rdfgears.rgl.datamodel.value.impl.ModifiableRecord
8877
RGL_VALUE_38150 class nl.tudelft.rdfgears.rgl.datamodel.value.impl.ModifiableRecord
8878
RGL_VALUE_38152 class nl.tudelft.rdfgears.rgl.datamodel.value.impl.ModifiableRecord
8879
RGL_VALUE_38154 class nl.tudelft.rdfgears.rgl.datamodel.value.impl.ModifiableRecord
8880
RGL_VALUE_38156 class nl.tudelft.rdfgears.rgl.datamodel.value.impl.ModifiableRecord
8881
RGL_VALUE_38158 class nl.tudelft.rdfgears.rgl.datamodel.value.impl.ModifiableRecord
8882
RGL_VALUE_38160 class nl.tudelft.rdfgears.rgl.datamodel.value.impl.ModifiableRecord
8883
RGL_VALUE_38162 class nl.tudelft.rdfgears.rgl.datamodel.value.impl.ModifiableRecord
8884
RGL_VALUE_38164 class nl.tudelft.rdfgears.rgl.datamodel.value.impl.ModifiableRecord
8885
RGL_VALUE_38166 class nl.tudelft.rdfgears.rgl.datamodel.value.impl.ModifiableRecord
8886
RGL_VALUE_38168 class nl.tudelft.rdfgears.rgl.datamodel.value.impl.ModifiableRecord
8887
RGL_VALUE_38170 class nl.tudelft.rdfgears.rgl.datamodel.value.impl.ModifiableRecord
8888
RGL_VALUE_38172 class nl.tudelft.rdfgears.rgl.datamodel.value.impl.ModifiableRecord
8889
RGL_VALUE_38174 class nl.tudelft.rdfgears.rgl.datamodel.value.impl.ModifiableRecord
8890
RGL_VALUE_38176 class nl.tudelft.rdfgears.rgl.datamodel.value.impl.ModifiableRecord
8891
RGL_VALUE_38178 class nl.tudelft.rdfgears.rgl.datamodel.value.impl.ModifiableRecord
8892
RGL_VALUE_38180 class nl.tudelft.rdfgears.rgl.datamodel.value.impl.ModifiableRecord
8893
RGL_VALUE_38182 class nl.tudelft.rdfgears.rgl.datamodel.value.impl.ModifiableRecord
8894
RGL_VALUE_38184 class nl.tudelft.rdfgears.rgl.datamodel.value.impl.ModifiableRecord
8895
RGL_VALUE_38186 class nl.tudelft.rdfgears.rgl.datamodel.value.impl.ModifiableRecord
8896
RGL_VALUE_38188 class nl.tudelft.rdfgears.rgl.datamodel.value.impl.ModifiableRecord
8897
RGL_VALUE_38190 class nl.tudelft.rdfgears.rgl.datamodel.value.impl.ModifiableRecord
8898
RGL_VALUE_38192 class nl.tudelft.rdfgears.rgl.datamodel.value.impl.ModifiableRecord
8899
RGL_VALUE_38194 class nl.tudelft.rdfgears.rgl.datamodel.value.impl.ModifiableRecord
8900
RGL_VALUE_38197 class nl.tudelft.rdfgears.rgl.datamodel.value.impl.ModifiableRecord
8901
RGL_VALUE_38199 class nl.tudelft.rdfgears.rgl.datamodel.value.impl.ModifiableRecord
8902
RGL_VALUE_38201 class nl.tudelft.rdfgears.rgl.datamodel.value.impl.ModifiableRecord
8903
RGL_VALUE_38203 class nl.tudelft.rdfgears.rgl.datamodel.value.impl.ModifiableRecord
8904
RGL_VALUE_38205 class nl.tudelft.rdfgears.rgl.datamodel.value.impl.ModifiableRecord
8905
RGL_VALUE_38207 class nl.tudelft.rdfgears.rgl.datamodel.value.impl.ModifiableRecord
8906
RGL_VALUE_38209 class nl.tudelft.rdfgears.rgl.datamodel.value.impl.ModifiableRecord
8907
RGL_VALUE_38211 class nl.tudelft.rdfgears.rgl.datamodel.value.impl.ModifiableRecord
8908
RGL_VALUE_38213 class nl.tudelft.rdfgears.rgl.datamodel.value.impl.ModifiableRecord
8909
RGL_VALUE_38215 class nl.tudelft.rdfgears.rgl.datamodel.value.impl.ModifiableRecord
8910
RGL_VALUE_38217 class nl.tudelft.rdfgears.rgl.datamodel.value.impl.ModifiableRecord
8911
RGL_VALUE_38219 class nl.tudelft.rdfgears.rgl.datamodel.value.impl.ModifiableRecord
8912
RGL_VALUE_38221 class nl.tudelft.rdfgears.rgl.datamodel.value.impl.ModifiableRecord
8913
RGL_VALUE_38223 class nl.tudelft.rdfgears.rgl.datamodel.value.impl.ModifiableRecord
8914
RGL_VALUE_38225 class nl.tudelft.rdfgears.rgl.datamodel.value.impl.ModifiableRecord
8915
RGL_VALUE_38227 class nl.tudelft.rdfgears.rgl.datamodel.value.impl.ModifiableRecord
8916
RGL_VALUE_38229 class nl.tudelft.rdfgears.rgl.datamodel.value.impl.ModifiableRecord
8917
RGL_VALUE_38231 class nl.tudelft.rdfgears.rgl.datamodel.value.impl.ModifiableRecord
8918
RGL_VALUE_38233 class nl.tudelft.rdfgears.rgl.datamodel.value.impl.ModifiableRecord
8919
RGL_VALUE_38235 class nl.tudelft.rdfgears.rgl.datamodel.value.impl.ModifiableRecord
8920
RGL_VALUE_38237 class nl.tudelft.rdfgears.rgl.datamodel.value.impl.ModifiableRecord
8921
RGL_VALUE_38239 class nl.tudelft.rdfgears.rgl.datamodel.value.impl.ModifiableRecord
8922
RGL_VALUE_38241 class nl.tudelft.rdfgears.rgl.datamodel.value.impl.ModifiableRecord
8923
RGL_VALUE_38243 class nl.tudelft.rdfgears.rgl.datamodel.value.impl.ModifiableRecord
8924
RGL_VALUE_38245 class nl.tudelft.rdfgears.rgl.datamodel.value.impl.ModifiableRecord
8925
RGL_VALUE_38247 class nl.tudelft.rdfgears.rgl.datamodel.value.impl.ModifiableRecord
8926
RGL_VALUE_38249 class nl.tudelft.rdfgears.rgl.datamodel.value.impl.ModifiableRecord
8927
RGL_VALUE_38251 class nl.tudelft.rdfgears.rgl.datamodel.value.impl.ModifiableRecord
8928
RGL_VALUE_38253 class nl.tudelft.rdfgears.rgl.datamodel.value.impl.ModifiableRecord
8929
RGL_VALUE_38255 class nl.tudelft.rdfgears.rgl.datamodel.value.impl.ModifiableRecord
8930
RGL_VALUE_38257 class nl.tudelft.rdfgears.rgl.datamodel.value.impl.ModifiableRecord
8931
RGL_VALUE_38259 class nl.tudelft.rdfgears.rgl.datamodel.value.impl.ModifiableRecord
8932
RGL_VALUE_38261 class nl.tudelft.rdfgears.rgl.datamodel.value.impl.ModifiableRecord
8933
RGL_VALUE_38263 class nl.tudelft.rdfgears.rgl.datamodel.value.impl.ModifiableRecord
8934
RGL_VALUE_38265 class nl.tudelft.rdfgears.rgl.datamodel.value.impl.ModifiableRecord
8935
RGL_VALUE_38267 class nl.tudelft.rdfgears.rgl.datamodel.value.impl.ModifiableRecord
8936
RGL_VALUE_38269 class nl.tudelft.rdfgears.rgl.datamodel.value.impl.ModifiableRecord
8937
RGL_VALUE_38271 class nl.tudelft.rdfgears.rgl.datamodel.value.impl.ModifiableRecord
8938
RGL_VALUE_38273 class nl.tudelft.rdfgears.rgl.datamodel.value.impl.ModifiableRecord
8939
RGL_VALUE_38275 class nl.tudelft.rdfgears.rgl.datamodel.value.impl.ModifiableRecord
8940
RGL_VALUE_38277 class nl.tudelft.rdfgears.rgl.datamodel.value.impl.ModifiableRecord
8941
RGL_VALUE_38279 class nl.tudelft.rdfgears.rgl.datamodel.value.impl.ModifiableRecord
8942
RGL_VALUE_38281 class nl.tudelft.rdfgears.rgl.datamodel.value.impl.ModifiableRecord
8943
RGL_VALUE_38283 class nl.tudelft.rdfgears.rgl.datamodel.value.impl.ModifiableRecord
8944
RGL_VALUE_38285 class nl.tudelft.rdfgears.rgl.datamodel.value.impl.ModifiableRecord
8945
RGL_VALUE_38287 class nl.tudelft.rdfgears.rgl.datamodel.value.impl.ModifiableRecord
8946
RGL_VALUE_38289 class nl.tudelft.rdfgears.rgl.datamodel.value.impl.ModifiableRecord
8947
RGL_VALUE_38291 class nl.tudelft.rdfgears.rgl.datamodel.value.impl.ModifiableRecord
8948
RGL_VALUE_38293 class nl.tudelft.rdfgears.rgl.datamodel.value.impl.ModifiableRecord
8949
RGL_VALUE_38295 class nl.tudelft.rdfgears.rgl.datamodel.value.impl.ModifiableRecord
8950
RGL_VALUE_38297 class nl.tudelft.rdfgears.rgl.datamodel.value.impl.ModifiableRecord
8951
RGL_VALUE_38299 class nl.tudelft.rdfgears.rgl.datamodel.value.impl.ModifiableRecord
8952
RGL_VALUE_38301 class nl.tudelft.rdfgears.rgl.datamodel.value.impl.ModifiableRecord
8953
RGL_VALUE_38303 class nl.tudelft.rdfgears.rgl.datamodel.value.impl.ModifiableRecord
8954
RGL_VALUE_38305 class nl.tudelft.rdfgears.rgl.datamodel.value.impl.ModifiableRecord
8955
RGL_VALUE_38307 class nl.tudelft.rdfgears.rgl.datamodel.value.impl.ModifiableRecord
8956
RGL_VALUE_38309 class nl.tudelft.rdfgears.rgl.datamodel.value.impl.ModifiableRecord
8957
RGL_VALUE_38311 class nl.tudelft.rdfgears.rgl.datamodel.value.impl.ModifiableRecord
8958
RGL_VALUE_38313 class nl.tudelft.rdfgears.rgl.datamodel.value.impl.ModifiableRecord
8959
RGL_VALUE_38315 class nl.tudelft.rdfgears.rgl.datamodel.value.impl.ModifiableRecord
8960
RGL_VALUE_38317 class nl.tudelft.rdfgears.rgl.datamodel.value.impl.ModifiableRecord
8961
RGL_VALUE_38319 class nl.tudelft.rdfgears.rgl.datamodel.value.impl.ModifiableRecord
8962
RGL_VALUE_38321 class nl.tudelft.rdfgears.rgl.datamodel.value.impl.ModifiableRecord
8963
RGL_VALUE_38323 class nl.tudelft.rdfgears.rgl.datamodel.value.impl.ModifiableRecord
8964
RGL_VALUE_38325 class nl.tudelft.rdfgears.rgl.datamodel.value.impl.ModifiableRecord
8965
RGL_VALUE_38327 class nl.tudelft.rdfgears.rgl.datamodel.value.impl.ModifiableRecord
8966
RGL_VALUE_38329 class nl.tudelft.rdfgears.rgl.datamodel.value.impl.ModifiableRecord
8967
RGL_VALUE_38331 class nl.tudelft.rdfgears.rgl.datamodel.value.impl.ModifiableRecord
8968
RGL_VALUE_38333 class nl.tudelft.rdfgears.rgl.datamodel.value.impl.ModifiableRecord
8969
RGL_VALUE_38335 class nl.tudelft.rdfgears.rgl.datamodel.value.impl.ModifiableRecord
8970
RGL_VALUE_38337 class nl.tudelft.rdfgears.rgl.datamodel.value.impl.ModifiableRecord
8971
RGL_VALUE_38339 class nl.tudelft.rdfgears.rgl.datamodel.value.impl.ModifiableRecord
8972
RGL_VALUE_38341 class nl.tudelft.rdfgears.rgl.datamodel.value.impl.ModifiableRecord
8973
RGL_VALUE_38343 class nl.tudelft.rdfgears.rgl.datamodel.value.impl.ModifiableRecord
8974
RGL_VALUE_38345 class nl.tudelft.rdfgears.rgl.datamodel.value.impl.ModifiableRecord
8975
RGL_VALUE_38347 class nl.tudelft.rdfgears.rgl.datamodel.value.impl.ModifiableRecord
8976
RGL_VALUE_38349 class nl.tudelft.rdfgears.rgl.datamodel.value.impl.ModifiableRecord
8977
RGL_VALUE_38351 class nl.tudelft.rdfgears.rgl.datamodel.value.impl.ModifiableRecord
8978
RGL_VALUE_38353 class nl.tudelft.rdfgears.rgl.datamodel.value.impl.ModifiableRecord
8979
RGL_VALUE_38355 class nl.tudelft.rdfgears.rgl.datamodel.value.impl.ModifiableRecord
8980
RGL_VALUE_38357 class nl.tudelft.rdfgears.rgl.datamodel.value.impl.ModifiableRecord
8981
RGL_VALUE_38359 class nl.tudelft.rdfgears.rgl.datamodel.value.impl.ModifiableRecord
8982
RGL_VALUE_38361 class nl.tudelft.rdfgears.rgl.datamodel.value.impl.ModifiableRecord
8983
RGL_VALUE_38363 class nl.tudelft.rdfgears.rgl.datamodel.value.impl.ModifiableRecord
8984
RGL_VALUE_38365 class nl.tudelft.rdfgears.rgl.datamodel.value.impl.ModifiableRecord
8985
RGL_VALUE_38367 class nl.tudelft.rdfgears.rgl.datamodel.value.impl.ModifiableRecord
8986
RGL_VALUE_38369 class nl.tudelft.rdfgears.rgl.datamodel.value.impl.ModifiableRecord
8987
RGL_VALUE_38371 class nl.tudelft.rdfgears.rgl.datamodel.value.impl.ModifiableRecord
8988
RGL_VALUE_38373 class nl.tudelft.rdfgears.rgl.datamodel.value.impl.ModifiableRecord
8989
RGL_VALUE_38375 class nl.tudelft.rdfgears.rgl.datamodel.value.impl.ModifiableRecord
8990
RGL_VALUE_38377 class nl.tudelft.rdfgears.rgl.datamodel.value.impl.ModifiableRecord
8991
RGL_VALUE_38379 class nl.tudelft.rdfgears.rgl.datamodel.value.impl.ModifiableRecord
8992
RGL_VALUE_38381 class nl.tudelft.rdfgears.rgl.datamodel.value.impl.ModifiableRecord
8993
RGL_VALUE_38383 class nl.tudelft.rdfgears.rgl.datamodel.value.impl.ModifiableRecord
8994
RGL_VALUE_38385 class nl.tudelft.rdfgears.rgl.datamodel.value.impl.ModifiableRecord
8995
RGL_VALUE_38387 class nl.tudelft.rdfgears.rgl.datamodel.value.impl.ModifiableRecord
8996
RGL_VALUE_38389 class nl.tudelft.rdfgears.rgl.datamodel.value.impl.ModifiableRecord
8997
RGL_VALUE_38391 class nl.tudelft.rdfgears.rgl.datamodel.value.impl.ModifiableRecord
8998
RGL_VALUE_38393 class nl.tudelft.rdfgears.rgl.datamodel.value.impl.ModifiableRecord
8999
RGL_VALUE_38395 class nl.tudelft.rdfgears.rgl.datamodel.value.impl.ModifiableRecord
9000
RGL_VALUE_38398 class nl.tudelft.rdfgears.rgl.datamodel.value.impl.ModifiableRecord
9001
RGL_VALUE_38400 class nl.tudelft.rdfgears.rgl.datamodel.value.impl.ModifiableRecord
9002
RGL_VALUE_38402 class nl.tudelft.rdfgears.rgl.datamodel.value.impl.ModifiableRecord
9003
RGL_VALUE_38404 class nl.tudelft.rdfgears.rgl.datamodel.value.impl.ModifiableRecord
9004
RGL_VALUE_38406 class nl.tudelft.rdfgears.rgl.datamodel.value.impl.ModifiableRecord
9005
RGL_VALUE_38408 class nl.tudelft.rdfgears.rgl.datamodel.value.impl.ModifiableRecord
9006
RGL_VALUE_38410 class nl.tudelft.rdfgears.rgl.datamodel.value.impl.ModifiableRecord
9007
RGL_VALUE_38412 class nl.tudelft.rdfgears.rgl.datamodel.value.impl.ModifiableRecord
9008
RGL_VALUE_38414 class nl.tudelft.rdfgears.rgl.datamodel.value.impl.ModifiableRecord
9009
RGL_VALUE_38416 class nl.tudelft.rdfgears.rgl.datamodel.value.impl.ModifiableRecord
9010
RGL_VALUE_38418 class nl.tudelft.rdfgears.rgl.datamodel.value.impl.ModifiableRecord
9011
RGL_VALUE_38420 class nl.tudelft.rdfgears.rgl.datamodel.value.impl.ModifiableRecord
9012
RGL_VALUE_38422 class nl.tudelft.rdfgears.rgl.datamodel.value.impl.ModifiableRecord
9013
RGL_VALUE_38424 class nl.tudelft.rdfgears.rgl.datamodel.value.impl.ModifiableRecord
9014
RGL_VALUE_38426 class nl.tudelft.rdfgears.rgl.datamodel.value.impl.ModifiableRecord
9015
RGL_VALUE_38428 class nl.tudelft.rdfgears.rgl.datamodel.value.impl.ModifiableRecord
9016
RGL_VALUE_38430 class nl.tudelft.rdfgears.rgl.datamodel.value.impl.ModifiableRecord
9017
RGL_VALUE_38432 class nl.tudelft.rdfgears.rgl.datamodel.value.impl.ModifiableRecord
9018
RGL_VALUE_38434 class nl.tudelft.rdfgears.rgl.datamodel.value.impl.ModifiableRecord
9019
RGL_VALUE_38436 class nl.tudelft.rdfgears.rgl.datamodel.value.impl.ModifiableRecord
9020
RGL_VALUE_38438 class nl.tudelft.rdfgears.rgl.datamodel.value.impl.ModifiableRecord
9021
RGL_VALUE_38440 class nl.tudelft.rdfgears.rgl.datamodel.value.impl.ModifiableRecord
9022
RGL_VALUE_38442 class nl.tudelft.rdfgears.rgl.datamodel.value.impl.ModifiableRecord
9023
RGL_VALUE_38444 class nl.tudelft.rdfgears.rgl.datamodel.value.impl.ModifiableRecord
9024
RGL_VALUE_38446 class nl.tudelft.rdfgears.rgl.datamodel.value.impl.ModifiableRecord
9025
RGL_VALUE_38448 class nl.tudelft.rdfgears.rgl.datamodel.value.impl.ModifiableRecord
9026
RGL_VALUE_38450 class nl.tudelft.rdfgears.rgl.datamodel.value.impl.ModifiableRecord
9027
RGL_VALUE_38452 class nl.tudelft.rdfgears.rgl.datamodel.value.impl.ModifiableRecord
9028
RGL_VALUE_38454 class nl.tudelft.rdfgears.rgl.datamodel.value.impl.ModifiableRecord
9029
RGL_VALUE_38456 class nl.tudelft.rdfgears.rgl.datamodel.value.impl.ModifiableRecord
9030
RGL_VALUE_38458 class nl.tudelft.rdfgears.rgl.datamodel.value.impl.ModifiableRecord
9031
RGL_VALUE_38460 class nl.tudelft.rdfgears.rgl.datamodel.value.impl.ModifiableRecord
9032
RGL_VALUE_38462 class nl.tudelft.rdfgears.rgl.datamodel.value.impl.ModifiableRecord
9033
RGL_VALUE_38464 class nl.tudelft.rdfgears.rgl.datamodel.value.impl.ModifiableRecord
9034
RGL_VALUE_38466 class nl.tudelft.rdfgears.rgl.datamodel.value.impl.ModifiableRecord
9035
RGL_VALUE_38468 class nl.tudelft.rdfgears.rgl.datamodel.value.impl.ModifiableRecord
9036
RGL_VALUE_38470 class nl.tudelft.rdfgears.rgl.datamodel.value.impl.ModifiableRecord
9037
RGL_VALUE_38472 class nl.tudelft.rdfgears.rgl.datamodel.value.impl.ModifiableRecord
9038
RGL_VALUE_38474 class nl.tudelft.rdfgears.rgl.datamodel.value.impl.ModifiableRecord
9039
RGL_VALUE_38476 class nl.tudelft.rdfgears.rgl.datamodel.value.impl.ModifiableRecord
9040
RGL_VALUE_38478 class nl.tudelft.rdfgears.rgl.datamodel.value.impl.ModifiableRecord
9041
RGL_VALUE_38480 class nl.tudelft.rdfgears.rgl.datamodel.value.impl.ModifiableRecord
9042
RGL_VALUE_38482 class nl.tudelft.rdfgears.rgl.datamodel.value.impl.ModifiableRecord
9043
RGL_VALUE_38484 class nl.tudelft.rdfgears.rgl.datamodel.value.impl.ModifiableRecord
9044
RGL_VALUE_38486 class nl.tudelft.rdfgears.rgl.datamodel.value.impl.ModifiableRecord
9045
RGL_VALUE_38488 class nl.tudelft.rdfgears.rgl.datamodel.value.impl.ModifiableRecord
9046
RGL_VALUE_38490 class nl.tudelft.rdfgears.rgl.datamodel.value.impl.ModifiableRecord
9047
RGL_VALUE_38492 class nl.tudelft.rdfgears.rgl.datamodel.value.impl.ModifiableRecord
9048
RGL_VALUE_38494 class nl.tudelft.rdfgears.rgl.datamodel.value.impl.ModifiableRecord
9049
RGL_VALUE_38496 class nl.tudelft.rdfgears.rgl.datamodel.value.impl.ModifiableRecord
9050
RGL_VALUE_38498 class nl.tudelft.rdfgears.rgl.datamodel.value.impl.ModifiableRecord
9051
RGL_VALUE_38500 class nl.tudelft.rdfgears.rgl.datamodel.value.impl.ModifiableRecord
9052
RGL_VALUE_38502 class nl.tudelft.rdfgears.rgl.datamodel.value.impl.ModifiableRecord
9053
RGL_VALUE_38504 class nl.tudelft.rdfgears.rgl.datamodel.value.impl.ModifiableRecord
9054
RGL_VALUE_38506 class nl.tudelft.rdfgears.rgl.datamodel.value.impl.ModifiableRecord
9055
RGL_VALUE_38508 class nl.tudelft.rdfgears.rgl.datamodel.value.impl.ModifiableRecord
9056
RGL_VALUE_38510 class nl.tudelft.rdfgears.rgl.datamodel.value.impl.ModifiableRecord
9057
RGL_VALUE_38512 class nl.tudelft.rdfgears.rgl.datamodel.value.impl.ModifiableRecord
9058
RGL_VALUE_38514 class nl.tudelft.rdfgears.rgl.datamodel.value.impl.ModifiableRecord
9059
RGL_VALUE_38516 class nl.tudelft.rdfgears.rgl.datamodel.value.impl.ModifiableRecord
9060
RGL_VALUE_38518 class nl.tudelft.rdfgears.rgl.datamodel.value.impl.ModifiableRecord
9061
RGL_VALUE_38520 class nl.tudelft.rdfgears.rgl.datamodel.value.impl.ModifiableRecord
9062
RGL_VALUE_38522 class nl.tudelft.rdfgears.rgl.datamodel.value.impl.ModifiableRecord
9063
RGL_VALUE_38524 class nl.tudelft.rdfgears.rgl.datamodel.value.impl.ModifiableRecord
9064
RGL_VALUE_38526 class nl.tudelft.rdfgears.rgl.datamodel.value.impl.ModifiableRecord
9065
RGL_VALUE_38528 class nl.tudelft.rdfgears.rgl.datamodel.value.impl.ModifiableRecord
9066
RGL_VALUE_38530 class nl.tudelft.rdfgears.rgl.datamodel.value.impl.ModifiableRecord
9067
RGL_VALUE_38532 class nl.tudelft.rdfgears.rgl.datamodel.value.impl.ModifiableRecord
9068
RGL_VALUE_38534 class nl.tudelft.rdfgears.rgl.datamodel.value.impl.ModifiableRecord
9069
RGL_VALUE_38536 class nl.tudelft.rdfgears.rgl.datamodel.value.impl.ModifiableRecord
9070
RGL_VALUE_38538 class nl.tudelft.rdfgears.rgl.datamodel.value.impl.ModifiableRecord
9071
RGL_VALUE_38540 class nl.tudelft.rdfgears.rgl.datamodel.value.impl.ModifiableRecord
9072
RGL_VALUE_38542 class nl.tudelft.rdfgears.rgl.datamodel.value.impl.ModifiableRecord
9073
RGL_VALUE_38544 class nl.tudelft.rdfgears.rgl.datamodel.value.impl.ModifiableRecord
9074
RGL_VALUE_38546 class nl.tudelft.rdfgears.rgl.datamodel.value.impl.ModifiableRecord
9075
RGL_VALUE_38548 class nl.tudelft.rdfgears.rgl.datamodel.value.impl.ModifiableRecord
9076
RGL_VALUE_38550 class nl.tudelft.rdfgears.rgl.datamodel.value.impl.ModifiableRecord
9077
RGL_VALUE_38552 class nl.tudelft.rdfgears.rgl.datamodel.value.impl.ModifiableRecord
9078
RGL_VALUE_38554 class nl.tudelft.rdfgears.rgl.datamodel.value.impl.ModifiableRecord
9079
RGL_VALUE_38556 class nl.tudelft.rdfgears.rgl.datamodel.value.impl.ModifiableRecord
9080
RGL_VALUE_38558 class nl.tudelft.rdfgears.rgl.datamodel.value.impl.ModifiableRecord
9081
RGL_VALUE_38560 class nl.tudelft.rdfgears.rgl.datamodel.value.impl.ModifiableRecord
9082
RGL_VALUE_38562 class nl.tudelft.rdfgears.rgl.datamodel.value.impl.ModifiableRecord
9083
RGL_VALUE_38564 class nl.tudelft.rdfgears.rgl.datamodel.value.impl.ModifiableRecord
9084
RGL_VALUE_38566 class nl.tudelft.rdfgears.rgl.datamodel.value.impl.ModifiableRecord
9085
RGL_VALUE_38568 class nl.tudelft.rdfgears.rgl.datamodel.value.impl.ModifiableRecord
9086
RGL_VALUE_38570 class nl.tudelft.rdfgears.rgl.datamodel.value.impl.ModifiableRecord
9087
RGL_VALUE_38572 class nl.tudelft.rdfgears.rgl.datamodel.value.impl.ModifiableRecord
9088
RGL_VALUE_38574 class nl.tudelft.rdfgears.rgl.datamodel.value.impl.ModifiableRecord
9089
RGL_VALUE_38576 class nl.tudelft.rdfgears.rgl.datamodel.value.impl.ModifiableRecord
9090
RGL_VALUE_38578 class nl.tudelft.rdfgears.rgl.datamodel.value.impl.ModifiableRecord
9091
RGL_VALUE_38580 class nl.tudelft.rdfgears.rgl.datamodel.value.impl.ModifiableRecord
9092
RGL_VALUE_38582 class nl.tudelft.rdfgears.rgl.datamodel.value.impl.ModifiableRecord
9093
RGL_VALUE_38584 class nl.tudelft.rdfgears.rgl.datamodel.value.impl.ModifiableRecord
9094
RGL_VALUE_38586 class nl.tudelft.rdfgears.rgl.datamodel.value.impl.ModifiableRecord
9095
RGL_VALUE_38588 class nl.tudelft.rdfgears.rgl.datamodel.value.impl.ModifiableRecord
9096
RGL_VALUE_38590 class nl.tudelft.rdfgears.rgl.datamodel.value.impl.ModifiableRecord
9097
RGL_VALUE_38592 class nl.tudelft.rdfgears.rgl.datamodel.value.impl.ModifiableRecord
9098
RGL_VALUE_38594 class nl.tudelft.rdfgears.rgl.datamodel.value.impl.ModifiableRecord
9099
RGL_VALUE_38596 class nl.tudelft.rdfgears.rgl.datamodel.value.impl.ModifiableRecord
9100
RGL_VALUE_38599 class nl.tudelft.rdfgears.rgl.datamodel.value.impl.ModifiableRecord
9101
RGL_VALUE_38601 class nl.tudelft.rdfgears.rgl.datamodel.value.impl.ModifiableRecord
9102
RGL_VALUE_38603 class nl.tudelft.rdfgears.rgl.datamodel.value.impl.ModifiableRecord
9103
RGL_VALUE_38605 class nl.tudelft.rdfgears.rgl.datamodel.value.impl.ModifiableRecord
9104
RGL_VALUE_38607 class nl.tudelft.rdfgears.rgl.datamodel.value.impl.ModifiableRecord
9105
RGL_VALUE_38609 class nl.tudelft.rdfgears.rgl.datamodel.value.impl.ModifiableRecord
9106
RGL_VALUE_38611 class nl.tudelft.rdfgears.rgl.datamodel.value.impl.ModifiableRecord
9107
RGL_VALUE_38613 class nl.tudelft.rdfgears.rgl.datamodel.value.impl.ModifiableRecord
9108
RGL_VALUE_38615 class nl.tudelft.rdfgears.rgl.datamodel.value.impl.ModifiableRecord
9109
RGL_VALUE_38617 class nl.tudelft.rdfgears.rgl.datamodel.value.impl.ModifiableRecord
9110
RGL_VALUE_38619 class nl.tudelft.rdfgears.rgl.datamodel.value.impl.ModifiableRecord
9111
RGL_VALUE_38621 class nl.tudelft.rdfgears.rgl.datamodel.value.impl.ModifiableRecord
9112
RGL_VALUE_38623 class nl.tudelft.rdfgears.rgl.datamodel.value.impl.ModifiableRecord
9113
RGL_VALUE_38625 class nl.tudelft.rdfgears.rgl.datamodel.value.impl.ModifiableRecord
9114
RGL_VALUE_38627 class nl.tudelft.rdfgears.rgl.datamodel.value.impl.ModifiableRecord
9115
RGL_VALUE_38629 class nl.tudelft.rdfgears.rgl.datamodel.value.impl.ModifiableRecord
9116
RGL_VALUE_38631 class nl.tudelft.rdfgears.rgl.datamodel.value.impl.ModifiableRecord
9117
RGL_VALUE_38633 class nl.tudelft.rdfgears.rgl.datamodel.value.impl.ModifiableRecord
9118
RGL_VALUE_38635 class nl.tudelft.rdfgears.rgl.datamodel.value.impl.ModifiableRecord
9119
RGL_VALUE_38637 class nl.tudelft.rdfgears.rgl.datamodel.value.impl.ModifiableRecord
9120
RGL_VALUE_38639 class nl.tudelft.rdfgears.rgl.datamodel.value.impl.ModifiableRecord
9121
RGL_VALUE_38641 class nl.tudelft.rdfgears.rgl.datamodel.value.impl.ModifiableRecord
9122
RGL_VALUE_38643 class nl.tudelft.rdfgears.rgl.datamodel.value.impl.ModifiableRecord
9123
RGL_VALUE_38645 class nl.tudelft.rdfgears.rgl.datamodel.value.impl.ModifiableRecord
9124
RGL_VALUE_38647 class nl.tudelft.rdfgears.rgl.datamodel.value.impl.ModifiableRecord
9125
RGL_VALUE_38649 class nl.tudelft.rdfgears.rgl.datamodel.value.impl.ModifiableRecord
9126
RGL_VALUE_38651 class nl.tudelft.rdfgears.rgl.datamodel.value.impl.ModifiableRecord
9127
RGL_VALUE_38653 class nl.tudelft.rdfgears.rgl.datamodel.value.impl.ModifiableRecord
9128
RGL_VALUE_38655 class nl.tudelft.rdfgears.rgl.datamodel.value.impl.ModifiableRecord
9129
RGL_VALUE_38657 class nl.tudelft.rdfgears.rgl.datamodel.value.impl.ModifiableRecord
9130
RGL_VALUE_38659 class nl.tudelft.rdfgears.rgl.datamodel.value.impl.ModifiableRecord
9131
RGL_VALUE_38661 class nl.tudelft.rdfgears.rgl.datamodel.value.impl.ModifiableRecord
9132
RGL_VALUE_38663 class nl.tudelft.rdfgears.rgl.datamodel.value.impl.ModifiableRecord
9133
RGL_VALUE_38665 class nl.tudelft.rdfgears.rgl.datamodel.value.impl.ModifiableRecord
9134
RGL_VALUE_38667 class nl.tudelft.rdfgears.rgl.datamodel.value.impl.ModifiableRecord
9135
RGL_VALUE_38669 class nl.tudelft.rdfgears.rgl.datamodel.value.impl.ModifiableRecord
9136
RGL_VALUE_38671 class nl.tudelft.rdfgears.rgl.datamodel.value.impl.ModifiableRecord
9137
RGL_VALUE_38673 class nl.tudelft.rdfgears.rgl.datamodel.value.impl.ModifiableRecord
9138
RGL_VALUE_38675 class nl.tudelft.rdfgears.rgl.datamodel.value.impl.ModifiableRecord
9139
RGL_VALUE_38677 class nl.tudelft.rdfgears.rgl.datamodel.value.impl.ModifiableRecord
9140
RGL_VALUE_38679 class nl.tudelft.rdfgears.rgl.datamodel.value.impl.ModifiableRecord
9141
RGL_VALUE_38681 class nl.tudelft.rdfgears.rgl.datamodel.value.impl.ModifiableRecord
9142
RGL_VALUE_38683 class nl.tudelft.rdfgears.rgl.datamodel.value.impl.ModifiableRecord
9143
RGL_VALUE_38685 class nl.tudelft.rdfgears.rgl.datamodel.value.impl.ModifiableRecord
9144
RGL_VALUE_38687 class nl.tudelft.rdfgears.rgl.datamodel.value.impl.ModifiableRecord
9145
RGL_VALUE_38689 class nl.tudelft.rdfgears.rgl.datamodel.value.impl.ModifiableRecord
9146
RGL_VALUE_38691 class nl.tudelft.rdfgears.rgl.datamodel.value.impl.ModifiableRecord
9147
RGL_VALUE_38693 class nl.tudelft.rdfgears.rgl.datamodel.value.impl.ModifiableRecord
9148
RGL_VALUE_38695 class nl.tudelft.rdfgears.rgl.datamodel.value.impl.ModifiableRecord
9149
RGL_VALUE_38697 class nl.tudelft.rdfgears.rgl.datamodel.value.impl.ModifiableRecord
9150
RGL_VALUE_38699 class nl.tudelft.rdfgears.rgl.datamodel.value.impl.ModifiableRecord
9151
RGL_VALUE_38701 class nl.tudelft.rdfgears.rgl.datamodel.value.impl.ModifiableRecord
9152
RGL_VALUE_38703 class nl.tudelft.rdfgears.rgl.datamodel.value.impl.ModifiableRecord
9153
RGL_VALUE_38705 class nl.tudelft.rdfgears.rgl.datamodel.value.impl.ModifiableRecord
9154
RGL_VALUE_38707 class nl.tudelft.rdfgears.rgl.datamodel.value.impl.ModifiableRecord
9155
RGL_VALUE_38709 class nl.tudelft.rdfgears.rgl.datamodel.value.impl.ModifiableRecord
9156
RGL_VALUE_38711 class nl.tudelft.rdfgears.rgl.datamodel.value.impl.ModifiableRecord
9157
RGL_VALUE_38713 class nl.tudelft.rdfgears.rgl.datamodel.value.impl.ModifiableRecord
9158
RGL_VALUE_38715 class nl.tudelft.rdfgears.rgl.datamodel.value.impl.ModifiableRecord
9159
RGL_VALUE_38717 class nl.tudelft.rdfgears.rgl.datamodel.value.impl.ModifiableRecord
9160
RGL_VALUE_38719 class nl.tudelft.rdfgears.rgl.datamodel.value.impl.ModifiableRecord
9161
RGL_VALUE_38721 class nl.tudelft.rdfgears.rgl.datamodel.value.impl.ModifiableRecord
9162
RGL_VALUE_38723 class nl.tudelft.rdfgears.rgl.datamodel.value.impl.ModifiableRecord
9163
RGL_VALUE_38725 class nl.tudelft.rdfgears.rgl.datamodel.value.impl.ModifiableRecord
9164
RGL_VALUE_38727 class nl.tudelft.rdfgears.rgl.datamodel.value.impl.ModifiableRecord
9165
RGL_VALUE_38729 class nl.tudelft.rdfgears.rgl.datamodel.value.impl.ModifiableRecord
9166
RGL_VALUE_38731 class nl.tudelft.rdfgears.rgl.datamodel.value.impl.ModifiableRecord
9167
RGL_VALUE_38733 class nl.tudelft.rdfgears.rgl.datamodel.value.impl.ModifiableRecord
9168
RGL_VALUE_38735 class nl.tudelft.rdfgears.rgl.datamodel.value.impl.ModifiableRecord
9169
RGL_VALUE_38737 class nl.tudelft.rdfgears.rgl.datamodel.value.impl.ModifiableRecord
9170
RGL_VALUE_38739 class nl.tudelft.rdfgears.rgl.datamodel.value.impl.ModifiableRecord
9171
RGL_VALUE_38741 class nl.tudelft.rdfgears.rgl.datamodel.value.impl.ModifiableRecord
9172
RGL_VALUE_38743 class nl.tudelft.rdfgears.rgl.datamodel.value.impl.ModifiableRecord
9173
RGL_VALUE_38745 class nl.tudelft.rdfgears.rgl.datamodel.value.impl.ModifiableRecord
9174
RGL_VALUE_38747 class nl.tudelft.rdfgears.rgl.datamodel.value.impl.ModifiableRecord
9175
RGL_VALUE_38749 class nl.tudelft.rdfgears.rgl.datamodel.value.impl.ModifiableRecord
9176
RGL_VALUE_38751 class nl.tudelft.rdfgears.rgl.datamodel.value.impl.ModifiableRecord
9177
RGL_VALUE_38753 class nl.tudelft.rdfgears.rgl.datamodel.value.impl.ModifiableRecord
9178
RGL_VALUE_38755 class nl.tudelft.rdfgears.rgl.datamodel.value.impl.ModifiableRecord
9179
RGL_VALUE_38757 class nl.tudelft.rdfgears.rgl.datamodel.value.impl.ModifiableRecord
9180
RGL_VALUE_38759 class nl.tudelft.rdfgears.rgl.datamodel.value.impl.ModifiableRecord
9181
RGL_VALUE_38761 class nl.tudelft.rdfgears.rgl.datamodel.value.impl.ModifiableRecord
9182
RGL_VALUE_38763 class nl.tudelft.rdfgears.rgl.datamodel.value.impl.ModifiableRecord
9183
RGL_VALUE_38765 class nl.tudelft.rdfgears.rgl.datamodel.value.impl.ModifiableRecord
9184
RGL_VALUE_38767 class nl.tudelft.rdfgears.rgl.datamodel.value.impl.ModifiableRecord
9185
RGL_VALUE_38769 class nl.tudelft.rdfgears.rgl.datamodel.value.impl.ModifiableRecord
9186
RGL_VALUE_38771 class nl.tudelft.rdfgears.rgl.datamodel.value.impl.ModifiableRecord
9187
RGL_VALUE_38773 class nl.tudelft.rdfgears.rgl.datamodel.value.impl.ModifiableRecord
9188
RGL_VALUE_38775 class nl.tudelft.rdfgears.rgl.datamodel.value.impl.ModifiableRecord
9189
RGL_VALUE_38777 class nl.tudelft.rdfgears.rgl.datamodel.value.impl.ModifiableRecord
9190
RGL_VALUE_38779 class nl.tudelft.rdfgears.rgl.datamodel.value.impl.ModifiableRecord
9191
RGL_VALUE_38781 class nl.tudelft.rdfgears.rgl.datamodel.value.impl.ModifiableRecord
9192
RGL_VALUE_38783 class nl.tudelft.rdfgears.rgl.datamodel.value.impl.ModifiableRecord
9193
RGL_VALUE_38785 class nl.tudelft.rdfgears.rgl.datamodel.value.impl.ModifiableRecord
9194
RGL_VALUE_38787 class nl.tudelft.rdfgears.rgl.datamodel.value.impl.ModifiableRecord
9195
RGL_VALUE_38789 class nl.tudelft.rdfgears.rgl.datamodel.value.impl.ModifiableRecord
9196
RGL_VALUE_38791 class nl.tudelft.rdfgears.rgl.datamodel.value.impl.ModifiableRecord
9197
RGL_VALUE_38793 class nl.tudelft.rdfgears.rgl.datamodel.value.impl.ModifiableRecord
9198
RGL_VALUE_38795 class nl.tudelft.rdfgears.rgl.datamodel.value.impl.ModifiableRecord
9199
RGL_VALUE_38797 class nl.tudelft.rdfgears.rgl.datamodel.value.impl.ModifiableRecord
9200
RGL_VALUE_38800 class nl.tudelft.rdfgears.rgl.datamodel.value.impl.ModifiableRecord
9201
RGL_VALUE_38802 class nl.tudelft.rdfgears.rgl.datamodel.value.impl.ModifiableRecord
9202
RGL_VALUE_38804 class nl.tudelft.rdfgears.rgl.datamodel.value.impl.ModifiableRecord
9203
RGL_VALUE_38806 class nl.tudelft.rdfgears.rgl.datamodel.value.impl.ModifiableRecord
9204
RGL_VALUE_38808 class nl.tudelft.rdfgears.rgl.datamodel.value.impl.ModifiableRecord
9205
RGL_VALUE_38810 class nl.tudelft.rdfgears.rgl.datamodel.value.impl.ModifiableRecord
9206
RGL_VALUE_38812 class nl.tudelft.rdfgears.rgl.datamodel.value.impl.ModifiableRecord
9207
RGL_VALUE_38814 class nl.tudelft.rdfgears.rgl.datamodel.value.impl.ModifiableRecord
9208
RGL_VALUE_38816 class nl.tudelft.rdfgears.rgl.datamodel.value.impl.ModifiableRecord
9209
RGL_VALUE_38818 class nl.tudelft.rdfgears.rgl.datamodel.value.impl.ModifiableRecord
9210
RGL_VALUE_38820 class nl.tudelft.rdfgears.rgl.datamodel.value.impl.ModifiableRecord
9211
RGL_VALUE_38822 class nl.tudelft.rdfgears.rgl.datamodel.value.impl.ModifiableRecord
9212
RGL_VALUE_38824 class nl.tudelft.rdfgears.rgl.datamodel.value.impl.ModifiableRecord
9213
RGL_VALUE_38826 class nl.tudelft.rdfgears.rgl.datamodel.value.impl.ModifiableRecord
9214
RGL_VALUE_38828 class nl.tudelft.rdfgears.rgl.datamodel.value.impl.ModifiableRecord
9215
RGL_VALUE_38830 class nl.tudelft.rdfgears.rgl.datamodel.value.impl.ModifiableRecord
9216
RGL_VALUE_38832 class nl.tudelft.rdfgears.rgl.datamodel.value.impl.ModifiableRecord
9217
RGL_VALUE_38834 class nl.tudelft.rdfgears.rgl.datamodel.value.impl.ModifiableRecord
9218
RGL_VALUE_38836 class nl.tudelft.rdfgears.rgl.datamodel.value.impl.ModifiableRecord
9219
RGL_VALUE_38838 class nl.tudelft.rdfgears.rgl.datamodel.value.impl.ModifiableRecord
9220
RGL_VALUE_38840 class nl.tudelft.rdfgears.rgl.datamodel.value.impl.ModifiableRecord
9221
RGL_VALUE_38842 class nl.tudelft.rdfgears.rgl.datamodel.value.impl.ModifiableRecord
9222
RGL_VALUE_38844 class nl.tudelft.rdfgears.rgl.datamodel.value.impl.ModifiableRecord
9223
RGL_VALUE_38846 class nl.tudelft.rdfgears.rgl.datamodel.value.impl.ModifiableRecord
9224
RGL_VALUE_38848 class nl.tudelft.rdfgears.rgl.datamodel.value.impl.ModifiableRecord
9225
RGL_VALUE_38850 class nl.tudelft.rdfgears.rgl.datamodel.value.impl.ModifiableRecord
9226
RGL_VALUE_38852 class nl.tudelft.rdfgears.rgl.datamodel.value.impl.ModifiableRecord
9227
RGL_VALUE_38854 class nl.tudelft.rdfgears.rgl.datamodel.value.impl.ModifiableRecord
9228
RGL_VALUE_38856 class nl.tudelft.rdfgears.rgl.datamodel.value.impl.ModifiableRecord
9229
RGL_VALUE_38858 class nl.tudelft.rdfgears.rgl.datamodel.value.impl.ModifiableRecord
9230
RGL_VALUE_38860 class nl.tudelft.rdfgears.rgl.datamodel.value.impl.ModifiableRecord
9231
RGL_VALUE_38862 class nl.tudelft.rdfgears.rgl.datamodel.value.impl.ModifiableRecord
9232
RGL_VALUE_38864 class nl.tudelft.rdfgears.rgl.datamodel.value.impl.ModifiableRecord
9233
RGL_VALUE_38866 class nl.tudelft.rdfgears.rgl.datamodel.value.impl.ModifiableRecord
9234
RGL_VALUE_38868 class nl.tudelft.rdfgears.rgl.datamodel.value.impl.ModifiableRecord
9235
RGL_VALUE_38870 class nl.tudelft.rdfgears.rgl.datamodel.value.impl.ModifiableRecord
9236
RGL_VALUE_38872 class nl.tudelft.rdfgears.rgl.datamodel.value.impl.ModifiableRecord
9237
RGL_VALUE_38874 class nl.tudelft.rdfgears.rgl.datamodel.value.impl.ModifiableRecord
9238
RGL_VALUE_38876 class nl.tudelft.rdfgears.rgl.datamodel.value.impl.ModifiableRecord
9239
RGL_VALUE_38878 class nl.tudelft.rdfgears.rgl.datamodel.value.impl.ModifiableRecord
9240
RGL_VALUE_38880 class nl.tudelft.rdfgears.rgl.datamodel.value.impl.ModifiableRecord
9241
RGL_VALUE_38882 class nl.tudelft.rdfgears.rgl.datamodel.value.impl.ModifiableRecord
9242
RGL_VALUE_38884 class nl.tudelft.rdfgears.rgl.datamodel.value.impl.ModifiableRecord
9243
RGL_VALUE_38886 class nl.tudelft.rdfgears.rgl.datamodel.value.impl.ModifiableRecord
9244
RGL_VALUE_38888 class nl.tudelft.rdfgears.rgl.datamodel.value.impl.ModifiableRecord
9245
RGL_VALUE_38890 class nl.tudelft.rdfgears.rgl.datamodel.value.impl.ModifiableRecord
9246
RGL_VALUE_38892 class nl.tudelft.rdfgears.rgl.datamodel.value.impl.ModifiableRecord
9247
RGL_VALUE_38894 class nl.tudelft.rdfgears.rgl.datamodel.value.impl.ModifiableRecord
9248
RGL_VALUE_38896 class nl.tudelft.rdfgears.rgl.datamodel.value.impl.ModifiableRecord
9249
RGL_VALUE_38898 class nl.tudelft.rdfgears.rgl.datamodel.value.impl.ModifiableRecord
9250
RGL_VALUE_38900 class nl.tudelft.rdfgears.rgl.datamodel.value.impl.ModifiableRecord
9251
RGL_VALUE_38902 class nl.tudelft.rdfgears.rgl.datamodel.value.impl.ModifiableRecord
9252
RGL_VALUE_38904 class nl.tudelft.rdfgears.rgl.datamodel.value.impl.ModifiableRecord
9253
RGL_VALUE_38906 class nl.tudelft.rdfgears.rgl.datamodel.value.impl.ModifiableRecord
9254
RGL_VALUE_38908 class nl.tudelft.rdfgears.rgl.datamodel.value.impl.ModifiableRecord
9255
RGL_VALUE_38910 class nl.tudelft.rdfgears.rgl.datamodel.value.impl.ModifiableRecord
9256
RGL_VALUE_38912 class nl.tudelft.rdfgears.rgl.datamodel.value.impl.ModifiableRecord
9257
RGL_VALUE_38914 class nl.tudelft.rdfgears.rgl.datamodel.value.impl.ModifiableRecord
9258
RGL_VALUE_38916 class nl.tudelft.rdfgears.rgl.datamodel.value.impl.ModifiableRecord
9259
RGL_VALUE_38918 class nl.tudelft.rdfgears.rgl.datamodel.value.impl.ModifiableRecord
9260
RGL_VALUE_38920 class nl.tudelft.rdfgears.rgl.datamodel.value.impl.ModifiableRecord
9261
RGL_VALUE_38922 class nl.tudelft.rdfgears.rgl.datamodel.value.impl.ModifiableRecord
9262
RGL_VALUE_38924 class nl.tudelft.rdfgears.rgl.datamodel.value.impl.ModifiableRecord
9263
RGL_VALUE_38926 class nl.tudelft.rdfgears.rgl.datamodel.value.impl.ModifiableRecord
9264
RGL_VALUE_38928 class nl.tudelft.rdfgears.rgl.datamodel.value.impl.ModifiableRecord
9265
RGL_VALUE_38930 class nl.tudelft.rdfgears.rgl.datamodel.value.impl.ModifiableRecord
9266
RGL_VALUE_38932 class nl.tudelft.rdfgears.rgl.datamodel.value.impl.ModifiableRecord
9267
RGL_VALUE_38934 class nl.tudelft.rdfgears.rgl.datamodel.value.impl.ModifiableRecord
9268
RGL_VALUE_38936 class nl.tudelft.rdfgears.rgl.datamodel.value.impl.ModifiableRecord
9269
RGL_VALUE_38938 class nl.tudelft.rdfgears.rgl.datamodel.value.impl.ModifiableRecord
9270
RGL_VALUE_38940 class nl.tudelft.rdfgears.rgl.datamodel.value.impl.ModifiableRecord
9271
RGL_VALUE_38942 class nl.tudelft.rdfgears.rgl.datamodel.value.impl.ModifiableRecord
9272
RGL_VALUE_38944 class nl.tudelft.rdfgears.rgl.datamodel.value.impl.ModifiableRecord
9273
RGL_VALUE_38946 class nl.tudelft.rdfgears.rgl.datamodel.value.impl.ModifiableRecord
9274
RGL_VALUE_38948 class nl.tudelft.rdfgears.rgl.datamodel.value.impl.ModifiableRecord
9275
RGL_VALUE_38950 class nl.tudelft.rdfgears.rgl.datamodel.value.impl.ModifiableRecord
9276
RGL_VALUE_38952 class nl.tudelft.rdfgears.rgl.datamodel.value.impl.ModifiableRecord
9277
RGL_VALUE_38954 class nl.tudelft.rdfgears.rgl.datamodel.value.impl.ModifiableRecord
9278
RGL_VALUE_38956 class nl.tudelft.rdfgears.rgl.datamodel.value.impl.ModifiableRecord
9279
RGL_VALUE_38958 class nl.tudelft.rdfgears.rgl.datamodel.value.impl.ModifiableRecord
9280
RGL_VALUE_38960 class nl.tudelft.rdfgears.rgl.datamodel.value.impl.ModifiableRecord
9281
RGL_VALUE_38962 class nl.tudelft.rdfgears.rgl.datamodel.value.impl.ModifiableRecord
9282
RGL_VALUE_38964 class nl.tudelft.rdfgears.rgl.datamodel.value.impl.ModifiableRecord
9283
RGL_VALUE_38966 class nl.tudelft.rdfgears.rgl.datamodel.value.impl.ModifiableRecord
9284
RGL_VALUE_38968 class nl.tudelft.rdfgears.rgl.datamodel.value.impl.ModifiableRecord
9285
RGL_VALUE_38970 class nl.tudelft.rdfgears.rgl.datamodel.value.impl.ModifiableRecord
9286
RGL_VALUE_38972 class nl.tudelft.rdfgears.rgl.datamodel.value.impl.ModifiableRecord
9287
RGL_VALUE_38974 class nl.tudelft.rdfgears.rgl.datamodel.value.impl.ModifiableRecord
9288
RGL_VALUE_38976 class nl.tudelft.rdfgears.rgl.datamodel.value.impl.ModifiableRecord
9289
RGL_VALUE_38978 class nl.tudelft.rdfgears.rgl.datamodel.value.impl.ModifiableRecord
9290
RGL_VALUE_38980 class nl.tudelft.rdfgears.rgl.datamodel.value.impl.ModifiableRecord
9291
RGL_VALUE_38982 class nl.tudelft.rdfgears.rgl.datamodel.value.impl.ModifiableRecord
9292
RGL_VALUE_38984 class nl.tudelft.rdfgears.rgl.datamodel.value.impl.ModifiableRecord
9293
RGL_VALUE_38986 class nl.tudelft.rdfgears.rgl.datamodel.value.impl.ModifiableRecord
9294
RGL_VALUE_38988 class nl.tudelft.rdfgears.rgl.datamodel.value.impl.ModifiableRecord
9295
RGL_VALUE_38990 class nl.tudelft.rdfgears.rgl.datamodel.value.impl.ModifiableRecord
9296
RGL_VALUE_38992 class nl.tudelft.rdfgears.rgl.datamodel.value.impl.ModifiableRecord
9297
RGL_VALUE_38994 class nl.tudelft.rdfgears.rgl.datamodel.value.impl.ModifiableRecord
9298
RGL_VALUE_38996 class nl.tudelft.rdfgears.rgl.datamodel.value.impl.ModifiableRecord
9299
RGL_VALUE_38998 class nl.tudelft.rdfgears.rgl.datamodel.value.impl.ModifiableRecord
9300
RGL_VALUE_39001 class nl.tudelft.rdfgears.rgl.datamodel.value.impl.ModifiableRecord
9301
RGL_VALUE_39003 class nl.tudelft.rdfgears.rgl.datamodel.value.impl.ModifiableRecord
9302
RGL_VALUE_39005 class nl.tudelft.rdfgears.rgl.datamodel.value.impl.ModifiableRecord
9303
RGL_VALUE_39007 class nl.tudelft.rdfgears.rgl.datamodel.value.impl.ModifiableRecord
9304
RGL_VALUE_39009 class nl.tudelft.rdfgears.rgl.datamodel.value.impl.ModifiableRecord
9305
RGL_VALUE_39011 class nl.tudelft.rdfgears.rgl.datamodel.value.impl.ModifiableRecord
9306
RGL_VALUE_39013 class nl.tudelft.rdfgears.rgl.datamodel.value.impl.ModifiableRecord
9307
RGL_VALUE_39015 class nl.tudelft.rdfgears.rgl.datamodel.value.impl.ModifiableRecord
9308
RGL_VALUE_39017 class nl.tudelft.rdfgears.rgl.datamodel.value.impl.ModifiableRecord
9309
RGL_VALUE_39019 class nl.tudelft.rdfgears.rgl.datamodel.value.impl.ModifiableRecord
9310
RGL_VALUE_39021 class nl.tudelft.rdfgears.rgl.datamodel.value.impl.ModifiableRecord
9311
RGL_VALUE_39023 class nl.tudelft.rdfgears.rgl.datamodel.value.impl.ModifiableRecord
9312
RGL_VALUE_39025 class nl.tudelft.rdfgears.rgl.datamodel.value.impl.ModifiableRecord
9313
RGL_VALUE_39027 class nl.tudelft.rdfgears.rgl.datamodel.value.impl.ModifiableRecord
9314
RGL_VALUE_39029 class nl.tudelft.rdfgears.rgl.datamodel.value.impl.ModifiableRecord
9315
RGL_VALUE_39031 class nl.tudelft.rdfgears.rgl.datamodel.value.impl.ModifiableRecord
9316
RGL_VALUE_39033 class nl.tudelft.rdfgears.rgl.datamodel.value.impl.ModifiableRecord
9317
RGL_VALUE_39035 class nl.tudelft.rdfgears.rgl.datamodel.value.impl.ModifiableRecord
9318
RGL_VALUE_39037 class nl.tudelft.rdfgears.rgl.datamodel.value.impl.ModifiableRecord
9319
RGL_VALUE_39039 class nl.tudelft.rdfgears.rgl.datamodel.value.impl.ModifiableRecord
9320
RGL_VALUE_39041 class nl.tudelft.rdfgears.rgl.datamodel.value.impl.ModifiableRecord
9321
RGL_VALUE_39043 class nl.tudelft.rdfgears.rgl.datamodel.value.impl.ModifiableRecord
9322
RGL_VALUE_39045 class nl.tudelft.rdfgears.rgl.datamodel.value.impl.ModifiableRecord
9323
RGL_VALUE_39047 class nl.tudelft.rdfgears.rgl.datamodel.value.impl.ModifiableRecord
9324
RGL_VALUE_39049 class nl.tudelft.rdfgears.rgl.datamodel.value.impl.ModifiableRecord
9325
RGL_VALUE_39051 class nl.tudelft.rdfgears.rgl.datamodel.value.impl.ModifiableRecord
9326
RGL_VALUE_39053 class nl.tudelft.rdfgears.rgl.datamodel.value.impl.ModifiableRecord
9327
RGL_VALUE_39055 class nl.tudelft.rdfgears.rgl.datamodel.value.impl.ModifiableRecord
9328
RGL_VALUE_39057 class nl.tudelft.rdfgears.rgl.datamodel.value.impl.ModifiableRecord
9329
RGL_VALUE_39059 class nl.tudelft.rdfgears.rgl.datamodel.value.impl.ModifiableRecord
9330
RGL_VALUE_39061 class nl.tudelft.rdfgears.rgl.datamodel.value.impl.ModifiableRecord
9331
RGL_VALUE_39063 class nl.tudelft.rdfgears.rgl.datamodel.value.impl.ModifiableRecord
9332
RGL_VALUE_39065 class nl.tudelft.rdfgears.rgl.datamodel.value.impl.ModifiableRecord
9333
RGL_VALUE_39067 class nl.tudelft.rdfgears.rgl.datamodel.value.impl.ModifiableRecord
9334
RGL_VALUE_39069 class nl.tudelft.rdfgears.rgl.datamodel.value.impl.ModifiableRecord
9335
RGL_VALUE_39071 class nl.tudelft.rdfgears.rgl.datamodel.value.impl.ModifiableRecord
9336
RGL_VALUE_39073 class nl.tudelft.rdfgears.rgl.datamodel.value.impl.ModifiableRecord
9337
RGL_VALUE_39075 class nl.tudelft.rdfgears.rgl.datamodel.value.impl.ModifiableRecord
9338
RGL_VALUE_39077 class nl.tudelft.rdfgears.rgl.datamodel.value.impl.ModifiableRecord
9339
RGL_VALUE_39079 class nl.tudelft.rdfgears.rgl.datamodel.value.impl.ModifiableRecord
9340
RGL_VALUE_39081 class nl.tudelft.rdfgears.rgl.datamodel.value.impl.ModifiableRecord
9341
RGL_VALUE_39083 class nl.tudelft.rdfgears.rgl.datamodel.value.impl.ModifiableRecord
9342
RGL_VALUE_39085 class nl.tudelft.rdfgears.rgl.datamodel.value.impl.ModifiableRecord
9343
RGL_VALUE_39087 class nl.tudelft.rdfgears.rgl.datamodel.value.impl.ModifiableRecord
9344
RGL_VALUE_39089 class nl.tudelft.rdfgears.rgl.datamodel.value.impl.ModifiableRecord
9345
RGL_VALUE_39091 class nl.tudelft.rdfgears.rgl.datamodel.value.impl.ModifiableRecord
9346
RGL_VALUE_39093 class nl.tudelft.rdfgears.rgl.datamodel.value.impl.ModifiableRecord
9347
RGL_VALUE_39095 class nl.tudelft.rdfgears.rgl.datamodel.value.impl.ModifiableRecord
9348
RGL_VALUE_39097 class nl.tudelft.rdfgears.rgl.datamodel.value.impl.ModifiableRecord
9349
RGL_VALUE_39099 class nl.tudelft.rdfgears.rgl.datamodel.value.impl.ModifiableRecord
9350
RGL_VALUE_39101 class nl.tudelft.rdfgears.rgl.datamodel.value.impl.ModifiableRecord
9351
RGL_VALUE_39103 class nl.tudelft.rdfgears.rgl.datamodel.value.impl.ModifiableRecord
9352
RGL_VALUE_39105 class nl.tudelft.rdfgears.rgl.datamodel.value.impl.ModifiableRecord
9353
RGL_VALUE_39107 class nl.tudelft.rdfgears.rgl.datamodel.value.impl.ModifiableRecord
9354
RGL_VALUE_39109 class nl.tudelft.rdfgears.rgl.datamodel.value.impl.ModifiableRecord
9355
RGL_VALUE_39111 class nl.tudelft.rdfgears.rgl.datamodel.value.impl.ModifiableRecord
9356
RGL_VALUE_39113 class nl.tudelft.rdfgears.rgl.datamodel.value.impl.ModifiableRecord
9357
RGL_VALUE_39115 class nl.tudelft.rdfgears.rgl.datamodel.value.impl.ModifiableRecord
9358
RGL_VALUE_39117 class nl.tudelft.rdfgears.rgl.datamodel.value.impl.ModifiableRecord
9359
RGL_VALUE_39119 class nl.tudelft.rdfgears.rgl.datamodel.value.impl.ModifiableRecord
9360
RGL_VALUE_39121 class nl.tudelft.rdfgears.rgl.datamodel.value.impl.ModifiableRecord
9361
RGL_VALUE_39123 class nl.tudelft.rdfgears.rgl.datamodel.value.impl.ModifiableRecord
9362
RGL_VALUE_39125 class nl.tudelft.rdfgears.rgl.datamodel.value.impl.ModifiableRecord
9363
RGL_VALUE_39127 class nl.tudelft.rdfgears.rgl.datamodel.value.impl.ModifiableRecord
9364
RGL_VALUE_39129 class nl.tudelft.rdfgears.rgl.datamodel.value.impl.ModifiableRecord
9365
RGL_VALUE_39131 class nl.tudelft.rdfgears.rgl.datamodel.value.impl.ModifiableRecord
9366
RGL_VALUE_39133 class nl.tudelft.rdfgears.rgl.datamodel.value.impl.ModifiableRecord
9367
RGL_VALUE_39135 class nl.tudelft.rdfgears.rgl.datamodel.value.impl.ModifiableRecord
9368
RGL_VALUE_39137 class nl.tudelft.rdfgears.rgl.datamodel.value.impl.ModifiableRecord
9369
RGL_VALUE_39139 class nl.tudelft.rdfgears.rgl.datamodel.value.impl.ModifiableRecord
9370
RGL_VALUE_39141 class nl.tudelft.rdfgears.rgl.datamodel.value.impl.ModifiableRecord
9371
RGL_VALUE_39143 class nl.tudelft.rdfgears.rgl.datamodel.value.impl.ModifiableRecord
9372
RGL_VALUE_39145 class nl.tudelft.rdfgears.rgl.datamodel.value.impl.ModifiableRecord
9373
RGL_VALUE_39147 class nl.tudelft.rdfgears.rgl.datamodel.value.impl.ModifiableRecord
9374
RGL_VALUE_39149 class nl.tudelft.rdfgears.rgl.datamodel.value.impl.ModifiableRecord
9375
RGL_VALUE_39151 class nl.tudelft.rdfgears.rgl.datamodel.value.impl.ModifiableRecord
9376
RGL_VALUE_39153 class nl.tudelft.rdfgears.rgl.datamodel.value.impl.ModifiableRecord
9377
RGL_VALUE_39155 class nl.tudelft.rdfgears.rgl.datamodel.value.impl.ModifiableRecord
9378
RGL_VALUE_39157 class nl.tudelft.rdfgears.rgl.datamodel.value.impl.ModifiableRecord
9379
RGL_VALUE_39159 class nl.tudelft.rdfgears.rgl.datamodel.value.impl.ModifiableRecord
9380
RGL_VALUE_39161 class nl.tudelft.rdfgears.rgl.datamodel.value.impl.ModifiableRecord
9381
RGL_VALUE_39163 class nl.tudelft.rdfgears.rgl.datamodel.value.impl.ModifiableRecord
9382
RGL_VALUE_39165 class nl.tudelft.rdfgears.rgl.datamodel.value.impl.ModifiableRecord
9383
RGL_VALUE_39167 class nl.tudelft.rdfgears.rgl.datamodel.value.impl.ModifiableRecord
9384
RGL_VALUE_39169 class nl.tudelft.rdfgears.rgl.datamodel.value.impl.ModifiableRecord
9385
RGL_VALUE_39171 class nl.tudelft.rdfgears.rgl.datamodel.value.impl.ModifiableRecord
9386
RGL_VALUE_39173 class nl.tudelft.rdfgears.rgl.datamodel.value.impl.ModifiableRecord
9387
RGL_VALUE_39175 class nl.tudelft.rdfgears.rgl.datamodel.value.impl.ModifiableRecord
9388
RGL_VALUE_39177 class nl.tudelft.rdfgears.rgl.datamodel.value.impl.ModifiableRecord
9389
RGL_VALUE_39179 class nl.tudelft.rdfgears.rgl.datamodel.value.impl.ModifiableRecord
9390
RGL_VALUE_39181 class nl.tudelft.rdfgears.rgl.datamodel.value.impl.ModifiableRecord
9391
RGL_VALUE_39183 class nl.tudelft.rdfgears.rgl.datamodel.value.impl.ModifiableRecord
9392
RGL_VALUE_39185 class nl.tudelft.rdfgears.rgl.datamodel.value.impl.ModifiableRecord
9393
RGL_VALUE_39187 class nl.tudelft.rdfgears.rgl.datamodel.value.impl.ModifiableRecord
9394
RGL_VALUE_39189 class nl.tudelft.rdfgears.rgl.datamodel.value.impl.ModifiableRecord
9395
RGL_VALUE_39191 class nl.tudelft.rdfgears.rgl.datamodel.value.impl.ModifiableRecord
9396
RGL_VALUE_39193 class nl.tudelft.rdfgears.rgl.datamodel.value.impl.ModifiableRecord
9397
RGL_VALUE_39195 class nl.tudelft.rdfgears.rgl.datamodel.value.impl.ModifiableRecord
9398
RGL_VALUE_39197 class nl.tudelft.rdfgears.rgl.datamodel.value.impl.ModifiableRecord
9399
RGL_VALUE_39199 class nl.tudelft.rdfgears.rgl.datamodel.value.impl.ModifiableRecord
9400
RGL_VALUE_39202 class nl.tudelft.rdfgears.rgl.datamodel.value.impl.ModifiableRecord
9401
RGL_VALUE_39204 class nl.tudelft.rdfgears.rgl.datamodel.value.impl.ModifiableRecord
9402
RGL_VALUE_39206 class nl.tudelft.rdfgears.rgl.datamodel.value.impl.ModifiableRecord
9403
RGL_VALUE_39208 class nl.tudelft.rdfgears.rgl.datamodel.value.impl.ModifiableRecord
9404
RGL_VALUE_39210 class nl.tudelft.rdfgears.rgl.datamodel.value.impl.ModifiableRecord
9405
RGL_VALUE_39212 class nl.tudelft.rdfgears.rgl.datamodel.value.impl.ModifiableRecord
9406
RGL_VALUE_39214 class nl.tudelft.rdfgears.rgl.datamodel.value.impl.ModifiableRecord
9407
RGL_VALUE_39216 class nl.tudelft.rdfgears.rgl.datamodel.value.impl.ModifiableRecord
9408
RGL_VALUE_39218 class nl.tudelft.rdfgears.rgl.datamodel.value.impl.ModifiableRecord
9409
RGL_VALUE_39220 class nl.tudelft.rdfgears.rgl.datamodel.value.impl.ModifiableRecord
9410
RGL_VALUE_39222 class nl.tudelft.rdfgears.rgl.datamodel.value.impl.ModifiableRecord
9411
RGL_VALUE_39224 class nl.tudelft.rdfgears.rgl.datamodel.value.impl.ModifiableRecord
9412
RGL_VALUE_39226 class nl.tudelft.rdfgears.rgl.datamodel.value.impl.ModifiableRecord
9413
RGL_VALUE_39228 class nl.tudelft.rdfgears.rgl.datamodel.value.impl.ModifiableRecord
9414
RGL_VALUE_39230 class nl.tudelft.rdfgears.rgl.datamodel.value.impl.ModifiableRecord
9415
RGL_VALUE_39232 class nl.tudelft.rdfgears.rgl.datamodel.value.impl.ModifiableRecord
9416
RGL_VALUE_39234 class nl.tudelft.rdfgears.rgl.datamodel.value.impl.ModifiableRecord
9417
RGL_VALUE_39236 class nl.tudelft.rdfgears.rgl.datamodel.value.impl.ModifiableRecord
9418
RGL_VALUE_39238 class nl.tudelft.rdfgears.rgl.datamodel.value.impl.ModifiableRecord
9419
RGL_VALUE_39240 class nl.tudelft.rdfgears.rgl.datamodel.value.impl.ModifiableRecord
9420
RGL_VALUE_39242 class nl.tudelft.rdfgears.rgl.datamodel.value.impl.ModifiableRecord
9421
RGL_VALUE_39244 class nl.tudelft.rdfgears.rgl.datamodel.value.impl.ModifiableRecord
9422
RGL_VALUE_39246 class nl.tudelft.rdfgears.rgl.datamodel.value.impl.ModifiableRecord
9423
RGL_VALUE_39248 class nl.tudelft.rdfgears.rgl.datamodel.value.impl.ModifiableRecord
9424
RGL_VALUE_39250 class nl.tudelft.rdfgears.rgl.datamodel.value.impl.ModifiableRecord
9425
RGL_VALUE_39252 class nl.tudelft.rdfgears.rgl.datamodel.value.impl.ModifiableRecord
9426
RGL_VALUE_39254 class nl.tudelft.rdfgears.rgl.datamodel.value.impl.ModifiableRecord
9427
RGL_VALUE_39256 class nl.tudelft.rdfgears.rgl.datamodel.value.impl.ModifiableRecord
9428
RGL_VALUE_39258 class nl.tudelft.rdfgears.rgl.datamodel.value.impl.ModifiableRecord
9429
RGL_VALUE_39260 class nl.tudelft.rdfgears.rgl.datamodel.value.impl.ModifiableRecord
9430
RGL_VALUE_39262 class nl.tudelft.rdfgears.rgl.datamodel.value.impl.ModifiableRecord
9431
RGL_VALUE_39264 class nl.tudelft.rdfgears.rgl.datamodel.value.impl.ModifiableRecord
9432
RGL_VALUE_39266 class nl.tudelft.rdfgears.rgl.datamodel.value.impl.ModifiableRecord
9433
RGL_VALUE_39268 class nl.tudelft.rdfgears.rgl.datamodel.value.impl.ModifiableRecord
9434
RGL_VALUE_39270 class nl.tudelft.rdfgears.rgl.datamodel.value.impl.ModifiableRecord
9435
RGL_VALUE_39272 class nl.tudelft.rdfgears.rgl.datamodel.value.impl.ModifiableRecord
9436
RGL_VALUE_39274 class nl.tudelft.rdfgears.rgl.datamodel.value.impl.ModifiableRecord
9437
RGL_VALUE_39276 class nl.tudelft.rdfgears.rgl.datamodel.value.impl.ModifiableRecord
9438
RGL_VALUE_39278 class nl.tudelft.rdfgears.rgl.datamodel.value.impl.ModifiableRecord
9439
RGL_VALUE_39280 class nl.tudelft.rdfgears.rgl.datamodel.value.impl.ModifiableRecord
9440
RGL_VALUE_39282 class nl.tudelft.rdfgears.rgl.datamodel.value.impl.ModifiableRecord
9441
RGL_VALUE_39284 class nl.tudelft.rdfgears.rgl.datamodel.value.impl.ModifiableRecord
9442
RGL_VALUE_39286 class nl.tudelft.rdfgears.rgl.datamodel.value.impl.ModifiableRecord
9443
RGL_VALUE_39288 class nl.tudelft.rdfgears.rgl.datamodel.value.impl.ModifiableRecord
9444
RGL_VALUE_39290 class nl.tudelft.rdfgears.rgl.datamodel.value.impl.ModifiableRecord
9445
RGL_VALUE_39292 class nl.tudelft.rdfgears.rgl.datamodel.value.impl.ModifiableRecord
9446
RGL_VALUE_39294 class nl.tudelft.rdfgears.rgl.datamodel.value.impl.ModifiableRecord
9447
RGL_VALUE_39296 class nl.tudelft.rdfgears.rgl.datamodel.value.impl.ModifiableRecord
9448
RGL_VALUE_39298 class nl.tudelft.rdfgears.rgl.datamodel.value.impl.ModifiableRecord
9449
RGL_VALUE_39300 class nl.tudelft.rdfgears.rgl.datamodel.value.impl.ModifiableRecord
9450
RGL_VALUE_39302 class nl.tudelft.rdfgears.rgl.datamodel.value.impl.ModifiableRecord
9451
RGL_VALUE_39304 class nl.tudelft.rdfgears.rgl.datamodel.value.impl.ModifiableRecord
9452
RGL_VALUE_39306 class nl.tudelft.rdfgears.rgl.datamodel.value.impl.ModifiableRecord
9453
RGL_VALUE_39308 class nl.tudelft.rdfgears.rgl.datamodel.value.impl.ModifiableRecord
9454
RGL_VALUE_39310 class nl.tudelft.rdfgears.rgl.datamodel.value.impl.ModifiableRecord
9455
RGL_VALUE_39312 class nl.tudelft.rdfgears.rgl.datamodel.value.impl.ModifiableRecord
9456
RGL_VALUE_39314 class nl.tudelft.rdfgears.rgl.datamodel.value.impl.ModifiableRecord
9457
RGL_VALUE_39316 class nl.tudelft.rdfgears.rgl.datamodel.value.impl.ModifiableRecord
9458
RGL_VALUE_39318 class nl.tudelft.rdfgears.rgl.datamodel.value.impl.ModifiableRecord
9459
RGL_VALUE_39320 class nl.tudelft.rdfgears.rgl.datamodel.value.impl.ModifiableRecord
9460
RGL_VALUE_39322 class nl.tudelft.rdfgears.rgl.datamodel.value.impl.ModifiableRecord
9461
RGL_VALUE_39324 class nl.tudelft.rdfgears.rgl.datamodel.value.impl.ModifiableRecord
9462
RGL_VALUE_39326 class nl.tudelft.rdfgears.rgl.datamodel.value.impl.ModifiableRecord
9463
RGL_VALUE_39328 class nl.tudelft.rdfgears.rgl.datamodel.value.impl.ModifiableRecord
9464
RGL_VALUE_39330 class nl.tudelft.rdfgears.rgl.datamodel.value.impl.ModifiableRecord
9465
RGL_VALUE_39332 class nl.tudelft.rdfgears.rgl.datamodel.value.impl.ModifiableRecord
9466
RGL_VALUE_39334 class nl.tudelft.rdfgears.rgl.datamodel.value.impl.ModifiableRecord
9467
RGL_VALUE_39336 class nl.tudelft.rdfgears.rgl.datamodel.value.impl.ModifiableRecord
9468
RGL_VALUE_39338 class nl.tudelft.rdfgears.rgl.datamodel.value.impl.ModifiableRecord
9469
RGL_VALUE_39340 class nl.tudelft.rdfgears.rgl.datamodel.value.impl.ModifiableRecord
9470
RGL_VALUE_39342 class nl.tudelft.rdfgears.rgl.datamodel.value.impl.ModifiableRecord
9471
RGL_VALUE_39344 class nl.tudelft.rdfgears.rgl.datamodel.value.impl.ModifiableRecord
9472
RGL_VALUE_39346 class nl.tudelft.rdfgears.rgl.datamodel.value.impl.ModifiableRecord
9473
RGL_VALUE_39348 class nl.tudelft.rdfgears.rgl.datamodel.value.impl.ModifiableRecord
9474
RGL_VALUE_39350 class nl.tudelft.rdfgears.rgl.datamodel.value.impl.ModifiableRecord
9475
RGL_VALUE_39352 class nl.tudelft.rdfgears.rgl.datamodel.value.impl.ModifiableRecord
9476
RGL_VALUE_39354 class nl.tudelft.rdfgears.rgl.datamodel.value.impl.ModifiableRecord
9477
RGL_VALUE_39356 class nl.tudelft.rdfgears.rgl.datamodel.value.impl.ModifiableRecord
9478
RGL_VALUE_39358 class nl.tudelft.rdfgears.rgl.datamodel.value.impl.ModifiableRecord
9479
RGL_VALUE_39360 class nl.tudelft.rdfgears.rgl.datamodel.value.impl.ModifiableRecord
9480
RGL_VALUE_39362 class nl.tudelft.rdfgears.rgl.datamodel.value.impl.ModifiableRecord
9481
RGL_VALUE_39364 class nl.tudelft.rdfgears.rgl.datamodel.value.impl.ModifiableRecord
9482
RGL_VALUE_39366 class nl.tudelft.rdfgears.rgl.datamodel.value.impl.ModifiableRecord
9483
RGL_VALUE_39368 class nl.tudelft.rdfgears.rgl.datamodel.value.impl.ModifiableRecord
9484
RGL_VALUE_39370 class nl.tudelft.rdfgears.rgl.datamodel.value.impl.ModifiableRecord
9485
RGL_VALUE_39372 class nl.tudelft.rdfgears.rgl.datamodel.value.impl.ModifiableRecord
9486
RGL_VALUE_39374 class nl.tudelft.rdfgears.rgl.datamodel.value.impl.ModifiableRecord
9487
RGL_VALUE_39376 class nl.tudelft.rdfgears.rgl.datamodel.value.impl.ModifiableRecord
9488
RGL_VALUE_39378 class nl.tudelft.rdfgears.rgl.datamodel.value.impl.ModifiableRecord
9489
RGL_VALUE_39380 class nl.tudelft.rdfgears.rgl.datamodel.value.impl.ModifiableRecord
9490
RGL_VALUE_39382 class nl.tudelft.rdfgears.rgl.datamodel.value.impl.ModifiableRecord
9491
RGL_VALUE_39384 class nl.tudelft.rdfgears.rgl.datamodel.value.impl.ModifiableRecord
9492
RGL_VALUE_39386 class nl.tudelft.rdfgears.rgl.datamodel.value.impl.ModifiableRecord
9493
RGL_VALUE_39388 class nl.tudelft.rdfgears.rgl.datamodel.value.impl.ModifiableRecord
9494
RGL_VALUE_39390 class nl.tudelft.rdfgears.rgl.datamodel.value.impl.ModifiableRecord
9495
RGL_VALUE_39392 class nl.tudelft.rdfgears.rgl.datamodel.value.impl.ModifiableRecord
9496
RGL_VALUE_39394 class nl.tudelft.rdfgears.rgl.datamodel.value.impl.ModifiableRecord
9497
RGL_VALUE_39396 class nl.tudelft.rdfgears.rgl.datamodel.value.impl.ModifiableRecord
9498
RGL_VALUE_39398 class nl.tudelft.rdfgears.rgl.datamodel.value.impl.ModifiableRecord
9499
RGL_VALUE_39400 class nl.tudelft.rdfgears.rgl.datamodel.value.impl.ModifiableRecord
9500
RGL_VALUE_39403 class nl.tudelft.rdfgears.rgl.datamodel.value.impl.ModifiableRecord
9501
RGL_VALUE_39405 class nl.tudelft.rdfgears.rgl.datamodel.value.impl.ModifiableRecord
9502
RGL_VALUE_39407 class nl.tudelft.rdfgears.rgl.datamodel.value.impl.ModifiableRecord
9503
RGL_VALUE_39409 class nl.tudelft.rdfgears.rgl.datamodel.value.impl.ModifiableRecord
9504
RGL_VALUE_39411 class nl.tudelft.rdfgears.rgl.datamodel.value.impl.ModifiableRecord
9505
RGL_VALUE_39413 class nl.tudelft.rdfgears.rgl.datamodel.value.impl.ModifiableRecord
9506
RGL_VALUE_39415 class nl.tudelft.rdfgears.rgl.datamodel.value.impl.ModifiableRecord
9507
RGL_VALUE_39417 class nl.tudelft.rdfgears.rgl.datamodel.value.impl.ModifiableRecord
9508
RGL_VALUE_39419 class nl.tudelft.rdfgears.rgl.datamodel.value.impl.ModifiableRecord
9509
RGL_VALUE_39421 class nl.tudelft.rdfgears.rgl.datamodel.value.impl.ModifiableRecord
9510
RGL_VALUE_39423 class nl.tudelft.rdfgears.rgl.datamodel.value.impl.ModifiableRecord
9511
RGL_VALUE_39425 class nl.tudelft.rdfgears.rgl.datamodel.value.impl.ModifiableRecord
9512
RGL_VALUE_39427 class nl.tudelft.rdfgears.rgl.datamodel.value.impl.ModifiableRecord
9513
RGL_VALUE_39429 class nl.tudelft.rdfgears.rgl.datamodel.value.impl.ModifiableRecord
9514
RGL_VALUE_39431 class nl.tudelft.rdfgears.rgl.datamodel.value.impl.ModifiableRecord
9515
RGL_VALUE_39433 class nl.tudelft.rdfgears.rgl.datamodel.value.impl.ModifiableRecord
9516
RGL_VALUE_39435 class nl.tudelft.rdfgears.rgl.datamodel.value.impl.ModifiableRecord
9517
RGL_VALUE_39437 class nl.tudelft.rdfgears.rgl.datamodel.value.impl.ModifiableRecord
9518
RGL_VALUE_39439 class nl.tudelft.rdfgears.rgl.datamodel.value.impl.ModifiableRecord
9519
RGL_VALUE_39441 class nl.tudelft.rdfgears.rgl.datamodel.value.impl.ModifiableRecord
9520
RGL_VALUE_39443 class nl.tudelft.rdfgears.rgl.datamodel.value.impl.ModifiableRecord
9521
RGL_VALUE_39445 class nl.tudelft.rdfgears.rgl.datamodel.value.impl.ModifiableRecord
9522
RGL_VALUE_39447 class nl.tudelft.rdfgears.rgl.datamodel.value.impl.ModifiableRecord
9523
RGL_VALUE_39449 class nl.tudelft.rdfgears.rgl.datamodel.value.impl.ModifiableRecord
9524
RGL_VALUE_39451 class nl.tudelft.rdfgears.rgl.datamodel.value.impl.ModifiableRecord
9525
RGL_VALUE_39453 class nl.tudelft.rdfgears.rgl.datamodel.value.impl.ModifiableRecord
9526
RGL_VALUE_39455 class nl.tudelft.rdfgears.rgl.datamodel.value.impl.ModifiableRecord
9527
RGL_VALUE_39457 class nl.tudelft.rdfgears.rgl.datamodel.value.impl.ModifiableRecord
9528
RGL_VALUE_39459 class nl.tudelft.rdfgears.rgl.datamodel.value.impl.ModifiableRecord
9529
RGL_VALUE_39461 class nl.tudelft.rdfgears.rgl.datamodel.value.impl.ModifiableRecord
9530
RGL_VALUE_39463 class nl.tudelft.rdfgears.rgl.datamodel.value.impl.ModifiableRecord
9531
RGL_VALUE_39465 class nl.tudelft.rdfgears.rgl.datamodel.value.impl.ModifiableRecord
9532
RGL_VALUE_39467 class nl.tudelft.rdfgears.rgl.datamodel.value.impl.ModifiableRecord
9533
RGL_VALUE_39469 class nl.tudelft.rdfgears.rgl.datamodel.value.impl.ModifiableRecord
9534
RGL_VALUE_39471 class nl.tudelft.rdfgears.rgl.datamodel.value.impl.ModifiableRecord
9535
RGL_VALUE_39473 class nl.tudelft.rdfgears.rgl.datamodel.value.impl.ModifiableRecord
9536
RGL_VALUE_39475 class nl.tudelft.rdfgears.rgl.datamodel.value.impl.ModifiableRecord
9537
RGL_VALUE_39477 class nl.tudelft.rdfgears.rgl.datamodel.value.impl.ModifiableRecord
9538
RGL_VALUE_39479 class nl.tudelft.rdfgears.rgl.datamodel.value.impl.ModifiableRecord
9539
RGL_VALUE_39481 class nl.tudelft.rdfgears.rgl.datamodel.value.impl.ModifiableRecord
9540
RGL_VALUE_39483 class nl.tudelft.rdfgears.rgl.datamodel.value.impl.ModifiableRecord
9541
RGL_VALUE_39485 class nl.tudelft.rdfgears.rgl.datamodel.value.impl.ModifiableRecord
9542
RGL_VALUE_39487 class nl.tudelft.rdfgears.rgl.datamodel.value.impl.ModifiableRecord
9543
RGL_VALUE_39489 class nl.tudelft.rdfgears.rgl.datamodel.value.impl.ModifiableRecord
9544
RGL_VALUE_39491 class nl.tudelft.rdfgears.rgl.datamodel.value.impl.ModifiableRecord
9545
RGL_VALUE_39493 class nl.tudelft.rdfgears.rgl.datamodel.value.impl.ModifiableRecord
9546
RGL_VALUE_39495 class nl.tudelft.rdfgears.rgl.datamodel.value.impl.ModifiableRecord
9547
RGL_VALUE_39497 class nl.tudelft.rdfgears.rgl.datamodel.value.impl.ModifiableRecord
9548
RGL_VALUE_39499 class nl.tudelft.rdfgears.rgl.datamodel.value.impl.ModifiableRecord
9549
RGL_VALUE_39501 class nl.tudelft.rdfgears.rgl.datamodel.value.impl.ModifiableRecord
9550
RGL_VALUE_39503 class nl.tudelft.rdfgears.rgl.datamodel.value.impl.ModifiableRecord
9551
RGL_VALUE_39505 class nl.tudelft.rdfgears.rgl.datamodel.value.impl.ModifiableRecord
9552
RGL_VALUE_39507 class nl.tudelft.rdfgears.rgl.datamodel.value.impl.ModifiableRecord
9553
RGL_VALUE_39509 class nl.tudelft.rdfgears.rgl.datamodel.value.impl.ModifiableRecord
9554
RGL_VALUE_39511 class nl.tudelft.rdfgears.rgl.datamodel.value.impl.ModifiableRecord
9555
RGL_VALUE_39513 class nl.tudelft.rdfgears.rgl.datamodel.value.impl.ModifiableRecord
9556
RGL_VALUE_39515 class nl.tudelft.rdfgears.rgl.datamodel.value.impl.ModifiableRecord
9557
RGL_VALUE_39517 class nl.tudelft.rdfgears.rgl.datamodel.value.impl.ModifiableRecord
9558
RGL_VALUE_39519 class nl.tudelft.rdfgears.rgl.datamodel.value.impl.ModifiableRecord
9559
RGL_VALUE_39521 class nl.tudelft.rdfgears.rgl.datamodel.value.impl.ModifiableRecord
9560
RGL_VALUE_39523 class nl.tudelft.rdfgears.rgl.datamodel.value.impl.ModifiableRecord
9561
RGL_VALUE_39525 class nl.tudelft.rdfgears.rgl.datamodel.value.impl.ModifiableRecord
9562
RGL_VALUE_39527 class nl.tudelft.rdfgears.rgl.datamodel.value.impl.ModifiableRecord
9563
RGL_VALUE_39529 class nl.tudelft.rdfgears.rgl.datamodel.value.impl.ModifiableRecord
9564
RGL_VALUE_39531 class nl.tudelft.rdfgears.rgl.datamodel.value.impl.ModifiableRecord
9565
RGL_VALUE_39533 class nl.tudelft.rdfgears.rgl.datamodel.value.impl.ModifiableRecord
9566
RGL_VALUE_39535 class nl.tudelft.rdfgears.rgl.datamodel.value.impl.ModifiableRecord
9567
RGL_VALUE_39537 class nl.tudelft.rdfgears.rgl.datamodel.value.impl.ModifiableRecord
9568
RGL_VALUE_39539 class nl.tudelft.rdfgears.rgl.datamodel.value.impl.ModifiableRecord
9569
RGL_VALUE_39541 class nl.tudelft.rdfgears.rgl.datamodel.value.impl.ModifiableRecord
9570
RGL_VALUE_39543 class nl.tudelft.rdfgears.rgl.datamodel.value.impl.ModifiableRecord
9571
RGL_VALUE_39545 class nl.tudelft.rdfgears.rgl.datamodel.value.impl.ModifiableRecord
9572
RGL_VALUE_39547 class nl.tudelft.rdfgears.rgl.datamodel.value.impl.ModifiableRecord
9573
RGL_VALUE_39549 class nl.tudelft.rdfgears.rgl.datamodel.value.impl.ModifiableRecord
9574
RGL_VALUE_39551 class nl.tudelft.rdfgears.rgl.datamodel.value.impl.ModifiableRecord
9575
RGL_VALUE_39553 class nl.tudelft.rdfgears.rgl.datamodel.value.impl.ModifiableRecord
9576
RGL_VALUE_39555 class nl.tudelft.rdfgears.rgl.datamodel.value.impl.ModifiableRecord
9577
RGL_VALUE_39557 class nl.tudelft.rdfgears.rgl.datamodel.value.impl.ModifiableRecord
9578
RGL_VALUE_39559 class nl.tudelft.rdfgears.rgl.datamodel.value.impl.ModifiableRecord
9579
RGL_VALUE_39561 class nl.tudelft.rdfgears.rgl.datamodel.value.impl.ModifiableRecord
9580
RGL_VALUE_39563 class nl.tudelft.rdfgears.rgl.datamodel.value.impl.ModifiableRecord
9581
RGL_VALUE_39565 class nl.tudelft.rdfgears.rgl.datamodel.value.impl.ModifiableRecord
9582
RGL_VALUE_39567 class nl.tudelft.rdfgears.rgl.datamodel.value.impl.ModifiableRecord
9583
RGL_VALUE_39569 class nl.tudelft.rdfgears.rgl.datamodel.value.impl.ModifiableRecord
9584
RGL_VALUE_39571 class nl.tudelft.rdfgears.rgl.datamodel.value.impl.ModifiableRecord
9585
RGL_VALUE_39573 class nl.tudelft.rdfgears.rgl.datamodel.value.impl.ModifiableRecord
9586
RGL_VALUE_39575 class nl.tudelft.rdfgears.rgl.datamodel.value.impl.ModifiableRecord
9587
RGL_VALUE_39577 class nl.tudelft.rdfgears.rgl.datamodel.value.impl.ModifiableRecord
9588
RGL_VALUE_39579 class nl.tudelft.rdfgears.rgl.datamodel.value.impl.ModifiableRecord
9589
RGL_VALUE_39581 class nl.tudelft.rdfgears.rgl.datamodel.value.impl.ModifiableRecord
9590
RGL_VALUE_39583 class nl.tudelft.rdfgears.rgl.datamodel.value.impl.ModifiableRecord
9591
RGL_VALUE_39585 class nl.tudelft.rdfgears.rgl.datamodel.value.impl.ModifiableRecord
9592
RGL_VALUE_39587 class nl.tudelft.rdfgears.rgl.datamodel.value.impl.ModifiableRecord
9593
RGL_VALUE_39589 class nl.tudelft.rdfgears.rgl.datamodel.value.impl.ModifiableRecord
9594
RGL_VALUE_39591 class nl.tudelft.rdfgears.rgl.datamodel.value.impl.ModifiableRecord
9595
RGL_VALUE_39593 class nl.tudelft.rdfgears.rgl.datamodel.value.impl.ModifiableRecord
9596
RGL_VALUE_39595 class nl.tudelft.rdfgears.rgl.datamodel.value.impl.ModifiableRecord
9597
RGL_VALUE_39597 class nl.tudelft.rdfgears.rgl.datamodel.value.impl.ModifiableRecord
9598
RGL_VALUE_39599 class nl.tudelft.rdfgears.rgl.datamodel.value.impl.ModifiableRecord
9599
RGL_VALUE_39601 class nl.tudelft.rdfgears.rgl.datamodel.value.impl.ModifiableRecord
9600
RGL_VALUE_39604 class nl.tudelft.rdfgears.rgl.datamodel.value.impl.ModifiableRecord
9601
RGL_VALUE_39606 class nl.tudelft.rdfgears.rgl.datamodel.value.impl.ModifiableRecord
9602
RGL_VALUE_39608 class nl.tudelft.rdfgears.rgl.datamodel.value.impl.ModifiableRecord
9603
RGL_VALUE_39610 class nl.tudelft.rdfgears.rgl.datamodel.value.impl.ModifiableRecord
9604
RGL_VALUE_39612 class nl.tudelft.rdfgears.rgl.datamodel.value.impl.ModifiableRecord
9605
RGL_VALUE_39614 class nl.tudelft.rdfgears.rgl.datamodel.value.impl.ModifiableRecord
9606
RGL_VALUE_39616 class nl.tudelft.rdfgears.rgl.datamodel.value.impl.ModifiableRecord
9607
RGL_VALUE_39618 class nl.tudelft.rdfgears.rgl.datamodel.value.impl.ModifiableRecord
9608
RGL_VALUE_39620 class nl.tudelft.rdfgears.rgl.datamodel.value.impl.ModifiableRecord
9609
RGL_VALUE_39622 class nl.tudelft.rdfgears.rgl.datamodel.value.impl.ModifiableRecord
9610
RGL_VALUE_39624 class nl.tudelft.rdfgears.rgl.datamodel.value.impl.ModifiableRecord
9611
RGL_VALUE_39626 class nl.tudelft.rdfgears.rgl.datamodel.value.impl.ModifiableRecord
9612
RGL_VALUE_39628 class nl.tudelft.rdfgears.rgl.datamodel.value.impl.ModifiableRecord
9613
RGL_VALUE_39630 class nl.tudelft.rdfgears.rgl.datamodel.value.impl.ModifiableRecord
9614
RGL_VALUE_39632 class nl.tudelft.rdfgears.rgl.datamodel.value.impl.ModifiableRecord
9615
RGL_VALUE_39634 class nl.tudelft.rdfgears.rgl.datamodel.value.impl.ModifiableRecord
9616
RGL_VALUE_39636 class nl.tudelft.rdfgears.rgl.datamodel.value.impl.ModifiableRecord
9617
RGL_VALUE_39638 class nl.tudelft.rdfgears.rgl.datamodel.value.impl.ModifiableRecord
9618
RGL_VALUE_39640 class nl.tudelft.rdfgears.rgl.datamodel.value.impl.ModifiableRecord
9619
RGL_VALUE_39642 class nl.tudelft.rdfgears.rgl.datamodel.value.impl.ModifiableRecord
9620
RGL_VALUE_39644 class nl.tudelft.rdfgears.rgl.datamodel.value.impl.ModifiableRecord
9621
RGL_VALUE_39646 class nl.tudelft.rdfgears.rgl.datamodel.value.impl.ModifiableRecord
9622
RGL_VALUE_39648 class nl.tudelft.rdfgears.rgl.datamodel.value.impl.ModifiableRecord
9623
RGL_VALUE_39650 class nl.tudelft.rdfgears.rgl.datamodel.value.impl.ModifiableRecord
9624
RGL_VALUE_39652 class nl.tudelft.rdfgears.rgl.datamodel.value.impl.ModifiableRecord
9625
RGL_VALUE_39654 class nl.tudelft.rdfgears.rgl.datamodel.value.impl.ModifiableRecord
9626
RGL_VALUE_39656 class nl.tudelft.rdfgears.rgl.datamodel.value.impl.ModifiableRecord
9627
RGL_VALUE_39658 class nl.tudelft.rdfgears.rgl.datamodel.value.impl.ModifiableRecord
9628
RGL_VALUE_39660 class nl.tudelft.rdfgears.rgl.datamodel.value.impl.ModifiableRecord
9629
RGL_VALUE_39662 class nl.tudelft.rdfgears.rgl.datamodel.value.impl.ModifiableRecord
9630
RGL_VALUE_39664 class nl.tudelft.rdfgears.rgl.datamodel.value.impl.ModifiableRecord
9631
RGL_VALUE_39666 class nl.tudelft.rdfgears.rgl.datamodel.value.impl.ModifiableRecord
9632
RGL_VALUE_39668 class nl.tudelft.rdfgears.rgl.datamodel.value.impl.ModifiableRecord
9633
RGL_VALUE_39670 class nl.tudelft.rdfgears.rgl.datamodel.value.impl.ModifiableRecord
9634
RGL_VALUE_39672 class nl.tudelft.rdfgears.rgl.datamodel.value.impl.ModifiableRecord
9635
RGL_VALUE_39674 class nl.tudelft.rdfgears.rgl.datamodel.value.impl.ModifiableRecord
9636
RGL_VALUE_39676 class nl.tudelft.rdfgears.rgl.datamodel.value.impl.ModifiableRecord
9637
RGL_VALUE_39678 class nl.tudelft.rdfgears.rgl.datamodel.value.impl.ModifiableRecord
9638
RGL_VALUE_39680 class nl.tudelft.rdfgears.rgl.datamodel.value.impl.ModifiableRecord
9639
RGL_VALUE_39682 class nl.tudelft.rdfgears.rgl.datamodel.value.impl.ModifiableRecord
9640
RGL_VALUE_39684 class nl.tudelft.rdfgears.rgl.datamodel.value.impl.ModifiableRecord
9641
RGL_VALUE_39686 class nl.tudelft.rdfgears.rgl.datamodel.value.impl.ModifiableRecord
9642
RGL_VALUE_39688 class nl.tudelft.rdfgears.rgl.datamodel.value.impl.ModifiableRecord
9643
RGL_VALUE_39690 class nl.tudelft.rdfgears.rgl.datamodel.value.impl.ModifiableRecord
9644
RGL_VALUE_39692 class nl.tudelft.rdfgears.rgl.datamodel.value.impl.ModifiableRecord
9645
RGL_VALUE_39694 class nl.tudelft.rdfgears.rgl.datamodel.value.impl.ModifiableRecord
9646
RGL_VALUE_39696 class nl.tudelft.rdfgears.rgl.datamodel.value.impl.ModifiableRecord
9647
RGL_VALUE_39698 class nl.tudelft.rdfgears.rgl.datamodel.value.impl.ModifiableRecord
9648
RGL_VALUE_39700 class nl.tudelft.rdfgears.rgl.datamodel.value.impl.ModifiableRecord
9649
RGL_VALUE_39702 class nl.tudelft.rdfgears.rgl.datamodel.value.impl.ModifiableRecord
9650
RGL_VALUE_39704 class nl.tudelft.rdfgears.rgl.datamodel.value.impl.ModifiableRecord
9651
RGL_VALUE_39706 class nl.tudelft.rdfgears.rgl.datamodel.value.impl.ModifiableRecord
9652
RGL_VALUE_39708 class nl.tudelft.rdfgears.rgl.datamodel.value.impl.ModifiableRecord
9653
RGL_VALUE_39710 class nl.tudelft.rdfgears.rgl.datamodel.value.impl.ModifiableRecord
9654
RGL_VALUE_39712 class nl.tudelft.rdfgears.rgl.datamodel.value.impl.ModifiableRecord
9655
RGL_VALUE_39714 class nl.tudelft.rdfgears.rgl.datamodel.value.impl.ModifiableRecord
9656
RGL_VALUE_39716 class nl.tudelft.rdfgears.rgl.datamodel.value.impl.ModifiableRecord
9657
RGL_VALUE_39718 class nl.tudelft.rdfgears.rgl.datamodel.value.impl.ModifiableRecord
9658
RGL_VALUE_39720 class nl.tudelft.rdfgears.rgl.datamodel.value.impl.ModifiableRecord
9659
RGL_VALUE_39722 class nl.tudelft.rdfgears.rgl.datamodel.value.impl.ModifiableRecord
9660
RGL_VALUE_39724 class nl.tudelft.rdfgears.rgl.datamodel.value.impl.ModifiableRecord
9661
RGL_VALUE_39726 class nl.tudelft.rdfgears.rgl.datamodel.value.impl.ModifiableRecord
9662
RGL_VALUE_39728 class nl.tudelft.rdfgears.rgl.datamodel.value.impl.ModifiableRecord
9663
RGL_VALUE_39730 class nl.tudelft.rdfgears.rgl.datamodel.value.impl.ModifiableRecord
9664
RGL_VALUE_39732 class nl.tudelft.rdfgears.rgl.datamodel.value.impl.ModifiableRecord
9665
RGL_VALUE_39734 class nl.tudelft.rdfgears.rgl.datamodel.value.impl.ModifiableRecord
9666
RGL_VALUE_39736 class nl.tudelft.rdfgears.rgl.datamodel.value.impl.ModifiableRecord
9667
RGL_VALUE_39738 class nl.tudelft.rdfgears.rgl.datamodel.value.impl.ModifiableRecord
9668
RGL_VALUE_39740 class nl.tudelft.rdfgears.rgl.datamodel.value.impl.ModifiableRecord
9669
RGL_VALUE_39742 class nl.tudelft.rdfgears.rgl.datamodel.value.impl.ModifiableRecord
9670
RGL_VALUE_39744 class nl.tudelft.rdfgears.rgl.datamodel.value.impl.ModifiableRecord
9671
RGL_VALUE_39746 class nl.tudelft.rdfgears.rgl.datamodel.value.impl.ModifiableRecord
9672
RGL_VALUE_39748 class nl.tudelft.rdfgears.rgl.datamodel.value.impl.ModifiableRecord
9673
RGL_VALUE_39750 class nl.tudelft.rdfgears.rgl.datamodel.value.impl.ModifiableRecord
9674
RGL_VALUE_39752 class nl.tudelft.rdfgears.rgl.datamodel.value.impl.ModifiableRecord
9675
RGL_VALUE_39754 class nl.tudelft.rdfgears.rgl.datamodel.value.impl.ModifiableRecord
9676
RGL_VALUE_39756 class nl.tudelft.rdfgears.rgl.datamodel.value.impl.ModifiableRecord
9677
RGL_VALUE_39758 class nl.tudelft.rdfgears.rgl.datamodel.value.impl.ModifiableRecord
9678
RGL_VALUE_39760 class nl.tudelft.rdfgears.rgl.datamodel.value.impl.ModifiableRecord
9679
RGL_VALUE_39762 class nl.tudelft.rdfgears.rgl.datamodel.value.impl.ModifiableRecord
9680
RGL_VALUE_39764 class nl.tudelft.rdfgears.rgl.datamodel.value.impl.ModifiableRecord
9681
RGL_VALUE_39766 class nl.tudelft.rdfgears.rgl.datamodel.value.impl.ModifiableRecord
9682
RGL_VALUE_39768 class nl.tudelft.rdfgears.rgl.datamodel.value.impl.ModifiableRecord
9683
RGL_VALUE_39770 class nl.tudelft.rdfgears.rgl.datamodel.value.impl.ModifiableRecord
9684
RGL_VALUE_39772 class nl.tudelft.rdfgears.rgl.datamodel.value.impl.ModifiableRecord
9685
RGL_VALUE_39774 class nl.tudelft.rdfgears.rgl.datamodel.value.impl.ModifiableRecord
9686
RGL_VALUE_39776 class nl.tudelft.rdfgears.rgl.datamodel.value.impl.ModifiableRecord
9687
RGL_VALUE_39778 class nl.tudelft.rdfgears.rgl.datamodel.value.impl.ModifiableRecord
9688
RGL_VALUE_39780 class nl.tudelft.rdfgears.rgl.datamodel.value.impl.ModifiableRecord
9689
RGL_VALUE_39782 class nl.tudelft.rdfgears.rgl.datamodel.value.impl.ModifiableRecord
9690
RGL_VALUE_39784 class nl.tudelft.rdfgears.rgl.datamodel.value.impl.ModifiableRecord
9691
RGL_VALUE_39786 class nl.tudelft.rdfgears.rgl.datamodel.value.impl.ModifiableRecord
9692
RGL_VALUE_39788 class nl.tudelft.rdfgears.rgl.datamodel.value.impl.ModifiableRecord
9693
RGL_VALUE_39790 class nl.tudelft.rdfgears.rgl.datamodel.value.impl.ModifiableRecord
9694
RGL_VALUE_39792 class nl.tudelft.rdfgears.rgl.datamodel.value.impl.ModifiableRecord
9695
RGL_VALUE_39794 class nl.tudelft.rdfgears.rgl.datamodel.value.impl.ModifiableRecord
9696
RGL_VALUE_39796 class nl.tudelft.rdfgears.rgl.datamodel.value.impl.ModifiableRecord
9697
RGL_VALUE_39798 class nl.tudelft.rdfgears.rgl.datamodel.value.impl.ModifiableRecord
9698
RGL_VALUE_39800 class nl.tudelft.rdfgears.rgl.datamodel.value.impl.ModifiableRecord
9699
RGL_VALUE_39802 class nl.tudelft.rdfgears.rgl.datamodel.value.impl.ModifiableRecord
9700
RGL_VALUE_39805 class nl.tudelft.rdfgears.rgl.datamodel.value.impl.ModifiableRecord
9701
RGL_VALUE_39807 class nl.tudelft.rdfgears.rgl.datamodel.value.impl.ModifiableRecord
9702
RGL_VALUE_39809 class nl.tudelft.rdfgears.rgl.datamodel.value.impl.ModifiableRecord
9703
RGL_VALUE_39811 class nl.tudelft.rdfgears.rgl.datamodel.value.impl.ModifiableRecord
9704
RGL_VALUE_39813 class nl.tudelft.rdfgears.rgl.datamodel.value.impl.ModifiableRecord
9705
RGL_VALUE_39815 class nl.tudelft.rdfgears.rgl.datamodel.value.impl.ModifiableRecord
9706
RGL_VALUE_39817 class nl.tudelft.rdfgears.rgl.datamodel.value.impl.ModifiableRecord
9707
RGL_VALUE_39819 class nl.tudelft.rdfgears.rgl.datamodel.value.impl.ModifiableRecord
9708
RGL_VALUE_39821 class nl.tudelft.rdfgears.rgl.datamodel.value.impl.ModifiableRecord
9709
RGL_VALUE_39823 class nl.tudelft.rdfgears.rgl.datamodel.value.impl.ModifiableRecord
9710
RGL_VALUE_39825 class nl.tudelft.rdfgears.rgl.datamodel.value.impl.ModifiableRecord
9711
RGL_VALUE_39827 class nl.tudelft.rdfgears.rgl.datamodel.value.impl.ModifiableRecord
9712
RGL_VALUE_39829 class nl.tudelft.rdfgears.rgl.datamodel.value.impl.ModifiableRecord
9713
RGL_VALUE_39831 class nl.tudelft.rdfgears.rgl.datamodel.value.impl.ModifiableRecord
9714
RGL_VALUE_39833 class nl.tudelft.rdfgears.rgl.datamodel.value.impl.ModifiableRecord
9715
RGL_VALUE_39835 class nl.tudelft.rdfgears.rgl.datamodel.value.impl.ModifiableRecord
9716
RGL_VALUE_39837 class nl.tudelft.rdfgears.rgl.datamodel.value.impl.ModifiableRecord
9717
RGL_VALUE_39839 class nl.tudelft.rdfgears.rgl.datamodel.value.impl.ModifiableRecord
9718
RGL_VALUE_39841 class nl.tudelft.rdfgears.rgl.datamodel.value.impl.ModifiableRecord
9719
RGL_VALUE_39843 class nl.tudelft.rdfgears.rgl.datamodel.value.impl.ModifiableRecord
9720
RGL_VALUE_39845 class nl.tudelft.rdfgears.rgl.datamodel.value.impl.ModifiableRecord
9721
RGL_VALUE_39847 class nl.tudelft.rdfgears.rgl.datamodel.value.impl.ModifiableRecord
9722
RGL_VALUE_39849 class nl.tudelft.rdfgears.rgl.datamodel.value.impl.ModifiableRecord
9723
RGL_VALUE_39851 class nl.tudelft.rdfgears.rgl.datamodel.value.impl.ModifiableRecord
9724
RGL_VALUE_39853 class nl.tudelft.rdfgears.rgl.datamodel.value.impl.ModifiableRecord
9725
RGL_VALUE_39855 class nl.tudelft.rdfgears.rgl.datamodel.value.impl.ModifiableRecord
9726
RGL_VALUE_39857 class nl.tudelft.rdfgears.rgl.datamodel.value.impl.ModifiableRecord
9727
RGL_VALUE_39859 class nl.tudelft.rdfgears.rgl.datamodel.value.impl.ModifiableRecord
9728
RGL_VALUE_39861 class nl.tudelft.rdfgears.rgl.datamodel.value.impl.ModifiableRecord
9729
RGL_VALUE_39863 class nl.tudelft.rdfgears.rgl.datamodel.value.impl.ModifiableRecord
9730
RGL_VALUE_39865 class nl.tudelft.rdfgears.rgl.datamodel.value.impl.ModifiableRecord
9731
RGL_VALUE_39867 class nl.tudelft.rdfgears.rgl.datamodel.value.impl.ModifiableRecord
9732
RGL_VALUE_39869 class nl.tudelft.rdfgears.rgl.datamodel.value.impl.ModifiableRecord
9733
RGL_VALUE_39871 class nl.tudelft.rdfgears.rgl.datamodel.value.impl.ModifiableRecord
9734
RGL_VALUE_39873 class nl.tudelft.rdfgears.rgl.datamodel.value.impl.ModifiableRecord
9735
RGL_VALUE_39875 class nl.tudelft.rdfgears.rgl.datamodel.value.impl.ModifiableRecord
9736
RGL_VALUE_39877 class nl.tudelft.rdfgears.rgl.datamodel.value.impl.ModifiableRecord
9737
RGL_VALUE_39879 class nl.tudelft.rdfgears.rgl.datamodel.value.impl.ModifiableRecord
9738
RGL_VALUE_39881 class nl.tudelft.rdfgears.rgl.datamodel.value.impl.ModifiableRecord
9739
RGL_VALUE_39883 class nl.tudelft.rdfgears.rgl.datamodel.value.impl.ModifiableRecord
9740
RGL_VALUE_39885 class nl.tudelft.rdfgears.rgl.datamodel.value.impl.ModifiableRecord
9741
RGL_VALUE_39887 class nl.tudelft.rdfgears.rgl.datamodel.value.impl.ModifiableRecord
9742
RGL_VALUE_39889 class nl.tudelft.rdfgears.rgl.datamodel.value.impl.ModifiableRecord
9743
RGL_VALUE_39891 class nl.tudelft.rdfgears.rgl.datamodel.value.impl.ModifiableRecord
9744
RGL_VALUE_39893 class nl.tudelft.rdfgears.rgl.datamodel.value.impl.ModifiableRecord
9745
RGL_VALUE_39895 class nl.tudelft.rdfgears.rgl.datamodel.value.impl.ModifiableRecord
9746
RGL_VALUE_39897 class nl.tudelft.rdfgears.rgl.datamodel.value.impl.ModifiableRecord
9747
RGL_VALUE_39899 class nl.tudelft.rdfgears.rgl.datamodel.value.impl.ModifiableRecord
9748
RGL_VALUE_39901 class nl.tudelft.rdfgears.rgl.datamodel.value.impl.ModifiableRecord
9749
RGL_VALUE_39903 class nl.tudelft.rdfgears.rgl.datamodel.value.impl.ModifiableRecord
9750
RGL_VALUE_39905 class nl.tudelft.rdfgears.rgl.datamodel.value.impl.ModifiableRecord
9751
RGL_VALUE_39907 class nl.tudelft.rdfgears.rgl.datamodel.value.impl.ModifiableRecord
9752
RGL_VALUE_39909 class nl.tudelft.rdfgears.rgl.datamodel.value.impl.ModifiableRecord
9753
RGL_VALUE_39911 class nl.tudelft.rdfgears.rgl.datamodel.value.impl.ModifiableRecord
9754
RGL_VALUE_39913 class nl.tudelft.rdfgears.rgl.datamodel.value.impl.ModifiableRecord
9755
RGL_VALUE_39915 class nl.tudelft.rdfgears.rgl.datamodel.value.impl.ModifiableRecord
9756
RGL_VALUE_39917 class nl.tudelft.rdfgears.rgl.datamodel.value.impl.ModifiableRecord
9757
RGL_VALUE_39919 class nl.tudelft.rdfgears.rgl.datamodel.value.impl.ModifiableRecord
9758
RGL_VALUE_39921 class nl.tudelft.rdfgears.rgl.datamodel.value.impl.ModifiableRecord
9759
RGL_VALUE_39923 class nl.tudelft.rdfgears.rgl.datamodel.value.impl.ModifiableRecord
9760
RGL_VALUE_39925 class nl.tudelft.rdfgears.rgl.datamodel.value.impl.ModifiableRecord
9761
RGL_VALUE_39927 class nl.tudelft.rdfgears.rgl.datamodel.value.impl.ModifiableRecord
9762
RGL_VALUE_39929 class nl.tudelft.rdfgears.rgl.datamodel.value.impl.ModifiableRecord
9763
RGL_VALUE_39931 class nl.tudelft.rdfgears.rgl.datamodel.value.impl.ModifiableRecord
9764
RGL_VALUE_39933 class nl.tudelft.rdfgears.rgl.datamodel.value.impl.ModifiableRecord
9765
RGL_VALUE_39935 class nl.tudelft.rdfgears.rgl.datamodel.value.impl.ModifiableRecord
9766
RGL_VALUE_39937 class nl.tudelft.rdfgears.rgl.datamodel.value.impl.ModifiableRecord
9767
RGL_VALUE_39939 class nl.tudelft.rdfgears.rgl.datamodel.value.impl.ModifiableRecord
9768
RGL_VALUE_39941 class nl.tudelft.rdfgears.rgl.datamodel.value.impl.ModifiableRecord
9769
RGL_VALUE_39943 class nl.tudelft.rdfgears.rgl.datamodel.value.impl.ModifiableRecord
9770
RGL_VALUE_39945 class nl.tudelft.rdfgears.rgl.datamodel.value.impl.ModifiableRecord
9771
RGL_VALUE_39947 class nl.tudelft.rdfgears.rgl.datamodel.value.impl.ModifiableRecord
9772
RGL_VALUE_39949 class nl.tudelft.rdfgears.rgl.datamodel.value.impl.ModifiableRecord
9773
RGL_VALUE_39951 class nl.tudelft.rdfgears.rgl.datamodel.value.impl.ModifiableRecord
9774
RGL_VALUE_39953 class nl.tudelft.rdfgears.rgl.datamodel.value.impl.ModifiableRecord
9775
RGL_VALUE_39955 class nl.tudelft.rdfgears.rgl.datamodel.value.impl.ModifiableRecord
9776
RGL_VALUE_39957 class nl.tudelft.rdfgears.rgl.datamodel.value.impl.ModifiableRecord
9777
RGL_VALUE_39959 class nl.tudelft.rdfgears.rgl.datamodel.value.impl.ModifiableRecord
9778
RGL_VALUE_39961 class nl.tudelft.rdfgears.rgl.datamodel.value.impl.ModifiableRecord
9779
RGL_VALUE_39963 class nl.tudelft.rdfgears.rgl.datamodel.value.impl.ModifiableRecord
9780
RGL_VALUE_39965 class nl.tudelft.rdfgears.rgl.datamodel.value.impl.ModifiableRecord
9781
RGL_VALUE_39967 class nl.tudelft.rdfgears.rgl.datamodel.value.impl.ModifiableRecord
9782
RGL_VALUE_39969 class nl.tudelft.rdfgears.rgl.datamodel.value.impl.ModifiableRecord
9783
RGL_VALUE_39971 class nl.tudelft.rdfgears.rgl.datamodel.value.impl.ModifiableRecord
9784
RGL_VALUE_39973 class nl.tudelft.rdfgears.rgl.datamodel.value.impl.ModifiableRecord
9785
RGL_VALUE_39975 class nl.tudelft.rdfgears.rgl.datamodel.value.impl.ModifiableRecord
9786
RGL_VALUE_39977 class nl.tudelft.rdfgears.rgl.datamodel.value.impl.ModifiableRecord
9787
RGL_VALUE_39979 class nl.tudelft.rdfgears.rgl.datamodel.value.impl.ModifiableRecord
9788
RGL_VALUE_39981 class nl.tudelft.rdfgears.rgl.datamodel.value.impl.ModifiableRecord
9789
RGL_VALUE_39983 class nl.tudelft.rdfgears.rgl.datamodel.value.impl.ModifiableRecord
9790
RGL_VALUE_39985 class nl.tudelft.rdfgears.rgl.datamodel.value.impl.ModifiableRecord
9791
RGL_VALUE_39987 class nl.tudelft.rdfgears.rgl.datamodel.value.impl.ModifiableRecord
9792
RGL_VALUE_39989 class nl.tudelft.rdfgears.rgl.datamodel.value.impl.ModifiableRecord
9793
RGL_VALUE_39991 class nl.tudelft.rdfgears.rgl.datamodel.value.impl.ModifiableRecord
9794
RGL_VALUE_39993 class nl.tudelft.rdfgears.rgl.datamodel.value.impl.ModifiableRecord
9795
RGL_VALUE_39995 class nl.tudelft.rdfgears.rgl.datamodel.value.impl.ModifiableRecord
9796
RGL_VALUE_39997 class nl.tudelft.rdfgears.rgl.datamodel.value.impl.ModifiableRecord
9797
RGL_VALUE_39999 class nl.tudelft.rdfgears.rgl.datamodel.value.impl.ModifiableRecord
9798
RGL_VALUE_40001 class nl.tudelft.rdfgears.rgl.datamodel.value.impl.ModifiableRecord
9799
RGL_VALUE_40003 class nl.tudelft.rdfgears.rgl.datamodel.value.impl.ModifiableRecord
9800
RGL_VALUE_40006 class nl.tudelft.rdfgears.rgl.datamodel.value.impl.ModifiableRecord
9801
RGL_VALUE_40008 class nl.tudelft.rdfgears.rgl.datamodel.value.impl.ModifiableRecord
9802
RGL_VALUE_40010 class nl.tudelft.rdfgears.rgl.datamodel.value.impl.ModifiableRecord
9803
RGL_VALUE_40012 class nl.tudelft.rdfgears.rgl.datamodel.value.impl.ModifiableRecord
9804
RGL_VALUE_40014 class nl.tudelft.rdfgears.rgl.datamodel.value.impl.ModifiableRecord
9805
RGL_VALUE_40016 class nl.tudelft.rdfgears.rgl.datamodel.value.impl.ModifiableRecord
9806
RGL_VALUE_40018 class nl.tudelft.rdfgears.rgl.datamodel.value.impl.ModifiableRecord
9807
RGL_VALUE_40020 class nl.tudelft.rdfgears.rgl.datamodel.value.impl.ModifiableRecord
9808
RGL_VALUE_40022 class nl.tudelft.rdfgears.rgl.datamodel.value.impl.ModifiableRecord
9809
RGL_VALUE_40024 class nl.tudelft.rdfgears.rgl.datamodel.value.impl.ModifiableRecord
9810
RGL_VALUE_40026 class nl.tudelft.rdfgears.rgl.datamodel.value.impl.ModifiableRecord
9811
RGL_VALUE_40028 class nl.tudelft.rdfgears.rgl.datamodel.value.impl.ModifiableRecord
9812
RGL_VALUE_40030 class nl.tudelft.rdfgears.rgl.datamodel.value.impl.ModifiableRecord
9813
RGL_VALUE_40032 class nl.tudelft.rdfgears.rgl.datamodel.value.impl.ModifiableRecord
9814
RGL_VALUE_40034 class nl.tudelft.rdfgears.rgl.datamodel.value.impl.ModifiableRecord
9815
RGL_VALUE_40036 class nl.tudelft.rdfgears.rgl.datamodel.value.impl.ModifiableRecord
9816
RGL_VALUE_40038 class nl.tudelft.rdfgears.rgl.datamodel.value.impl.ModifiableRecord
9817
RGL_VALUE_40040 class nl.tudelft.rdfgears.rgl.datamodel.value.impl.ModifiableRecord
9818
RGL_VALUE_40042 class nl.tudelft.rdfgears.rgl.datamodel.value.impl.ModifiableRecord
9819
RGL_VALUE_40044 class nl.tudelft.rdfgears.rgl.datamodel.value.impl.ModifiableRecord
9820
RGL_VALUE_40046 class nl.tudelft.rdfgears.rgl.datamodel.value.impl.ModifiableRecord
9821
RGL_VALUE_40048 class nl.tudelft.rdfgears.rgl.datamodel.value.impl.ModifiableRecord
9822
RGL_VALUE_40050 class nl.tudelft.rdfgears.rgl.datamodel.value.impl.ModifiableRecord
9823
RGL_VALUE_40052 class nl.tudelft.rdfgears.rgl.datamodel.value.impl.ModifiableRecord
9824
RGL_VALUE_40054 class nl.tudelft.rdfgears.rgl.datamodel.value.impl.ModifiableRecord
9825
RGL_VALUE_40056 class nl.tudelft.rdfgears.rgl.datamodel.value.impl.ModifiableRecord
9826
RGL_VALUE_40058 class nl.tudelft.rdfgears.rgl.datamodel.value.impl.ModifiableRecord
9827
RGL_VALUE_40060 class nl.tudelft.rdfgears.rgl.datamodel.value.impl.ModifiableRecord
9828
RGL_VALUE_40062 class nl.tudelft.rdfgears.rgl.datamodel.value.impl.ModifiableRecord
9829
RGL_VALUE_40064 class nl.tudelft.rdfgears.rgl.datamodel.value.impl.ModifiableRecord
9830
RGL_VALUE_40066 class nl.tudelft.rdfgears.rgl.datamodel.value.impl.ModifiableRecord
9831
RGL_VALUE_40068 class nl.tudelft.rdfgears.rgl.datamodel.value.impl.ModifiableRecord
9832
RGL_VALUE_40070 class nl.tudelft.rdfgears.rgl.datamodel.value.impl.ModifiableRecord
9833
RGL_VALUE_40072 class nl.tudelft.rdfgears.rgl.datamodel.value.impl.ModifiableRecord
9834
RGL_VALUE_40074 class nl.tudelft.rdfgears.rgl.datamodel.value.impl.ModifiableRecord
9835
RGL_VALUE_40076 class nl.tudelft.rdfgears.rgl.datamodel.value.impl.ModifiableRecord
9836
RGL_VALUE_40078 class nl.tudelft.rdfgears.rgl.datamodel.value.impl.ModifiableRecord
9837
RGL_VALUE_40080 class nl.tudelft.rdfgears.rgl.datamodel.value.impl.ModifiableRecord
9838
RGL_VALUE_40082 class nl.tudelft.rdfgears.rgl.datamodel.value.impl.ModifiableRecord
9839
RGL_VALUE_40084 class nl.tudelft.rdfgears.rgl.datamodel.value.impl.ModifiableRecord
9840
RGL_VALUE_40086 class nl.tudelft.rdfgears.rgl.datamodel.value.impl.ModifiableRecord
9841
RGL_VALUE_40088 class nl.tudelft.rdfgears.rgl.datamodel.value.impl.ModifiableRecord
9842
RGL_VALUE_40090 class nl.tudelft.rdfgears.rgl.datamodel.value.impl.ModifiableRecord
9843
RGL_VALUE_40092 class nl.tudelft.rdfgears.rgl.datamodel.value.impl.ModifiableRecord
9844
RGL_VALUE_40094 class nl.tudelft.rdfgears.rgl.datamodel.value.impl.ModifiableRecord
9845
RGL_VALUE_40096 class nl.tudelft.rdfgears.rgl.datamodel.value.impl.ModifiableRecord
9846
RGL_VALUE_40098 class nl.tudelft.rdfgears.rgl.datamodel.value.impl.ModifiableRecord
9847
RGL_VALUE_40100 class nl.tudelft.rdfgears.rgl.datamodel.value.impl.ModifiableRecord
9848
RGL_VALUE_40102 class nl.tudelft.rdfgears.rgl.datamodel.value.impl.ModifiableRecord
9849
RGL_VALUE_40104 class nl.tudelft.rdfgears.rgl.datamodel.value.impl.ModifiableRecord
9850
RGL_VALUE_40106 class nl.tudelft.rdfgears.rgl.datamodel.value.impl.ModifiableRecord
9851
RGL_VALUE_40108 class nl.tudelft.rdfgears.rgl.datamodel.value.impl.ModifiableRecord
9852
RGL_VALUE_40110 class nl.tudelft.rdfgears.rgl.datamodel.value.impl.ModifiableRecord
9853
RGL_VALUE_40112 class nl.tudelft.rdfgears.rgl.datamodel.value.impl.ModifiableRecord
9854
RGL_VALUE_40114 class nl.tudelft.rdfgears.rgl.datamodel.value.impl.ModifiableRecord
9855
RGL_VALUE_40116 class nl.tudelft.rdfgears.rgl.datamodel.value.impl.ModifiableRecord
9856
RGL_VALUE_40118 class nl.tudelft.rdfgears.rgl.datamodel.value.impl.ModifiableRecord
9857
RGL_VALUE_40120 class nl.tudelft.rdfgears.rgl.datamodel.value.impl.ModifiableRecord
9858
RGL_VALUE_40122 class nl.tudelft.rdfgears.rgl.datamodel.value.impl.ModifiableRecord
9859
RGL_VALUE_40124 class nl.tudelft.rdfgears.rgl.datamodel.value.impl.ModifiableRecord
9860
RGL_VALUE_40126 class nl.tudelft.rdfgears.rgl.datamodel.value.impl.ModifiableRecord
9861
RGL_VALUE_40128 class nl.tudelft.rdfgears.rgl.datamodel.value.impl.ModifiableRecord
9862
RGL_VALUE_40130 class nl.tudelft.rdfgears.rgl.datamodel.value.impl.ModifiableRecord
9863
RGL_VALUE_40132 class nl.tudelft.rdfgears.rgl.datamodel.value.impl.ModifiableRecord
9864
RGL_VALUE_40134 class nl.tudelft.rdfgears.rgl.datamodel.value.impl.ModifiableRecord
9865
RGL_VALUE_40136 class nl.tudelft.rdfgears.rgl.datamodel.value.impl.ModifiableRecord
9866
RGL_VALUE_40138 class nl.tudelft.rdfgears.rgl.datamodel.value.impl.ModifiableRecord
9867
RGL_VALUE_40140 class nl.tudelft.rdfgears.rgl.datamodel.value.impl.ModifiableRecord
9868
RGL_VALUE_40142 class nl.tudelft.rdfgears.rgl.datamodel.value.impl.ModifiableRecord
9869
RGL_VALUE_40144 class nl.tudelft.rdfgears.rgl.datamodel.value.impl.ModifiableRecord
9870
RGL_VALUE_40146 class nl.tudelft.rdfgears.rgl.datamodel.value.impl.ModifiableRecord
9871
RGL_VALUE_40148 class nl.tudelft.rdfgears.rgl.datamodel.value.impl.ModifiableRecord
9872
RGL_VALUE_40150 class nl.tudelft.rdfgears.rgl.datamodel.value.impl.ModifiableRecord
9873
RGL_VALUE_40152 class nl.tudelft.rdfgears.rgl.datamodel.value.impl.ModifiableRecord
9874
RGL_VALUE_40154 class nl.tudelft.rdfgears.rgl.datamodel.value.impl.ModifiableRecord
9875
RGL_VALUE_40156 class nl.tudelft.rdfgears.rgl.datamodel.value.impl.ModifiableRecord
9876
RGL_VALUE_40158 class nl.tudelft.rdfgears.rgl.datamodel.value.impl.ModifiableRecord
9877
RGL_VALUE_40160 class nl.tudelft.rdfgears.rgl.datamodel.value.impl.ModifiableRecord
9878
RGL_VALUE_40162 class nl.tudelft.rdfgears.rgl.datamodel.value.impl.ModifiableRecord
9879
RGL_VALUE_40164 class nl.tudelft.rdfgears.rgl.datamodel.value.impl.ModifiableRecord
9880
RGL_VALUE_40166 class nl.tudelft.rdfgears.rgl.datamodel.value.impl.ModifiableRecord
9881
RGL_VALUE_40168 class nl.tudelft.rdfgears.rgl.datamodel.value.impl.ModifiableRecord
9882
RGL_VALUE_40170 class nl.tudelft.rdfgears.rgl.datamodel.value.impl.ModifiableRecord
9883
RGL_VALUE_40172 class nl.tudelft.rdfgears.rgl.datamodel.value.impl.ModifiableRecord
9884
RGL_VALUE_40174 class nl.tudelft.rdfgears.rgl.datamodel.value.impl.ModifiableRecord
9885
RGL_VALUE_40176 class nl.tudelft.rdfgears.rgl.datamodel.value.impl.ModifiableRecord
9886
RGL_VALUE_40178 class nl.tudelft.rdfgears.rgl.datamodel.value.impl.ModifiableRecord
9887
RGL_VALUE_40180 class nl.tudelft.rdfgears.rgl.datamodel.value.impl.ModifiableRecord
9888
RGL_VALUE_40182 class nl.tudelft.rdfgears.rgl.datamodel.value.impl.ModifiableRecord
9889
RGL_VALUE_40184 class nl.tudelft.rdfgears.rgl.datamodel.value.impl.ModifiableRecord
9890
RGL_VALUE_40186 class nl.tudelft.rdfgears.rgl.datamodel.value.impl.ModifiableRecord
9891
RGL_VALUE_40188 class nl.tudelft.rdfgears.rgl.datamodel.value.impl.ModifiableRecord
9892
RGL_VALUE_40190 class nl.tudelft.rdfgears.rgl.datamodel.value.impl.ModifiableRecord
9893
RGL_VALUE_40192 class nl.tudelft.rdfgears.rgl.datamodel.value.impl.ModifiableRecord
9894
RGL_VALUE_40194 class nl.tudelft.rdfgears.rgl.datamodel.value.impl.ModifiableRecord
9895
RGL_VALUE_40196 class nl.tudelft.rdfgears.rgl.datamodel.value.impl.ModifiableRecord
9896
RGL_VALUE_40198 class nl.tudelft.rdfgears.rgl.datamodel.value.impl.ModifiableRecord
9897
RGL_VALUE_40200 class nl.tudelft.rdfgears.rgl.datamodel.value.impl.ModifiableRecord
9898
RGL_VALUE_40202 class nl.tudelft.rdfgears.rgl.datamodel.value.impl.ModifiableRecord
9899
RGL_VALUE_40204 class nl.tudelft.rdfgears.rgl.datamodel.value.impl.ModifiableRecord
9900
RGL_VALUE_40207 class nl.tudelft.rdfgears.rgl.datamodel.value.impl.ModifiableRecord
9901
RGL_VALUE_40209 class nl.tudelft.rdfgears.rgl.datamodel.value.impl.ModifiableRecord
9902
RGL_VALUE_40211 class nl.tudelft.rdfgears.rgl.datamodel.value.impl.ModifiableRecord
9903
RGL_VALUE_40213 class nl.tudelft.rdfgears.rgl.datamodel.value.impl.ModifiableRecord
9904
RGL_VALUE_40215 class nl.tudelft.rdfgears.rgl.datamodel.value.impl.ModifiableRecord
9905
RGL_VALUE_40217 class nl.tudelft.rdfgears.rgl.datamodel.value.impl.ModifiableRecord
9906
RGL_VALUE_40219 class nl.tudelft.rdfgears.rgl.datamodel.value.impl.ModifiableRecord
9907
RGL_VALUE_40221 class nl.tudelft.rdfgears.rgl.datamodel.value.impl.ModifiableRecord
9908
RGL_VALUE_40223 class nl.tudelft.rdfgears.rgl.datamodel.value.impl.ModifiableRecord
9909
RGL_VALUE_40225 class nl.tudelft.rdfgears.rgl.datamodel.value.impl.ModifiableRecord
9910
RGL_VALUE_40227 class nl.tudelft.rdfgears.rgl.datamodel.value.impl.ModifiableRecord
9911
RGL_VALUE_40229 class nl.tudelft.rdfgears.rgl.datamodel.value.impl.ModifiableRecord
9912
RGL_VALUE_40231 class nl.tudelft.rdfgears.rgl.datamodel.value.impl.ModifiableRecord
9913
RGL_VALUE_40233 class nl.tudelft.rdfgears.rgl.datamodel.value.impl.ModifiableRecord
9914
RGL_VALUE_40235 class nl.tudelft.rdfgears.rgl.datamodel.value.impl.ModifiableRecord
9915
RGL_VALUE_40237 class nl.tudelft.rdfgears.rgl.datamodel.value.impl.ModifiableRecord
9916
RGL_VALUE_40239 class nl.tudelft.rdfgears.rgl.datamodel.value.impl.ModifiableRecord
9917
RGL_VALUE_40241 class nl.tudelft.rdfgears.rgl.datamodel.value.impl.ModifiableRecord
9918
RGL_VALUE_40243 class nl.tudelft.rdfgears.rgl.datamodel.value.impl.ModifiableRecord
9919
RGL_VALUE_40245 class nl.tudelft.rdfgears.rgl.datamodel.value.impl.ModifiableRecord
9920
RGL_VALUE_40247 class nl.tudelft.rdfgears.rgl.datamodel.value.impl.ModifiableRecord
9921
RGL_VALUE_40249 class nl.tudelft.rdfgears.rgl.datamodel.value.impl.ModifiableRecord
9922
RGL_VALUE_40251 class nl.tudelft.rdfgears.rgl.datamodel.value.impl.ModifiableRecord
9923
RGL_VALUE_40253 class nl.tudelft.rdfgears.rgl.datamodel.value.impl.ModifiableRecord
9924
RGL_VALUE_40255 class nl.tudelft.rdfgears.rgl.datamodel.value.impl.ModifiableRecord
9925
RGL_VALUE_40257 class nl.tudelft.rdfgears.rgl.datamodel.value.impl.ModifiableRecord
9926
RGL_VALUE_40259 class nl.tudelft.rdfgears.rgl.datamodel.value.impl.ModifiableRecord
9927
RGL_VALUE_40261 class nl.tudelft.rdfgears.rgl.datamodel.value.impl.ModifiableRecord
9928
RGL_VALUE_40263 class nl.tudelft.rdfgears.rgl.datamodel.value.impl.ModifiableRecord
9929
RGL_VALUE_40265 class nl.tudelft.rdfgears.rgl.datamodel.value.impl.ModifiableRecord
9930
RGL_VALUE_40267 class nl.tudelft.rdfgears.rgl.datamodel.value.impl.ModifiableRecord
9931
RGL_VALUE_40269 class nl.tudelft.rdfgears.rgl.datamodel.value.impl.ModifiableRecord
9932
RGL_VALUE_40271 class nl.tudelft.rdfgears.rgl.datamodel.value.impl.ModifiableRecord
9933
RGL_VALUE_40273 class nl.tudelft.rdfgears.rgl.datamodel.value.impl.ModifiableRecord
9934
RGL_VALUE_40275 class nl.tudelft.rdfgears.rgl.datamodel.value.impl.ModifiableRecord
9935
RGL_VALUE_40277 class nl.tudelft.rdfgears.rgl.datamodel.value.impl.ModifiableRecord
9936
RGL_VALUE_40279 class nl.tudelft.rdfgears.rgl.datamodel.value.impl.ModifiableRecord
9937
RGL_VALUE_40281 class nl.tudelft.rdfgears.rgl.datamodel.value.impl.ModifiableRecord
9938
RGL_VALUE_40283 class nl.tudelft.rdfgears.rgl.datamodel.value.impl.ModifiableRecord
9939
RGL_VALUE_40285 class nl.tudelft.rdfgears.rgl.datamodel.value.impl.ModifiableRecord
9940
RGL_VALUE_40287 class nl.tudelft.rdfgears.rgl.datamodel.value.impl.ModifiableRecord
9941
RGL_VALUE_40289 class nl.tudelft.rdfgears.rgl.datamodel.value.impl.ModifiableRecord
9942
RGL_VALUE_40291 class nl.tudelft.rdfgears.rgl.datamodel.value.impl.ModifiableRecord
9943
RGL_VALUE_40293 class nl.tudelft.rdfgears.rgl.datamodel.value.impl.ModifiableRecord
9944
RGL_VALUE_40295 class nl.tudelft.rdfgears.rgl.datamodel.value.impl.ModifiableRecord
9945
RGL_VALUE_40297 class nl.tudelft.rdfgears.rgl.datamodel.value.impl.ModifiableRecord
9946
RGL_VALUE_40299 class nl.tudelft.rdfgears.rgl.datamodel.value.impl.ModifiableRecord
9947
RGL_VALUE_40301 class nl.tudelft.rdfgears.rgl.datamodel.value.impl.ModifiableRecord
9948
RGL_VALUE_40303 class nl.tudelft.rdfgears.rgl.datamodel.value.impl.ModifiableRecord
9949
RGL_VALUE_40305 class nl.tudelft.rdfgears.rgl.datamodel.value.impl.ModifiableRecord
9950
RGL_VALUE_40307 class nl.tudelft.rdfgears.rgl.datamodel.value.impl.ModifiableRecord
9951
RGL_VALUE_40309 class nl.tudelft.rdfgears.rgl.datamodel.value.impl.ModifiableRecord
9952
RGL_VALUE_40311 class nl.tudelft.rdfgears.rgl.datamodel.value.impl.ModifiableRecord
9953
RGL_VALUE_40313 class nl.tudelft.rdfgears.rgl.datamodel.value.impl.ModifiableRecord
9954
RGL_VALUE_40315 class nl.tudelft.rdfgears.rgl.datamodel.value.impl.ModifiableRecord
9955
RGL_VALUE_40317 class nl.tudelft.rdfgears.rgl.datamodel.value.impl.ModifiableRecord
9956
RGL_VALUE_40319 class nl.tudelft.rdfgears.rgl.datamodel.value.impl.ModifiableRecord
9957
RGL_VALUE_40321 class nl.tudelft.rdfgears.rgl.datamodel.value.impl.ModifiableRecord
9958
RGL_VALUE_40323 class nl.tudelft.rdfgears.rgl.datamodel.value.impl.ModifiableRecord
9959
RGL_VALUE_40325 class nl.tudelft.rdfgears.rgl.datamodel.value.impl.ModifiableRecord
9960
RGL_VALUE_40327 class nl.tudelft.rdfgears.rgl.datamodel.value.impl.ModifiableRecord
9961
RGL_VALUE_40329 class nl.tudelft.rdfgears.rgl.datamodel.value.impl.ModifiableRecord
9962
RGL_VALUE_40331 class nl.tudelft.rdfgears.rgl.datamodel.value.impl.ModifiableRecord
9963
RGL_VALUE_40333 class nl.tudelft.rdfgears.rgl.datamodel.value.impl.ModifiableRecord
9964
RGL_VALUE_40335 class nl.tudelft.rdfgears.rgl.datamodel.value.impl.ModifiableRecord
9965
RGL_VALUE_40337 class nl.tudelft.rdfgears.rgl.datamodel.value.impl.ModifiableRecord
9966
RGL_VALUE_40339 class nl.tudelft.rdfgears.rgl.datamodel.value.impl.ModifiableRecord
9967
RGL_VALUE_40341 class nl.tudelft.rdfgears.rgl.datamodel.value.impl.ModifiableRecord
9968
RGL_VALUE_40343 class nl.tudelft.rdfgears.rgl.datamodel.value.impl.ModifiableRecord
9969
RGL_VALUE_40345 class nl.tudelft.rdfgears.rgl.datamodel.value.impl.ModifiableRecord
9970
RGL_VALUE_40347 class nl.tudelft.rdfgears.rgl.datamodel.value.impl.ModifiableRecord
9971
RGL_VALUE_40349 class nl.tudelft.rdfgears.rgl.datamodel.value.impl.ModifiableRecord
9972
RGL_VALUE_40351 class nl.tudelft.rdfgears.rgl.datamodel.value.impl.ModifiableRecord
9973
RGL_VALUE_40353 class nl.tudelft.rdfgears.rgl.datamodel.value.impl.ModifiableRecord
9974
RGL_VALUE_40355 class nl.tudelft.rdfgears.rgl.datamodel.value.impl.ModifiableRecord
9975
RGL_VALUE_40357 class nl.tudelft.rdfgears.rgl.datamodel.value.impl.ModifiableRecord
9976
RGL_VALUE_40359 class nl.tudelft.rdfgears.rgl.datamodel.value.impl.ModifiableRecord
9977
RGL_VALUE_40361 class nl.tudelft.rdfgears.rgl.datamodel.value.impl.ModifiableRecord
9978
RGL_VALUE_40363 class nl.tudelft.rdfgears.rgl.datamodel.value.impl.ModifiableRecord
9979
RGL_VALUE_40365 class nl.tudelft.rdfgears.rgl.datamodel.value.impl.ModifiableRecord
9980
RGL_VALUE_40367 class nl.tudelft.rdfgears.rgl.datamodel.value.impl.ModifiableRecord
9981
RGL_VALUE_40369 class nl.tudelft.rdfgears.rgl.datamodel.value.impl.ModifiableRecord
9982
RGL_VALUE_40371 class nl.tudelft.rdfgears.rgl.datamodel.value.impl.ModifiableRecord
9983
RGL_VALUE_40373 class nl.tudelft.rdfgears.rgl.datamodel.value.impl.ModifiableRecord
9984
RGL_VALUE_40375 class nl.tudelft.rdfgears.rgl.datamodel.value.impl.ModifiableRecord
9985
RGL_VALUE_40377 class nl.tudelft.rdfgears.rgl.datamodel.value.impl.ModifiableRecord
9986
RGL_VALUE_40379 class nl.tudelft.rdfgears.rgl.datamodel.value.impl.ModifiableRecord
9987
RGL_VALUE_40381 class nl.tudelft.rdfgears.rgl.datamodel.value.impl.ModifiableRecord
9988
RGL_VALUE_40383 class nl.tudelft.rdfgears.rgl.datamodel.value.impl.ModifiableRecord
9989
RGL_VALUE_40385 class nl.tudelft.rdfgears.rgl.datamodel.value.impl.ModifiableRecord
9990
RGL_VALUE_40387 class nl.tudelft.rdfgears.rgl.datamodel.value.impl.ModifiableRecord
9991
RGL_VALUE_40389 class nl.tudelft.rdfgears.rgl.datamodel.value.impl.ModifiableRecord
9992
RGL_VALUE_40391 class nl.tudelft.rdfgears.rgl.datamodel.value.impl.ModifiableRecord
9993
RGL_VALUE_40393 class nl.tudelft.rdfgears.rgl.datamodel.value.impl.ModifiableRecord
9994
RGL_VALUE_40395 class nl.tudelft.rdfgears.rgl.datamodel.value.impl.ModifiableRecord
9995
RGL_VALUE_40397 class nl.tudelft.rdfgears.rgl.datamodel.value.impl.ModifiableRecord
9996
RGL_VALUE_40399 class nl.tudelft.rdfgears.rgl.datamodel.value.impl.ModifiableRecord
9997
RGL_VALUE_40401 class nl.tudelft.rdfgears.rgl.datamodel.value.impl.ModifiableRecord
9998
RGL_VALUE_40403 class nl.tudelft.rdfgears.rgl.datamodel.value.impl.ModifiableRecord
9999
RGL_VALUE_40405 class nl.tudelft.rdfgears.rgl.datamodel.value.impl.ModifiableRecord
]]></system-out>
  <system-err><![CDATA[ INFO [main] (DiskValueFactory.java:48) - DiskValueFactory
]]></system-err>
</testsuite>
