<?xml version="1.0" encoding="UTF-8" ?>
<testsuite errors="1" failures="0" hostname="btodorov-PC" name="nl.tudelft.rdfgears.tests.TestWorkflow" tests="2" time="3.583" timestamp="2013-04-03T10:25:44">
  <properties>
    <property name="java.vendor" value="Sun Microsystems Inc." />
    <property name="sun.java.launcher" value="SUN_STANDARD" />
    <property name="sun.management.compiler" value="HotSpot 64-Bit Tiered Compilers" />
    <property name="ant.file.RDFGears_RGL" value="E:\Repositories\rdf-gears-warsaw\build.xml" />
    <property name="env.PROMPT" value="$P$G" />
    <property name="ant.file.type.RDFGears_RGL" value="file" />
    <property name="os.name" value="Windows 7" />
    <property name="env.FP_NO_HOST_CHECK" value="NO" />
    <property name="sun.boot.class.path" value="C:\Program Files\Java\jdk1.6.0_26\jre\lib\resources.jar;C:\Program Files\Java\jdk1.6.0_26\jre\lib\rt.jar;C:\Program Files\Java\jdk1.6.0_26\jre\lib\sunrsasign.jar;C:\Program Files\Java\jdk1.6.0_26\jre\lib\jsse.jar;C:\Program Files\Java\jdk1.6.0_26\jre\lib\jce.jar;C:\Program Files\Java\jdk1.6.0_26\jre\lib\charsets.jar;C:\Program Files\Java\jdk1.6.0_26\jre\lib\modules\jdk.boot.jar;C:\Program Files\Java\jdk1.6.0_26\jre\classes" />
    <property name="env.COMPUTERNAME" value="BTODOROV-PC" />
    <property name="env.CommonProgramW6432" value="C:\Program Files\Common Files" />
    <property name="env.ALLUSERSPROFILE" value="C:\ProgramData" />
    <property name="sun.desktop" value="windows" />
    <property name="java.vm.specification.vendor" value="Sun Microsystems Inc." />
    <property name="ant.home" value="E:\Programs\apache-ant-1.8.2\bin\.." />
    <property name="java.runtime.version" value="1.6.0_26-b03" />
    <property name="env.HOMEPATH" value="\Users\btodorov" />
    <property name="user.name" value="btodorov" />
    <property name="user.language" value="en" />
    <property name="sun.boot.library.path" value="C:\Program Files\Java\jdk1.6.0_26\jre\bin" />
    <property name="ant.project.default-target" value="build" />
    <property name="ant.project.name" value="RDFGears_RGL" />
    <property name="java.version" value="1.6.0_26" />
    <property name="env.PROCESSOR_IDENTIFIER" value="Intel64 Family 6 Model 42 Stepping 7, GenuineIntel" />
    <property name="user.timezone" value="" />
    <property name="env.TEMP" value="C:\Users\btodorov\AppData\Local\Temp" />
    <property name="sun.arch.data.model" value="64" />
    <property name="java.endorsed.dirs" value="C:\Program Files\Java\jdk1.6.0_26\jre\lib\endorsed" />
    <property name="env._JAVACMD" value="C:\Program Files\Java\jdk1.6.0_26\bin\java.exe" />
    <property name="sun.cpu.isalist" value="amd64" />
    <property name="env.HOMEDRIVE" value="C:" />
    <property name="sun.jnu.encoding" value="Cp1252" />
    <property name="file.encoding.pkg" value="sun.io" />
    <property name="ECLIPSE_HOME" value="../../../../opt/eclipse" />
    <property name="file.separator" value="\" />
    <property name="java.specification.name" value="Java Platform API Specification" />
    <property name="java.class.version" value="50.0" />
    <property name="user.country" value="US" />
    <property name="java.home" value="C:\Program Files\Java\jdk1.6.0_26\jre" />
    <property name="env.PSModulePath" value="C:\Windows\system32\WindowsPowerShell\v1.0\Modules\" />
    <property name="env.ANDROID_HOME" value="E:\IDE\android-sdk" />
    <property name="env.APPDATA" value="C:\Users\btodorov\AppData\Roaming" />
    <property name="env.PUBLIC" value="C:\Users\Public" />
    <property name="java.vm.info" value="mixed mode" />
    <property name="env.ComSpec" value="C:\Windows\system32\cmd.exe" />
    <property name="env.OS" value="Windows_NT" />
    <property name="env.CommonProgramFiles" value="C:\Program Files\Common Files" />
    <property name="ant.file" value="E:\Repositories\rdf-gears-warsaw\build.xml" />
    <property name="os.version" value="6.1" />
    <property name="env.ProgramW6432" value="C:\Program Files" />
    <property name="env._USE_CLASSPATH" value="no" />
    <property name="env.=::" value="::\" />
    <property name="path.separator" value=";" />
    <property name="java.vm.version" value="20.1-b02" />
    <property name="user.variant" value="" />
    <property name="env.USERPROFILE" value="C:\Users\btodorov" />
    <property name="ant.library.dir" value="E:\Programs\apache-ant-1.8.2\lib" />
    <property name="junit.output.dir" value="junit" />
    <property name="env.JAVA_HOME" value="C:\Program Files\Java\jdk1.6.0_26" />
    <property name="java.awt.printerjob" value="sun.awt.windows.WPrinterJob" />
    <property name="env.TMP" value="C:\Users\btodorov\AppData\Local\Temp" />
    <property name="sun.io.unicode.encoding" value="UnicodeLittle" />
    <property name="awt.toolkit" value="sun.awt.windows.WToolkit" />
    <property name="user.home" value="C:\Users\btodorov" />
    <property name="target" value="1.6" />
    <property name="env.ProgramData" value="C:\ProgramData" />
    <property name="env.SESSIONNAME" value="Console" />
    <property name="env.ProgramFiles(x86)" value="C:\Program Files (x86)" />
    <property name="java.specification.vendor" value="Sun Microsystems Inc." />
    <property name="java.library.path" value="C:\Program Files\Java\jdk1.6.0_26\jre\bin;C:\Windows\Sun\Java\bin;C:\Windows\system32;C:\Windows;C:\Program Files\MiKTeX 2.9\miktex\bin\x64;C:\Windows\system32;C:\Windows;C:\Windows\System32\Wbem;C:\Windows\System32\WindowsPowerShell\v1.0\;C:\Program Files\MySQL\MySQL Server 5.5\bin;C:\MinGW;E:\Programs\apache-ant-1.8.2\bin;C:\Program Files\Java\jdk1.6.0_26;E:\PATH;C:\Program Files\Java\jdk1.6.0_26\bin;E:\Programs\apache-maven-3.0.4\bin;C:\Program Files\TortoiseHg\;C:\Program Files\TortoiseSVN\bin;C:\Program Files (x86)\Mercurial;C:\Program Files (x86)\Git\bin;." />
    <property name="env.NUMBER_OF_PROCESSORS" value="4" />
    <property name="java.vendor.url" value="http://java.sun.com/" />
    <property name="java.vm.vendor" value="Sun Microsystems Inc." />
    <property name="java.runtime.name" value="Java(TM) SE Runtime Environment" />
    <property name="env.=E:" value="E:\Repositories\rdf-gears-warsaw" />
    <property name="ant.version" value="Apache Ant(TM) version 1.8.2 compiled on December 20 2010" />
    <property name="sun.java.command" value="org.apache.tools.ant.taskdefs.optional.junit.JUnitTestRunner nl.tudelft.rdfgears.tests.TestWorkflow filtertrace=true haltOnError=false haltOnFailure=false formatter=org.apache.tools.ant.taskdefs.optional.junit.OutErrSummaryJUnitResultFormatter showoutput=false outputtoformatters=true logfailedtests=true logtestlistenerevents=false formatter=org.apache.tools.ant.taskdefs.optional.junit.XMLJUnitResultFormatter,E:\Repositories\rdf-gears-warsaw\junit\TEST-nl.tudelft.rdfgears.tests.TestWorkflow.xml crashfile=E:\Repositories\rdf-gears-warsaw\junitvmwatcher4801432228897233364.properties propsfile=E:\Repositories\rdf-gears-warsaw\junit7937245382001948915.properties" />
    <property name="java.class.path" value="E:\Repositories\rdf-gears-warsaw\bin;E:\Repositories\rdf-gears-warsaw\lib\junit-4.8.2.jar;E:\Repositories\rdf-gears-warsaw\lib\jena-2.6.4.jar;E:\Repositories\rdf-gears-warsaw\lib\icu4j-3.4.4.jar;E:\Repositories\rdf-gears-warsaw\lib\iri-0.8.jar;E:\Repositories\rdf-gears-warsaw\lib\log4j-1.2.14.jar;E:\Repositories\rdf-gears-warsaw\lib\lucene-core-2.3.1.jar;E:\Repositories\rdf-gears-warsaw\lib\slf4j-api-1.5.8.jar;E:\Repositories\rdf-gears-warsaw\lib\slf4j-log4j12-1.5.8.jar;E:\Repositories\rdf-gears-warsaw\lib\stax-api-1.0.1.jar;E:\Repositories\rdf-gears-warsaw\lib\wstx-asl-3.2.9.jar;E:\Repositories\rdf-gears-warsaw\lib\xercesImpl-2.7.1.jar;E:\Repositories\rdf-gears-warsaw\lib\arq-2.8.7.jar;E:\Repositories\rdf-gears-warsaw\lib\tdb-0.8.10.jar;E:\Repositories\rdf-gears-warsaw\lib\jewelcli-0.6.jar;E:\Repositories\rdf-gears-warsaw\lib\servlet-api-2.5.jar;E:\Repositories\rdf-gears-warsaw\lib\stax-utils.jar;E:\Repositories\rdf-gears-warsaw\lib\je-4.1.10.jar;E:\Repositories\rdf-gears-warsaw\lib\jcs-1.3.jar;E:\Repositories\rdf-gears-warsaw\lib\jetty-all-7.0.2.v20100331.jar;E:\Programs\apache-ant-1.8.2\lib\ant-launcher.jar;E:\Programs\apache-ant-1.8.2\lib\ant.jar;E:\Programs\apache-ant-1.8.2\lib\ant-junit.jar;E:\Programs\apache-ant-1.8.2\lib\ant-junit4.jar" />
    <property name="java.vm.specification.name" value="Java Virtual Machine Specification" />
    <property name="ant.file.type" value="file" />
    <property name="env.LOGONSERVER" value="\\BTODOROV-PC" />
    <property name="env.windir" value="C:\Windows" />
    <property name="java.vm.specification.version" value="1.0" />
    <property name="env.PROCESSOR_ARCHITECTURE" value="AMD64" />
    <property name="sun.os.patch.level" value="Service Pack 1" />
    <property name="sun.cpu.endian" value="little" />
    <property name="debuglevel" value="source,lines,vars" />
    <property name="env.ProgramFiles" value="C:\Program Files" />
    <property name="env.ANT_HOME" value="E:\Programs\apache-ant-1.8.2\bin\.." />
    <property name="env.PROCESSOR_REVISION" value="2a07" />
    <property name="java.io.tmpdir" value="C:\Users\btodorov\AppData\Local\Temp\" />
    <property name="env.VBOX_INSTALL_PATH" value="C:\Program Files\Oracle\VirtualBox\" />
    <property name="env.CommonProgramFiles(x86)" value="C:\Program Files (x86)\Common Files" />
    <property name="java.vendor.url.bug" value="http://java.sun.com/cgi-bin/bugreport.cgi" />
    <property name="env.SystemRoot" value="C:\Windows" />
    <property name="java.awt.graphicsenv" value="sun.awt.Win32GraphicsEnvironment" />
    <property name="os.arch" value="amd64" />
    <property name="env.ANT_CMD_LINE_ARGS" value=" Test" />
    <property name="java.ext.dirs" value="C:\Program Files\Java\jdk1.6.0_26\jre\lib\ext;C:\Windows\Sun\Java\lib\ext" />
    <property name="env.LOCALAPPDATA" value="C:\Users\btodorov\AppData\Local" />
    <property name="user.dir" value="E:\Repositories\rdf-gears-warsaw" />
    <property name="line.separator" value="&#xd;&#xa;" />
    <property name="java.vm.name" value="Java HotSpot(TM) 64-Bit Server VM" />
    <property name="env.PATHEXT" value=".COM;.EXE;.BAT;.CMD;.VBS;.VBE;.JS;.JSE;.WSF;.WSH;.MSC" />
    <property name="env.Path" value="C:\Program Files\MiKTeX 2.9\miktex\bin\x64;C:\Windows\system32;C:\Windows;C:\Windows\System32\Wbem;C:\Windows\System32\WindowsPowerShell\v1.0\;C:\Program Files\MySQL\MySQL Server 5.5\bin;C:\MinGW;E:\Programs\apache-ant-1.8.2\bin;C:\Program Files\Java\jdk1.6.0_26;E:\PATH;C:\Program Files\Java\jdk1.6.0_26\bin;E:\Programs\apache-maven-3.0.4\bin;C:\Program Files\TortoiseHg\;C:\Program Files\TortoiseSVN\bin;C:\Program Files (x86)\Mercurial;C:\Program Files (x86)\Git\bin" />
    <property name="basedir" value="E:\Repositories\rdf-gears-warsaw" />
    <property name="ant.java.version" value="1.6" />
    <property name="ant.core.lib" value="E:\Programs\apache-ant-1.8.2\lib\ant.jar" />
    <property name="env.USERNAME" value="btodorov" />
    <property name="source" value="1.6" />
    <property name="env.SystemDrive" value="C:" />
    <property name="file.encoding" value="Cp1252" />
    <property name="env.VS100COMNTOOLS" value="C:\Program Files (x86)\Microsoft Visual Studio 10.0\Common7\Tools\" />
    <property name="env.USERDOMAIN" value="btodorov-PC" />
    <property name="java.specification.version" value="1.6" />
    <property name="env.=C:" value="C:\Users\btodorov" />
    <property name="ant.project.invoked-targets" value="Test" />
    <property name="env.PROCESSOR_LEVEL" value="6" />
  </properties>
  <testcase classname="nl.tudelft.rdfgears.tests.TestWorkflow" name="testWorkflowLoader" time="3.397">
    <error message="Error in remote query execution, QueryExceptionHTTP for query: &#xa;PREFIX  rdfs: &lt;http://www.w3.org/2000/01/rdf-schema#&gt;&#xa;PREFIX  rdf:  &lt;http://www.w3.org/1999/02/22-rdf-syntax-ns#&gt;&#xa;PREFIX  movie: &lt;http://data.linkedmdb.org/resource/movie/&gt;&#xa;&#xa;SELECT DISTINCT  ?dir ?label ?dir_name&#xa;WHERE&#xa;  { ?dir rdf:type movie:director .&#xa;    ?dir movie:director_name ?dir_name .&#xa;    ?dir rdfs:label ?label&#xa;  }&#xa;LIMIT   2&#xa;&#xa;The server responded: HttpException: 500 rethrew_javalangNullPointerException --- &lt;html&gt;&lt;head&gt;&lt;meta http-equiv=&quot;Content-Type&quot; content=&quot;text/html; charset=ISO-8859-1&quot;/&gt;&lt;title&gt;Error 500 &lt;/title&gt;&lt;/head&gt;&lt;body&gt;&lt;h2&gt;HTTP ERROR: 500&lt;/h2&gt;&lt;pre&gt;rethrew: java.lang.NullPointerException&lt;/pre&gt;&lt;p&gt;RequestURI=/sparql&lt;/p&gt;&lt;p&gt;&lt;i&gt;&lt;small&gt;&lt;a href=&quot;http://jetty.mortbay.org/&quot;&gt;Powered by Jetty://&lt;/a&gt;&lt;/small&gt;&lt;/i&gt;&lt;/p&gt;&lt;br/&gt;                                                &lt;br/&gt;                                                &lt;br/&gt;                                                &lt;br/&gt;                                                &lt;br/&gt;                                                &lt;br/&gt;                                                &lt;br/&gt;                                                &lt;br/&gt;                                                &lt;br/&gt;                                                &lt;br/&gt;                                                &lt;br/&gt;                                                &lt;br/&gt;                                                &lt;br/&gt;                                                &lt;br/&gt;                                                &lt;br/&gt;                                                &lt;br/&gt;                                                &lt;br/&gt;                                                &lt;br/&gt;                                                &lt;br/&gt;                                                &lt;br/&gt;                                                &lt;/body&gt;&lt;/html&gt;" type="java.lang.RuntimeException">java.lang.RuntimeException: Error in remote query execution, QueryExceptionHTTP for query: 
PREFIX  rdfs: &lt;http://www.w3.org/2000/01/rdf-schema#&gt;
PREFIX  rdf:  &lt;http://www.w3.org/1999/02/22-rdf-syntax-ns#&gt;
PREFIX  movie: &lt;http://data.linkedmdb.org/resource/movie/&gt;

SELECT DISTINCT  ?dir ?label ?dir_name
WHERE
  { ?dir rdf:type movie:director .
    ?dir movie:director_name ?dir_name .
    ?dir rdfs:label ?label
  }
LIMIT   2

The server responded: HttpException: 500 rethrew_javalangNullPointerException --- &lt;html&gt;&lt;head&gt;&lt;meta http-equiv=&quot;Content-Type&quot; content=&quot;text/html; charset=ISO-8859-1&quot;/&gt;&lt;title&gt;Error 500 &lt;/title&gt;&lt;/head&gt;&lt;body&gt;&lt;h2&gt;HTTP ERROR: 500&lt;/h2&gt;&lt;pre&gt;rethrew: java.lang.NullPointerException&lt;/pre&gt;&lt;p&gt;RequestURI=/sparql&lt;/p&gt;&lt;p&gt;&lt;i&gt;&lt;small&gt;&lt;a href=&quot;http://jetty.mortbay.org/&quot;&gt;Powered by Jetty://&lt;/a&gt;&lt;/small&gt;&lt;/i&gt;&lt;/p&gt;&lt;br/&gt;                                                &lt;br/&gt;                                                &lt;br/&gt;                                                &lt;br/&gt;                                                &lt;br/&gt;                                                &lt;br/&gt;                                                &lt;br/&gt;                                                &lt;br/&gt;                                                &lt;br/&gt;                                                &lt;br/&gt;                                                &lt;br/&gt;                                                &lt;br/&gt;                                                &lt;br/&gt;                                                &lt;br/&gt;                                                &lt;br/&gt;                                                &lt;br/&gt;                                                &lt;br/&gt;                                                &lt;br/&gt;                                                &lt;br/&gt;                                                &lt;br/&gt;                                                &lt;/body&gt;&lt;/html&gt;
	at nl.tudelft.rdfgears.rgl.function.sparql.RemoteSelectBehavior$BatchedRemoteQueryingBagValue$RemoteQueryIter.fillBuffer(RemoteSelectBehavior.java:364)
	at nl.tudelft.rdfgears.rgl.function.sparql.RemoteSelectBehavior$BatchedRemoteQueryingBagValue$RemoteQueryIter.&lt;init&gt;(RemoteSelectBehavior.java:186)
	at nl.tudelft.rdfgears.rgl.function.sparql.RemoteSelectBehavior$BatchedRemoteQueryingBagValue.getStreamingBagIterator(RemoteSelectBehavior.java:143)
	at nl.tudelft.rdfgears.rgl.function.sparql.RemoteSelectBehavior$BatchedRemoteQueryingBagValue.getFirstStreamingBagIterator(RemoteSelectBehavior.java:393)
	at nl.tudelft.rdfgears.rgl.datamodel.value.StreamingBagValue.iterator(StreamingBagValue.java:33)
	at nl.tudelft.rdfgears.rgl.function.sparql.RemoteSelectBehavior.simpleExecute(RemoteSelectBehavior.java:62)
	at nl.tudelft.rdfgears.rgl.function.sparql.SPARQLFunction.simpleExecute(SPARQLFunction.java:127)
	at nl.tudelft.rdfgears.rgl.function.SimplyTypedRGLFunction.executeImpl(SimplyTypedRGLFunction.java:123)
	at nl.tudelft.rdfgears.rgl.function.AtomicRGLFunction.execute(AtomicRGLFunction.java:11)
	at nl.tudelft.rdfgears.rgl.workflow.LazyRGLValue.evaluate(LazyRGLValue.java:91)
	at nl.tudelft.rdfgears.rgl.workflow.LazyRGLValue.asBag(LazyRGLValue.java:126)
	at nl.tudelft.rdfgears.rgl.workflow.DiskValueRowIterator.resetBagIterator(DiskValueRowIterator.java:31)
	at nl.tudelft.rdfgears.rgl.workflow.AbstractValueRowIterator.&lt;init&gt;(AbstractValueRowIterator.java:106)
	at nl.tudelft.rdfgears.rgl.workflow.AbstractValueRowIterator.&lt;init&gt;(AbstractValueRowIterator.java:60)
	at nl.tudelft.rdfgears.rgl.workflow.DiskValueRowIterator.&lt;init&gt;(DiskValueRowIterator.java:21)
	at nl.tudelft.rdfgears.engine.valuefactory.DiskValueFactory.createValueRowIterator(DiskValueFactory.java:91)
	at nl.tudelft.rdfgears.engine.ValueFactory.createValueRowIterator(ValueFactory.java:225)
	at nl.tudelft.rdfgears.rgl.datamodel.value.impl.MappingBagValue$MappingIterator.&lt;init&gt;(MappingBagValue.java:39)
	at nl.tudelft.rdfgears.rgl.datamodel.value.impl.MappingBagValue.getStreamingBagIterator(MappingBagValue.java:100)
	at nl.tudelft.rdfgears.rgl.datamodel.value.StreamingBagValue.iterator(StreamingBagValue.java:43)
	at nl.tudelft.rdfgears.rgl.function.standard.FilterFunction$FilteringBagValue$FilterIterator.&lt;init&gt;(FilterFunction.java:227)
	at nl.tudelft.rdfgears.rgl.function.standard.FilterFunction$FilteringBagValue.getStreamingBagIterator(FilterFunction.java:200)
	at nl.tudelft.rdfgears.rgl.datamodel.value.StreamingBagValue.iterator(StreamingBagValue.java:43)
	at nl.tudelft.rdfgears.rgl.datamodel.value.OrderedBagValue.iteratorAt(OrderedBagValue.java:43)
	at nl.tudelft.rdfgears.rgl.datamodel.value.StreamingBagValue.iteratorAt(StreamingBagValue.java:59)
	at nl.tudelft.rdfgears.rgl.datamodel.value.OrderedBagValue$OrderedBagIterator.&lt;init&gt;(OrderedBagValue.java:58)
	at nl.tudelft.rdfgears.rgl.datamodel.value.OrderedBagValue.renewableIterator(OrderedBagValue.java:38)
	at nl.tudelft.rdfgears.rgl.datamodel.value.idvalues.IdRenewableIterator.hasNext(IdRenewablyIterableBag.java:79)
	at nl.tudelft.rdfgears.rgl.workflow.AbstractValueRowIterator.&lt;init&gt;(AbstractValueRowIterator.java:107)
	at nl.tudelft.rdfgears.rgl.workflow.AbstractValueRowIterator.&lt;init&gt;(AbstractValueRowIterator.java:60)
	at nl.tudelft.rdfgears.rgl.workflow.DiskValueRowIterator.&lt;init&gt;(DiskValueRowIterator.java:21)
	at nl.tudelft.rdfgears.engine.valuefactory.DiskValueFactory.createValueRowIterator(DiskValueFactory.java:91)
	at nl.tudelft.rdfgears.engine.ValueFactory.createValueRowIterator(ValueFactory.java:225)
	at nl.tudelft.rdfgears.rgl.datamodel.value.impl.MappingBagValue$MappingIterator.&lt;init&gt;(MappingBagValue.java:39)
	at nl.tudelft.rdfgears.rgl.datamodel.value.impl.MappingBagValue.getStreamingBagIterator(MappingBagValue.java:100)
	at nl.tudelft.rdfgears.rgl.datamodel.value.StreamingBagValue.iterator(StreamingBagValue.java:43)
	at nl.tudelft.rdfgears.rgl.datamodel.value.visitors.ValueSerializerInformal.visit(ValueSerializerInformal.java:62)
	at nl.tudelft.rdfgears.rgl.datamodel.value.BagValue.accept(BagValue.java:42)
	at nl.tudelft.rdfgears.rgl.datamodel.value.visitors.ValueSerializerInformal.serialize(ValueSerializerInformal.java:49)
	at nl.tudelft.rdfgears.tests.TestWorkflow.testWorkflowLoader(TestWorkflow.java:52)
</error>
  </testcase>
  <testcase classname="nl.tudelft.rdfgears.tests.TestWorkflow" name="testMistypedIteration" time="0.044" />
  <system-out><![CDATA[
================ workflow result silkExOk/queries: 
]]></system-out>
  <system-err><![CDATA[ERROR [main] (Config.java:74) - Cannot open configuration file './rdfgears.config' for reading
 INFO [main] (Engine.java:80) - Initialized logger to level INFO
 INFO [main] (DiskValueFactory.java:48) - DiskValueFactory
 INFO [main] (FilterFunction.java:95) - RGL_VALUE_4 class nl.tudelft.rdfgears.rgl.datamodel.value.impl.MappingBagValue
 INFO [main] (OrderedBagValue.java:42) - iteratorAt(0)
PREFIX  rdfs: <http://www.w3.org/2000/01/rdf-schema#>
PREFIX  rdf:  <http://www.w3.org/1999/02/22-rdf-syntax-ns#>
PREFIX  movie: <http://data.linkedmdb.org/resource/movie/>

SELECT DISTINCT  ?dir ?label ?dir_name
WHERE {
  ?dir rdf:type movie:director .
  ?dir movie:director_name ?dir_name .
  ?dir rdfs:label ?label
  } 
LIMIT 2
 INFO [main] (RemoteSelectBehavior.java:339) - Executing remote query on http://data.linkedmdb.org/sparql
PREFIX  rdfs: <http://www.w3.org/2000/01/rdf-schema#>
PREFIX  rdf:  <http://www.w3.org/1999/02/22-rdf-syntax-ns#>
PREFIX  movie: <http://data.linkedmdb.org/resource/movie/>

SELECT DISTINCT  ?dir ?label ?dir_name
WHERE
  { ?dir rdf:type movie:director .
    ?dir movie:director_name ?dir_name .
    ?dir rdfs:label ?label
  }
LIMIT   2

 WARN [main] (RemoteSelectBehavior.java:368) - Error in remote query execution, QueryExceptionHTTP for query: 
PREFIX  rdfs: <http://www.w3.org/2000/01/rdf-schema#>
PREFIX  rdf:  <http://www.w3.org/1999/02/22-rdf-syntax-ns#>
PREFIX  movie: <http://data.linkedmdb.org/resource/movie/>

SELECT DISTINCT  ?dir ?label ?dir_name
WHERE
  { ?dir rdf:type movie:director .
    ?dir movie:director_name ?dir_name .
    ?dir rdfs:label ?label
  }
LIMIT   2

The server responded: HttpException: 500 rethrew_javalangNullPointerException --- <html><head><meta http-equiv="Content-Type" content="text/html; charset=ISO-8859-1"/><title>Error 500 </title></head><body><h2>HTTP ERROR: 500</h2><pre>rethrew: java.lang.NullPointerException</pre><p>RequestURI=/sparql</p><p><i><small><a href="http://jetty.mortbay.org/">Powered by Jetty://</a></small></i></p><br/>                                                <br/>                                                <br/>                                                <br/>                                                <br/>                                                <br/>                                                <br/>                                                <br/>                                                <br/>                                                <br/>                                                <br/>                                                <br/>                                                <br/>                                                <br/>                                                <br/>                                                <br/>                                                <br/>                                                <br/>                                                <br/>                                                <br/>                                                </body></html>
 WARN [main] (RemoteSelectBehavior.java:369) - I will attempt a retry (1/3) in 1000 ms
 INFO [main] (RemoteSelectBehavior.java:339) - Executing remote query on http://data.linkedmdb.org/sparql
PREFIX  rdfs: <http://www.w3.org/2000/01/rdf-schema#>
PREFIX  rdf:  <http://www.w3.org/1999/02/22-rdf-syntax-ns#>
PREFIX  movie: <http://data.linkedmdb.org/resource/movie/>

SELECT DISTINCT  ?dir ?label ?dir_name
WHERE
  { ?dir rdf:type movie:director .
    ?dir movie:director_name ?dir_name .
    ?dir rdfs:label ?label
  }
LIMIT   2

 WARN [main] (RemoteSelectBehavior.java:368) - Error in remote query execution, QueryExceptionHTTP for query: 
PREFIX  rdfs: <http://www.w3.org/2000/01/rdf-schema#>
PREFIX  rdf:  <http://www.w3.org/1999/02/22-rdf-syntax-ns#>
PREFIX  movie: <http://data.linkedmdb.org/resource/movie/>

SELECT DISTINCT  ?dir ?label ?dir_name
WHERE
  { ?dir rdf:type movie:director .
    ?dir movie:director_name ?dir_name .
    ?dir rdfs:label ?label
  }
LIMIT   2

The server responded: HttpException: 500 rethrew_javalangNullPointerException --- <html><head><meta http-equiv="Content-Type" content="text/html; charset=ISO-8859-1"/><title>Error 500 </title></head><body><h2>HTTP ERROR: 500</h2><pre>rethrew: java.lang.NullPointerException</pre><p>RequestURI=/sparql</p><p><i><small><a href="http://jetty.mortbay.org/">Powered by Jetty://</a></small></i></p><br/>                                                <br/>                                                <br/>                                                <br/>                                                <br/>                                                <br/>                                                <br/>                                                <br/>                                                <br/>                                                <br/>                                                <br/>                                                <br/>                                                <br/>                                                <br/>                                                <br/>                                                <br/>                                                <br/>                                                <br/>                                                <br/>                                                <br/>                                                </body></html>
 WARN [main] (RemoteSelectBehavior.java:369) - I will attempt a retry (2/3) in 1000 ms
 INFO [main] (RemoteSelectBehavior.java:339) - Executing remote query on http://data.linkedmdb.org/sparql
PREFIX  rdfs: <http://www.w3.org/2000/01/rdf-schema#>
PREFIX  rdf:  <http://www.w3.org/1999/02/22-rdf-syntax-ns#>
PREFIX  movie: <http://data.linkedmdb.org/resource/movie/>

SELECT DISTINCT  ?dir ?label ?dir_name
WHERE
  { ?dir rdf:type movie:director .
    ?dir movie:director_name ?dir_name .
    ?dir rdfs:label ?label
  }
LIMIT   2

]]></system-err>
</testsuite>
